<!DOCTYPE html>
<html lang="en">
  <head>
        <meta http-equiv="X-UA-Compatible" content="IE=Edge"/>
        <title>Fonet PostgreSQL Explain Visualizer</title>
        <meta charset="utf-8" />
        <link rel="shortcut icon" href="../favicon.ico" />
        <link rel="stylesheet" type="text/css" href="css/skymon.default.css" />
        <link rel="stylesheet" type="text/css" href="css/skymon.color.css" />
        <link rel="stylesheet" type="text/css" href="css/skymon.report.css" />
        <link rel="stylesheet" type="text/css" href="css/tablesorter.css"/ >
        <link rel="stylesheet" type="text/css" href="css/select2.css"/ >
<body class="originalblue">
<div id="message-global-wrap"><div id="message-global"></div></div>
<table class="maxwidth page_header" cellspacing="0" cellpadding="5"><tr><td class="page_header_l"><a class="image" href="https://foneteye.fonetyazilim.com/assets/img/fonetbt_logo.png" target="_blank"><div class="skymon_logo">&nbsp;</div></a></td><td class="maxwidth page_header_r">&nbsp;</td></tr></table>
    <meta charset="UTF-8" />
    <link rel="shortcut icon" href="data:image/png;base64,iVBORw0KGgoAAAANSUhEUgAAADAAAAAwCAYAAABXAvmHAAAABHNCSVQICAgIfAhkiAAAAAlwSFlzAAAC1QAAAtUBwMJvJQAAABl0RVh0U29mdHdhcmUAd3d3Lmlua3NjYXBlLm9yZ5vuPBoAAAf5SURBVGiB7Zp7UFT3Fcc/v3vv8kaQgA8CEmtE8ZEYiVETjS+UkUcm09FM0rE2iRPttOOjY60WbLwNQoI6I9HONNo2rbZpxmo7RkBH8Z34qJpEx2cdoxHREZ8gu+yyu9xf/4BddoFdFlzTOu33r7vnd37nnO+9v9c5vxUEGfp4PcwWpb1pSDFTQBqAhPNCig3h9fYN+n7dFkx/IpjGFucsz0WKEuB7PlSqEOQXl+X9GYQMhs+gEPhFdkGaQFkNZAbkVHJAKur84rIlpx7W90MR+FmmHhdqClkmpfwpoLrkIWEhjJs2iuEThgLw1b7THNhyFLvN7tndEEJ+oihiUdG2/OquxtAlArPT15niet15S0IhEO82JmDIS2lkz5pEbEI3rz5198xU/PVzju88iZReo6dGwAcWI7pk7Y55DY+cwJLsggwDZbWAIZ7ypP69yZ09mZS0JL/9r1+6ybb1u7h6rqp100VDioUrt+eVdSaegAksyinor0i1EOR0T3m3uCgyfjCWEZnDECIwc1LCmUPn2f7xXu7fqm0d0m4U54Li0nfPBmKrQ4/6dD3KZjX9XEqWAKEuuaqpjMoazpQfjiM0PCSgwFvD0eDgwN+PcmDLERx2p1eTEOK3Ns2+rGSrXtMlArquK9YTphlIVgA9PdvSXuhP7uzJxPWK7VLgrVF7p46dG/fz9b7TeE8P7iF473J4/99s3vxaY3t92yWwKLtorIJcAwzzlPdIjifnnQxSh/ta5h8Ol89UUra+ghuX2yxKJw3EvJXleZ+3bmhDYHF20bsglwGKSxYRHc6kN8YwOud5FMX/qLOabVRfvY3R6lUqQtAzJYHwqDC//aWUfL3vLNs/3oO5xuLZZEjQV5TnF/gksDiraA5CfuT6rWoK6RnPkjlzHJHdIvw6djnf8cd91NdZ222PiA5n6lsTAprsVouN/ZuPcOizYzgdLaNHwJwPyvPXtyGg5+oRVsNUBXQHSElLYtr8bBKSnujQmQt2m51t6yr86rwyZzIhYYFP+ttVd9lcUkblhesuUU2jIyRp1a5FFvAYJjap5bqCj03oxqyC1zsV/KNCQtITzCp4g5h498YYq5kaslw/3ASkVAa4ngePHtCpt/SoERoewuDRqe7fBmKg61lpUTOiXU9hEaH8tyE8smXyC6T7cyjtaj9GCCoB1aShqL5NKqqCatKC6ZKgWlNVhRFTnuXquSoMQ3Lr2h2gaQNUFEHKoCRUPwS7guC+DiA5NZHk1EQMQ/KPtdsBGPPqCx1ugF3FYz8HuvwFzLX1OBocPtul0XKUqLlVi/DzBUJCTUTGdLzTt4cuEThRcYpv2yYkPrF306EOdfoOTiY945lOx9JpAubaer49V4WiKv4PZhIsD+oBms5RfqaA1WzjytlrDBzxdKe/RKcJOJoT86jYSKbMeNmnnuckzvzReL+TeNdfDvLgbh12m73TBP53JrGUEqvZhtXcVFgzGg0stfVoIVqblNJqseG0txyBm/RUr+MAwP1bNVhqrdQ/sNJgtXPz6m1sVjs9+8SjKIG924AIOB1O9m46zIO7dW6ZucbCjj/tA2DQqFQGjewPwOHSE20yqp0b9wPwZL9ejM5JB+DTFVs5dfCcl97pL84DEBkTwcKPfkxEtP/kBwIcQvdv1XoF3xquEomjwdleOujG9W9uupP3iycu+9Sz1NZz8ctLgYQWGAHPNb3d9ub0UUojAFtNOkYHuk5nuzl8Gzz2k/j/BP7TaCEgFXeNr3VVoaMlzbVJBbL0uXT85Q0Amua9QJpr6z2t3Hc/uR6EYrhrkacPXfAi0b1XLPGJcT6D7zfsqSanIRpPDU5ut2wihKDv4GS0kKbAnhk7yOcBL65nDGnNyzI0HUnOHvlXi4JsidVtYe7UNaERqrkSKXsA9OgTz7R52fQZ+KS7n9PubFOw0jS1zdtsdDbS2Oi9yqiqgqqpXjK7zYHV4n3jpGmq13Gi8sJ1tnxY7k6OgOrwCEcffbNu9yIAsCR7+XSJ+JubXXO9P+vtiXTvEcN3iQf3zOxue58gpRCvrSjL2+KOsXXH5urch3hUok2hJl7MfZ5Jr7/0yMstDruTw9uOs3fTIRqsXjc6DQgxt7gs73eewnYHYV524ZBGKAEmecpj4qPJnDmB5yYMIcCrgE7h/LFLlK7bxb3qNhX1PSosKCrPP9O6wW8YzbeOq4F+nvLkAYm8MnsKyQMSHzpogBuXqyldX8GVM5Vecim5JhSWFpflb/TVt8P3ODt9nal77zs/QfIe4C4oCSF4bsIQst6eSFRsZJcCr6+zsufTLzhSdgLD+7hiEYJVYWbHBx3dKwc8EPIyC3s7NXQBs2h1I/ny90cyfvqLaCbVj4UWNDoNjm7/kopPDmKzeN3rSRBbNM1YWPjZ0muB2OrCJd/76RKjBBjjKY9PjCNz5jiGjknz2//SySuUrt9NdeVt7wbJcUUR898vyzvSmXi6PBUX5yzPFVKslZDiKX96WF9y38mgZ0qCl/6d6/co/8Nuzh9rc0y+IeDXYSMcv9d1vePjbCs81Fqi5+oRNsM0V8JSIMolVzWFkVOHM3zi0OYblzP8c8dXNDq94rNKWIOqFa7Ytth3stEBgvNXg6nFSYrqKJJSzAjEphCyzCnkvFWlv7rysL6Dupr/MqtopKHIEiSjfKicNBSxYGVp3oFg+Qz6dqTrulJ/PORVIeWbCAYBIDknkBu+iUzd6uu6tKv4N+243iwIA9v6AAAAAElFTkSuQmCC" />
    <meta name="viewport" content="width=device-width, initial-scale=1.0" />
    <title>Fonet Postgres EXPLAIN Visualizer</title>
    <script type="module" crossorigin>
(function(){const t=document.createElement("link").relList;if(t&&t.supports&&t.supports("modulepreload"))return;for(const i of document.querySelectorAll('link[rel="modulepreload"]'))r(i);new MutationObserver(i=>{for(const s of i)if(s.type==="childList")for(const l of s.addedNodes)l.tagName==="LINK"&&l.rel==="modulepreload"&&r(l)}).observe(document,{childList:!0,subtree:!0});function n(i){const s={};return i.integrity&&(s.integrity=i.integrity),i.referrerPolicy&&(s.referrerPolicy=i.referrerPolicy),i.crossOrigin==="use-credentials"?s.credentials="include":i.crossOrigin==="anonymous"?s.credentials="omit":s.credentials="same-origin",s}function r(i){if(i.ep)return;i.ep=!0;const s=n(i);fetch(i.href,s)}})();function Ih(e,t){const n=Object.create(null),r=e.split(",");for(let i=0;i<r.length;i++)n[r[i]]=!0;return t?i=>!!n[i.toLowerCase()]:i=>!!n[i]}function Bt(e){if(st(e)){const t={};for(let n=0;n<e.length;n++){const r=e[n],i=qt(r)?cw(r):Bt(r);if(i)for(const s in i)t[s]=i[s]}return t}else{if(qt(e))return e;if(Ft(e))return e}}const sw=/;(?![^(]*\))/g,ow=/:([^]+)/,lw=/\/\*.*?\*\//gs;function cw(e){const t={};return e.replace(lw,"").split(sw).forEach(n=>{if(n){const r=n.split(ow);r.length>1&&(t[r[0].trim()]=r[1].trim())}}),t}function Ie(e){let t="";if(qt(e))t=e;else if(st(e))for(let n=0;n<e.length;n++){const r=Ie(e[n]);r&&(t+=r+" ")}else if(Ft(e))for(const n in e)e[n]&&(t+=n+" ");return t.trim()}const uw="itemscope,allowfullscreen,formnovalidate,ismap,nomodule,novalidate,readonly",dw=Ih(uw);function Nv(e){return!!e||e===""}const Le=e=>qt(e)?e:e==null?"":st(e)||Ft(e)&&(e.toString===Iv||!lt(e.toString))?JSON.stringify(e,Cv,2):String(e),Cv=(e,t)=>t&&t.__v_isRef?Cv(e,t.value):ys(t)?{[`Map(${t.size})`]:[...t.entries()].reduce((n,[r,i])=>(n[`${r} =>`]=i,n),{})}:xv(t)?{[`Set(${t.size})`]:[...t.values()]}:Ft(t)&&!st(t)&&!kv(t)?String(t):t,Dt={},Os=[],Nr=()=>{},fw=()=>!1,pw=/^on[^a-z]/,Vu=e=>pw.test(e),kh=e=>e.startsWith("onUpdate:"),Rn=Object.assign,Bh=(e,t)=>{const n=e.indexOf(t);n>-1&&e.splice(n,1)},hw=Object.prototype.hasOwnProperty,gt=(e,t)=>hw.call(e,t),st=Array.isArray,ys=e=>zu(e)==="[object Map]",xv=e=>zu(e)==="[object Set]",lt=e=>typeof e=="function",qt=e=>typeof e=="string",Ph=e=>typeof e=="symbol",Ft=e=>e!==null&&typeof e=="object",wv=e=>Ft(e)&&lt(e.then)&&lt(e.catch),Iv=Object.prototype.toString,zu=e=>Iv.call(e),_w=e=>zu(e).slice(8,-1),kv=e=>zu(e)==="[object Object]",Dh=e=>qt(e)&&e!=="NaN"&&e[0]!=="-"&&""+parseInt(e,10)===e,qc=Ih(",key,ref,ref_for,ref_key,onVnodeBeforeMount,onVnodeMounted,onVnodeBeforeUpdate,onVnodeUpdated,onVnodeBeforeUnmount,onVnodeUnmounted"),Gu=e=>{const t=Object.create(null);return n=>t[n]||(t[n]=e(n))},mw=/-(\w)/g,qr=Gu(e=>e.replace(mw,(t,n)=>n?n.toUpperCase():"")),Ew=/\B([A-Z])/g,eo=Gu(e=>e.replace(Ew,"-$1").toLowerCase()),Ku=Gu(e=>e.charAt(0).toUpperCase()+e.slice(1)),Wf=Gu(e=>e?`on${Ku(e)}`:""),Yo=(e,t)=>!Object.is(e,t),jc=(e,t)=>{for(let n=0;n<e.length;n++)e[n](t)},du=(e,t,n)=>{Object.defineProperty(e,t,{configurable:!0,enumerable:!1,value:n})},fu=e=>{const t=parseFloat(e);return isNaN(t)?e:t};let NE;const gw=()=>NE||(NE=typeof globalThis<"u"?globalThis:typeof self<"u"?self:typeof window<"u"?window:typeof global<"u"?global:{});let Hr;class vw{constructor(t=!1){this.detached=t,this.active=!0,this.effects=[],this.cleanups=[],this.parent=Hr,!t&&Hr&&(this.index=(Hr.scopes||(Hr.scopes=[])).push(this)-1)}run(t){if(this.active){const n=Hr;try{return Hr=this,t()}finally{Hr=n}}}on(){Hr=this}off(){Hr=this.parent}stop(t){if(this.active){let n,r;for(n=0,r=this.effects.length;n<r;n++)this.effects[n].stop();for(n=0,r=this.cleanups.length;n<r;n++)this.cleanups[n]();if(this.scopes)for(n=0,r=this.scopes.length;n<r;n++)this.scopes[n].stop(!0);if(!this.detached&&this.parent&&!t){const i=this.parent.scopes.pop();i&&i!==this&&(this.parent.scopes[this.index]=i,i.index=this.index)}this.parent=void 0,this.active=!1}}}function Tw(e,t=Hr){t&&t.active&&t.effects.push(e)}const Mh=e=>{const t=new Set(e);return t.w=0,t.n=0,t},Bv=e=>(e.w&Yi)>0,Pv=e=>(e.n&Yi)>0,Sw=({deps:e})=>{if(e.length)for(let t=0;t<e.length;t++)e[t].w|=Yi},Aw=e=>{const{deps:t}=e;if(t.length){let n=0;for(let r=0;r<t.length;r++){const i=t[r];Bv(i)&&!Pv(i)?i.delete(e):t[n++]=i,i.w&=~Yi,i.n&=~Yi}t.length=n}},Np=new WeakMap;let Bo=0,Yi=1;const Cp=30;let Sr;const Ba=Symbol(""),xp=Symbol("");class Hh{constructor(t,n=null,r){this.fn=t,this.scheduler=n,this.active=!0,this.deps=[],this.parent=void 0,Tw(this,r)}run(){if(!this.active)return this.fn();let t=Sr,n=Gi;for(;t;){if(t===this)return;t=t.parent}try{return this.parent=Sr,Sr=this,Gi=!0,Yi=1<<++Bo,Bo<=Cp?Sw(this):CE(this),this.fn()}finally{Bo<=Cp&&Aw(this),Yi=1<<--Bo,Sr=this.parent,Gi=n,this.parent=void 0,this.deferStop&&this.stop()}}stop(){Sr===this?this.deferStop=!0:this.active&&(CE(this),this.onStop&&this.onStop(),this.active=!1)}}function CE(e){const{deps:t}=e;if(t.length){for(let n=0;n<t.length;n++)t[n].delete(e);t.length=0}}let Gi=!0;const Dv=[];function to(){Dv.push(Gi),Gi=!1}function no(){const e=Dv.pop();Gi=e===void 0?!0:e}function Gn(e,t,n){if(Gi&&Sr){let r=Np.get(e);r||Np.set(e,r=new Map);let i=r.get(n);i||r.set(n,i=Mh()),Mv(i)}}function Mv(e,t){let n=!1;Bo<=Cp?Pv(e)||(e.n|=Yi,n=!Bv(e)):n=!e.has(Sr),n&&(e.add(Sr),Sr.deps.push(e))}function vi(e,t,n,r,i,s){const l=Np.get(e);if(!l)return;let c=[];if(t==="clear")c=[...l.values()];else if(n==="length"&&st(e)){const u=fu(r);l.forEach((p,f)=>{(f==="length"||f>=u)&&c.push(p)})}else switch(n!==void 0&&c.push(l.get(n)),t){case"add":st(e)?Dh(n)&&c.push(l.get("length")):(c.push(l.get(Ba)),ys(e)&&c.push(l.get(xp)));break;case"delete":st(e)||(c.push(l.get(Ba)),ys(e)&&c.push(l.get(xp)));break;case"set":ys(e)&&c.push(l.get(Ba));break}if(c.length===1)c[0]&&wp(c[0]);else{const u=[];for(const p of c)p&&u.push(...p);wp(Mh(u))}}function wp(e,t){const n=st(e)?e:[...e];for(const r of n)r.computed&&xE(r);for(const r of n)r.computed||xE(r)}function xE(e,t){(e!==Sr||e.allowRecurse)&&(e.scheduler?e.scheduler():e.run())}const bw=Ih("__proto__,__v_isRef,__isVue"),Hv=new Set(Object.getOwnPropertyNames(Symbol).filter(e=>e!=="arguments"&&e!=="caller").map(e=>Symbol[e]).filter(Ph)),Rw=Wh(),Lw=Wh(!1,!0),Ow=Wh(!0),wE=yw();function yw(){const e={};return["includes","indexOf","lastIndexOf"].forEach(t=>{e[t]=function(...n){const r=Lt(this);for(let s=0,l=this.length;s<l;s++)Gn(r,"get",s+"");const i=r[t](...n);return i===-1||i===!1?r[t](...n.map(Lt)):i}}),["push","pop","shift","unshift","splice"].forEach(t=>{e[t]=function(...n){to();const r=Lt(this)[t].apply(this,n);return no(),r}}),e}function Wh(e=!1,t=!1){return function(r,i,s){if(i==="__v_isReactive")return!e;if(i==="__v_isReadonly")return e;if(i==="__v_isShallow")return t;if(i==="__v_raw"&&s===(e?t?Vw:Vv:t?Fv:$v).get(r))return r;const l=st(r);if(!e&&l&&gt(wE,i))return Reflect.get(wE,i,s);const c=Reflect.get(r,i,s);return(Ph(i)?Hv.has(i):bw(i))||(e||Gn(r,"get",i),t)?c:Kt(c)?l&&Dh(i)?c:c.value:Ft(c)?e?zv(c):Ln(c):c}}const Nw=Wv(),Cw=Wv(!0);function Wv(e=!1){return function(n,r,i,s){let l=n[r];if(Is(l)&&Kt(l)&&!Kt(i))return!1;if(!e&&(!pu(i)&&!Is(i)&&(l=Lt(l),i=Lt(i)),!st(n)&&Kt(l)&&!Kt(i)))return l.value=i,!0;const c=st(n)&&Dh(r)?Number(r)<n.length:gt(n,r),u=Reflect.set(n,r,i,s);return n===Lt(s)&&(c?Yo(i,l)&&vi(n,"set",r,i):vi(n,"add",r,i)),u}}function xw(e,t){const n=gt(e,t);e[t];const r=Reflect.deleteProperty(e,t);return r&&n&&vi(e,"delete",t,void 0),r}function ww(e,t){const n=Reflect.has(e,t);return(!Ph(t)||!Hv.has(t))&&Gn(e,"has",t),n}function Iw(e){return Gn(e,"iterate",st(e)?"length":Ba),Reflect.ownKeys(e)}const Uv={get:Rw,set:Nw,deleteProperty:xw,has:ww,ownKeys:Iw},kw={get:Ow,set(e,t){return!0},deleteProperty(e,t){return!0}},Bw=Rn({},Uv,{get:Lw,set:Cw}),Uh=e=>e,Xu=e=>Reflect.getPrototypeOf(e);function Ec(e,t,n=!1,r=!1){e=e.__v_raw;const i=Lt(e),s=Lt(t);n||(t!==s&&Gn(i,"get",t),Gn(i,"get",s));const{has:l}=Xu(i),c=r?Uh:n?Vh:qo;if(l.call(i,t))return c(e.get(t));if(l.call(i,s))return c(e.get(s));e!==i&&e.get(t)}function gc(e,t=!1){const n=this.__v_raw,r=Lt(n),i=Lt(e);return t||(e!==i&&Gn(r,"has",e),Gn(r,"has",i)),e===i?n.has(e):n.has(e)||n.has(i)}function vc(e,t=!1){return e=e.__v_raw,!t&&Gn(Lt(e),"iterate",Ba),Reflect.get(e,"size",e)}function IE(e){e=Lt(e);const t=Lt(this);return Xu(t).has.call(t,e)||(t.add(e),vi(t,"add",e,e)),this}function kE(e,t){t=Lt(t);const n=Lt(this),{has:r,get:i}=Xu(n);let s=r.call(n,e);s||(e=Lt(e),s=r.call(n,e));const l=i.call(n,e);return n.set(e,t),s?Yo(t,l)&&vi(n,"set",e,t):vi(n,"add",e,t),this}function BE(e){const t=Lt(this),{has:n,get:r}=Xu(t);let i=n.call(t,e);i||(e=Lt(e),i=n.call(t,e)),r&&r.call(t,e);const s=t.delete(e);return i&&vi(t,"delete",e,void 0),s}function PE(){const e=Lt(this),t=e.size!==0,n=e.clear();return t&&vi(e,"clear",void 0,void 0),n}function Tc(e,t){return function(r,i){const s=this,l=s.__v_raw,c=Lt(l),u=t?Uh:e?Vh:qo;return!e&&Gn(c,"iterate",Ba),l.forEach((p,f)=>r.call(i,u(p),u(f),s))}}function Sc(e,t,n){return function(...r){const i=this.__v_raw,s=Lt(i),l=ys(s),c=e==="entries"||e===Symbol.iterator&&l,u=e==="keys"&&l,p=i[e](...r),f=n?Uh:t?Vh:qo;return!t&&Gn(s,"iterate",u?xp:Ba),{next(){const{value:g,done:S}=p.next();return S?{value:g,done:S}:{value:c?[f(g[0]),f(g[1])]:f(g),done:S}},[Symbol.iterator](){return this}}}}function Wi(e){return function(...t){return e==="delete"?!1:this}}function Pw(){const e={get(s){return Ec(this,s)},get size(){return vc(this)},has:gc,add:IE,set:kE,delete:BE,clear:PE,forEach:Tc(!1,!1)},t={get(s){return Ec(this,s,!1,!0)},get size(){return vc(this)},has:gc,add:IE,set:kE,delete:BE,clear:PE,forEach:Tc(!1,!0)},n={get(s){return Ec(this,s,!0)},get size(){return vc(this,!0)},has(s){return gc.call(this,s,!0)},add:Wi("add"),set:Wi("set"),delete:Wi("delete"),clear:Wi("clear"),forEach:Tc(!0,!1)},r={get(s){return Ec(this,s,!0,!0)},get size(){return vc(this,!0)},has(s){return gc.call(this,s,!0)},add:Wi("add"),set:Wi("set"),delete:Wi("delete"),clear:Wi("clear"),forEach:Tc(!0,!0)};return["keys","values","entries",Symbol.iterator].forEach(s=>{e[s]=Sc(s,!1,!1),n[s]=Sc(s,!0,!1),t[s]=Sc(s,!1,!0),r[s]=Sc(s,!0,!0)}),[e,n,t,r]}const[Dw,Mw,Hw,Ww]=Pw();function $h(e,t){const n=t?e?Ww:Hw:e?Mw:Dw;return(r,i,s)=>i==="__v_isReactive"?!e:i==="__v_isReadonly"?e:i==="__v_raw"?r:Reflect.get(gt(n,i)&&i in r?n:r,i,s)}const Uw={get:$h(!1,!1)},$w={get:$h(!1,!0)},Fw={get:$h(!0,!1)},$v=new WeakMap,Fv=new WeakMap,Vv=new WeakMap,Vw=new WeakMap;function zw(e){switch(e){case"Object":case"Array":return 1;case"Map":case"Set":case"WeakMap":case"WeakSet":return 2;default:return 0}}function Gw(e){return e.__v_skip||!Object.isExtensible(e)?0:zw(_w(e))}function Ln(e){return Is(e)?e:Fh(e,!1,Uv,Uw,$v)}function Kw(e){return Fh(e,!1,Bw,$w,Fv)}function zv(e){return Fh(e,!0,kw,Fw,Vv)}function Fh(e,t,n,r,i){if(!Ft(e)||e.__v_raw&&!(t&&e.__v_isReactive))return e;const s=i.get(e);if(s)return s;const l=Gw(e);if(l===0)return e;const c=new Proxy(e,l===2?r:n);return i.set(e,c),c}function Ki(e){return Is(e)?Ki(e.__v_raw):!!(e&&e.__v_isReactive)}function Is(e){return!!(e&&e.__v_isReadonly)}function pu(e){return!!(e&&e.__v_isShallow)}function Gv(e){return Ki(e)||Is(e)}function Lt(e){const t=e&&e.__v_raw;return t?Lt(t):e}function Kv(e){return du(e,"__v_skip",!0),e}const qo=e=>Ft(e)?Ln(e):e,Vh=e=>Ft(e)?zv(e):e;function Xv(e){Gi&&Sr&&(e=Lt(e),Mv(e.dep||(e.dep=Mh())))}function Yv(e,t){e=Lt(e),e.dep&&wp(e.dep)}function Kt(e){return!!(e&&e.__v_isRef===!0)}function Je(e){return Xw(e,!1)}function Xw(e,t){return Kt(e)?e:new Yw(e,t)}class Yw{constructor(t,n){this.__v_isShallow=n,this.dep=void 0,this.__v_isRef=!0,this._rawValue=n?t:Lt(t),this._value=n?t:qo(t)}get value(){return Xv(this),this._value}set value(t){const n=this.__v_isShallow||pu(t)||Is(t);t=n?t:Lt(t),Yo(t,this._rawValue)&&(this._rawValue=t,this._value=n?t:qo(t),Yv(this))}}function h(e){return Kt(e)?e.value:e}const qw={get:(e,t,n)=>h(Reflect.get(e,t,n)),set:(e,t,n,r)=>{const i=e[t];return Kt(i)&&!Kt(n)?(i.value=n,!0):Reflect.set(e,t,n,r)}};function qv(e){return Ki(e)?e:new Proxy(e,qw)}var jv;class jw{constructor(t,n,r,i){this._setter=n,this.dep=void 0,this.__v_isRef=!0,this[jv]=!1,this._dirty=!0,this.effect=new Hh(t,()=>{this._dirty||(this._dirty=!0,Yv(this))}),this.effect.computed=this,this.effect.active=this._cacheable=!i,this.__v_isReadonly=r}get value(){const t=Lt(this);return Xv(t),(t._dirty||!t._cacheable)&&(t._dirty=!1,t._value=t.effect.run()),t._value}set value(t){this._setter(t)}}jv="__v_isReadonly";function Jw(e,t,n=!1){let r,i;const s=lt(e);return s?(r=e,i=Nr):(r=e.get,i=e.set),new jw(r,i,s||!i,n)}function Xi(e,t,n,r){let i;try{i=r?e(...r):e()}catch(s){Yu(s,t,n)}return i}function Cr(e,t,n,r){if(lt(e)){const s=Xi(e,t,n,r);return s&&wv(s)&&s.catch(l=>{Yu(l,t,n)}),s}const i=[];for(let s=0;s<e.length;s++)i.push(Cr(e[s],t,n,r));return i}function Yu(e,t,n,r=!0){const i=t?t.vnode:null;if(t){let s=t.parent;const l=t.proxy,c=n;for(;s;){const p=s.ec;if(p){for(let f=0;f<p.length;f++)if(p[f](e,l,c)===!1)return}s=s.parent}const u=t.appContext.config.errorHandler;if(u){Xi(u,null,10,[e,l,c]);return}}Qw(e,n,i,r)}function Qw(e,t,n,r=!0){console.error(e)}let jo=!1,Ip=!1;const hn=[];let Fr=0;const Ns=[];let pi=null,Ra=0;const Jv=Promise.resolve();let zh=null;function ks(e){const t=zh||Jv;return e?t.then(this?e.bind(this):e):t}function Zw(e){let t=Fr+1,n=hn.length;for(;t<n;){const r=t+n>>>1;Jo(hn[r])<e?t=r+1:n=r}return t}function Gh(e){(!hn.length||!hn.includes(e,jo&&e.allowRecurse?Fr+1:Fr))&&(e.id==null?hn.push(e):hn.splice(Zw(e.id),0,e),Qv())}function Qv(){!jo&&!Ip&&(Ip=!0,zh=Jv.then(eT))}function eI(e){const t=hn.indexOf(e);t>Fr&&hn.splice(t,1)}function tI(e){st(e)?Ns.push(...e):(!pi||!pi.includes(e,e.allowRecurse?Ra+1:Ra))&&Ns.push(e),Qv()}function DE(e,t=jo?Fr+1:0){for(;t<hn.length;t++){const n=hn[t];n&&n.pre&&(hn.splice(t,1),t--,n())}}function Zv(e){if(Ns.length){const t=[...new Set(Ns)];if(Ns.length=0,pi){pi.push(...t);return}for(pi=t,pi.sort((n,r)=>Jo(n)-Jo(r)),Ra=0;Ra<pi.length;Ra++)pi[Ra]();pi=null,Ra=0}}const Jo=e=>e.id==null?1/0:e.id,nI=(e,t)=>{const n=Jo(e)-Jo(t);if(n===0){if(e.pre&&!t.pre)return-1;if(t.pre&&!e.pre)return 1}return n};function eT(e){Ip=!1,jo=!0,hn.sort(nI);const t=Nr;try{for(Fr=0;Fr<hn.length;Fr++){const n=hn[Fr];n&&n.active!==!1&&Xi(n,null,14)}}finally{Fr=0,hn.length=0,Zv(),jo=!1,zh=null,(hn.length||Ns.length)&&eT()}}function rI(e,t,...n){if(e.isUnmounted)return;const r=e.vnode.props||Dt;let i=n;const s=t.startsWith("update:"),l=s&&t.slice(7);if(l&&l in r){const f=`${l==="modelValue"?"model":l}Modifiers`,{number:g,trim:S}=r[f]||Dt;S&&(i=n.map(L=>qt(L)?L.trim():L)),g&&(i=n.map(fu))}let c,u=r[c=Wf(t)]||r[c=Wf(qr(t))];!u&&s&&(u=r[c=Wf(eo(t))]),u&&Cr(u,e,6,i);const p=r[c+"Once"];if(p){if(!e.emitted)e.emitted={};else if(e.emitted[c])return;e.emitted[c]=!0,Cr(p,e,6,i)}}function tT(e,t,n=!1){const r=t.emitsCache,i=r.get(e);if(i!==void 0)return i;const s=e.emits;let l={},c=!1;if(!lt(e)){const u=p=>{const f=tT(p,t,!0);f&&(c=!0,Rn(l,f))};!n&&t.mixins.length&&t.mixins.forEach(u),e.extends&&u(e.extends),e.mixins&&e.mixins.forEach(u)}return!s&&!c?(Ft(e)&&r.set(e,null),null):(st(s)?s.forEach(u=>l[u]=null):Rn(l,s),Ft(e)&&r.set(e,l),l)}function qu(e,t){return!e||!Vu(t)?!1:(t=t.slice(2).replace(/Once$/,""),gt(e,t[0].toLowerCase()+t.slice(1))||gt(e,eo(t))||gt(e,t))}let on=null,nT=null;function hu(e){const t=on;return on=e,nT=e&&e.type.__scopeId||null,t}function Ut(e,t=on,n){if(!t||e._n)return e;const r=(...i)=>{r._d&&GE(-1);const s=hu(t);let l;try{l=e(...i)}finally{hu(s),r._d&&GE(1)}return l};return r._n=!0,r._c=!0,r._d=!0,r}function Uf(e){const{type:t,vnode:n,proxy:r,withProxy:i,props:s,propsOptions:[l],slots:c,attrs:u,emit:p,render:f,renderCache:g,data:S,setupState:L,ctx:C,inheritAttrs:N}=e;let F,b;const D=hu(e);try{if(n.shapeFlag&4){const E=i||r;F=Wr(f.call(E,E,g,s,L,S,C)),b=u}else{const E=t;F=Wr(E.length>1?E(s,{attrs:u,slots:c,emit:p}):E(s,null)),b=t.props?u:iI(u)}}catch(E){Uo.length=0,Yu(E,e,1),F=we(qi)}let H=F;if(b&&N!==!1){const E=Object.keys(b),{shapeFlag:B}=H;E.length&&B&7&&(l&&E.some(kh)&&(b=aI(b,l)),H=Bs(H,b))}return n.dirs&&(H=Bs(H),H.dirs=H.dirs?H.dirs.concat(n.dirs):n.dirs),n.transition&&(H.transition=n.transition),F=H,hu(D),F}const iI=e=>{let t;for(const n in e)(n==="class"||n==="style"||Vu(n))&&((t||(t={}))[n]=e[n]);return t},aI=(e,t)=>{const n={};for(const r in e)(!kh(r)||!(r.slice(9)in t))&&(n[r]=e[r]);return n};function sI(e,t,n){const{props:r,children:i,component:s}=e,{props:l,children:c,patchFlag:u}=t,p=s.emitsOptions;if(t.dirs||t.transition)return!0;if(n&&u>=0){if(u&1024)return!0;if(u&16)return r?ME(r,l,p):!!l;if(u&8){const f=t.dynamicProps;for(let g=0;g<f.length;g++){const S=f[g];if(l[S]!==r[S]&&!qu(p,S))return!0}}}else return(i||c)&&(!c||!c.$stable)?!0:r===l?!1:r?l?ME(r,l,p):!0:!!l;return!1}function ME(e,t,n){const r=Object.keys(t);if(r.length!==Object.keys(e).length)return!0;for(let i=0;i<r.length;i++){const s=r[i];if(t[s]!==e[s]&&!qu(n,s))return!0}return!1}function oI({vnode:e,parent:t},n){for(;t&&t.subTree===e;)(e=t.vnode).el=n,t=t.parent}const lI=e=>e.__isSuspense;function cI(e,t){t&&t.pendingBranch?st(e)?t.effects.push(...e):t.effects.push(e):tI(e)}function Sn(e,t){if(en){let n=en.provides;const r=en.parent&&en.parent.provides;r===n&&(n=en.provides=Object.create(r)),n[e]=t}}function ft(e,t,n=!1){const r=en||on;if(r){const i=r.parent==null?r.vnode.appContext&&r.vnode.appContext.provides:r.parent.provides;if(i&&e in i)return i[e];if(arguments.length>1)return n&&lt(t)?t.call(r.proxy):t}}const Ac={};function nn(e,t,n){return rT(e,t,n)}function rT(e,t,{immediate:n,deep:r,flush:i,onTrack:s,onTrigger:l}=Dt){const c=en;let u,p=!1,f=!1;if(Kt(e)?(u=()=>e.value,p=pu(e)):Ki(e)?(u=()=>e,r=!0):st(e)?(f=!0,p=e.some(H=>Ki(H)||pu(H)),u=()=>e.map(H=>{if(Kt(H))return H.value;if(Ki(H))return Na(H);if(lt(H))return Xi(H,c,2)})):lt(e)?t?u=()=>Xi(e,c,2):u=()=>{if(!(c&&c.isUnmounted))return g&&g(),Cr(e,c,3,[S])}:u=Nr,t&&r){const H=u;u=()=>Na(H())}let g,S=H=>{g=b.onStop=()=>{Xi(H,c,4)}},L;if(el)if(S=Nr,t?n&&Cr(t,c,3,[u(),f?[]:void 0,S]):u(),i==="sync"){const H=t2();L=H.__watcherHandles||(H.__watcherHandles=[])}else return Nr;let C=f?new Array(e.length).fill(Ac):Ac;const N=()=>{if(b.active)if(t){const H=b.run();(r||p||(f?H.some((E,B)=>Yo(E,C[B])):Yo(H,C)))&&(g&&g(),Cr(t,c,3,[H,C===Ac?void 0:f&&C[0]===Ac?[]:C,S]),C=H)}else b.run()};N.allowRecurse=!!t;let F;i==="sync"?F=N:i==="post"?F=()=>wn(N,c&&c.suspense):(N.pre=!0,c&&(N.id=c.uid),F=()=>Gh(N));const b=new Hh(u,F);t?n?N():C=b.run():i==="post"?wn(b.run.bind(b),c&&c.suspense):b.run();const D=()=>{b.stop(),c&&c.scope&&Bh(c.scope.effects,b)};return L&&L.push(D),D}function uI(e,t,n){const r=this.proxy,i=qt(e)?e.includes(".")?iT(r,e):()=>r[e]:e.bind(r,r);let s;lt(t)?s=t:(s=t.handler,n=t);const l=en;Ps(this);const c=rT(i,s.bind(r),n);return l?Ps(l):Pa(),c}function iT(e,t){const n=t.split(".");return()=>{let r=e;for(let i=0;i<n.length&&r;i++)r=r[n[i]];return r}}function Na(e,t){if(!Ft(e)||e.__v_skip||(t=t||new Set,t.has(e)))return e;if(t.add(e),Kt(e))Na(e.value,t);else if(st(e))for(let n=0;n<e.length;n++)Na(e[n],t);else if(xv(e)||ys(e))e.forEach(n=>{Na(n,t)});else if(kv(e))for(const n in e)Na(e[n],t);return e}function Ot(e){return lt(e)?{setup:e,name:e.name}:e}const Ho=e=>!!e.type.__asyncLoader,aT=e=>e.type.__isKeepAlive;function dI(e,t){sT(e,"a",t)}function fI(e,t){sT(e,"da",t)}function sT(e,t,n=en){const r=e.__wdc||(e.__wdc=()=>{let i=n;for(;i;){if(i.isDeactivated)return;i=i.parent}return e()});if(ju(t,r,n),n){let i=n.parent;for(;i&&i.parent;)aT(i.parent.vnode)&&pI(r,t,n,i),i=i.parent}}function pI(e,t,n,r){const i=ju(t,e,r,!0);Kh(()=>{Bh(r[t],i)},n)}function ju(e,t,n=en,r=!1){if(n){const i=n[e]||(n[e]=[]),s=t.__weh||(t.__weh=(...l)=>{if(n.isUnmounted)return;to(),Ps(n);const c=Cr(t,n,e,l);return Pa(),no(),c});return r?i.unshift(s):i.push(s),s}}const Li=e=>(t,n=en)=>(!el||e==="sp")&&ju(e,(...r)=>t(...r),n),na=Li("bm"),Oi=Li("m"),hI=Li("bu"),_I=Li("u"),oT=Li("bum"),Kh=Li("um"),mI=Li("sp"),EI=Li("rtg"),gI=Li("rtc");function vI(e,t=en){ju("ec",e,t)}function mt(e,t){const n=on;if(n===null)return e;const r=Zu(n)||n.proxy,i=e.dirs||(e.dirs=[]);for(let s=0;s<t.length;s++){let[l,c,u,p=Dt]=t[s];l&&(lt(l)&&(l={mounted:l,updated:l}),l.deep&&Na(c),i.push({dir:l,instance:r,value:c,oldValue:void 0,arg:u,modifiers:p}))}return e}function ma(e,t,n,r){const i=e.dirs,s=t&&t.dirs;for(let l=0;l<i.length;l++){const c=i[l];s&&(c.oldValue=s[l].value);let u=c.dir[r];u&&(to(),Cr(u,n,8,[e.el,c,e,t]),no())}}const lT="components",cT=Symbol();function TI(e){return qt(e)?SI(lT,e,!1)||e:e||cT}function SI(e,t,n=!0,r=!1){const i=on||en;if(i){const s=i.type;if(e===lT){const c=QI(s,!1);if(c&&(c===t||c===qr(t)||c===Ku(qr(t))))return s}const l=HE(i[e]||s[e],t)||HE(i.appContext[e],t);return!l&&r?s:l}}function HE(e,t){return e&&(e[t]||e[qr(t)]||e[Ku(qr(t))])}function $t(e,t,n,r){let i;const s=n&&n[r];if(st(e)||qt(e)){i=new Array(e.length);for(let l=0,c=e.length;l<c;l++)i[l]=t(e[l],l,void 0,s&&s[l])}else if(typeof e=="number"){i=new Array(e);for(let l=0;l<e;l++)i[l]=t(l+1,l,void 0,s&&s[l])}else if(Ft(e))if(e[Symbol.iterator])i=Array.from(e,(l,c)=>t(l,c,void 0,s&&s[c]));else{const l=Object.keys(e);i=new Array(l.length);for(let c=0,u=l.length;c<u;c++){const p=l[c];i[c]=t(e[p],p,c,s&&s[c])}}else i=[];return n&&(n[r]=i),i}function Vi(e,t,n={},r,i){if(on.isCE||on.parent&&Ho(on.parent)&&on.parent.isCE)return t!=="default"&&(n.name=t),we("slot",n,r&&r());let s=e[t];s&&s._c&&(s._d=!1),w();const l=s&&uT(s(n)),c=It(Fe,{key:n.key||l&&l.key||`_${t}`},l||(r?r():[]),l&&e._===1?64:-2);return!i&&c.scopeId&&(c.slotScopeIds=[c.scopeId+"-s"]),s&&s._c&&(s._d=!0),c}function uT(e){return e.some(t=>Zo(t)?!(t.type===qi||t.type===Fe&&!uT(t.children)):!0)?e:null}const kp=e=>e?ST(e)?Zu(e)||e.proxy:kp(e.parent):null,Wo=Rn(Object.create(null),{$:e=>e,$el:e=>e.vnode.el,$data:e=>e.data,$props:e=>e.props,$attrs:e=>e.attrs,$slots:e=>e.slots,$refs:e=>e.refs,$parent:e=>kp(e.parent),$root:e=>kp(e.root),$emit:e=>e.emit,$options:e=>Xh(e),$forceUpdate:e=>e.f||(e.f=()=>Gh(e.update)),$nextTick:e=>e.n||(e.n=ks.bind(e.proxy)),$watch:e=>uI.bind(e)}),$f=(e,t)=>e!==Dt&&!e.__isScriptSetup&&gt(e,t),AI={get({_:e},t){const{ctx:n,setupState:r,data:i,props:s,accessCache:l,type:c,appContext:u}=e;let p;if(t[0]!=="$"){const L=l[t];if(L!==void 0)switch(L){case 1:return r[t];case 2:return i[t];case 4:return n[t];case 3:return s[t]}else{if($f(r,t))return l[t]=1,r[t];if(i!==Dt&&gt(i,t))return l[t]=2,i[t];if((p=e.propsOptions[0])&&gt(p,t))return l[t]=3,s[t];if(n!==Dt&&gt(n,t))return l[t]=4,n[t];Bp&&(l[t]=0)}}const f=Wo[t];let g,S;if(f)return t==="$attrs"&&Gn(e,"get",t),f(e);if((g=c.__cssModules)&&(g=g[t]))return g;if(n!==Dt&&gt(n,t))return l[t]=4,n[t];if(S=u.config.globalProperties,gt(S,t))return S[t]},set({_:e},t,n){const{data:r,setupState:i,ctx:s}=e;return $f(i,t)?(i[t]=n,!0):r!==Dt&&gt(r,t)?(r[t]=n,!0):gt(e.props,t)||t[0]==="$"&&t.slice(1)in e?!1:(s[t]=n,!0)},has({_:{data:e,setupState:t,accessCache:n,ctx:r,appContext:i,propsOptions:s}},l){let c;return!!n[l]||e!==Dt&&gt(e,l)||$f(t,l)||(c=s[0])&&gt(c,l)||gt(r,l)||gt(Wo,l)||gt(i.config.globalProperties,l)},defineProperty(e,t,n){return n.get!=null?e._.accessCache[t]=0:gt(n,"value")&&this.set(e,t,n.value,null),Reflect.defineProperty(e,t,n)}};let Bp=!0;function bI(e){const t=Xh(e),n=e.proxy,r=e.ctx;Bp=!1,t.beforeCreate&&WE(t.beforeCreate,e,"bc");const{data:i,computed:s,methods:l,watch:c,provide:u,inject:p,created:f,beforeMount:g,mounted:S,beforeUpdate:L,updated:C,activated:N,deactivated:F,beforeDestroy:b,beforeUnmount:D,destroyed:H,unmounted:E,render:B,renderTracked:x,renderTriggered:V,errorCaptured:W,serverPrefetch:R,expose:le,inheritAttrs:$,components:Z,directives:ue,filters:K}=t;if(p&&RI(p,r,null,e.appContext.config.unwrapInjectedRef),l)for(const q in l){const te=l[q];lt(te)&&(r[q]=te.bind(n))}if(i){const q=i.call(n,n);Ft(q)&&(e.data=Ln(q))}if(Bp=!0,s)for(const q in s){const te=s[q],Ee=lt(te)?te.bind(n,n):lt(te.get)?te.get.bind(n,n):Nr,_e=!lt(te)&&lt(te.set)?te.set.bind(n):Nr,re=Be({get:Ee,set:_e});Object.defineProperty(r,q,{enumerable:!0,configurable:!0,get:()=>re.value,set:ie=>re.value=ie})}if(c)for(const q in c)dT(c[q],r,n,q);if(u){const q=lt(u)?u.call(n):u;Reflect.ownKeys(q).forEach(te=>{Sn(te,q[te])})}f&&WE(f,e,"c");function I(q,te){st(te)?te.forEach(Ee=>q(Ee.bind(n))):te&&q(te.bind(n))}if(I(na,g),I(Oi,S),I(hI,L),I(_I,C),I(dI,N),I(fI,F),I(vI,W),I(gI,x),I(EI,V),I(oT,D),I(Kh,E),I(mI,R),st(le))if(le.length){const q=e.exposed||(e.exposed={});le.forEach(te=>{Object.defineProperty(q,te,{get:()=>n[te],set:Ee=>n[te]=Ee})})}else e.exposed||(e.exposed={});B&&e.render===Nr&&(e.render=B),$!=null&&(e.inheritAttrs=$),Z&&(e.components=Z),ue&&(e.directives=ue)}function RI(e,t,n=Nr,r=!1){st(e)&&(e=Pp(e));for(const i in e){const s=e[i];let l;Ft(s)?"default"in s?l=ft(s.from||i,s.default,!0):l=ft(s.from||i):l=ft(s),Kt(l)&&r?Object.defineProperty(t,i,{enumerable:!0,configurable:!0,get:()=>l.value,set:c=>l.value=c}):t[i]=l}}function WE(e,t,n){Cr(st(e)?e.map(r=>r.bind(t.proxy)):e.bind(t.proxy),t,n)}function dT(e,t,n,r){const i=r.includes(".")?iT(n,r):()=>n[r];if(qt(e)){const s=t[e];lt(s)&&nn(i,s)}else if(lt(e))nn(i,e.bind(n));else if(Ft(e))if(st(e))e.forEach(s=>dT(s,t,n,r));else{const s=lt(e.handler)?e.handler.bind(n):t[e.handler];lt(s)&&nn(i,s,e)}}function Xh(e){const t=e.type,{mixins:n,extends:r}=t,{mixins:i,optionsCache:s,config:{optionMergeStrategies:l}}=e.appContext,c=s.get(t);let u;return c?u=c:!i.length&&!n&&!r?u=t:(u={},i.length&&i.forEach(p=>_u(u,p,l,!0)),_u(u,t,l)),Ft(t)&&s.set(t,u),u}function _u(e,t,n,r=!1){const{mixins:i,extends:s}=t;s&&_u(e,s,n,!0),i&&i.forEach(l=>_u(e,l,n,!0));for(const l in t)if(!(r&&l==="expose")){const c=LI[l]||n&&n[l];e[l]=c?c(e[l],t[l]):t[l]}return e}const LI={data:UE,props:va,emits:va,methods:va,computed:va,beforeCreate:Tn,created:Tn,beforeMount:Tn,mounted:Tn,beforeUpdate:Tn,updated:Tn,beforeDestroy:Tn,beforeUnmount:Tn,destroyed:Tn,unmounted:Tn,activated:Tn,deactivated:Tn,errorCaptured:Tn,serverPrefetch:Tn,components:va,directives:va,watch:yI,provide:UE,inject:OI};function UE(e,t){return t?e?function(){return Rn(lt(e)?e.call(this,this):e,lt(t)?t.call(this,this):t)}:t:e}function OI(e,t){return va(Pp(e),Pp(t))}function Pp(e){if(st(e)){const t={};for(let n=0;n<e.length;n++)t[e[n]]=e[n];return t}return e}function Tn(e,t){return e?[...new Set([].concat(e,t))]:t}function va(e,t){return e?Rn(Rn(Object.create(null),e),t):t}function yI(e,t){if(!e)return t;if(!t)return e;const n=Rn(Object.create(null),e);for(const r in t)n[r]=Tn(e[r],t[r]);return n}function NI(e,t,n,r=!1){const i={},s={};du(s,Qu,1),e.propsDefaults=Object.create(null),fT(e,t,i,s);for(const l in e.propsOptions[0])l in i||(i[l]=void 0);n?e.props=r?i:Kw(i):e.type.props?e.props=i:e.props=s,e.attrs=s}function CI(e,t,n,r){const{props:i,attrs:s,vnode:{patchFlag:l}}=e,c=Lt(i),[u]=e.propsOptions;let p=!1;if((r||l>0)&&!(l&16)){if(l&8){const f=e.vnode.dynamicProps;for(let g=0;g<f.length;g++){let S=f[g];if(qu(e.emitsOptions,S))continue;const L=t[S];if(u)if(gt(s,S))L!==s[S]&&(s[S]=L,p=!0);else{const C=qr(S);i[C]=Dp(u,c,C,L,e,!1)}else L!==s[S]&&(s[S]=L,p=!0)}}}else{fT(e,t,i,s)&&(p=!0);let f;for(const g in c)(!t||!gt(t,g)&&((f=eo(g))===g||!gt(t,f)))&&(u?n&&(n[g]!==void 0||n[f]!==void 0)&&(i[g]=Dp(u,c,g,void 0,e,!0)):delete i[g]);if(s!==c)for(const g in s)(!t||!gt(t,g))&&(delete s[g],p=!0)}p&&vi(e,"set","$attrs")}function fT(e,t,n,r){const[i,s]=e.propsOptions;let l=!1,c;if(t)for(let u in t){if(qc(u))continue;const p=t[u];let f;i&&gt(i,f=qr(u))?!s||!s.includes(f)?n[f]=p:(c||(c={}))[f]=p:qu(e.emitsOptions,u)||(!(u in r)||p!==r[u])&&(r[u]=p,l=!0)}if(s){const u=Lt(n),p=c||Dt;for(let f=0;f<s.length;f++){const g=s[f];n[g]=Dp(i,u,g,p[g],e,!gt(p,g))}}return l}function Dp(e,t,n,r,i,s){const l=e[n];if(l!=null){const c=gt(l,"default");if(c&&r===void 0){const u=l.default;if(l.type!==Function&&lt(u)){const{propsDefaults:p}=i;n in p?r=p[n]:(Ps(i),r=p[n]=u.call(null,t),Pa())}else r=u}l[0]&&(s&&!c?r=!1:l[1]&&(r===""||r===eo(n))&&(r=!0))}return r}function pT(e,t,n=!1){const r=t.propsCache,i=r.get(e);if(i)return i;const s=e.props,l={},c=[];let u=!1;if(!lt(e)){const f=g=>{u=!0;const[S,L]=pT(g,t,!0);Rn(l,S),L&&c.push(...L)};!n&&t.mixins.length&&t.mixins.forEach(f),e.extends&&f(e.extends),e.mixins&&e.mixins.forEach(f)}if(!s&&!u)return Ft(e)&&r.set(e,Os),Os;if(st(s))for(let f=0;f<s.length;f++){const g=qr(s[f]);$E(g)&&(l[g]=Dt)}else if(s)for(const f in s){const g=qr(f);if($E(g)){const S=s[f],L=l[g]=st(S)||lt(S)?{type:S}:Object.assign({},S);if(L){const C=zE(Boolean,L.type),N=zE(String,L.type);L[0]=C>-1,L[1]=N<0||C<N,(C>-1||gt(L,"default"))&&c.push(g)}}}const p=[l,c];return Ft(e)&&r.set(e,p),p}function $E(e){return e[0]!=="$"}function FE(e){const t=e&&e.toString().match(/^\s*function (\w+)/);return t?t[1]:e===null?"null":""}function VE(e,t){return FE(e)===FE(t)}function zE(e,t){return st(t)?t.findIndex(n=>VE(n,e)):lt(t)&&VE(t,e)?0:-1}const hT=e=>e[0]==="_"||e==="$stable",Yh=e=>st(e)?e.map(Wr):[Wr(e)],xI=(e,t,n)=>{if(t._n)return t;const r=Ut((...i)=>Yh(t(...i)),n);return r._c=!1,r},_T=(e,t,n)=>{const r=e._ctx;for(const i in e){if(hT(i))continue;const s=e[i];if(lt(s))t[i]=xI(i,s,r);else if(s!=null){const l=Yh(s);t[i]=()=>l}}},mT=(e,t)=>{const n=Yh(t);e.slots.default=()=>n},wI=(e,t)=>{if(e.vnode.shapeFlag&32){const n=t._;n?(e.slots=Lt(t),du(t,"_",n)):_T(t,e.slots={})}else e.slots={},t&&mT(e,t);du(e.slots,Qu,1)},II=(e,t,n)=>{const{vnode:r,slots:i}=e;let s=!0,l=Dt;if(r.shapeFlag&32){const c=t._;c?n&&c===1?s=!1:(Rn(i,t),!n&&c===1&&delete i._):(s=!t.$stable,_T(t,i)),l=t}else t&&(mT(e,t),l={default:1});if(s)for(const c in i)!hT(c)&&!(c in l)&&delete i[c]};function ET(){return{app:null,config:{isNativeTag:fw,performance:!1,globalProperties:{},optionMergeStrategies:{},errorHandler:void 0,warnHandler:void 0,compilerOptions:{}},mixins:[],components:{},directives:{},provides:Object.create(null),optionsCache:new WeakMap,propsCache:new WeakMap,emitsCache:new WeakMap}}let kI=0;function BI(e,t){return function(r,i=null){lt(r)||(r=Object.assign({},r)),i!=null&&!Ft(i)&&(i=null);const s=ET(),l=new Set;let c=!1;const u=s.app={_uid:kI++,_component:r,_props:i,_container:null,_context:s,_instance:null,version:n2,get config(){return s.config},set config(p){},use(p,...f){return l.has(p)||(p&&lt(p.install)?(l.add(p),p.install(u,...f)):lt(p)&&(l.add(p),p(u,...f))),u},mixin(p){return s.mixins.includes(p)||s.mixins.push(p),u},component(p,f){return f?(s.components[p]=f,u):s.components[p]},directive(p,f){return f?(s.directives[p]=f,u):s.directives[p]},mount(p,f,g){if(!c){const S=we(r,i);return S.appContext=s,f&&t?t(S,p):e(S,p,g),c=!0,u._container=p,p.__vue_app__=u,Zu(S.component)||S.component.proxy}},unmount(){c&&(e(null,u._container),delete u._container.__vue_app__)},provide(p,f){return s.provides[p]=f,u}};return u}}function Mp(e,t,n,r,i=!1){if(st(e)){e.forEach((S,L)=>Mp(S,t&&(st(t)?t[L]:t),n,r,i));return}if(Ho(r)&&!i)return;const s=r.shapeFlag&4?Zu(r.component)||r.component.proxy:r.el,l=i?null:s,{i:c,r:u}=e,p=t&&t.r,f=c.refs===Dt?c.refs={}:c.refs,g=c.setupState;if(p!=null&&p!==u&&(qt(p)?(f[p]=null,gt(g,p)&&(g[p]=null)):Kt(p)&&(p.value=null)),lt(u))Xi(u,c,12,[l,f]);else{const S=qt(u),L=Kt(u);if(S||L){const C=()=>{if(e.f){const N=S?gt(g,u)?g[u]:f[u]:u.value;i?st(N)&&Bh(N,s):st(N)?N.includes(s)||N.push(s):S?(f[u]=[s],gt(g,u)&&(g[u]=f[u])):(u.value=[s],e.k&&(f[e.k]=u.value))}else S?(f[u]=l,gt(g,u)&&(g[u]=l)):L&&(u.value=l,e.k&&(f[e.k]=l))};l?(C.id=-1,wn(C,n)):C()}}}const wn=cI;function PI(e){return DI(e)}function DI(e,t){const n=gw();n.__VUE__=!0;const{insert:r,remove:i,patchProp:s,createElement:l,createText:c,createComment:u,setText:p,setElementText:f,parentNode:g,nextSibling:S,setScopeId:L=Nr,insertStaticContent:C}=e,N=(U,X,se,Te=null,Y=null,G=null,Oe=!1,ge=null,fe=!!X.dynamicChildren)=>{if(U===X)return;U&&!Oo(U,X)&&(Te=xe(U),ie(U,Y,G,!0),U=null),X.patchFlag===-2&&(fe=!1,X.dynamicChildren=null);const{type:pe,ref:De,shapeFlag:ke}=X;switch(pe){case Ju:F(U,X,se,Te);break;case qi:b(U,X,se,Te);break;case Jc:U==null&&D(X,se,Te,Oe);break;case Fe:Z(U,X,se,Te,Y,G,Oe,ge,fe);break;default:ke&1?B(U,X,se,Te,Y,G,Oe,ge,fe):ke&6?ue(U,X,se,Te,Y,G,Oe,ge,fe):(ke&64||ke&128)&&pe.process(U,X,se,Te,Y,G,Oe,ge,fe,Xe)}De!=null&&Y&&Mp(De,U&&U.ref,G,X||U,!X)},F=(U,X,se,Te)=>{if(U==null)r(X.el=c(X.children),se,Te);else{const Y=X.el=U.el;X.children!==U.children&&p(Y,X.children)}},b=(U,X,se,Te)=>{U==null?r(X.el=u(X.children||""),se,Te):X.el=U.el},D=(U,X,se,Te)=>{[U.el,U.anchor]=C(U.children,X,se,Te,U.el,U.anchor)},H=({el:U,anchor:X},se,Te)=>{let Y;for(;U&&U!==X;)Y=S(U),r(U,se,Te),U=Y;r(X,se,Te)},E=({el:U,anchor:X})=>{let se;for(;U&&U!==X;)se=S(U),i(U),U=se;i(X)},B=(U,X,se,Te,Y,G,Oe,ge,fe)=>{Oe=Oe||X.type==="svg",U==null?x(X,se,Te,Y,G,Oe,ge,fe):R(U,X,Y,G,Oe,ge,fe)},x=(U,X,se,Te,Y,G,Oe,ge)=>{let fe,pe;const{type:De,props:ke,shapeFlag:Ue,transition:he,dirs:ye}=U;if(fe=U.el=l(U.type,G,ke&&ke.is,ke),Ue&8?f(fe,U.children):Ue&16&&W(U.children,fe,null,Te,Y,G&&De!=="foreignObject",Oe,ge),ye&&ma(U,null,Te,"created"),ke){for(const He in ke)He!=="value"&&!qc(He)&&s(fe,He,null,ke[He],G,U.children,Te,Y,ne);"value"in ke&&s(fe,"value",null,ke.value),(pe=ke.onVnodeBeforeMount)&&Mr(pe,Te,U)}V(fe,U,U.scopeId,Oe,Te),ye&&ma(U,null,Te,"beforeMount");const Pe=(!Y||Y&&!Y.pendingBranch)&&he&&!he.persisted;Pe&&he.beforeEnter(fe),r(fe,X,se),((pe=ke&&ke.onVnodeMounted)||Pe||ye)&&wn(()=>{pe&&Mr(pe,Te,U),Pe&&he.enter(fe),ye&&ma(U,null,Te,"mounted")},Y)},V=(U,X,se,Te,Y)=>{if(se&&L(U,se),Te)for(let G=0;G<Te.length;G++)L(U,Te[G]);if(Y){let G=Y.subTree;if(X===G){const Oe=Y.vnode;V(U,Oe,Oe.scopeId,Oe.slotScopeIds,Y.parent)}}},W=(U,X,se,Te,Y,G,Oe,ge,fe=0)=>{for(let pe=fe;pe<U.length;pe++){const De=U[pe]=ge?Fi(U[pe]):Wr(U[pe]);N(null,De,X,se,Te,Y,G,Oe,ge)}},R=(U,X,se,Te,Y,G,Oe)=>{const ge=X.el=U.el;let{patchFlag:fe,dynamicChildren:pe,dirs:De}=X;fe|=U.patchFlag&16;const ke=U.props||Dt,Ue=X.props||Dt;let he;se&&Ea(se,!1),(he=Ue.onVnodeBeforeUpdate)&&Mr(he,se,X,U),De&&ma(X,U,se,"beforeUpdate"),se&&Ea(se,!0);const ye=Y&&X.type!=="foreignObject";if(pe?le(U.dynamicChildren,pe,ge,se,Te,ye,G):Oe||te(U,X,ge,null,se,Te,ye,G,!1),fe>0){if(fe&16)$(ge,X,ke,Ue,se,Te,Y);else if(fe&2&&ke.class!==Ue.class&&s(ge,"class",null,Ue.class,Y),fe&4&&s(ge,"style",ke.style,Ue.style,Y),fe&8){const Pe=X.dynamicProps;for(let He=0;He<Pe.length;He++){const rt=Pe[He],yt=ke[rt],ln=Ue[rt];(ln!==yt||rt==="value")&&s(ge,rt,yt,ln,Y,U.children,se,Te,ne)}}fe&1&&U.children!==X.children&&f(ge,X.children)}else!Oe&&pe==null&&$(ge,X,ke,Ue,se,Te,Y);((he=Ue.onVnodeUpdated)||De)&&wn(()=>{he&&Mr(he,se,X,U),De&&ma(X,U,se,"updated")},Te)},le=(U,X,se,Te,Y,G,Oe)=>{for(let ge=0;ge<X.length;ge++){const fe=U[ge],pe=X[ge],De=fe.el&&(fe.type===Fe||!Oo(fe,pe)||fe.shapeFlag&70)?g(fe.el):se;N(fe,pe,De,null,Te,Y,G,Oe,!0)}},$=(U,X,se,Te,Y,G,Oe)=>{if(se!==Te){if(se!==Dt)for(const ge in se)!qc(ge)&&!(ge in Te)&&s(U,ge,se[ge],null,Oe,X.children,Y,G,ne);for(const ge in Te){if(qc(ge))continue;const fe=Te[ge],pe=se[ge];fe!==pe&&ge!=="value"&&s(U,ge,pe,fe,Oe,X.children,Y,G,ne)}"value"in Te&&s(U,"value",se.value,Te.value)}},Z=(U,X,se,Te,Y,G,Oe,ge,fe)=>{const pe=X.el=U?U.el:c(""),De=X.anchor=U?U.anchor:c("");let{patchFlag:ke,dynamicChildren:Ue,slotScopeIds:he}=X;he&&(ge=ge?ge.concat(he):he),U==null?(r(pe,se,Te),r(De,se,Te),W(X.children,se,De,Y,G,Oe,ge,fe)):ke>0&&ke&64&&Ue&&U.dynamicChildren?(le(U.dynamicChildren,Ue,se,Y,G,Oe,ge),(X.key!=null||Y&&X===Y.subTree)&&gT(U,X,!0)):te(U,X,se,De,Y,G,Oe,ge,fe)},ue=(U,X,se,Te,Y,G,Oe,ge,fe)=>{X.slotScopeIds=ge,U==null?X.shapeFlag&512?Y.ctx.activate(X,se,Te,Oe,fe):K(X,se,Te,Y,G,Oe,fe):me(U,X,fe)},K=(U,X,se,Te,Y,G,Oe)=>{const ge=U.component=KI(U,Te,Y);if(aT(U)&&(ge.ctx.renderer=Xe),YI(ge),ge.asyncDep){if(Y&&Y.registerDep(ge,I),!U.el){const fe=ge.subTree=we(qi);b(null,fe,X,se)}return}I(ge,U,X,se,Y,G,Oe)},me=(U,X,se)=>{const Te=X.component=U.component;if(sI(U,X,se))if(Te.asyncDep&&!Te.asyncResolved){q(Te,X,se);return}else Te.next=X,eI(Te.update),Te.update();else X.el=U.el,Te.vnode=X},I=(U,X,se,Te,Y,G,Oe)=>{const ge=()=>{if(U.isMounted){let{next:De,bu:ke,u:Ue,parent:he,vnode:ye}=U,Pe=De,He;Ea(U,!1),De?(De.el=ye.el,q(U,De,Oe)):De=ye,ke&&jc(ke),(He=De.props&&De.props.onVnodeBeforeUpdate)&&Mr(He,he,De,ye),Ea(U,!0);const rt=Uf(U),yt=U.subTree;U.subTree=rt,N(yt,rt,g(yt.el),xe(yt),U,Y,G),De.el=rt.el,Pe===null&&oI(U,rt.el),Ue&&wn(Ue,Y),(He=De.props&&De.props.onVnodeUpdated)&&wn(()=>Mr(He,he,De,ye),Y)}else{let De;const{el:ke,props:Ue}=X,{bm:he,m:ye,parent:Pe}=U,He=Ho(X);if(Ea(U,!1),he&&jc(he),!He&&(De=Ue&&Ue.onVnodeBeforeMount)&&Mr(De,Pe,X),Ea(U,!0),ke&&Ct){const rt=()=>{U.subTree=Uf(U),Ct(ke,U.subTree,U,Y,null)};He?X.type.__asyncLoader().then(()=>!U.isUnmounted&&rt()):rt()}else{const rt=U.subTree=Uf(U);N(null,rt,se,Te,U,Y,G),X.el=rt.el}if(ye&&wn(ye,Y),!He&&(De=Ue&&Ue.onVnodeMounted)){const rt=X;wn(()=>Mr(De,Pe,rt),Y)}(X.shapeFlag&256||Pe&&Ho(Pe.vnode)&&Pe.vnode.shapeFlag&256)&&U.a&&wn(U.a,Y),U.isMounted=!0,X=se=Te=null}},fe=U.effect=new Hh(ge,()=>Gh(pe),U.scope),pe=U.update=()=>fe.run();pe.id=U.uid,Ea(U,!0),pe()},q=(U,X,se)=>{X.component=U;const Te=U.vnode.props;U.vnode=X,U.next=null,CI(U,X.props,Te,se),II(U,X.children,se),to(),DE(),no()},te=(U,X,se,Te,Y,G,Oe,ge,fe=!1)=>{const pe=U&&U.children,De=U?U.shapeFlag:0,ke=X.children,{patchFlag:Ue,shapeFlag:he}=X;if(Ue>0){if(Ue&128){_e(pe,ke,se,Te,Y,G,Oe,ge,fe);return}else if(Ue&256){Ee(pe,ke,se,Te,Y,G,Oe,ge,fe);return}}he&8?(De&16&&ne(pe,Y,G),ke!==pe&&f(se,ke)):De&16?he&16?_e(pe,ke,se,Te,Y,G,Oe,ge,fe):ne(pe,Y,G,!0):(De&8&&f(se,""),he&16&&W(ke,se,Te,Y,G,Oe,ge,fe))},Ee=(U,X,se,Te,Y,G,Oe,ge,fe)=>{U=U||Os,X=X||Os;const pe=U.length,De=X.length,ke=Math.min(pe,De);let Ue;for(Ue=0;Ue<ke;Ue++){const he=X[Ue]=fe?Fi(X[Ue]):Wr(X[Ue]);N(U[Ue],he,se,null,Y,G,Oe,ge,fe)}pe>De?ne(U,Y,G,!0,!1,ke):W(X,se,Te,Y,G,Oe,ge,fe,ke)},_e=(U,X,se,Te,Y,G,Oe,ge,fe)=>{let pe=0;const De=X.length;let ke=U.length-1,Ue=De-1;for(;pe<=ke&&pe<=Ue;){const he=U[pe],ye=X[pe]=fe?Fi(X[pe]):Wr(X[pe]);if(Oo(he,ye))N(he,ye,se,null,Y,G,Oe,ge,fe);else break;pe++}for(;pe<=ke&&pe<=Ue;){const he=U[ke],ye=X[Ue]=fe?Fi(X[Ue]):Wr(X[Ue]);if(Oo(he,ye))N(he,ye,se,null,Y,G,Oe,ge,fe);else break;ke--,Ue--}if(pe>ke){if(pe<=Ue){const he=Ue+1,ye=he<De?X[he].el:Te;for(;pe<=Ue;)N(null,X[pe]=fe?Fi(X[pe]):Wr(X[pe]),se,ye,Y,G,Oe,ge,fe),pe++}}else if(pe>Ue)for(;pe<=ke;)ie(U[pe],Y,G,!0),pe++;else{const he=pe,ye=pe,Pe=new Map;for(pe=ye;pe<=Ue;pe++){const de=X[pe]=fe?Fi(X[pe]):Wr(X[pe]);de.key!=null&&Pe.set(de.key,pe)}let He,rt=0;const yt=Ue-ye+1;let ln=!1,Jn=0;const Mn=new Array(yt);for(pe=0;pe<yt;pe++)Mn[pe]=0;for(pe=he;pe<=ke;pe++){const de=U[pe];if(rt>=yt){ie(de,Y,G,!0);continue}let Re;if(de.key!=null)Re=Pe.get(de.key);else for(He=ye;He<=Ue;He++)if(Mn[He-ye]===0&&Oo(de,X[He])){Re=He;break}Re===void 0?ie(de,Y,G,!0):(Mn[Re-ye]=pe+1,Re>=Jn?Jn=Re:ln=!0,N(de,X[Re],se,null,Y,G,Oe,ge,fe),rt++)}const P=ln?MI(Mn):Os;for(He=P.length-1,pe=yt-1;pe>=0;pe--){const de=ye+pe,Re=X[de],Ge=de+1<De?X[de+1].el:Te;Mn[pe]===0?N(null,Re,se,Ge,Y,G,Oe,ge,fe):ln&&(He<0||pe!==P[He]?re(Re,se,Ge,2):He--)}}},re=(U,X,se,Te,Y=null)=>{const{el:G,type:Oe,transition:ge,children:fe,shapeFlag:pe}=U;if(pe&6){re(U.component.subTree,X,se,Te);return}if(pe&128){U.suspense.move(X,se,Te);return}if(pe&64){Oe.move(U,X,se,Xe);return}if(Oe===Fe){r(G,X,se);for(let ke=0;ke<fe.length;ke++)re(fe[ke],X,se,Te);r(U.anchor,X,se);return}if(Oe===Jc){H(U,X,se);return}if(Te!==2&&pe&1&&ge)if(Te===0)ge.beforeEnter(G),r(G,X,se),wn(()=>ge.enter(G),Y);else{const{leave:ke,delayLeave:Ue,afterLeave:he}=ge,ye=()=>r(G,X,se),Pe=()=>{ke(G,()=>{ye(),he&&he()})};Ue?Ue(G,ye,Pe):Pe()}else r(G,X,se)},ie=(U,X,se,Te=!1,Y=!1)=>{const{type:G,props:Oe,ref:ge,children:fe,dynamicChildren:pe,shapeFlag:De,patchFlag:ke,dirs:Ue}=U;if(ge!=null&&Mp(ge,null,se,U,!0),De&256){X.ctx.deactivate(U);return}const he=De&1&&Ue,ye=!Ho(U);let Pe;if(ye&&(Pe=Oe&&Oe.onVnodeBeforeUnmount)&&Mr(Pe,X,U),De&6)ee(U.component,se,Te);else{if(De&128){U.suspense.unmount(se,Te);return}he&&ma(U,null,X,"beforeUnmount"),De&64?U.type.remove(U,X,se,Y,Xe,Te):pe&&(G!==Fe||ke>0&&ke&64)?ne(pe,X,se,!1,!0):(G===Fe&&ke&384||!Y&&De&16)&&ne(fe,X,se),Te&&Se(U)}(ye&&(Pe=Oe&&Oe.onVnodeUnmounted)||he)&&wn(()=>{Pe&&Mr(Pe,X,U),he&&ma(U,null,X,"unmounted")},se)},Se=U=>{const{type:X,el:se,anchor:Te,transition:Y}=U;if(X===Fe){ae(se,Te);return}if(X===Jc){E(U);return}const G=()=>{i(se),Y&&!Y.persisted&&Y.afterLeave&&Y.afterLeave()};if(U.shapeFlag&1&&Y&&!Y.persisted){const{leave:Oe,delayLeave:ge}=Y,fe=()=>Oe(se,G);ge?ge(U.el,G,fe):fe()}else G()},ae=(U,X)=>{let se;for(;U!==X;)se=S(U),i(U),U=se;i(X)},ee=(U,X,se)=>{const{bum:Te,scope:Y,update:G,subTree:Oe,um:ge}=U;Te&&jc(Te),Y.stop(),G&&(G.active=!1,ie(Oe,U,X,se)),ge&&wn(ge,X),wn(()=>{U.isUnmounted=!0},X),X&&X.pendingBranch&&!X.isUnmounted&&U.asyncDep&&!U.asyncResolved&&U.suspenseId===X.pendingId&&(X.deps--,X.deps===0&&X.resolve())},ne=(U,X,se,Te=!1,Y=!1,G=0)=>{for(let Oe=G;Oe<U.length;Oe++)ie(U[Oe],X,se,Te,Y)},xe=U=>U.shapeFlag&6?xe(U.component.subTree):U.shapeFlag&128?U.suspense.next():S(U.anchor||U.el),Me=(U,X,se)=>{U==null?X._vnode&&ie(X._vnode,null,null,!0):N(X._vnode||null,U,X,null,null,null,se),DE(),Zv(),X._vnode=U},Xe={p:N,um:ie,m:re,r:Se,mt:K,mc:W,pc:te,pbc:le,n:xe,o:e};let At,Ct;return t&&([At,Ct]=t(Xe)),{render:Me,hydrate:At,createApp:BI(Me,At)}}function Ea({effect:e,update:t},n){e.allowRecurse=t.allowRecurse=n}function gT(e,t,n=!1){const r=e.children,i=t.children;if(st(r)&&st(i))for(let s=0;s<r.length;s++){const l=r[s];let c=i[s];c.shapeFlag&1&&!c.dynamicChildren&&((c.patchFlag<=0||c.patchFlag===32)&&(c=i[s]=Fi(i[s]),c.el=l.el),n||gT(l,c)),c.type===Ju&&(c.el=l.el)}}function MI(e){const t=e.slice(),n=[0];let r,i,s,l,c;const u=e.length;for(r=0;r<u;r++){const p=e[r];if(p!==0){if(i=n[n.length-1],e[i]<p){t[r]=i,n.push(r);continue}for(s=0,l=n.length-1;s<l;)c=s+l>>1,e[n[c]]<p?s=c+1:l=c;p<e[n[s]]&&(s>0&&(t[r]=n[s-1]),n[s]=r)}}for(s=n.length,l=n[s-1];s-- >0;)n[s]=l,l=t[l];return n}const HI=e=>e.__isTeleport,Fe=Symbol(void 0),Ju=Symbol(void 0),qi=Symbol(void 0),Jc=Symbol(void 0),Uo=[];let Rr=null;function w(e=!1){Uo.push(Rr=e?null:[])}function WI(){Uo.pop(),Rr=Uo[Uo.length-1]||null}let Qo=1;function GE(e){Qo+=e}function vT(e){return e.dynamicChildren=Qo>0?Rr||Os:null,WI(),Qo>0&&Rr&&Rr.push(e),e}function k(e,t,n,r,i,s){return vT(A(e,t,n,r,i,s,!0))}function It(e,t,n,r,i){return vT(we(e,t,n,r,i,!0))}function Zo(e){return e?e.__v_isVNode===!0:!1}function Oo(e,t){return e.type===t.type&&e.key===t.key}const Qu="__vInternal",TT=({key:e})=>e??null,Qc=({ref:e,ref_key:t,ref_for:n})=>e!=null?qt(e)||Kt(e)||lt(e)?{i:on,r:e,k:t,f:!!n}:e:null;function A(e,t=null,n=null,r=0,i=null,s=e===Fe?0:1,l=!1,c=!1){const u={__v_isVNode:!0,__v_skip:!0,type:e,props:t,key:t&&TT(t),ref:t&&Qc(t),scopeId:nT,slotScopeIds:null,children:n,component:null,suspense:null,ssContent:null,ssFallback:null,dirs:null,transition:null,el:null,anchor:null,target:null,targetAnchor:null,staticCount:0,shapeFlag:s,patchFlag:r,dynamicProps:i,dynamicChildren:null,appContext:null,ctx:on};return c?(qh(u,n),s&128&&e.normalize(u)):n&&(u.shapeFlag|=qt(n)?8:16),Qo>0&&!l&&Rr&&(u.patchFlag>0||s&6)&&u.patchFlag!==32&&Rr.push(u),u}const we=UI;function UI(e,t=null,n=null,r=0,i=null,s=!1){if((!e||e===cT)&&(e=qi),Zo(e)){const c=Bs(e,t,!0);return n&&qh(c,n),Qo>0&&!s&&Rr&&(c.shapeFlag&6?Rr[Rr.indexOf(e)]=c:Rr.push(c)),c.patchFlag|=-2,c}if(ZI(e)&&(e=e.__vccOpts),t){t=$I(t);let{class:c,style:u}=t;c&&!qt(c)&&(t.class=Ie(c)),Ft(u)&&(Gv(u)&&!st(u)&&(u=Rn({},u)),t.style=Bt(u))}const l=qt(e)?1:lI(e)?128:HI(e)?64:Ft(e)?4:lt(e)?2:0;return A(e,t,n,r,i,l,s,!0)}function $I(e){return e?Gv(e)||Qu in e?Rn({},e):e:null}function Bs(e,t,n=!1){const{props:r,ref:i,patchFlag:s,children:l}=e,c=t?VI(r||{},t):r;return{__v_isVNode:!0,__v_skip:!0,type:e.type,props:c,key:c&&TT(c),ref:t&&t.ref?n&&i?st(i)?i.concat(Qc(t)):[i,Qc(t)]:Qc(t):i,scopeId:e.scopeId,slotScopeIds:e.slotScopeIds,children:l,target:e.target,targetAnchor:e.targetAnchor,staticCount:e.staticCount,shapeFlag:e.shapeFlag,patchFlag:t&&e.type!==Fe?s===-1?16:s|16:s,dynamicProps:e.dynamicProps,dynamicChildren:e.dynamicChildren,appContext:e.appContext,dirs:e.dirs,transition:e.transition,component:e.component,suspense:e.suspense,ssContent:e.ssContent&&Bs(e.ssContent),ssFallback:e.ssFallback&&Bs(e.ssFallback),el:e.el,anchor:e.anchor,ctx:e.ctx}}function v(e=" ",t=0){return we(Ju,null,e,t)}function FI(e,t){const n=we(Jc,null,e);return n.staticCount=t,n}function oe(e="",t=!1){return t?(w(),It(qi,null,e)):we(qi,null,e)}function Wr(e){return e==null||typeof e=="boolean"?we(qi):st(e)?we(Fe,null,e.slice()):typeof e=="object"?Fi(e):we(Ju,null,String(e))}function Fi(e){return e.el===null&&e.patchFlag!==-1||e.memo?e:Bs(e)}function qh(e,t){let n=0;const{shapeFlag:r}=e;if(t==null)t=null;else if(st(t))n=16;else if(typeof t=="object")if(r&65){const i=t.default;i&&(i._c&&(i._d=!1),qh(e,i()),i._c&&(i._d=!0));return}else{n=32;const i=t._;!i&&!(Qu in t)?t._ctx=on:i===3&&on&&(on.slots._===1?t._=1:(t._=2,e.patchFlag|=1024))}else lt(t)?(t={default:t,_ctx:on},n=32):(t=String(t),r&64?(n=16,t=[v(t)]):n=8);e.children=t,e.shapeFlag|=n}function VI(...e){const t={};for(let n=0;n<e.length;n++){const r=e[n];for(const i in r)if(i==="class")t.class!==r.class&&(t.class=Ie([t.class,r.class]));else if(i==="style")t.style=Bt([t.style,r.style]);else if(Vu(i)){const s=t[i],l=r[i];l&&s!==l&&!(st(s)&&s.includes(l))&&(t[i]=s?[].concat(s,l):l)}else i!==""&&(t[i]=r[i])}return t}function Mr(e,t,n,r=null){Cr(e,t,7,[n,r])}const zI=ET();let GI=0;function KI(e,t,n){const r=e.type,i=(t?t.appContext:e.appContext)||zI,s={uid:GI++,vnode:e,type:r,parent:t,appContext:i,root:null,next:null,subTree:null,effect:null,update:null,scope:new vw(!0),render:null,proxy:null,exposed:null,exposeProxy:null,withProxy:null,provides:t?t.provides:Object.create(i.provides),accessCache:null,renderCache:[],components:null,directives:null,propsOptions:pT(r,i),emitsOptions:tT(r,i),emit:null,emitted:null,propsDefaults:Dt,inheritAttrs:r.inheritAttrs,ctx:Dt,data:Dt,props:Dt,attrs:Dt,slots:Dt,refs:Dt,setupState:Dt,setupContext:null,suspense:n,suspenseId:n?n.pendingId:0,asyncDep:null,asyncResolved:!1,isMounted:!1,isUnmounted:!1,isDeactivated:!1,bc:null,c:null,bm:null,m:null,bu:null,u:null,um:null,bum:null,da:null,a:null,rtg:null,rtc:null,ec:null,sp:null};return s.ctx={_:s},s.root=t?t.root:s,s.emit=rI.bind(null,s),e.ce&&e.ce(s),s}let en=null;const XI=()=>en||on,Ps=e=>{en=e,e.scope.on()},Pa=()=>{en&&en.scope.off(),en=null};function ST(e){return e.vnode.shapeFlag&4}let el=!1;function YI(e,t=!1){el=t;const{props:n,children:r}=e.vnode,i=ST(e);NI(e,n,i,t),wI(e,r);const s=i?qI(e,t):void 0;return el=!1,s}function qI(e,t){const n=e.type;e.accessCache=Object.create(null),e.proxy=Kv(new Proxy(e.ctx,AI));const{setup:r}=n;if(r){const i=e.setupContext=r.length>1?JI(e):null;Ps(e),to();const s=Xi(r,e,0,[e.props,i]);if(no(),Pa(),wv(s)){if(s.then(Pa,Pa),t)return s.then(l=>{KE(e,l,t)}).catch(l=>{Yu(l,e,0)});e.asyncDep=s}else KE(e,s,t)}else AT(e,t)}function KE(e,t,n){lt(t)?e.type.__ssrInlineRender?e.ssrRender=t:e.render=t:Ft(t)&&(e.setupState=qv(t)),AT(e,n)}let XE;function AT(e,t,n){const r=e.type;if(!e.render){if(!t&&XE&&!r.render){const i=r.template||Xh(e).template;if(i){const{isCustomElement:s,compilerOptions:l}=e.appContext.config,{delimiters:c,compilerOptions:u}=r,p=Rn(Rn({isCustomElement:s,delimiters:c},l),u);r.render=XE(i,p)}}e.render=r.render||Nr}Ps(e),to(),bI(e),no(),Pa()}function jI(e){return new Proxy(e.attrs,{get(t,n){return Gn(e,"get","$attrs"),t[n]}})}function JI(e){const t=r=>{e.exposed=r||{}};let n;return{get attrs(){return n||(n=jI(e))},slots:e.slots,emit:e.emit,expose:t}}function Zu(e){if(e.exposed)return e.exposeProxy||(e.exposeProxy=new Proxy(qv(Kv(e.exposed)),{get(t,n){if(n in t)return t[n];if(n in Wo)return Wo[n](e)},has(t,n){return n in t||n in Wo}}))}function QI(e,t=!0){return lt(e)?e.displayName||e.name:e.name||t&&e.__name}function ZI(e){return lt(e)&&"__vccOpts"in e}const Be=(e,t)=>Jw(e,t,el);function $a(e,t,n){const r=arguments.length;return r===2?Ft(t)&&!st(t)?Zo(t)?we(e,null,[t]):we(e,t):we(e,null,t):(r>3?n=Array.prototype.slice.call(arguments,2):r===3&&Zo(n)&&(n=[n]),we(e,t,n))}const e2=Symbol(""),t2=()=>ft(e2),n2="3.2.45",r2="http://www.w3.org/2000/svg",La=typeof document<"u"?document:null,YE=La&&La.createElement("template"),i2={insert:(e,t,n)=>{t.insertBefore(e,n||null)},remove:e=>{const t=e.parentNode;t&&t.removeChild(e)},createElement:(e,t,n,r)=>{const i=t?La.createElementNS(r2,e):La.createElement(e,n?{is:n}:void 0);return e==="select"&&r&&r.multiple!=null&&i.setAttribute("multiple",r.multiple),i},createText:e=>La.createTextNode(e),createComment:e=>La.createComment(e),setText:(e,t)=>{e.nodeValue=t},setElementText:(e,t)=>{e.textContent=t},parentNode:e=>e.parentNode,nextSibling:e=>e.nextSibling,querySelector:e=>La.querySelector(e),setScopeId(e,t){e.setAttribute(t,"")},insertStaticContent(e,t,n,r,i,s){const l=n?n.previousSibling:t.lastChild;if(i&&(i===s||i.nextSibling))for(;t.insertBefore(i.cloneNode(!0),n),!(i===s||!(i=i.nextSibling)););else{YE.innerHTML=r?`<svg>${e}</svg>`:e;const c=YE.content;if(r){const u=c.firstChild;for(;u.firstChild;)c.appendChild(u.firstChild);c.removeChild(u)}t.insertBefore(c,n)}return[l?l.nextSibling:t.firstChild,n?n.previousSibling:t.lastChild]}};function a2(e,t,n){const r=e._vtc;r&&(t=(t?[t,...r]:[...r]).join(" ")),t==null?e.removeAttribute("class"):n?e.setAttribute("class",t):e.className=t}function s2(e,t,n){const r=e.style,i=qt(n);if(n&&!i){for(const s in n)Hp(r,s,n[s]);if(t&&!qt(t))for(const s in t)n[s]==null&&Hp(r,s,"")}else{const s=r.display;i?t!==n&&(r.cssText=n):t&&e.removeAttribute("style"),"_vod"in e&&(r.display=s)}}const qE=/\s*!important$/;function Hp(e,t,n){if(st(n))n.forEach(r=>Hp(e,t,r));else if(n==null&&(n=""),t.startsWith("--"))e.setProperty(t,n);else{const r=o2(e,t);qE.test(n)?e.setProperty(eo(r),n.replace(qE,""),"important"):e[r]=n}}const jE=["Webkit","Moz","ms"],Ff={};function o2(e,t){const n=Ff[t];if(n)return n;let r=qr(t);if(r!=="filter"&&r in e)return Ff[t]=r;r=Ku(r);for(let i=0;i<jE.length;i++){const s=jE[i]+r;if(s in e)return Ff[t]=s}return t}const JE="http://www.w3.org/1999/xlink";function l2(e,t,n,r,i){if(r&&t.startsWith("xlink:"))n==null?e.removeAttributeNS(JE,t.slice(6,t.length)):e.setAttributeNS(JE,t,n);else{const s=dw(t);n==null||s&&!Nv(n)?e.removeAttribute(t):e.setAttribute(t,s?"":n)}}function c2(e,t,n,r,i,s,l){if(t==="innerHTML"||t==="textContent"){r&&l(r,i,s),e[t]=n??"";return}if(t==="value"&&e.tagName!=="PROGRESS"&&!e.tagName.includes("-")){e._value=n;const u=n??"";(e.value!==u||e.tagName==="OPTION")&&(e.value=u),n==null&&e.removeAttribute(t);return}let c=!1;if(n===""||n==null){const u=typeof e[t];u==="boolean"?n=Nv(n):n==null&&u==="string"?(n="",c=!0):u==="number"&&(n=0,c=!0)}try{e[t]=n}catch{}c&&e.removeAttribute(t)}function Es(e,t,n,r){e.addEventListener(t,n,r)}function u2(e,t,n,r){e.removeEventListener(t,n,r)}function d2(e,t,n,r,i=null){const s=e._vei||(e._vei={}),l=s[t];if(r&&l)l.value=r;else{const[c,u]=f2(t);if(r){const p=s[t]=_2(r,i);Es(e,c,p,u)}else l&&(u2(e,c,l,u),s[t]=void 0)}}const QE=/(?:Once|Passive|Capture)$/;function f2(e){let t;if(QE.test(e)){t={};let r;for(;r=e.match(QE);)e=e.slice(0,e.length-r[0].length),t[r[0].toLowerCase()]=!0}return[e[2]===":"?e.slice(3):eo(e.slice(2)),t]}let Vf=0;const p2=Promise.resolve(),h2=()=>Vf||(p2.then(()=>Vf=0),Vf=Date.now());function _2(e,t){const n=r=>{if(!r._vts)r._vts=Date.now();else if(r._vts<=n.attached)return;Cr(m2(r,n.value),t,5,[r])};return n.value=e,n.attached=h2(),n}function m2(e,t){if(st(t)){const n=e.stopImmediatePropagation;return e.stopImmediatePropagation=()=>{n.call(e),e._stopped=!0},t.map(r=>i=>!i._stopped&&r&&r(i))}else return t}const ZE=/^on[a-z]/,E2=(e,t,n,r,i=!1,s,l,c,u)=>{t==="class"?a2(e,r,i):t==="style"?s2(e,n,r):Vu(t)?kh(t)||d2(e,t,n,r,l):(t[0]==="."?(t=t.slice(1),!0):t[0]==="^"?(t=t.slice(1),!1):g2(e,t,r,i))?c2(e,t,r,s,l,c,u):(t==="true-value"?e._trueValue=r:t==="false-value"&&(e._falseValue=r),l2(e,t,r,i))};function g2(e,t,n,r){return r?!!(t==="innerHTML"||t==="textContent"||t in e&&ZE.test(t)&&lt(n)):t==="spellcheck"||t==="draggable"||t==="translate"||t==="form"||t==="list"&&e.tagName==="INPUT"||t==="type"&&e.tagName==="TEXTAREA"||ZE.test(t)&&qt(n)?!1:t in e}const eg=e=>{const t=e.props["onUpdate:modelValue"]||!1;return st(t)?n=>jc(t,n):t};function v2(e){e.target.composing=!0}function tg(e){const t=e.target;t.composing&&(t.composing=!1,t.dispatchEvent(new Event("input")))}const zf={created(e,{modifiers:{lazy:t,trim:n,number:r}},i){e._assign=eg(i);const s=r||i.props&&i.props.type==="number";Es(e,t?"change":"input",l=>{if(l.target.composing)return;let c=e.value;n&&(c=c.trim()),s&&(c=fu(c)),e._assign(c)}),n&&Es(e,"change",()=>{e.value=e.value.trim()}),t||(Es(e,"compositionstart",v2),Es(e,"compositionend",tg),Es(e,"change",tg))},mounted(e,{value:t}){e.value=t??""},beforeUpdate(e,{value:t,modifiers:{lazy:n,trim:r,number:i}},s){if(e._assign=eg(s),e.composing||document.activeElement===e&&e.type!=="range"&&(n||r&&e.value.trim()===t||(i||e.type==="number")&&fu(e.value)===t))return;const l=t??"";e.value!==l&&(e.value=l)}},T2=["ctrl","shift","alt","meta"],S2={stop:e=>e.stopPropagation(),prevent:e=>e.preventDefault(),self:e=>e.target!==e.currentTarget,ctrl:e=>!e.ctrlKey,shift:e=>!e.shiftKey,alt:e=>!e.altKey,meta:e=>!e.metaKey,left:e=>"button"in e&&e.button!==0,middle:e=>"button"in e&&e.button!==1,right:e=>"button"in e&&e.button!==2,exact:(e,t)=>T2.some(n=>e[`${n}Key`]&&!t.includes(n))},Rt=(e,t)=>(n,...r)=>{for(let i=0;i<t.length;i++){const s=S2[t[i]];if(s&&s(n,t))return}return e(n,...r)},A2=Rn({patchProp:E2},i2);let ng;function bT(){return ng||(ng=PI(A2))}const rg=(...e)=>{bT().render(...e)},RT=(...e)=>{const t=bT().createApp(...e),{mount:n}=t;return t.mount=r=>{const i=b2(r);if(!i)return;const s=t._component;!lt(s)&&!s.render&&!s.template&&(s.template=i.innerHTML),i.innerHTML="";const l=n(i,!1,i instanceof SVGElement);return i instanceof Element&&(i.removeAttribute("v-cloak"),i.setAttribute("data-v-app","")),l},t};function b2(e){return qt(e)?document.querySelector(e):e}var An="top",Kn="bottom",Xn="right",bn="left",ed="auto",ro=[An,Kn,Xn,bn],Fa="start",Ds="end",LT="clippingParents",jh="viewport",gs="popper",OT="reference",Wp=ro.reduce(function(e,t){return e.concat([t+"-"+Fa,t+"-"+Ds])},[]),Jh=[].concat(ro,[ed]).reduce(function(e,t){return e.concat([t,t+"-"+Fa,t+"-"+Ds])},[]),yT="beforeRead",NT="read",CT="afterRead",xT="beforeMain",wT="main",IT="afterMain",kT="beforeWrite",BT="write",PT="afterWrite",DT=[yT,NT,CT,xT,wT,IT,kT,BT,PT];function jr(e){return e?(e.nodeName||"").toLowerCase():null}function Yn(e){if(e==null)return window;if(e.toString()!=="[object Window]"){var t=e.ownerDocument;return t&&t.defaultView||window}return e}function Va(e){var t=Yn(e).Element;return e instanceof t||e instanceof Element}function sr(e){var t=Yn(e).HTMLElement;return e instanceof t||e instanceof HTMLElement}function Qh(e){if(typeof ShadowRoot>"u")return!1;var t=Yn(e).ShadowRoot;return e instanceof t||e instanceof ShadowRoot}function R2(e){var t=e.state;Object.keys(t.elements).forEach(function(n){var r=t.styles[n]||{},i=t.attributes[n]||{},s=t.elements[n];!sr(s)||!jr(s)||(Object.assign(s.style,r),Object.keys(i).forEach(function(l){var c=i[l];c===!1?s.removeAttribute(l):s.setAttribute(l,c===!0?"":c)}))})}function L2(e){var t=e.state,n={popper:{position:t.options.strategy,left:"0",top:"0",margin:"0"},arrow:{position:"absolute"},reference:{}};return Object.assign(t.elements.popper.style,n.popper),t.styles=n,t.elements.arrow&&Object.assign(t.elements.arrow.style,n.arrow),function(){Object.keys(t.elements).forEach(function(r){var i=t.elements[r],s=t.attributes[r]||{},l=Object.keys(t.styles.hasOwnProperty(r)?t.styles[r]:n[r]),c=l.reduce(function(u,p){return u[p]="",u},{});!sr(i)||!jr(i)||(Object.assign(i.style,c),Object.keys(s).forEach(function(u){i.removeAttribute(u)}))})}}const td={name:"applyStyles",enabled:!0,phase:"write",fn:R2,effect:L2,requires:["computeStyles"]};function Gr(e){return e.split("-")[0]}var Da=Math.max,mu=Math.min,Ms=Math.round;function Up(){var e=navigator.userAgentData;return e!=null&&e.brands&&Array.isArray(e.brands)?e.brands.map(function(t){return t.brand+"/"+t.version}).join(" "):navigator.userAgent}function MT(){return!/^((?!chrome|android).)*safari/i.test(Up())}function Hs(e,t,n){t===void 0&&(t=!1),n===void 0&&(n=!1);var r=e.getBoundingClientRect(),i=1,s=1;t&&sr(e)&&(i=e.offsetWidth>0&&Ms(r.width)/e.offsetWidth||1,s=e.offsetHeight>0&&Ms(r.height)/e.offsetHeight||1);var l=Va(e)?Yn(e):window,c=l.visualViewport,u=!MT()&&n,p=(r.left+(u&&c?c.offsetLeft:0))/i,f=(r.top+(u&&c?c.offsetTop:0))/s,g=r.width/i,S=r.height/s;return{width:g,height:S,top:f,right:p+g,bottom:f+S,left:p,x:p,y:f}}function Zh(e){var t=Hs(e),n=e.offsetWidth,r=e.offsetHeight;return Math.abs(t.width-n)<=1&&(n=t.width),Math.abs(t.height-r)<=1&&(r=t.height),{x:e.offsetLeft,y:e.offsetTop,width:n,height:r}}function HT(e,t){var n=t.getRootNode&&t.getRootNode();if(e.contains(t))return!0;if(n&&Qh(n)){var r=t;do{if(r&&e.isSameNode(r))return!0;r=r.parentNode||r.host}while(r)}return!1}function Ti(e){return Yn(e).getComputedStyle(e)}function O2(e){return["table","td","th"].indexOf(jr(e))>=0}function ra(e){return((Va(e)?e.ownerDocument:e.document)||window.document).documentElement}function nd(e){return jr(e)==="html"?e:e.assignedSlot||e.parentNode||(Qh(e)?e.host:null)||ra(e)}function ig(e){return!sr(e)||Ti(e).position==="fixed"?null:e.offsetParent}function y2(e){var t=/firefox/i.test(Up()),n=/Trident/i.test(Up());if(n&&sr(e)){var r=Ti(e);if(r.position==="fixed")return null}var i=nd(e);for(Qh(i)&&(i=i.host);sr(i)&&["html","body"].indexOf(jr(i))<0;){var s=Ti(i);if(s.transform!=="none"||s.perspective!=="none"||s.contain==="paint"||["transform","perspective"].indexOf(s.willChange)!==-1||t&&s.willChange==="filter"||t&&s.filter&&s.filter!=="none")return i;i=i.parentNode}return null}function ml(e){for(var t=Yn(e),n=ig(e);n&&O2(n)&&Ti(n).position==="static";)n=ig(n);return n&&(jr(n)==="html"||jr(n)==="body"&&Ti(n).position==="static")?t:n||y2(e)||t}function e_(e){return["top","bottom"].indexOf(e)>=0?"x":"y"}function $o(e,t,n){return Da(e,mu(t,n))}function N2(e,t,n){var r=$o(e,t,n);return r>n?n:r}function WT(){return{top:0,right:0,bottom:0,left:0}}function UT(e){return Object.assign({},WT(),e)}function $T(e,t){return t.reduce(function(n,r){return n[r]=e,n},{})}var C2=function(t,n){return t=typeof t=="function"?t(Object.assign({},n.rects,{placement:n.placement})):t,UT(typeof t!="number"?t:$T(t,ro))};function x2(e){var t,n=e.state,r=e.name,i=e.options,s=n.elements.arrow,l=n.modifiersData.popperOffsets,c=Gr(n.placement),u=e_(c),p=[bn,Xn].indexOf(c)>=0,f=p?"height":"width";if(!(!s||!l)){var g=C2(i.padding,n),S=Zh(s),L=u==="y"?An:bn,C=u==="y"?Kn:Xn,N=n.rects.reference[f]+n.rects.reference[u]-l[u]-n.rects.popper[f],F=l[u]-n.rects.reference[u],b=ml(s),D=b?u==="y"?b.clientHeight||0:b.clientWidth||0:0,H=N/2-F/2,E=g[L],B=D-S[f]-g[C],x=D/2-S[f]/2+H,V=$o(E,x,B),W=u;n.modifiersData[r]=(t={},t[W]=V,t.centerOffset=V-x,t)}}function w2(e){var t=e.state,n=e.options,r=n.element,i=r===void 0?"[data-popper-arrow]":r;i!=null&&(typeof i=="string"&&(i=t.elements.popper.querySelector(i),!i)||HT(t.elements.popper,i)&&(t.elements.arrow=i))}const FT={name:"arrow",enabled:!0,phase:"main",fn:x2,effect:w2,requires:["popperOffsets"],requiresIfExists:["preventOverflow"]};function Ws(e){return e.split("-")[1]}var I2={top:"auto",right:"auto",bottom:"auto",left:"auto"};function k2(e,t){var n=e.x,r=e.y,i=t.devicePixelRatio||1;return{x:Ms(n*i)/i||0,y:Ms(r*i)/i||0}}function ag(e){var t,n=e.popper,r=e.popperRect,i=e.placement,s=e.variation,l=e.offsets,c=e.position,u=e.gpuAcceleration,p=e.adaptive,f=e.roundOffsets,g=e.isFixed,S=l.x,L=S===void 0?0:S,C=l.y,N=C===void 0?0:C,F=typeof f=="function"?f({x:L,y:N}):{x:L,y:N};L=F.x,N=F.y;var b=l.hasOwnProperty("x"),D=l.hasOwnProperty("y"),H=bn,E=An,B=window;if(p){var x=ml(n),V="clientHeight",W="clientWidth";if(x===Yn(n)&&(x=ra(n),Ti(x).position!=="static"&&c==="absolute"&&(V="scrollHeight",W="scrollWidth")),x=x,i===An||(i===bn||i===Xn)&&s===Ds){E=Kn;var R=g&&x===B&&B.visualViewport?B.visualViewport.height:x[V];N-=R-r.height,N*=u?1:-1}if(i===bn||(i===An||i===Kn)&&s===Ds){H=Xn;var le=g&&x===B&&B.visualViewport?B.visualViewport.width:x[W];L-=le-r.width,L*=u?1:-1}}var $=Object.assign({position:c},p&&I2),Z=f===!0?k2({x:L,y:N},Yn(n)):{x:L,y:N};if(L=Z.x,N=Z.y,u){var ue;return Object.assign({},$,(ue={},ue[E]=D?"0":"",ue[H]=b?"0":"",ue.transform=(B.devicePixelRatio||1)<=1?"translate("+L+"px, "+N+"px)":"translate3d("+L+"px, "+N+"px, 0)",ue))}return Object.assign({},$,(t={},t[E]=D?N+"px":"",t[H]=b?L+"px":"",t.transform="",t))}function B2(e){var t=e.state,n=e.options,r=n.gpuAcceleration,i=r===void 0?!0:r,s=n.adaptive,l=s===void 0?!0:s,c=n.roundOffsets,u=c===void 0?!0:c,p={placement:Gr(t.placement),variation:Ws(t.placement),popper:t.elements.popper,popperRect:t.rects.popper,gpuAcceleration:i,isFixed:t.options.strategy==="fixed"};t.modifiersData.popperOffsets!=null&&(t.styles.popper=Object.assign({},t.styles.popper,ag(Object.assign({},p,{offsets:t.modifiersData.popperOffsets,position:t.options.strategy,adaptive:l,roundOffsets:u})))),t.modifiersData.arrow!=null&&(t.styles.arrow=Object.assign({},t.styles.arrow,ag(Object.assign({},p,{offsets:t.modifiersData.arrow,position:"absolute",adaptive:!1,roundOffsets:u})))),t.attributes.popper=Object.assign({},t.attributes.popper,{"data-popper-placement":t.placement})}const t_={name:"computeStyles",enabled:!0,phase:"beforeWrite",fn:B2,data:{}};var bc={passive:!0};function P2(e){var t=e.state,n=e.instance,r=e.options,i=r.scroll,s=i===void 0?!0:i,l=r.resize,c=l===void 0?!0:l,u=Yn(t.elements.popper),p=[].concat(t.scrollParents.reference,t.scrollParents.popper);return s&&p.forEach(function(f){f.addEventListener("scroll",n.update,bc)}),c&&u.addEventListener("resize",n.update,bc),function(){s&&p.forEach(function(f){f.removeEventListener("scroll",n.update,bc)}),c&&u.removeEventListener("resize",n.update,bc)}}const n_={name:"eventListeners",enabled:!0,phase:"write",fn:function(){},effect:P2,data:{}};var D2={left:"right",right:"left",bottom:"top",top:"bottom"};function Zc(e){return e.replace(/left|right|bottom|top/g,function(t){return D2[t]})}var M2={start:"end",end:"start"};function sg(e){return e.replace(/start|end/g,function(t){return M2[t]})}function r_(e){var t=Yn(e),n=t.pageXOffset,r=t.pageYOffset;return{scrollLeft:n,scrollTop:r}}function i_(e){return Hs(ra(e)).left+r_(e).scrollLeft}function H2(e,t){var n=Yn(e),r=ra(e),i=n.visualViewport,s=r.clientWidth,l=r.clientHeight,c=0,u=0;if(i){s=i.width,l=i.height;var p=MT();(p||!p&&t==="fixed")&&(c=i.offsetLeft,u=i.offsetTop)}return{width:s,height:l,x:c+i_(e),y:u}}function W2(e){var t,n=ra(e),r=r_(e),i=(t=e.ownerDocument)==null?void 0:t.body,s=Da(n.scrollWidth,n.clientWidth,i?i.scrollWidth:0,i?i.clientWidth:0),l=Da(n.scrollHeight,n.clientHeight,i?i.scrollHeight:0,i?i.clientHeight:0),c=-r.scrollLeft+i_(e),u=-r.scrollTop;return Ti(i||n).direction==="rtl"&&(c+=Da(n.clientWidth,i?i.clientWidth:0)-s),{width:s,height:l,x:c,y:u}}function a_(e){var t=Ti(e),n=t.overflow,r=t.overflowX,i=t.overflowY;return/auto|scroll|overlay|hidden/.test(n+i+r)}function VT(e){return["html","body","#document"].indexOf(jr(e))>=0?e.ownerDocument.body:sr(e)&&a_(e)?e:VT(nd(e))}function Fo(e,t){var n;t===void 0&&(t=[]);var r=VT(e),i=r===((n=e.ownerDocument)==null?void 0:n.body),s=Yn(r),l=i?[s].concat(s.visualViewport||[],a_(r)?r:[]):r,c=t.concat(l);return i?c:c.concat(Fo(nd(l)))}function $p(e){return Object.assign({},e,{left:e.x,top:e.y,right:e.x+e.width,bottom:e.y+e.height})}function U2(e,t){var n=Hs(e,!1,t==="fixed");return n.top=n.top+e.clientTop,n.left=n.left+e.clientLeft,n.bottom=n.top+e.clientHeight,n.right=n.left+e.clientWidth,n.width=e.clientWidth,n.height=e.clientHeight,n.x=n.left,n.y=n.top,n}function og(e,t,n){return t===jh?$p(H2(e,n)):Va(t)?U2(t,n):$p(W2(ra(e)))}function $2(e){var t=Fo(nd(e)),n=["absolute","fixed"].indexOf(Ti(e).position)>=0,r=n&&sr(e)?ml(e):e;return Va(r)?t.filter(function(i){return Va(i)&&HT(i,r)&&jr(i)!=="body"}):[]}function F2(e,t,n,r){var i=t==="clippingParents"?$2(e):[].concat(t),s=[].concat(i,[n]),l=s[0],c=s.reduce(function(u,p){var f=og(e,p,r);return u.top=Da(f.top,u.top),u.right=mu(f.right,u.right),u.bottom=mu(f.bottom,u.bottom),u.left=Da(f.left,u.left),u},og(e,l,r));return c.width=c.right-c.left,c.height=c.bottom-c.top,c.x=c.left,c.y=c.top,c}function zT(e){var t=e.reference,n=e.element,r=e.placement,i=r?Gr(r):null,s=r?Ws(r):null,l=t.x+t.width/2-n.width/2,c=t.y+t.height/2-n.height/2,u;switch(i){case An:u={x:l,y:t.y-n.height};break;case Kn:u={x:l,y:t.y+t.height};break;case Xn:u={x:t.x+t.width,y:c};break;case bn:u={x:t.x-n.width,y:c};break;default:u={x:t.x,y:t.y}}var p=i?e_(i):null;if(p!=null){var f=p==="y"?"height":"width";switch(s){case Fa:u[p]=u[p]-(t[f]/2-n[f]/2);break;case Ds:u[p]=u[p]+(t[f]/2-n[f]/2);break}}return u}function Us(e,t){t===void 0&&(t={});var n=t,r=n.placement,i=r===void 0?e.placement:r,s=n.strategy,l=s===void 0?e.strategy:s,c=n.boundary,u=c===void 0?LT:c,p=n.rootBoundary,f=p===void 0?jh:p,g=n.elementContext,S=g===void 0?gs:g,L=n.altBoundary,C=L===void 0?!1:L,N=n.padding,F=N===void 0?0:N,b=UT(typeof F!="number"?F:$T(F,ro)),D=S===gs?OT:gs,H=e.rects.popper,E=e.elements[C?D:S],B=F2(Va(E)?E:E.contextElement||ra(e.elements.popper),u,f,l),x=Hs(e.elements.reference),V=zT({reference:x,element:H,strategy:"absolute",placement:i}),W=$p(Object.assign({},H,V)),R=S===gs?W:x,le={top:B.top-R.top+b.top,bottom:R.bottom-B.bottom+b.bottom,left:B.left-R.left+b.left,right:R.right-B.right+b.right},$=e.modifiersData.offset;if(S===gs&&$){var Z=$[i];Object.keys(le).forEach(function(ue){var K=[Xn,Kn].indexOf(ue)>=0?1:-1,me=[An,Kn].indexOf(ue)>=0?"y":"x";le[ue]+=Z[me]*K})}return le}function V2(e,t){t===void 0&&(t={});var n=t,r=n.placement,i=n.boundary,s=n.rootBoundary,l=n.padding,c=n.flipVariations,u=n.allowedAutoPlacements,p=u===void 0?Jh:u,f=Ws(r),g=f?c?Wp:Wp.filter(function(C){return Ws(C)===f}):ro,S=g.filter(function(C){return p.indexOf(C)>=0});S.length===0&&(S=g);var L=S.reduce(function(C,N){return C[N]=Us(e,{placement:N,boundary:i,rootBoundary:s,padding:l})[Gr(N)],C},{});return Object.keys(L).sort(function(C,N){return L[C]-L[N]})}function z2(e){if(Gr(e)===ed)return[];var t=Zc(e);return[sg(e),t,sg(t)]}function G2(e){var t=e.state,n=e.options,r=e.name;if(!t.modifiersData[r]._skip){for(var i=n.mainAxis,s=i===void 0?!0:i,l=n.altAxis,c=l===void 0?!0:l,u=n.fallbackPlacements,p=n.padding,f=n.boundary,g=n.rootBoundary,S=n.altBoundary,L=n.flipVariations,C=L===void 0?!0:L,N=n.allowedAutoPlacements,F=t.options.placement,b=Gr(F),D=b===F,H=u||(D||!C?[Zc(F)]:z2(F)),E=[F].concat(H).reduce(function(ae,ee){return ae.concat(Gr(ee)===ed?V2(t,{placement:ee,boundary:f,rootBoundary:g,padding:p,flipVariations:C,allowedAutoPlacements:N}):ee)},[]),B=t.rects.reference,x=t.rects.popper,V=new Map,W=!0,R=E[0],le=0;le<E.length;le++){var $=E[le],Z=Gr($),ue=Ws($)===Fa,K=[An,Kn].indexOf(Z)>=0,me=K?"width":"height",I=Us(t,{placement:$,boundary:f,rootBoundary:g,altBoundary:S,padding:p}),q=K?ue?Xn:bn:ue?Kn:An;B[me]>x[me]&&(q=Zc(q));var te=Zc(q),Ee=[];if(s&&Ee.push(I[Z]<=0),c&&Ee.push(I[q]<=0,I[te]<=0),Ee.every(function(ae){return ae})){R=$,W=!1;break}V.set($,Ee)}if(W)for(var _e=C?3:1,re=function(ee){var ne=E.find(function(xe){var Me=V.get(xe);if(Me)return Me.slice(0,ee).every(function(Xe){return Xe})});if(ne)return R=ne,"break"},ie=_e;ie>0;ie--){var Se=re(ie);if(Se==="break")break}t.placement!==R&&(t.modifiersData[r]._skip=!0,t.placement=R,t.reset=!0)}}const GT={name:"flip",enabled:!0,phase:"main",fn:G2,requiresIfExists:["offset"],data:{_skip:!1}};function lg(e,t,n){return n===void 0&&(n={x:0,y:0}),{top:e.top-t.height-n.y,right:e.right-t.width+n.x,bottom:e.bottom-t.height+n.y,left:e.left-t.width-n.x}}function cg(e){return[An,Xn,Kn,bn].some(function(t){return e[t]>=0})}function K2(e){var t=e.state,n=e.name,r=t.rects.reference,i=t.rects.popper,s=t.modifiersData.preventOverflow,l=Us(t,{elementContext:"reference"}),c=Us(t,{altBoundary:!0}),u=lg(l,r),p=lg(c,i,s),f=cg(u),g=cg(p);t.modifiersData[n]={referenceClippingOffsets:u,popperEscapeOffsets:p,isReferenceHidden:f,hasPopperEscaped:g},t.attributes.popper=Object.assign({},t.attributes.popper,{"data-popper-reference-hidden":f,"data-popper-escaped":g})}const KT={name:"hide",enabled:!0,phase:"main",requiresIfExists:["preventOverflow"],fn:K2};function X2(e,t,n){var r=Gr(e),i=[bn,An].indexOf(r)>=0?-1:1,s=typeof n=="function"?n(Object.assign({},t,{placement:e})):n,l=s[0],c=s[1];return l=l||0,c=(c||0)*i,[bn,Xn].indexOf(r)>=0?{x:c,y:l}:{x:l,y:c}}function Y2(e){var t=e.state,n=e.options,r=e.name,i=n.offset,s=i===void 0?[0,0]:i,l=Jh.reduce(function(f,g){return f[g]=X2(g,t.rects,s),f},{}),c=l[t.placement],u=c.x,p=c.y;t.modifiersData.popperOffsets!=null&&(t.modifiersData.popperOffsets.x+=u,t.modifiersData.popperOffsets.y+=p),t.modifiersData[r]=l}const XT={name:"offset",enabled:!0,phase:"main",requires:["popperOffsets"],fn:Y2};function q2(e){var t=e.state,n=e.name;t.modifiersData[n]=zT({reference:t.rects.reference,element:t.rects.popper,strategy:"absolute",placement:t.placement})}const s_={name:"popperOffsets",enabled:!0,phase:"read",fn:q2,data:{}};function j2(e){return e==="x"?"y":"x"}function J2(e){var t=e.state,n=e.options,r=e.name,i=n.mainAxis,s=i===void 0?!0:i,l=n.altAxis,c=l===void 0?!1:l,u=n.boundary,p=n.rootBoundary,f=n.altBoundary,g=n.padding,S=n.tether,L=S===void 0?!0:S,C=n.tetherOffset,N=C===void 0?0:C,F=Us(t,{boundary:u,rootBoundary:p,padding:g,altBoundary:f}),b=Gr(t.placement),D=Ws(t.placement),H=!D,E=e_(b),B=j2(E),x=t.modifiersData.popperOffsets,V=t.rects.reference,W=t.rects.popper,R=typeof N=="function"?N(Object.assign({},t.rects,{placement:t.placement})):N,le=typeof R=="number"?{mainAxis:R,altAxis:R}:Object.assign({mainAxis:0,altAxis:0},R),$=t.modifiersData.offset?t.modifiersData.offset[t.placement]:null,Z={x:0,y:0};if(x){if(s){var ue,K=E==="y"?An:bn,me=E==="y"?Kn:Xn,I=E==="y"?"height":"width",q=x[E],te=q+F[K],Ee=q-F[me],_e=L?-W[I]/2:0,re=D===Fa?V[I]:W[I],ie=D===Fa?-W[I]:-V[I],Se=t.elements.arrow,ae=L&&Se?Zh(Se):{width:0,height:0},ee=t.modifiersData["arrow#persistent"]?t.modifiersData["arrow#persistent"].padding:WT(),ne=ee[K],xe=ee[me],Me=$o(0,V[I],ae[I]),Xe=H?V[I]/2-_e-Me-ne-le.mainAxis:re-Me-ne-le.mainAxis,At=H?-V[I]/2+_e+Me+xe+le.mainAxis:ie+Me+xe+le.mainAxis,Ct=t.elements.arrow&&ml(t.elements.arrow),U=Ct?E==="y"?Ct.clientTop||0:Ct.clientLeft||0:0,X=(ue=$?.[E])!=null?ue:0,se=q+Xe-X-U,Te=q+At-X,Y=$o(L?mu(te,se):te,q,L?Da(Ee,Te):Ee);x[E]=Y,Z[E]=Y-q}if(c){var G,Oe=E==="x"?An:bn,ge=E==="x"?Kn:Xn,fe=x[B],pe=B==="y"?"height":"width",De=fe+F[Oe],ke=fe-F[ge],Ue=[An,bn].indexOf(b)!==-1,he=(G=$?.[B])!=null?G:0,ye=Ue?De:fe-V[pe]-W[pe]-he+le.altAxis,Pe=Ue?fe+V[pe]+W[pe]-he-le.altAxis:ke,He=L&&Ue?N2(ye,fe,Pe):$o(L?ye:De,fe,L?Pe:ke);x[B]=He,Z[B]=He-fe}t.modifiersData[r]=Z}}const YT={name:"preventOverflow",enabled:!0,phase:"main",fn:J2,requiresIfExists:["offset"]};function Q2(e){return{scrollLeft:e.scrollLeft,scrollTop:e.scrollTop}}function Z2(e){return e===Yn(e)||!sr(e)?r_(e):Q2(e)}function ek(e){var t=e.getBoundingClientRect(),n=Ms(t.width)/e.offsetWidth||1,r=Ms(t.height)/e.offsetHeight||1;return n!==1||r!==1}function tk(e,t,n){n===void 0&&(n=!1);var r=sr(t),i=sr(t)&&ek(t),s=ra(t),l=Hs(e,i,n),c={scrollLeft:0,scrollTop:0},u={x:0,y:0};return(r||!r&&!n)&&((jr(t)!=="body"||a_(s))&&(c=Z2(t)),sr(t)?(u=Hs(t,!0),u.x+=t.clientLeft,u.y+=t.clientTop):s&&(u.x=i_(s))),{x:l.left+c.scrollLeft-u.x,y:l.top+c.scrollTop-u.y,width:l.width,height:l.height}}function nk(e){var t=new Map,n=new Set,r=[];e.forEach(function(s){t.set(s.name,s)});function i(s){n.add(s.name);var l=[].concat(s.requires||[],s.requiresIfExists||[]);l.forEach(function(c){if(!n.has(c)){var u=t.get(c);u&&i(u)}}),r.push(s)}return e.forEach(function(s){n.has(s.name)||i(s)}),r}function rk(e){var t=nk(e);return DT.reduce(function(n,r){return n.concat(t.filter(function(i){return i.phase===r}))},[])}function ik(e){var t;return function(){return t||(t=new Promise(function(n){Promise.resolve().then(function(){t=void 0,n(e())})})),t}}function ak(e){var t=e.reduce(function(n,r){var i=n[r.name];return n[r.name]=i?Object.assign({},i,r,{options:Object.assign({},i.options,r.options),data:Object.assign({},i.data,r.data)}):r,n},{});return Object.keys(t).map(function(n){return t[n]})}var ug={placement:"bottom",modifiers:[],strategy:"absolute"};function dg(){for(var e=arguments.length,t=new Array(e),n=0;n<e;n++)t[n]=arguments[n];return!t.some(function(r){return!(r&&typeof r.getBoundingClientRect=="function")})}function rd(e){e===void 0&&(e={});var t=e,n=t.defaultModifiers,r=n===void 0?[]:n,i=t.defaultOptions,s=i===void 0?ug:i;return function(c,u,p){p===void 0&&(p=s);var f={placement:"bottom",orderedModifiers:[],options:Object.assign({},ug,s),modifiersData:{},elements:{reference:c,popper:u},attributes:{},styles:{}},g=[],S=!1,L={state:f,setOptions:function(b){var D=typeof b=="function"?b(f.options):b;N(),f.options=Object.assign({},s,f.options,D),f.scrollParents={reference:Va(c)?Fo(c):c.contextElement?Fo(c.contextElement):[],popper:Fo(u)};var H=rk(ak([].concat(r,f.options.modifiers)));return f.orderedModifiers=H.filter(function(E){return E.enabled}),C(),L.update()},forceUpdate:function(){if(!S){var b=f.elements,D=b.reference,H=b.popper;if(dg(D,H)){f.rects={reference:tk(D,ml(H),f.options.strategy==="fixed"),popper:Zh(H)},f.reset=!1,f.placement=f.options.placement,f.orderedModifiers.forEach(function(le){return f.modifiersData[le.name]=Object.assign({},le.data)});for(var E=0;E<f.orderedModifiers.length;E++){if(f.reset===!0){f.reset=!1,E=-1;continue}var B=f.orderedModifiers[E],x=B.fn,V=B.options,W=V===void 0?{}:V,R=B.name;typeof x=="function"&&(f=x({state:f,options:W,name:R,instance:L})||f)}}}},update:ik(function(){return new Promise(function(F){L.forceUpdate(),F(f)})}),destroy:function(){N(),S=!0}};if(!dg(c,u))return L;L.setOptions(p).then(function(F){!S&&p.onFirstUpdate&&p.onFirstUpdate(F)});function C(){f.orderedModifiers.forEach(function(F){var b=F.name,D=F.options,H=D===void 0?{}:D,E=F.effect;if(typeof E=="function"){var B=E({state:f,name:b,instance:L,options:H}),x=function(){};g.push(B||x)}})}function N(){g.forEach(function(F){return F()}),g=[]}return L}}var sk=rd(),ok=[n_,s_,t_,td],lk=rd({defaultModifiers:ok}),ck=[n_,s_,t_,td,XT,GT,YT,FT,KT],id=rd({defaultModifiers:ck});const qT=Object.freeze(Object.defineProperty({__proto__:null,afterMain:IT,afterRead:CT,afterWrite:PT,applyStyles:td,arrow:FT,auto:ed,basePlacements:ro,beforeMain:xT,beforeRead:yT,beforeWrite:kT,bottom:Kn,clippingParents:LT,computeStyles:t_,createPopper:id,createPopperBase:sk,createPopperLite:lk,detectOverflow:Us,end:Ds,eventListeners:n_,flip:GT,hide:KT,left:bn,main:wT,modifierPhases:DT,offset:XT,placements:Jh,popper:gs,popperGenerator:rd,popperOffsets:s_,preventOverflow:YT,read:NT,reference:OT,right:Xn,start:Fa,top:An,variationPlacements:Wp,viewport:jh,write:BT},Symbol.toStringTag,{value:"Module"}));/*!
  * Bootstrap v5.3.2 (https://getbootstrap.com/)
  * Copyright 2011-2023 The Bootstrap Authors (https://github.com/twbs/bootstrap/graphs/contributors)
  * Licensed under MIT (https://github.com/twbs/bootstrap/blob/main/LICENSE)
  */const Ui=new Map,Gf={set(e,t,n){Ui.has(e)||Ui.set(e,new Map);const r=Ui.get(e);if(!r.has(t)&&r.size!==0){console.error(`Bootstrap doesn't allow more than one instance per element. Bound instance: ${Array.from(r.keys())[0]}.`);return}r.set(t,n)},get(e,t){return Ui.has(e)&&Ui.get(e).get(t)||null},remove(e,t){if(!Ui.has(e))return;const n=Ui.get(e);n.delete(t),n.size===0&&Ui.delete(e)}},uk=1e6,dk=1e3,Fp="transitionend",jT=e=>(e&&window.CSS&&window.CSS.escape&&(e=e.replace(/#([^\s"#']+)/g,(t,n)=>`#${CSS.escape(n)}`)),e),fk=e=>e==null?`${e}`:Object.prototype.toString.call(e).match(/\s([a-z]+)/i)[1].toLowerCase(),pk=e=>{do e+=Math.floor(Math.random()*uk);while(document.getElementById(e));return e},hk=e=>{if(!e)return 0;let{transitionDuration:t,transitionDelay:n}=window.getComputedStyle(e);const r=Number.parseFloat(t),i=Number.parseFloat(n);return!r&&!i?0:(t=t.split(",")[0],n=n.split(",")[0],(Number.parseFloat(t)+Number.parseFloat(n))*dk)},JT=e=>{e.dispatchEvent(new Event(Fp))},mi=e=>!e||typeof e!="object"?!1:(typeof e.jquery<"u"&&(e=e[0]),typeof e.nodeType<"u"),ji=e=>mi(e)?e.jquery?e[0]:e:typeof e=="string"&&e.length>0?document.querySelector(jT(e)):null,io=e=>{if(!mi(e)||e.getClientRects().length===0)return!1;const t=getComputedStyle(e).getPropertyValue("visibility")==="visible",n=e.closest("details:not([open])");if(!n)return t;if(n!==e){const r=e.closest("summary");if(r&&r.parentNode!==n||r===null)return!1}return t},Ji=e=>!e||e.nodeType!==Node.ELEMENT_NODE||e.classList.contains("disabled")?!0:typeof e.disabled<"u"?e.disabled:e.hasAttribute("disabled")&&e.getAttribute("disabled")!=="false",QT=e=>{if(!document.documentElement.attachShadow)return null;if(typeof e.getRootNode=="function"){const t=e.getRootNode();return t instanceof ShadowRoot?t:null}return e instanceof ShadowRoot?e:e.parentNode?QT(e.parentNode):null},Eu=()=>{},El=e=>{e.offsetHeight},ZT=()=>window.jQuery&&!document.body.hasAttribute("data-bs-no-jquery")?window.jQuery:null,Kf=[],_k=e=>{document.readyState==="loading"?(Kf.length||document.addEventListener("DOMContentLoaded",()=>{for(const t of Kf)t()}),Kf.push(e)):e()},lr=()=>document.documentElement.dir==="rtl",fr=e=>{_k(()=>{const t=ZT();if(t){const n=e.NAME,r=t.fn[n];t.fn[n]=e.jQueryInterface,t.fn[n].Constructor=e,t.fn[n].noConflict=()=>(t.fn[n]=r,e.jQueryInterface)}})},In=(e,t=[],n=e)=>typeof e=="function"?e(...t):n,eS=(e,t,n=!0)=>{if(!n){In(e);return}const r=5,i=hk(t)+r;let s=!1;const l=({target:c})=>{c===t&&(s=!0,t.removeEventListener(Fp,l),In(e))};t.addEventListener(Fp,l),setTimeout(()=>{s||JT(t)},i)},o_=(e,t,n,r)=>{const i=e.length;let s=e.indexOf(t);return s===-1?!n&&r?e[i-1]:e[0]:(s+=n?1:-1,r&&(s=(s+i)%i),e[Math.max(0,Math.min(s,i-1))])},mk=/[^.]*(?=\..*)\.|.*/,Ek=/\..*/,gk=/::\d+$/,Xf={};let fg=1;const tS={mouseenter:"mouseover",mouseleave:"mouseout"},vk=new Set(["click","dblclick","mouseup","mousedown","contextmenu","mousewheel","DOMMouseScroll","mouseover","mouseout","mousemove","selectstart","selectend","keydown","keypress","keyup","orientationchange","touchstart","touchmove","touchend","touchcancel","pointerdown","pointermove","pointerup","pointerleave","pointercancel","gesturestart","gesturechange","gestureend","focus","blur","change","reset","select","submit","focusin","focusout","load","unload","beforeunload","resize","move","DOMContentLoaded","readystatechange","error","abort","scroll"]);function nS(e,t){return t&&`${t}::${fg++}`||e.uidEvent||fg++}function rS(e){const t=nS(e);return e.uidEvent=t,Xf[t]=Xf[t]||{},Xf[t]}function Tk(e,t){return function n(r){return l_(r,{delegateTarget:e}),n.oneOff&&Ce.off(e,r.type,t),t.apply(e,[r])}}function Sk(e,t,n){return function r(i){const s=e.querySelectorAll(t);for(let{target:l}=i;l&&l!==this;l=l.parentNode)for(const c of s)if(c===l)return l_(i,{delegateTarget:l}),r.oneOff&&Ce.off(e,i.type,t,n),n.apply(l,[i])}}function iS(e,t,n=null){return Object.values(e).find(r=>r.callable===t&&r.delegationSelector===n)}function aS(e,t,n){const r=typeof t=="string",i=r?n:t||n;let s=sS(e);return vk.has(s)||(s=e),[r,i,s]}function pg(e,t,n,r,i){if(typeof t!="string"||!e)return;let[s,l,c]=aS(t,n,r);t in tS&&(l=(C=>function(N){if(!N.relatedTarget||N.relatedTarget!==N.delegateTarget&&!N.delegateTarget.contains(N.relatedTarget))return C.call(this,N)})(l));const u=rS(e),p=u[c]||(u[c]={}),f=iS(p,l,s?n:null);if(f){f.oneOff=f.oneOff&&i;return}const g=nS(l,t.replace(mk,"")),S=s?Sk(e,n,l):Tk(e,l);S.delegationSelector=s?n:null,S.callable=l,S.oneOff=i,S.uidEvent=g,p[g]=S,e.addEventListener(c,S,s)}function Vp(e,t,n,r,i){const s=iS(t[n],r,i);s&&(e.removeEventListener(n,s,!!i),delete t[n][s.uidEvent])}function Ak(e,t,n,r){const i=t[n]||{};for(const[s,l]of Object.entries(i))s.includes(r)&&Vp(e,t,n,l.callable,l.delegationSelector)}function sS(e){return e=e.replace(Ek,""),tS[e]||e}const Ce={on(e,t,n,r){pg(e,t,n,r,!1)},one(e,t,n,r){pg(e,t,n,r,!0)},off(e,t,n,r){if(typeof t!="string"||!e)return;const[i,s,l]=aS(t,n,r),c=l!==t,u=rS(e),p=u[l]||{},f=t.startsWith(".");if(typeof s<"u"){if(!Object.keys(p).length)return;Vp(e,u,l,s,i?n:null);return}if(f)for(const g of Object.keys(u))Ak(e,u,g,t.slice(1));for(const[g,S]of Object.entries(p)){const L=g.replace(gk,"");(!c||t.includes(L))&&Vp(e,u,l,S.callable,S.delegationSelector)}},trigger(e,t,n){if(typeof t!="string"||!e)return null;const r=ZT(),i=sS(t),s=t!==i;let l=null,c=!0,u=!0,p=!1;s&&r&&(l=r.Event(t,n),r(e).trigger(l),c=!l.isPropagationStopped(),u=!l.isImmediatePropagationStopped(),p=l.isDefaultPrevented());const f=l_(new Event(t,{bubbles:c,cancelable:!0}),n);return p&&f.preventDefault(),u&&e.dispatchEvent(f),f.defaultPrevented&&l&&l.preventDefault(),f}};function l_(e,t={}){for(const[n,r]of Object.entries(t))try{e[n]=r}catch{Object.defineProperty(e,n,{configurable:!0,get(){return r}})}return e}function hg(e){if(e==="true")return!0;if(e==="false")return!1;if(e===Number(e).toString())return Number(e);if(e===""||e==="null")return null;if(typeof e!="string")return e;try{return JSON.parse(decodeURIComponent(e))}catch{return e}}function Yf(e){return e.replace(/[A-Z]/g,t=>`-${t.toLowerCase()}`)}const Ei={setDataAttribute(e,t,n){e.setAttribute(`data-bs-${Yf(t)}`,n)},removeDataAttribute(e,t){e.removeAttribute(`data-bs-${Yf(t)}`)},getDataAttributes(e){if(!e)return{};const t={},n=Object.keys(e.dataset).filter(r=>r.startsWith("bs")&&!r.startsWith("bsConfig"));for(const r of n){let i=r.replace(/^bs/,"");i=i.charAt(0).toLowerCase()+i.slice(1,i.length),t[i]=hg(e.dataset[r])}return t},getDataAttribute(e,t){return hg(e.getAttribute(`data-bs-${Yf(t)}`))}};class gl{static get Default(){return{}}static get DefaultType(){return{}}static get NAME(){throw new Error('You have to implement the static method "NAME", for each component!')}_getConfig(t){return t=this._mergeConfigObj(t),t=this._configAfterMerge(t),this._typeCheckConfig(t),t}_configAfterMerge(t){return t}_mergeConfigObj(t,n){const r=mi(n)?Ei.getDataAttribute(n,"config"):{};return{...this.constructor.Default,...typeof r=="object"?r:{},...mi(n)?Ei.getDataAttributes(n):{},...typeof t=="object"?t:{}}}_typeCheckConfig(t,n=this.constructor.DefaultType){for(const[r,i]of Object.entries(n)){const s=t[r],l=mi(s)?"element":fk(s);if(!new RegExp(i).test(l))throw new TypeError(`${this.constructor.NAME.toUpperCase()}: Option "${r}" provided type "${l}" but expected type "${i}".`)}}}const bk="5.3.2";class xr extends gl{constructor(t,n){super(),t=ji(t),t&&(this._element=t,this._config=this._getConfig(n),Gf.set(this._element,this.constructor.DATA_KEY,this))}dispose(){Gf.remove(this._element,this.constructor.DATA_KEY),Ce.off(this._element,this.constructor.EVENT_KEY);for(const t of Object.getOwnPropertyNames(this))this[t]=null}_queueCallback(t,n,r=!0){eS(t,n,r)}_getConfig(t){return t=this._mergeConfigObj(t,this._element),t=this._configAfterMerge(t),this._typeCheckConfig(t),t}static getInstance(t){return Gf.get(ji(t),this.DATA_KEY)}static getOrCreateInstance(t,n={}){return this.getInstance(t)||new this(t,typeof n=="object"?n:null)}static get VERSION(){return bk}static get DATA_KEY(){return`bs.${this.NAME}`}static get EVENT_KEY(){return`.${this.DATA_KEY}`}static eventName(t){return`${t}${this.EVENT_KEY}`}}const qf=e=>{let t=e.getAttribute("data-bs-target");if(!t||t==="#"){let n=e.getAttribute("href");if(!n||!n.includes("#")&&!n.startsWith("."))return null;n.includes("#")&&!n.startsWith("#")&&(n=`#${n.split("#")[1]}`),t=n&&n!=="#"?jT(n.trim()):null}return t},Qe={find(e,t=document.documentElement){return[].concat(...Element.prototype.querySelectorAll.call(t,e))},findOne(e,t=document.documentElement){return Element.prototype.querySelector.call(t,e)},children(e,t){return[].concat(...e.children).filter(n=>n.matches(t))},parents(e,t){const n=[];let r=e.parentNode.closest(t);for(;r;)n.push(r),r=r.parentNode.closest(t);return n},prev(e,t){let n=e.previousElementSibling;for(;n;){if(n.matches(t))return[n];n=n.previousElementSibling}return[]},next(e,t){let n=e.nextElementSibling;for(;n;){if(n.matches(t))return[n];n=n.nextElementSibling}return[]},focusableChildren(e){const t=["a","button","input","textarea","select","details","[tabindex]",'[contenteditable="true"]'].map(n=>`${n}:not([tabindex^="-"])`).join(",");return this.find(t,e).filter(n=>!Ji(n)&&io(n))},getSelectorFromElement(e){const t=qf(e);return t&&Qe.findOne(t)?t:null},getElementFromSelector(e){const t=qf(e);return t?Qe.findOne(t):null},getMultipleElementsFromSelector(e){const t=qf(e);return t?Qe.find(t):[]}},ad=(e,t="hide")=>{const n=`click.dismiss${e.EVENT_KEY}`,r=e.NAME;Ce.on(document,n,`[data-bs-dismiss="${r}"]`,function(i){if(["A","AREA"].includes(this.tagName)&&i.preventDefault(),Ji(this))return;const s=Qe.getElementFromSelector(this)||this.closest(`.${r}`);e.getOrCreateInstance(s)[t]()})},Rk="alert",Lk="bs.alert",oS=`.${Lk}`,Ok=`close${oS}`,yk=`closed${oS}`,Nk="fade",Ck="show";class sd extends xr{static get NAME(){return Rk}close(){if(Ce.trigger(this._element,Ok).defaultPrevented)return;this._element.classList.remove(Ck);const n=this._element.classList.contains(Nk);this._queueCallback(()=>this._destroyElement(),this._element,n)}_destroyElement(){this._element.remove(),Ce.trigger(this._element,yk),this.dispose()}static jQueryInterface(t){return this.each(function(){const n=sd.getOrCreateInstance(this);if(typeof t=="string"){if(n[t]===void 0||t.startsWith("_")||t==="constructor")throw new TypeError(`No method named "${t}"`);n[t](this)}})}}ad(sd,"close");fr(sd);const xk="button",wk="bs.button",Ik=`.${wk}`,kk=".data-api",Bk="active",_g='[data-bs-toggle="button"]',Pk=`click${Ik}${kk}`;class od extends xr{static get NAME(){return xk}toggle(){this._element.setAttribute("aria-pressed",this._element.classList.toggle(Bk))}static jQueryInterface(t){return this.each(function(){const n=od.getOrCreateInstance(this);t==="toggle"&&n[t]()})}}Ce.on(document,Pk,_g,e=>{e.preventDefault();const t=e.target.closest(_g);od.getOrCreateInstance(t).toggle()});fr(od);const Dk="swipe",ao=".bs.swipe",Mk=`touchstart${ao}`,Hk=`touchmove${ao}`,Wk=`touchend${ao}`,Uk=`pointerdown${ao}`,$k=`pointerup${ao}`,Fk="touch",Vk="pen",zk="pointer-event",Gk=40,Kk={endCallback:null,leftCallback:null,rightCallback:null},Xk={endCallback:"(function|null)",leftCallback:"(function|null)",rightCallback:"(function|null)"};class gu extends gl{constructor(t,n){super(),this._element=t,!(!t||!gu.isSupported())&&(this._config=this._getConfig(n),this._deltaX=0,this._supportPointerEvents=!!window.PointerEvent,this._initEvents())}static get Default(){return Kk}static get DefaultType(){return Xk}static get NAME(){return Dk}dispose(){Ce.off(this._element,ao)}_start(t){if(!this._supportPointerEvents){this._deltaX=t.touches[0].clientX;return}this._eventIsPointerPenTouch(t)&&(this._deltaX=t.clientX)}_end(t){this._eventIsPointerPenTouch(t)&&(this._deltaX=t.clientX-this._deltaX),this._handleSwipe(),In(this._config.endCallback)}_move(t){this._deltaX=t.touches&&t.touches.length>1?0:t.touches[0].clientX-this._deltaX}_handleSwipe(){const t=Math.abs(this._deltaX);if(t<=Gk)return;const n=t/this._deltaX;this._deltaX=0,n&&In(n>0?this._config.rightCallback:this._config.leftCallback)}_initEvents(){this._supportPointerEvents?(Ce.on(this._element,Uk,t=>this._start(t)),Ce.on(this._element,$k,t=>this._end(t)),this._element.classList.add(zk)):(Ce.on(this._element,Mk,t=>this._start(t)),Ce.on(this._element,Hk,t=>this._move(t)),Ce.on(this._element,Wk,t=>this._end(t)))}_eventIsPointerPenTouch(t){return this._supportPointerEvents&&(t.pointerType===Vk||t.pointerType===Fk)}static isSupported(){return"ontouchstart"in document.documentElement||navigator.maxTouchPoints>0}}const Yk="carousel",qk="bs.carousel",ia=`.${qk}`,lS=".data-api",jk="ArrowLeft",Jk="ArrowRight",Qk=500,yo="next",hs="prev",vs="left",eu="right",Zk=`slide${ia}`,jf=`slid${ia}`,eB=`keydown${ia}`,tB=`mouseenter${ia}`,nB=`mouseleave${ia}`,rB=`dragstart${ia}`,iB=`load${ia}${lS}`,aB=`click${ia}${lS}`,cS="carousel",Rc="active",sB="slide",oB="carousel-item-end",lB="carousel-item-start",cB="carousel-item-next",uB="carousel-item-prev",uS=".active",dS=".carousel-item",dB=uS+dS,fB=".carousel-item img",pB=".carousel-indicators",hB="[data-bs-slide], [data-bs-slide-to]",_B='[data-bs-ride="carousel"]',mB={[jk]:eu,[Jk]:vs},EB={interval:5e3,keyboard:!0,pause:"hover",ride:!1,touch:!0,wrap:!0},gB={interval:"(number|boolean)",keyboard:"boolean",pause:"(string|boolean)",ride:"(boolean|string)",touch:"boolean",wrap:"boolean"};class vl extends xr{constructor(t,n){super(t,n),this._interval=null,this._activeElement=null,this._isSliding=!1,this.touchTimeout=null,this._swipeHelper=null,this._indicatorsElement=Qe.findOne(pB,this._element),this._addEventListeners(),this._config.ride===cS&&this.cycle()}static get Default(){return EB}static get DefaultType(){return gB}static get NAME(){return Yk}next(){this._slide(yo)}nextWhenVisible(){!document.hidden&&io(this._element)&&this.next()}prev(){this._slide(hs)}pause(){this._isSliding&&JT(this._element),this._clearInterval()}cycle(){this._clearInterval(),this._updateInterval(),this._interval=setInterval(()=>this.nextWhenVisible(),this._config.interval)}_maybeEnableCycle(){if(this._config.ride){if(this._isSliding){Ce.one(this._element,jf,()=>this.cycle());return}this.cycle()}}to(t){const n=this._getItems();if(t>n.length-1||t<0)return;if(this._isSliding){Ce.one(this._element,jf,()=>this.to(t));return}const r=this._getItemIndex(this._getActive());if(r===t)return;const i=t>r?yo:hs;this._slide(i,n[t])}dispose(){this._swipeHelper&&this._swipeHelper.dispose(),super.dispose()}_configAfterMerge(t){return t.defaultInterval=t.interval,t}_addEventListeners(){this._config.keyboard&&Ce.on(this._element,eB,t=>this._keydown(t)),this._config.pause==="hover"&&(Ce.on(this._element,tB,()=>this.pause()),Ce.on(this._element,nB,()=>this._maybeEnableCycle())),this._config.touch&&gu.isSupported()&&this._addTouchEventListeners()}_addTouchEventListeners(){for(const r of Qe.find(fB,this._element))Ce.on(r,rB,i=>i.preventDefault());const n={leftCallback:()=>this._slide(this._directionToOrder(vs)),rightCallback:()=>this._slide(this._directionToOrder(eu)),endCallback:()=>{this._config.pause==="hover"&&(this.pause(),this.touchTimeout&&clearTimeout(this.touchTimeout),this.touchTimeout=setTimeout(()=>this._maybeEnableCycle(),Qk+this._config.interval))}};this._swipeHelper=new gu(this._element,n)}_keydown(t){if(/input|textarea/i.test(t.target.tagName))return;const n=mB[t.key];n&&(t.preventDefault(),this._slide(this._directionToOrder(n)))}_getItemIndex(t){return this._getItems().indexOf(t)}_setActiveIndicatorElement(t){if(!this._indicatorsElement)return;const n=Qe.findOne(uS,this._indicatorsElement);n.classList.remove(Rc),n.removeAttribute("aria-current");const r=Qe.findOne(`[data-bs-slide-to="${t}"]`,this._indicatorsElement);r&&(r.classList.add(Rc),r.setAttribute("aria-current","true"))}_updateInterval(){const t=this._activeElement||this._getActive();if(!t)return;const n=Number.parseInt(t.getAttribute("data-bs-interval"),10);this._config.interval=n||this._config.defaultInterval}_slide(t,n=null){if(this._isSliding)return;const r=this._getActive(),i=t===yo,s=n||o_(this._getItems(),r,i,this._config.wrap);if(s===r)return;const l=this._getItemIndex(s),c=L=>Ce.trigger(this._element,L,{relatedTarget:s,direction:this._orderToDirection(t),from:this._getItemIndex(r),to:l});if(c(Zk).defaultPrevented||!r||!s)return;const p=!!this._interval;this.pause(),this._isSliding=!0,this._setActiveIndicatorElement(l),this._activeElement=s;const f=i?lB:oB,g=i?cB:uB;s.classList.add(g),El(s),r.classList.add(f),s.classList.add(f);const S=()=>{s.classList.remove(f,g),s.classList.add(Rc),r.classList.remove(Rc,g,f),this._isSliding=!1,c(jf)};this._queueCallback(S,r,this._isAnimated()),p&&this.cycle()}_isAnimated(){return this._element.classList.contains(sB)}_getActive(){return Qe.findOne(dB,this._element)}_getItems(){return Qe.find(dS,this._element)}_clearInterval(){this._interval&&(clearInterval(this._interval),this._interval=null)}_directionToOrder(t){return lr()?t===vs?hs:yo:t===vs?yo:hs}_orderToDirection(t){return lr()?t===hs?vs:eu:t===hs?eu:vs}static jQueryInterface(t){return this.each(function(){const n=vl.getOrCreateInstance(this,t);if(typeof t=="number"){n.to(t);return}if(typeof t=="string"){if(n[t]===void 0||t.startsWith("_")||t==="constructor")throw new TypeError(`No method named "${t}"`);n[t]()}})}}Ce.on(document,aB,hB,function(e){const t=Qe.getElementFromSelector(this);if(!t||!t.classList.contains(cS))return;e.preventDefault();const n=vl.getOrCreateInstance(t),r=this.getAttribute("data-bs-slide-to");if(r){n.to(r),n._maybeEnableCycle();return}if(Ei.getDataAttribute(this,"slide")==="next"){n.next(),n._maybeEnableCycle();return}n.prev(),n._maybeEnableCycle()});Ce.on(window,iB,()=>{const e=Qe.find(_B);for(const t of e)vl.getOrCreateInstance(t)});fr(vl);const vB="collapse",TB="bs.collapse",Tl=`.${TB}`,SB=".data-api",AB=`show${Tl}`,bB=`shown${Tl}`,RB=`hide${Tl}`,LB=`hidden${Tl}`,OB=`click${Tl}${SB}`,Jf="show",As="collapse",Lc="collapsing",yB="collapsed",NB=`:scope .${As} .${As}`,CB="collapse-horizontal",xB="width",wB="height",IB=".collapse.show, .collapse.collapsing",zp='[data-bs-toggle="collapse"]',kB={parent:null,toggle:!0},BB={parent:"(null|element)",toggle:"boolean"};class tl extends xr{constructor(t,n){super(t,n),this._isTransitioning=!1,this._triggerArray=[];const r=Qe.find(zp);for(const i of r){const s=Qe.getSelectorFromElement(i),l=Qe.find(s).filter(c=>c===this._element);s!==null&&l.length&&this._triggerArray.push(i)}this._initializeChildren(),this._config.parent||this._addAriaAndCollapsedClass(this._triggerArray,this._isShown()),this._config.toggle&&this.toggle()}static get Default(){return kB}static get DefaultType(){return BB}static get NAME(){return vB}toggle(){this._isShown()?this.hide():this.show()}show(){if(this._isTransitioning||this._isShown())return;let t=[];if(this._config.parent&&(t=this._getFirstLevelChildren(IB).filter(c=>c!==this._element).map(c=>tl.getOrCreateInstance(c,{toggle:!1}))),t.length&&t[0]._isTransitioning||Ce.trigger(this._element,AB).defaultPrevented)return;for(const c of t)c.hide();const r=this._getDimension();this._element.classList.remove(As),this._element.classList.add(Lc),this._element.style[r]=0,this._addAriaAndCollapsedClass(this._triggerArray,!0),this._isTransitioning=!0;const i=()=>{this._isTransitioning=!1,this._element.classList.remove(Lc),this._element.classList.add(As,Jf),this._element.style[r]="",Ce.trigger(this._element,bB)},l=`scroll${r[0].toUpperCase()+r.slice(1)}`;this._queueCallback(i,this._element,!0),this._element.style[r]=`${this._element[l]}px`}hide(){if(this._isTransitioning||!this._isShown()||Ce.trigger(this._element,RB).defaultPrevented)return;const n=this._getDimension();this._element.style[n]=`${this._element.getBoundingClientRect()[n]}px`,El(this._element),this._element.classList.add(Lc),this._element.classList.remove(As,Jf);for(const i of this._triggerArray){const s=Qe.getElementFromSelector(i);s&&!this._isShown(s)&&this._addAriaAndCollapsedClass([i],!1)}this._isTransitioning=!0;const r=()=>{this._isTransitioning=!1,this._element.classList.remove(Lc),this._element.classList.add(As),Ce.trigger(this._element,LB)};this._element.style[n]="",this._queueCallback(r,this._element,!0)}_isShown(t=this._element){return t.classList.contains(Jf)}_configAfterMerge(t){return t.toggle=!!t.toggle,t.parent=ji(t.parent),t}_getDimension(){return this._element.classList.contains(CB)?xB:wB}_initializeChildren(){if(!this._config.parent)return;const t=this._getFirstLevelChildren(zp);for(const n of t){const r=Qe.getElementFromSelector(n);r&&this._addAriaAndCollapsedClass([n],this._isShown(r))}}_getFirstLevelChildren(t){const n=Qe.find(NB,this._config.parent);return Qe.find(t,this._config.parent).filter(r=>!n.includes(r))}_addAriaAndCollapsedClass(t,n){if(t.length)for(const r of t)r.classList.toggle(yB,!n),r.setAttribute("aria-expanded",n)}static jQueryInterface(t){const n={};return typeof t=="string"&&/show|hide/.test(t)&&(n.toggle=!1),this.each(function(){const r=tl.getOrCreateInstance(this,n);if(typeof t=="string"){if(typeof r[t]>"u")throw new TypeError(`No method named "${t}"`);r[t]()}})}}Ce.on(document,OB,zp,function(e){(e.target.tagName==="A"||e.delegateTarget&&e.delegateTarget.tagName==="A")&&e.preventDefault();for(const t of Qe.getMultipleElementsFromSelector(this))tl.getOrCreateInstance(t,{toggle:!1}).toggle()});fr(tl);const mg="dropdown",PB="bs.dropdown",qa=`.${PB}`,c_=".data-api",DB="Escape",Eg="Tab",MB="ArrowUp",gg="ArrowDown",HB=2,WB=`hide${qa}`,UB=`hidden${qa}`,$B=`show${qa}`,FB=`shown${qa}`,fS=`click${qa}${c_}`,pS=`keydown${qa}${c_}`,VB=`keyup${qa}${c_}`,Ts="show",zB="dropup",GB="dropend",KB="dropstart",XB="dropup-center",YB="dropdown-center",Ca='[data-bs-toggle="dropdown"]:not(.disabled):not(:disabled)',qB=`${Ca}.${Ts}`,tu=".dropdown-menu",jB=".navbar",JB=".navbar-nav",QB=".dropdown-menu .dropdown-item:not(.disabled):not(:disabled)",ZB=lr()?"top-end":"top-start",eP=lr()?"top-start":"top-end",tP=lr()?"bottom-end":"bottom-start",nP=lr()?"bottom-start":"bottom-end",rP=lr()?"left-start":"right-start",iP=lr()?"right-start":"left-start",aP="top",sP="bottom",oP={autoClose:!0,boundary:"clippingParents",display:"dynamic",offset:[0,2],popperConfig:null,reference:"toggle"},lP={autoClose:"(boolean|string)",boundary:"(string|element)",display:"string",offset:"(array|string|function)",popperConfig:"(null|object|function)",reference:"(string|element|object)"};class Kr extends xr{constructor(t,n){super(t,n),this._popper=null,this._parent=this._element.parentNode,this._menu=Qe.next(this._element,tu)[0]||Qe.prev(this._element,tu)[0]||Qe.findOne(tu,this._parent),this._inNavbar=this._detectNavbar()}static get Default(){return oP}static get DefaultType(){return lP}static get NAME(){return mg}toggle(){return this._isShown()?this.hide():this.show()}show(){if(Ji(this._element)||this._isShown())return;const t={relatedTarget:this._element};if(!Ce.trigger(this._element,$B,t).defaultPrevented){if(this._createPopper(),"ontouchstart"in document.documentElement&&!this._parent.closest(JB))for(const r of[].concat(...document.body.children))Ce.on(r,"mouseover",Eu);this._element.focus(),this._element.setAttribute("aria-expanded",!0),this._menu.classList.add(Ts),this._element.classList.add(Ts),Ce.trigger(this._element,FB,t)}}hide(){if(Ji(this._element)||!this._isShown())return;const t={relatedTarget:this._element};this._completeHide(t)}dispose(){this._popper&&this._popper.destroy(),super.dispose()}update(){this._inNavbar=this._detectNavbar(),this._popper&&this._popper.update()}_completeHide(t){if(!Ce.trigger(this._element,WB,t).defaultPrevented){if("ontouchstart"in document.documentElement)for(const r of[].concat(...document.body.children))Ce.off(r,"mouseover",Eu);this._popper&&this._popper.destroy(),this._menu.classList.remove(Ts),this._element.classList.remove(Ts),this._element.setAttribute("aria-expanded","false"),Ei.removeDataAttribute(this._menu,"popper"),Ce.trigger(this._element,UB,t)}}_getConfig(t){if(t=super._getConfig(t),typeof t.reference=="object"&&!mi(t.reference)&&typeof t.reference.getBoundingClientRect!="function")throw new TypeError(`${mg.toUpperCase()}: Option "reference" provided type "object" without a required "getBoundingClientRect" method.`);return t}_createPopper(){if(typeof qT>"u")throw new TypeError("Bootstrap's dropdowns require Popper (https://popper.js.org)");let t=this._element;this._config.reference==="parent"?t=this._parent:mi(this._config.reference)?t=ji(this._config.reference):typeof this._config.reference=="object"&&(t=this._config.reference);const n=this._getPopperConfig();this._popper=id(t,this._menu,n)}_isShown(){return this._menu.classList.contains(Ts)}_getPlacement(){const t=this._parent;if(t.classList.contains(GB))return rP;if(t.classList.contains(KB))return iP;if(t.classList.contains(XB))return aP;if(t.classList.contains(YB))return sP;const n=getComputedStyle(this._menu).getPropertyValue("--bs-position").trim()==="end";return t.classList.contains(zB)?n?eP:ZB:n?nP:tP}_detectNavbar(){return this._element.closest(jB)!==null}_getOffset(){const{offset:t}=this._config;return typeof t=="string"?t.split(",").map(n=>Number.parseInt(n,10)):typeof t=="function"?n=>t(n,this._element):t}_getPopperConfig(){const t={placement:this._getPlacement(),modifiers:[{name:"preventOverflow",options:{boundary:this._config.boundary}},{name:"offset",options:{offset:this._getOffset()}}]};return(this._inNavbar||this._config.display==="static")&&(Ei.setDataAttribute(this._menu,"popper","static"),t.modifiers=[{name:"applyStyles",enabled:!1}]),{...t,...In(this._config.popperConfig,[t])}}_selectMenuItem({key:t,target:n}){const r=Qe.find(QB,this._menu).filter(i=>io(i));r.length&&o_(r,n,t===gg,!r.includes(n)).focus()}static jQueryInterface(t){return this.each(function(){const n=Kr.getOrCreateInstance(this,t);if(typeof t=="string"){if(typeof n[t]>"u")throw new TypeError(`No method named "${t}"`);n[t]()}})}static clearMenus(t){if(t.button===HB||t.type==="keyup"&&t.key!==Eg)return;const n=Qe.find(qB);for(const r of n){const i=Kr.getInstance(r);if(!i||i._config.autoClose===!1)continue;const s=t.composedPath(),l=s.includes(i._menu);if(s.includes(i._element)||i._config.autoClose==="inside"&&!l||i._config.autoClose==="outside"&&l||i._menu.contains(t.target)&&(t.type==="keyup"&&t.key===Eg||/input|select|option|textarea|form/i.test(t.target.tagName)))continue;const c={relatedTarget:i._element};t.type==="click"&&(c.clickEvent=t),i._completeHide(c)}}static dataApiKeydownHandler(t){const n=/input|textarea/i.test(t.target.tagName),r=t.key===DB,i=[MB,gg].includes(t.key);if(!i&&!r||n&&!r)return;t.preventDefault();const s=this.matches(Ca)?this:Qe.prev(this,Ca)[0]||Qe.next(this,Ca)[0]||Qe.findOne(Ca,t.delegateTarget.parentNode),l=Kr.getOrCreateInstance(s);if(i){t.stopPropagation(),l.show(),l._selectMenuItem(t);return}l._isShown()&&(t.stopPropagation(),l.hide(),s.focus())}}Ce.on(document,pS,Ca,Kr.dataApiKeydownHandler);Ce.on(document,pS,tu,Kr.dataApiKeydownHandler);Ce.on(document,fS,Kr.clearMenus);Ce.on(document,VB,Kr.clearMenus);Ce.on(document,fS,Ca,function(e){e.preventDefault(),Kr.getOrCreateInstance(this).toggle()});fr(Kr);const hS="backdrop",cP="fade",vg="show",Tg=`mousedown.bs.${hS}`,uP={className:"modal-backdrop",clickCallback:null,isAnimated:!1,isVisible:!0,rootElement:"body"},dP={className:"string",clickCallback:"(function|null)",isAnimated:"boolean",isVisible:"boolean",rootElement:"(element|string)"};class _S extends gl{constructor(t){super(),this._config=this._getConfig(t),this._isAppended=!1,this._element=null}static get Default(){return uP}static get DefaultType(){return dP}static get NAME(){return hS}show(t){if(!this._config.isVisible){In(t);return}this._append();const n=this._getElement();this._config.isAnimated&&El(n),n.classList.add(vg),this._emulateAnimation(()=>{In(t)})}hide(t){if(!this._config.isVisible){In(t);return}this._getElement().classList.remove(vg),this._emulateAnimation(()=>{this.dispose(),In(t)})}dispose(){this._isAppended&&(Ce.off(this._element,Tg),this._element.remove(),this._isAppended=!1)}_getElement(){if(!this._element){const t=document.createElement("div");t.className=this._config.className,this._config.isAnimated&&t.classList.add(cP),this._element=t}return this._element}_configAfterMerge(t){return t.rootElement=ji(t.rootElement),t}_append(){if(this._isAppended)return;const t=this._getElement();this._config.rootElement.append(t),Ce.on(t,Tg,()=>{In(this._config.clickCallback)}),this._isAppended=!0}_emulateAnimation(t){eS(t,this._getElement(),this._config.isAnimated)}}const fP="focustrap",pP="bs.focustrap",vu=`.${pP}`,hP=`focusin${vu}`,_P=`keydown.tab${vu}`,mP="Tab",EP="forward",Sg="backward",gP={autofocus:!0,trapElement:null},vP={autofocus:"boolean",trapElement:"element"};class mS extends gl{constructor(t){super(),this._config=this._getConfig(t),this._isActive=!1,this._lastTabNavDirection=null}static get Default(){return gP}static get DefaultType(){return vP}static get NAME(){return fP}activate(){this._isActive||(this._config.autofocus&&this._config.trapElement.focus(),Ce.off(document,vu),Ce.on(document,hP,t=>this._handleFocusin(t)),Ce.on(document,_P,t=>this._handleKeydown(t)),this._isActive=!0)}deactivate(){this._isActive&&(this._isActive=!1,Ce.off(document,vu))}_handleFocusin(t){const{trapElement:n}=this._config;if(t.target===document||t.target===n||n.contains(t.target))return;const r=Qe.focusableChildren(n);r.length===0?n.focus():this._lastTabNavDirection===Sg?r[r.length-1].focus():r[0].focus()}_handleKeydown(t){t.key===mP&&(this._lastTabNavDirection=t.shiftKey?Sg:EP)}}const Ag=".fixed-top, .fixed-bottom, .is-fixed, .sticky-top",bg=".sticky-top",Oc="padding-right",Rg="margin-right";class Gp{constructor(){this._element=document.body}getWidth(){const t=document.documentElement.clientWidth;return Math.abs(window.innerWidth-t)}hide(){const t=this.getWidth();this._disableOverFlow(),this._setElementAttributes(this._element,Oc,n=>n+t),this._setElementAttributes(Ag,Oc,n=>n+t),this._setElementAttributes(bg,Rg,n=>n-t)}reset(){this._resetElementAttributes(this._element,"overflow"),this._resetElementAttributes(this._element,Oc),this._resetElementAttributes(Ag,Oc),this._resetElementAttributes(bg,Rg)}isOverflowing(){return this.getWidth()>0}_disableOverFlow(){this._saveInitialAttribute(this._element,"overflow"),this._element.style.overflow="hidden"}_setElementAttributes(t,n,r){const i=this.getWidth(),s=l=>{if(l!==this._element&&window.innerWidth>l.clientWidth+i)return;this._saveInitialAttribute(l,n);const c=window.getComputedStyle(l).getPropertyValue(n);l.style.setProperty(n,`${r(Number.parseFloat(c))}px`)};this._applyManipulationCallback(t,s)}_saveInitialAttribute(t,n){const r=t.style.getPropertyValue(n);r&&Ei.setDataAttribute(t,n,r)}_resetElementAttributes(t,n){const r=i=>{const s=Ei.getDataAttribute(i,n);if(s===null){i.style.removeProperty(n);return}Ei.removeDataAttribute(i,n),i.style.setProperty(n,s)};this._applyManipulationCallback(t,r)}_applyManipulationCallback(t,n){if(mi(t)){n(t);return}for(const r of Qe.find(t,this._element))n(r)}}const TP="modal",SP="bs.modal",cr=`.${SP}`,AP=".data-api",bP="Escape",RP=`hide${cr}`,LP=`hidePrevented${cr}`,ES=`hidden${cr}`,gS=`show${cr}`,OP=`shown${cr}`,yP=`resize${cr}`,NP=`click.dismiss${cr}`,CP=`mousedown.dismiss${cr}`,xP=`keydown.dismiss${cr}`,wP=`click${cr}${AP}`,Lg="modal-open",IP="fade",Og="show",Qf="modal-static",kP=".modal.show",BP=".modal-dialog",PP=".modal-body",DP='[data-bs-toggle="modal"]',MP={backdrop:!0,focus:!0,keyboard:!0},HP={backdrop:"(boolean|string)",focus:"boolean",keyboard:"boolean"};class $s extends xr{constructor(t,n){super(t,n),this._dialog=Qe.findOne(BP,this._element),this._backdrop=this._initializeBackDrop(),this._focustrap=this._initializeFocusTrap(),this._isShown=!1,this._isTransitioning=!1,this._scrollBar=new Gp,this._addEventListeners()}static get Default(){return MP}static get DefaultType(){return HP}static get NAME(){return TP}toggle(t){return this._isShown?this.hide():this.show(t)}show(t){this._isShown||this._isTransitioning||Ce.trigger(this._element,gS,{relatedTarget:t}).defaultPrevented||(this._isShown=!0,this._isTransitioning=!0,this._scrollBar.hide(),document.body.classList.add(Lg),this._adjustDialog(),this._backdrop.show(()=>this._showElement(t)))}hide(){!this._isShown||this._isTransitioning||Ce.trigger(this._element,RP).defaultPrevented||(this._isShown=!1,this._isTransitioning=!0,this._focustrap.deactivate(),this._element.classList.remove(Og),this._queueCallback(()=>this._hideModal(),this._element,this._isAnimated()))}dispose(){Ce.off(window,cr),Ce.off(this._dialog,cr),this._backdrop.dispose(),this._focustrap.deactivate(),super.dispose()}handleUpdate(){this._adjustDialog()}_initializeBackDrop(){return new _S({isVisible:!!this._config.backdrop,isAnimated:this._isAnimated()})}_initializeFocusTrap(){return new mS({trapElement:this._element})}_showElement(t){document.body.contains(this._element)||document.body.append(this._element),this._element.style.display="block",this._element.removeAttribute("aria-hidden"),this._element.setAttribute("aria-modal",!0),this._element.setAttribute("role","dialog"),this._element.scrollTop=0;const n=Qe.findOne(PP,this._dialog);n&&(n.scrollTop=0),El(this._element),this._element.classList.add(Og);const r=()=>{this._config.focus&&this._focustrap.activate(),this._isTransitioning=!1,Ce.trigger(this._element,OP,{relatedTarget:t})};this._queueCallback(r,this._dialog,this._isAnimated())}_addEventListeners(){Ce.on(this._element,xP,t=>{if(t.key===bP){if(this._config.keyboard){this.hide();return}this._triggerBackdropTransition()}}),Ce.on(window,yP,()=>{this._isShown&&!this._isTransitioning&&this._adjustDialog()}),Ce.on(this._element,CP,t=>{Ce.one(this._element,NP,n=>{if(!(this._element!==t.target||this._element!==n.target)){if(this._config.backdrop==="static"){this._triggerBackdropTransition();return}this._config.backdrop&&this.hide()}})})}_hideModal(){this._element.style.display="none",this._element.setAttribute("aria-hidden",!0),this._element.removeAttribute("aria-modal"),this._element.removeAttribute("role"),this._isTransitioning=!1,this._backdrop.hide(()=>{document.body.classList.remove(Lg),this._resetAdjustments(),this._scrollBar.reset(),Ce.trigger(this._element,ES)})}_isAnimated(){return this._element.classList.contains(IP)}_triggerBackdropTransition(){if(Ce.trigger(this._element,LP).defaultPrevented)return;const n=this._element.scrollHeight>document.documentElement.clientHeight,r=this._element.style.overflowY;r==="hidden"||this._element.classList.contains(Qf)||(n||(this._element.style.overflowY="hidden"),this._element.classList.add(Qf),this._queueCallback(()=>{this._element.classList.remove(Qf),this._queueCallback(()=>{this._element.style.overflowY=r},this._dialog)},this._dialog),this._element.focus())}_adjustDialog(){const t=this._element.scrollHeight>document.documentElement.clientHeight,n=this._scrollBar.getWidth(),r=n>0;if(r&&!t){const i=lr()?"paddingLeft":"paddingRight";this._element.style[i]=`${n}px`}if(!r&&t){const i=lr()?"paddingRight":"paddingLeft";this._element.style[i]=`${n}px`}}_resetAdjustments(){this._element.style.paddingLeft="",this._element.style.paddingRight=""}static jQueryInterface(t,n){return this.each(function(){const r=$s.getOrCreateInstance(this,t);if(typeof t=="string"){if(typeof r[t]>"u")throw new TypeError(`No method named "${t}"`);r[t](n)}})}}Ce.on(document,wP,DP,function(e){const t=Qe.getElementFromSelector(this);["A","AREA"].includes(this.tagName)&&e.preventDefault(),Ce.one(t,gS,i=>{i.defaultPrevented||Ce.one(t,ES,()=>{io(this)&&this.focus()})});const n=Qe.findOne(kP);n&&$s.getInstance(n).hide(),$s.getOrCreateInstance(t).toggle(this)});ad($s);fr($s);const WP="offcanvas",UP="bs.offcanvas",yi=`.${UP}`,vS=".data-api",$P=`load${yi}${vS}`,FP="Escape",yg="show",Ng="showing",Cg="hiding",VP="offcanvas-backdrop",TS=".offcanvas.show",zP=`show${yi}`,GP=`shown${yi}`,KP=`hide${yi}`,xg=`hidePrevented${yi}`,SS=`hidden${yi}`,XP=`resize${yi}`,YP=`click${yi}${vS}`,qP=`keydown.dismiss${yi}`,jP='[data-bs-toggle="offcanvas"]',JP={backdrop:!0,keyboard:!0,scroll:!1},QP={backdrop:"(boolean|string)",keyboard:"boolean",scroll:"boolean"};class Qi extends xr{constructor(t,n){super(t,n),this._isShown=!1,this._backdrop=this._initializeBackDrop(),this._focustrap=this._initializeFocusTrap(),this._addEventListeners()}static get Default(){return JP}static get DefaultType(){return QP}static get NAME(){return WP}toggle(t){return this._isShown?this.hide():this.show(t)}show(t){if(this._isShown||Ce.trigger(this._element,zP,{relatedTarget:t}).defaultPrevented)return;this._isShown=!0,this._backdrop.show(),this._config.scroll||new Gp().hide(),this._element.setAttribute("aria-modal",!0),this._element.setAttribute("role","dialog"),this._element.classList.add(Ng);const r=()=>{(!this._config.scroll||this._config.backdrop)&&this._focustrap.activate(),this._element.classList.add(yg),this._element.classList.remove(Ng),Ce.trigger(this._element,GP,{relatedTarget:t})};this._queueCallback(r,this._element,!0)}hide(){if(!this._isShown||Ce.trigger(this._element,KP).defaultPrevented)return;this._focustrap.deactivate(),this._element.blur(),this._isShown=!1,this._element.classList.add(Cg),this._backdrop.hide();const n=()=>{this._element.classList.remove(yg,Cg),this._element.removeAttribute("aria-modal"),this._element.removeAttribute("role"),this._config.scroll||new Gp().reset(),Ce.trigger(this._element,SS)};this._queueCallback(n,this._element,!0)}dispose(){this._backdrop.dispose(),this._focustrap.deactivate(),super.dispose()}_initializeBackDrop(){const t=()=>{if(this._config.backdrop==="static"){Ce.trigger(this._element,xg);return}this.hide()},n=!!this._config.backdrop;return new _S({className:VP,isVisible:n,isAnimated:!0,rootElement:this._element.parentNode,clickCallback:n?t:null})}_initializeFocusTrap(){return new mS({trapElement:this._element})}_addEventListeners(){Ce.on(this._element,qP,t=>{if(t.key===FP){if(this._config.keyboard){this.hide();return}Ce.trigger(this._element,xg)}})}static jQueryInterface(t){return this.each(function(){const n=Qi.getOrCreateInstance(this,t);if(typeof t=="string"){if(n[t]===void 0||t.startsWith("_")||t==="constructor")throw new TypeError(`No method named "${t}"`);n[t](this)}})}}Ce.on(document,YP,jP,function(e){const t=Qe.getElementFromSelector(this);if(["A","AREA"].includes(this.tagName)&&e.preventDefault(),Ji(this))return;Ce.one(t,SS,()=>{io(this)&&this.focus()});const n=Qe.findOne(TS);n&&n!==t&&Qi.getInstance(n).hide(),Qi.getOrCreateInstance(t).toggle(this)});Ce.on(window,$P,()=>{for(const e of Qe.find(TS))Qi.getOrCreateInstance(e).show()});Ce.on(window,XP,()=>{for(const e of Qe.find("[aria-modal][class*=show][class*=offcanvas-]"))getComputedStyle(e).position!=="fixed"&&Qi.getOrCreateInstance(e).hide()});ad(Qi);fr(Qi);const ZP=/^aria-[\w-]*$/i,AS={"*":["class","dir","id","lang","role",ZP],a:["target","href","title","rel"],area:[],b:[],br:[],col:[],code:[],div:[],em:[],hr:[],h1:[],h2:[],h3:[],h4:[],h5:[],h6:[],i:[],img:["src","srcset","alt","title","width","height"],li:[],ol:[],p:[],pre:[],s:[],small:[],span:[],sub:[],sup:[],strong:[],u:[],ul:[]},eD=new Set(["background","cite","href","itemtype","longdesc","poster","src","xlink:href"]),tD=/^(?!javascript:)(?:[a-z0-9+.-]+:|[^&:/?#]*(?:[/?#]|$))/i,nD=(e,t)=>{const n=e.nodeName.toLowerCase();return t.includes(n)?eD.has(n)?!!tD.test(e.nodeValue):!0:t.filter(r=>r instanceof RegExp).some(r=>r.test(n))};function rD(e,t,n){if(!e.length)return e;if(n&&typeof n=="function")return n(e);const i=new window.DOMParser().parseFromString(e,"text/html"),s=[].concat(...i.body.querySelectorAll("*"));for(const l of s){const c=l.nodeName.toLowerCase();if(!Object.keys(t).includes(c)){l.remove();continue}const u=[].concat(...l.attributes),p=[].concat(t["*"]||[],t[c]||[]);for(const f of u)nD(f,p)||l.removeAttribute(f.nodeName)}return i.body.innerHTML}const iD="TemplateFactory",aD={allowList:AS,content:{},extraClass:"",html:!1,sanitize:!0,sanitizeFn:null,template:"<div></div>"},sD={allowList:"object",content:"object",extraClass:"(string|function)",html:"boolean",sanitize:"boolean",sanitizeFn:"(null|function)",template:"string"},oD={entry:"(string|element|function|null)",selector:"(string|element)"};class lD extends gl{constructor(t){super(),this._config=this._getConfig(t)}static get Default(){return aD}static get DefaultType(){return sD}static get NAME(){return iD}getContent(){return Object.values(this._config.content).map(t=>this._resolvePossibleFunction(t)).filter(Boolean)}hasContent(){return this.getContent().length>0}changeContent(t){return this._checkContent(t),this._config.content={...this._config.content,...t},this}toHtml(){const t=document.createElement("div");t.innerHTML=this._maybeSanitize(this._config.template);for(const[i,s]of Object.entries(this._config.content))this._setContent(t,s,i);const n=t.children[0],r=this._resolvePossibleFunction(this._config.extraClass);return r&&n.classList.add(...r.split(" ")),n}_typeCheckConfig(t){super._typeCheckConfig(t),this._checkContent(t.content)}_checkContent(t){for(const[n,r]of Object.entries(t))super._typeCheckConfig({selector:n,entry:r},oD)}_setContent(t,n,r){const i=Qe.findOne(r,t);if(i){if(n=this._resolvePossibleFunction(n),!n){i.remove();return}if(mi(n)){this._putElementInTemplate(ji(n),i);return}if(this._config.html){i.innerHTML=this._maybeSanitize(n);return}i.textContent=n}}_maybeSanitize(t){return this._config.sanitize?rD(t,this._config.allowList,this._config.sanitizeFn):t}_resolvePossibleFunction(t){return In(t,[this])}_putElementInTemplate(t,n){if(this._config.html){n.innerHTML="",n.append(t);return}n.textContent=t.textContent}}const cD="tooltip",uD=new Set(["sanitize","allowList","sanitizeFn"]),Zf="fade",dD="modal",yc="show",fD=".tooltip-inner",wg=`.${dD}`,Ig="hide.bs.modal",No="hover",ep="focus",pD="click",hD="manual",_D="hide",mD="hidden",ED="show",gD="shown",vD="inserted",TD="click",SD="focusin",AD="focusout",bD="mouseenter",RD="mouseleave",LD={AUTO:"auto",TOP:"top",RIGHT:lr()?"left":"right",BOTTOM:"bottom",LEFT:lr()?"right":"left"},OD={allowList:AS,animation:!0,boundary:"clippingParents",container:!1,customClass:"",delay:0,fallbackPlacements:["top","right","bottom","left"],html:!1,offset:[0,6],placement:"top",popperConfig:null,sanitize:!0,sanitizeFn:null,selector:!1,template:'<div class="tooltip" role="tooltip"><div class="tooltip-arrow"></div><div class="tooltip-inner"></div></div>',title:"",trigger:"hover focus"},yD={allowList:"object",animation:"boolean",boundary:"(string|element)",container:"(string|element|boolean)",customClass:"(string|function)",delay:"(number|object)",fallbackPlacements:"array",html:"boolean",offset:"(array|string|function)",placement:"(string|function)",popperConfig:"(null|object|function)",sanitize:"boolean",sanitizeFn:"(null|function)",selector:"(string|boolean)",template:"string",title:"(string|element|function)",trigger:"string"};class so extends xr{constructor(t,n){if(typeof qT>"u")throw new TypeError("Bootstrap's tooltips require Popper (https://popper.js.org)");super(t,n),this._isEnabled=!0,this._timeout=0,this._isHovered=null,this._activeTrigger={},this._popper=null,this._templateFactory=null,this._newContent=null,this.tip=null,this._setListeners(),this._config.selector||this._fixTitle()}static get Default(){return OD}static get DefaultType(){return yD}static get NAME(){return cD}enable(){this._isEnabled=!0}disable(){this._isEnabled=!1}toggleEnabled(){this._isEnabled=!this._isEnabled}toggle(){if(this._isEnabled){if(this._activeTrigger.click=!this._activeTrigger.click,this._isShown()){this._leave();return}this._enter()}}dispose(){clearTimeout(this._timeout),Ce.off(this._element.closest(wg),Ig,this._hideModalHandler),this._element.getAttribute("data-bs-original-title")&&this._element.setAttribute("title",this._element.getAttribute("data-bs-original-title")),this._disposePopper(),super.dispose()}show(){if(this._element.style.display==="none")throw new Error("Please use show on visible elements");if(!(this._isWithContent()&&this._isEnabled))return;const t=Ce.trigger(this._element,this.constructor.eventName(ED)),r=(QT(this._element)||this._element.ownerDocument.documentElement).contains(this._element);if(t.defaultPrevented||!r)return;this._disposePopper();const i=this._getTipElement();this._element.setAttribute("aria-describedby",i.getAttribute("id"));const{container:s}=this._config;if(this._element.ownerDocument.documentElement.contains(this.tip)||(s.append(i),Ce.trigger(this._element,this.constructor.eventName(vD))),this._popper=this._createPopper(i),i.classList.add(yc),"ontouchstart"in document.documentElement)for(const c of[].concat(...document.body.children))Ce.on(c,"mouseover",Eu);const l=()=>{Ce.trigger(this._element,this.constructor.eventName(gD)),this._isHovered===!1&&this._leave(),this._isHovered=!1};this._queueCallback(l,this.tip,this._isAnimated())}hide(){if(!this._isShown()||Ce.trigger(this._element,this.constructor.eventName(_D)).defaultPrevented)return;if(this._getTipElement().classList.remove(yc),"ontouchstart"in document.documentElement)for(const i of[].concat(...document.body.children))Ce.off(i,"mouseover",Eu);this._activeTrigger[pD]=!1,this._activeTrigger[ep]=!1,this._activeTrigger[No]=!1,this._isHovered=null;const r=()=>{this._isWithActiveTrigger()||(this._isHovered||this._disposePopper(),this._element.removeAttribute("aria-describedby"),Ce.trigger(this._element,this.constructor.eventName(mD)))};this._queueCallback(r,this.tip,this._isAnimated())}update(){this._popper&&this._popper.update()}_isWithContent(){return!!this._getTitle()}_getTipElement(){return this.tip||(this.tip=this._createTipElement(this._newContent||this._getContentForTemplate())),this.tip}_createTipElement(t){const n=this._getTemplateFactory(t).toHtml();if(!n)return null;n.classList.remove(Zf,yc),n.classList.add(`bs-${this.constructor.NAME}-auto`);const r=pk(this.constructor.NAME).toString();return n.setAttribute("id",r),this._isAnimated()&&n.classList.add(Zf),n}setContent(t){this._newContent=t,this._isShown()&&(this._disposePopper(),this.show())}_getTemplateFactory(t){return this._templateFactory?this._templateFactory.changeContent(t):this._templateFactory=new lD({...this._config,content:t,extraClass:this._resolvePossibleFunction(this._config.customClass)}),this._templateFactory}_getContentForTemplate(){return{[fD]:this._getTitle()}}_getTitle(){return this._resolvePossibleFunction(this._config.title)||this._element.getAttribute("data-bs-original-title")}_initializeOnDelegatedTarget(t){return this.constructor.getOrCreateInstance(t.delegateTarget,this._getDelegateConfig())}_isAnimated(){return this._config.animation||this.tip&&this.tip.classList.contains(Zf)}_isShown(){return this.tip&&this.tip.classList.contains(yc)}_createPopper(t){const n=In(this._config.placement,[this,t,this._element]),r=LD[n.toUpperCase()];return id(this._element,t,this._getPopperConfig(r))}_getOffset(){const{offset:t}=this._config;return typeof t=="string"?t.split(",").map(n=>Number.parseInt(n,10)):typeof t=="function"?n=>t(n,this._element):t}_resolvePossibleFunction(t){return In(t,[this._element])}_getPopperConfig(t){const n={placement:t,modifiers:[{name:"flip",options:{fallbackPlacements:this._config.fallbackPlacements}},{name:"offset",options:{offset:this._getOffset()}},{name:"preventOverflow",options:{boundary:this._config.boundary}},{name:"arrow",options:{element:`.${this.constructor.NAME}-arrow`}},{name:"preSetPlacement",enabled:!0,phase:"beforeMain",fn:r=>{this._getTipElement().setAttribute("data-popper-placement",r.state.placement)}}]};return{...n,...In(this._config.popperConfig,[n])}}_setListeners(){const t=this._config.trigger.split(" ");for(const n of t)if(n==="click")Ce.on(this._element,this.constructor.eventName(TD),this._config.selector,r=>{this._initializeOnDelegatedTarget(r).toggle()});else if(n!==hD){const r=n===No?this.constructor.eventName(bD):this.constructor.eventName(SD),i=n===No?this.constructor.eventName(RD):this.constructor.eventName(AD);Ce.on(this._element,r,this._config.selector,s=>{const l=this._initializeOnDelegatedTarget(s);l._activeTrigger[s.type==="focusin"?ep:No]=!0,l._enter()}),Ce.on(this._element,i,this._config.selector,s=>{const l=this._initializeOnDelegatedTarget(s);l._activeTrigger[s.type==="focusout"?ep:No]=l._element.contains(s.relatedTarget),l._leave()})}this._hideModalHandler=()=>{this._element&&this.hide()},Ce.on(this._element.closest(wg),Ig,this._hideModalHandler)}_fixTitle(){const t=this._element.getAttribute("title");t&&(!this._element.getAttribute("aria-label")&&!this._element.textContent.trim()&&this._element.setAttribute("aria-label",t),this._element.setAttribute("data-bs-original-title",t),this._element.removeAttribute("title"))}_enter(){if(this._isShown()||this._isHovered){this._isHovered=!0;return}this._isHovered=!0,this._setTimeout(()=>{this._isHovered&&this.show()},this._config.delay.show)}_leave(){this._isWithActiveTrigger()||(this._isHovered=!1,this._setTimeout(()=>{this._isHovered||this.hide()},this._config.delay.hide))}_setTimeout(t,n){clearTimeout(this._timeout),this._timeout=setTimeout(t,n)}_isWithActiveTrigger(){return Object.values(this._activeTrigger).includes(!0)}_getConfig(t){const n=Ei.getDataAttributes(this._element);for(const r of Object.keys(n))uD.has(r)&&delete n[r];return t={...n,...typeof t=="object"&&t?t:{}},t=this._mergeConfigObj(t),t=this._configAfterMerge(t),this._typeCheckConfig(t),t}_configAfterMerge(t){return t.container=t.container===!1?document.body:ji(t.container),typeof t.delay=="number"&&(t.delay={show:t.delay,hide:t.delay}),typeof t.title=="number"&&(t.title=t.title.toString()),typeof t.content=="number"&&(t.content=t.content.toString()),t}_getDelegateConfig(){const t={};for(const[n,r]of Object.entries(this._config))this.constructor.Default[n]!==r&&(t[n]=r);return t.selector=!1,t.trigger="manual",t}_disposePopper(){this._popper&&(this._popper.destroy(),this._popper=null),this.tip&&(this.tip.remove(),this.tip=null)}static jQueryInterface(t){return this.each(function(){const n=so.getOrCreateInstance(this,t);if(typeof t=="string"){if(typeof n[t]>"u")throw new TypeError(`No method named "${t}"`);n[t]()}})}}fr(so);const ND="popover",CD=".popover-header",xD=".popover-body",wD={...so.Default,content:"",offset:[0,8],placement:"right",template:'<div class="popover" role="tooltip"><div class="popover-arrow"></div><h3 class="popover-header"></h3><div class="popover-body"></div></div>',trigger:"click"},ID={...so.DefaultType,content:"(null|string|element|function)"};class u_ extends so{static get Default(){return wD}static get DefaultType(){return ID}static get NAME(){return ND}_isWithContent(){return this._getTitle()||this._getContent()}_getContentForTemplate(){return{[CD]:this._getTitle(),[xD]:this._getContent()}}_getContent(){return this._resolvePossibleFunction(this._config.content)}static jQueryInterface(t){return this.each(function(){const n=u_.getOrCreateInstance(this,t);if(typeof t=="string"){if(typeof n[t]>"u")throw new TypeError(`No method named "${t}"`);n[t]()}})}}fr(u_);const kD="scrollspy",BD="bs.scrollspy",d_=`.${BD}`,PD=".data-api",DD=`activate${d_}`,kg=`click${d_}`,MD=`load${d_}${PD}`,HD="dropdown-item",_s="active",WD='[data-bs-spy="scroll"]',tp="[href]",UD=".nav, .list-group",Bg=".nav-link",$D=".nav-item",FD=".list-group-item",VD=`${Bg}, ${$D} > ${Bg}, ${FD}`,zD=".dropdown",GD=".dropdown-toggle",KD={offset:null,rootMargin:"0px 0px -25%",smoothScroll:!1,target:null,threshold:[.1,.5,1]},XD={offset:"(number|null)",rootMargin:"string",smoothScroll:"boolean",target:"element",threshold:"array"};class ld extends xr{constructor(t,n){super(t,n),this._targetLinks=new Map,this._observableSections=new Map,this._rootElement=getComputedStyle(this._element).overflowY==="visible"?null:this._element,this._activeTarget=null,this._observer=null,this._previousScrollData={visibleEntryTop:0,parentScrollTop:0},this.refresh()}static get Default(){return KD}static get DefaultType(){return XD}static get NAME(){return kD}refresh(){this._initializeTargetsAndObservables(),this._maybeEnableSmoothScroll(),this._observer?this._observer.disconnect():this._observer=this._getNewObserver();for(const t of this._observableSections.values())this._observer.observe(t)}dispose(){this._observer.disconnect(),super.dispose()}_configAfterMerge(t){return t.target=ji(t.target)||document.body,t.rootMargin=t.offset?`${t.offset}px 0px -30%`:t.rootMargin,typeof t.threshold=="string"&&(t.threshold=t.threshold.split(",").map(n=>Number.parseFloat(n))),t}_maybeEnableSmoothScroll(){this._config.smoothScroll&&(Ce.off(this._config.target,kg),Ce.on(this._config.target,kg,tp,t=>{const n=this._observableSections.get(t.target.hash);if(n){t.preventDefault();const r=this._rootElement||window,i=n.offsetTop-this._element.offsetTop;if(r.scrollTo){r.scrollTo({top:i,behavior:"smooth"});return}r.scrollTop=i}}))}_getNewObserver(){const t={root:this._rootElement,threshold:this._config.threshold,rootMargin:this._config.rootMargin};return new IntersectionObserver(n=>this._observerCallback(n),t)}_observerCallback(t){const n=l=>this._targetLinks.get(`#${l.target.id}`),r=l=>{this._previousScrollData.visibleEntryTop=l.target.offsetTop,this._process(n(l))},i=(this._rootElement||document.documentElement).scrollTop,s=i>=this._previousScrollData.parentScrollTop;this._previousScrollData.parentScrollTop=i;for(const l of t){if(!l.isIntersecting){this._activeTarget=null,this._clearActiveClass(n(l));continue}const c=l.target.offsetTop>=this._previousScrollData.visibleEntryTop;if(s&&c){if(r(l),!i)return;continue}!s&&!c&&r(l)}}_initializeTargetsAndObservables(){this._targetLinks=new Map,this._observableSections=new Map;const t=Qe.find(tp,this._config.target);for(const n of t){if(!n.hash||Ji(n))continue;const r=Qe.findOne(decodeURI(n.hash),this._element);io(r)&&(this._targetLinks.set(decodeURI(n.hash),n),this._observableSections.set(n.hash,r))}}_process(t){this._activeTarget!==t&&(this._clearActiveClass(this._config.target),this._activeTarget=t,t.classList.add(_s),this._activateParents(t),Ce.trigger(this._element,DD,{relatedTarget:t}))}_activateParents(t){if(t.classList.contains(HD)){Qe.findOne(GD,t.closest(zD)).classList.add(_s);return}for(const n of Qe.parents(t,UD))for(const r of Qe.prev(n,VD))r.classList.add(_s)}_clearActiveClass(t){t.classList.remove(_s);const n=Qe.find(`${tp}.${_s}`,t);for(const r of n)r.classList.remove(_s)}static jQueryInterface(t){return this.each(function(){const n=ld.getOrCreateInstance(this,t);if(typeof t=="string"){if(n[t]===void 0||t.startsWith("_")||t==="constructor")throw new TypeError(`No method named "${t}"`);n[t]()}})}}Ce.on(window,MD,()=>{for(const e of Qe.find(WD))ld.getOrCreateInstance(e)});fr(ld);const YD="tab",qD="bs.tab",ja=`.${qD}`,jD=`hide${ja}`,JD=`hidden${ja}`,QD=`show${ja}`,ZD=`shown${ja}`,e4=`click${ja}`,t4=`keydown${ja}`,n4=`load${ja}`,r4="ArrowLeft",Pg="ArrowRight",i4="ArrowUp",Dg="ArrowDown",np="Home",Mg="End",xa="active",Hg="fade",rp="show",a4="dropdown",bS=".dropdown-toggle",s4=".dropdown-menu",ip=`:not(${bS})`,o4='.list-group, .nav, [role="tablist"]',l4=".nav-item, .list-group-item",c4=`.nav-link${ip}, .list-group-item${ip}, [role="tab"]${ip}`,RS='[data-bs-toggle="tab"], [data-bs-toggle="pill"], [data-bs-toggle="list"]',ap=`${c4}, ${RS}`,u4=`.${xa}[data-bs-toggle="tab"], .${xa}[data-bs-toggle="pill"], .${xa}[data-bs-toggle="list"]`;class Fs extends xr{constructor(t){super(t),this._parent=this._element.closest(o4),this._parent&&(this._setInitialAttributes(this._parent,this._getChildren()),Ce.on(this._element,t4,n=>this._keydown(n)))}static get NAME(){return YD}show(){const t=this._element;if(this._elemIsActive(t))return;const n=this._getActiveElem(),r=n?Ce.trigger(n,jD,{relatedTarget:t}):null;Ce.trigger(t,QD,{relatedTarget:n}).defaultPrevented||r&&r.defaultPrevented||(this._deactivate(n,t),this._activate(t,n))}_activate(t,n){if(!t)return;t.classList.add(xa),this._activate(Qe.getElementFromSelector(t));const r=()=>{if(t.getAttribute("role")!=="tab"){t.classList.add(rp);return}t.removeAttribute("tabindex"),t.setAttribute("aria-selected",!0),this._toggleDropDown(t,!0),Ce.trigger(t,ZD,{relatedTarget:n})};this._queueCallback(r,t,t.classList.contains(Hg))}_deactivate(t,n){if(!t)return;t.classList.remove(xa),t.blur(),this._deactivate(Qe.getElementFromSelector(t));const r=()=>{if(t.getAttribute("role")!=="tab"){t.classList.remove(rp);return}t.setAttribute("aria-selected",!1),t.setAttribute("tabindex","-1"),this._toggleDropDown(t,!1),Ce.trigger(t,JD,{relatedTarget:n})};this._queueCallback(r,t,t.classList.contains(Hg))}_keydown(t){if(![r4,Pg,i4,Dg,np,Mg].includes(t.key))return;t.stopPropagation(),t.preventDefault();const n=this._getChildren().filter(i=>!Ji(i));let r;if([np,Mg].includes(t.key))r=n[t.key===np?0:n.length-1];else{const i=[Pg,Dg].includes(t.key);r=o_(n,t.target,i,!0)}r&&(r.focus({preventScroll:!0}),Fs.getOrCreateInstance(r).show())}_getChildren(){return Qe.find(ap,this._parent)}_getActiveElem(){return this._getChildren().find(t=>this._elemIsActive(t))||null}_setInitialAttributes(t,n){this._setAttributeIfNotExists(t,"role","tablist");for(const r of n)this._setInitialAttributesOnChild(r)}_setInitialAttributesOnChild(t){t=this._getInnerElement(t);const n=this._elemIsActive(t),r=this._getOuterElement(t);t.setAttribute("aria-selected",n),r!==t&&this._setAttributeIfNotExists(r,"role","presentation"),n||t.setAttribute("tabindex","-1"),this._setAttributeIfNotExists(t,"role","tab"),this._setInitialAttributesOnTargetPanel(t)}_setInitialAttributesOnTargetPanel(t){const n=Qe.getElementFromSelector(t);n&&(this._setAttributeIfNotExists(n,"role","tabpanel"),t.id&&this._setAttributeIfNotExists(n,"aria-labelledby",`${t.id}`))}_toggleDropDown(t,n){const r=this._getOuterElement(t);if(!r.classList.contains(a4))return;const i=(s,l)=>{const c=Qe.findOne(s,r);c&&c.classList.toggle(l,n)};i(bS,xa),i(s4,rp),r.setAttribute("aria-expanded",n)}_setAttributeIfNotExists(t,n,r){t.hasAttribute(n)||t.setAttribute(n,r)}_elemIsActive(t){return t.classList.contains(xa)}_getInnerElement(t){return t.matches(ap)?t:Qe.findOne(ap,t)}_getOuterElement(t){return t.closest(l4)||t}static jQueryInterface(t){return this.each(function(){const n=Fs.getOrCreateInstance(this);if(typeof t=="string"){if(n[t]===void 0||t.startsWith("_")||t==="constructor")throw new TypeError(`No method named "${t}"`);n[t]()}})}}Ce.on(document,e4,RS,function(e){["A","AREA"].includes(this.tagName)&&e.preventDefault(),!Ji(this)&&Fs.getOrCreateInstance(this).show()});Ce.on(window,n4,()=>{for(const e of Qe.find(u4))Fs.getOrCreateInstance(e)});fr(Fs);const d4="toast",f4="bs.toast",aa=`.${f4}`,p4=`mouseover${aa}`,h4=`mouseout${aa}`,_4=`focusin${aa}`,m4=`focusout${aa}`,E4=`hide${aa}`,g4=`hidden${aa}`,v4=`show${aa}`,T4=`shown${aa}`,S4="fade",Wg="hide",Nc="show",Cc="showing",A4={animation:"boolean",autohide:"boolean",delay:"number"},b4={animation:!0,autohide:!0,delay:5e3};class cd extends xr{constructor(t,n){super(t,n),this._timeout=null,this._hasMouseInteraction=!1,this._hasKeyboardInteraction=!1,this._setListeners()}static get Default(){return b4}static get DefaultType(){return A4}static get NAME(){return d4}show(){if(Ce.trigger(this._element,v4).defaultPrevented)return;this._clearTimeout(),this._config.animation&&this._element.classList.add(S4);const n=()=>{this._element.classList.remove(Cc),Ce.trigger(this._element,T4),this._maybeScheduleHide()};this._element.classList.remove(Wg),El(this._element),this._element.classList.add(Nc,Cc),this._queueCallback(n,this._element,this._config.animation)}hide(){if(!this.isShown()||Ce.trigger(this._element,E4).defaultPrevented)return;const n=()=>{this._element.classList.add(Wg),this._element.classList.remove(Cc,Nc),Ce.trigger(this._element,g4)};this._element.classList.add(Cc),this._queueCallback(n,this._element,this._config.animation)}dispose(){this._clearTimeout(),this.isShown()&&this._element.classList.remove(Nc),super.dispose()}isShown(){return this._element.classList.contains(Nc)}_maybeScheduleHide(){this._config.autohide&&(this._hasMouseInteraction||this._hasKeyboardInteraction||(this._timeout=setTimeout(()=>{this.hide()},this._config.delay)))}_onInteraction(t,n){switch(t.type){case"mouseover":case"mouseout":{this._hasMouseInteraction=n;break}case"focusin":case"focusout":{this._hasKeyboardInteraction=n;break}}if(n){this._clearTimeout();return}const r=t.relatedTarget;this._element===r||this._element.contains(r)||this._maybeScheduleHide()}_setListeners(){Ce.on(this._element,p4,t=>this._onInteraction(t,!0)),Ce.on(this._element,h4,t=>this._onInteraction(t,!1)),Ce.on(this._element,_4,t=>this._onInteraction(t,!0)),Ce.on(this._element,m4,t=>this._onInteraction(t,!1))}_clearTimeout(){clearTimeout(this._timeout),this._timeout=null}static jQueryInterface(t){return this.each(function(){const n=cd.getOrCreateInstance(this,t);if(typeof t=="string"){if(typeof n[t]>"u")throw new TypeError(`No method named "${t}"`);n[t](this)}})}}ad(cd);fr(cd);const R4=["to"],Ug=Ot({__name:"VLink",props:{to:{type:String,required:!0}},setup(e){const t=e,n=ft("currentPath"),r=i=>{i.preventDefault(),n.value=t.to};return(i,s)=>(w(),k("a",{to:e.to,onClick:r,href:""},[Vi(i.$slots,"default")],8,R4))}}),L4={class:"d-flex flex-column vh-100"},O4={class:"navbar container"},y4={key:0,class:"text-center ms-auto"},f_=Ot({__name:"MainLayout",props:{title:null},setup(e){const t=e;return(n,r)=>(w(),k("div",L4,[A("div",O4,[t?.title?(w(),k("div",y4,Le(t?.title),1)):oe("",!0),v(),we(Ug,{class:"btn btn-secondary ms-auto",to:"/"},{default:Ut(()=>[v("New Plan")]),_:1}),v(),we(Ug,{class:"btn btn-link",to:"/about"},{default:Ut(()=>[v("About")]),_:1})]),v(),Vi(n.$slots,"default")]))}}),N4=A("div",{class:"container"},[A("h2",null,"Disclaimer"),v(),A("p",null,[v(`
        This project is a rewrite of the excellent
        `),A("a",{href:"https://github.com/AlexTatiyants/pev"},"Postgres Explain Visualizer (pev)"),v(`. Kudos go to Alex Tatiyants.
      `)]),v(),A("p",null,[v(`
      `)]),v(),A("hr"),v(),A("div",{class:"text-center text-muted"},[A("b",null,"PostgreSQL Explain Virtualizastion "),v(` is brought to you by
        `),A("a",{href:"https://foneteye.fonetyazilim.com"},"Fonet BT")])],-1),C4=Ot({__name:"AboutView",setup(e){return(t,n)=>(w(),It(f_,null,{default:Ut(()=>[N4]),_:1}))}});function $g(e,t){var n=Object.keys(e);if(Object.getOwnPropertySymbols){var r=Object.getOwnPropertySymbols(e);t&&(r=r.filter(function(i){return Object.getOwnPropertyDescriptor(e,i).enumerable})),n.push.apply(n,r)}return n}function ze(e){for(var t=1;t<arguments.length;t++){var n=arguments[t]!=null?arguments[t]:{};t%2?$g(Object(n),!0).forEach(function(r){Qt(e,r,n[r])}):Object.getOwnPropertyDescriptors?Object.defineProperties(e,Object.getOwnPropertyDescriptors(n)):$g(Object(n)).forEach(function(r){Object.defineProperty(e,r,Object.getOwnPropertyDescriptor(n,r))})}return e}function Tu(e){"@babel/helpers - typeof";return Tu=typeof Symbol=="function"&&typeof Symbol.iterator=="symbol"?function(t){return typeof t}:function(t){return t&&typeof Symbol=="function"&&t.constructor===Symbol&&t!==Symbol.prototype?"symbol":typeof t},Tu(e)}function x4(e,t){if(!(e instanceof t))throw new TypeError("Cannot call a class as a function")}function Fg(e,t){for(var n=0;n<t.length;n++){var r=t[n];r.enumerable=r.enumerable||!1,r.configurable=!0,"value"in r&&(r.writable=!0),Object.defineProperty(e,r.key,r)}}function w4(e,t,n){return t&&Fg(e.prototype,t),n&&Fg(e,n),Object.defineProperty(e,"prototype",{writable:!1}),e}function Qt(e,t,n){return t in e?Object.defineProperty(e,t,{value:n,enumerable:!0,configurable:!0,writable:!0}):e[t]=n,e}function p_(e,t){return k4(e)||P4(e,t)||LS(e,t)||M4()}function Sl(e){return I4(e)||B4(e)||LS(e)||D4()}function I4(e){if(Array.isArray(e))return Kp(e)}function k4(e){if(Array.isArray(e))return e}function B4(e){if(typeof Symbol<"u"&&e[Symbol.iterator]!=null||e["@@iterator"]!=null)return Array.from(e)}function P4(e,t){var n=e==null?null:typeof Symbol<"u"&&e[Symbol.iterator]||e["@@iterator"];if(n!=null){var r=[],i=!0,s=!1,l,c;try{for(n=n.call(e);!(i=(l=n.next()).done)&&(r.push(l.value),!(t&&r.length===t));i=!0);}catch(u){s=!0,c=u}finally{try{!i&&n.return!=null&&n.return()}finally{if(s)throw c}}return r}}function LS(e,t){if(e){if(typeof e=="string")return Kp(e,t);var n=Object.prototype.toString.call(e).slice(8,-1);if(n==="Object"&&e.constructor&&(n=e.constructor.name),n==="Map"||n==="Set")return Array.from(e);if(n==="Arguments"||/^(?:Ui|I)nt(?:8|16|32)(?:Clamped)?Array$/.test(n))return Kp(e,t)}}function Kp(e,t){(t==null||t>e.length)&&(t=e.length);for(var n=0,r=new Array(t);n<t;n++)r[n]=e[n];return r}function D4(){throw new TypeError(`Invalid attempt to spread non-iterable instance.
In order to be iterable, non-array objects must have a [Symbol.iterator]() method.`)}function M4(){throw new TypeError(`Invalid attempt to destructure non-iterable instance.
In order to be iterable, non-array objects must have a [Symbol.iterator]() method.`)}var Vg=function(){},h_={},OS={},yS=null,NS={mark:Vg,measure:Vg};try{typeof window<"u"&&(h_=window),typeof document<"u"&&(OS=document),typeof MutationObserver<"u"&&(yS=MutationObserver),typeof performance<"u"&&(NS=performance)}catch{}var H4=h_.navigator||{},zg=H4.userAgent,Gg=zg===void 0?"":zg,Zi=h_,Ht=OS,Kg=yS,xc=NS;Zi.document;var Ni=!!Ht.documentElement&&!!Ht.head&&typeof Ht.addEventListener=="function"&&typeof Ht.createElement=="function",CS=~Gg.indexOf("MSIE")||~Gg.indexOf("Trident/"),wc,Ic,kc,Bc,Pc,Si="___FONT_AWESOME___",Xp=16,xS="fa",wS="svg-inline--fa",za="data-fa-i2svg",Yp="data-fa-pseudo-element",W4="data-fa-pseudo-element-pending",__="data-prefix",m_="data-icon",Xg="fontawesome-i2svg",U4="async",$4=["HTML","HEAD","STYLE","SCRIPT"],IS=function(){try{return!0}catch{return!1}}(),Mt="classic",Gt="sharp",E_=[Mt,Gt];function Al(e){return new Proxy(e,{get:function(n,r){return r in n?n[r]:n[Mt]}})}var nl=Al((wc={},Qt(wc,Mt,{fa:"solid",fas:"solid","fa-solid":"solid",far:"regular","fa-regular":"regular",fal:"light","fa-light":"light",fat:"thin","fa-thin":"thin",fad:"duotone","fa-duotone":"duotone",fab:"brands","fa-brands":"brands",fak:"kit",fakd:"kit","fa-kit":"kit","fa-kit-duotone":"kit"}),Qt(wc,Gt,{fa:"solid",fass:"solid","fa-solid":"solid",fasr:"regular","fa-regular":"regular",fasl:"light","fa-light":"light",fast:"thin","fa-thin":"thin"}),wc)),rl=Al((Ic={},Qt(Ic,Mt,{solid:"fas",regular:"far",light:"fal",thin:"fat",duotone:"fad",brands:"fab",kit:"fak"}),Qt(Ic,Gt,{solid:"fass",regular:"fasr",light:"fasl",thin:"fast"}),Ic)),il=Al((kc={},Qt(kc,Mt,{fab:"fa-brands",fad:"fa-duotone",fak:"fa-kit",fal:"fa-light",far:"fa-regular",fas:"fa-solid",fat:"fa-thin"}),Qt(kc,Gt,{fass:"fa-solid",fasr:"fa-regular",fasl:"fa-light",fast:"fa-thin"}),kc)),F4=Al((Bc={},Qt(Bc,Mt,{"fa-brands":"fab","fa-duotone":"fad","fa-kit":"fak","fa-light":"fal","fa-regular":"far","fa-solid":"fas","fa-thin":"fat"}),Qt(Bc,Gt,{"fa-solid":"fass","fa-regular":"fasr","fa-light":"fasl","fa-thin":"fast"}),Bc)),V4=/fa(s|r|l|t|d|b|k|ss|sr|sl|st)?[\-\ ]/,kS="fa-layers-text",z4=/Font ?Awesome ?([56 ]*)(Solid|Regular|Light|Thin|Duotone|Brands|Free|Pro|Sharp|Kit)?.*/i,G4=Al((Pc={},Qt(Pc,Mt,{900:"fas",400:"far",normal:"far",300:"fal",100:"fat"}),Qt(Pc,Gt,{900:"fass",400:"fasr",300:"fasl",100:"fast"}),Pc)),BS=[1,2,3,4,5,6,7,8,9,10],K4=BS.concat([11,12,13,14,15,16,17,18,19,20]),X4=["class","data-prefix","data-icon","data-fa-transform","data-fa-mask"],wa={GROUP:"duotone-group",SWAP_OPACITY:"swap-opacity",PRIMARY:"primary",SECONDARY:"secondary"},al=new Set;Object.keys(rl[Mt]).map(al.add.bind(al));Object.keys(rl[Gt]).map(al.add.bind(al));var Y4=[].concat(E_,Sl(al),["2xs","xs","sm","lg","xl","2xl","beat","border","fade","beat-fade","bounce","flip-both","flip-horizontal","flip-vertical","flip","fw","inverse","layers-counter","layers-text","layers","li","pull-left","pull-right","pulse","rotate-180","rotate-270","rotate-90","rotate-by","shake","spin-pulse","spin-reverse","spin","stack-1x","stack-2x","stack","ul",wa.GROUP,wa.SWAP_OPACITY,wa.PRIMARY,wa.SECONDARY]).concat(BS.map(function(e){return"".concat(e,"x")})).concat(K4.map(function(e){return"w-".concat(e)})),Vo=Zi.FontAwesomeConfig||{};function q4(e){var t=Ht.querySelector("script["+e+"]");if(t)return t.getAttribute(e)}function j4(e){return e===""?!0:e==="false"?!1:e==="true"?!0:e}if(Ht&&typeof Ht.querySelector=="function"){var J4=[["data-family-prefix","familyPrefix"],["data-css-prefix","cssPrefix"],["data-family-default","familyDefault"],["data-style-default","styleDefault"],["data-replacement-class","replacementClass"],["data-auto-replace-svg","autoReplaceSvg"],["data-auto-add-css","autoAddCss"],["data-auto-a11y","autoA11y"],["data-search-pseudo-elements","searchPseudoElements"],["data-observe-mutations","observeMutations"],["data-mutate-approach","mutateApproach"],["data-keep-original-source","keepOriginalSource"],["data-measure-performance","measurePerformance"],["data-show-missing-icons","showMissingIcons"]];J4.forEach(function(e){var t=p_(e,2),n=t[0],r=t[1],i=j4(q4(n));i!=null&&(Vo[r]=i)})}var PS={styleDefault:"solid",familyDefault:"classic",cssPrefix:xS,replacementClass:wS,autoReplaceSvg:!0,autoAddCss:!0,autoA11y:!0,searchPseudoElements:!1,observeMutations:!0,mutateApproach:"async",keepOriginalSource:!0,measurePerformance:!1,showMissingIcons:!0};Vo.familyPrefix&&(Vo.cssPrefix=Vo.familyPrefix);var Vs=ze(ze({},PS),Vo);Vs.autoReplaceSvg||(Vs.observeMutations=!1);var qe={};Object.keys(PS).forEach(function(e){Object.defineProperty(qe,e,{enumerable:!0,set:function(n){Vs[e]=n,zo.forEach(function(r){return r(qe)})},get:function(){return Vs[e]}})});Object.defineProperty(qe,"familyPrefix",{enumerable:!0,set:function(t){Vs.cssPrefix=t,zo.forEach(function(n){return n(qe)})},get:function(){return Vs.cssPrefix}});Zi.FontAwesomeConfig=qe;var zo=[];function Q4(e){return zo.push(e),function(){zo.splice(zo.indexOf(e),1)}}var $i=Xp,zr={size:16,x:0,y:0,rotate:0,flipX:!1,flipY:!1};function Z4(e){if(!(!e||!Ni)){var t=Ht.createElement("style");t.setAttribute("type","text/css"),t.innerHTML=e;for(var n=Ht.head.childNodes,r=null,i=n.length-1;i>-1;i--){var s=n[i],l=(s.tagName||"").toUpperCase();["STYLE","LINK"].indexOf(l)>-1&&(r=s)}return Ht.head.insertBefore(t,r),e}}var e3="0123456789abcdefghijklmnopqrstuvwxyzABCDEFGHIJKLMNOPQRSTUVWXYZ";function sl(){for(var e=12,t="";e-- >0;)t+=e3[Math.random()*62|0];return t}function oo(e){for(var t=[],n=(e||[]).length>>>0;n--;)t[n]=e[n];return t}function g_(e){return e.classList?oo(e.classList):(e.getAttribute("class")||"").split(" ").filter(function(t){return t})}function DS(e){return"".concat(e).replace(/&/g,"&amp;").replace(/"/g,"&quot;").replace(/'/g,"&#39;").replace(/</g,"&lt;").replace(/>/g,"&gt;")}function t3(e){return Object.keys(e||{}).reduce(function(t,n){return t+"".concat(n,'="').concat(DS(e[n]),'" ')},"").trim()}function ud(e){return Object.keys(e||{}).reduce(function(t,n){return t+"".concat(n,": ").concat(e[n].trim(),";")},"")}function v_(e){return e.size!==zr.size||e.x!==zr.x||e.y!==zr.y||e.rotate!==zr.rotate||e.flipX||e.flipY}function n3(e){var t=e.transform,n=e.containerWidth,r=e.iconWidth,i={transform:"translate(".concat(n/2," 256)")},s="translate(".concat(t.x*32,", ").concat(t.y*32,") "),l="scale(".concat(t.size/16*(t.flipX?-1:1),", ").concat(t.size/16*(t.flipY?-1:1),") "),c="rotate(".concat(t.rotate," 0 0)"),u={transform:"".concat(s," ").concat(l," ").concat(c)},p={transform:"translate(".concat(r/2*-1," -256)")};return{outer:i,inner:u,path:p}}function r3(e){var t=e.transform,n=e.width,r=n===void 0?Xp:n,i=e.height,s=i===void 0?Xp:i,l=e.startCentered,c=l===void 0?!1:l,u="";return c&&CS?u+="translate(".concat(t.x/$i-r/2,"em, ").concat(t.y/$i-s/2,"em) "):c?u+="translate(calc(-50% + ".concat(t.x/$i,"em), calc(-50% + ").concat(t.y/$i,"em)) "):u+="translate(".concat(t.x/$i,"em, ").concat(t.y/$i,"em) "),u+="scale(".concat(t.size/$i*(t.flipX?-1:1),", ").concat(t.size/$i*(t.flipY?-1:1),") "),u+="rotate(".concat(t.rotate,"deg) "),u}var i3=`:root, :host {
  --fa-font-solid: normal 900 1em/1 "Font Awesome 6 Solid";
  --fa-font-regular: normal 400 1em/1 "Font Awesome 6 Regular";
  --fa-font-light: normal 300 1em/1 "Font Awesome 6 Light";
  --fa-font-thin: normal 100 1em/1 "Font Awesome 6 Thin";
  --fa-font-duotone: normal 900 1em/1 "Font Awesome 6 Duotone";
  --fa-font-sharp-solid: normal 900 1em/1 "Font Awesome 6 Sharp";
  --fa-font-sharp-regular: normal 400 1em/1 "Font Awesome 6 Sharp";
  --fa-font-sharp-light: normal 300 1em/1 "Font Awesome 6 Sharp";
  --fa-font-sharp-thin: normal 100 1em/1 "Font Awesome 6 Sharp";
  --fa-font-brands: normal 400 1em/1 "Font Awesome 6 Brands";
}

svg:not(:root).svg-inline--fa, svg:not(:host).svg-inline--fa {
  overflow: visible;
  box-sizing: content-box;
}

.svg-inline--fa {
  display: var(--fa-display, inline-block);
  height: 1em;
  overflow: visible;
  vertical-align: -0.125em;
}
.svg-inline--fa.fa-2xs {
  vertical-align: 0.1em;
}
.svg-inline--fa.fa-xs {
  vertical-align: 0em;
}
.svg-inline--fa.fa-sm {
  vertical-align: -0.0714285705em;
}
.svg-inline--fa.fa-lg {
  vertical-align: -0.2em;
}
.svg-inline--fa.fa-xl {
  vertical-align: -0.25em;
}
.svg-inline--fa.fa-2xl {
  vertical-align: -0.3125em;
}
.svg-inline--fa.fa-pull-left {
  margin-right: var(--fa-pull-margin, 0.3em);
  width: auto;
}
.svg-inline--fa.fa-pull-right {
  margin-left: var(--fa-pull-margin, 0.3em);
  width: auto;
}
.svg-inline--fa.fa-li {
  width: var(--fa-li-width, 2em);
  top: 0.25em;
}
.svg-inline--fa.fa-fw {
  width: var(--fa-fw-width, 1.25em);
}

.fa-layers svg.svg-inline--fa {
  bottom: 0;
  left: 0;
  margin: auto;
  position: absolute;
  right: 0;
  top: 0;
}

.fa-layers-counter, .fa-layers-text {
  display: inline-block;
  position: absolute;
  text-align: center;
}

.fa-layers {
  display: inline-block;
  height: 1em;
  position: relative;
  text-align: center;
  vertical-align: -0.125em;
  width: 1em;
}
.fa-layers svg.svg-inline--fa {
  -webkit-transform-origin: center center;
          transform-origin: center center;
}

.fa-layers-text {
  left: 50%;
  top: 50%;
  -webkit-transform: translate(-50%, -50%);
          transform: translate(-50%, -50%);
  -webkit-transform-origin: center center;
          transform-origin: center center;
}

.fa-layers-counter {
  background-color: var(--fa-counter-background-color, #ff253a);
  border-radius: var(--fa-counter-border-radius, 1em);
  box-sizing: border-box;
  color: var(--fa-inverse, #fff);
  line-height: var(--fa-counter-line-height, 1);
  max-width: var(--fa-counter-max-width, 5em);
  min-width: var(--fa-counter-min-width, 1.5em);
  overflow: hidden;
  padding: var(--fa-counter-padding, 0.25em 0.5em);
  right: var(--fa-right, 0);
  text-overflow: ellipsis;
  top: var(--fa-top, 0);
  -webkit-transform: scale(var(--fa-counter-scale, 0.25));
          transform: scale(var(--fa-counter-scale, 0.25));
  -webkit-transform-origin: top right;
          transform-origin: top right;
}

.fa-layers-bottom-right {
  bottom: var(--fa-bottom, 0);
  right: var(--fa-right, 0);
  top: auto;
  -webkit-transform: scale(var(--fa-layers-scale, 0.25));
          transform: scale(var(--fa-layers-scale, 0.25));
  -webkit-transform-origin: bottom right;
          transform-origin: bottom right;
}

.fa-layers-bottom-left {
  bottom: var(--fa-bottom, 0);
  left: var(--fa-left, 0);
  right: auto;
  top: auto;
  -webkit-transform: scale(var(--fa-layers-scale, 0.25));
          transform: scale(var(--fa-layers-scale, 0.25));
  -webkit-transform-origin: bottom left;
          transform-origin: bottom left;
}

.fa-layers-top-right {
  top: var(--fa-top, 0);
  right: var(--fa-right, 0);
  -webkit-transform: scale(var(--fa-layers-scale, 0.25));
          transform: scale(var(--fa-layers-scale, 0.25));
  -webkit-transform-origin: top right;
          transform-origin: top right;
}

.fa-layers-top-left {
  left: var(--fa-left, 0);
  right: auto;
  top: var(--fa-top, 0);
  -webkit-transform: scale(var(--fa-layers-scale, 0.25));
          transform: scale(var(--fa-layers-scale, 0.25));
  -webkit-transform-origin: top left;
          transform-origin: top left;
}

.fa-1x {
  font-size: 1em;
}

.fa-2x {
  font-size: 2em;
}

.fa-3x {
  font-size: 3em;
}

.fa-4x {
  font-size: 4em;
}

.fa-5x {
  font-size: 5em;
}

.fa-6x {
  font-size: 6em;
}

.fa-7x {
  font-size: 7em;
}

.fa-8x {
  font-size: 8em;
}

.fa-9x {
  font-size: 9em;
}

.fa-10x {
  font-size: 10em;
}

.fa-2xs {
  font-size: 0.625em;
  line-height: 0.1em;
  vertical-align: 0.225em;
}

.fa-xs {
  font-size: 0.75em;
  line-height: 0.0833333337em;
  vertical-align: 0.125em;
}

.fa-sm {
  font-size: 0.875em;
  line-height: 0.0714285718em;
  vertical-align: 0.0535714295em;
}

.fa-lg {
  font-size: 1.25em;
  line-height: 0.05em;
  vertical-align: -0.075em;
}

.fa-xl {
  font-size: 1.5em;
  line-height: 0.0416666682em;
  vertical-align: -0.125em;
}

.fa-2xl {
  font-size: 2em;
  line-height: 0.03125em;
  vertical-align: -0.1875em;
}

.fa-fw {
  text-align: center;
  width: 1.25em;
}

.fa-ul {
  list-style-type: none;
  margin-left: var(--fa-li-margin, 2.5em);
  padding-left: 0;
}
.fa-ul > li {
  position: relative;
}

.fa-li {
  left: calc(var(--fa-li-width, 2em) * -1);
  position: absolute;
  text-align: center;
  width: var(--fa-li-width, 2em);
  line-height: inherit;
}

.fa-border {
  border-color: var(--fa-border-color, #eee);
  border-radius: var(--fa-border-radius, 0.1em);
  border-style: var(--fa-border-style, solid);
  border-width: var(--fa-border-width, 0.08em);
  padding: var(--fa-border-padding, 0.2em 0.25em 0.15em);
}

.fa-pull-left {
  float: left;
  margin-right: var(--fa-pull-margin, 0.3em);
}

.fa-pull-right {
  float: right;
  margin-left: var(--fa-pull-margin, 0.3em);
}

.fa-beat {
  -webkit-animation-name: fa-beat;
          animation-name: fa-beat;
  -webkit-animation-delay: var(--fa-animation-delay, 0s);
          animation-delay: var(--fa-animation-delay, 0s);
  -webkit-animation-direction: var(--fa-animation-direction, normal);
          animation-direction: var(--fa-animation-direction, normal);
  -webkit-animation-duration: var(--fa-animation-duration, 1s);
          animation-duration: var(--fa-animation-duration, 1s);
  -webkit-animation-iteration-count: var(--fa-animation-iteration-count, infinite);
          animation-iteration-count: var(--fa-animation-iteration-count, infinite);
  -webkit-animation-timing-function: var(--fa-animation-timing, ease-in-out);
          animation-timing-function: var(--fa-animation-timing, ease-in-out);
}

.fa-bounce {
  -webkit-animation-name: fa-bounce;
          animation-name: fa-bounce;
  -webkit-animation-delay: var(--fa-animation-delay, 0s);
          animation-delay: var(--fa-animation-delay, 0s);
  -webkit-animation-direction: var(--fa-animation-direction, normal);
          animation-direction: var(--fa-animation-direction, normal);
  -webkit-animation-duration: var(--fa-animation-duration, 1s);
          animation-duration: var(--fa-animation-duration, 1s);
  -webkit-animation-iteration-count: var(--fa-animation-iteration-count, infinite);
          animation-iteration-count: var(--fa-animation-iteration-count, infinite);
  -webkit-animation-timing-function: var(--fa-animation-timing, cubic-bezier(0.28, 0.84, 0.42, 1));
          animation-timing-function: var(--fa-animation-timing, cubic-bezier(0.28, 0.84, 0.42, 1));
}

.fa-fade {
  -webkit-animation-name: fa-fade;
          animation-name: fa-fade;
  -webkit-animation-delay: var(--fa-animation-delay, 0s);
          animation-delay: var(--fa-animation-delay, 0s);
  -webkit-animation-direction: var(--fa-animation-direction, normal);
          animation-direction: var(--fa-animation-direction, normal);
  -webkit-animation-duration: var(--fa-animation-duration, 1s);
          animation-duration: var(--fa-animation-duration, 1s);
  -webkit-animation-iteration-count: var(--fa-animation-iteration-count, infinite);
          animation-iteration-count: var(--fa-animation-iteration-count, infinite);
  -webkit-animation-timing-function: var(--fa-animation-timing, cubic-bezier(0.4, 0, 0.6, 1));
          animation-timing-function: var(--fa-animation-timing, cubic-bezier(0.4, 0, 0.6, 1));
}

.fa-beat-fade {
  -webkit-animation-name: fa-beat-fade;
          animation-name: fa-beat-fade;
  -webkit-animation-delay: var(--fa-animation-delay, 0s);
          animation-delay: var(--fa-animation-delay, 0s);
  -webkit-animation-direction: var(--fa-animation-direction, normal);
          animation-direction: var(--fa-animation-direction, normal);
  -webkit-animation-duration: var(--fa-animation-duration, 1s);
          animation-duration: var(--fa-animation-duration, 1s);
  -webkit-animation-iteration-count: var(--fa-animation-iteration-count, infinite);
          animation-iteration-count: var(--fa-animation-iteration-count, infinite);
  -webkit-animation-timing-function: var(--fa-animation-timing, cubic-bezier(0.4, 0, 0.6, 1));
          animation-timing-function: var(--fa-animation-timing, cubic-bezier(0.4, 0, 0.6, 1));
}

.fa-flip {
  -webkit-animation-name: fa-flip;
          animation-name: fa-flip;
  -webkit-animation-delay: var(--fa-animation-delay, 0s);
          animation-delay: var(--fa-animation-delay, 0s);
  -webkit-animation-direction: var(--fa-animation-direction, normal);
          animation-direction: var(--fa-animation-direction, normal);
  -webkit-animation-duration: var(--fa-animation-duration, 1s);
          animation-duration: var(--fa-animation-duration, 1s);
  -webkit-animation-iteration-count: var(--fa-animation-iteration-count, infinite);
          animation-iteration-count: var(--fa-animation-iteration-count, infinite);
  -webkit-animation-timing-function: var(--fa-animation-timing, ease-in-out);
          animation-timing-function: var(--fa-animation-timing, ease-in-out);
}

.fa-shake {
  -webkit-animation-name: fa-shake;
          animation-name: fa-shake;
  -webkit-animation-delay: var(--fa-animation-delay, 0s);
          animation-delay: var(--fa-animation-delay, 0s);
  -webkit-animation-direction: var(--fa-animation-direction, normal);
          animation-direction: var(--fa-animation-direction, normal);
  -webkit-animation-duration: var(--fa-animation-duration, 1s);
          animation-duration: var(--fa-animation-duration, 1s);
  -webkit-animation-iteration-count: var(--fa-animation-iteration-count, infinite);
          animation-iteration-count: var(--fa-animation-iteration-count, infinite);
  -webkit-animation-timing-function: var(--fa-animation-timing, linear);
          animation-timing-function: var(--fa-animation-timing, linear);
}

.fa-spin {
  -webkit-animation-name: fa-spin;
          animation-name: fa-spin;
  -webkit-animation-delay: var(--fa-animation-delay, 0s);
          animation-delay: var(--fa-animation-delay, 0s);
  -webkit-animation-direction: var(--fa-animation-direction, normal);
          animation-direction: var(--fa-animation-direction, normal);
  -webkit-animation-duration: var(--fa-animation-duration, 2s);
          animation-duration: var(--fa-animation-duration, 2s);
  -webkit-animation-iteration-count: var(--fa-animation-iteration-count, infinite);
          animation-iteration-count: var(--fa-animation-iteration-count, infinite);
  -webkit-animation-timing-function: var(--fa-animation-timing, linear);
          animation-timing-function: var(--fa-animation-timing, linear);
}

.fa-spin-reverse {
  --fa-animation-direction: reverse;
}

.fa-pulse,
.fa-spin-pulse {
  -webkit-animation-name: fa-spin;
          animation-name: fa-spin;
  -webkit-animation-direction: var(--fa-animation-direction, normal);
          animation-direction: var(--fa-animation-direction, normal);
  -webkit-animation-duration: var(--fa-animation-duration, 1s);
          animation-duration: var(--fa-animation-duration, 1s);
  -webkit-animation-iteration-count: var(--fa-animation-iteration-count, infinite);
          animation-iteration-count: var(--fa-animation-iteration-count, infinite);
  -webkit-animation-timing-function: var(--fa-animation-timing, steps(8));
          animation-timing-function: var(--fa-animation-timing, steps(8));
}

@media (prefers-reduced-motion: reduce) {
  .fa-beat,
.fa-bounce,
.fa-fade,
.fa-beat-fade,
.fa-flip,
.fa-pulse,
.fa-shake,
.fa-spin,
.fa-spin-pulse {
    -webkit-animation-delay: -1ms;
            animation-delay: -1ms;
    -webkit-animation-duration: 1ms;
            animation-duration: 1ms;
    -webkit-animation-iteration-count: 1;
            animation-iteration-count: 1;
    -webkit-transition-delay: 0s;
            transition-delay: 0s;
    -webkit-transition-duration: 0s;
            transition-duration: 0s;
  }
}
@-webkit-keyframes fa-beat {
  0%, 90% {
    -webkit-transform: scale(1);
            transform: scale(1);
  }
  45% {
    -webkit-transform: scale(var(--fa-beat-scale, 1.25));
            transform: scale(var(--fa-beat-scale, 1.25));
  }
}
@keyframes fa-beat {
  0%, 90% {
    -webkit-transform: scale(1);
            transform: scale(1);
  }
  45% {
    -webkit-transform: scale(var(--fa-beat-scale, 1.25));
            transform: scale(var(--fa-beat-scale, 1.25));
  }
}
@-webkit-keyframes fa-bounce {
  0% {
    -webkit-transform: scale(1, 1) translateY(0);
            transform: scale(1, 1) translateY(0);
  }
  10% {
    -webkit-transform: scale(var(--fa-bounce-start-scale-x, 1.1), var(--fa-bounce-start-scale-y, 0.9)) translateY(0);
            transform: scale(var(--fa-bounce-start-scale-x, 1.1), var(--fa-bounce-start-scale-y, 0.9)) translateY(0);
  }
  30% {
    -webkit-transform: scale(var(--fa-bounce-jump-scale-x, 0.9), var(--fa-bounce-jump-scale-y, 1.1)) translateY(var(--fa-bounce-height, -0.5em));
            transform: scale(var(--fa-bounce-jump-scale-x, 0.9), var(--fa-bounce-jump-scale-y, 1.1)) translateY(var(--fa-bounce-height, -0.5em));
  }
  50% {
    -webkit-transform: scale(var(--fa-bounce-land-scale-x, 1.05), var(--fa-bounce-land-scale-y, 0.95)) translateY(0);
            transform: scale(var(--fa-bounce-land-scale-x, 1.05), var(--fa-bounce-land-scale-y, 0.95)) translateY(0);
  }
  57% {
    -webkit-transform: scale(1, 1) translateY(var(--fa-bounce-rebound, -0.125em));
            transform: scale(1, 1) translateY(var(--fa-bounce-rebound, -0.125em));
  }
  64% {
    -webkit-transform: scale(1, 1) translateY(0);
            transform: scale(1, 1) translateY(0);
  }
  100% {
    -webkit-transform: scale(1, 1) translateY(0);
            transform: scale(1, 1) translateY(0);
  }
}
@keyframes fa-bounce {
  0% {
    -webkit-transform: scale(1, 1) translateY(0);
            transform: scale(1, 1) translateY(0);
  }
  10% {
    -webkit-transform: scale(var(--fa-bounce-start-scale-x, 1.1), var(--fa-bounce-start-scale-y, 0.9)) translateY(0);
            transform: scale(var(--fa-bounce-start-scale-x, 1.1), var(--fa-bounce-start-scale-y, 0.9)) translateY(0);
  }
  30% {
    -webkit-transform: scale(var(--fa-bounce-jump-scale-x, 0.9), var(--fa-bounce-jump-scale-y, 1.1)) translateY(var(--fa-bounce-height, -0.5em));
            transform: scale(var(--fa-bounce-jump-scale-x, 0.9), var(--fa-bounce-jump-scale-y, 1.1)) translateY(var(--fa-bounce-height, -0.5em));
  }
  50% {
    -webkit-transform: scale(var(--fa-bounce-land-scale-x, 1.05), var(--fa-bounce-land-scale-y, 0.95)) translateY(0);
            transform: scale(var(--fa-bounce-land-scale-x, 1.05), var(--fa-bounce-land-scale-y, 0.95)) translateY(0);
  }
  57% {
    -webkit-transform: scale(1, 1) translateY(var(--fa-bounce-rebound, -0.125em));
            transform: scale(1, 1) translateY(var(--fa-bounce-rebound, -0.125em));
  }
  64% {
    -webkit-transform: scale(1, 1) translateY(0);
            transform: scale(1, 1) translateY(0);
  }
  100% {
    -webkit-transform: scale(1, 1) translateY(0);
            transform: scale(1, 1) translateY(0);
  }
}
@-webkit-keyframes fa-fade {
  50% {
    opacity: var(--fa-fade-opacity, 0.4);
  }
}
@keyframes fa-fade {
  50% {
    opacity: var(--fa-fade-opacity, 0.4);
  }
}
@-webkit-keyframes fa-beat-fade {
  0%, 100% {
    opacity: var(--fa-beat-fade-opacity, 0.4);
    -webkit-transform: scale(1);
            transform: scale(1);
  }
  50% {
    opacity: 1;
    -webkit-transform: scale(var(--fa-beat-fade-scale, 1.125));
            transform: scale(var(--fa-beat-fade-scale, 1.125));
  }
}
@keyframes fa-beat-fade {
  0%, 100% {
    opacity: var(--fa-beat-fade-opacity, 0.4);
    -webkit-transform: scale(1);
            transform: scale(1);
  }
  50% {
    opacity: 1;
    -webkit-transform: scale(var(--fa-beat-fade-scale, 1.125));
            transform: scale(var(--fa-beat-fade-scale, 1.125));
  }
}
@-webkit-keyframes fa-flip {
  50% {
    -webkit-transform: rotate3d(var(--fa-flip-x, 0), var(--fa-flip-y, 1), var(--fa-flip-z, 0), var(--fa-flip-angle, -180deg));
            transform: rotate3d(var(--fa-flip-x, 0), var(--fa-flip-y, 1), var(--fa-flip-z, 0), var(--fa-flip-angle, -180deg));
  }
}
@keyframes fa-flip {
  50% {
    -webkit-transform: rotate3d(var(--fa-flip-x, 0), var(--fa-flip-y, 1), var(--fa-flip-z, 0), var(--fa-flip-angle, -180deg));
            transform: rotate3d(var(--fa-flip-x, 0), var(--fa-flip-y, 1), var(--fa-flip-z, 0), var(--fa-flip-angle, -180deg));
  }
}
@-webkit-keyframes fa-shake {
  0% {
    -webkit-transform: rotate(-15deg);
            transform: rotate(-15deg);
  }
  4% {
    -webkit-transform: rotate(15deg);
            transform: rotate(15deg);
  }
  8%, 24% {
    -webkit-transform: rotate(-18deg);
            transform: rotate(-18deg);
  }
  12%, 28% {
    -webkit-transform: rotate(18deg);
            transform: rotate(18deg);
  }
  16% {
    -webkit-transform: rotate(-22deg);
            transform: rotate(-22deg);
  }
  20% {
    -webkit-transform: rotate(22deg);
            transform: rotate(22deg);
  }
  32% {
    -webkit-transform: rotate(-12deg);
            transform: rotate(-12deg);
  }
  36% {
    -webkit-transform: rotate(12deg);
            transform: rotate(12deg);
  }
  40%, 100% {
    -webkit-transform: rotate(0deg);
            transform: rotate(0deg);
  }
}
@keyframes fa-shake {
  0% {
    -webkit-transform: rotate(-15deg);
            transform: rotate(-15deg);
  }
  4% {
    -webkit-transform: rotate(15deg);
            transform: rotate(15deg);
  }
  8%, 24% {
    -webkit-transform: rotate(-18deg);
            transform: rotate(-18deg);
  }
  12%, 28% {
    -webkit-transform: rotate(18deg);
            transform: rotate(18deg);
  }
  16% {
    -webkit-transform: rotate(-22deg);
            transform: rotate(-22deg);
  }
  20% {
    -webkit-transform: rotate(22deg);
            transform: rotate(22deg);
  }
  32% {
    -webkit-transform: rotate(-12deg);
            transform: rotate(-12deg);
  }
  36% {
    -webkit-transform: rotate(12deg);
            transform: rotate(12deg);
  }
  40%, 100% {
    -webkit-transform: rotate(0deg);
            transform: rotate(0deg);
  }
}
@-webkit-keyframes fa-spin {
  0% {
    -webkit-transform: rotate(0deg);
            transform: rotate(0deg);
  }
  100% {
    -webkit-transform: rotate(360deg);
            transform: rotate(360deg);
  }
}
@keyframes fa-spin {
  0% {
    -webkit-transform: rotate(0deg);
            transform: rotate(0deg);
  }
  100% {
    -webkit-transform: rotate(360deg);
            transform: rotate(360deg);
  }
}
.fa-rotate-90 {
  -webkit-transform: rotate(90deg);
          transform: rotate(90deg);
}

.fa-rotate-180 {
  -webkit-transform: rotate(180deg);
          transform: rotate(180deg);
}

.fa-rotate-270 {
  -webkit-transform: rotate(270deg);
          transform: rotate(270deg);
}

.fa-flip-horizontal {
  -webkit-transform: scale(-1, 1);
          transform: scale(-1, 1);
}

.fa-flip-vertical {
  -webkit-transform: scale(1, -1);
          transform: scale(1, -1);
}

.fa-flip-both,
.fa-flip-horizontal.fa-flip-vertical {
  -webkit-transform: scale(-1, -1);
          transform: scale(-1, -1);
}

.fa-rotate-by {
  -webkit-transform: rotate(var(--fa-rotate-angle, 0));
          transform: rotate(var(--fa-rotate-angle, 0));
}

.fa-stack {
  display: inline-block;
  vertical-align: middle;
  height: 2em;
  position: relative;
  width: 2.5em;
}

.fa-stack-1x,
.fa-stack-2x {
  bottom: 0;
  left: 0;
  margin: auto;
  position: absolute;
  right: 0;
  top: 0;
  z-index: var(--fa-stack-z-index, auto);
}

.svg-inline--fa.fa-stack-1x {
  height: 1em;
  width: 1.25em;
}
.svg-inline--fa.fa-stack-2x {
  height: 2em;
  width: 2.5em;
}

.fa-inverse {
  color: var(--fa-inverse, #fff);
}

.sr-only,
.fa-sr-only {
  position: absolute;
  width: 1px;
  height: 1px;
  padding: 0;
  margin: -1px;
  overflow: hidden;
  clip: rect(0, 0, 0, 0);
  white-space: nowrap;
  border-width: 0;
}

.sr-only-focusable:not(:focus),
.fa-sr-only-focusable:not(:focus) {
  position: absolute;
  width: 1px;
  height: 1px;
  padding: 0;
  margin: -1px;
  overflow: hidden;
  clip: rect(0, 0, 0, 0);
  white-space: nowrap;
  border-width: 0;
}

.svg-inline--fa .fa-primary {
  fill: var(--fa-primary-color, currentColor);
  opacity: var(--fa-primary-opacity, 1);
}

.svg-inline--fa .fa-secondary {
  fill: var(--fa-secondary-color, currentColor);
  opacity: var(--fa-secondary-opacity, 0.4);
}

.svg-inline--fa.fa-swap-opacity .fa-primary {
  opacity: var(--fa-secondary-opacity, 0.4);
}

.svg-inline--fa.fa-swap-opacity .fa-secondary {
  opacity: var(--fa-primary-opacity, 1);
}

.svg-inline--fa mask .fa-primary,
.svg-inline--fa mask .fa-secondary {
  fill: black;
}

.fad.fa-inverse,
.fa-duotone.fa-inverse {
  color: var(--fa-inverse, #fff);
}`;function MS(){var e=xS,t=wS,n=qe.cssPrefix,r=qe.replacementClass,i=i3;if(n!==e||r!==t){var s=new RegExp("\\.".concat(e,"\\-"),"g"),l=new RegExp("\\--".concat(e,"\\-"),"g"),c=new RegExp("\\.".concat(t),"g");i=i.replace(s,".".concat(n,"-")).replace(l,"--".concat(n,"-")).replace(c,".".concat(r))}return i}var Yg=!1;function sp(){qe.autoAddCss&&!Yg&&(Z4(MS()),Yg=!0)}var a3={mixout:function(){return{dom:{css:MS,insertCss:sp}}},hooks:function(){return{beforeDOMElementCreation:function(){sp()},beforeI2svg:function(){sp()}}}},Ai=Zi||{};Ai[Si]||(Ai[Si]={});Ai[Si].styles||(Ai[Si].styles={});Ai[Si].hooks||(Ai[Si].hooks={});Ai[Si].shims||(Ai[Si].shims=[]);var Lr=Ai[Si],HS=[],s3=function e(){Ht.removeEventListener("DOMContentLoaded",e),Su=1,HS.map(function(t){return t()})},Su=!1;Ni&&(Su=(Ht.documentElement.doScroll?/^loaded|^c/:/^loaded|^i|^c/).test(Ht.readyState),Su||Ht.addEventListener("DOMContentLoaded",s3));function o3(e){Ni&&(Su?setTimeout(e,0):HS.push(e))}function bl(e){var t=e.tag,n=e.attributes,r=n===void 0?{}:n,i=e.children,s=i===void 0?[]:i;return typeof e=="string"?DS(e):"<".concat(t," ").concat(t3(r),">").concat(s.map(bl).join(""),"</").concat(t,">")}function qg(e,t,n){if(e&&e[t]&&e[t][n])return{prefix:t,iconName:n,icon:e[t][n]}}var l3=function(t,n){return function(r,i,s,l){return t.call(n,r,i,s,l)}},op=function(t,n,r,i){var s=Object.keys(t),l=s.length,c=i!==void 0?l3(n,i):n,u,p,f;for(r===void 0?(u=1,f=t[s[0]]):(u=0,f=r);u<l;u++)p=s[u],f=c(f,t[p],p,t);return f};function c3(e){for(var t=[],n=0,r=e.length;n<r;){var i=e.charCodeAt(n++);if(i>=55296&&i<=56319&&n<r){var s=e.charCodeAt(n++);(s&64512)==56320?t.push(((i&1023)<<10)+(s&1023)+65536):(t.push(i),n--)}else t.push(i)}return t}function qp(e){var t=c3(e);return t.length===1?t[0].toString(16):null}function u3(e,t){var n=e.length,r=e.charCodeAt(t),i;return r>=55296&&r<=56319&&n>t+1&&(i=e.charCodeAt(t+1),i>=56320&&i<=57343)?(r-55296)*1024+i-56320+65536:r}function jg(e){return Object.keys(e).reduce(function(t,n){var r=e[n],i=!!r.icon;return i?t[r.iconName]=r.icon:t[n]=r,t},{})}function jp(e,t){var n=arguments.length>2&&arguments[2]!==void 0?arguments[2]:{},r=n.skipHooks,i=r===void 0?!1:r,s=jg(t);typeof Lr.hooks.addPack=="function"&&!i?Lr.hooks.addPack(e,jg(t)):Lr.styles[e]=ze(ze({},Lr.styles[e]||{}),s),e==="fas"&&jp("fa",t)}var Dc,Mc,Hc,bs=Lr.styles,d3=Lr.shims,f3=(Dc={},Qt(Dc,Mt,Object.values(il[Mt])),Qt(Dc,Gt,Object.values(il[Gt])),Dc),T_=null,WS={},US={},$S={},FS={},VS={},p3=(Mc={},Qt(Mc,Mt,Object.keys(nl[Mt])),Qt(Mc,Gt,Object.keys(nl[Gt])),Mc);function h3(e){return~Y4.indexOf(e)}function _3(e,t){var n=t.split("-"),r=n[0],i=n.slice(1).join("-");return r===e&&i!==""&&!h3(i)?i:null}var zS=function(){var t=function(s){return op(bs,function(l,c,u){return l[u]=op(c,s,{}),l},{})};WS=t(function(i,s,l){if(s[3]&&(i[s[3]]=l),s[2]){var c=s[2].filter(function(u){return typeof u=="number"});c.forEach(function(u){i[u.toString(16)]=l})}return i}),US=t(function(i,s,l){if(i[l]=l,s[2]){var c=s[2].filter(function(u){return typeof u=="string"});c.forEach(function(u){i[u]=l})}return i}),VS=t(function(i,s,l){var c=s[2];return i[l]=l,c.forEach(function(u){i[u]=l}),i});var n="far"in bs||qe.autoFetchSvg,r=op(d3,function(i,s){var l=s[0],c=s[1],u=s[2];return c==="far"&&!n&&(c="fas"),typeof l=="string"&&(i.names[l]={prefix:c,iconName:u}),typeof l=="number"&&(i.unicodes[l.toString(16)]={prefix:c,iconName:u}),i},{names:{},unicodes:{}});$S=r.names,FS=r.unicodes,T_=dd(qe.styleDefault,{family:qe.familyDefault})};Q4(function(e){T_=dd(e.styleDefault,{family:qe.familyDefault})});zS();function S_(e,t){return(WS[e]||{})[t]}function m3(e,t){return(US[e]||{})[t]}function Ia(e,t){return(VS[e]||{})[t]}function GS(e){return $S[e]||{prefix:null,iconName:null}}function E3(e){var t=FS[e],n=S_("fas",e);return t||(n?{prefix:"fas",iconName:n}:null)||{prefix:null,iconName:null}}function ea(){return T_}var A_=function(){return{prefix:null,iconName:null,rest:[]}};function dd(e){var t=arguments.length>1&&arguments[1]!==void 0?arguments[1]:{},n=t.family,r=n===void 0?Mt:n,i=nl[r][e],s=rl[r][e]||rl[r][i],l=e in Lr.styles?e:null;return s||l||null}var Jg=(Hc={},Qt(Hc,Mt,Object.keys(il[Mt])),Qt(Hc,Gt,Object.keys(il[Gt])),Hc);function fd(e){var t,n=arguments.length>1&&arguments[1]!==void 0?arguments[1]:{},r=n.skipLookups,i=r===void 0?!1:r,s=(t={},Qt(t,Mt,"".concat(qe.cssPrefix,"-").concat(Mt)),Qt(t,Gt,"".concat(qe.cssPrefix,"-").concat(Gt)),t),l=null,c=Mt;(e.includes(s[Mt])||e.some(function(p){return Jg[Mt].includes(p)}))&&(c=Mt),(e.includes(s[Gt])||e.some(function(p){return Jg[Gt].includes(p)}))&&(c=Gt);var u=e.reduce(function(p,f){var g=_3(qe.cssPrefix,f);if(bs[f]?(f=f3[c].includes(f)?F4[c][f]:f,l=f,p.prefix=f):p3[c].indexOf(f)>-1?(l=f,p.prefix=dd(f,{family:c})):g?p.iconName=g:f!==qe.replacementClass&&f!==s[Mt]&&f!==s[Gt]&&p.rest.push(f),!i&&p.prefix&&p.iconName){var S=l==="fa"?GS(p.iconName):{},L=Ia(p.prefix,p.iconName);S.prefix&&(l=null),p.iconName=S.iconName||L||p.iconName,p.prefix=S.prefix||p.prefix,p.prefix==="far"&&!bs.far&&bs.fas&&!qe.autoFetchSvg&&(p.prefix="fas")}return p},A_());return(e.includes("fa-brands")||e.includes("fab"))&&(u.prefix="fab"),(e.includes("fa-duotone")||e.includes("fad"))&&(u.prefix="fad"),!u.prefix&&c===Gt&&(bs.fass||qe.autoFetchSvg)&&(u.prefix="fass",u.iconName=Ia(u.prefix,u.iconName)||u.iconName),(u.prefix==="fa"||l==="fa")&&(u.prefix=ea()||"fas"),u}var g3=function(){function e(){x4(this,e),this.definitions={}}return w4(e,[{key:"add",value:function(){for(var n=this,r=arguments.length,i=new Array(r),s=0;s<r;s++)i[s]=arguments[s];var l=i.reduce(this._pullDefinitions,{});Object.keys(l).forEach(function(c){n.definitions[c]=ze(ze({},n.definitions[c]||{}),l[c]),jp(c,l[c]);var u=il[Mt][c];u&&jp(u,l[c]),zS()})}},{key:"reset",value:function(){this.definitions={}}},{key:"_pullDefinitions",value:function(n,r){var i=r.prefix&&r.iconName&&r.icon?{0:r}:r;return Object.keys(i).map(function(s){var l=i[s],c=l.prefix,u=l.iconName,p=l.icon,f=p[2];n[c]||(n[c]={}),f.length>0&&f.forEach(function(g){typeof g=="string"&&(n[c][g]=p)}),n[c][u]=p}),n}}]),e}(),Qg=[],Rs={},Cs={},v3=Object.keys(Cs);function T3(e,t){var n=t.mixoutsTo;return Qg=e,Rs={},Object.keys(Cs).forEach(function(r){v3.indexOf(r)===-1&&delete Cs[r]}),Qg.forEach(function(r){var i=r.mixout?r.mixout():{};if(Object.keys(i).forEach(function(l){typeof i[l]=="function"&&(n[l]=i[l]),Tu(i[l])==="object"&&Object.keys(i[l]).forEach(function(c){n[l]||(n[l]={}),n[l][c]=i[l][c]})}),r.hooks){var s=r.hooks();Object.keys(s).forEach(function(l){Rs[l]||(Rs[l]=[]),Rs[l].push(s[l])})}r.provides&&r.provides(Cs)}),n}function Jp(e,t){for(var n=arguments.length,r=new Array(n>2?n-2:0),i=2;i<n;i++)r[i-2]=arguments[i];var s=Rs[e]||[];return s.forEach(function(l){t=l.apply(null,[t].concat(r))}),t}function Ga(e){for(var t=arguments.length,n=new Array(t>1?t-1:0),r=1;r<t;r++)n[r-1]=arguments[r];var i=Rs[e]||[];i.forEach(function(s){s.apply(null,n)})}function bi(){var e=arguments[0],t=Array.prototype.slice.call(arguments,1);return Cs[e]?Cs[e].apply(null,t):void 0}function Qp(e){e.prefix==="fa"&&(e.prefix="fas");var t=e.iconName,n=e.prefix||ea();if(t)return t=Ia(n,t)||t,qg(KS.definitions,n,t)||qg(Lr.styles,n,t)}var KS=new g3,S3=function(){qe.autoReplaceSvg=!1,qe.observeMutations=!1,Ga("noAuto")},A3={i2svg:function(){var t=arguments.length>0&&arguments[0]!==void 0?arguments[0]:{};return Ni?(Ga("beforeI2svg",t),bi("pseudoElements2svg",t),bi("i2svg",t)):Promise.reject("Operation requires a DOM of some kind.")},watch:function(){var t=arguments.length>0&&arguments[0]!==void 0?arguments[0]:{},n=t.autoReplaceSvgRoot;qe.autoReplaceSvg===!1&&(qe.autoReplaceSvg=!0),qe.observeMutations=!0,o3(function(){R3({autoReplaceSvgRoot:n}),Ga("watch",t)})}},b3={icon:function(t){if(t===null)return null;if(Tu(t)==="object"&&t.prefix&&t.iconName)return{prefix:t.prefix,iconName:Ia(t.prefix,t.iconName)||t.iconName};if(Array.isArray(t)&&t.length===2){var n=t[1].indexOf("fa-")===0?t[1].slice(3):t[1],r=dd(t[0]);return{prefix:r,iconName:Ia(r,n)||n}}if(typeof t=="string"&&(t.indexOf("".concat(qe.cssPrefix,"-"))>-1||t.match(V4))){var i=fd(t.split(" "),{skipLookups:!0});return{prefix:i.prefix||ea(),iconName:Ia(i.prefix,i.iconName)||i.iconName}}if(typeof t=="string"){var s=ea();return{prefix:s,iconName:Ia(s,t)||t}}}},jn={noAuto:S3,config:qe,dom:A3,parse:b3,library:KS,findIconDefinition:Qp,toHtml:bl},R3=function(){var t=arguments.length>0&&arguments[0]!==void 0?arguments[0]:{},n=t.autoReplaceSvgRoot,r=n===void 0?Ht:n;(Object.keys(Lr.styles).length>0||qe.autoFetchSvg)&&Ni&&qe.autoReplaceSvg&&jn.dom.i2svg({node:r})};function pd(e,t){return Object.defineProperty(e,"abstract",{get:t}),Object.defineProperty(e,"html",{get:function(){return e.abstract.map(function(r){return bl(r)})}}),Object.defineProperty(e,"node",{get:function(){if(Ni){var r=Ht.createElement("div");return r.innerHTML=e.html,r.children}}}),e}function L3(e){var t=e.children,n=e.main,r=e.mask,i=e.attributes,s=e.styles,l=e.transform;if(v_(l)&&n.found&&!r.found){var c=n.width,u=n.height,p={x:c/u/2,y:.5};i.style=ud(ze(ze({},s),{},{"transform-origin":"".concat(p.x+l.x/16,"em ").concat(p.y+l.y/16,"em")}))}return[{tag:"svg",attributes:i,children:t}]}function O3(e){var t=e.prefix,n=e.iconName,r=e.children,i=e.attributes,s=e.symbol,l=s===!0?"".concat(t,"-").concat(qe.cssPrefix,"-").concat(n):s;return[{tag:"svg",attributes:{style:"display: none;"},children:[{tag:"symbol",attributes:ze(ze({},i),{},{id:l}),children:r}]}]}function b_(e){var t=e.icons,n=t.main,r=t.mask,i=e.prefix,s=e.iconName,l=e.transform,c=e.symbol,u=e.title,p=e.maskId,f=e.titleId,g=e.extra,S=e.watchable,L=S===void 0?!1:S,C=r.found?r:n,N=C.width,F=C.height,b=i==="fak",D=[qe.replacementClass,s?"".concat(qe.cssPrefix,"-").concat(s):""].filter(function(R){return g.classes.indexOf(R)===-1}).filter(function(R){return R!==""||!!R}).concat(g.classes).join(" "),H={children:[],attributes:ze(ze({},g.attributes),{},{"data-prefix":i,"data-icon":s,class:D,role:g.attributes.role||"img",xmlns:"http://www.w3.org/2000/svg",viewBox:"0 0 ".concat(N," ").concat(F)})},E=b&&!~g.classes.indexOf("fa-fw")?{width:"".concat(N/F*16*.0625,"em")}:{};L&&(H.attributes[za]=""),u&&(H.children.push({tag:"title",attributes:{id:H.attributes["aria-labelledby"]||"title-".concat(f||sl())},children:[u]}),delete H.attributes.title);var B=ze(ze({},H),{},{prefix:i,iconName:s,main:n,mask:r,maskId:p,transform:l,symbol:c,styles:ze(ze({},E),g.styles)}),x=r.found&&n.found?bi("generateAbstractMask",B)||{children:[],attributes:{}}:bi("generateAbstractIcon",B)||{children:[],attributes:{}},V=x.children,W=x.attributes;return B.children=V,B.attributes=W,c?O3(B):L3(B)}function Zg(e){var t=e.content,n=e.width,r=e.height,i=e.transform,s=e.title,l=e.extra,c=e.watchable,u=c===void 0?!1:c,p=ze(ze(ze({},l.attributes),s?{title:s}:{}),{},{class:l.classes.join(" ")});u&&(p[za]="");var f=ze({},l.styles);v_(i)&&(f.transform=r3({transform:i,startCentered:!0,width:n,height:r}),f["-webkit-transform"]=f.transform);var g=ud(f);g.length>0&&(p.style=g);var S=[];return S.push({tag:"span",attributes:p,children:[t]}),s&&S.push({tag:"span",attributes:{class:"sr-only"},children:[s]}),S}function y3(e){var t=e.content,n=e.title,r=e.extra,i=ze(ze(ze({},r.attributes),n?{title:n}:{}),{},{class:r.classes.join(" ")}),s=ud(r.styles);s.length>0&&(i.style=s);var l=[];return l.push({tag:"span",attributes:i,children:[t]}),n&&l.push({tag:"span",attributes:{class:"sr-only"},children:[n]}),l}var lp=Lr.styles;function Zp(e){var t=e[0],n=e[1],r=e.slice(4),i=p_(r,1),s=i[0],l=null;return Array.isArray(s)?l={tag:"g",attributes:{class:"".concat(qe.cssPrefix,"-").concat(wa.GROUP)},children:[{tag:"path",attributes:{class:"".concat(qe.cssPrefix,"-").concat(wa.SECONDARY),fill:"currentColor",d:s[0]}},{tag:"path",attributes:{class:"".concat(qe.cssPrefix,"-").concat(wa.PRIMARY),fill:"currentColor",d:s[1]}}]}:l={tag:"path",attributes:{fill:"currentColor",d:s}},{found:!0,width:t,height:n,icon:l}}var N3={found:!1,width:512,height:512};function C3(e,t){!IS&&!qe.showMissingIcons&&e&&console.error('Icon with name "'.concat(e,'" and prefix "').concat(t,'" is missing.'))}function eh(e,t){var n=t;return t==="fa"&&qe.styleDefault!==null&&(t=ea()),new Promise(function(r,i){if(bi("missingIconAbstract"),n==="fa"){var s=GS(e)||{};e=s.iconName||e,t=s.prefix||t}if(e&&t&&lp[t]&&lp[t][e]){var l=lp[t][e];return r(Zp(l))}C3(e,t),r(ze(ze({},N3),{},{icon:qe.showMissingIcons&&e?bi("missingIconAbstract")||{}:{}}))})}var e1=function(){},th=qe.measurePerformance&&xc&&xc.mark&&xc.measure?xc:{mark:e1,measure:e1},Po='FA "6.5.2"',x3=function(t){return th.mark("".concat(Po," ").concat(t," begins")),function(){return XS(t)}},XS=function(t){th.mark("".concat(Po," ").concat(t," ends")),th.measure("".concat(Po," ").concat(t),"".concat(Po," ").concat(t," begins"),"".concat(Po," ").concat(t," ends"))},R_={begin:x3,end:XS},nu=function(){};function t1(e){var t=e.getAttribute?e.getAttribute(za):null;return typeof t=="string"}function w3(e){var t=e.getAttribute?e.getAttribute(__):null,n=e.getAttribute?e.getAttribute(m_):null;return t&&n}function I3(e){return e&&e.classList&&e.classList.contains&&e.classList.contains(qe.replacementClass)}function k3(){if(qe.autoReplaceSvg===!0)return ru.replace;var e=ru[qe.autoReplaceSvg];return e||ru.replace}function B3(e){return Ht.createElementNS("http://www.w3.org/2000/svg",e)}function P3(e){return Ht.createElement(e)}function YS(e){var t=arguments.length>1&&arguments[1]!==void 0?arguments[1]:{},n=t.ceFn,r=n===void 0?e.tag==="svg"?B3:P3:n;if(typeof e=="string")return Ht.createTextNode(e);var i=r(e.tag);Object.keys(e.attributes||[]).forEach(function(l){i.setAttribute(l,e.attributes[l])});var s=e.children||[];return s.forEach(function(l){i.appendChild(YS(l,{ceFn:r}))}),i}function D3(e){var t=" ".concat(e.outerHTML," ");return t="".concat(t,"Font Awesome fontawesome.com "),t}var ru={replace:function(t){var n=t[0];if(n.parentNode)if(t[1].forEach(function(i){n.parentNode.insertBefore(YS(i),n)}),n.getAttribute(za)===null&&qe.keepOriginalSource){var r=Ht.createComment(D3(n));n.parentNode.replaceChild(r,n)}else n.remove()},nest:function(t){var n=t[0],r=t[1];if(~g_(n).indexOf(qe.replacementClass))return ru.replace(t);var i=new RegExp("".concat(qe.cssPrefix,"-.*"));if(delete r[0].attributes.id,r[0].attributes.class){var s=r[0].attributes.class.split(" ").reduce(function(c,u){return u===qe.replacementClass||u.match(i)?c.toSvg.push(u):c.toNode.push(u),c},{toNode:[],toSvg:[]});r[0].attributes.class=s.toSvg.join(" "),s.toNode.length===0?n.removeAttribute("class"):n.setAttribute("class",s.toNode.join(" "))}var l=r.map(function(c){return bl(c)}).join(`
`);n.setAttribute(za,""),n.innerHTML=l}};function n1(e){e()}function qS(e,t){var n=typeof t=="function"?t:nu;if(e.length===0)n();else{var r=n1;qe.mutateApproach===U4&&(r=Zi.requestAnimationFrame||n1),r(function(){var i=k3(),s=R_.begin("mutate");e.map(i),s(),n()})}}var L_=!1;function jS(){L_=!0}function nh(){L_=!1}var Au=null;function r1(e){if(Kg&&qe.observeMutations){var t=e.treeCallback,n=t===void 0?nu:t,r=e.nodeCallback,i=r===void 0?nu:r,s=e.pseudoElementsCallback,l=s===void 0?nu:s,c=e.observeMutationsRoot,u=c===void 0?Ht:c;Au=new Kg(function(p){if(!L_){var f=ea();oo(p).forEach(function(g){if(g.type==="childList"&&g.addedNodes.length>0&&!t1(g.addedNodes[0])&&(qe.searchPseudoElements&&l(g.target),n(g.target)),g.type==="attributes"&&g.target.parentNode&&qe.searchPseudoElements&&l(g.target.parentNode),g.type==="attributes"&&t1(g.target)&&~X4.indexOf(g.attributeName))if(g.attributeName==="class"&&w3(g.target)){var S=fd(g_(g.target)),L=S.prefix,C=S.iconName;g.target.setAttribute(__,L||f),C&&g.target.setAttribute(m_,C)}else I3(g.target)&&i(g.target)})}}),Ni&&Au.observe(u,{childList:!0,attributes:!0,characterData:!0,subtree:!0})}}function M3(){Au&&Au.disconnect()}function H3(e){var t=e.getAttribute("style"),n=[];return t&&(n=t.split(";").reduce(function(r,i){var s=i.split(":"),l=s[0],c=s.slice(1);return l&&c.length>0&&(r[l]=c.join(":").trim()),r},{})),n}function W3(e){var t=e.getAttribute("data-prefix"),n=e.getAttribute("data-icon"),r=e.innerText!==void 0?e.innerText.trim():"",i=fd(g_(e));return i.prefix||(i.prefix=ea()),t&&n&&(i.prefix=t,i.iconName=n),i.iconName&&i.prefix||(i.prefix&&r.length>0&&(i.iconName=m3(i.prefix,e.innerText)||S_(i.prefix,qp(e.innerText))),!i.iconName&&qe.autoFetchSvg&&e.firstChild&&e.firstChild.nodeType===Node.TEXT_NODE&&(i.iconName=e.firstChild.data)),i}function U3(e){var t=oo(e.attributes).reduce(function(i,s){return i.name!=="class"&&i.name!=="style"&&(i[s.name]=s.value),i},{}),n=e.getAttribute("title"),r=e.getAttribute("data-fa-title-id");return qe.autoA11y&&(n?t["aria-labelledby"]="".concat(qe.replacementClass,"-title-").concat(r||sl()):(t["aria-hidden"]="true",t.focusable="false")),t}function $3(){return{iconName:null,title:null,titleId:null,prefix:null,transform:zr,symbol:!1,mask:{iconName:null,prefix:null,rest:[]},maskId:null,extra:{classes:[],styles:{},attributes:{}}}}function i1(e){var t=arguments.length>1&&arguments[1]!==void 0?arguments[1]:{styleParser:!0},n=W3(e),r=n.iconName,i=n.prefix,s=n.rest,l=U3(e),c=Jp("parseNodeAttributes",{},e),u=t.styleParser?H3(e):[];return ze({iconName:r,title:e.getAttribute("title"),titleId:e.getAttribute("data-fa-title-id"),prefix:i,transform:zr,mask:{iconName:null,prefix:null,rest:[]},maskId:null,symbol:!1,extra:{classes:s,styles:u,attributes:l}},c)}var F3=Lr.styles;function JS(e){var t=qe.autoReplaceSvg==="nest"?i1(e,{styleParser:!1}):i1(e);return~t.extra.classes.indexOf(kS)?bi("generateLayersText",e,t):bi("generateSvgReplacementMutation",e,t)}var ta=new Set;E_.map(function(e){ta.add("fa-".concat(e))});Object.keys(nl[Mt]).map(ta.add.bind(ta));Object.keys(nl[Gt]).map(ta.add.bind(ta));ta=Sl(ta);function a1(e){var t=arguments.length>1&&arguments[1]!==void 0?arguments[1]:null;if(!Ni)return Promise.resolve();var n=Ht.documentElement.classList,r=function(g){return n.add("".concat(Xg,"-").concat(g))},i=function(g){return n.remove("".concat(Xg,"-").concat(g))},s=qe.autoFetchSvg?ta:E_.map(function(f){return"fa-".concat(f)}).concat(Object.keys(F3));s.includes("fa")||s.push("fa");var l=[".".concat(kS,":not([").concat(za,"])")].concat(s.map(function(f){return".".concat(f,":not([").concat(za,"])")})).join(", ");if(l.length===0)return Promise.resolve();var c=[];try{c=oo(e.querySelectorAll(l))}catch{}if(c.length>0)r("pending"),i("complete");else return Promise.resolve();var u=R_.begin("onTree"),p=c.reduce(function(f,g){try{var S=JS(g);S&&f.push(S)}catch(L){IS||L.name==="MissingIcon"&&console.error(L)}return f},[]);return new Promise(function(f,g){Promise.all(p).then(function(S){qS(S,function(){r("active"),r("complete"),i("pending"),typeof t=="function"&&t(),u(),f()})}).catch(function(S){u(),g(S)})})}function V3(e){var t=arguments.length>1&&arguments[1]!==void 0?arguments[1]:null;JS(e).then(function(n){n&&qS([n],t)})}function z3(e){return function(t){var n=arguments.length>1&&arguments[1]!==void 0?arguments[1]:{},r=(t||{}).icon?t:Qp(t||{}),i=n.mask;return i&&(i=(i||{}).icon?i:Qp(i||{})),e(r,ze(ze({},n),{},{mask:i}))}}var G3=function(t){var n=arguments.length>1&&arguments[1]!==void 0?arguments[1]:{},r=n.transform,i=r===void 0?zr:r,s=n.symbol,l=s===void 0?!1:s,c=n.mask,u=c===void 0?null:c,p=n.maskId,f=p===void 0?null:p,g=n.title,S=g===void 0?null:g,L=n.titleId,C=L===void 0?null:L,N=n.classes,F=N===void 0?[]:N,b=n.attributes,D=b===void 0?{}:b,H=n.styles,E=H===void 0?{}:H;if(t){var B=t.prefix,x=t.iconName,V=t.icon;return pd(ze({type:"icon"},t),function(){return Ga("beforeDOMElementCreation",{iconDefinition:t,params:n}),qe.autoA11y&&(S?D["aria-labelledby"]="".concat(qe.replacementClass,"-title-").concat(C||sl()):(D["aria-hidden"]="true",D.focusable="false")),b_({icons:{main:Zp(V),mask:u?Zp(u.icon):{found:!1,width:null,height:null,icon:{}}},prefix:B,iconName:x,transform:ze(ze({},zr),i),symbol:l,title:S,maskId:f,titleId:C,extra:{attributes:D,styles:E,classes:F}})})}},K3={mixout:function(){return{icon:z3(G3)}},hooks:function(){return{mutationObserverCallbacks:function(n){return n.treeCallback=a1,n.nodeCallback=V3,n}}},provides:function(t){t.i2svg=function(n){var r=n.node,i=r===void 0?Ht:r,s=n.callback,l=s===void 0?function(){}:s;return a1(i,l)},t.generateSvgReplacementMutation=function(n,r){var i=r.iconName,s=r.title,l=r.titleId,c=r.prefix,u=r.transform,p=r.symbol,f=r.mask,g=r.maskId,S=r.extra;return new Promise(function(L,C){Promise.all([eh(i,c),f.iconName?eh(f.iconName,f.prefix):Promise.resolve({found:!1,width:512,height:512,icon:{}})]).then(function(N){var F=p_(N,2),b=F[0],D=F[1];L([n,b_({icons:{main:b,mask:D},prefix:c,iconName:i,transform:u,symbol:p,maskId:g,title:s,titleId:l,extra:S,watchable:!0})])}).catch(C)})},t.generateAbstractIcon=function(n){var r=n.children,i=n.attributes,s=n.main,l=n.transform,c=n.styles,u=ud(c);u.length>0&&(i.style=u);var p;return v_(l)&&(p=bi("generateAbstractTransformGrouping",{main:s,transform:l,containerWidth:s.width,iconWidth:s.width})),r.push(p||s.icon),{children:r,attributes:i}}}},X3={mixout:function(){return{layer:function(n){var r=arguments.length>1&&arguments[1]!==void 0?arguments[1]:{},i=r.classes,s=i===void 0?[]:i;return pd({type:"layer"},function(){Ga("beforeDOMElementCreation",{assembler:n,params:r});var l=[];return n(function(c){Array.isArray(c)?c.map(function(u){l=l.concat(u.abstract)}):l=l.concat(c.abstract)}),[{tag:"span",attributes:{class:["".concat(qe.cssPrefix,"-layers")].concat(Sl(s)).join(" ")},children:l}]})}}}},Y3={mixout:function(){return{counter:function(n){var r=arguments.length>1&&arguments[1]!==void 0?arguments[1]:{},i=r.title,s=i===void 0?null:i,l=r.classes,c=l===void 0?[]:l,u=r.attributes,p=u===void 0?{}:u,f=r.styles,g=f===void 0?{}:f;return pd({type:"counter",content:n},function(){return Ga("beforeDOMElementCreation",{content:n,params:r}),y3({content:n.toString(),title:s,extra:{attributes:p,styles:g,classes:["".concat(qe.cssPrefix,"-layers-counter")].concat(Sl(c))}})})}}}},q3={mixout:function(){return{text:function(n){var r=arguments.length>1&&arguments[1]!==void 0?arguments[1]:{},i=r.transform,s=i===void 0?zr:i,l=r.title,c=l===void 0?null:l,u=r.classes,p=u===void 0?[]:u,f=r.attributes,g=f===void 0?{}:f,S=r.styles,L=S===void 0?{}:S;return pd({type:"text",content:n},function(){return Ga("beforeDOMElementCreation",{content:n,params:r}),Zg({content:n,transform:ze(ze({},zr),s),title:c,extra:{attributes:g,styles:L,classes:["".concat(qe.cssPrefix,"-layers-text")].concat(Sl(p))}})})}}},provides:function(t){t.generateLayersText=function(n,r){var i=r.title,s=r.transform,l=r.extra,c=null,u=null;if(CS){var p=parseInt(getComputedStyle(n).fontSize,10),f=n.getBoundingClientRect();c=f.width/p,u=f.height/p}return qe.autoA11y&&!i&&(l.attributes["aria-hidden"]="true"),Promise.resolve([n,Zg({content:n.innerHTML,width:c,height:u,transform:s,title:i,extra:l,watchable:!0})])}}},j3=new RegExp('"',"ug"),s1=[1105920,1112319];function J3(e){var t=e.replace(j3,""),n=u3(t,0),r=n>=s1[0]&&n<=s1[1],i=t.length===2?t[0]===t[1]:!1;return{value:qp(i?t[0]:t),isSecondary:r||i}}function o1(e,t){var n="".concat(W4).concat(t.replace(":","-"));return new Promise(function(r,i){if(e.getAttribute(n)!==null)return r();var s=oo(e.children),l=s.filter(function(V){return V.getAttribute(Yp)===t})[0],c=Zi.getComputedStyle(e,t),u=c.getPropertyValue("font-family").match(z4),p=c.getPropertyValue("font-weight"),f=c.getPropertyValue("content");if(l&&!u)return e.removeChild(l),r();if(u&&f!=="none"&&f!==""){var g=c.getPropertyValue("content"),S=~["Sharp"].indexOf(u[2])?Gt:Mt,L=~["Solid","Regular","Light","Thin","Duotone","Brands","Kit"].indexOf(u[2])?rl[S][u[2].toLowerCase()]:G4[S][p],C=J3(g),N=C.value,F=C.isSecondary,b=u[0].startsWith("FontAwesome"),D=S_(L,N),H=D;if(b){var E=E3(N);E.iconName&&E.prefix&&(D=E.iconName,L=E.prefix)}if(D&&!F&&(!l||l.getAttribute(__)!==L||l.getAttribute(m_)!==H)){e.setAttribute(n,H),l&&e.removeChild(l);var B=$3(),x=B.extra;x.attributes[Yp]=t,eh(D,L).then(function(V){var W=b_(ze(ze({},B),{},{icons:{main:V,mask:A_()},prefix:L,iconName:H,extra:x,watchable:!0})),R=Ht.createElementNS("http://www.w3.org/2000/svg","svg");t==="::before"?e.insertBefore(R,e.firstChild):e.appendChild(R),R.outerHTML=W.map(function(le){return bl(le)}).join(`
`),e.removeAttribute(n),r()}).catch(i)}else r()}else r()})}function Q3(e){return Promise.all([o1(e,"::before"),o1(e,"::after")])}function Z3(e){return e.parentNode!==document.head&&!~$4.indexOf(e.tagName.toUpperCase())&&!e.getAttribute(Yp)&&(!e.parentNode||e.parentNode.tagName!=="svg")}function l1(e){if(Ni)return new Promise(function(t,n){var r=oo(e.querySelectorAll("*")).filter(Z3).map(Q3),i=R_.begin("searchPseudoElements");jS(),Promise.all(r).then(function(){i(),nh(),t()}).catch(function(){i(),nh(),n()})})}var eM={hooks:function(){return{mutationObserverCallbacks:function(n){return n.pseudoElementsCallback=l1,n}}},provides:function(t){t.pseudoElements2svg=function(n){var r=n.node,i=r===void 0?Ht:r;qe.searchPseudoElements&&l1(i)}}},c1=!1,tM={mixout:function(){return{dom:{unwatch:function(){jS(),c1=!0}}}},hooks:function(){return{bootstrap:function(){r1(Jp("mutationObserverCallbacks",{}))},noAuto:function(){M3()},watch:function(n){var r=n.observeMutationsRoot;c1?nh():r1(Jp("mutationObserverCallbacks",{observeMutationsRoot:r}))}}}},u1=function(t){var n={size:16,x:0,y:0,flipX:!1,flipY:!1,rotate:0};return t.toLowerCase().split(" ").reduce(function(r,i){var s=i.toLowerCase().split("-"),l=s[0],c=s.slice(1).join("-");if(l&&c==="h")return r.flipX=!0,r;if(l&&c==="v")return r.flipY=!0,r;if(c=parseFloat(c),isNaN(c))return r;switch(l){case"grow":r.size=r.size+c;break;case"shrink":r.size=r.size-c;break;case"left":r.x=r.x-c;break;case"right":r.x=r.x+c;break;case"up":r.y=r.y-c;break;case"down":r.y=r.y+c;break;case"rotate":r.rotate=r.rotate+c;break}return r},n)},nM={mixout:function(){return{parse:{transform:function(n){return u1(n)}}}},hooks:function(){return{parseNodeAttributes:function(n,r){var i=r.getAttribute("data-fa-transform");return i&&(n.transform=u1(i)),n}}},provides:function(t){t.generateAbstractTransformGrouping=function(n){var r=n.main,i=n.transform,s=n.containerWidth,l=n.iconWidth,c={transform:"translate(".concat(s/2," 256)")},u="translate(".concat(i.x*32,", ").concat(i.y*32,") "),p="scale(".concat(i.size/16*(i.flipX?-1:1),", ").concat(i.size/16*(i.flipY?-1:1),") "),f="rotate(".concat(i.rotate," 0 0)"),g={transform:"".concat(u," ").concat(p," ").concat(f)},S={transform:"translate(".concat(l/2*-1," -256)")},L={outer:c,inner:g,path:S};return{tag:"g",attributes:ze({},L.outer),children:[{tag:"g",attributes:ze({},L.inner),children:[{tag:r.icon.tag,children:r.icon.children,attributes:ze(ze({},r.icon.attributes),L.path)}]}]}}}},cp={x:0,y:0,width:"100%",height:"100%"};function d1(e){var t=arguments.length>1&&arguments[1]!==void 0?arguments[1]:!0;return e.attributes&&(e.attributes.fill||t)&&(e.attributes.fill="black"),e}function rM(e){return e.tag==="g"?e.children:[e]}var iM={hooks:function(){return{parseNodeAttributes:function(n,r){var i=r.getAttribute("data-fa-mask"),s=i?fd(i.split(" ").map(function(l){return l.trim()})):A_();return s.prefix||(s.prefix=ea()),n.mask=s,n.maskId=r.getAttribute("data-fa-mask-id"),n}}},provides:function(t){t.generateAbstractMask=function(n){var r=n.children,i=n.attributes,s=n.main,l=n.mask,c=n.maskId,u=n.transform,p=s.width,f=s.icon,g=l.width,S=l.icon,L=n3({transform:u,containerWidth:g,iconWidth:p}),C={tag:"rect",attributes:ze(ze({},cp),{},{fill:"white"})},N=f.children?{children:f.children.map(d1)}:{},F={tag:"g",attributes:ze({},L.inner),children:[d1(ze({tag:f.tag,attributes:ze(ze({},f.attributes),L.path)},N))]},b={tag:"g",attributes:ze({},L.outer),children:[F]},D="mask-".concat(c||sl()),H="clip-".concat(c||sl()),E={tag:"mask",attributes:ze(ze({},cp),{},{id:D,maskUnits:"userSpaceOnUse",maskContentUnits:"userSpaceOnUse"}),children:[C,b]},B={tag:"defs",children:[{tag:"clipPath",attributes:{id:H},children:rM(S)},E]};return r.push(B,{tag:"rect",attributes:ze({fill:"currentColor","clip-path":"url(#".concat(H,")"),mask:"url(#".concat(D,")")},cp)}),{children:r,attributes:i}}}},aM={provides:function(t){var n=!1;Zi.matchMedia&&(n=Zi.matchMedia("(prefers-reduced-motion: reduce)").matches),t.missingIconAbstract=function(){var r=[],i={fill:"currentColor"},s={attributeType:"XML",repeatCount:"indefinite",dur:"2s"};r.push({tag:"path",attributes:ze(ze({},i),{},{d:"M156.5,447.7l-12.6,29.5c-18.7-9.5-35.9-21.2-51.5-34.9l22.7-22.7C127.6,430.5,141.5,440,156.5,447.7z M40.6,272H8.5 c1.4,21.2,5.4,41.7,11.7,61.1L50,321.2C45.1,305.5,41.8,289,40.6,272z M40.6,240c1.4-18.8,5.2-37,11.1-54.1l-29.5-12.6 C14.7,194.3,10,216.7,8.5,240H40.6z M64.3,156.5c7.8-14.9,17.2-28.8,28.1-41.5L69.7,92.3c-13.7,15.6-25.5,32.8-34.9,51.5 L64.3,156.5z M397,419.6c-13.9,12-29.4,22.3-46.1,30.4l11.9,29.8c20.7-9.9,39.8-22.6,56.9-37.6L397,419.6z M115,92.4 c13.9-12,29.4-22.3,46.1-30.4l-11.9-29.8c-20.7,9.9-39.8,22.6-56.8,37.6L115,92.4z M447.7,355.5c-7.8,14.9-17.2,28.8-28.1,41.5 l22.7,22.7c13.7-15.6,25.5-32.9,34.9-51.5L447.7,355.5z M471.4,272c-1.4,18.8-5.2,37-11.1,54.1l29.5,12.6 c7.5-21.1,12.2-43.5,13.6-66.8H471.4z M321.2,462c-15.7,5-32.2,8.2-49.2,9.4v32.1c21.2-1.4,41.7-5.4,61.1-11.7L321.2,462z M240,471.4c-18.8-1.4-37-5.2-54.1-11.1l-12.6,29.5c21.1,7.5,43.5,12.2,66.8,13.6V471.4z M462,190.8c5,15.7,8.2,32.2,9.4,49.2h32.1 c-1.4-21.2-5.4-41.7-11.7-61.1L462,190.8z M92.4,397c-12-13.9-22.3-29.4-30.4-46.1l-29.8,11.9c9.9,20.7,22.6,39.8,37.6,56.9 L92.4,397z M272,40.6c18.8,1.4,36.9,5.2,54.1,11.1l12.6-29.5C317.7,14.7,295.3,10,272,8.5V40.6z M190.8,50 c15.7-5,32.2-8.2,49.2-9.4V8.5c-21.2,1.4-41.7,5.4-61.1,11.7L190.8,50z M442.3,92.3L419.6,115c12,13.9,22.3,29.4,30.5,46.1 l29.8-11.9C470,128.5,457.3,109.4,442.3,92.3z M397,92.4l22.7-22.7c-15.6-13.7-32.8-25.5-51.5-34.9l-12.6,29.5 C370.4,72.1,384.4,81.5,397,92.4z"})});var l=ze(ze({},s),{},{attributeName:"opacity"}),c={tag:"circle",attributes:ze(ze({},i),{},{cx:"256",cy:"364",r:"28"}),children:[]};return n||c.children.push({tag:"animate",attributes:ze(ze({},s),{},{attributeName:"r",values:"28;14;28;28;14;28;"})},{tag:"animate",attributes:ze(ze({},l),{},{values:"1;0;1;1;0;1;"})}),r.push(c),r.push({tag:"path",attributes:ze(ze({},i),{},{opacity:"1",d:"M263.7,312h-16c-6.6,0-12-5.4-12-12c0-71,77.4-63.9,77.4-107.8c0-20-17.8-40.2-57.4-40.2c-29.1,0-44.3,9.6-59.2,28.7 c-3.9,5-11.1,6-16.2,2.4l-13.1-9.2c-5.6-3.9-6.9-11.8-2.6-17.2c21.2-27.2,46.4-44.7,91.2-44.7c52.3,0,97.4,29.8,97.4,80.2 c0,67.6-77.4,63.5-77.4,107.8C275.7,306.6,270.3,312,263.7,312z"}),children:n?[]:[{tag:"animate",attributes:ze(ze({},l),{},{values:"1;0;0;0;0;1;"})}]}),n||r.push({tag:"path",attributes:ze(ze({},i),{},{opacity:"0",d:"M232.5,134.5l7,168c0.3,6.4,5.6,11.5,12,11.5h9c6.4,0,11.7-5.1,12-11.5l7-168c0.3-6.8-5.2-12.5-12-12.5h-23 C237.7,122,232.2,127.7,232.5,134.5z"}),children:[{tag:"animate",attributes:ze(ze({},l),{},{values:"0;0;1;1;0;0;"})}]}),{tag:"g",attributes:{class:"missing"},children:r}}}},sM={hooks:function(){return{parseNodeAttributes:function(n,r){var i=r.getAttribute("data-fa-symbol"),s=i===null?!1:i===""?!0:i;return n.symbol=s,n}}}},oM=[a3,K3,X3,Y3,q3,eM,tM,nM,iM,aM,sM];T3(oM,{mixoutsTo:jn});jn.noAuto;var QS=jn.config;jn.library;jn.dom;var bu=jn.parse;jn.findIconDefinition;jn.toHtml;var lM=jn.icon;jn.layer;var cM=jn.text;jn.counter;function f1(e,t){var n=Object.keys(e);if(Object.getOwnPropertySymbols){var r=Object.getOwnPropertySymbols(e);t&&(r=r.filter(function(i){return Object.getOwnPropertyDescriptor(e,i).enumerable})),n.push.apply(n,r)}return n}function Ar(e){for(var t=1;t<arguments.length;t++){var n=arguments[t]!=null?arguments[t]:{};t%2?f1(Object(n),!0).forEach(function(r){xn(e,r,n[r])}):Object.getOwnPropertyDescriptors?Object.defineProperties(e,Object.getOwnPropertyDescriptors(n)):f1(Object(n)).forEach(function(r){Object.defineProperty(e,r,Object.getOwnPropertyDescriptor(n,r))})}return e}function Ru(e){"@babel/helpers - typeof";return Ru=typeof Symbol=="function"&&typeof Symbol.iterator=="symbol"?function(t){return typeof t}:function(t){return t&&typeof Symbol=="function"&&t.constructor===Symbol&&t!==Symbol.prototype?"symbol":typeof t},Ru(e)}function xn(e,t,n){return t=EM(t),t in e?Object.defineProperty(e,t,{value:n,enumerable:!0,configurable:!0,writable:!0}):e[t]=n,e}function uM(e,t){if(e==null)return{};var n={},r=Object.keys(e),i,s;for(s=0;s<r.length;s++)i=r[s],!(t.indexOf(i)>=0)&&(n[i]=e[i]);return n}function dM(e,t){if(e==null)return{};var n=uM(e,t),r,i;if(Object.getOwnPropertySymbols){var s=Object.getOwnPropertySymbols(e);for(i=0;i<s.length;i++)r=s[i],!(t.indexOf(r)>=0)&&Object.prototype.propertyIsEnumerable.call(e,r)&&(n[r]=e[r])}return n}function rh(e){return fM(e)||pM(e)||hM(e)||_M()}function fM(e){if(Array.isArray(e))return ih(e)}function pM(e){if(typeof Symbol<"u"&&e[Symbol.iterator]!=null||e["@@iterator"]!=null)return Array.from(e)}function hM(e,t){if(e){if(typeof e=="string")return ih(e,t);var n=Object.prototype.toString.call(e).slice(8,-1);if(n==="Object"&&e.constructor&&(n=e.constructor.name),n==="Map"||n==="Set")return Array.from(e);if(n==="Arguments"||/^(?:Ui|I)nt(?:8|16|32)(?:Clamped)?Array$/.test(n))return ih(e,t)}}function ih(e,t){(t==null||t>e.length)&&(t=e.length);for(var n=0,r=new Array(t);n<t;n++)r[n]=e[n];return r}function _M(){throw new TypeError(`Invalid attempt to spread non-iterable instance.
In order to be iterable, non-array objects must have a [Symbol.iterator]() method.`)}function mM(e,t){if(typeof e!="object"||e===null)return e;var n=e[Symbol.toPrimitive];if(n!==void 0){var r=n.call(e,t||"default");if(typeof r!="object")return r;throw new TypeError("@@toPrimitive must return a primitive value.")}return(t==="string"?String:Number)(e)}function EM(e){var t=mM(e,"string");return typeof t=="symbol"?t:String(t)}var gM=typeof globalThis<"u"?globalThis:typeof window<"u"?window:typeof global<"u"?global:typeof self<"u"?self:{},ZS={exports:{}};(function(e){(function(t){var n=function(b,D,H){if(!p(D)||g(D)||S(D)||L(D)||u(D))return D;var E,B=0,x=0;if(f(D))for(E=[],x=D.length;B<x;B++)E.push(n(b,D[B],H));else{E={};for(var V in D)Object.prototype.hasOwnProperty.call(D,V)&&(E[b(V,H)]=n(b,D[V],H))}return E},r=function(b,D){D=D||{};var H=D.separator||"_",E=D.split||/(?=[A-Z])/;return b.split(E).join(H)},i=function(b){return C(b)?b:(b=b.replace(/[\-_\s]+(.)?/g,function(D,H){return H?H.toUpperCase():""}),b.substr(0,1).toLowerCase()+b.substr(1))},s=function(b){var D=i(b);return D.substr(0,1).toUpperCase()+D.substr(1)},l=function(b,D){return r(b,D).toLowerCase()},c=Object.prototype.toString,u=function(b){return typeof b=="function"},p=function(b){return b===Object(b)},f=function(b){return c.call(b)=="[object Array]"},g=function(b){return c.call(b)=="[object Date]"},S=function(b){return c.call(b)=="[object RegExp]"},L=function(b){return c.call(b)=="[object Boolean]"},C=function(b){return b=b-0,b===b},N=function(b,D){var H=D&&"process"in D?D.process:D;return typeof H!="function"?b:function(E,B){return H(E,b,B)}},F={camelize:i,decamelize:l,pascalize:s,depascalize:l,camelizeKeys:function(b,D){return n(N(i,D),b)},decamelizeKeys:function(b,D){return n(N(l,D),b,D)},pascalizeKeys:function(b,D){return n(N(s,D),b)},depascalizeKeys:function(){return this.decamelizeKeys.apply(this,arguments)}};e.exports?e.exports=F:t.humps=F})(gM)})(ZS);var vM=ZS.exports,TM=["class","style"];function SM(e){return e.split(";").map(function(t){return t.trim()}).filter(function(t){return t}).reduce(function(t,n){var r=n.indexOf(":"),i=vM.camelize(n.slice(0,r)),s=n.slice(r+1).trim();return t[i]=s,t},{})}function AM(e){return e.split(/\s+/).reduce(function(t,n){return t[n]=!0,t},{})}function O_(e){var t=arguments.length>1&&arguments[1]!==void 0?arguments[1]:{},n=arguments.length>2&&arguments[2]!==void 0?arguments[2]:{};if(typeof e=="string")return e;var r=(e.children||[]).map(function(u){return O_(u)}),i=Object.keys(e.attributes||{}).reduce(function(u,p){var f=e.attributes[p];switch(p){case"class":u.class=AM(f);break;case"style":u.style=SM(f);break;default:u.attrs[p]=f}return u},{attrs:{},class:{},style:{}});n.class;var s=n.style,l=s===void 0?{}:s,c=dM(n,TM);return $a(e.tag,Ar(Ar(Ar({},t),{},{class:i.class,style:Ar(Ar({},i.style),l)},i.attrs),c),r)}var eA=!1;try{eA=!0}catch{}function bM(){if(!eA&&console&&typeof console.error=="function"){var e;(e=console).error.apply(e,arguments)}}function Go(e,t){return Array.isArray(t)&&t.length>0||!Array.isArray(t)&&t?xn({},e,t):{}}function RM(e){var t,n=(t={"fa-spin":e.spin,"fa-pulse":e.pulse,"fa-fw":e.fixedWidth,"fa-border":e.border,"fa-li":e.listItem,"fa-inverse":e.inverse,"fa-flip":e.flip===!0,"fa-flip-horizontal":e.flip==="horizontal"||e.flip==="both","fa-flip-vertical":e.flip==="vertical"||e.flip==="both"},xn(t,"fa-".concat(e.size),e.size!==null),xn(t,"fa-rotate-".concat(e.rotation),e.rotation!==null),xn(t,"fa-pull-".concat(e.pull),e.pull!==null),xn(t,"fa-swap-opacity",e.swapOpacity),xn(t,"fa-bounce",e.bounce),xn(t,"fa-shake",e.shake),xn(t,"fa-beat",e.beat),xn(t,"fa-fade",e.fade),xn(t,"fa-beat-fade",e.beatFade),xn(t,"fa-flash",e.flash),xn(t,"fa-spin-pulse",e.spinPulse),xn(t,"fa-spin-reverse",e.spinReverse),t);return Object.keys(n).map(function(r){return n[r]?r:null}).filter(function(r){return r})}function p1(e){if(e&&Ru(e)==="object"&&e.prefix&&e.iconName&&e.icon)return e;if(bu.icon)return bu.icon(e);if(e===null)return null;if(Ru(e)==="object"&&e.prefix&&e.iconName)return e;if(Array.isArray(e)&&e.length===2)return{prefix:e[0],iconName:e[1]};if(typeof e=="string")return{prefix:"fas",iconName:e}}var _t=Ot({name:"FontAwesomeIcon",props:{border:{type:Boolean,default:!1},fixedWidth:{type:Boolean,default:!1},flip:{type:[Boolean,String],default:!1,validator:function(t){return[!0,!1,"horizontal","vertical","both"].indexOf(t)>-1}},icon:{type:[Object,Array,String],required:!0},mask:{type:[Object,Array,String],default:null},maskId:{type:String,default:null},listItem:{type:Boolean,default:!1},pull:{type:String,default:null,validator:function(t){return["right","left"].indexOf(t)>-1}},pulse:{type:Boolean,default:!1},rotation:{type:[String,Number],default:null,validator:function(t){return[90,180,270].indexOf(Number.parseInt(t,10))>-1}},swapOpacity:{type:Boolean,default:!1},size:{type:String,default:null,validator:function(t){return["2xs","xs","sm","lg","xl","2xl","1x","2x","3x","4x","5x","6x","7x","8x","9x","10x"].indexOf(t)>-1}},spin:{type:Boolean,default:!1},transform:{type:[String,Object],default:null},symbol:{type:[Boolean,String],default:!1},title:{type:String,default:null},titleId:{type:String,default:null},inverse:{type:Boolean,default:!1},bounce:{type:Boolean,default:!1},shake:{type:Boolean,default:!1},beat:{type:Boolean,default:!1},fade:{type:Boolean,default:!1},beatFade:{type:Boolean,default:!1},flash:{type:Boolean,default:!1},spinPulse:{type:Boolean,default:!1},spinReverse:{type:Boolean,default:!1}},setup:function(t,n){var r=n.attrs,i=Be(function(){return p1(t.icon)}),s=Be(function(){return Go("classes",RM(t))}),l=Be(function(){return Go("transform",typeof t.transform=="string"?bu.transform(t.transform):t.transform)}),c=Be(function(){return Go("mask",p1(t.mask))}),u=Be(function(){return lM(i.value,Ar(Ar(Ar(Ar({},s.value),l.value),c.value),{},{symbol:t.symbol,title:t.title,titleId:t.titleId,maskId:t.maskId}))});nn(u,function(f){if(!f)return bM("Could not find one or more icon(s)",i.value,c.value)},{immediate:!0});var p=Be(function(){return u.value?O_(u.value.abstract[0],{},r):null});return function(){return p.value}}});Ot({name:"FontAwesomeLayers",props:{fixedWidth:{type:Boolean,default:!1}},setup:function(t,n){var r=n.slots,i=QS.familyPrefix,s=Be(function(){return["".concat(i,"-layers")].concat(rh(t.fixedWidth?["".concat(i,"-fw")]:[]))});return function(){return $a("div",{class:s.value},r.default?r.default():[])}}});Ot({name:"FontAwesomeLayersText",props:{value:{type:[String,Number],default:""},transform:{type:[String,Object],default:null},counter:{type:Boolean,default:!1},position:{type:String,default:null,validator:function(t){return["bottom-left","bottom-right","top-left","top-right"].indexOf(t)>-1}}},setup:function(t,n){var r=n.attrs,i=QS.familyPrefix,s=Be(function(){return Go("classes",[].concat(rh(t.counter?["".concat(i,"-layers-counter")]:[]),rh(t.position?["".concat(i,"-layers-").concat(t.position)]:[])))}),l=Be(function(){return Go("transform",typeof t.transform=="string"?bu.transform(t.transform):t.transform)}),c=Be(function(){var p=cM(t.value.toString(),Ar(Ar({},l.value),s.value)),f=p.abstract;return t.counter&&(f[0].attributes.class=f[0].attributes.class.replace("fa-layers-text","")),f[0]}),u=Be(function(){return O_(c.value,{},r)});return function(){return u.value}}});function LM(e){switch(typeof e){case"number":break;case"string":e=+new Date(e);break;case"object":e.constructor===Date&&(e=e.getTime());break;default:e=+new Date}const t=[[2,"1 second ago","1 second from now"],[60,"seconds",1],[120,"1 minute ago","1 minute from now"],[3600,"minutes",60],[7200,"1 hour ago","1 hour from now"],[86400,"hours",3600],[172800,"Yesterday","Tomorrow"],[604800,"days",86400],[1209600,"Last week","Next week"],[2419200,"weeks",604800],[4838400,"Last month","Next month"],[29030400,"months",2419200],[58060800,"Last year","Next year"],[290304e4,"years",29030400]];let n=(+new Date-e)/1e3,r="ago",i=1;if(n==0)return"Just now";n<0&&(n=Math.abs(n),r="from now",i=2);let s=0,l;for(;l=t[s++];)if(n<l[0])return typeof l[2]=="string"?l[i]:Math.floor(n/l[2])+" "+l[1]+" "+r;return e}var Ss=typeof globalThis<"u"?globalThis:typeof window<"u"?window:typeof global<"u"?global:typeof self<"u"?self:{};function hd(e){return e&&e.__esModule&&Object.prototype.hasOwnProperty.call(e,"default")?e.default:e}var Lu={exports:{}};/**
 * @license
 * Lodash <https://lodash.com/>
 * Copyright OpenJS Foundation and other contributors <https://openjsf.org/>
 * Released under MIT license <https://lodash.com/license>
 * Based on Underscore.js 1.8.3 <http://underscorejs.org/LICENSE>
 * Copyright Jeremy Ashkenas, DocumentCloud and Investigative Reporters & Editors
 */Lu.exports;(function(e,t){(function(){var n,r="4.17.21",i=200,s="Unsupported core-js use. Try https://npms.io/search?q=ponyfill.",l="Expected a function",c="Invalid `variable` option passed into `_.template`",u="__lodash_hash_undefined__",p=500,f="__lodash_placeholder__",g=1,S=2,L=4,C=1,N=2,F=1,b=2,D=4,H=8,E=16,B=32,x=64,V=128,W=256,R=512,le=30,$="...",Z=800,ue=16,K=1,me=2,I=3,q=1/0,te=9007199254740991,Ee=17976931348623157e292,_e=0/0,re=4294967295,ie=re-1,Se=re>>>1,ae=[["ary",V],["bind",F],["bindKey",b],["curry",H],["curryRight",E],["flip",R],["partial",B],["partialRight",x],["rearg",W]],ee="[object Arguments]",ne="[object Array]",xe="[object AsyncFunction]",Me="[object Boolean]",Xe="[object Date]",At="[object DOMException]",Ct="[object Error]",U="[object Function]",X="[object GeneratorFunction]",se="[object Map]",Te="[object Number]",Y="[object Null]",G="[object Object]",Oe="[object Promise]",ge="[object Proxy]",fe="[object RegExp]",pe="[object Set]",De="[object String]",ke="[object Symbol]",Ue="[object Undefined]",he="[object WeakMap]",ye="[object WeakSet]",Pe="[object ArrayBuffer]",He="[object DataView]",rt="[object Float32Array]",yt="[object Float64Array]",ln="[object Int8Array]",Jn="[object Int16Array]",Mn="[object Int32Array]",P="[object Uint8Array]",de="[object Uint8ClampedArray]",Re="[object Uint16Array]",Ge="[object Uint32Array]",$e=/\b__p \+= '';/g,Et=/\b(__p \+=) '' \+/g,xt=/(__e\(.*?\)|\b__t\)) \+\n'';/g,cn=/&(?:amp|lt|gt|quot|#39);/g,Ci=/[&<>"']/g,rn=RegExp(cn.source),ei=RegExp(Ci.source),pr=/<%-([\s\S]+?)%>/g,_n=/<%([\s\S]+?)%>/g,Za=/<%=([\s\S]+?)%>/g,ti=/\.|\[(?:[^[\]]*|(["'])(?:(?!\1)[^\\]|\\.)*?\1)\]/,hr=/^\w*$/,Db=/[^.[\]]+|\[(?:(-?\d+(?:\.\d+)?)|(["'])((?:(?!\2)[^\\]|\\.)*?)\2)\]|(?=(?:\.|\[\])(?:\.|\[\]|$))/g,Od=/[\\^$.*+?()[\]{}|]/g,Mb=RegExp(Od.source),yd=/^\s+/,Hb=/\s/,Wb=/\{(?:\n\/\* \[wrapped with .+\] \*\/)?\n?/,Ub=/\{\n\/\* \[wrapped with (.+)\] \*/,$b=/,? & /,Fb=/[^\x00-\x2f\x3a-\x40\x5b-\x60\x7b-\x7f]+/g,Vb=/[()=,{}\[\]\/\s]/,zb=/\\(\\)?/g,Gb=/\$\{([^\\}]*(?:\\.[^\\}]*)*)\}/g,nm=/\w*$/,Kb=/^[-+]0x[0-9a-f]+$/i,Xb=/^0b[01]+$/i,Yb=/^\[object .+?Constructor\]$/,qb=/^0o[0-7]+$/i,jb=/^(?:0|[1-9]\d*)$/,Jb=/[\xc0-\xd6\xd8-\xf6\xf8-\xff\u0100-\u017f]/g,Cl=/($^)/,Qb=/['\n\r\u2028\u2029\\]/g,xl="\\ud800-\\udfff",Zb="\\u0300-\\u036f",eR="\\ufe20-\\ufe2f",tR="\\u20d0-\\u20ff",rm=Zb+eR+tR,im="\\u2700-\\u27bf",am="a-z\\xdf-\\xf6\\xf8-\\xff",nR="\\xac\\xb1\\xd7\\xf7",rR="\\x00-\\x2f\\x3a-\\x40\\x5b-\\x60\\x7b-\\xbf",iR="\\u2000-\\u206f",aR=" \\t\\x0b\\f\\xa0\\ufeff\\n\\r\\u2028\\u2029\\u1680\\u180e\\u2000\\u2001\\u2002\\u2003\\u2004\\u2005\\u2006\\u2007\\u2008\\u2009\\u200a\\u202f\\u205f\\u3000",sm="A-Z\\xc0-\\xd6\\xd8-\\xde",om="\\ufe0e\\ufe0f",lm=nR+rR+iR+aR,Nd="['’]",sR="["+xl+"]",cm="["+lm+"]",wl="["+rm+"]",um="\\d+",oR="["+im+"]",dm="["+am+"]",fm="[^"+xl+lm+um+im+am+sm+"]",Cd="\\ud83c[\\udffb-\\udfff]",lR="(?:"+wl+"|"+Cd+")",pm="[^"+xl+"]",xd="(?:\\ud83c[\\udde6-\\uddff]){2}",wd="[\\ud800-\\udbff][\\udc00-\\udfff]",es="["+sm+"]",hm="\\u200d",_m="(?:"+dm+"|"+fm+")",cR="(?:"+es+"|"+fm+")",mm="(?:"+Nd+"(?:d|ll|m|re|s|t|ve))?",Em="(?:"+Nd+"(?:D|LL|M|RE|S|T|VE))?",gm=lR+"?",vm="["+om+"]?",uR="(?:"+hm+"(?:"+[pm,xd,wd].join("|")+")"+vm+gm+")*",dR="\\d*(?:1st|2nd|3rd|(?![123])\\dth)(?=\\b|[A-Z_])",fR="\\d*(?:1ST|2ND|3RD|(?![123])\\dTH)(?=\\b|[a-z_])",Tm=vm+gm+uR,pR="(?:"+[oR,xd,wd].join("|")+")"+Tm,hR="(?:"+[pm+wl+"?",wl,xd,wd,sR].join("|")+")",_R=RegExp(Nd,"g"),mR=RegExp(wl,"g"),Id=RegExp(Cd+"(?="+Cd+")|"+hR+Tm,"g"),ER=RegExp([es+"?"+dm+"+"+mm+"(?="+[cm,es,"$"].join("|")+")",cR+"+"+Em+"(?="+[cm,es+_m,"$"].join("|")+")",es+"?"+_m+"+"+mm,es+"+"+Em,fR,dR,um,pR].join("|"),"g"),gR=RegExp("["+hm+xl+rm+om+"]"),vR=/[a-z][A-Z]|[A-Z]{2}[a-z]|[0-9][a-zA-Z]|[a-zA-Z][0-9]|[^a-zA-Z0-9 ]/,TR=["Array","Buffer","DataView","Date","Error","Float32Array","Float64Array","Function","Int8Array","Int16Array","Int32Array","Map","Math","Object","Promise","RegExp","Set","String","Symbol","TypeError","Uint8Array","Uint8ClampedArray","Uint16Array","Uint32Array","WeakMap","_","clearTimeout","isFinite","parseInt","setTimeout"],SR=-1,Pt={};Pt[rt]=Pt[yt]=Pt[ln]=Pt[Jn]=Pt[Mn]=Pt[P]=Pt[de]=Pt[Re]=Pt[Ge]=!0,Pt[ee]=Pt[ne]=Pt[Pe]=Pt[Me]=Pt[He]=Pt[Xe]=Pt[Ct]=Pt[U]=Pt[se]=Pt[Te]=Pt[G]=Pt[fe]=Pt[pe]=Pt[De]=Pt[he]=!1;var kt={};kt[ee]=kt[ne]=kt[Pe]=kt[He]=kt[Me]=kt[Xe]=kt[rt]=kt[yt]=kt[ln]=kt[Jn]=kt[Mn]=kt[se]=kt[Te]=kt[G]=kt[fe]=kt[pe]=kt[De]=kt[ke]=kt[P]=kt[de]=kt[Re]=kt[Ge]=!0,kt[Ct]=kt[U]=kt[he]=!1;var AR={À:"A",Á:"A",Â:"A",Ã:"A",Ä:"A",Å:"A",à:"a",á:"a",â:"a",ã:"a",ä:"a",å:"a",Ç:"C",ç:"c",Ð:"D",ð:"d",È:"E",É:"E",Ê:"E",Ë:"E",è:"e",é:"e",ê:"e",ë:"e",Ì:"I",Í:"I",Î:"I",Ï:"I",ì:"i",í:"i",î:"i",ï:"i",Ñ:"N",ñ:"n",Ò:"O",Ó:"O",Ô:"O",Õ:"O",Ö:"O",Ø:"O",ò:"o",ó:"o",ô:"o",õ:"o",ö:"o",ø:"o",Ù:"U",Ú:"U",Û:"U",Ü:"U",ù:"u",ú:"u",û:"u",ü:"u",Ý:"Y",ý:"y",ÿ:"y",Æ:"Ae",æ:"ae",Þ:"Th",þ:"th",ß:"ss",Ā:"A",Ă:"A",Ą:"A",ā:"a",ă:"a",ą:"a",Ć:"C",Ĉ:"C",Ċ:"C",Č:"C",ć:"c",ĉ:"c",ċ:"c",č:"c",Ď:"D",Đ:"D",ď:"d",đ:"d",Ē:"E",Ĕ:"E",Ė:"E",Ę:"E",Ě:"E",ē:"e",ĕ:"e",ė:"e",ę:"e",ě:"e",Ĝ:"G",Ğ:"G",Ġ:"G",Ģ:"G",ĝ:"g",ğ:"g",ġ:"g",ģ:"g",Ĥ:"H",Ħ:"H",ĥ:"h",ħ:"h",Ĩ:"I",Ī:"I",Ĭ:"I",Į:"I",İ:"I",ĩ:"i",ī:"i",ĭ:"i",į:"i",ı:"i",Ĵ:"J",ĵ:"j",Ķ:"K",ķ:"k",ĸ:"k",Ĺ:"L",Ļ:"L",Ľ:"L",Ŀ:"L",Ł:"L",ĺ:"l",ļ:"l",ľ:"l",ŀ:"l",ł:"l",Ń:"N",Ņ:"N",Ň:"N",Ŋ:"N",ń:"n",ņ:"n",ň:"n",ŋ:"n",Ō:"O",Ŏ:"O",Ő:"O",ō:"o",ŏ:"o",ő:"o",Ŕ:"R",Ŗ:"R",Ř:"R",ŕ:"r",ŗ:"r",ř:"r",Ś:"S",Ŝ:"S",Ş:"S",Š:"S",ś:"s",ŝ:"s",ş:"s",š:"s",Ţ:"T",Ť:"T",Ŧ:"T",ţ:"t",ť:"t",ŧ:"t",Ũ:"U",Ū:"U",Ŭ:"U",Ů:"U",Ű:"U",Ų:"U",ũ:"u",ū:"u",ŭ:"u",ů:"u",ű:"u",ų:"u",Ŵ:"W",ŵ:"w",Ŷ:"Y",ŷ:"y",Ÿ:"Y",Ź:"Z",Ż:"Z",Ž:"Z",ź:"z",ż:"z",ž:"z",Ĳ:"IJ",ĳ:"ij",Œ:"Oe",œ:"oe",ŉ:"'n",ſ:"s"},bR={"&":"&amp;","<":"&lt;",">":"&gt;",'"':"&quot;","'":"&#39;"},RR={"&amp;":"&","&lt;":"<","&gt;":">","&quot;":'"',"&#39;":"'"},LR={"\\":"\\","'":"'","\n":"n","\r":"r","\u2028":"u2028","\u2029":"u2029"},OR=parseFloat,yR=parseInt,Sm=typeof Ss=="object"&&Ss&&Ss.Object===Object&&Ss,NR=typeof self=="object"&&self&&self.Object===Object&&self,an=Sm||NR||Function("return this")(),kd=t&&!t.nodeType&&t,oa=kd&&!0&&e&&!e.nodeType&&e,Am=oa&&oa.exports===kd,Bd=Am&&Sm.process,Qn=function(){try{var J=oa&&oa.require&&oa.require("util").types;return J||Bd&&Bd.binding&&Bd.binding("util")}catch{}}(),bm=Qn&&Qn.isArrayBuffer,Rm=Qn&&Qn.isDate,Lm=Qn&&Qn.isMap,Om=Qn&&Qn.isRegExp,ym=Qn&&Qn.isSet,Nm=Qn&&Qn.isTypedArray;function Hn(J,ve,ce){switch(ce.length){case 0:return J.call(ve);case 1:return J.call(ve,ce[0]);case 2:return J.call(ve,ce[0],ce[1]);case 3:return J.call(ve,ce[0],ce[1],ce[2])}return J.apply(ve,ce)}function CR(J,ve,ce,Ve){for(var it=-1,Tt=J==null?0:J.length;++it<Tt;){var jt=J[it];ve(Ve,jt,ce(jt),J)}return Ve}function Zn(J,ve){for(var ce=-1,Ve=J==null?0:J.length;++ce<Ve&&ve(J[ce],ce,J)!==!1;);return J}function xR(J,ve){for(var ce=J==null?0:J.length;ce--&&ve(J[ce],ce,J)!==!1;);return J}function Cm(J,ve){for(var ce=-1,Ve=J==null?0:J.length;++ce<Ve;)if(!ve(J[ce],ce,J))return!1;return!0}function xi(J,ve){for(var ce=-1,Ve=J==null?0:J.length,it=0,Tt=[];++ce<Ve;){var jt=J[ce];ve(jt,ce,J)&&(Tt[it++]=jt)}return Tt}function Il(J,ve){var ce=J==null?0:J.length;return!!ce&&ts(J,ve,0)>-1}function Pd(J,ve,ce){for(var Ve=-1,it=J==null?0:J.length;++Ve<it;)if(ce(ve,J[Ve]))return!0;return!1}function Wt(J,ve){for(var ce=-1,Ve=J==null?0:J.length,it=Array(Ve);++ce<Ve;)it[ce]=ve(J[ce],ce,J);return it}function wi(J,ve){for(var ce=-1,Ve=ve.length,it=J.length;++ce<Ve;)J[it+ce]=ve[ce];return J}function Dd(J,ve,ce,Ve){var it=-1,Tt=J==null?0:J.length;for(Ve&&Tt&&(ce=J[++it]);++it<Tt;)ce=ve(ce,J[it],it,J);return ce}function wR(J,ve,ce,Ve){var it=J==null?0:J.length;for(Ve&&it&&(ce=J[--it]);it--;)ce=ve(ce,J[it],it,J);return ce}function Md(J,ve){for(var ce=-1,Ve=J==null?0:J.length;++ce<Ve;)if(ve(J[ce],ce,J))return!0;return!1}var IR=Hd("length");function kR(J){return J.split("")}function BR(J){return J.match(Fb)||[]}function xm(J,ve,ce){var Ve;return ce(J,function(it,Tt,jt){if(ve(it,Tt,jt))return Ve=Tt,!1}),Ve}function kl(J,ve,ce,Ve){for(var it=J.length,Tt=ce+(Ve?1:-1);Ve?Tt--:++Tt<it;)if(ve(J[Tt],Tt,J))return Tt;return-1}function ts(J,ve,ce){return ve===ve?KR(J,ve,ce):kl(J,wm,ce)}function PR(J,ve,ce,Ve){for(var it=ce-1,Tt=J.length;++it<Tt;)if(Ve(J[it],ve))return it;return-1}function wm(J){return J!==J}function Im(J,ve){var ce=J==null?0:J.length;return ce?Ud(J,ve)/ce:_e}function Hd(J){return function(ve){return ve==null?n:ve[J]}}function Wd(J){return function(ve){return J==null?n:J[ve]}}function km(J,ve,ce,Ve,it){return it(J,function(Tt,jt,wt){ce=Ve?(Ve=!1,Tt):ve(ce,Tt,jt,wt)}),ce}function DR(J,ve){var ce=J.length;for(J.sort(ve);ce--;)J[ce]=J[ce].value;return J}function Ud(J,ve){for(var ce,Ve=-1,it=J.length;++Ve<it;){var Tt=ve(J[Ve]);Tt!==n&&(ce=ce===n?Tt:ce+Tt)}return ce}function $d(J,ve){for(var ce=-1,Ve=Array(J);++ce<J;)Ve[ce]=ve(ce);return Ve}function MR(J,ve){return Wt(ve,function(ce){return[ce,J[ce]]})}function Bm(J){return J&&J.slice(0,Hm(J)+1).replace(yd,"")}function Wn(J){return function(ve){return J(ve)}}function Fd(J,ve){return Wt(ve,function(ce){return J[ce]})}function uo(J,ve){return J.has(ve)}function Pm(J,ve){for(var ce=-1,Ve=J.length;++ce<Ve&&ts(ve,J[ce],0)>-1;);return ce}function Dm(J,ve){for(var ce=J.length;ce--&&ts(ve,J[ce],0)>-1;);return ce}function HR(J,ve){for(var ce=J.length,Ve=0;ce--;)J[ce]===ve&&++Ve;return Ve}var WR=Wd(AR),UR=Wd(bR);function $R(J){return"\\"+LR[J]}function FR(J,ve){return J==null?n:J[ve]}function ns(J){return gR.test(J)}function VR(J){return vR.test(J)}function zR(J){for(var ve,ce=[];!(ve=J.next()).done;)ce.push(ve.value);return ce}function Vd(J){var ve=-1,ce=Array(J.size);return J.forEach(function(Ve,it){ce[++ve]=[it,Ve]}),ce}function Mm(J,ve){return function(ce){return J(ve(ce))}}function Ii(J,ve){for(var ce=-1,Ve=J.length,it=0,Tt=[];++ce<Ve;){var jt=J[ce];(jt===ve||jt===f)&&(J[ce]=f,Tt[it++]=ce)}return Tt}function Bl(J){var ve=-1,ce=Array(J.size);return J.forEach(function(Ve){ce[++ve]=Ve}),ce}function GR(J){var ve=-1,ce=Array(J.size);return J.forEach(function(Ve){ce[++ve]=[Ve,Ve]}),ce}function KR(J,ve,ce){for(var Ve=ce-1,it=J.length;++Ve<it;)if(J[Ve]===ve)return Ve;return-1}function XR(J,ve,ce){for(var Ve=ce+1;Ve--;)if(J[Ve]===ve)return Ve;return Ve}function rs(J){return ns(J)?qR(J):IR(J)}function _r(J){return ns(J)?jR(J):kR(J)}function Hm(J){for(var ve=J.length;ve--&&Hb.test(J.charAt(ve)););return ve}var YR=Wd(RR);function qR(J){for(var ve=Id.lastIndex=0;Id.test(J);)++ve;return ve}function jR(J){return J.match(Id)||[]}function JR(J){return J.match(ER)||[]}var QR=function J(ve){ve=ve==null?an:is.defaults(an.Object(),ve,is.pick(an,TR));var ce=ve.Array,Ve=ve.Date,it=ve.Error,Tt=ve.Function,jt=ve.Math,wt=ve.Object,zd=ve.RegExp,ZR=ve.String,er=ve.TypeError,Pl=ce.prototype,eL=Tt.prototype,as=wt.prototype,Dl=ve["__core-js_shared__"],Ml=eL.toString,Nt=as.hasOwnProperty,tL=0,Wm=function(){var a=/[^.]+$/.exec(Dl&&Dl.keys&&Dl.keys.IE_PROTO||"");return a?"Symbol(src)_1."+a:""}(),Hl=as.toString,nL=Ml.call(wt),rL=an._,iL=zd("^"+Ml.call(Nt).replace(Od,"\\$&").replace(/hasOwnProperty|(function).*?(?=\\\()| for .+?(?=\\\])/g,"$1.*?")+"$"),Wl=Am?ve.Buffer:n,ki=ve.Symbol,Ul=ve.Uint8Array,Um=Wl?Wl.allocUnsafe:n,$l=Mm(wt.getPrototypeOf,wt),$m=wt.create,Fm=as.propertyIsEnumerable,Fl=Pl.splice,Vm=ki?ki.isConcatSpreadable:n,fo=ki?ki.iterator:n,la=ki?ki.toStringTag:n,Vl=function(){try{var a=pa(wt,"defineProperty");return a({},"",{}),a}catch{}}(),aL=ve.clearTimeout!==an.clearTimeout&&ve.clearTimeout,sL=Ve&&Ve.now!==an.Date.now&&Ve.now,oL=ve.setTimeout!==an.setTimeout&&ve.setTimeout,zl=jt.ceil,Gl=jt.floor,Gd=wt.getOwnPropertySymbols,lL=Wl?Wl.isBuffer:n,zm=ve.isFinite,cL=Pl.join,uL=Mm(wt.keys,wt),Jt=jt.max,un=jt.min,dL=Ve.now,fL=ve.parseInt,Gm=jt.random,pL=Pl.reverse,Kd=pa(ve,"DataView"),po=pa(ve,"Map"),Xd=pa(ve,"Promise"),ss=pa(ve,"Set"),ho=pa(ve,"WeakMap"),_o=pa(wt,"create"),Kl=ho&&new ho,os={},hL=ha(Kd),_L=ha(po),mL=ha(Xd),EL=ha(ss),gL=ha(ho),Xl=ki?ki.prototype:n,mo=Xl?Xl.valueOf:n,Km=Xl?Xl.toString:n;function O(a){if(zt(a)&&!at(a)&&!(a instanceof pt)){if(a instanceof tr)return a;if(Nt.call(a,"__wrapped__"))return X0(a)}return new tr(a)}var ls=function(){function a(){}return function(o){if(!Vt(o))return{};if($m)return $m(o);a.prototype=o;var d=new a;return a.prototype=n,d}}();function Yl(){}function tr(a,o){this.__wrapped__=a,this.__actions__=[],this.__chain__=!!o,this.__index__=0,this.__values__=n}O.templateSettings={escape:pr,evaluate:_n,interpolate:Za,variable:"",imports:{_:O}},O.prototype=Yl.prototype,O.prototype.constructor=O,tr.prototype=ls(Yl.prototype),tr.prototype.constructor=tr;function pt(a){this.__wrapped__=a,this.__actions__=[],this.__dir__=1,this.__filtered__=!1,this.__iteratees__=[],this.__takeCount__=re,this.__views__=[]}function vL(){var a=new pt(this.__wrapped__);return a.__actions__=On(this.__actions__),a.__dir__=this.__dir__,a.__filtered__=this.__filtered__,a.__iteratees__=On(this.__iteratees__),a.__takeCount__=this.__takeCount__,a.__views__=On(this.__views__),a}function TL(){if(this.__filtered__){var a=new pt(this);a.__dir__=-1,a.__filtered__=!0}else a=this.clone(),a.__dir__*=-1;return a}function SL(){var a=this.__wrapped__.value(),o=this.__dir__,d=at(a),_=o<0,T=d?a.length:0,y=kO(0,T,this.__views__),M=y.start,z=y.end,Q=z-M,Ae=_?z:M-1,be=this.__iteratees__,Ne=be.length,We=0,Ye=un(Q,this.__takeCount__);if(!d||!_&&T==Q&&Ye==Q)return m0(a,this.__actions__);var et=[];e:for(;Q--&&We<Ye;){Ae+=o;for(var ct=-1,tt=a[Ae];++ct<Ne;){var dt=be[ct],ht=dt.iteratee,Fn=dt.type,gn=ht(tt);if(Fn==me)tt=gn;else if(!gn){if(Fn==K)continue e;break e}}et[We++]=tt}return et}pt.prototype=ls(Yl.prototype),pt.prototype.constructor=pt;function ca(a){var o=-1,d=a==null?0:a.length;for(this.clear();++o<d;){var _=a[o];this.set(_[0],_[1])}}function AL(){this.__data__=_o?_o(null):{},this.size=0}function bL(a){var o=this.has(a)&&delete this.__data__[a];return this.size-=o?1:0,o}function RL(a){var o=this.__data__;if(_o){var d=o[a];return d===u?n:d}return Nt.call(o,a)?o[a]:n}function LL(a){var o=this.__data__;return _o?o[a]!==n:Nt.call(o,a)}function OL(a,o){var d=this.__data__;return this.size+=this.has(a)?0:1,d[a]=_o&&o===n?u:o,this}ca.prototype.clear=AL,ca.prototype.delete=bL,ca.prototype.get=RL,ca.prototype.has=LL,ca.prototype.set=OL;function ni(a){var o=-1,d=a==null?0:a.length;for(this.clear();++o<d;){var _=a[o];this.set(_[0],_[1])}}function yL(){this.__data__=[],this.size=0}function NL(a){var o=this.__data__,d=ql(o,a);if(d<0)return!1;var _=o.length-1;return d==_?o.pop():Fl.call(o,d,1),--this.size,!0}function CL(a){var o=this.__data__,d=ql(o,a);return d<0?n:o[d][1]}function xL(a){return ql(this.__data__,a)>-1}function wL(a,o){var d=this.__data__,_=ql(d,a);return _<0?(++this.size,d.push([a,o])):d[_][1]=o,this}ni.prototype.clear=yL,ni.prototype.delete=NL,ni.prototype.get=CL,ni.prototype.has=xL,ni.prototype.set=wL;function ri(a){var o=-1,d=a==null?0:a.length;for(this.clear();++o<d;){var _=a[o];this.set(_[0],_[1])}}function IL(){this.size=0,this.__data__={hash:new ca,map:new(po||ni),string:new ca}}function kL(a){var o=oc(this,a).delete(a);return this.size-=o?1:0,o}function BL(a){return oc(this,a).get(a)}function PL(a){return oc(this,a).has(a)}function DL(a,o){var d=oc(this,a),_=d.size;return d.set(a,o),this.size+=d.size==_?0:1,this}ri.prototype.clear=IL,ri.prototype.delete=kL,ri.prototype.get=BL,ri.prototype.has=PL,ri.prototype.set=DL;function ua(a){var o=-1,d=a==null?0:a.length;for(this.__data__=new ri;++o<d;)this.add(a[o])}function ML(a){return this.__data__.set(a,u),this}function HL(a){return this.__data__.has(a)}ua.prototype.add=ua.prototype.push=ML,ua.prototype.has=HL;function mr(a){var o=this.__data__=new ni(a);this.size=o.size}function WL(){this.__data__=new ni,this.size=0}function UL(a){var o=this.__data__,d=o.delete(a);return this.size=o.size,d}function $L(a){return this.__data__.get(a)}function FL(a){return this.__data__.has(a)}function VL(a,o){var d=this.__data__;if(d instanceof ni){var _=d.__data__;if(!po||_.length<i-1)return _.push([a,o]),this.size=++d.size,this;d=this.__data__=new ri(_)}return d.set(a,o),this.size=d.size,this}mr.prototype.clear=WL,mr.prototype.delete=UL,mr.prototype.get=$L,mr.prototype.has=FL,mr.prototype.set=VL;function Xm(a,o){var d=at(a),_=!d&&_a(a),T=!d&&!_&&Hi(a),y=!d&&!_&&!T&&fs(a),M=d||_||T||y,z=M?$d(a.length,ZR):[],Q=z.length;for(var Ae in a)(o||Nt.call(a,Ae))&&!(M&&(Ae=="length"||T&&(Ae=="offset"||Ae=="parent")||y&&(Ae=="buffer"||Ae=="byteLength"||Ae=="byteOffset")||oi(Ae,Q)))&&z.push(Ae);return z}function Ym(a){var o=a.length;return o?a[af(0,o-1)]:n}function zL(a,o){return lc(On(a),da(o,0,a.length))}function GL(a){return lc(On(a))}function Yd(a,o,d){(d!==n&&!Er(a[o],d)||d===n&&!(o in a))&&ii(a,o,d)}function Eo(a,o,d){var _=a[o];(!(Nt.call(a,o)&&Er(_,d))||d===n&&!(o in a))&&ii(a,o,d)}function ql(a,o){for(var d=a.length;d--;)if(Er(a[d][0],o))return d;return-1}function KL(a,o,d,_){return Bi(a,function(T,y,M){o(_,T,d(T),M)}),_}function qm(a,o){return a&&Pr(o,Zt(o),a)}function XL(a,o){return a&&Pr(o,Nn(o),a)}function ii(a,o,d){o=="__proto__"&&Vl?Vl(a,o,{configurable:!0,enumerable:!0,value:d,writable:!0}):a[o]=d}function qd(a,o){for(var d=-1,_=o.length,T=ce(_),y=a==null;++d<_;)T[d]=y?n:xf(a,o[d]);return T}function da(a,o,d){return a===a&&(d!==n&&(a=a<=d?a:d),o!==n&&(a=a>=o?a:o)),a}function nr(a,o,d,_,T,y){var M,z=o&g,Q=o&S,Ae=o&L;if(d&&(M=T?d(a,_,T,y):d(a)),M!==n)return M;if(!Vt(a))return a;var be=at(a);if(be){if(M=PO(a),!z)return On(a,M)}else{var Ne=dn(a),We=Ne==U||Ne==X;if(Hi(a))return v0(a,z);if(Ne==G||Ne==ee||We&&!T){if(M=Q||We?{}:H0(a),!z)return Q?RO(a,XL(M,a)):bO(a,qm(M,a))}else{if(!kt[Ne])return T?a:{};M=DO(a,Ne,z)}}y||(y=new mr);var Ye=y.get(a);if(Ye)return Ye;y.set(a,M),pE(a)?a.forEach(function(tt){M.add(nr(tt,o,d,tt,a,y))}):dE(a)&&a.forEach(function(tt,dt){M.set(dt,nr(tt,o,d,dt,a,y))});var et=Ae?Q?mf:_f:Q?Nn:Zt,ct=be?n:et(a);return Zn(ct||a,function(tt,dt){ct&&(dt=tt,tt=a[dt]),Eo(M,dt,nr(tt,o,d,dt,a,y))}),M}function YL(a){var o=Zt(a);return function(d){return jm(d,a,o)}}function jm(a,o,d){var _=d.length;if(a==null)return!_;for(a=wt(a);_--;){var T=d[_],y=o[T],M=a[T];if(M===n&&!(T in a)||!y(M))return!1}return!0}function Jm(a,o,d){if(typeof a!="function")throw new er(l);return Ro(function(){a.apply(n,d)},o)}function go(a,o,d,_){var T=-1,y=Il,M=!0,z=a.length,Q=[],Ae=o.length;if(!z)return Q;d&&(o=Wt(o,Wn(d))),_?(y=Pd,M=!1):o.length>=i&&(y=uo,M=!1,o=new ua(o));e:for(;++T<z;){var be=a[T],Ne=d==null?be:d(be);if(be=_||be!==0?be:0,M&&Ne===Ne){for(var We=Ae;We--;)if(o[We]===Ne)continue e;Q.push(be)}else y(o,Ne,_)||Q.push(be)}return Q}var Bi=R0(Br),Qm=R0(Jd,!0);function qL(a,o){var d=!0;return Bi(a,function(_,T,y){return d=!!o(_,T,y),d}),d}function jl(a,o,d){for(var _=-1,T=a.length;++_<T;){var y=a[_],M=o(y);if(M!=null&&(z===n?M===M&&!$n(M):d(M,z)))var z=M,Q=y}return Q}function jL(a,o,d,_){var T=a.length;for(d=ot(d),d<0&&(d=-d>T?0:T+d),_=_===n||_>T?T:ot(_),_<0&&(_+=T),_=d>_?0:_E(_);d<_;)a[d++]=o;return a}function Zm(a,o){var d=[];return Bi(a,function(_,T,y){o(_,T,y)&&d.push(_)}),d}function sn(a,o,d,_,T){var y=-1,M=a.length;for(d||(d=HO),T||(T=[]);++y<M;){var z=a[y];o>0&&d(z)?o>1?sn(z,o-1,d,_,T):wi(T,z):_||(T[T.length]=z)}return T}var jd=L0(),e0=L0(!0);function Br(a,o){return a&&jd(a,o,Zt)}function Jd(a,o){return a&&e0(a,o,Zt)}function Jl(a,o){return xi(o,function(d){return li(a[d])})}function fa(a,o){o=Di(o,a);for(var d=0,_=o.length;a!=null&&d<_;)a=a[Dr(o[d++])];return d&&d==_?a:n}function t0(a,o,d){var _=o(a);return at(a)?_:wi(_,d(a))}function mn(a){return a==null?a===n?Ue:Y:la&&la in wt(a)?IO(a):GO(a)}function Qd(a,o){return a>o}function JL(a,o){return a!=null&&Nt.call(a,o)}function QL(a,o){return a!=null&&o in wt(a)}function ZL(a,o,d){return a>=un(o,d)&&a<Jt(o,d)}function Zd(a,o,d){for(var _=d?Pd:Il,T=a[0].length,y=a.length,M=y,z=ce(y),Q=1/0,Ae=[];M--;){var be=a[M];M&&o&&(be=Wt(be,Wn(o))),Q=un(be.length,Q),z[M]=!d&&(o||T>=120&&be.length>=120)?new ua(M&&be):n}be=a[0];var Ne=-1,We=z[0];e:for(;++Ne<T&&Ae.length<Q;){var Ye=be[Ne],et=o?o(Ye):Ye;if(Ye=d||Ye!==0?Ye:0,!(We?uo(We,et):_(Ae,et,d))){for(M=y;--M;){var ct=z[M];if(!(ct?uo(ct,et):_(a[M],et,d)))continue e}We&&We.push(et),Ae.push(Ye)}}return Ae}function eO(a,o,d,_){return Br(a,function(T,y,M){o(_,d(T),y,M)}),_}function vo(a,o,d){o=Di(o,a),a=F0(a,o);var _=a==null?a:a[Dr(ir(o))];return _==null?n:Hn(_,a,d)}function n0(a){return zt(a)&&mn(a)==ee}function tO(a){return zt(a)&&mn(a)==Pe}function nO(a){return zt(a)&&mn(a)==Xe}function To(a,o,d,_,T){return a===o?!0:a==null||o==null||!zt(a)&&!zt(o)?a!==a&&o!==o:rO(a,o,d,_,To,T)}function rO(a,o,d,_,T,y){var M=at(a),z=at(o),Q=M?ne:dn(a),Ae=z?ne:dn(o);Q=Q==ee?G:Q,Ae=Ae==ee?G:Ae;var be=Q==G,Ne=Ae==G,We=Q==Ae;if(We&&Hi(a)){if(!Hi(o))return!1;M=!0,be=!1}if(We&&!be)return y||(y=new mr),M||fs(a)?P0(a,o,d,_,T,y):xO(a,o,Q,d,_,T,y);if(!(d&C)){var Ye=be&&Nt.call(a,"__wrapped__"),et=Ne&&Nt.call(o,"__wrapped__");if(Ye||et){var ct=Ye?a.value():a,tt=et?o.value():o;return y||(y=new mr),T(ct,tt,d,_,y)}}return We?(y||(y=new mr),wO(a,o,d,_,T,y)):!1}function iO(a){return zt(a)&&dn(a)==se}function ef(a,o,d,_){var T=d.length,y=T,M=!_;if(a==null)return!y;for(a=wt(a);T--;){var z=d[T];if(M&&z[2]?z[1]!==a[z[0]]:!(z[0]in a))return!1}for(;++T<y;){z=d[T];var Q=z[0],Ae=a[Q],be=z[1];if(M&&z[2]){if(Ae===n&&!(Q in a))return!1}else{var Ne=new mr;if(_)var We=_(Ae,be,Q,a,o,Ne);if(!(We===n?To(be,Ae,C|N,_,Ne):We))return!1}}return!0}function r0(a){if(!Vt(a)||UO(a))return!1;var o=li(a)?iL:Yb;return o.test(ha(a))}function aO(a){return zt(a)&&mn(a)==fe}function sO(a){return zt(a)&&dn(a)==pe}function oO(a){return zt(a)&&hc(a.length)&&!!Pt[mn(a)]}function i0(a){return typeof a=="function"?a:a==null?Cn:typeof a=="object"?at(a)?o0(a[0],a[1]):s0(a):OE(a)}function tf(a){if(!bo(a))return uL(a);var o=[];for(var d in wt(a))Nt.call(a,d)&&d!="constructor"&&o.push(d);return o}function lO(a){if(!Vt(a))return zO(a);var o=bo(a),d=[];for(var _ in a)_=="constructor"&&(o||!Nt.call(a,_))||d.push(_);return d}function nf(a,o){return a<o}function a0(a,o){var d=-1,_=yn(a)?ce(a.length):[];return Bi(a,function(T,y,M){_[++d]=o(T,y,M)}),_}function s0(a){var o=gf(a);return o.length==1&&o[0][2]?U0(o[0][0],o[0][1]):function(d){return d===a||ef(d,a,o)}}function o0(a,o){return Tf(a)&&W0(o)?U0(Dr(a),o):function(d){var _=xf(d,a);return _===n&&_===o?wf(d,a):To(o,_,C|N)}}function Ql(a,o,d,_,T){a!==o&&jd(o,function(y,M){if(T||(T=new mr),Vt(y))cO(a,o,M,d,Ql,_,T);else{var z=_?_(Af(a,M),y,M+"",a,o,T):n;z===n&&(z=y),Yd(a,M,z)}},Nn)}function cO(a,o,d,_,T,y,M){var z=Af(a,d),Q=Af(o,d),Ae=M.get(Q);if(Ae){Yd(a,d,Ae);return}var be=y?y(z,Q,d+"",a,o,M):n,Ne=be===n;if(Ne){var We=at(Q),Ye=!We&&Hi(Q),et=!We&&!Ye&&fs(Q);be=Q,We||Ye||et?at(z)?be=z:Xt(z)?be=On(z):Ye?(Ne=!1,be=v0(Q,!0)):et?(Ne=!1,be=T0(Q,!0)):be=[]:Lo(Q)||_a(Q)?(be=z,_a(z)?be=mE(z):(!Vt(z)||li(z))&&(be=H0(Q))):Ne=!1}Ne&&(M.set(Q,be),T(be,Q,_,y,M),M.delete(Q)),Yd(a,d,be)}function l0(a,o){var d=a.length;if(d)return o+=o<0?d:0,oi(o,d)?a[o]:n}function c0(a,o,d){o.length?o=Wt(o,function(y){return at(y)?function(M){return fa(M,y.length===1?y[0]:y)}:y}):o=[Cn];var _=-1;o=Wt(o,Wn(Ze()));var T=a0(a,function(y,M,z){var Q=Wt(o,function(Ae){return Ae(y)});return{criteria:Q,index:++_,value:y}});return DR(T,function(y,M){return AO(y,M,d)})}function uO(a,o){return u0(a,o,function(d,_){return wf(a,_)})}function u0(a,o,d){for(var _=-1,T=o.length,y={};++_<T;){var M=o[_],z=fa(a,M);d(z,M)&&So(y,Di(M,a),z)}return y}function dO(a){return function(o){return fa(o,a)}}function rf(a,o,d,_){var T=_?PR:ts,y=-1,M=o.length,z=a;for(a===o&&(o=On(o)),d&&(z=Wt(a,Wn(d)));++y<M;)for(var Q=0,Ae=o[y],be=d?d(Ae):Ae;(Q=T(z,be,Q,_))>-1;)z!==a&&Fl.call(z,Q,1),Fl.call(a,Q,1);return a}function d0(a,o){for(var d=a?o.length:0,_=d-1;d--;){var T=o[d];if(d==_||T!==y){var y=T;oi(T)?Fl.call(a,T,1):lf(a,T)}}return a}function af(a,o){return a+Gl(Gm()*(o-a+1))}function fO(a,o,d,_){for(var T=-1,y=Jt(zl((o-a)/(d||1)),0),M=ce(y);y--;)M[_?y:++T]=a,a+=d;return M}function sf(a,o){var d="";if(!a||o<1||o>te)return d;do o%2&&(d+=a),o=Gl(o/2),o&&(a+=a);while(o);return d}function ut(a,o){return bf($0(a,o,Cn),a+"")}function pO(a){return Ym(ps(a))}function hO(a,o){var d=ps(a);return lc(d,da(o,0,d.length))}function So(a,o,d,_){if(!Vt(a))return a;o=Di(o,a);for(var T=-1,y=o.length,M=y-1,z=a;z!=null&&++T<y;){var Q=Dr(o[T]),Ae=d;if(Q==="__proto__"||Q==="constructor"||Q==="prototype")return a;if(T!=M){var be=z[Q];Ae=_?_(be,Q,z):n,Ae===n&&(Ae=Vt(be)?be:oi(o[T+1])?[]:{})}Eo(z,Q,Ae),z=z[Q]}return a}var f0=Kl?function(a,o){return Kl.set(a,o),a}:Cn,_O=Vl?function(a,o){return Vl(a,"toString",{configurable:!0,enumerable:!1,value:kf(o),writable:!0})}:Cn;function mO(a){return lc(ps(a))}function rr(a,o,d){var _=-1,T=a.length;o<0&&(o=-o>T?0:T+o),d=d>T?T:d,d<0&&(d+=T),T=o>d?0:d-o>>>0,o>>>=0;for(var y=ce(T);++_<T;)y[_]=a[_+o];return y}function EO(a,o){var d;return Bi(a,function(_,T,y){return d=o(_,T,y),!d}),!!d}function Zl(a,o,d){var _=0,T=a==null?_:a.length;if(typeof o=="number"&&o===o&&T<=Se){for(;_<T;){var y=_+T>>>1,M=a[y];M!==null&&!$n(M)&&(d?M<=o:M<o)?_=y+1:T=y}return T}return of(a,o,Cn,d)}function of(a,o,d,_){var T=0,y=a==null?0:a.length;if(y===0)return 0;o=d(o);for(var M=o!==o,z=o===null,Q=$n(o),Ae=o===n;T<y;){var be=Gl((T+y)/2),Ne=d(a[be]),We=Ne!==n,Ye=Ne===null,et=Ne===Ne,ct=$n(Ne);if(M)var tt=_||et;else Ae?tt=et&&(_||We):z?tt=et&&We&&(_||!Ye):Q?tt=et&&We&&!Ye&&(_||!ct):Ye||ct?tt=!1:tt=_?Ne<=o:Ne<o;tt?T=be+1:y=be}return un(y,ie)}function p0(a,o){for(var d=-1,_=a.length,T=0,y=[];++d<_;){var M=a[d],z=o?o(M):M;if(!d||!Er(z,Q)){var Q=z;y[T++]=M===0?0:M}}return y}function h0(a){return typeof a=="number"?a:$n(a)?_e:+a}function Un(a){if(typeof a=="string")return a;if(at(a))return Wt(a,Un)+"";if($n(a))return Km?Km.call(a):"";var o=a+"";return o=="0"&&1/a==-q?"-0":o}function Pi(a,o,d){var _=-1,T=Il,y=a.length,M=!0,z=[],Q=z;if(d)M=!1,T=Pd;else if(y>=i){var Ae=o?null:NO(a);if(Ae)return Bl(Ae);M=!1,T=uo,Q=new ua}else Q=o?[]:z;e:for(;++_<y;){var be=a[_],Ne=o?o(be):be;if(be=d||be!==0?be:0,M&&Ne===Ne){for(var We=Q.length;We--;)if(Q[We]===Ne)continue e;o&&Q.push(Ne),z.push(be)}else T(Q,Ne,d)||(Q!==z&&Q.push(Ne),z.push(be))}return z}function lf(a,o){return o=Di(o,a),a=F0(a,o),a==null||delete a[Dr(ir(o))]}function _0(a,o,d,_){return So(a,o,d(fa(a,o)),_)}function ec(a,o,d,_){for(var T=a.length,y=_?T:-1;(_?y--:++y<T)&&o(a[y],y,a););return d?rr(a,_?0:y,_?y+1:T):rr(a,_?y+1:0,_?T:y)}function m0(a,o){var d=a;return d instanceof pt&&(d=d.value()),Dd(o,function(_,T){return T.func.apply(T.thisArg,wi([_],T.args))},d)}function cf(a,o,d){var _=a.length;if(_<2)return _?Pi(a[0]):[];for(var T=-1,y=ce(_);++T<_;)for(var M=a[T],z=-1;++z<_;)z!=T&&(y[T]=go(y[T]||M,a[z],o,d));return Pi(sn(y,1),o,d)}function E0(a,o,d){for(var _=-1,T=a.length,y=o.length,M={};++_<T;){var z=_<y?o[_]:n;d(M,a[_],z)}return M}function uf(a){return Xt(a)?a:[]}function df(a){return typeof a=="function"?a:Cn}function Di(a,o){return at(a)?a:Tf(a,o)?[a]:K0(bt(a))}var gO=ut;function Mi(a,o,d){var _=a.length;return d=d===n?_:d,!o&&d>=_?a:rr(a,o,d)}var g0=aL||function(a){return an.clearTimeout(a)};function v0(a,o){if(o)return a.slice();var d=a.length,_=Um?Um(d):new a.constructor(d);return a.copy(_),_}function ff(a){var o=new a.constructor(a.byteLength);return new Ul(o).set(new Ul(a)),o}function vO(a,o){var d=o?ff(a.buffer):a.buffer;return new a.constructor(d,a.byteOffset,a.byteLength)}function TO(a){var o=new a.constructor(a.source,nm.exec(a));return o.lastIndex=a.lastIndex,o}function SO(a){return mo?wt(mo.call(a)):{}}function T0(a,o){var d=o?ff(a.buffer):a.buffer;return new a.constructor(d,a.byteOffset,a.length)}function S0(a,o){if(a!==o){var d=a!==n,_=a===null,T=a===a,y=$n(a),M=o!==n,z=o===null,Q=o===o,Ae=$n(o);if(!z&&!Ae&&!y&&a>o||y&&M&&Q&&!z&&!Ae||_&&M&&Q||!d&&Q||!T)return 1;if(!_&&!y&&!Ae&&a<o||Ae&&d&&T&&!_&&!y||z&&d&&T||!M&&T||!Q)return-1}return 0}function AO(a,o,d){for(var _=-1,T=a.criteria,y=o.criteria,M=T.length,z=d.length;++_<M;){var Q=S0(T[_],y[_]);if(Q){if(_>=z)return Q;var Ae=d[_];return Q*(Ae=="desc"?-1:1)}}return a.index-o.index}function A0(a,o,d,_){for(var T=-1,y=a.length,M=d.length,z=-1,Q=o.length,Ae=Jt(y-M,0),be=ce(Q+Ae),Ne=!_;++z<Q;)be[z]=o[z];for(;++T<M;)(Ne||T<y)&&(be[d[T]]=a[T]);for(;Ae--;)be[z++]=a[T++];return be}function b0(a,o,d,_){for(var T=-1,y=a.length,M=-1,z=d.length,Q=-1,Ae=o.length,be=Jt(y-z,0),Ne=ce(be+Ae),We=!_;++T<be;)Ne[T]=a[T];for(var Ye=T;++Q<Ae;)Ne[Ye+Q]=o[Q];for(;++M<z;)(We||T<y)&&(Ne[Ye+d[M]]=a[T++]);return Ne}function On(a,o){var d=-1,_=a.length;for(o||(o=ce(_));++d<_;)o[d]=a[d];return o}function Pr(a,o,d,_){var T=!d;d||(d={});for(var y=-1,M=o.length;++y<M;){var z=o[y],Q=_?_(d[z],a[z],z,d,a):n;Q===n&&(Q=a[z]),T?ii(d,z,Q):Eo(d,z,Q)}return d}function bO(a,o){return Pr(a,vf(a),o)}function RO(a,o){return Pr(a,D0(a),o)}function tc(a,o){return function(d,_){var T=at(d)?CR:KL,y=o?o():{};return T(d,a,Ze(_,2),y)}}function cs(a){return ut(function(o,d){var _=-1,T=d.length,y=T>1?d[T-1]:n,M=T>2?d[2]:n;for(y=a.length>3&&typeof y=="function"?(T--,y):n,M&&En(d[0],d[1],M)&&(y=T<3?n:y,T=1),o=wt(o);++_<T;){var z=d[_];z&&a(o,z,_,y)}return o})}function R0(a,o){return function(d,_){if(d==null)return d;if(!yn(d))return a(d,_);for(var T=d.length,y=o?T:-1,M=wt(d);(o?y--:++y<T)&&_(M[y],y,M)!==!1;);return d}}function L0(a){return function(o,d,_){for(var T=-1,y=wt(o),M=_(o),z=M.length;z--;){var Q=M[a?z:++T];if(d(y[Q],Q,y)===!1)break}return o}}function LO(a,o,d){var _=o&F,T=Ao(a);function y(){var M=this&&this!==an&&this instanceof y?T:a;return M.apply(_?d:this,arguments)}return y}function O0(a){return function(o){o=bt(o);var d=ns(o)?_r(o):n,_=d?d[0]:o.charAt(0),T=d?Mi(d,1).join(""):o.slice(1);return _[a]()+T}}function us(a){return function(o){return Dd(RE(bE(o).replace(_R,"")),a,"")}}function Ao(a){return function(){var o=arguments;switch(o.length){case 0:return new a;case 1:return new a(o[0]);case 2:return new a(o[0],o[1]);case 3:return new a(o[0],o[1],o[2]);case 4:return new a(o[0],o[1],o[2],o[3]);case 5:return new a(o[0],o[1],o[2],o[3],o[4]);case 6:return new a(o[0],o[1],o[2],o[3],o[4],o[5]);case 7:return new a(o[0],o[1],o[2],o[3],o[4],o[5],o[6])}var d=ls(a.prototype),_=a.apply(d,o);return Vt(_)?_:d}}function OO(a,o,d){var _=Ao(a);function T(){for(var y=arguments.length,M=ce(y),z=y,Q=ds(T);z--;)M[z]=arguments[z];var Ae=y<3&&M[0]!==Q&&M[y-1]!==Q?[]:Ii(M,Q);if(y-=Ae.length,y<d)return w0(a,o,nc,T.placeholder,n,M,Ae,n,n,d-y);var be=this&&this!==an&&this instanceof T?_:a;return Hn(be,this,M)}return T}function y0(a){return function(o,d,_){var T=wt(o);if(!yn(o)){var y=Ze(d,3);o=Zt(o),d=function(z){return y(T[z],z,T)}}var M=a(o,d,_);return M>-1?T[y?o[M]:M]:n}}function N0(a){return si(function(o){var d=o.length,_=d,T=tr.prototype.thru;for(a&&o.reverse();_--;){var y=o[_];if(typeof y!="function")throw new er(l);if(T&&!M&&sc(y)=="wrapper")var M=new tr([],!0)}for(_=M?_:d;++_<d;){y=o[_];var z=sc(y),Q=z=="wrapper"?Ef(y):n;Q&&Sf(Q[0])&&Q[1]==(V|H|B|W)&&!Q[4].length&&Q[9]==1?M=M[sc(Q[0])].apply(M,Q[3]):M=y.length==1&&Sf(y)?M[z]():M.thru(y)}return function(){var Ae=arguments,be=Ae[0];if(M&&Ae.length==1&&at(be))return M.plant(be).value();for(var Ne=0,We=d?o[Ne].apply(this,Ae):be;++Ne<d;)We=o[Ne].call(this,We);return We}})}function nc(a,o,d,_,T,y,M,z,Q,Ae){var be=o&V,Ne=o&F,We=o&b,Ye=o&(H|E),et=o&R,ct=We?n:Ao(a);function tt(){for(var dt=arguments.length,ht=ce(dt),Fn=dt;Fn--;)ht[Fn]=arguments[Fn];if(Ye)var gn=ds(tt),Vn=HR(ht,gn);if(_&&(ht=A0(ht,_,T,Ye)),y&&(ht=b0(ht,y,M,Ye)),dt-=Vn,Ye&&dt<Ae){var Yt=Ii(ht,gn);return w0(a,o,nc,tt.placeholder,d,ht,Yt,z,Q,Ae-dt)}var gr=Ne?d:this,ui=We?gr[a]:a;return dt=ht.length,z?ht=KO(ht,z):et&&dt>1&&ht.reverse(),be&&Q<dt&&(ht.length=Q),this&&this!==an&&this instanceof tt&&(ui=ct||Ao(ui)),ui.apply(gr,ht)}return tt}function C0(a,o){return function(d,_){return eO(d,a,o(_),{})}}function rc(a,o){return function(d,_){var T;if(d===n&&_===n)return o;if(d!==n&&(T=d),_!==n){if(T===n)return _;typeof d=="string"||typeof _=="string"?(d=Un(d),_=Un(_)):(d=h0(d),_=h0(_)),T=a(d,_)}return T}}function pf(a){return si(function(o){return o=Wt(o,Wn(Ze())),ut(function(d){var _=this;return a(o,function(T){return Hn(T,_,d)})})})}function ic(a,o){o=o===n?" ":Un(o);var d=o.length;if(d<2)return d?sf(o,a):o;var _=sf(o,zl(a/rs(o)));return ns(o)?Mi(_r(_),0,a).join(""):_.slice(0,a)}function yO(a,o,d,_){var T=o&F,y=Ao(a);function M(){for(var z=-1,Q=arguments.length,Ae=-1,be=_.length,Ne=ce(be+Q),We=this&&this!==an&&this instanceof M?y:a;++Ae<be;)Ne[Ae]=_[Ae];for(;Q--;)Ne[Ae++]=arguments[++z];return Hn(We,T?d:this,Ne)}return M}function x0(a){return function(o,d,_){return _&&typeof _!="number"&&En(o,d,_)&&(d=_=n),o=ci(o),d===n?(d=o,o=0):d=ci(d),_=_===n?o<d?1:-1:ci(_),fO(o,d,_,a)}}function ac(a){return function(o,d){return typeof o=="string"&&typeof d=="string"||(o=ar(o),d=ar(d)),a(o,d)}}function w0(a,o,d,_,T,y,M,z,Q,Ae){var be=o&H,Ne=be?M:n,We=be?n:M,Ye=be?y:n,et=be?n:y;o|=be?B:x,o&=~(be?x:B),o&D||(o&=~(F|b));var ct=[a,o,T,Ye,Ne,et,We,z,Q,Ae],tt=d.apply(n,ct);return Sf(a)&&V0(tt,ct),tt.placeholder=_,z0(tt,a,o)}function hf(a){var o=jt[a];return function(d,_){if(d=ar(d),_=_==null?0:un(ot(_),292),_&&zm(d)){var T=(bt(d)+"e").split("e"),y=o(T[0]+"e"+(+T[1]+_));return T=(bt(y)+"e").split("e"),+(T[0]+"e"+(+T[1]-_))}return o(d)}}var NO=ss&&1/Bl(new ss([,-0]))[1]==q?function(a){return new ss(a)}:Df;function I0(a){return function(o){var d=dn(o);return d==se?Vd(o):d==pe?GR(o):MR(o,a(o))}}function ai(a,o,d,_,T,y,M,z){var Q=o&b;if(!Q&&typeof a!="function")throw new er(l);var Ae=_?_.length:0;if(Ae||(o&=~(B|x),_=T=n),M=M===n?M:Jt(ot(M),0),z=z===n?z:ot(z),Ae-=T?T.length:0,o&x){var be=_,Ne=T;_=T=n}var We=Q?n:Ef(a),Ye=[a,o,d,_,T,be,Ne,y,M,z];if(We&&VO(Ye,We),a=Ye[0],o=Ye[1],d=Ye[2],_=Ye[3],T=Ye[4],z=Ye[9]=Ye[9]===n?Q?0:a.length:Jt(Ye[9]-Ae,0),!z&&o&(H|E)&&(o&=~(H|E)),!o||o==F)var et=LO(a,o,d);else o==H||o==E?et=OO(a,o,z):(o==B||o==(F|B))&&!T.length?et=yO(a,o,d,_):et=nc.apply(n,Ye);var ct=We?f0:V0;return z0(ct(et,Ye),a,o)}function k0(a,o,d,_){return a===n||Er(a,as[d])&&!Nt.call(_,d)?o:a}function B0(a,o,d,_,T,y){return Vt(a)&&Vt(o)&&(y.set(o,a),Ql(a,o,n,B0,y),y.delete(o)),a}function CO(a){return Lo(a)?n:a}function P0(a,o,d,_,T,y){var M=d&C,z=a.length,Q=o.length;if(z!=Q&&!(M&&Q>z))return!1;var Ae=y.get(a),be=y.get(o);if(Ae&&be)return Ae==o&&be==a;var Ne=-1,We=!0,Ye=d&N?new ua:n;for(y.set(a,o),y.set(o,a);++Ne<z;){var et=a[Ne],ct=o[Ne];if(_)var tt=M?_(ct,et,Ne,o,a,y):_(et,ct,Ne,a,o,y);if(tt!==n){if(tt)continue;We=!1;break}if(Ye){if(!Md(o,function(dt,ht){if(!uo(Ye,ht)&&(et===dt||T(et,dt,d,_,y)))return Ye.push(ht)})){We=!1;break}}else if(!(et===ct||T(et,ct,d,_,y))){We=!1;break}}return y.delete(a),y.delete(o),We}function xO(a,o,d,_,T,y,M){switch(d){case He:if(a.byteLength!=o.byteLength||a.byteOffset!=o.byteOffset)return!1;a=a.buffer,o=o.buffer;case Pe:return!(a.byteLength!=o.byteLength||!y(new Ul(a),new Ul(o)));case Me:case Xe:case Te:return Er(+a,+o);case Ct:return a.name==o.name&&a.message==o.message;case fe:case De:return a==o+"";case se:var z=Vd;case pe:var Q=_&C;if(z||(z=Bl),a.size!=o.size&&!Q)return!1;var Ae=M.get(a);if(Ae)return Ae==o;_|=N,M.set(a,o);var be=P0(z(a),z(o),_,T,y,M);return M.delete(a),be;case ke:if(mo)return mo.call(a)==mo.call(o)}return!1}function wO(a,o,d,_,T,y){var M=d&C,z=_f(a),Q=z.length,Ae=_f(o),be=Ae.length;if(Q!=be&&!M)return!1;for(var Ne=Q;Ne--;){var We=z[Ne];if(!(M?We in o:Nt.call(o,We)))return!1}var Ye=y.get(a),et=y.get(o);if(Ye&&et)return Ye==o&&et==a;var ct=!0;y.set(a,o),y.set(o,a);for(var tt=M;++Ne<Q;){We=z[Ne];var dt=a[We],ht=o[We];if(_)var Fn=M?_(ht,dt,We,o,a,y):_(dt,ht,We,a,o,y);if(!(Fn===n?dt===ht||T(dt,ht,d,_,y):Fn)){ct=!1;break}tt||(tt=We=="constructor")}if(ct&&!tt){var gn=a.constructor,Vn=o.constructor;gn!=Vn&&"constructor"in a&&"constructor"in o&&!(typeof gn=="function"&&gn instanceof gn&&typeof Vn=="function"&&Vn instanceof Vn)&&(ct=!1)}return y.delete(a),y.delete(o),ct}function si(a){return bf($0(a,n,j0),a+"")}function _f(a){return t0(a,Zt,vf)}function mf(a){return t0(a,Nn,D0)}var Ef=Kl?function(a){return Kl.get(a)}:Df;function sc(a){for(var o=a.name+"",d=os[o],_=Nt.call(os,o)?d.length:0;_--;){var T=d[_],y=T.func;if(y==null||y==a)return T.name}return o}function ds(a){var o=Nt.call(O,"placeholder")?O:a;return o.placeholder}function Ze(){var a=O.iteratee||Bf;return a=a===Bf?i0:a,arguments.length?a(arguments[0],arguments[1]):a}function oc(a,o){var d=a.__data__;return WO(o)?d[typeof o=="string"?"string":"hash"]:d.map}function gf(a){for(var o=Zt(a),d=o.length;d--;){var _=o[d],T=a[_];o[d]=[_,T,W0(T)]}return o}function pa(a,o){var d=FR(a,o);return r0(d)?d:n}function IO(a){var o=Nt.call(a,la),d=a[la];try{a[la]=n;var _=!0}catch{}var T=Hl.call(a);return _&&(o?a[la]=d:delete a[la]),T}var vf=Gd?function(a){return a==null?[]:(a=wt(a),xi(Gd(a),function(o){return Fm.call(a,o)}))}:Mf,D0=Gd?function(a){for(var o=[];a;)wi(o,vf(a)),a=$l(a);return o}:Mf,dn=mn;(Kd&&dn(new Kd(new ArrayBuffer(1)))!=He||po&&dn(new po)!=se||Xd&&dn(Xd.resolve())!=Oe||ss&&dn(new ss)!=pe||ho&&dn(new ho)!=he)&&(dn=function(a){var o=mn(a),d=o==G?a.constructor:n,_=d?ha(d):"";if(_)switch(_){case hL:return He;case _L:return se;case mL:return Oe;case EL:return pe;case gL:return he}return o});function kO(a,o,d){for(var _=-1,T=d.length;++_<T;){var y=d[_],M=y.size;switch(y.type){case"drop":a+=M;break;case"dropRight":o-=M;break;case"take":o=un(o,a+M);break;case"takeRight":a=Jt(a,o-M);break}}return{start:a,end:o}}function BO(a){var o=a.match(Ub);return o?o[1].split($b):[]}function M0(a,o,d){o=Di(o,a);for(var _=-1,T=o.length,y=!1;++_<T;){var M=Dr(o[_]);if(!(y=a!=null&&d(a,M)))break;a=a[M]}return y||++_!=T?y:(T=a==null?0:a.length,!!T&&hc(T)&&oi(M,T)&&(at(a)||_a(a)))}function PO(a){var o=a.length,d=new a.constructor(o);return o&&typeof a[0]=="string"&&Nt.call(a,"index")&&(d.index=a.index,d.input=a.input),d}function H0(a){return typeof a.constructor=="function"&&!bo(a)?ls($l(a)):{}}function DO(a,o,d){var _=a.constructor;switch(o){case Pe:return ff(a);case Me:case Xe:return new _(+a);case He:return vO(a,d);case rt:case yt:case ln:case Jn:case Mn:case P:case de:case Re:case Ge:return T0(a,d);case se:return new _;case Te:case De:return new _(a);case fe:return TO(a);case pe:return new _;case ke:return SO(a)}}function MO(a,o){var d=o.length;if(!d)return a;var _=d-1;return o[_]=(d>1?"& ":"")+o[_],o=o.join(d>2?", ":" "),a.replace(Wb,`{
/* [wrapped with `+o+`] */
`)}function HO(a){return at(a)||_a(a)||!!(Vm&&a&&a[Vm])}function oi(a,o){var d=typeof a;return o=o??te,!!o&&(d=="number"||d!="symbol"&&jb.test(a))&&a>-1&&a%1==0&&a<o}function En(a,o,d){if(!Vt(d))return!1;var _=typeof o;return(_=="number"?yn(d)&&oi(o,d.length):_=="string"&&o in d)?Er(d[o],a):!1}function Tf(a,o){if(at(a))return!1;var d=typeof a;return d=="number"||d=="symbol"||d=="boolean"||a==null||$n(a)?!0:hr.test(a)||!ti.test(a)||o!=null&&a in wt(o)}function WO(a){var o=typeof a;return o=="string"||o=="number"||o=="symbol"||o=="boolean"?a!=="__proto__":a===null}function Sf(a){var o=sc(a),d=O[o];if(typeof d!="function"||!(o in pt.prototype))return!1;if(a===d)return!0;var _=Ef(d);return!!_&&a===_[0]}function UO(a){return!!Wm&&Wm in a}var $O=Dl?li:Hf;function bo(a){var o=a&&a.constructor,d=typeof o=="function"&&o.prototype||as;return a===d}function W0(a){return a===a&&!Vt(a)}function U0(a,o){return function(d){return d==null?!1:d[a]===o&&(o!==n||a in wt(d))}}function FO(a){var o=fc(a,function(_){return d.size===p&&d.clear(),_}),d=o.cache;return o}function VO(a,o){var d=a[1],_=o[1],T=d|_,y=T<(F|b|V),M=_==V&&d==H||_==V&&d==W&&a[7].length<=o[8]||_==(V|W)&&o[7].length<=o[8]&&d==H;if(!(y||M))return a;_&F&&(a[2]=o[2],T|=d&F?0:D);var z=o[3];if(z){var Q=a[3];a[3]=Q?A0(Q,z,o[4]):z,a[4]=Q?Ii(a[3],f):o[4]}return z=o[5],z&&(Q=a[5],a[5]=Q?b0(Q,z,o[6]):z,a[6]=Q?Ii(a[5],f):o[6]),z=o[7],z&&(a[7]=z),_&V&&(a[8]=a[8]==null?o[8]:un(a[8],o[8])),a[9]==null&&(a[9]=o[9]),a[0]=o[0],a[1]=T,a}function zO(a){var o=[];if(a!=null)for(var d in wt(a))o.push(d);return o}function GO(a){return Hl.call(a)}function $0(a,o,d){return o=Jt(o===n?a.length-1:o,0),function(){for(var _=arguments,T=-1,y=Jt(_.length-o,0),M=ce(y);++T<y;)M[T]=_[o+T];T=-1;for(var z=ce(o+1);++T<o;)z[T]=_[T];return z[o]=d(M),Hn(a,this,z)}}function F0(a,o){return o.length<2?a:fa(a,rr(o,0,-1))}function KO(a,o){for(var d=a.length,_=un(o.length,d),T=On(a);_--;){var y=o[_];a[_]=oi(y,d)?T[y]:n}return a}function Af(a,o){if(!(o==="constructor"&&typeof a[o]=="function")&&o!="__proto__")return a[o]}var V0=G0(f0),Ro=oL||function(a,o){return an.setTimeout(a,o)},bf=G0(_O);function z0(a,o,d){var _=o+"";return bf(a,MO(_,XO(BO(_),d)))}function G0(a){var o=0,d=0;return function(){var _=dL(),T=ue-(_-d);if(d=_,T>0){if(++o>=Z)return arguments[0]}else o=0;return a.apply(n,arguments)}}function lc(a,o){var d=-1,_=a.length,T=_-1;for(o=o===n?_:o;++d<o;){var y=af(d,T),M=a[y];a[y]=a[d],a[d]=M}return a.length=o,a}var K0=FO(function(a){var o=[];return a.charCodeAt(0)===46&&o.push(""),a.replace(Db,function(d,_,T,y){o.push(T?y.replace(zb,"$1"):_||d)}),o});function Dr(a){if(typeof a=="string"||$n(a))return a;var o=a+"";return o=="0"&&1/a==-q?"-0":o}function ha(a){if(a!=null){try{return Ml.call(a)}catch{}try{return a+""}catch{}}return""}function XO(a,o){return Zn(ae,function(d){var _="_."+d[0];o&d[1]&&!Il(a,_)&&a.push(_)}),a.sort()}function X0(a){if(a instanceof pt)return a.clone();var o=new tr(a.__wrapped__,a.__chain__);return o.__actions__=On(a.__actions__),o.__index__=a.__index__,o.__values__=a.__values__,o}function YO(a,o,d){(d?En(a,o,d):o===n)?o=1:o=Jt(ot(o),0);var _=a==null?0:a.length;if(!_||o<1)return[];for(var T=0,y=0,M=ce(zl(_/o));T<_;)M[y++]=rr(a,T,T+=o);return M}function qO(a){for(var o=-1,d=a==null?0:a.length,_=0,T=[];++o<d;){var y=a[o];y&&(T[_++]=y)}return T}function jO(){var a=arguments.length;if(!a)return[];for(var o=ce(a-1),d=arguments[0],_=a;_--;)o[_-1]=arguments[_];return wi(at(d)?On(d):[d],sn(o,1))}var JO=ut(function(a,o){return Xt(a)?go(a,sn(o,1,Xt,!0)):[]}),QO=ut(function(a,o){var d=ir(o);return Xt(d)&&(d=n),Xt(a)?go(a,sn(o,1,Xt,!0),Ze(d,2)):[]}),ZO=ut(function(a,o){var d=ir(o);return Xt(d)&&(d=n),Xt(a)?go(a,sn(o,1,Xt,!0),n,d):[]});function ey(a,o,d){var _=a==null?0:a.length;return _?(o=d||o===n?1:ot(o),rr(a,o<0?0:o,_)):[]}function ty(a,o,d){var _=a==null?0:a.length;return _?(o=d||o===n?1:ot(o),o=_-o,rr(a,0,o<0?0:o)):[]}function ny(a,o){return a&&a.length?ec(a,Ze(o,3),!0,!0):[]}function ry(a,o){return a&&a.length?ec(a,Ze(o,3),!0):[]}function iy(a,o,d,_){var T=a==null?0:a.length;return T?(d&&typeof d!="number"&&En(a,o,d)&&(d=0,_=T),jL(a,o,d,_)):[]}function Y0(a,o,d){var _=a==null?0:a.length;if(!_)return-1;var T=d==null?0:ot(d);return T<0&&(T=Jt(_+T,0)),kl(a,Ze(o,3),T)}function q0(a,o,d){var _=a==null?0:a.length;if(!_)return-1;var T=_-1;return d!==n&&(T=ot(d),T=d<0?Jt(_+T,0):un(T,_-1)),kl(a,Ze(o,3),T,!0)}function j0(a){var o=a==null?0:a.length;return o?sn(a,1):[]}function ay(a){var o=a==null?0:a.length;return o?sn(a,q):[]}function sy(a,o){var d=a==null?0:a.length;return d?(o=o===n?1:ot(o),sn(a,o)):[]}function oy(a){for(var o=-1,d=a==null?0:a.length,_={};++o<d;){var T=a[o];_[T[0]]=T[1]}return _}function J0(a){return a&&a.length?a[0]:n}function ly(a,o,d){var _=a==null?0:a.length;if(!_)return-1;var T=d==null?0:ot(d);return T<0&&(T=Jt(_+T,0)),ts(a,o,T)}function cy(a){var o=a==null?0:a.length;return o?rr(a,0,-1):[]}var uy=ut(function(a){var o=Wt(a,uf);return o.length&&o[0]===a[0]?Zd(o):[]}),dy=ut(function(a){var o=ir(a),d=Wt(a,uf);return o===ir(d)?o=n:d.pop(),d.length&&d[0]===a[0]?Zd(d,Ze(o,2)):[]}),fy=ut(function(a){var o=ir(a),d=Wt(a,uf);return o=typeof o=="function"?o:n,o&&d.pop(),d.length&&d[0]===a[0]?Zd(d,n,o):[]});function py(a,o){return a==null?"":cL.call(a,o)}function ir(a){var o=a==null?0:a.length;return o?a[o-1]:n}function hy(a,o,d){var _=a==null?0:a.length;if(!_)return-1;var T=_;return d!==n&&(T=ot(d),T=T<0?Jt(_+T,0):un(T,_-1)),o===o?XR(a,o,T):kl(a,wm,T,!0)}function _y(a,o){return a&&a.length?l0(a,ot(o)):n}var my=ut(Q0);function Q0(a,o){return a&&a.length&&o&&o.length?rf(a,o):a}function Ey(a,o,d){return a&&a.length&&o&&o.length?rf(a,o,Ze(d,2)):a}function gy(a,o,d){return a&&a.length&&o&&o.length?rf(a,o,n,d):a}var vy=si(function(a,o){var d=a==null?0:a.length,_=qd(a,o);return d0(a,Wt(o,function(T){return oi(T,d)?+T:T}).sort(S0)),_});function Ty(a,o){var d=[];if(!(a&&a.length))return d;var _=-1,T=[],y=a.length;for(o=Ze(o,3);++_<y;){var M=a[_];o(M,_,a)&&(d.push(M),T.push(_))}return d0(a,T),d}function Rf(a){return a==null?a:pL.call(a)}function Sy(a,o,d){var _=a==null?0:a.length;return _?(d&&typeof d!="number"&&En(a,o,d)?(o=0,d=_):(o=o==null?0:ot(o),d=d===n?_:ot(d)),rr(a,o,d)):[]}function Ay(a,o){return Zl(a,o)}function by(a,o,d){return of(a,o,Ze(d,2))}function Ry(a,o){var d=a==null?0:a.length;if(d){var _=Zl(a,o);if(_<d&&Er(a[_],o))return _}return-1}function Ly(a,o){return Zl(a,o,!0)}function Oy(a,o,d){return of(a,o,Ze(d,2),!0)}function yy(a,o){var d=a==null?0:a.length;if(d){var _=Zl(a,o,!0)-1;if(Er(a[_],o))return _}return-1}function Ny(a){return a&&a.length?p0(a):[]}function Cy(a,o){return a&&a.length?p0(a,Ze(o,2)):[]}function xy(a){var o=a==null?0:a.length;return o?rr(a,1,o):[]}function wy(a,o,d){return a&&a.length?(o=d||o===n?1:ot(o),rr(a,0,o<0?0:o)):[]}function Iy(a,o,d){var _=a==null?0:a.length;return _?(o=d||o===n?1:ot(o),o=_-o,rr(a,o<0?0:o,_)):[]}function ky(a,o){return a&&a.length?ec(a,Ze(o,3),!1,!0):[]}function By(a,o){return a&&a.length?ec(a,Ze(o,3)):[]}var Py=ut(function(a){return Pi(sn(a,1,Xt,!0))}),Dy=ut(function(a){var o=ir(a);return Xt(o)&&(o=n),Pi(sn(a,1,Xt,!0),Ze(o,2))}),My=ut(function(a){var o=ir(a);return o=typeof o=="function"?o:n,Pi(sn(a,1,Xt,!0),n,o)});function Hy(a){return a&&a.length?Pi(a):[]}function Wy(a,o){return a&&a.length?Pi(a,Ze(o,2)):[]}function Uy(a,o){return o=typeof o=="function"?o:n,a&&a.length?Pi(a,n,o):[]}function Lf(a){if(!(a&&a.length))return[];var o=0;return a=xi(a,function(d){if(Xt(d))return o=Jt(d.length,o),!0}),$d(o,function(d){return Wt(a,Hd(d))})}function Z0(a,o){if(!(a&&a.length))return[];var d=Lf(a);return o==null?d:Wt(d,function(_){return Hn(o,n,_)})}var $y=ut(function(a,o){return Xt(a)?go(a,o):[]}),Fy=ut(function(a){return cf(xi(a,Xt))}),Vy=ut(function(a){var o=ir(a);return Xt(o)&&(o=n),cf(xi(a,Xt),Ze(o,2))}),zy=ut(function(a){var o=ir(a);return o=typeof o=="function"?o:n,cf(xi(a,Xt),n,o)}),Gy=ut(Lf);function Ky(a,o){return E0(a||[],o||[],Eo)}function Xy(a,o){return E0(a||[],o||[],So)}var Yy=ut(function(a){var o=a.length,d=o>1?a[o-1]:n;return d=typeof d=="function"?(a.pop(),d):n,Z0(a,d)});function eE(a){var o=O(a);return o.__chain__=!0,o}function qy(a,o){return o(a),a}function cc(a,o){return o(a)}var jy=si(function(a){var o=a.length,d=o?a[0]:0,_=this.__wrapped__,T=function(y){return qd(y,a)};return o>1||this.__actions__.length||!(_ instanceof pt)||!oi(d)?this.thru(T):(_=_.slice(d,+d+(o?1:0)),_.__actions__.push({func:cc,args:[T],thisArg:n}),new tr(_,this.__chain__).thru(function(y){return o&&!y.length&&y.push(n),y}))});function Jy(){return eE(this)}function Qy(){return new tr(this.value(),this.__chain__)}function Zy(){this.__values__===n&&(this.__values__=hE(this.value()));var a=this.__index__>=this.__values__.length,o=a?n:this.__values__[this.__index__++];return{done:a,value:o}}function eN(){return this}function tN(a){for(var o,d=this;d instanceof Yl;){var _=X0(d);_.__index__=0,_.__values__=n,o?T.__wrapped__=_:o=_;var T=_;d=d.__wrapped__}return T.__wrapped__=a,o}function nN(){var a=this.__wrapped__;if(a instanceof pt){var o=a;return this.__actions__.length&&(o=new pt(this)),o=o.reverse(),o.__actions__.push({func:cc,args:[Rf],thisArg:n}),new tr(o,this.__chain__)}return this.thru(Rf)}function rN(){return m0(this.__wrapped__,this.__actions__)}var iN=tc(function(a,o,d){Nt.call(a,d)?++a[d]:ii(a,d,1)});function aN(a,o,d){var _=at(a)?Cm:qL;return d&&En(a,o,d)&&(o=n),_(a,Ze(o,3))}function sN(a,o){var d=at(a)?xi:Zm;return d(a,Ze(o,3))}var oN=y0(Y0),lN=y0(q0);function cN(a,o){return sn(uc(a,o),1)}function uN(a,o){return sn(uc(a,o),q)}function dN(a,o,d){return d=d===n?1:ot(d),sn(uc(a,o),d)}function tE(a,o){var d=at(a)?Zn:Bi;return d(a,Ze(o,3))}function nE(a,o){var d=at(a)?xR:Qm;return d(a,Ze(o,3))}var fN=tc(function(a,o,d){Nt.call(a,d)?a[d].push(o):ii(a,d,[o])});function pN(a,o,d,_){a=yn(a)?a:ps(a),d=d&&!_?ot(d):0;var T=a.length;return d<0&&(d=Jt(T+d,0)),_c(a)?d<=T&&a.indexOf(o,d)>-1:!!T&&ts(a,o,d)>-1}var hN=ut(function(a,o,d){var _=-1,T=typeof o=="function",y=yn(a)?ce(a.length):[];return Bi(a,function(M){y[++_]=T?Hn(o,M,d):vo(M,o,d)}),y}),_N=tc(function(a,o,d){ii(a,d,o)});function uc(a,o){var d=at(a)?Wt:a0;return d(a,Ze(o,3))}function mN(a,o,d,_){return a==null?[]:(at(o)||(o=o==null?[]:[o]),d=_?n:d,at(d)||(d=d==null?[]:[d]),c0(a,o,d))}var EN=tc(function(a,o,d){a[d?0:1].push(o)},function(){return[[],[]]});function gN(a,o,d){var _=at(a)?Dd:km,T=arguments.length<3;return _(a,Ze(o,4),d,T,Bi)}function vN(a,o,d){var _=at(a)?wR:km,T=arguments.length<3;return _(a,Ze(o,4),d,T,Qm)}function TN(a,o){var d=at(a)?xi:Zm;return d(a,pc(Ze(o,3)))}function SN(a){var o=at(a)?Ym:pO;return o(a)}function AN(a,o,d){(d?En(a,o,d):o===n)?o=1:o=ot(o);var _=at(a)?zL:hO;return _(a,o)}function bN(a){var o=at(a)?GL:mO;return o(a)}function RN(a){if(a==null)return 0;if(yn(a))return _c(a)?rs(a):a.length;var o=dn(a);return o==se||o==pe?a.size:tf(a).length}function LN(a,o,d){var _=at(a)?Md:EO;return d&&En(a,o,d)&&(o=n),_(a,Ze(o,3))}var ON=ut(function(a,o){if(a==null)return[];var d=o.length;return d>1&&En(a,o[0],o[1])?o=[]:d>2&&En(o[0],o[1],o[2])&&(o=[o[0]]),c0(a,sn(o,1),[])}),dc=sL||function(){return an.Date.now()};function yN(a,o){if(typeof o!="function")throw new er(l);return a=ot(a),function(){if(--a<1)return o.apply(this,arguments)}}function rE(a,o,d){return o=d?n:o,o=a&&o==null?a.length:o,ai(a,V,n,n,n,n,o)}function iE(a,o){var d;if(typeof o!="function")throw new er(l);return a=ot(a),function(){return--a>0&&(d=o.apply(this,arguments)),a<=1&&(o=n),d}}var Of=ut(function(a,o,d){var _=F;if(d.length){var T=Ii(d,ds(Of));_|=B}return ai(a,_,o,d,T)}),aE=ut(function(a,o,d){var _=F|b;if(d.length){var T=Ii(d,ds(aE));_|=B}return ai(o,_,a,d,T)});function sE(a,o,d){o=d?n:o;var _=ai(a,H,n,n,n,n,n,o);return _.placeholder=sE.placeholder,_}function oE(a,o,d){o=d?n:o;var _=ai(a,E,n,n,n,n,n,o);return _.placeholder=oE.placeholder,_}function lE(a,o,d){var _,T,y,M,z,Q,Ae=0,be=!1,Ne=!1,We=!0;if(typeof a!="function")throw new er(l);o=ar(o)||0,Vt(d)&&(be=!!d.leading,Ne="maxWait"in d,y=Ne?Jt(ar(d.maxWait)||0,o):y,We="trailing"in d?!!d.trailing:We);function Ye(Yt){var gr=_,ui=T;return _=T=n,Ae=Yt,M=a.apply(ui,gr),M}function et(Yt){return Ae=Yt,z=Ro(dt,o),be?Ye(Yt):M}function ct(Yt){var gr=Yt-Q,ui=Yt-Ae,yE=o-gr;return Ne?un(yE,y-ui):yE}function tt(Yt){var gr=Yt-Q,ui=Yt-Ae;return Q===n||gr>=o||gr<0||Ne&&ui>=y}function dt(){var Yt=dc();if(tt(Yt))return ht(Yt);z=Ro(dt,ct(Yt))}function ht(Yt){return z=n,We&&_?Ye(Yt):(_=T=n,M)}function Fn(){z!==n&&g0(z),Ae=0,_=Q=T=z=n}function gn(){return z===n?M:ht(dc())}function Vn(){var Yt=dc(),gr=tt(Yt);if(_=arguments,T=this,Q=Yt,gr){if(z===n)return et(Q);if(Ne)return g0(z),z=Ro(dt,o),Ye(Q)}return z===n&&(z=Ro(dt,o)),M}return Vn.cancel=Fn,Vn.flush=gn,Vn}var NN=ut(function(a,o){return Jm(a,1,o)}),CN=ut(function(a,o,d){return Jm(a,ar(o)||0,d)});function xN(a){return ai(a,R)}function fc(a,o){if(typeof a!="function"||o!=null&&typeof o!="function")throw new er(l);var d=function(){var _=arguments,T=o?o.apply(this,_):_[0],y=d.cache;if(y.has(T))return y.get(T);var M=a.apply(this,_);return d.cache=y.set(T,M)||y,M};return d.cache=new(fc.Cache||ri),d}fc.Cache=ri;function pc(a){if(typeof a!="function")throw new er(l);return function(){var o=arguments;switch(o.length){case 0:return!a.call(this);case 1:return!a.call(this,o[0]);case 2:return!a.call(this,o[0],o[1]);case 3:return!a.call(this,o[0],o[1],o[2])}return!a.apply(this,o)}}function wN(a){return iE(2,a)}var IN=gO(function(a,o){o=o.length==1&&at(o[0])?Wt(o[0],Wn(Ze())):Wt(sn(o,1),Wn(Ze()));var d=o.length;return ut(function(_){for(var T=-1,y=un(_.length,d);++T<y;)_[T]=o[T].call(this,_[T]);return Hn(a,this,_)})}),yf=ut(function(a,o){var d=Ii(o,ds(yf));return ai(a,B,n,o,d)}),cE=ut(function(a,o){var d=Ii(o,ds(cE));return ai(a,x,n,o,d)}),kN=si(function(a,o){return ai(a,W,n,n,n,o)});function BN(a,o){if(typeof a!="function")throw new er(l);return o=o===n?o:ot(o),ut(a,o)}function PN(a,o){if(typeof a!="function")throw new er(l);return o=o==null?0:Jt(ot(o),0),ut(function(d){var _=d[o],T=Mi(d,0,o);return _&&wi(T,_),Hn(a,this,T)})}function DN(a,o,d){var _=!0,T=!0;if(typeof a!="function")throw new er(l);return Vt(d)&&(_="leading"in d?!!d.leading:_,T="trailing"in d?!!d.trailing:T),lE(a,o,{leading:_,maxWait:o,trailing:T})}function MN(a){return rE(a,1)}function HN(a,o){return yf(df(o),a)}function WN(){if(!arguments.length)return[];var a=arguments[0];return at(a)?a:[a]}function UN(a){return nr(a,L)}function $N(a,o){return o=typeof o=="function"?o:n,nr(a,L,o)}function FN(a){return nr(a,g|L)}function VN(a,o){return o=typeof o=="function"?o:n,nr(a,g|L,o)}function zN(a,o){return o==null||jm(a,o,Zt(o))}function Er(a,o){return a===o||a!==a&&o!==o}var GN=ac(Qd),KN=ac(function(a,o){return a>=o}),_a=n0(function(){return arguments}())?n0:function(a){return zt(a)&&Nt.call(a,"callee")&&!Fm.call(a,"callee")},at=ce.isArray,XN=bm?Wn(bm):tO;function yn(a){return a!=null&&hc(a.length)&&!li(a)}function Xt(a){return zt(a)&&yn(a)}function YN(a){return a===!0||a===!1||zt(a)&&mn(a)==Me}var Hi=lL||Hf,qN=Rm?Wn(Rm):nO;function jN(a){return zt(a)&&a.nodeType===1&&!Lo(a)}function JN(a){if(a==null)return!0;if(yn(a)&&(at(a)||typeof a=="string"||typeof a.splice=="function"||Hi(a)||fs(a)||_a(a)))return!a.length;var o=dn(a);if(o==se||o==pe)return!a.size;if(bo(a))return!tf(a).length;for(var d in a)if(Nt.call(a,d))return!1;return!0}function QN(a,o){return To(a,o)}function ZN(a,o,d){d=typeof d=="function"?d:n;var _=d?d(a,o):n;return _===n?To(a,o,n,d):!!_}function Nf(a){if(!zt(a))return!1;var o=mn(a);return o==Ct||o==At||typeof a.message=="string"&&typeof a.name=="string"&&!Lo(a)}function eC(a){return typeof a=="number"&&zm(a)}function li(a){if(!Vt(a))return!1;var o=mn(a);return o==U||o==X||o==xe||o==ge}function uE(a){return typeof a=="number"&&a==ot(a)}function hc(a){return typeof a=="number"&&a>-1&&a%1==0&&a<=te}function Vt(a){var o=typeof a;return a!=null&&(o=="object"||o=="function")}function zt(a){return a!=null&&typeof a=="object"}var dE=Lm?Wn(Lm):iO;function tC(a,o){return a===o||ef(a,o,gf(o))}function nC(a,o,d){return d=typeof d=="function"?d:n,ef(a,o,gf(o),d)}function rC(a){return fE(a)&&a!=+a}function iC(a){if($O(a))throw new it(s);return r0(a)}function aC(a){return a===null}function sC(a){return a==null}function fE(a){return typeof a=="number"||zt(a)&&mn(a)==Te}function Lo(a){if(!zt(a)||mn(a)!=G)return!1;var o=$l(a);if(o===null)return!0;var d=Nt.call(o,"constructor")&&o.constructor;return typeof d=="function"&&d instanceof d&&Ml.call(d)==nL}var Cf=Om?Wn(Om):aO;function oC(a){return uE(a)&&a>=-te&&a<=te}var pE=ym?Wn(ym):sO;function _c(a){return typeof a=="string"||!at(a)&&zt(a)&&mn(a)==De}function $n(a){return typeof a=="symbol"||zt(a)&&mn(a)==ke}var fs=Nm?Wn(Nm):oO;function lC(a){return a===n}function cC(a){return zt(a)&&dn(a)==he}function uC(a){return zt(a)&&mn(a)==ye}var dC=ac(nf),fC=ac(function(a,o){return a<=o});function hE(a){if(!a)return[];if(yn(a))return _c(a)?_r(a):On(a);if(fo&&a[fo])return zR(a[fo]());var o=dn(a),d=o==se?Vd:o==pe?Bl:ps;return d(a)}function ci(a){if(!a)return a===0?a:0;if(a=ar(a),a===q||a===-q){var o=a<0?-1:1;return o*Ee}return a===a?a:0}function ot(a){var o=ci(a),d=o%1;return o===o?d?o-d:o:0}function _E(a){return a?da(ot(a),0,re):0}function ar(a){if(typeof a=="number")return a;if($n(a))return _e;if(Vt(a)){var o=typeof a.valueOf=="function"?a.valueOf():a;a=Vt(o)?o+"":o}if(typeof a!="string")return a===0?a:+a;a=Bm(a);var d=Xb.test(a);return d||qb.test(a)?yR(a.slice(2),d?2:8):Kb.test(a)?_e:+a}function mE(a){return Pr(a,Nn(a))}function pC(a){return a?da(ot(a),-te,te):a===0?a:0}function bt(a){return a==null?"":Un(a)}var hC=cs(function(a,o){if(bo(o)||yn(o)){Pr(o,Zt(o),a);return}for(var d in o)Nt.call(o,d)&&Eo(a,d,o[d])}),EE=cs(function(a,o){Pr(o,Nn(o),a)}),mc=cs(function(a,o,d,_){Pr(o,Nn(o),a,_)}),_C=cs(function(a,o,d,_){Pr(o,Zt(o),a,_)}),mC=si(qd);function EC(a,o){var d=ls(a);return o==null?d:qm(d,o)}var gC=ut(function(a,o){a=wt(a);var d=-1,_=o.length,T=_>2?o[2]:n;for(T&&En(o[0],o[1],T)&&(_=1);++d<_;)for(var y=o[d],M=Nn(y),z=-1,Q=M.length;++z<Q;){var Ae=M[z],be=a[Ae];(be===n||Er(be,as[Ae])&&!Nt.call(a,Ae))&&(a[Ae]=y[Ae])}return a}),vC=ut(function(a){return a.push(n,B0),Hn(gE,n,a)});function TC(a,o){return xm(a,Ze(o,3),Br)}function SC(a,o){return xm(a,Ze(o,3),Jd)}function AC(a,o){return a==null?a:jd(a,Ze(o,3),Nn)}function bC(a,o){return a==null?a:e0(a,Ze(o,3),Nn)}function RC(a,o){return a&&Br(a,Ze(o,3))}function LC(a,o){return a&&Jd(a,Ze(o,3))}function OC(a){return a==null?[]:Jl(a,Zt(a))}function yC(a){return a==null?[]:Jl(a,Nn(a))}function xf(a,o,d){var _=a==null?n:fa(a,o);return _===n?d:_}function NC(a,o){return a!=null&&M0(a,o,JL)}function wf(a,o){return a!=null&&M0(a,o,QL)}var CC=C0(function(a,o,d){o!=null&&typeof o.toString!="function"&&(o=Hl.call(o)),a[o]=d},kf(Cn)),xC=C0(function(a,o,d){o!=null&&typeof o.toString!="function"&&(o=Hl.call(o)),Nt.call(a,o)?a[o].push(d):a[o]=[d]},Ze),wC=ut(vo);function Zt(a){return yn(a)?Xm(a):tf(a)}function Nn(a){return yn(a)?Xm(a,!0):lO(a)}function IC(a,o){var d={};return o=Ze(o,3),Br(a,function(_,T,y){ii(d,o(_,T,y),_)}),d}function kC(a,o){var d={};return o=Ze(o,3),Br(a,function(_,T,y){ii(d,T,o(_,T,y))}),d}var BC=cs(function(a,o,d){Ql(a,o,d)}),gE=cs(function(a,o,d,_){Ql(a,o,d,_)}),PC=si(function(a,o){var d={};if(a==null)return d;var _=!1;o=Wt(o,function(y){return y=Di(y,a),_||(_=y.length>1),y}),Pr(a,mf(a),d),_&&(d=nr(d,g|S|L,CO));for(var T=o.length;T--;)lf(d,o[T]);return d});function DC(a,o){return vE(a,pc(Ze(o)))}var MC=si(function(a,o){return a==null?{}:uO(a,o)});function vE(a,o){if(a==null)return{};var d=Wt(mf(a),function(_){return[_]});return o=Ze(o),u0(a,d,function(_,T){return o(_,T[0])})}function HC(a,o,d){o=Di(o,a);var _=-1,T=o.length;for(T||(T=1,a=n);++_<T;){var y=a==null?n:a[Dr(o[_])];y===n&&(_=T,y=d),a=li(y)?y.call(a):y}return a}function WC(a,o,d){return a==null?a:So(a,o,d)}function UC(a,o,d,_){return _=typeof _=="function"?_:n,a==null?a:So(a,o,d,_)}var TE=I0(Zt),SE=I0(Nn);function $C(a,o,d){var _=at(a),T=_||Hi(a)||fs(a);if(o=Ze(o,4),d==null){var y=a&&a.constructor;T?d=_?new y:[]:Vt(a)?d=li(y)?ls($l(a)):{}:d={}}return(T?Zn:Br)(a,function(M,z,Q){return o(d,M,z,Q)}),d}function FC(a,o){return a==null?!0:lf(a,o)}function VC(a,o,d){return a==null?a:_0(a,o,df(d))}function zC(a,o,d,_){return _=typeof _=="function"?_:n,a==null?a:_0(a,o,df(d),_)}function ps(a){return a==null?[]:Fd(a,Zt(a))}function GC(a){return a==null?[]:Fd(a,Nn(a))}function KC(a,o,d){return d===n&&(d=o,o=n),d!==n&&(d=ar(d),d=d===d?d:0),o!==n&&(o=ar(o),o=o===o?o:0),da(ar(a),o,d)}function XC(a,o,d){return o=ci(o),d===n?(d=o,o=0):d=ci(d),a=ar(a),ZL(a,o,d)}function YC(a,o,d){if(d&&typeof d!="boolean"&&En(a,o,d)&&(o=d=n),d===n&&(typeof o=="boolean"?(d=o,o=n):typeof a=="boolean"&&(d=a,a=n)),a===n&&o===n?(a=0,o=1):(a=ci(a),o===n?(o=a,a=0):o=ci(o)),a>o){var _=a;a=o,o=_}if(d||a%1||o%1){var T=Gm();return un(a+T*(o-a+OR("1e-"+((T+"").length-1))),o)}return af(a,o)}var qC=us(function(a,o,d){return o=o.toLowerCase(),a+(d?AE(o):o)});function AE(a){return If(bt(a).toLowerCase())}function bE(a){return a=bt(a),a&&a.replace(Jb,WR).replace(mR,"")}function jC(a,o,d){a=bt(a),o=Un(o);var _=a.length;d=d===n?_:da(ot(d),0,_);var T=d;return d-=o.length,d>=0&&a.slice(d,T)==o}function JC(a){return a=bt(a),a&&ei.test(a)?a.replace(Ci,UR):a}function QC(a){return a=bt(a),a&&Mb.test(a)?a.replace(Od,"\\$&"):a}var ZC=us(function(a,o,d){return a+(d?"-":"")+o.toLowerCase()}),ex=us(function(a,o,d){return a+(d?" ":"")+o.toLowerCase()}),tx=O0("toLowerCase");function nx(a,o,d){a=bt(a),o=ot(o);var _=o?rs(a):0;if(!o||_>=o)return a;var T=(o-_)/2;return ic(Gl(T),d)+a+ic(zl(T),d)}function rx(a,o,d){a=bt(a),o=ot(o);var _=o?rs(a):0;return o&&_<o?a+ic(o-_,d):a}function ix(a,o,d){a=bt(a),o=ot(o);var _=o?rs(a):0;return o&&_<o?ic(o-_,d)+a:a}function ax(a,o,d){return d||o==null?o=0:o&&(o=+o),fL(bt(a).replace(yd,""),o||0)}function sx(a,o,d){return(d?En(a,o,d):o===n)?o=1:o=ot(o),sf(bt(a),o)}function ox(){var a=arguments,o=bt(a[0]);return a.length<3?o:o.replace(a[1],a[2])}var lx=us(function(a,o,d){return a+(d?"_":"")+o.toLowerCase()});function cx(a,o,d){return d&&typeof d!="number"&&En(a,o,d)&&(o=d=n),d=d===n?re:d>>>0,d?(a=bt(a),a&&(typeof o=="string"||o!=null&&!Cf(o))&&(o=Un(o),!o&&ns(a))?Mi(_r(a),0,d):a.split(o,d)):[]}var ux=us(function(a,o,d){return a+(d?" ":"")+If(o)});function dx(a,o,d){return a=bt(a),d=d==null?0:da(ot(d),0,a.length),o=Un(o),a.slice(d,d+o.length)==o}function fx(a,o,d){var _=O.templateSettings;d&&En(a,o,d)&&(o=n),a=bt(a),o=mc({},o,_,k0);var T=mc({},o.imports,_.imports,k0),y=Zt(T),M=Fd(T,y),z,Q,Ae=0,be=o.interpolate||Cl,Ne="__p += '",We=zd((o.escape||Cl).source+"|"+be.source+"|"+(be===Za?Gb:Cl).source+"|"+(o.evaluate||Cl).source+"|$","g"),Ye="//# sourceURL="+(Nt.call(o,"sourceURL")?(o.sourceURL+"").replace(/\s/g," "):"lodash.templateSources["+ ++SR+"]")+`
`;a.replace(We,function(tt,dt,ht,Fn,gn,Vn){return ht||(ht=Fn),Ne+=a.slice(Ae,Vn).replace(Qb,$R),dt&&(z=!0,Ne+=`' +
__e(`+dt+`) +
'`),gn&&(Q=!0,Ne+=`';
`+gn+`;
__p += '`),ht&&(Ne+=`' +
((__t = (`+ht+`)) == null ? '' : __t) +
'`),Ae=Vn+tt.length,tt}),Ne+=`';
`;var et=Nt.call(o,"variable")&&o.variable;if(!et)Ne=`with (obj) {
`+Ne+`
}
`;else if(Vb.test(et))throw new it(c);Ne=(Q?Ne.replace($e,""):Ne).replace(Et,"$1").replace(xt,"$1;"),Ne="function("+(et||"obj")+`) {
`+(et?"":`obj || (obj = {});
`)+"var __t, __p = ''"+(z?", __e = _.escape":"")+(Q?`, __j = Array.prototype.join;
function print() { __p += __j.call(arguments, '') }
`:`;
`)+Ne+`return __p
}`;var ct=LE(function(){return Tt(y,Ye+"return "+Ne).apply(n,M)});if(ct.source=Ne,Nf(ct))throw ct;return ct}function px(a){return bt(a).toLowerCase()}function hx(a){return bt(a).toUpperCase()}function _x(a,o,d){if(a=bt(a),a&&(d||o===n))return Bm(a);if(!a||!(o=Un(o)))return a;var _=_r(a),T=_r(o),y=Pm(_,T),M=Dm(_,T)+1;return Mi(_,y,M).join("")}function mx(a,o,d){if(a=bt(a),a&&(d||o===n))return a.slice(0,Hm(a)+1);if(!a||!(o=Un(o)))return a;var _=_r(a),T=Dm(_,_r(o))+1;return Mi(_,0,T).join("")}function Ex(a,o,d){if(a=bt(a),a&&(d||o===n))return a.replace(yd,"");if(!a||!(o=Un(o)))return a;var _=_r(a),T=Pm(_,_r(o));return Mi(_,T).join("")}function gx(a,o){var d=le,_=$;if(Vt(o)){var T="separator"in o?o.separator:T;d="length"in o?ot(o.length):d,_="omission"in o?Un(o.omission):_}a=bt(a);var y=a.length;if(ns(a)){var M=_r(a);y=M.length}if(d>=y)return a;var z=d-rs(_);if(z<1)return _;var Q=M?Mi(M,0,z).join(""):a.slice(0,z);if(T===n)return Q+_;if(M&&(z+=Q.length-z),Cf(T)){if(a.slice(z).search(T)){var Ae,be=Q;for(T.global||(T=zd(T.source,bt(nm.exec(T))+"g")),T.lastIndex=0;Ae=T.exec(be);)var Ne=Ae.index;Q=Q.slice(0,Ne===n?z:Ne)}}else if(a.indexOf(Un(T),z)!=z){var We=Q.lastIndexOf(T);We>-1&&(Q=Q.slice(0,We))}return Q+_}function vx(a){return a=bt(a),a&&rn.test(a)?a.replace(cn,YR):a}var Tx=us(function(a,o,d){return a+(d?" ":"")+o.toUpperCase()}),If=O0("toUpperCase");function RE(a,o,d){return a=bt(a),o=d?n:o,o===n?VR(a)?JR(a):BR(a):a.match(o)||[]}var LE=ut(function(a,o){try{return Hn(a,n,o)}catch(d){return Nf(d)?d:new it(d)}}),Sx=si(function(a,o){return Zn(o,function(d){d=Dr(d),ii(a,d,Of(a[d],a))}),a});function Ax(a){var o=a==null?0:a.length,d=Ze();return a=o?Wt(a,function(_){if(typeof _[1]!="function")throw new er(l);return[d(_[0]),_[1]]}):[],ut(function(_){for(var T=-1;++T<o;){var y=a[T];if(Hn(y[0],this,_))return Hn(y[1],this,_)}})}function bx(a){return YL(nr(a,g))}function kf(a){return function(){return a}}function Rx(a,o){return a==null||a!==a?o:a}var Lx=N0(),Ox=N0(!0);function Cn(a){return a}function Bf(a){return i0(typeof a=="function"?a:nr(a,g))}function yx(a){return s0(nr(a,g))}function Nx(a,o){return o0(a,nr(o,g))}var Cx=ut(function(a,o){return function(d){return vo(d,a,o)}}),xx=ut(function(a,o){return function(d){return vo(a,d,o)}});function Pf(a,o,d){var _=Zt(o),T=Jl(o,_);d==null&&!(Vt(o)&&(T.length||!_.length))&&(d=o,o=a,a=this,T=Jl(o,Zt(o)));var y=!(Vt(d)&&"chain"in d)||!!d.chain,M=li(a);return Zn(T,function(z){var Q=o[z];a[z]=Q,M&&(a.prototype[z]=function(){var Ae=this.__chain__;if(y||Ae){var be=a(this.__wrapped__),Ne=be.__actions__=On(this.__actions__);return Ne.push({func:Q,args:arguments,thisArg:a}),be.__chain__=Ae,be}return Q.apply(a,wi([this.value()],arguments))})}),a}function wx(){return an._===this&&(an._=rL),this}function Df(){}function Ix(a){return a=ot(a),ut(function(o){return l0(o,a)})}var kx=pf(Wt),Bx=pf(Cm),Px=pf(Md);function OE(a){return Tf(a)?Hd(Dr(a)):dO(a)}function Dx(a){return function(o){return a==null?n:fa(a,o)}}var Mx=x0(),Hx=x0(!0);function Mf(){return[]}function Hf(){return!1}function Wx(){return{}}function Ux(){return""}function $x(){return!0}function Fx(a,o){if(a=ot(a),a<1||a>te)return[];var d=re,_=un(a,re);o=Ze(o),a-=re;for(var T=$d(_,o);++d<a;)o(d);return T}function Vx(a){return at(a)?Wt(a,Dr):$n(a)?[a]:On(K0(bt(a)))}function zx(a){var o=++tL;return bt(a)+o}var Gx=rc(function(a,o){return a+o},0),Kx=hf("ceil"),Xx=rc(function(a,o){return a/o},1),Yx=hf("floor");function qx(a){return a&&a.length?jl(a,Cn,Qd):n}function jx(a,o){return a&&a.length?jl(a,Ze(o,2),Qd):n}function Jx(a){return Im(a,Cn)}function Qx(a,o){return Im(a,Ze(o,2))}function Zx(a){return a&&a.length?jl(a,Cn,nf):n}function ew(a,o){return a&&a.length?jl(a,Ze(o,2),nf):n}var tw=rc(function(a,o){return a*o},1),nw=hf("round"),rw=rc(function(a,o){return a-o},0);function iw(a){return a&&a.length?Ud(a,Cn):0}function aw(a,o){return a&&a.length?Ud(a,Ze(o,2)):0}return O.after=yN,O.ary=rE,O.assign=hC,O.assignIn=EE,O.assignInWith=mc,O.assignWith=_C,O.at=mC,O.before=iE,O.bind=Of,O.bindAll=Sx,O.bindKey=aE,O.castArray=WN,O.chain=eE,O.chunk=YO,O.compact=qO,O.concat=jO,O.cond=Ax,O.conforms=bx,O.constant=kf,O.countBy=iN,O.create=EC,O.curry=sE,O.curryRight=oE,O.debounce=lE,O.defaults=gC,O.defaultsDeep=vC,O.defer=NN,O.delay=CN,O.difference=JO,O.differenceBy=QO,O.differenceWith=ZO,O.drop=ey,O.dropRight=ty,O.dropRightWhile=ny,O.dropWhile=ry,O.fill=iy,O.filter=sN,O.flatMap=cN,O.flatMapDeep=uN,O.flatMapDepth=dN,O.flatten=j0,O.flattenDeep=ay,O.flattenDepth=sy,O.flip=xN,O.flow=Lx,O.flowRight=Ox,O.fromPairs=oy,O.functions=OC,O.functionsIn=yC,O.groupBy=fN,O.initial=cy,O.intersection=uy,O.intersectionBy=dy,O.intersectionWith=fy,O.invert=CC,O.invertBy=xC,O.invokeMap=hN,O.iteratee=Bf,O.keyBy=_N,O.keys=Zt,O.keysIn=Nn,O.map=uc,O.mapKeys=IC,O.mapValues=kC,O.matches=yx,O.matchesProperty=Nx,O.memoize=fc,O.merge=BC,O.mergeWith=gE,O.method=Cx,O.methodOf=xx,O.mixin=Pf,O.negate=pc,O.nthArg=Ix,O.omit=PC,O.omitBy=DC,O.once=wN,O.orderBy=mN,O.over=kx,O.overArgs=IN,O.overEvery=Bx,O.overSome=Px,O.partial=yf,O.partialRight=cE,O.partition=EN,O.pick=MC,O.pickBy=vE,O.property=OE,O.propertyOf=Dx,O.pull=my,O.pullAll=Q0,O.pullAllBy=Ey,O.pullAllWith=gy,O.pullAt=vy,O.range=Mx,O.rangeRight=Hx,O.rearg=kN,O.reject=TN,O.remove=Ty,O.rest=BN,O.reverse=Rf,O.sampleSize=AN,O.set=WC,O.setWith=UC,O.shuffle=bN,O.slice=Sy,O.sortBy=ON,O.sortedUniq=Ny,O.sortedUniqBy=Cy,O.split=cx,O.spread=PN,O.tail=xy,O.take=wy,O.takeRight=Iy,O.takeRightWhile=ky,O.takeWhile=By,O.tap=qy,O.throttle=DN,O.thru=cc,O.toArray=hE,O.toPairs=TE,O.toPairsIn=SE,O.toPath=Vx,O.toPlainObject=mE,O.transform=$C,O.unary=MN,O.union=Py,O.unionBy=Dy,O.unionWith=My,O.uniq=Hy,O.uniqBy=Wy,O.uniqWith=Uy,O.unset=FC,O.unzip=Lf,O.unzipWith=Z0,O.update=VC,O.updateWith=zC,O.values=ps,O.valuesIn=GC,O.without=$y,O.words=RE,O.wrap=HN,O.xor=Fy,O.xorBy=Vy,O.xorWith=zy,O.zip=Gy,O.zipObject=Ky,O.zipObjectDeep=Xy,O.zipWith=Yy,O.entries=TE,O.entriesIn=SE,O.extend=EE,O.extendWith=mc,Pf(O,O),O.add=Gx,O.attempt=LE,O.camelCase=qC,O.capitalize=AE,O.ceil=Kx,O.clamp=KC,O.clone=UN,O.cloneDeep=FN,O.cloneDeepWith=VN,O.cloneWith=$N,O.conformsTo=zN,O.deburr=bE,O.defaultTo=Rx,O.divide=Xx,O.endsWith=jC,O.eq=Er,O.escape=JC,O.escapeRegExp=QC,O.every=aN,O.find=oN,O.findIndex=Y0,O.findKey=TC,O.findLast=lN,O.findLastIndex=q0,O.findLastKey=SC,O.floor=Yx,O.forEach=tE,O.forEachRight=nE,O.forIn=AC,O.forInRight=bC,O.forOwn=RC,O.forOwnRight=LC,O.get=xf,O.gt=GN,O.gte=KN,O.has=NC,O.hasIn=wf,O.head=J0,O.identity=Cn,O.includes=pN,O.indexOf=ly,O.inRange=XC,O.invoke=wC,O.isArguments=_a,O.isArray=at,O.isArrayBuffer=XN,O.isArrayLike=yn,O.isArrayLikeObject=Xt,O.isBoolean=YN,O.isBuffer=Hi,O.isDate=qN,O.isElement=jN,O.isEmpty=JN,O.isEqual=QN,O.isEqualWith=ZN,O.isError=Nf,O.isFinite=eC,O.isFunction=li,O.isInteger=uE,O.isLength=hc,O.isMap=dE,O.isMatch=tC,O.isMatchWith=nC,O.isNaN=rC,O.isNative=iC,O.isNil=sC,O.isNull=aC,O.isNumber=fE,O.isObject=Vt,O.isObjectLike=zt,O.isPlainObject=Lo,O.isRegExp=Cf,O.isSafeInteger=oC,O.isSet=pE,O.isString=_c,O.isSymbol=$n,O.isTypedArray=fs,O.isUndefined=lC,O.isWeakMap=cC,O.isWeakSet=uC,O.join=py,O.kebabCase=ZC,O.last=ir,O.lastIndexOf=hy,O.lowerCase=ex,O.lowerFirst=tx,O.lt=dC,O.lte=fC,O.max=qx,O.maxBy=jx,O.mean=Jx,O.meanBy=Qx,O.min=Zx,O.minBy=ew,O.stubArray=Mf,O.stubFalse=Hf,O.stubObject=Wx,O.stubString=Ux,O.stubTrue=$x,O.multiply=tw,O.nth=_y,O.noConflict=wx,O.noop=Df,O.now=dc,O.pad=nx,O.padEnd=rx,O.padStart=ix,O.parseInt=ax,O.random=YC,O.reduce=gN,O.reduceRight=vN,O.repeat=sx,O.replace=ox,O.result=HC,O.round=nw,O.runInContext=J,O.sample=SN,O.size=RN,O.snakeCase=lx,O.some=LN,O.sortedIndex=Ay,O.sortedIndexBy=by,O.sortedIndexOf=Ry,O.sortedLastIndex=Ly,O.sortedLastIndexBy=Oy,O.sortedLastIndexOf=yy,O.startCase=ux,O.startsWith=dx,O.subtract=rw,O.sum=iw,O.sumBy=aw,O.template=fx,O.times=Fx,O.toFinite=ci,O.toInteger=ot,O.toLength=_E,O.toLower=px,O.toNumber=ar,O.toSafeInteger=pC,O.toString=bt,O.toUpper=hx,O.trim=_x,O.trimEnd=mx,O.trimStart=Ex,O.truncate=gx,O.unescape=vx,O.uniqueId=zx,O.upperCase=Tx,O.upperFirst=If,O.each=tE,O.eachRight=nE,O.first=J0,Pf(O,function(){var a={};return Br(O,function(o,d){Nt.call(O.prototype,d)||(a[d]=o)}),a}(),{chain:!1}),O.VERSION=r,Zn(["bind","bindKey","curry","curryRight","partial","partialRight"],function(a){O[a].placeholder=O}),Zn(["drop","take"],function(a,o){pt.prototype[a]=function(d){d=d===n?1:Jt(ot(d),0);var _=this.__filtered__&&!o?new pt(this):this.clone();return _.__filtered__?_.__takeCount__=un(d,_.__takeCount__):_.__views__.push({size:un(d,re),type:a+(_.__dir__<0?"Right":"")}),_},pt.prototype[a+"Right"]=function(d){return this.reverse()[a](d).reverse()}}),Zn(["filter","map","takeWhile"],function(a,o){var d=o+1,_=d==K||d==I;pt.prototype[a]=function(T){var y=this.clone();return y.__iteratees__.push({iteratee:Ze(T,3),type:d}),y.__filtered__=y.__filtered__||_,y}}),Zn(["head","last"],function(a,o){var d="take"+(o?"Right":"");pt.prototype[a]=function(){return this[d](1).value()[0]}}),Zn(["initial","tail"],function(a,o){var d="drop"+(o?"":"Right");pt.prototype[a]=function(){return this.__filtered__?new pt(this):this[d](1)}}),pt.prototype.compact=function(){return this.filter(Cn)},pt.prototype.find=function(a){return this.filter(a).head()},pt.prototype.findLast=function(a){return this.reverse().find(a)},pt.prototype.invokeMap=ut(function(a,o){return typeof a=="function"?new pt(this):this.map(function(d){return vo(d,a,o)})}),pt.prototype.reject=function(a){return this.filter(pc(Ze(a)))},pt.prototype.slice=function(a,o){a=ot(a);var d=this;return d.__filtered__&&(a>0||o<0)?new pt(d):(a<0?d=d.takeRight(-a):a&&(d=d.drop(a)),o!==n&&(o=ot(o),d=o<0?d.dropRight(-o):d.take(o-a)),d)},pt.prototype.takeRightWhile=function(a){return this.reverse().takeWhile(a).reverse()},pt.prototype.toArray=function(){return this.take(re)},Br(pt.prototype,function(a,o){var d=/^(?:filter|find|map|reject)|While$/.test(o),_=/^(?:head|last)$/.test(o),T=O[_?"take"+(o=="last"?"Right":""):o],y=_||/^find/.test(o);T&&(O.prototype[o]=function(){var M=this.__wrapped__,z=_?[1]:arguments,Q=M instanceof pt,Ae=z[0],be=Q||at(M),Ne=function(dt){var ht=T.apply(O,wi([dt],z));return _&&We?ht[0]:ht};be&&d&&typeof Ae=="function"&&Ae.length!=1&&(Q=be=!1);var We=this.__chain__,Ye=!!this.__actions__.length,et=y&&!We,ct=Q&&!Ye;if(!y&&be){M=ct?M:new pt(this);var tt=a.apply(M,z);return tt.__actions__.push({func:cc,args:[Ne],thisArg:n}),new tr(tt,We)}return et&&ct?a.apply(this,z):(tt=this.thru(Ne),et?_?tt.value()[0]:tt.value():tt)})}),Zn(["pop","push","shift","sort","splice","unshift"],function(a){var o=Pl[a],d=/^(?:push|sort|unshift)$/.test(a)?"tap":"thru",_=/^(?:pop|shift)$/.test(a);O.prototype[a]=function(){var T=arguments;if(_&&!this.__chain__){var y=this.value();return o.apply(at(y)?y:[],T)}return this[d](function(M){return o.apply(at(M)?M:[],T)})}}),Br(pt.prototype,function(a,o){var d=O[o];if(d){var _=d.name+"";Nt.call(os,_)||(os[_]=[]),os[_].push({name:o,func:d})}}),os[nc(n,b).name]=[{name:"wrapper",func:n}],pt.prototype.clone=vL,pt.prototype.reverse=TL,pt.prototype.value=SL,O.prototype.at=jy,O.prototype.chain=Jy,O.prototype.commit=Qy,O.prototype.next=Zy,O.prototype.plant=tN,O.prototype.reverse=nN,O.prototype.toJSON=O.prototype.valueOf=O.prototype.value=rN,O.prototype.first=O.prototype.head,fo&&(O.prototype[fo]=eN),O},is=QR();oa?((oa.exports=is)._=is,kd._=is):an._=is}).call(Ss)})(Lu,Lu.exports);var OM=Lu.exports;const j=hd(OM),yM={name:"splitpanes",emits:["ready","resize","resized","pane-click","pane-maximize","pane-add","pane-remove","splitter-click"],props:{horizontal:{type:Boolean},pushOtherPanes:{type:Boolean,default:!0},dblClickSplitter:{type:Boolean,default:!0},rtl:{type:Boolean,default:!1},firstSplitter:{type:Boolean}},provide(){return{requestUpdate:this.requestUpdate,onPaneAdd:this.onPaneAdd,onPaneRemove:this.onPaneRemove,onPaneClick:this.onPaneClick}},data:()=>({container:null,ready:!1,panes:[],touch:{mouseDown:!1,dragging:!1,activeSplitter:null},splitterTaps:{splitter:null,timeoutId:null}}),computed:{panesCount(){return this.panes.length},indexedPanes(){return this.panes.reduce((e,t)=>(e[t.id]=t)&&e,{})}},methods:{updatePaneComponents(){this.panes.forEach(e=>{e.update&&e.update({[this.horizontal?"height":"width"]:`${this.indexedPanes[e.id].size}%`})})},bindEvents(){document.addEventListener("mousemove",this.onMouseMove,{passive:!1}),document.addEventListener("mouseup",this.onMouseUp),"ontouchstart"in window&&(document.addEventListener("touchmove",this.onMouseMove,{passive:!1}),document.addEventListener("touchend",this.onMouseUp))},unbindEvents(){document.removeEventListener("mousemove",this.onMouseMove,{passive:!1}),document.removeEventListener("mouseup",this.onMouseUp),"ontouchstart"in window&&(document.removeEventListener("touchmove",this.onMouseMove,{passive:!1}),document.removeEventListener("touchend",this.onMouseUp))},onMouseDown(e,t){this.bindEvents(),this.touch.mouseDown=!0,this.touch.activeSplitter=t},onMouseMove(e){this.touch.mouseDown&&(e.preventDefault(),this.touch.dragging=!0,this.calculatePanesSize(this.getCurrentMouseDrag(e)),this.$emit("resize",this.panes.map(t=>({min:t.min,max:t.max,size:t.size}))))},onMouseUp(){this.touch.dragging&&this.$emit("resized",this.panes.map(e=>({min:e.min,max:e.max,size:e.size}))),this.touch.mouseDown=!1,setTimeout(()=>{this.touch.dragging=!1,this.unbindEvents()},100)},onSplitterClick(e,t){"ontouchstart"in window&&(e.preventDefault(),this.dblClickSplitter&&(this.splitterTaps.splitter===t?(clearTimeout(this.splitterTaps.timeoutId),this.splitterTaps.timeoutId=null,this.onSplitterDblClick(e,t),this.splitterTaps.splitter=null):(this.splitterTaps.splitter=t,this.splitterTaps.timeoutId=setTimeout(()=>{this.splitterTaps.splitter=null},500)))),this.touch.dragging||this.$emit("splitter-click",this.panes[t])},onSplitterDblClick(e,t){let n=0;this.panes=this.panes.map((r,i)=>(r.size=i===t?r.max:r.min,i!==t&&(n+=r.min),r)),this.panes[t].size-=n,this.$emit("pane-maximize",this.panes[t]),this.$emit("resized",this.panes.map(r=>({min:r.min,max:r.max,size:r.size})))},onPaneClick(e,t){this.$emit("pane-click",this.indexedPanes[t])},getCurrentMouseDrag(e){const t=this.container.getBoundingClientRect(),{clientX:n,clientY:r}="ontouchstart"in window&&e.touches?e.touches[0]:e;return{x:n-t.left,y:r-t.top}},getCurrentDragPercentage(e){e=e[this.horizontal?"y":"x"];const t=this.container[this.horizontal?"clientHeight":"clientWidth"];return this.rtl&&!this.horizontal&&(e=t-e),e*100/t},calculatePanesSize(e){const t=this.touch.activeSplitter;let n={prevPanesSize:this.sumPrevPanesSize(t),nextPanesSize:this.sumNextPanesSize(t),prevReachedMinPanes:0,nextReachedMinPanes:0};const r=0+(this.pushOtherPanes?0:n.prevPanesSize),i=100-(this.pushOtherPanes?0:n.nextPanesSize),s=Math.max(Math.min(this.getCurrentDragPercentage(e),i),r);let l=[t,t+1],c=this.panes[l[0]]||null,u=this.panes[l[1]]||null;const p=c.max<100&&s>=c.max+n.prevPanesSize,f=u.max<100&&s<=100-(u.max+this.sumNextPanesSize(t+1));if(p||f){p?(c.size=c.max,u.size=Math.max(100-c.max-n.prevPanesSize-n.nextPanesSize,0)):(c.size=Math.max(100-u.max-n.prevPanesSize-this.sumNextPanesSize(t+1),0),u.size=u.max);return}if(this.pushOtherPanes){const g=this.doPushOtherPanes(n,s);if(!g)return;({sums:n,panesToResize:l}=g),c=this.panes[l[0]]||null,u=this.panes[l[1]]||null}c!==null&&(c.size=Math.min(Math.max(s-n.prevPanesSize-n.prevReachedMinPanes,c.min),c.max)),u!==null&&(u.size=Math.min(Math.max(100-s-n.nextPanesSize-n.nextReachedMinPanes,u.min),u.max))},doPushOtherPanes(e,t){const n=this.touch.activeSplitter,r=[n,n+1];return t<e.prevPanesSize+this.panes[r[0]].min&&(r[0]=this.findPrevExpandedPane(n).index,e.prevReachedMinPanes=0,r[0]<n&&this.panes.forEach((i,s)=>{s>r[0]&&s<=n&&(i.size=i.min,e.prevReachedMinPanes+=i.min)}),e.prevPanesSize=this.sumPrevPanesSize(r[0]),r[0]===void 0)?(e.prevReachedMinPanes=0,this.panes[0].size=this.panes[0].min,this.panes.forEach((i,s)=>{s>0&&s<=n&&(i.size=i.min,e.prevReachedMinPanes+=i.min)}),this.panes[r[1]].size=100-e.prevReachedMinPanes-this.panes[0].min-e.prevPanesSize-e.nextPanesSize,null):t>100-e.nextPanesSize-this.panes[r[1]].min&&(r[1]=this.findNextExpandedPane(n).index,e.nextReachedMinPanes=0,r[1]>n+1&&this.panes.forEach((i,s)=>{s>n&&s<r[1]&&(i.size=i.min,e.nextReachedMinPanes+=i.min)}),e.nextPanesSize=this.sumNextPanesSize(r[1]-1),r[1]===void 0)?(e.nextReachedMinPanes=0,this.panes[this.panesCount-1].size=this.panes[this.panesCount-1].min,this.panes.forEach((i,s)=>{s<this.panesCount-1&&s>=n+1&&(i.size=i.min,e.nextReachedMinPanes+=i.min)}),this.panes[r[0]].size=100-e.prevPanesSize-e.nextReachedMinPanes-this.panes[this.panesCount-1].min-e.nextPanesSize,null):{sums:e,panesToResize:r}},sumPrevPanesSize(e){return this.panes.reduce((t,n,r)=>t+(r<e?n.size:0),0)},sumNextPanesSize(e){return this.panes.reduce((t,n,r)=>t+(r>e+1?n.size:0),0)},findPrevExpandedPane(e){return[...this.panes].reverse().find(t=>t.index<e&&t.size>t.min)||{}},findNextExpandedPane(e){return this.panes.find(t=>t.index>e+1&&t.size>t.min)||{}},checkSplitpanesNodes(){Array.from(this.container.children).forEach(e=>{const t=e.classList.contains("splitpanes__pane"),n=e.classList.contains("splitpanes__splitter");!t&&!n&&(e.parentNode.removeChild(e),console.warn("Splitpanes: Only <pane> elements are allowed at the root of <splitpanes>. One of your DOM nodes was removed."))})},addSplitter(e,t,n=!1){const r=e-1,i=document.createElement("div");i.classList.add("splitpanes__splitter"),n||(i.onmousedown=s=>this.onMouseDown(s,r),typeof window<"u"&&"ontouchstart"in window&&(i.ontouchstart=s=>this.onMouseDown(s,r)),i.onclick=s=>this.onSplitterClick(s,r+1)),this.dblClickSplitter&&(i.ondblclick=s=>this.onSplitterDblClick(s,r+1)),t.parentNode.insertBefore(i,t)},removeSplitter(e){e.onmousedown=void 0,e.onclick=void 0,e.ondblclick=void 0,e.parentNode.removeChild(e)},redoSplitters(){const e=Array.from(this.container.children);e.forEach(n=>{n.className.includes("splitpanes__splitter")&&this.removeSplitter(n)});let t=0;e.forEach(n=>{n.className.includes("splitpanes__pane")&&(!t&&this.firstSplitter?this.addSplitter(t,n,!0):t&&this.addSplitter(t,n),t++)})},requestUpdate({target:e,...t}){const n=this.indexedPanes[e._.uid];Object.entries(t).forEach(([r,i])=>n[r]=i)},onPaneAdd(e){let t=-1;Array.from(e.$el.parentNode.children).some(i=>(i.className.includes("splitpanes__pane")&&t++,i===e.$el));const n=parseFloat(e.minSize),r=parseFloat(e.maxSize);this.panes.splice(t,0,{id:e._.uid,index:t,min:isNaN(n)?0:n,max:isNaN(r)?100:r,size:e.size===null?null:parseFloat(e.size),givenSize:e.size,update:e.update}),this.panes.forEach((i,s)=>i.index=s),this.ready&&this.$nextTick(()=>{this.redoSplitters(),this.resetPaneSizes({addedPane:this.panes[t]}),this.$emit("pane-add",{index:t,panes:this.panes.map(i=>({min:i.min,max:i.max,size:i.size}))})})},onPaneRemove(e){const t=this.panes.findIndex(r=>r.id===e._.uid),n=this.panes.splice(t,1)[0];this.panes.forEach((r,i)=>r.index=i),this.$nextTick(()=>{this.redoSplitters(),this.resetPaneSizes({removedPane:{...n,index:t}}),this.$emit("pane-remove",{removed:n,panes:this.panes.map(r=>({min:r.min,max:r.max,size:r.size}))})})},resetPaneSizes(e={}){!e.addedPane&&!e.removedPane?this.initialPanesSizing():this.panes.some(t=>t.givenSize!==null||t.min||t.max<100)?this.equalizeAfterAddOrRemove(e):this.equalize(),this.ready&&this.$emit("resized",this.panes.map(t=>({min:t.min,max:t.max,size:t.size})))},equalize(){const e=100/this.panesCount;let t=0;const n=[],r=[];this.panes.forEach(i=>{i.size=Math.max(Math.min(e,i.max),i.min),t-=i.size,i.size>=i.max&&n.push(i.id),i.size<=i.min&&r.push(i.id)}),t>.1&&this.readjustSizes(t,n,r)},initialPanesSizing(){let e=100;const t=[],n=[];let r=0;this.panes.forEach(s=>{e-=s.size,s.size!==null&&r++,s.size>=s.max&&t.push(s.id),s.size<=s.min&&n.push(s.id)});let i=100;e>.1&&(this.panes.forEach(s=>{s.size===null&&(s.size=Math.max(Math.min(e/(this.panesCount-r),s.max),s.min)),i-=s.size}),i>.1&&this.readjustSizes(e,t,n))},equalizeAfterAddOrRemove({addedPane:e,removedPane:t}={}){let n=100/this.panesCount,r=0;const i=[],s=[];e&&e.givenSize!==null&&(n=(100-e.givenSize)/(this.panesCount-1)),this.panes.forEach(l=>{r-=l.size,l.size>=l.max&&i.push(l.id),l.size<=l.min&&s.push(l.id)}),!(Math.abs(r)<.1)&&(this.panes.forEach(l=>{e&&e.givenSize!==null&&e.id===l.id||(l.size=Math.max(Math.min(n,l.max),l.min)),r-=l.size,l.size>=l.max&&i.push(l.id),l.size<=l.min&&s.push(l.id)}),r>.1&&this.readjustSizes(r,i,s))},readjustSizes(e,t,n){let r;e>0?r=e/(this.panesCount-t.length):r=e/(this.panesCount-n.length),this.panes.forEach((i,s)=>{if(e>0&&!t.includes(i.id)){const l=Math.max(Math.min(i.size+r,i.max),i.min),c=l-i.size;e-=c,i.size=l}else if(!n.includes(i.id)){const l=Math.max(Math.min(i.size+r,i.max),i.min),c=l-i.size;e-=c,i.size=l}i.update({[this.horizontal?"height":"width"]:`${this.indexedPanes[i.id].size}%`})}),Math.abs(e)>.1&&this.$nextTick(()=>{this.ready&&console.warn("Splitpanes: Could not resize panes correctly due to their constraints.")})}},watch:{panes:{deep:!0,immediate:!1,handler(){this.updatePaneComponents()}},horizontal(){this.updatePaneComponents()},firstSplitter(){this.redoSplitters()},dblClickSplitter(e){[...this.container.querySelectorAll(".splitpanes__splitter")].forEach((t,n)=>{t.ondblclick=e?r=>this.onSplitterDblClick(r,n):void 0})}},beforeUnmount(){this.ready=!1},mounted(){this.container=this.$refs.container,this.checkSplitpanesNodes(),this.redoSplitters(),this.resetPaneSizes(),this.$emit("ready"),this.ready=!0},render(){return $a("div",{ref:"container",class:["splitpanes",`splitpanes--${this.horizontal?"horizontal":"vertical"}`,{"splitpanes--dragging":this.touch.dragging}]},this.$slots.default())}},NM=(e,t)=>{const n=e.__vccOpts||e;for(const[r,i]of t)n[r]=i;return n},CM={name:"pane",inject:["requestUpdate","onPaneAdd","onPaneRemove","onPaneClick"],props:{size:{type:[Number,String],default:null},minSize:{type:[Number,String],default:0},maxSize:{type:[Number,String],default:100}},data:()=>({style:{}}),mounted(){this.onPaneAdd(this)},beforeUnmount(){this.onPaneRemove(this)},methods:{update(e){this.style=e}},computed:{sizeNumber(){return this.size||this.size===0?parseFloat(this.size):null},minSizeNumber(){return parseFloat(this.minSize)},maxSizeNumber(){return parseFloat(this.maxSize)}},watch:{sizeNumber(e){this.requestUpdate({target:this,size:e})},minSizeNumber(e){this.requestUpdate({target:this,min:e})},maxSizeNumber(e){this.requestUpdate({target:this,max:e})}}};function xM(e,t,n,r,i,s){return w(),k("div",{class:"splitpanes__pane",onClick:t[0]||(t[0]=l=>s.onPaneClick(l,e._.uid)),style:Bt(e.style)},[Vi(e.$slots,"default")],4)}const h1=NM(CM,[["render",xM]]),Ou=Symbol("selectedNodeId"),_d=Symbol("highlightedNodeId"),Ka=Symbol("selectNode"),Ja=Symbol("viewOptions"),wr=Symbol("plan");var tA={exports:{}};/*!
 * clipboard.js v2.0.10
 * https://clipboardjs.com/
 *
 * Licensed MIT © Zeno Rocha
 */(function(e,t){(function(r,i){e.exports=i()})(Ss,function(){return function(){var n={686:function(s,l,c){c.d(l,{default:function(){return _e}});var u=c(279),p=c.n(u),f=c(370),g=c.n(f),S=c(817),L=c.n(S);function C(re){try{return document.execCommand(re)}catch{return!1}}var N=function(ie){var Se=L()(ie);return C("cut"),Se},F=N;function b(re){var ie=document.documentElement.getAttribute("dir")==="rtl",Se=document.createElement("textarea");Se.style.fontSize="12pt",Se.style.border="0",Se.style.padding="0",Se.style.margin="0",Se.style.position="absolute",Se.style[ie?"right":"left"]="-9999px";var ae=window.pageYOffset||document.documentElement.scrollTop;return Se.style.top="".concat(ae,"px"),Se.setAttribute("readonly",""),Se.value=re,Se}var D=function(ie){var Se=arguments.length>1&&arguments[1]!==void 0?arguments[1]:{container:document.body},ae="";if(typeof ie=="string"){var ee=b(ie);Se.container.appendChild(ee),ae=L()(ee),C("copy"),ee.remove()}else ae=L()(ie),C("copy");return ae},H=D;function E(re){"@babel/helpers - typeof";return typeof Symbol=="function"&&typeof Symbol.iterator=="symbol"?E=function(Se){return typeof Se}:E=function(Se){return Se&&typeof Symbol=="function"&&Se.constructor===Symbol&&Se!==Symbol.prototype?"symbol":typeof Se},E(re)}var B=function(){var ie=arguments.length>0&&arguments[0]!==void 0?arguments[0]:{},Se=ie.action,ae=Se===void 0?"copy":Se,ee=ie.container,ne=ie.target,xe=ie.text;if(ae!=="copy"&&ae!=="cut")throw new Error('Invalid "action" value, use either "copy" or "cut"');if(ne!==void 0)if(ne&&E(ne)==="object"&&ne.nodeType===1){if(ae==="copy"&&ne.hasAttribute("disabled"))throw new Error('Invalid "target" attribute. Please use "readonly" instead of "disabled" attribute');if(ae==="cut"&&(ne.hasAttribute("readonly")||ne.hasAttribute("disabled")))throw new Error(`Invalid "target" attribute. You can't cut text from elements with "readonly" or "disabled" attributes`)}else throw new Error('Invalid "target" value, use a valid Element');if(xe)return H(xe,{container:ee});if(ne)return ae==="cut"?F(ne):H(ne,{container:ee})},x=B;function V(re){"@babel/helpers - typeof";return typeof Symbol=="function"&&typeof Symbol.iterator=="symbol"?V=function(Se){return typeof Se}:V=function(Se){return Se&&typeof Symbol=="function"&&Se.constructor===Symbol&&Se!==Symbol.prototype?"symbol":typeof Se},V(re)}function W(re,ie){if(!(re instanceof ie))throw new TypeError("Cannot call a class as a function")}function R(re,ie){for(var Se=0;Se<ie.length;Se++){var ae=ie[Se];ae.enumerable=ae.enumerable||!1,ae.configurable=!0,"value"in ae&&(ae.writable=!0),Object.defineProperty(re,ae.key,ae)}}function le(re,ie,Se){return ie&&R(re.prototype,ie),Se&&R(re,Se),re}function $(re,ie){if(typeof ie!="function"&&ie!==null)throw new TypeError("Super expression must either be null or a function");re.prototype=Object.create(ie&&ie.prototype,{constructor:{value:re,writable:!0,configurable:!0}}),ie&&Z(re,ie)}function Z(re,ie){return Z=Object.setPrototypeOf||function(ae,ee){return ae.__proto__=ee,ae},Z(re,ie)}function ue(re){var ie=I();return function(){var ae=q(re),ee;if(ie){var ne=q(this).constructor;ee=Reflect.construct(ae,arguments,ne)}else ee=ae.apply(this,arguments);return K(this,ee)}}function K(re,ie){return ie&&(V(ie)==="object"||typeof ie=="function")?ie:me(re)}function me(re){if(re===void 0)throw new ReferenceError("this hasn't been initialised - super() hasn't been called");return re}function I(){if(typeof Reflect>"u"||!Reflect.construct||Reflect.construct.sham)return!1;if(typeof Proxy=="function")return!0;try{return Date.prototype.toString.call(Reflect.construct(Date,[],function(){})),!0}catch{return!1}}function q(re){return q=Object.setPrototypeOf?Object.getPrototypeOf:function(Se){return Se.__proto__||Object.getPrototypeOf(Se)},q(re)}function te(re,ie){var Se="data-clipboard-".concat(re);if(ie.hasAttribute(Se))return ie.getAttribute(Se)}var Ee=function(re){$(Se,re);var ie=ue(Se);function Se(ae,ee){var ne;return W(this,Se),ne=ie.call(this),ne.resolveOptions(ee),ne.listenClick(ae),ne}return le(Se,[{key:"resolveOptions",value:function(){var ee=arguments.length>0&&arguments[0]!==void 0?arguments[0]:{};this.action=typeof ee.action=="function"?ee.action:this.defaultAction,this.target=typeof ee.target=="function"?ee.target:this.defaultTarget,this.text=typeof ee.text=="function"?ee.text:this.defaultText,this.container=V(ee.container)==="object"?ee.container:document.body}},{key:"listenClick",value:function(ee){var ne=this;this.listener=g()(ee,"click",function(xe){return ne.onClick(xe)})}},{key:"onClick",value:function(ee){var ne=ee.delegateTarget||ee.currentTarget,xe=this.action(ne)||"copy",Me=x({action:xe,container:this.container,target:this.target(ne),text:this.text(ne)});this.emit(Me?"success":"error",{action:xe,text:Me,trigger:ne,clearSelection:function(){ne&&ne.focus(),document.activeElement.blur(),window.getSelection().removeAllRanges()}})}},{key:"defaultAction",value:function(ee){return te("action",ee)}},{key:"defaultTarget",value:function(ee){var ne=te("target",ee);if(ne)return document.querySelector(ne)}},{key:"defaultText",value:function(ee){return te("text",ee)}},{key:"destroy",value:function(){this.listener.destroy()}}],[{key:"copy",value:function(ee){var ne=arguments.length>1&&arguments[1]!==void 0?arguments[1]:{container:document.body};return H(ee,ne)}},{key:"cut",value:function(ee){return F(ee)}},{key:"isSupported",value:function(){var ee=arguments.length>0&&arguments[0]!==void 0?arguments[0]:["copy","cut"],ne=typeof ee=="string"?[ee]:ee,xe=!!document.queryCommandSupported;return ne.forEach(function(Me){xe=xe&&!!document.queryCommandSupported(Me)}),xe}}]),Se}(p()),_e=Ee},828:function(s){var l=9;if(typeof Element<"u"&&!Element.prototype.matches){var c=Element.prototype;c.matches=c.matchesSelector||c.mozMatchesSelector||c.msMatchesSelector||c.oMatchesSelector||c.webkitMatchesSelector}function u(p,f){for(;p&&p.nodeType!==l;){if(typeof p.matches=="function"&&p.matches(f))return p;p=p.parentNode}}s.exports=u},438:function(s,l,c){var u=c(828);function p(S,L,C,N,F){var b=g.apply(this,arguments);return S.addEventListener(C,b,F),{destroy:function(){S.removeEventListener(C,b,F)}}}function f(S,L,C,N,F){return typeof S.addEventListener=="function"?p.apply(null,arguments):typeof C=="function"?p.bind(null,document).apply(null,arguments):(typeof S=="string"&&(S=document.querySelectorAll(S)),Array.prototype.map.call(S,function(b){return p(b,L,C,N,F)}))}function g(S,L,C,N){return function(F){F.delegateTarget=u(F.target,L),F.delegateTarget&&N.call(S,F)}}s.exports=f},879:function(s,l){l.node=function(c){return c!==void 0&&c instanceof HTMLElement&&c.nodeType===1},l.nodeList=function(c){var u=Object.prototype.toString.call(c);return c!==void 0&&(u==="[object NodeList]"||u==="[object HTMLCollection]")&&"length"in c&&(c.length===0||l.node(c[0]))},l.string=function(c){return typeof c=="string"||c instanceof String},l.fn=function(c){var u=Object.prototype.toString.call(c);return u==="[object Function]"}},370:function(s,l,c){var u=c(879),p=c(438);function f(C,N,F){if(!C&&!N&&!F)throw new Error("Missing required arguments");if(!u.string(N))throw new TypeError("Second argument must be a String");if(!u.fn(F))throw new TypeError("Third argument must be a Function");if(u.node(C))return g(C,N,F);if(u.nodeList(C))return S(C,N,F);if(u.string(C))return L(C,N,F);throw new TypeError("First argument must be a String, HTMLElement, HTMLCollection, or NodeList")}function g(C,N,F){return C.addEventListener(N,F),{destroy:function(){C.removeEventListener(N,F)}}}function S(C,N,F){return Array.prototype.forEach.call(C,function(b){b.addEventListener(N,F)}),{destroy:function(){Array.prototype.forEach.call(C,function(b){b.removeEventListener(N,F)})}}}function L(C,N,F){return p(document.body,C,N,F)}s.exports=f},817:function(s){function l(c){var u;if(c.nodeName==="SELECT")c.focus(),u=c.value;else if(c.nodeName==="INPUT"||c.nodeName==="TEXTAREA"){var p=c.hasAttribute("readonly");p||c.setAttribute("readonly",""),c.select(),c.setSelectionRange(0,c.value.length),p||c.removeAttribute("readonly"),u=c.value}else{c.hasAttribute("contenteditable")&&c.focus();var f=window.getSelection(),g=document.createRange();g.selectNodeContents(c),f.removeAllRanges(),f.addRange(g),u=f.toString()}return u}s.exports=l},279:function(s){function l(){}l.prototype={on:function(c,u,p){var f=this.e||(this.e={});return(f[c]||(f[c]=[])).push({fn:u,ctx:p}),this},once:function(c,u,p){var f=this;function g(){f.off(c,g),u.apply(p,arguments)}return g._=u,this.on(c,g,p)},emit:function(c){var u=[].slice.call(arguments,1),p=((this.e||(this.e={}))[c]||[]).slice(),f=0,g=p.length;for(f;f<g;f++)p[f].fn.apply(p[f].ctx,u);return this},off:function(c,u){var p=this.e||(this.e={}),f=p[c],g=[];if(f&&u)for(var S=0,L=f.length;S<L;S++)f[S].fn!==u&&f[S].fn._!==u&&g.push(f[S]);return g.length?p[c]=g:delete p[c],this}},s.exports=l,s.exports.TinyEmitter=l}},r={};function i(s){if(r[s])return r[s].exports;var l=r[s]={exports:{}};return n[s](l,l.exports,i),l.exports}return function(){i.n=function(s){var l=s&&s.__esModule?function(){return s.default}:function(){return s};return i.d(l,{a:l}),l}}(),function(){i.d=function(s,l){for(var c in l)i.o(l,c)&&!i.o(s,c)&&Object.defineProperty(s,c,{enumerable:!0,get:l[c]})}}(),function(){i.o=function(s,l){return Object.prototype.hasOwnProperty.call(s,l)}}(),i(686)}().default})})(tA);var wM=tA.exports;const IM=hd(wM),kM=e=>{const t=e?.appendToBody===void 0?!0:e.appendToBody;return{toClipboard(n,r){return new Promise((i,s)=>{const l=document.createElement("button"),c=new IM(l,{text:()=>n,action:()=>"copy",container:r!==void 0?r:document.body});c.on("success",u=>{c.destroy(),i(u)}),c.on("error",u=>{c.destroy(),s(u)}),t&&document.body.appendChild(l),l.click(),t&&document.body.removeChild(l)})}}};/*!
  * vue-tippy v6.0.0
  * (c) 2022
  * @license MIT
  */var Pn="top",ur="bottom",dr="right",Dn="left",y_="auto",Rl=[Pn,ur,dr,Dn],zs="start",ol="end",BM="clippingParents",nA="viewport",Co="popper",PM="reference",_1=Rl.reduce(function(e,t){return e.concat([t+"-"+zs,t+"-"+ol])},[]),rA=[].concat(Rl,[y_]).reduce(function(e,t){return e.concat([t,t+"-"+zs,t+"-"+ol])},[]),DM="beforeRead",MM="read",HM="afterRead",WM="beforeMain",UM="main",$M="afterMain",FM="beforeWrite",VM="write",zM="afterWrite",GM=[DM,MM,HM,WM,UM,$M,FM,VM,zM];function Jr(e){return e?(e.nodeName||"").toLowerCase():null}function Ir(e){if(e==null)return window;if(e.toString()!=="[object Window]"){var t=e.ownerDocument;return t&&t.defaultView||window}return e}function Gs(e){var t=Ir(e).Element;return e instanceof t||e instanceof Element}function or(e){var t=Ir(e).HTMLElement;return e instanceof t||e instanceof HTMLElement}function iA(e){if(typeof ShadowRoot>"u")return!1;var t=Ir(e).ShadowRoot;return e instanceof t||e instanceof ShadowRoot}function KM(e){var t=e.state;Object.keys(t.elements).forEach(function(n){var r=t.styles[n]||{},i=t.attributes[n]||{},s=t.elements[n];!or(s)||!Jr(s)||(Object.assign(s.style,r),Object.keys(i).forEach(function(l){var c=i[l];c===!1?s.removeAttribute(l):s.setAttribute(l,c===!0?"":c)}))})}function XM(e){var t=e.state,n={popper:{position:t.options.strategy,left:"0",top:"0",margin:"0"},arrow:{position:"absolute"},reference:{}};return Object.assign(t.elements.popper.style,n.popper),t.styles=n,t.elements.arrow&&Object.assign(t.elements.arrow.style,n.arrow),function(){Object.keys(t.elements).forEach(function(r){var i=t.elements[r],s=t.attributes[r]||{},l=Object.keys(t.styles.hasOwnProperty(r)?t.styles[r]:n[r]),c=l.reduce(function(u,p){return u[p]="",u},{});!or(i)||!Jr(i)||(Object.assign(i.style,c),Object.keys(s).forEach(function(u){i.removeAttribute(u)}))})}}var aA={name:"applyStyles",enabled:!0,phase:"write",fn:KM,effect:XM,requires:["computeStyles"]};function Xr(e){return e.split("-")[0]}var Ma=Math.max,yu=Math.min,Ks=Math.round;function Xs(e,t){t===void 0&&(t=!1);var n=e.getBoundingClientRect(),r=1,i=1;if(or(e)&&t){var s=e.offsetHeight,l=e.offsetWidth;l>0&&(r=Ks(n.width)/l||1),s>0&&(i=Ks(n.height)/s||1)}return{width:n.width/r,height:n.height/i,top:n.top/i,right:n.right/r,bottom:n.bottom/i,left:n.left/r,x:n.left/r,y:n.top/i}}function N_(e){var t=Xs(e),n=e.offsetWidth,r=e.offsetHeight;return Math.abs(t.width-n)<=1&&(n=t.width),Math.abs(t.height-r)<=1&&(r=t.height),{x:e.offsetLeft,y:e.offsetTop,width:n,height:r}}function sA(e,t){var n=t.getRootNode&&t.getRootNode();if(e.contains(t))return!0;if(n&&iA(n)){var r=t;do{if(r&&e.isSameNode(r))return!0;r=r.parentNode||r.host}while(r)}return!1}function Qr(e){return Ir(e).getComputedStyle(e)}function YM(e){return["table","td","th"].indexOf(Jr(e))>=0}function sa(e){return((Gs(e)?e.ownerDocument:e.document)||window.document).documentElement}function md(e){return Jr(e)==="html"?e:e.assignedSlot||e.parentNode||(iA(e)?e.host:null)||sa(e)}function m1(e){return!or(e)||Qr(e).position==="fixed"?null:e.offsetParent}function qM(e){var t=navigator.userAgent.toLowerCase().indexOf("firefox")!==-1,n=navigator.userAgent.indexOf("Trident")!==-1;if(n&&or(e)){var r=Qr(e);if(r.position==="fixed")return null}for(var i=md(e);or(i)&&["html","body"].indexOf(Jr(i))<0;){var s=Qr(i);if(s.transform!=="none"||s.perspective!=="none"||s.contain==="paint"||["transform","perspective"].indexOf(s.willChange)!==-1||t&&s.willChange==="filter"||t&&s.filter&&s.filter!=="none")return i;i=i.parentNode}return null}function Ll(e){for(var t=Ir(e),n=m1(e);n&&YM(n)&&Qr(n).position==="static";)n=m1(n);return n&&(Jr(n)==="html"||Jr(n)==="body"&&Qr(n).position==="static")?t:n||qM(e)||t}function C_(e){return["top","bottom"].indexOf(e)>=0?"x":"y"}function Ko(e,t,n){return Ma(e,yu(t,n))}function jM(e,t,n){var r=Ko(e,t,n);return r>n?n:r}function oA(){return{top:0,right:0,bottom:0,left:0}}function lA(e){return Object.assign({},oA(),e)}function cA(e,t){return t.reduce(function(n,r){return n[r]=e,n},{})}var JM=function(t,n){return t=typeof t=="function"?t(Object.assign({},n.rects,{placement:n.placement})):t,lA(typeof t!="number"?t:cA(t,Rl))};function QM(e){var t,n=e.state,r=e.name,i=e.options,s=n.elements.arrow,l=n.modifiersData.popperOffsets,c=Xr(n.placement),u=C_(c),p=[Dn,dr].indexOf(c)>=0,f=p?"height":"width";if(!(!s||!l)){var g=JM(i.padding,n),S=N_(s),L=u==="y"?Pn:Dn,C=u==="y"?ur:dr,N=n.rects.reference[f]+n.rects.reference[u]-l[u]-n.rects.popper[f],F=l[u]-n.rects.reference[u],b=Ll(s),D=b?u==="y"?b.clientHeight||0:b.clientWidth||0:0,H=N/2-F/2,E=g[L],B=D-S[f]-g[C],x=D/2-S[f]/2+H,V=Ko(E,x,B),W=u;n.modifiersData[r]=(t={},t[W]=V,t.centerOffset=V-x,t)}}function ZM(e){var t=e.state,n=e.options,r=n.element,i=r===void 0?"[data-popper-arrow]":r;i!=null&&(typeof i=="string"&&(i=t.elements.popper.querySelector(i),!i)||sA(t.elements.popper,i)&&(t.elements.arrow=i))}var e6={name:"arrow",enabled:!0,phase:"main",fn:QM,effect:ZM,requires:["popperOffsets"],requiresIfExists:["preventOverflow"]};function Ys(e){return e.split("-")[1]}var t6={top:"auto",right:"auto",bottom:"auto",left:"auto"};function n6(e){var t=e.x,n=e.y,r=window,i=r.devicePixelRatio||1;return{x:Ks(t*i)/i||0,y:Ks(n*i)/i||0}}function E1(e){var t,n=e.popper,r=e.popperRect,i=e.placement,s=e.variation,l=e.offsets,c=e.position,u=e.gpuAcceleration,p=e.adaptive,f=e.roundOffsets,g=e.isFixed,S=f===!0?n6(l):typeof f=="function"?f(l):l,L=S.x,C=L===void 0?0:L,N=S.y,F=N===void 0?0:N,b=l.hasOwnProperty("x"),D=l.hasOwnProperty("y"),H=Dn,E=Pn,B=window;if(p){var x=Ll(n),V="clientHeight",W="clientWidth";if(x===Ir(n)&&(x=sa(n),Qr(x).position!=="static"&&c==="absolute"&&(V="scrollHeight",W="scrollWidth")),x=x,i===Pn||(i===Dn||i===dr)&&s===ol){E=ur;var R=g&&B.visualViewport?B.visualViewport.height:x[V];F-=R-r.height,F*=u?1:-1}if(i===Dn||(i===Pn||i===ur)&&s===ol){H=dr;var le=g&&B.visualViewport?B.visualViewport.width:x[W];C-=le-r.width,C*=u?1:-1}}var $=Object.assign({position:c},p&&t6);if(u){var Z;return Object.assign({},$,(Z={},Z[E]=D?"0":"",Z[H]=b?"0":"",Z.transform=(B.devicePixelRatio||1)<=1?"translate("+C+"px, "+F+"px)":"translate3d("+C+"px, "+F+"px, 0)",Z))}return Object.assign({},$,(t={},t[E]=D?F+"px":"",t[H]=b?C+"px":"",t.transform="",t))}function r6(e){var t=e.state,n=e.options,r=n.gpuAcceleration,i=r===void 0?!0:r,s=n.adaptive,l=s===void 0?!0:s,c=n.roundOffsets,u=c===void 0?!0:c,p={placement:Xr(t.placement),variation:Ys(t.placement),popper:t.elements.popper,popperRect:t.rects.popper,gpuAcceleration:i,isFixed:t.options.strategy==="fixed"};t.modifiersData.popperOffsets!=null&&(t.styles.popper=Object.assign({},t.styles.popper,E1(Object.assign({},p,{offsets:t.modifiersData.popperOffsets,position:t.options.strategy,adaptive:l,roundOffsets:u})))),t.modifiersData.arrow!=null&&(t.styles.arrow=Object.assign({},t.styles.arrow,E1(Object.assign({},p,{offsets:t.modifiersData.arrow,position:"absolute",adaptive:!1,roundOffsets:u})))),t.attributes.popper=Object.assign({},t.attributes.popper,{"data-popper-placement":t.placement})}var i6={name:"computeStyles",enabled:!0,phase:"beforeWrite",fn:r6,data:{}},Wc={passive:!0};function a6(e){var t=e.state,n=e.instance,r=e.options,i=r.scroll,s=i===void 0?!0:i,l=r.resize,c=l===void 0?!0:l,u=Ir(t.elements.popper),p=[].concat(t.scrollParents.reference,t.scrollParents.popper);return s&&p.forEach(function(f){f.addEventListener("scroll",n.update,Wc)}),c&&u.addEventListener("resize",n.update,Wc),function(){s&&p.forEach(function(f){f.removeEventListener("scroll",n.update,Wc)}),c&&u.removeEventListener("resize",n.update,Wc)}}var s6={name:"eventListeners",enabled:!0,phase:"write",fn:function(){},effect:a6,data:{}},o6={left:"right",right:"left",bottom:"top",top:"bottom"};function iu(e){return e.replace(/left|right|bottom|top/g,function(t){return o6[t]})}var l6={start:"end",end:"start"};function g1(e){return e.replace(/start|end/g,function(t){return l6[t]})}function x_(e){var t=Ir(e),n=t.pageXOffset,r=t.pageYOffset;return{scrollLeft:n,scrollTop:r}}function w_(e){return Xs(sa(e)).left+x_(e).scrollLeft}function c6(e){var t=Ir(e),n=sa(e),r=t.visualViewport,i=n.clientWidth,s=n.clientHeight,l=0,c=0;return r&&(i=r.width,s=r.height,/^((?!chrome|android).)*safari/i.test(navigator.userAgent)||(l=r.offsetLeft,c=r.offsetTop)),{width:i,height:s,x:l+w_(e),y:c}}function u6(e){var t,n=sa(e),r=x_(e),i=(t=e.ownerDocument)==null?void 0:t.body,s=Ma(n.scrollWidth,n.clientWidth,i?i.scrollWidth:0,i?i.clientWidth:0),l=Ma(n.scrollHeight,n.clientHeight,i?i.scrollHeight:0,i?i.clientHeight:0),c=-r.scrollLeft+w_(e),u=-r.scrollTop;return Qr(i||n).direction==="rtl"&&(c+=Ma(n.clientWidth,i?i.clientWidth:0)-s),{width:s,height:l,x:c,y:u}}function I_(e){var t=Qr(e),n=t.overflow,r=t.overflowX,i=t.overflowY;return/auto|scroll|overlay|hidden/.test(n+i+r)}function uA(e){return["html","body","#document"].indexOf(Jr(e))>=0?e.ownerDocument.body:or(e)&&I_(e)?e:uA(md(e))}function Xo(e,t){var n;t===void 0&&(t=[]);var r=uA(e),i=r===((n=e.ownerDocument)==null?void 0:n.body),s=Ir(r),l=i?[s].concat(s.visualViewport||[],I_(r)?r:[]):r,c=t.concat(l);return i?c:c.concat(Xo(md(l)))}function ah(e){return Object.assign({},e,{left:e.x,top:e.y,right:e.x+e.width,bottom:e.y+e.height})}function d6(e){var t=Xs(e);return t.top=t.top+e.clientTop,t.left=t.left+e.clientLeft,t.bottom=t.top+e.clientHeight,t.right=t.left+e.clientWidth,t.width=e.clientWidth,t.height=e.clientHeight,t.x=t.left,t.y=t.top,t}function v1(e,t){return t===nA?ah(c6(e)):Gs(t)?d6(t):ah(u6(sa(e)))}function f6(e){var t=Xo(md(e)),n=["absolute","fixed"].indexOf(Qr(e).position)>=0,r=n&&or(e)?Ll(e):e;return Gs(r)?t.filter(function(i){return Gs(i)&&sA(i,r)&&Jr(i)!=="body"&&(n?Qr(i).position!=="static":!0)}):[]}function p6(e,t,n){var r=t==="clippingParents"?f6(e):[].concat(t),i=[].concat(r,[n]),s=i[0],l=i.reduce(function(c,u){var p=v1(e,u);return c.top=Ma(p.top,c.top),c.right=yu(p.right,c.right),c.bottom=yu(p.bottom,c.bottom),c.left=Ma(p.left,c.left),c},v1(e,s));return l.width=l.right-l.left,l.height=l.bottom-l.top,l.x=l.left,l.y=l.top,l}function dA(e){var t=e.reference,n=e.element,r=e.placement,i=r?Xr(r):null,s=r?Ys(r):null,l=t.x+t.width/2-n.width/2,c=t.y+t.height/2-n.height/2,u;switch(i){case Pn:u={x:l,y:t.y-n.height};break;case ur:u={x:l,y:t.y+t.height};break;case dr:u={x:t.x+t.width,y:c};break;case Dn:u={x:t.x-n.width,y:c};break;default:u={x:t.x,y:t.y}}var p=i?C_(i):null;if(p!=null){var f=p==="y"?"height":"width";switch(s){case zs:u[p]=u[p]-(t[f]/2-n[f]/2);break;case ol:u[p]=u[p]+(t[f]/2-n[f]/2);break}}return u}function ll(e,t){t===void 0&&(t={});var n=t,r=n.placement,i=r===void 0?e.placement:r,s=n.boundary,l=s===void 0?BM:s,c=n.rootBoundary,u=c===void 0?nA:c,p=n.elementContext,f=p===void 0?Co:p,g=n.altBoundary,S=g===void 0?!1:g,L=n.padding,C=L===void 0?0:L,N=lA(typeof C!="number"?C:cA(C,Rl)),F=f===Co?PM:Co,b=e.rects.popper,D=e.elements[S?F:f],H=p6(Gs(D)?D:D.contextElement||sa(e.elements.popper),l,u),E=Xs(e.elements.reference),B=dA({reference:E,element:b,strategy:"absolute",placement:i}),x=ah(Object.assign({},b,B)),V=f===Co?x:E,W={top:H.top-V.top+N.top,bottom:V.bottom-H.bottom+N.bottom,left:H.left-V.left+N.left,right:V.right-H.right+N.right},R=e.modifiersData.offset;if(f===Co&&R){var le=R[i];Object.keys(W).forEach(function($){var Z=[dr,ur].indexOf($)>=0?1:-1,ue=[Pn,ur].indexOf($)>=0?"y":"x";W[$]+=le[ue]*Z})}return W}function h6(e,t){t===void 0&&(t={});var n=t,r=n.placement,i=n.boundary,s=n.rootBoundary,l=n.padding,c=n.flipVariations,u=n.allowedAutoPlacements,p=u===void 0?rA:u,f=Ys(r),g=f?c?_1:_1.filter(function(C){return Ys(C)===f}):Rl,S=g.filter(function(C){return p.indexOf(C)>=0});S.length===0&&(S=g);var L=S.reduce(function(C,N){return C[N]=ll(e,{placement:N,boundary:i,rootBoundary:s,padding:l})[Xr(N)],C},{});return Object.keys(L).sort(function(C,N){return L[C]-L[N]})}function _6(e){if(Xr(e)===y_)return[];var t=iu(e);return[g1(e),t,g1(t)]}function m6(e){var t=e.state,n=e.options,r=e.name;if(!t.modifiersData[r]._skip){for(var i=n.mainAxis,s=i===void 0?!0:i,l=n.altAxis,c=l===void 0?!0:l,u=n.fallbackPlacements,p=n.padding,f=n.boundary,g=n.rootBoundary,S=n.altBoundary,L=n.flipVariations,C=L===void 0?!0:L,N=n.allowedAutoPlacements,F=t.options.placement,b=Xr(F),D=b===F,H=u||(D||!C?[iu(F)]:_6(F)),E=[F].concat(H).reduce(function(ae,ee){return ae.concat(Xr(ee)===y_?h6(t,{placement:ee,boundary:f,rootBoundary:g,padding:p,flipVariations:C,allowedAutoPlacements:N}):ee)},[]),B=t.rects.reference,x=t.rects.popper,V=new Map,W=!0,R=E[0],le=0;le<E.length;le++){var $=E[le],Z=Xr($),ue=Ys($)===zs,K=[Pn,ur].indexOf(Z)>=0,me=K?"width":"height",I=ll(t,{placement:$,boundary:f,rootBoundary:g,altBoundary:S,padding:p}),q=K?ue?dr:Dn:ue?ur:Pn;B[me]>x[me]&&(q=iu(q));var te=iu(q),Ee=[];if(s&&Ee.push(I[Z]<=0),c&&Ee.push(I[q]<=0,I[te]<=0),Ee.every(function(ae){return ae})){R=$,W=!1;break}V.set($,Ee)}if(W)for(var _e=C?3:1,re=function(ee){var ne=E.find(function(xe){var Me=V.get(xe);if(Me)return Me.slice(0,ee).every(function(Xe){return Xe})});if(ne)return R=ne,"break"},ie=_e;ie>0;ie--){var Se=re(ie);if(Se==="break")break}t.placement!==R&&(t.modifiersData[r]._skip=!0,t.placement=R,t.reset=!0)}}var E6={name:"flip",enabled:!0,phase:"main",fn:m6,requiresIfExists:["offset"],data:{_skip:!1}};function T1(e,t,n){return n===void 0&&(n={x:0,y:0}),{top:e.top-t.height-n.y,right:e.right-t.width+n.x,bottom:e.bottom-t.height+n.y,left:e.left-t.width-n.x}}function S1(e){return[Pn,dr,ur,Dn].some(function(t){return e[t]>=0})}function g6(e){var t=e.state,n=e.name,r=t.rects.reference,i=t.rects.popper,s=t.modifiersData.preventOverflow,l=ll(t,{elementContext:"reference"}),c=ll(t,{altBoundary:!0}),u=T1(l,r),p=T1(c,i,s),f=S1(u),g=S1(p);t.modifiersData[n]={referenceClippingOffsets:u,popperEscapeOffsets:p,isReferenceHidden:f,hasPopperEscaped:g},t.attributes.popper=Object.assign({},t.attributes.popper,{"data-popper-reference-hidden":f,"data-popper-escaped":g})}var v6={name:"hide",enabled:!0,phase:"main",requiresIfExists:["preventOverflow"],fn:g6};function T6(e,t,n){var r=Xr(e),i=[Dn,Pn].indexOf(r)>=0?-1:1,s=typeof n=="function"?n(Object.assign({},t,{placement:e})):n,l=s[0],c=s[1];return l=l||0,c=(c||0)*i,[Dn,dr].indexOf(r)>=0?{x:c,y:l}:{x:l,y:c}}function S6(e){var t=e.state,n=e.options,r=e.name,i=n.offset,s=i===void 0?[0,0]:i,l=rA.reduce(function(f,g){return f[g]=T6(g,t.rects,s),f},{}),c=l[t.placement],u=c.x,p=c.y;t.modifiersData.popperOffsets!=null&&(t.modifiersData.popperOffsets.x+=u,t.modifiersData.popperOffsets.y+=p),t.modifiersData[r]=l}var A6={name:"offset",enabled:!0,phase:"main",requires:["popperOffsets"],fn:S6};function b6(e){var t=e.state,n=e.name;t.modifiersData[n]=dA({reference:t.rects.reference,element:t.rects.popper,strategy:"absolute",placement:t.placement})}var R6={name:"popperOffsets",enabled:!0,phase:"read",fn:b6,data:{}};function L6(e){return e==="x"?"y":"x"}function O6(e){var t=e.state,n=e.options,r=e.name,i=n.mainAxis,s=i===void 0?!0:i,l=n.altAxis,c=l===void 0?!1:l,u=n.boundary,p=n.rootBoundary,f=n.altBoundary,g=n.padding,S=n.tether,L=S===void 0?!0:S,C=n.tetherOffset,N=C===void 0?0:C,F=ll(t,{boundary:u,rootBoundary:p,padding:g,altBoundary:f}),b=Xr(t.placement),D=Ys(t.placement),H=!D,E=C_(b),B=L6(E),x=t.modifiersData.popperOffsets,V=t.rects.reference,W=t.rects.popper,R=typeof N=="function"?N(Object.assign({},t.rects,{placement:t.placement})):N,le=typeof R=="number"?{mainAxis:R,altAxis:R}:Object.assign({mainAxis:0,altAxis:0},R),$=t.modifiersData.offset?t.modifiersData.offset[t.placement]:null,Z={x:0,y:0};if(x){if(s){var ue,K=E==="y"?Pn:Dn,me=E==="y"?ur:dr,I=E==="y"?"height":"width",q=x[E],te=q+F[K],Ee=q-F[me],_e=L?-W[I]/2:0,re=D===zs?V[I]:W[I],ie=D===zs?-W[I]:-V[I],Se=t.elements.arrow,ae=L&&Se?N_(Se):{width:0,height:0},ee=t.modifiersData["arrow#persistent"]?t.modifiersData["arrow#persistent"].padding:oA(),ne=ee[K],xe=ee[me],Me=Ko(0,V[I],ae[I]),Xe=H?V[I]/2-_e-Me-ne-le.mainAxis:re-Me-ne-le.mainAxis,At=H?-V[I]/2+_e+Me+xe+le.mainAxis:ie+Me+xe+le.mainAxis,Ct=t.elements.arrow&&Ll(t.elements.arrow),U=Ct?E==="y"?Ct.clientTop||0:Ct.clientLeft||0:0,X=(ue=$?.[E])!=null?ue:0,se=q+Xe-X-U,Te=q+At-X,Y=Ko(L?yu(te,se):te,q,L?Ma(Ee,Te):Ee);x[E]=Y,Z[E]=Y-q}if(c){var G,Oe=E==="x"?Pn:Dn,ge=E==="x"?ur:dr,fe=x[B],pe=B==="y"?"height":"width",De=fe+F[Oe],ke=fe-F[ge],Ue=[Pn,Dn].indexOf(b)!==-1,he=(G=$?.[B])!=null?G:0,ye=Ue?De:fe-V[pe]-W[pe]-he+le.altAxis,Pe=Ue?fe+V[pe]+W[pe]-he-le.altAxis:ke,He=L&&Ue?jM(ye,fe,Pe):Ko(L?ye:De,fe,L?Pe:ke);x[B]=He,Z[B]=He-fe}t.modifiersData[r]=Z}}var y6={name:"preventOverflow",enabled:!0,phase:"main",fn:O6,requiresIfExists:["offset"]};function N6(e){return{scrollLeft:e.scrollLeft,scrollTop:e.scrollTop}}function C6(e){return e===Ir(e)||!or(e)?x_(e):N6(e)}function x6(e){var t=e.getBoundingClientRect(),n=Ks(t.width)/e.offsetWidth||1,r=Ks(t.height)/e.offsetHeight||1;return n!==1||r!==1}function w6(e,t,n){n===void 0&&(n=!1);var r=or(t),i=or(t)&&x6(t),s=sa(t),l=Xs(e,i),c={scrollLeft:0,scrollTop:0},u={x:0,y:0};return(r||!r&&!n)&&((Jr(t)!=="body"||I_(s))&&(c=C6(t)),or(t)?(u=Xs(t,!0),u.x+=t.clientLeft,u.y+=t.clientTop):s&&(u.x=w_(s))),{x:l.left+c.scrollLeft-u.x,y:l.top+c.scrollTop-u.y,width:l.width,height:l.height}}function I6(e){var t=new Map,n=new Set,r=[];e.forEach(function(s){t.set(s.name,s)});function i(s){n.add(s.name);var l=[].concat(s.requires||[],s.requiresIfExists||[]);l.forEach(function(c){if(!n.has(c)){var u=t.get(c);u&&i(u)}}),r.push(s)}return e.forEach(function(s){n.has(s.name)||i(s)}),r}function k6(e){var t=I6(e);return GM.reduce(function(n,r){return n.concat(t.filter(function(i){return i.phase===r}))},[])}function B6(e){var t;return function(){return t||(t=new Promise(function(n){Promise.resolve().then(function(){t=void 0,n(e())})})),t}}function P6(e){var t=e.reduce(function(n,r){var i=n[r.name];return n[r.name]=i?Object.assign({},i,r,{options:Object.assign({},i.options,r.options),data:Object.assign({},i.data,r.data)}):r,n},{});return Object.keys(t).map(function(n){return t[n]})}var A1={placement:"bottom",modifiers:[],strategy:"absolute"};function b1(){for(var e=arguments.length,t=new Array(e),n=0;n<e;n++)t[n]=arguments[n];return!t.some(function(r){return!(r&&typeof r.getBoundingClientRect=="function")})}function D6(e){e===void 0&&(e={});var t=e,n=t.defaultModifiers,r=n===void 0?[]:n,i=t.defaultOptions,s=i===void 0?A1:i;return function(c,u,p){p===void 0&&(p=s);var f={placement:"bottom",orderedModifiers:[],options:Object.assign({},A1,s),modifiersData:{},elements:{reference:c,popper:u},attributes:{},styles:{}},g=[],S=!1,L={state:f,setOptions:function(b){var D=typeof b=="function"?b(f.options):b;N(),f.options=Object.assign({},s,f.options,D),f.scrollParents={reference:Gs(c)?Xo(c):c.contextElement?Xo(c.contextElement):[],popper:Xo(u)};var H=k6(P6([].concat(r,f.options.modifiers)));return f.orderedModifiers=H.filter(function(E){return E.enabled}),C(),L.update()},forceUpdate:function(){if(!S){var b=f.elements,D=b.reference,H=b.popper;if(b1(D,H)){f.rects={reference:w6(D,Ll(H),f.options.strategy==="fixed"),popper:N_(H)},f.reset=!1,f.placement=f.options.placement,f.orderedModifiers.forEach(function(le){return f.modifiersData[le.name]=Object.assign({},le.data)});for(var E=0;E<f.orderedModifiers.length;E++){if(f.reset===!0){f.reset=!1,E=-1;continue}var B=f.orderedModifiers[E],x=B.fn,V=B.options,W=V===void 0?{}:V,R=B.name;typeof x=="function"&&(f=x({state:f,options:W,name:R,instance:L})||f)}}}},update:B6(function(){return new Promise(function(F){L.forceUpdate(),F(f)})}),destroy:function(){N(),S=!0}};if(!b1(c,u))return L;L.setOptions(p).then(function(F){!S&&p.onFirstUpdate&&p.onFirstUpdate(F)});function C(){f.orderedModifiers.forEach(function(F){var b=F.name,D=F.options,H=D===void 0?{}:D,E=F.effect;if(typeof E=="function"){var B=E({state:f,name:b,instance:L,options:H}),x=function(){};g.push(B||x)}})}function N(){g.forEach(function(F){return F()}),g=[]}return L}}var M6=[s6,R6,i6,aA,A6,E6,y6,e6,v6],H6=D6({defaultModifiers:M6}),W6="tippy-box",fA="tippy-content",pA="tippy-backdrop",hA="tippy-arrow",_A="tippy-svg-arrow",Ta={passive:!0,capture:!0},mA=function(){return document.body};function up(e,t,n){if(Array.isArray(e)){var r=e[t];return r??(Array.isArray(n)?n[t]:n)}return e}function k_(e,t){var n={}.toString.call(e);return n.indexOf("[object")===0&&n.indexOf(t+"]")>-1}function EA(e,t){return typeof e=="function"?e.apply(void 0,t):e}function R1(e,t){if(t===0)return e;var n;return function(r){clearTimeout(n),n=setTimeout(function(){e(r)},t)}}function U6(e,t){var n=Object.assign({},e);return t.forEach(function(r){delete n[r]}),n}function $6(e){return e.split(/\s+/).filter(Boolean)}function Oa(e){return[].concat(e)}function L1(e,t){e.indexOf(t)===-1&&e.push(t)}function F6(e){return e.filter(function(t,n){return e.indexOf(t)===n})}function gA(e){return e.split("-")[0]}function qs(e){return[].slice.call(e)}function O1(e){return Object.keys(e).reduce(function(t,n){return e[n]!==void 0&&(t[n]=e[n]),t},{})}function Ha(){return document.createElement("div")}function Ed(e){return["Element","Fragment"].some(function(t){return k_(e,t)})}function V6(e){return k_(e,"NodeList")}function B_(e){return k_(e,"MouseEvent")}function z6(e){return!!(e&&e._tippy&&e._tippy.reference===e)}function G6(e){return Ed(e)?[e]:V6(e)?qs(e):Array.isArray(e)?e:qs(document.querySelectorAll(e))}function dp(e,t){e.forEach(function(n){n&&(n.style.transitionDuration=t+"ms")})}function cl(e,t){e.forEach(function(n){n&&n.setAttribute("data-state",t)})}function vA(e){var t,n=Oa(e),r=n[0];return r!=null&&(t=r.ownerDocument)!=null&&t.body?r.ownerDocument:document}function K6(e,t){var n=t.clientX,r=t.clientY;return e.every(function(i){var s=i.popperRect,l=i.popperState,c=i.props,u=c.interactiveBorder,p=gA(l.placement),f=l.modifiersData.offset;if(!f)return!0;var g=p==="bottom"?f.top.y:0,S=p==="top"?f.bottom.y:0,L=p==="right"?f.left.x:0,C=p==="left"?f.right.x:0,N=s.top-r+g>u,F=r-s.bottom-S>u,b=s.left-n+L>u,D=n-s.right-C>u;return N||F||b||D})}function fp(e,t,n){var r=t+"EventListener";["transitionend","webkitTransitionEnd"].forEach(function(i){e[r](i,n)})}function y1(e,t){for(var n=t;n;){var r;if(e.contains(n))return!0;n=n.getRootNode==null||(r=n.getRootNode())==null?void 0:r.host}return!1}var Ur={isTouch:!1},N1=0;function X6(){Ur.isTouch||(Ur.isTouch=!0,window.performance&&document.addEventListener("mousemove",TA))}function TA(){var e=performance.now();e-N1<20&&(Ur.isTouch=!1,document.removeEventListener("mousemove",TA)),N1=e}function Y6(){var e=document.activeElement;if(z6(e)){var t=e._tippy;e.blur&&!t.state.isVisible&&e.blur()}}function q6(){document.addEventListener("touchstart",X6,Ta),window.addEventListener("blur",Y6)}var j6=typeof window<"u"&&typeof document<"u",J6=j6?!!window.msCrypto:!1,Q6={animateFill:!1,followCursor:!1,inlinePositioning:!1,sticky:!1},Z6={allowHTML:!1,animation:"fade",arrow:!0,content:"",inertia:!1,maxWidth:350,role:"tooltip",theme:"",zIndex:9999},Or=Object.assign({appendTo:mA,aria:{content:"auto",expanded:"auto"},delay:0,duration:[300,250],getReferenceClientRect:null,hideOnClick:!0,ignoreAttributes:!1,interactive:!1,interactiveBorder:2,interactiveDebounce:0,moveTransition:"",offset:[0,10],onAfterUpdate:function(){},onBeforeUpdate:function(){},onCreate:function(){},onDestroy:function(){},onHidden:function(){},onHide:function(){},onMount:function(){},onShow:function(){},onShown:function(){},onTrigger:function(){},onUntrigger:function(){},onClickOutside:function(){},placement:"top",plugins:[],popperOptions:{},render:null,showOnCreate:!1,touch:!0,trigger:"mouseenter focus",triggerTarget:null},Q6,Z6),eH=Object.keys(Or),tH=function(t){var n=Object.keys(t);n.forEach(function(r){Or[r]=t[r]})};function SA(e){var t=e.plugins||[],n=t.reduce(function(r,i){var s=i.name,l=i.defaultValue;if(s){var c;r[s]=e[s]!==void 0?e[s]:(c=Or[s])!=null?c:l}return r},{});return Object.assign({},e,n)}function nH(e,t){var n=t?Object.keys(SA(Object.assign({},Or,{plugins:t}))):eH,r=n.reduce(function(i,s){var l=(e.getAttribute("data-tippy-"+s)||"").trim();if(!l)return i;if(s==="content")i[s]=l;else try{i[s]=JSON.parse(l)}catch{i[s]=l}return i},{});return r}function C1(e,t){var n=Object.assign({},t,{content:EA(t.content,[e])},t.ignoreAttributes?{}:nH(e,t.plugins));return n.aria=Object.assign({},Or.aria,n.aria),n.aria={expanded:n.aria.expanded==="auto"?t.interactive:n.aria.expanded,content:n.aria.content==="auto"?t.interactive?null:"describedby":n.aria.content},n}var rH=function(){return"innerHTML"};function sh(e,t){e[rH()]=t}function x1(e){var t=Ha();return e===!0?t.className=hA:(t.className=_A,Ed(e)?t.appendChild(e):sh(t,e)),t}function w1(e,t){Ed(t.content)?(sh(e,""),e.appendChild(t.content)):typeof t.content!="function"&&(t.allowHTML?sh(e,t.content):e.textContent=t.content)}function Nu(e){var t=e.firstElementChild,n=qs(t.children);return{box:t,content:n.find(function(r){return r.classList.contains(fA)}),arrow:n.find(function(r){return r.classList.contains(hA)||r.classList.contains(_A)}),backdrop:n.find(function(r){return r.classList.contains(pA)})}}function AA(e){var t=Ha(),n=Ha();n.className=W6,n.setAttribute("data-state","hidden"),n.setAttribute("tabindex","-1");var r=Ha();r.className=fA,r.setAttribute("data-state","hidden"),w1(r,e.props),t.appendChild(n),n.appendChild(r),i(e.props,e.props);function i(s,l){var c=Nu(t),u=c.box,p=c.content,f=c.arrow;l.theme?u.setAttribute("data-theme",l.theme):u.removeAttribute("data-theme"),typeof l.animation=="string"?u.setAttribute("data-animation",l.animation):u.removeAttribute("data-animation"),l.inertia?u.setAttribute("data-inertia",""):u.removeAttribute("data-inertia"),u.style.maxWidth=typeof l.maxWidth=="number"?l.maxWidth+"px":l.maxWidth,l.role?u.setAttribute("role",l.role):u.removeAttribute("role"),(s.content!==l.content||s.allowHTML!==l.allowHTML)&&w1(p,e.props),l.arrow?f?s.arrow!==l.arrow&&(u.removeChild(f),u.appendChild(x1(l.arrow))):u.appendChild(x1(l.arrow)):f&&u.removeChild(f)}return{popper:t,onUpdate:i}}AA.$$tippy=!0;var iH=1,Uc=[],pp=[];function aH(e,t){var n=C1(e,Object.assign({},Or,SA(O1(t)))),r,i,s,l=!1,c=!1,u=!1,p=!1,f,g,S,L=[],C=R1(se,n.interactiveDebounce),N,F=iH++,b=null,D=F6(n.plugins),H={isEnabled:!0,isVisible:!1,isDestroyed:!1,isMounted:!1,isShown:!1},E={id:F,reference:e,popper:Ha(),popperInstance:b,props:n,state:H,plugins:D,clearDelayTimeouts:ye,setProps:Pe,setContent:He,show:rt,hide:yt,hideWithInteractivity:ln,enable:Ue,disable:he,unmount:Jn,destroy:Mn};if(!n.render)return E;var B=n.render(E),x=B.popper,V=B.onUpdate;x.setAttribute("data-tippy-root",""),x.id="tippy-"+E.id,E.popper=x,e._tippy=E,x._tippy=E;var W=D.map(function(P){return P.fn(E)}),R=e.hasAttribute("aria-expanded");return Ct(),_e(),q(),te("onCreate",[E]),n.showOnCreate&&De(),x.addEventListener("mouseenter",function(){E.props.interactive&&E.state.isVisible&&E.clearDelayTimeouts()}),x.addEventListener("mouseleave",function(){E.props.interactive&&E.props.trigger.indexOf("mouseenter")>=0&&K().addEventListener("mousemove",C)}),E;function le(){var P=E.props.touch;return Array.isArray(P)?P:[P,0]}function $(){return le()[0]==="hold"}function Z(){var P;return!!((P=E.props.render)!=null&&P.$$tippy)}function ue(){return N||e}function K(){var P=ue().parentNode;return P?vA(P):document}function me(){return Nu(x)}function I(P){return E.state.isMounted&&!E.state.isVisible||Ur.isTouch||f&&f.type==="focus"?0:up(E.props.delay,P?0:1,Or.delay)}function q(P){P===void 0&&(P=!1),x.style.pointerEvents=E.props.interactive&&!P?"":"none",x.style.zIndex=""+E.props.zIndex}function te(P,de,Re){if(Re===void 0&&(Re=!0),W.forEach(function($e){$e[P]&&$e[P].apply($e,de)}),Re){var Ge;(Ge=E.props)[P].apply(Ge,de)}}function Ee(){var P=E.props.aria;if(P.content){var de="aria-"+P.content,Re=x.id,Ge=Oa(E.props.triggerTarget||e);Ge.forEach(function($e){var Et=$e.getAttribute(de);if(E.state.isVisible)$e.setAttribute(de,Et?Et+" "+Re:Re);else{var xt=Et&&Et.replace(Re,"").trim();xt?$e.setAttribute(de,xt):$e.removeAttribute(de)}})}}function _e(){if(!(R||!E.props.aria.expanded)){var P=Oa(E.props.triggerTarget||e);P.forEach(function(de){E.props.interactive?de.setAttribute("aria-expanded",E.state.isVisible&&de===ue()?"true":"false"):de.removeAttribute("aria-expanded")})}}function re(){K().removeEventListener("mousemove",C),Uc=Uc.filter(function(P){return P!==C})}function ie(P){if(!(Ur.isTouch&&(u||P.type==="mousedown"))){var de=P.composedPath&&P.composedPath()[0]||P.target;if(!(E.props.interactive&&y1(x,de))){if(Oa(E.props.triggerTarget||e).some(function(Re){return y1(Re,de)})){if(Ur.isTouch||E.state.isVisible&&E.props.trigger.indexOf("click")>=0)return}else te("onClickOutside",[E,P]);E.props.hideOnClick===!0&&(E.clearDelayTimeouts(),E.hide(),c=!0,setTimeout(function(){c=!1}),E.state.isMounted||ne())}}}function Se(){u=!0}function ae(){u=!1}function ee(){var P=K();P.addEventListener("mousedown",ie,!0),P.addEventListener("touchend",ie,Ta),P.addEventListener("touchstart",ae,Ta),P.addEventListener("touchmove",Se,Ta)}function ne(){var P=K();P.removeEventListener("mousedown",ie,!0),P.removeEventListener("touchend",ie,Ta),P.removeEventListener("touchstart",ae,Ta),P.removeEventListener("touchmove",Se,Ta)}function xe(P,de){Xe(P,function(){!E.state.isVisible&&x.parentNode&&x.parentNode.contains(x)&&de()})}function Me(P,de){Xe(P,de)}function Xe(P,de){var Re=me().box;function Ge($e){$e.target===Re&&(fp(Re,"remove",Ge),de())}if(P===0)return de();fp(Re,"remove",g),fp(Re,"add",Ge),g=Ge}function At(P,de,Re){Re===void 0&&(Re=!1);var Ge=Oa(E.props.triggerTarget||e);Ge.forEach(function($e){$e.addEventListener(P,de,Re),L.push({node:$e,eventType:P,handler:de,options:Re})})}function Ct(){$()&&(At("touchstart",X,{passive:!0}),At("touchend",Te,{passive:!0})),$6(E.props.trigger).forEach(function(P){if(P!=="manual")switch(At(P,X),P){case"mouseenter":At("mouseleave",Te);break;case"focus":At(J6?"focusout":"blur",Y);break;case"focusin":At("focusout",Y);break}})}function U(){L.forEach(function(P){var de=P.node,Re=P.eventType,Ge=P.handler,$e=P.options;de.removeEventListener(Re,Ge,$e)}),L=[]}function X(P){var de,Re=!1;if(!(!E.state.isEnabled||G(P)||c)){var Ge=((de=f)==null?void 0:de.type)==="focus";f=P,N=P.currentTarget,_e(),!E.state.isVisible&&B_(P)&&Uc.forEach(function($e){return $e(P)}),P.type==="click"&&(E.props.trigger.indexOf("mouseenter")<0||l)&&E.props.hideOnClick!==!1&&E.state.isVisible?Re=!0:De(P),P.type==="click"&&(l=!Re),Re&&!Ge&&ke(P)}}function se(P){var de=P.target,Re=ue().contains(de)||x.contains(de);if(!(P.type==="mousemove"&&Re)){var Ge=pe().concat(x).map(function($e){var Et,xt=$e._tippy,cn=(Et=xt.popperInstance)==null?void 0:Et.state;return cn?{popperRect:$e.getBoundingClientRect(),popperState:cn,props:n}:null}).filter(Boolean);K6(Ge,P)&&(re(),ke(P))}}function Te(P){var de=G(P)||E.props.trigger.indexOf("click")>=0&&l;if(!de){if(E.props.interactive){E.hideWithInteractivity(P);return}ke(P)}}function Y(P){E.props.trigger.indexOf("focusin")<0&&P.target!==ue()||E.props.interactive&&P.relatedTarget&&x.contains(P.relatedTarget)||ke(P)}function G(P){return Ur.isTouch?$()!==P.type.indexOf("touch")>=0:!1}function Oe(){ge();var P=E.props,de=P.popperOptions,Re=P.placement,Ge=P.offset,$e=P.getReferenceClientRect,Et=P.moveTransition,xt=Z()?Nu(x).arrow:null,cn=$e?{getBoundingClientRect:$e,contextElement:$e.contextElement||ue()}:e,Ci={name:"$$tippy",enabled:!0,phase:"beforeWrite",requires:["computeStyles"],fn:function(pr){var _n=pr.state;if(Z()){var Za=me(),ti=Za.box;["placement","reference-hidden","escaped"].forEach(function(hr){hr==="placement"?ti.setAttribute("data-placement",_n.placement):_n.attributes.popper["data-popper-"+hr]?ti.setAttribute("data-"+hr,""):ti.removeAttribute("data-"+hr)}),_n.attributes.popper={}}}},rn=[{name:"offset",options:{offset:Ge}},{name:"preventOverflow",options:{padding:{top:2,bottom:2,left:5,right:5}}},{name:"flip",options:{padding:5}},{name:"computeStyles",options:{adaptive:!Et}},Ci];Z()&&xt&&rn.push({name:"arrow",options:{element:xt,padding:3}}),rn.push.apply(rn,de?.modifiers||[]),E.popperInstance=H6(cn,x,Object.assign({},de,{placement:Re,onFirstUpdate:S,modifiers:rn}))}function ge(){E.popperInstance&&(E.popperInstance.destroy(),E.popperInstance=null)}function fe(){var P=E.props.appendTo,de,Re=ue();E.props.interactive&&P===mA||P==="parent"?de=Re.parentNode:de=EA(P,[Re]),de.contains(x)||de.appendChild(x),E.state.isMounted=!0,Oe()}function pe(){return qs(x.querySelectorAll("[data-tippy-root]"))}function De(P){E.clearDelayTimeouts(),P&&te("onTrigger",[E,P]),ee();var de=I(!0),Re=le(),Ge=Re[0],$e=Re[1];Ur.isTouch&&Ge==="hold"&&$e&&(de=$e),de?r=setTimeout(function(){E.show()},de):E.show()}function ke(P){if(E.clearDelayTimeouts(),te("onUntrigger",[E,P]),!E.state.isVisible){ne();return}if(!(E.props.trigger.indexOf("mouseenter")>=0&&E.props.trigger.indexOf("click")>=0&&["mouseleave","mousemove"].indexOf(P.type)>=0&&l)){var de=I(!1);de?i=setTimeout(function(){E.state.isVisible&&E.hide()},de):s=requestAnimationFrame(function(){E.hide()})}}function Ue(){E.state.isEnabled=!0}function he(){E.hide(),E.state.isEnabled=!1}function ye(){clearTimeout(r),clearTimeout(i),cancelAnimationFrame(s)}function Pe(P){if(!E.state.isDestroyed){te("onBeforeUpdate",[E,P]),U();var de=E.props,Re=C1(e,Object.assign({},de,O1(P),{ignoreAttributes:!0}));E.props=Re,Ct(),de.interactiveDebounce!==Re.interactiveDebounce&&(re(),C=R1(se,Re.interactiveDebounce)),de.triggerTarget&&!Re.triggerTarget?Oa(de.triggerTarget).forEach(function(Ge){Ge.removeAttribute("aria-expanded")}):Re.triggerTarget&&e.removeAttribute("aria-expanded"),_e(),q(),V&&V(de,Re),E.popperInstance&&(Oe(),pe().forEach(function(Ge){requestAnimationFrame(Ge._tippy.popperInstance.forceUpdate)})),te("onAfterUpdate",[E,P])}}function He(P){E.setProps({content:P})}function rt(){var P=E.state.isVisible,de=E.state.isDestroyed,Re=!E.state.isEnabled,Ge=Ur.isTouch&&!E.props.touch,$e=up(E.props.duration,0,Or.duration);if(!(P||de||Re||Ge)&&!ue().hasAttribute("disabled")&&(te("onShow",[E],!1),E.props.onShow(E)!==!1)){if(E.state.isVisible=!0,Z()&&(x.style.visibility="visible"),q(),ee(),E.state.isMounted||(x.style.transition="none"),Z()){var Et=me(),xt=Et.box,cn=Et.content;dp([xt,cn],0)}S=function(){var rn;if(!(!E.state.isVisible||p)){if(p=!0,x.offsetHeight,x.style.transition=E.props.moveTransition,Z()&&E.props.animation){var ei=me(),pr=ei.box,_n=ei.content;dp([pr,_n],$e),cl([pr,_n],"visible")}Ee(),_e(),L1(pp,E),(rn=E.popperInstance)==null||rn.forceUpdate(),te("onMount",[E]),E.props.animation&&Z()&&Me($e,function(){E.state.isShown=!0,te("onShown",[E])})}},fe()}}function yt(){var P=!E.state.isVisible,de=E.state.isDestroyed,Re=!E.state.isEnabled,Ge=up(E.props.duration,1,Or.duration);if(!(P||de||Re)&&(te("onHide",[E],!1),E.props.onHide(E)!==!1)){if(E.state.isVisible=!1,E.state.isShown=!1,p=!1,l=!1,Z()&&(x.style.visibility="hidden"),re(),ne(),q(!0),Z()){var $e=me(),Et=$e.box,xt=$e.content;E.props.animation&&(dp([Et,xt],Ge),cl([Et,xt],"hidden"))}Ee(),_e(),E.props.animation?Z()&&xe(Ge,E.unmount):E.unmount()}}function ln(P){K().addEventListener("mousemove",C),L1(Uc,C),C(P)}function Jn(){E.state.isVisible&&E.hide(),E.state.isMounted&&(ge(),pe().forEach(function(P){P._tippy.unmount()}),x.parentNode&&x.parentNode.removeChild(x),pp=pp.filter(function(P){return P!==E}),E.state.isMounted=!1,te("onHidden",[E]))}function Mn(){E.state.isDestroyed||(E.clearDelayTimeouts(),E.unmount(),U(),delete e._tippy,E.state.isDestroyed=!0,te("onDestroy",[E]))}}function je(e,t){t===void 0&&(t={});var n=Or.plugins.concat(t.plugins||[]);q6();var r=Object.assign({},t,{plugins:n}),i=G6(e),s=i.reduce(function(l,c){var u=c&&aH(c,r);return u&&l.push(u),l},[]);return Ed(e)?s[0]:s}je.defaultProps=Or;je.setDefaultProps=tH;je.currentInput=Ur;var sH=Object.assign({},aA,{effect:function(t){var n=t.state,r={popper:{position:n.options.strategy,left:"0",top:"0",margin:"0"},arrow:{position:"absolute"},reference:{}};Object.assign(n.elements.popper.style,r.popper),n.styles=r,n.elements.arrow&&Object.assign(n.elements.arrow.style,r.arrow)}}),oH=function(t,n){var r;n===void 0&&(n={});var i=t,s=[],l=[],c,u=n.overrides,p=[],f=!1;function g(){l=i.map(function(E){return Oa(E.props.triggerTarget||E.reference)}).reduce(function(E,B){return E.concat(B)},[])}function S(){s=i.map(function(E){return E.reference})}function L(E){i.forEach(function(B){E?B.enable():B.disable()})}function C(E){return i.map(function(B){var x=B.setProps;return B.setProps=function(V){x(V),B.reference===c&&E.setProps(V)},function(){B.setProps=x}})}function N(E,B){var x=l.indexOf(B);if(B!==c){c=B;var V=(u||[]).concat("content").reduce(function(W,R){return W[R]=i[x].props[R],W},{});E.setProps(Object.assign({},V,{getReferenceClientRect:typeof V.getReferenceClientRect=="function"?V.getReferenceClientRect:function(){var W;return(W=s[x])==null?void 0:W.getBoundingClientRect()}}))}}L(!1),S(),g();var F={fn:function(){return{onDestroy:function(){L(!0)},onHidden:function(){c=null},onClickOutside:function(x){x.props.showOnCreate&&!f&&(f=!0,c=null)},onShow:function(x){x.props.showOnCreate&&!f&&(f=!0,N(x,s[0]))},onTrigger:function(x,V){N(x,V.currentTarget)}}}},b=je(Ha(),Object.assign({},U6(n,["overrides"]),{plugins:[F].concat(n.plugins||[]),triggerTarget:l,popperOptions:Object.assign({},n.popperOptions,{modifiers:[].concat(((r=n.popperOptions)==null?void 0:r.modifiers)||[],[sH])})})),D=b.show;b.show=function(E){if(D(),!c&&E==null)return N(b,s[0]);if(!(c&&E==null)){if(typeof E=="number")return s[E]&&N(b,s[E]);if(i.indexOf(E)>=0){var B=E.reference;return N(b,B)}if(s.indexOf(E)>=0)return N(b,E)}},b.showNext=function(){var E=s[0];if(!c)return b.show(0);var B=s.indexOf(c);b.show(s[B+1]||E)},b.showPrevious=function(){var E=s[s.length-1];if(!c)return b.show(E);var B=s.indexOf(c),x=s[B-1]||E;b.show(x)};var H=b.setProps;return b.setProps=function(E){u=E.overrides||u,H(E)},b.setInstances=function(E){L(!0),p.forEach(function(B){return B()}),i=E,L(!1),S(),g(),p=C(b),b.setProps({triggerTarget:l})},p=C(b),b},lH={name:"animateFill",defaultValue:!1,fn:function(t){var n;if(!((n=t.props.render)!=null&&n.$$tippy))return{};var r=Nu(t.popper),i=r.box,s=r.content,l=t.props.animateFill?cH():null;return{onCreate:function(){l&&(i.insertBefore(l,i.firstElementChild),i.setAttribute("data-animatefill",""),i.style.overflow="hidden",t.setProps({arrow:!1,animation:"shift-away"}))},onMount:function(){if(l){var u=i.style.transitionDuration,p=Number(u.replace("ms",""));s.style.transitionDelay=Math.round(p/10)+"ms",l.style.transitionDuration=u,cl([l],"visible")}},onShow:function(){l&&(l.style.transitionDuration="0ms")},onHide:function(){l&&cl([l],"hidden")}}}};function cH(){var e=Ha();return e.className=pA,cl([e],"hidden"),e}var oh={clientX:0,clientY:0},$c=[];function bA(e){var t=e.clientX,n=e.clientY;oh={clientX:t,clientY:n}}function uH(e){e.addEventListener("mousemove",bA)}function dH(e){e.removeEventListener("mousemove",bA)}var fH={name:"followCursor",defaultValue:!1,fn:function(t){var n=t.reference,r=vA(t.props.triggerTarget||n),i=!1,s=!1,l=!0,c=t.props;function u(){return t.props.followCursor==="initial"&&t.state.isVisible}function p(){r.addEventListener("mousemove",S)}function f(){r.removeEventListener("mousemove",S)}function g(){i=!0,t.setProps({getReferenceClientRect:null}),i=!1}function S(N){var F=N.target?n.contains(N.target):!0,b=t.props.followCursor,D=N.clientX,H=N.clientY,E=n.getBoundingClientRect(),B=D-E.left,x=H-E.top;(F||!t.props.interactive)&&t.setProps({getReferenceClientRect:function(){var W=n.getBoundingClientRect(),R=D,le=H;b==="initial"&&(R=W.left+B,le=W.top+x);var $=b==="horizontal"?W.top:le,Z=b==="vertical"?W.right:R,ue=b==="horizontal"?W.bottom:le,K=b==="vertical"?W.left:R;return{width:Z-K,height:ue-$,top:$,right:Z,bottom:ue,left:K}}})}function L(){t.props.followCursor&&($c.push({instance:t,doc:r}),uH(r))}function C(){$c=$c.filter(function(N){return N.instance!==t}),$c.filter(function(N){return N.doc===r}).length===0&&dH(r)}return{onCreate:L,onDestroy:C,onBeforeUpdate:function(){c=t.props},onAfterUpdate:function(F,b){var D=b.followCursor;i||D!==void 0&&c.followCursor!==D&&(C(),D?(L(),t.state.isMounted&&!s&&!u()&&p()):(f(),g()))},onMount:function(){t.props.followCursor&&!s&&(l&&(S(oh),l=!1),u()||p())},onTrigger:function(F,b){B_(b)&&(oh={clientX:b.clientX,clientY:b.clientY}),s=b.type==="focus"},onHidden:function(){t.props.followCursor&&(g(),f(),l=!0)}}}};function pH(e,t){var n;return{popperOptions:Object.assign({},e.popperOptions,{modifiers:[].concat((((n=e.popperOptions)==null?void 0:n.modifiers)||[]).filter(function(r){var i=r.name;return i!==t.name}),[t])})}}var hH={name:"inlinePositioning",defaultValue:!1,fn:function(t){var n=t.reference;function r(){return!!t.props.inlinePositioning}var i,s=-1,l=!1,c=[],u={name:"tippyInlinePositioning",enabled:!0,phase:"afterWrite",fn:function(L){var C=L.state;r()&&(c.indexOf(C.placement)!==-1&&(c=[]),i!==C.placement&&c.indexOf(C.placement)===-1&&(c.push(C.placement),t.setProps({getReferenceClientRect:function(){return p(C.placement)}})),i=C.placement)}};function p(S){return _H(gA(S),n.getBoundingClientRect(),qs(n.getClientRects()),s)}function f(S){l=!0,t.setProps(S),l=!1}function g(){l||f(pH(t.props,u))}return{onCreate:g,onAfterUpdate:g,onTrigger:function(L,C){if(B_(C)){var N=qs(t.reference.getClientRects()),F=N.find(function(D){return D.left-2<=C.clientX&&D.right+2>=C.clientX&&D.top-2<=C.clientY&&D.bottom+2>=C.clientY}),b=N.indexOf(F);s=b>-1?b:s}},onHidden:function(){s=-1}}}};function _H(e,t,n,r){if(n.length<2||e===null)return t;if(n.length===2&&r>=0&&n[0].left>n[1].right)return n[r]||t;switch(e){case"top":case"bottom":{var i=n[0],s=n[n.length-1],l=e==="top",c=i.top,u=s.bottom,p=l?i.left:s.left,f=l?i.right:s.right,g=f-p,S=u-c;return{top:c,bottom:u,left:p,right:f,width:g,height:S}}case"left":case"right":{var L=Math.min.apply(Math,n.map(function(x){return x.left})),C=Math.max.apply(Math,n.map(function(x){return x.right})),N=n.filter(function(x){return e==="left"?x.left===L:x.right===C}),F=N[0].top,b=N[N.length-1].bottom,D=L,H=C,E=H-D,B=b-F;return{top:F,bottom:b,left:D,right:H,width:E,height:B}}default:return t}}var mH={name:"sticky",defaultValue:!1,fn:function(t){var n=t.reference,r=t.popper;function i(){return t.popperInstance?t.popperInstance.state.elements.reference:n}function s(p){return t.props.sticky===!0||t.props.sticky===p}var l=null,c=null;function u(){var p=s("reference")?i().getBoundingClientRect():null,f=s("popper")?r.getBoundingClientRect():null;(p&&I1(l,p)||f&&I1(c,f))&&t.popperInstance&&t.popperInstance.update(),l=p,c=f,t.state.isMounted&&requestAnimationFrame(u)}return{onMount:function(){t.props.sticky&&u()}}}};function I1(e,t){return e&&t?e.top!==t.top||e.right!==t.right||e.bottom!==t.bottom||e.left!==t.left:!0}je.setDefaultProps({render:AA});je.setDefaultProps({onShow:e=>{if(!e.props.content)return!1}});function RA(e,t={},n={mount:!0}){const r=XI(),i=Je(),s=Je({isEnabled:!1,isVisible:!1,isDestroyed:!1,isMounted:!1,isShown:!1});let l=null;const c=()=>l||(l=document.createDocumentFragment(),l),u=x=>{let V,W=Kt(x)?x.value:x;if(Zo(W))r&&(W.appContext=r.appContext),rg(W,c()),V=()=>c();else if(typeof W=="object"){let R=$a(W);r&&(R.appContext=r.appContext),rg(R,c()),V=()=>c()}else V=W;return V},p=x=>{let V={};return Kt(x)?V=x.value||{}:Ki(x)?V={...x}:V={...x},V.content&&(V.content=u(V.content)),V.triggerTarget&&(V.triggerTarget=Kt(V.triggerTarget)?V.triggerTarget.value:V.triggerTarget),(!V.plugins||!Array.isArray(V.plugins))&&(V.plugins=[]),V.plugins=V.plugins.filter(W=>W.name!=="vueTippyReactiveState"),V.plugins.push({name:"vueTippyReactiveState",fn:()=>({onCreate(){s.value.isEnabled=!0},onMount(){s.value.isMounted=!0},onShow(){s.value.isMounted=!0,s.value.isVisible=!0},onShown(){s.value.isShown=!0},onHide(){s.value.isMounted=!1,s.value.isVisible=!1},onHidden(){s.value.isShown=!1},onUnmounted(){s.value.isMounted=!1},onDestroy(){s.value.isDestroyed=!0}})}),V},f=()=>{i.value&&i.value.setProps(p(t))},g=()=>{!i.value||!t.content||i.value.setContent(u(t.content))},S=x=>{var V;(V=i.value)===null||V===void 0||V.setContent(u(x))},L=x=>{var V;(V=i.value)===null||V===void 0||V.setProps(p(x))},C=()=>{i.value&&(i.value.destroy(),i.value=void 0),l=null},N=()=>{var x;(x=i.value)===null||x===void 0||x.show()},F=()=>{var x;(x=i.value)===null||x===void 0||x.hide()},b=()=>{var x;(x=i.value)===null||x===void 0||x.disable(),s.value.isEnabled=!1},D=()=>{var x;(x=i.value)===null||x===void 0||x.enable(),s.value.isEnabled=!0},H=()=>{var x;(x=i.value)===null||x===void 0||x.unmount()},E=()=>{if(!e)return;let x=Kt(e)?e.value:e;typeof x=="function"&&(x=x()),x&&(i.value=je(x,p(t)),x.$tippy=B)},B={tippy:i,refresh:f,refreshContent:g,setContent:S,setProps:L,destroy:C,hide:F,show:N,disable:b,enable:D,unmount:H,mount:E,state:s};return n.mount&&(r?(r.isMounted?E():Oi(E),Kh(()=>{C()})):E()),Kt(t)||Ki(t)?nn(t,f,{immediate:!1}):Kt(t.content)&&nn(t.content,g,{immediate:!1}),B}function EH(e,t){const n=Je();return Oi(()=>{const i=(Array.isArray(e)?e.map(s=>s.value):typeof e=="function"?e():e.value).map(s=>s instanceof Element?s._tippy:s).filter(Boolean);n.value=oH(i,t?{allowHTML:!0,...t}:{allowHTML:!0})}),{singleton:n}}Ot({props:{to:{type:[String,Function]},tag:{type:String,default:"span"},contentTag:{type:String,default:"span"},contentClass:{type:String,default:null},appendTo:{default:()=>je.defaultProps.appendTo},aria:{default:()=>je.defaultProps.aria},delay:{default:()=>je.defaultProps.delay},duration:{default:()=>je.defaultProps.duration},getReferenceClientRect:{default:()=>je.defaultProps.getReferenceClientRect},hideOnClick:{type:[Boolean,String],default:()=>je.defaultProps.hideOnClick},ignoreAttributes:{type:Boolean,default:()=>je.defaultProps.ignoreAttributes},interactive:{type:Boolean,default:()=>je.defaultProps.interactive},interactiveBorder:{default:()=>je.defaultProps.interactiveBorder},interactiveDebounce:{default:()=>je.defaultProps.interactiveDebounce},moveTransition:{default:()=>je.defaultProps.moveTransition},offset:{default:()=>je.defaultProps.offset},onAfterUpdate:{default:()=>je.defaultProps.onAfterUpdate},onBeforeUpdate:{default:()=>je.defaultProps.onBeforeUpdate},onCreate:{default:()=>je.defaultProps.onCreate},onDestroy:{default:()=>je.defaultProps.onDestroy},onHidden:{default:()=>je.defaultProps.onHidden},onHide:{default:()=>je.defaultProps.onHide},onMount:{default:()=>je.defaultProps.onMount},onShow:{default:()=>je.defaultProps.onShow},onShown:{default:()=>je.defaultProps.onShown},onTrigger:{default:()=>je.defaultProps.onTrigger},onUntrigger:{default:()=>je.defaultProps.onUntrigger},onClickOutside:{default:()=>je.defaultProps.onClickOutside},placement:{default:()=>je.defaultProps.placement},plugins:{default:()=>je.defaultProps.plugins},popperOptions:{default:()=>je.defaultProps.popperOptions},render:{default:()=>je.defaultProps.render},showOnCreate:{type:Boolean,default:()=>je.defaultProps.showOnCreate},touch:{type:[Boolean,String,Array],default:()=>je.defaultProps.touch},trigger:{default:()=>je.defaultProps.trigger},triggerTarget:{default:()=>je.defaultProps.triggerTarget},animateFill:{type:Boolean,default:()=>je.defaultProps.animateFill},followCursor:{type:[Boolean,String],default:()=>je.defaultProps.followCursor},inlinePositioning:{type:Boolean,default:()=>je.defaultProps.inlinePositioning},sticky:{type:[Boolean,String],default:()=>je.defaultProps.sticky},allowHTML:{type:Boolean,default:()=>je.defaultProps.allowHTML},animation:{default:()=>je.defaultProps.animation},arrow:{default:()=>je.defaultProps.arrow},content:{default:()=>je.defaultProps.content},inertia:{default:()=>je.defaultProps.inertia},maxWidth:{default:()=>je.defaultProps.maxWidth},role:{default:()=>je.defaultProps.role},theme:{default:()=>je.defaultProps.theme},zIndex:{default:()=>je.defaultProps.zIndex}},emits:["state"],setup(e,{slots:t,emit:n,expose:r}){const i=Je(),s=Je(),l=Je(!1),c=()=>{let g={...e};for(const S of["to","tag","contentTag","contentClass"])g.hasOwnProperty(S)&&delete g[S];return g};let u=i;e.to&&(typeof Element<"u"&&e.to instanceof Element?u=()=>e.to:(typeof e.to=="string"||e.to instanceof String)&&(u=()=>document.querySelector(e.to)));const p=RA(u,c());Oi(()=>{l.value=!0,ks(()=>{t.content&&p.setContent(()=>s.value)})}),nn(p.state,()=>{n("state",h(p.state))},{immediate:!0,deep:!0}),nn(()=>e,()=>{p.setProps(c()),t.content&&p.setContent(()=>s.value)},{deep:!0});let f=Ln({elem:i,contentElem:s,mounted:l,...p});return r(f),()=>{const g=t.default?t.default(f):[];return $a(e.tag,{ref:i,"data-v-tippy":""},t.content?[g,$a(e.contentTag,{ref:s,style:{display:l.value?"inherit":"none"},class:e.contentClass},t.content(f))]:g)}}});const gH=["a11y","allowHTML","arrow","flip","flipOnUpdate","hideOnClick","ignoreAttributes","inertia","interactive","lazy","multiple","showOnInit","touch","touchHold"];let lh={};Object.keys(je.defaultProps).forEach(e=>{gH.includes(e)?lh[e]={type:Boolean,default:function(){return je.defaultProps[e]}}:lh[e]={default:function(){return je.defaultProps[e]}}});Ot({props:lh,setup(e){const t=Je([]),{singleton:n}=EH(t,e);return{instances:t,singleton:n}},mounted(){var e;const n=this.$el.parentElement.querySelectorAll("[data-v-tippy]");this.instances=Array.from(n).map(r=>r._tippy).filter(Boolean),(e=this.singleton)===null||e===void 0||e.setInstances(this.instances)},render(){let e=this.$slots.default?this.$slots.default():[];return $a(()=>e)}});const St={mounted(e,t,n){const r=typeof t.value=="string"?{content:t.value}:t.value||{},i=Object.keys(t.modifiers||{}),s=i.find(c=>c!=="arrow"),l=i.findIndex(c=>c==="arrow")!==-1;s&&(r.placement=r.placement||s),l&&(r.arrow=r.arrow!==void 0?r.arrow:!0),n.props&&n.props.onTippyShow&&(r.onShow=function(...c){var u;return(u=n.props)===null||u===void 0?void 0:u.onTippyShow(...c)}),n.props&&n.props.onTippyShown&&(r.onShown=function(...c){var u;return(u=n.props)===null||u===void 0?void 0:u.onTippyShown(...c)}),n.props&&n.props.onTippyHidden&&(r.onHidden=function(...c){var u;return(u=n.props)===null||u===void 0?void 0:u.onTippyHidden(...c)}),n.props&&n.props.onTippyHide&&(r.onHide=function(...c){var u;return(u=n.props)===null||u===void 0?void 0:u.onTippyHide(...c)}),n.props&&n.props.onTippyMount&&(r.onMount=function(...c){var u;return(u=n.props)===null||u===void 0?void 0:u.onTippyMount(...c)}),e.getAttribute("title")&&!r.content&&(r.content=e.getAttribute("title"),e.removeAttribute("title")),e.getAttribute("content")&&!r.content&&(r.content=e.getAttribute("content")),RA(e,r)},unmounted(e){e.$tippy?e.$tippy.destroy():e._tippy&&e._tippy.destroy()},updated(e,t){const n=typeof t.value=="string"?{content:t.value}:t.value||{};e.getAttribute("title")&&!n.content&&(n.content=e.getAttribute("title"),e.removeAttribute("title")),e.getAttribute("content")&&!n.content&&(n.content=e.getAttribute("content")),e.$tippy?e.$tippy.setProps(n||{}):e._tippy&&e._tippy.setProps(n||{})}},vH=je.setDefaultProps;vH({ignoreAttributes:!0,plugins:[mH,hH,fH,lH]});var TH={prefix:"fas",iconName:"pen-to-square",icon:[512,512,["edit"],"f044","M471.6 21.7c-21.9-21.9-57.3-21.9-79.2 0L362.3 51.7l97.9 97.9 30.1-30.1c21.9-21.9 21.9-57.3 0-79.2L471.6 21.7zm-299.2 220c-6.1 6.1-10.8 13.6-13.5 21.9l-29.6 88.8c-2.9 8.6-.6 18.1 5.8 24.6s15.9 8.7 24.6 5.8l88.8-29.6c8.2-2.7 15.7-7.4 21.9-13.5L437.7 172.3 339.7 74.3 172.4 241.7zM96 64C43 64 0 107 0 160V416c0 53 43 96 96 96H352c53 0 96-43 96-96V320c0-17.7-14.3-32-32-32s-32 14.3-32 32v96c0 17.7-14.3 32-32 32H96c-17.7 0-32-14.3-32-32V160c0-17.7 14.3-32 32-32h96c17.7 0 32-14.3 32-32s-14.3-32-32-32H96z"]},SH=TH,AH={prefix:"fas",iconName:"chevron-up",icon:[512,512,[],"f077","M233.4 105.4c12.5-12.5 32.8-12.5 45.3 0l192 192c12.5 12.5 12.5 32.8 0 45.3s-32.8 12.5-45.3 0L256 173.3 86.6 342.6c-12.5 12.5-32.8 12.5-45.3 0s-12.5-32.8 0-45.3l192-192z"]},bH={prefix:"fas",iconName:"align-justify",icon:[448,512,[],"f039","M448 64c0-17.7-14.3-32-32-32H32C14.3 32 0 46.3 0 64S14.3 96 32 96H416c17.7 0 32-14.3 32-32zm0 256c0-17.7-14.3-32-32-32H32c-17.7 0-32 14.3-32 32s14.3 32 32 32H416c17.7 0 32-14.3 32-32zM0 192c0 17.7 14.3 32 32 32H416c17.7 0 32-14.3 32-32s-14.3-32-32-32H32c-17.7 0-32 14.3-32 32zM448 448c0-17.7-14.3-32-32-32H32c-17.7 0-32 14.3-32 32s14.3 32 32 32H416c17.7 0 32-14.3 32-32z"]},RH={prefix:"fas",iconName:"clipboard",icon:[384,512,[128203],"f328","M192 0c-41.8 0-77.4 26.7-90.5 64H64C28.7 64 0 92.7 0 128V448c0 35.3 28.7 64 64 64H320c35.3 0 64-28.7 64-64V128c0-35.3-28.7-64-64-64H282.5C269.4 26.7 233.8 0 192 0zm0 64a32 32 0 1 1 0 64 32 32 0 1 1 0-64zM112 192H272c8.8 0 16 7.2 16 16s-7.2 16-16 16H112c-8.8 0-16-7.2-16-16s7.2-16 16-16z"]},LH={prefix:"fas",iconName:"arrow-down-wide-short",icon:[576,512,["sort-amount-asc","sort-amount-down"],"f160","M151.6 469.6C145.5 476.2 137 480 128 480s-17.5-3.8-23.6-10.4l-88-96c-11.9-13-11.1-33.3 2-45.2s33.3-11.1 45.2 2L96 365.7V64c0-17.7 14.3-32 32-32s32 14.3 32 32V365.7l32.4-35.4c11.9-13 32.2-13.9 45.2-2s13.9 32.2 2 45.2l-88 96zM320 480c-17.7 0-32-14.3-32-32s14.3-32 32-32h32c17.7 0 32 14.3 32 32s-14.3 32-32 32H320zm0-128c-17.7 0-32-14.3-32-32s14.3-32 32-32h96c17.7 0 32 14.3 32 32s-14.3 32-32 32H320zm0-128c-17.7 0-32-14.3-32-32s14.3-32 32-32H480c17.7 0 32 14.3 32 32s-14.3 32-32 32H320zm0-128c-17.7 0-32-14.3-32-32s14.3-32 32-32H544c17.7 0 32 14.3 32 32s-14.3 32-32 32H320z"]},ch={prefix:"fas",iconName:"filter",icon:[512,512,[],"f0b0","M3.9 54.9C10.5 40.9 24.5 32 40 32H472c15.5 0 29.5 8.9 36.1 22.9s4.6 30.5-5.2 42.5L320 320.9V448c0 12.1-6.8 23.2-17.7 28.6s-23.8 4.3-33.5-3l-64-48c-8.1-6-12.8-15.5-12.8-25.6V320.9L9 97.3C-.7 85.4-2.8 68.8 3.9 54.9z"]},OH={prefix:"fas",iconName:"trash",icon:[448,512,[],"f1f8","M135.2 17.7L128 32H32C14.3 32 0 46.3 0 64S14.3 96 32 96H416c17.7 0 32-14.3 32-32s-14.3-32-32-32H320l-7.2-14.3C307.4 6.8 296.3 0 284.2 0H163.8c-12.1 0-23.2 6.8-28.6 17.7zM416 128H32L53.2 467c1.6 25.3 22.6 45 47.9 45H346.9c25.3 0 46.3-19.7 47.9-45L416 128z"]},yH={prefix:"fas",iconName:"circle-info",icon:[512,512,["info-circle"],"f05a","M256 512A256 256 0 1 0 256 0a256 256 0 1 0 0 512zM216 336h24V272H216c-13.3 0-24-10.7-24-24s10.7-24 24-24h48c13.3 0 24 10.7 24 24v88h8c13.3 0 24 10.7 24 24s-10.7 24-24 24H216c-13.3 0-24-10.7-24-24s10.7-24 24-24zm40-208a32 32 0 1 1 0 64 32 32 0 1 1 0-64z"]},Cu=yH,NH={prefix:"fas",iconName:"arrow-rotate-left",icon:[512,512,[8634,"arrow-left-rotate","arrow-rotate-back","arrow-rotate-backward","undo"],"f0e2","M125.7 160H176c17.7 0 32 14.3 32 32s-14.3 32-32 32H48c-17.7 0-32-14.3-32-32V64c0-17.7 14.3-32 32-32s32 14.3 32 32v51.2L97.6 97.6c87.5-87.5 229.3-87.5 316.8 0s87.5 229.3 0 316.8s-229.3 87.5-316.8 0c-12.5-12.5-12.5-32.8 0-45.3s32.8-12.5 45.3 0c62.5 62.5 163.8 62.5 226.3 0s62.5-163.8 0-226.3s-163.8-62.5-226.3 0L125.7 160z"]},CH=NH,LA={prefix:"fas",iconName:"clock",icon:[512,512,[128339,"clock-four"],"f017","M256 0a256 256 0 1 1 0 512A256 256 0 1 1 256 0zM232 120V256c0 8 4 15.5 10.7 20l96 64c11 7.4 25.9 4.4 33.3-6.7s4.4-25.9-6.7-33.3L280 243.2V120c0-13.3-10.7-24-24-24s-24 10.7-24 24z"]},xH={prefix:"fas",iconName:"caret-down",icon:[320,512,[],"f0d7","M137.4 374.6c12.5 12.5 32.8 12.5 45.3 0l128-128c9.2-9.2 11.9-22.9 6.9-34.9s-16.6-19.8-29.6-19.8L32 192c-12.9 0-24.6 7.8-29.6 19.8s-2.2 25.7 6.9 34.9l128 128z"]},wH={prefix:"fas",iconName:"arrow-down-short-wide",icon:[576,512,["sort-amount-desc","sort-amount-down-alt"],"f884","M151.6 469.6C145.5 476.2 137 480 128 480s-17.5-3.8-23.6-10.4l-88-96c-11.9-13-11.1-33.3 2-45.2s33.3-11.1 45.2 2L96 365.7V64c0-17.7 14.3-32 32-32s32 14.3 32 32V365.7l32.4-35.4c11.9-13 32.2-13.9 45.2-2s13.9 32.2 2 45.2l-88 96zM320 32h32c17.7 0 32 14.3 32 32s-14.3 32-32 32H320c-17.7 0-32-14.3-32-32s14.3-32 32-32zm0 128h96c17.7 0 32 14.3 32 32s-14.3 32-32 32H320c-17.7 0-32-14.3-32-32s14.3-32 32-32zm0 128H480c17.7 0 32 14.3 32 32s-14.3 32-32 32H320c-17.7 0-32-14.3-32-32s14.3-32 32-32zm0 128H544c17.7 0 32 14.3 32 32s-14.3 32-32 32H320c-17.7 0-32-14.3-32-32s14.3-32 32-32z"]},IH={prefix:"fas",iconName:"thumbs-down",icon:[512,512,[128078,61576],"f165","M313.4 479.1c26-5.2 42.9-30.5 37.7-56.5l-2.3-11.4c-5.3-26.7-15.1-52.1-28.8-75.2H464c26.5 0 48-21.5 48-48c0-18.5-10.5-34.6-25.9-42.6C497 236.6 504 223.1 504 208c0-23.4-16.8-42.9-38.9-47.1c4.4-7.3 6.9-15.8 6.9-24.9c0-21.3-13.9-39.4-33.1-45.6c.7-3.3 1.1-6.8 1.1-10.4c0-26.5-21.5-48-48-48H294.5c-19 0-37.5 5.6-53.3 16.1L202.7 73.8C176 91.6 160 121.6 160 153.7V192v48 24.9c0 29.2 13.3 56.7 36 75l7.4 5.9c26.5 21.2 44.6 51 51.2 84.2l2.3 11.4c5.2 26 30.5 42.9 56.5 37.7zM32 384H96c17.7 0 32-14.3 32-32V128c0-17.7-14.3-32-32-32H32C14.3 96 0 110.3 0 128V352c0 17.7 14.3 32 32 32z"]},OA={prefix:"fas",iconName:"arrow-down",icon:[384,512,[8595],"f063","M169.4 470.6c12.5 12.5 32.8 12.5 45.3 0l160-160c12.5-12.5 12.5-32.8 0-45.3s-32.8-12.5-45.3 0L224 370.8 224 64c0-17.7-14.3-32-32-32s-32 14.3-32 32l0 306.7L54.6 265.4c-12.5-12.5-32.8-12.5-45.3 0s-12.5 32.8 0 45.3l160 160z"]},kH={prefix:"fas",iconName:"magnifying-glass",icon:[512,512,[128269,"search"],"f002","M416 208c0 45.9-14.9 88.3-40 122.7L502.6 457.4c12.5 12.5 12.5 32.8 0 45.3s-32.8 12.5-45.3 0L330.7 376c-34.4 25.2-76.8 40-122.7 40C93.1 416 0 322.9 0 208S93.1 0 208 0S416 93.1 416 208zM208 352a144 144 0 1 0 0-288 144 144 0 1 0 0 288z"]},BH=kH,yA={prefix:"fas",iconName:"chevron-down",icon:[512,512,[],"f078","M233.4 406.6c12.5 12.5 32.8 12.5 45.3 0l192-192c12.5-12.5 12.5-32.8 0-45.3s-32.8-12.5-45.3 0L256 338.7 86.6 169.4c-12.5-12.5-32.8-12.5-45.3 0s-12.5 32.8 0 45.3l192 192z"]},NA={prefix:"fas",iconName:"arrow-up",icon:[384,512,[8593],"f062","M214.6 41.4c-12.5-12.5-32.8-12.5-45.3 0l-160 160c-12.5 12.5-12.5 32.8 0 45.3s32.8 12.5 45.3 0L160 141.2V448c0 17.7 14.3 32 32 32s32-14.3 32-32V141.2L329.4 246.6c12.5 12.5 32.8 12.5 45.3 0s12.5-32.8 0-45.3l-160-160z"]},PH={prefix:"fas",iconName:"chevron-right",icon:[320,512,[9002],"f054","M310.6 233.4c12.5 12.5 12.5 32.8 0 45.3l-192 192c-12.5 12.5-32.8 12.5-45.3 0s-12.5-32.8 0-45.3L242.7 256 73.4 86.6c-12.5-12.5-12.5-32.8 0-45.3s32.8-12.5 45.3 0l192 192z"]},DH={prefix:"fas",iconName:"check",icon:[448,512,[10003,10004],"f00c","M438.6 105.4c12.5 12.5 12.5 32.8 0 45.3l-256 256c-12.5 12.5-32.8 12.5-45.3 0l-128-128c-12.5-12.5-12.5-32.8 0-45.3s32.8-12.5 45.3 0L160 338.7 393.4 105.4c12.5-12.5 32.8-12.5 45.3 0z"]},MH={prefix:"fas",iconName:"triangle-exclamation",icon:[512,512,[9888,"exclamation-triangle","warning"],"f071","M256 32c14.2 0 27.3 7.5 34.5 19.8l216 368c7.3 12.4 7.3 27.7 .2 40.1S486.3 480 472 480H40c-14.3 0-27.6-7.7-34.7-20.1s-7-27.8 .2-40.1l216-368C228.7 39.5 241.8 32 256 32zm0 128c-13.3 0-24 10.7-24 24V296c0 13.3 10.7 24 24 24s24-10.7 24-24V184c0-13.3-10.7-24-24-24zm32 224a32 32 0 1 0 -64 0 32 32 0 1 0 64 0z"]},k1=MH,HH={prefix:"fas",iconName:"right-left",icon:[512,512,["exchange-alt"],"f362","M32 96l320 0V32c0-12.9 7.8-24.6 19.8-29.6s25.7-2.2 34.9 6.9l96 96c6 6 9.4 14.1 9.4 22.6s-3.4 16.6-9.4 22.6l-96 96c-9.2 9.2-22.9 11.9-34.9 6.9s-19.8-16.6-19.8-29.6V160L32 160c-17.7 0-32-14.3-32-32s14.3-32 32-32zM480 352c17.7 0 32 14.3 32 32s-14.3 32-32 32H160v64c0 12.9-7.8 24.6-19.8 29.6s-25.7 2.2-34.9-6.9l-96-96c-6-6-9.4-14.1-9.4-22.6s3.4-16.6 9.4-22.6l96-96c9.2-9.2 22.9-11.9 34.9-6.9s19.8 16.6 19.8 29.6l0 64H480z"]},CA=HH,xA={prefix:"fas",iconName:"dollar-sign",icon:[320,512,[128178,61781,"dollar","usd"],"24","M160 0c17.7 0 32 14.3 32 32V67.7c1.6 .2 3.1 .4 4.7 .7c.4 .1 .7 .1 1.1 .2l48 8.8c17.4 3.2 28.9 19.9 25.7 37.2s-19.9 28.9-37.2 25.7l-47.5-8.7c-31.3-4.6-58.9-1.5-78.3 6.2s-27.2 18.3-29 28.1c-2 10.7-.5 16.7 1.2 20.4c1.8 3.9 5.5 8.3 12.8 13.2c16.3 10.7 41.3 17.7 73.7 26.3l2.9 .8c28.6 7.6 63.6 16.8 89.6 33.8c14.2 9.3 27.6 21.9 35.9 39.5c8.5 17.9 10.3 37.9 6.4 59.2c-6.9 38-33.1 63.4-65.6 76.7c-13.7 5.6-28.6 9.2-44.4 11V480c0 17.7-14.3 32-32 32s-32-14.3-32-32V445.1c-.4-.1-.9-.1-1.3-.2l-.2 0 0 0c-24.4-3.8-64.5-14.3-91.5-26.3c-16.1-7.2-23.4-26.1-16.2-42.2s26.1-23.4 42.2-16.2c20.9 9.3 55.3 18.5 75.2 21.6c31.9 4.7 58.2 2 76-5.3c16.9-6.9 24.6-16.9 26.8-28.9c1.9-10.6 .4-16.7-1.3-20.4c-1.9-4-5.6-8.4-13-13.3c-16.4-10.7-41.5-17.7-74-26.3l-2.8-.7 0 0C119.4 279.3 84.4 270 58.4 253c-14.2-9.3-27.5-22-35.8-39.6c-8.4-17.9-10.1-37.9-6.1-59.2C23.7 116 52.3 91.2 84.8 78.3c13.3-5.3 27.9-8.9 43.2-11V32c0-17.7 14.3-32 32-32z"]};const WH={class:"copy position-absolute",style:{top:"0",right:"0"}},B1=Ot({__name:"Copy",props:{content:null},setup(e){const t=e,n=Je(!1);function r(){const{toClipboard:i}=kM();i(t.content),n.value=!0,window.setTimeout(()=>{n.value=!1},2e3)}return(i,s)=>(w(),k("div",WH,[A("button",{name:"copyRawButton",class:Ie(["btn btn-outline-secondary bg-light btn-sm m-2",n.value?"d-none":"d-block"]),onClick:r},[we(h(_t),{"fixed-width":"",icon:h(RH)},null,8,["icon"])],2),v(),mt((w(),k("button",{class:Ie(["btn btn-outline-secondary bg-light btn-sm m-2",n.value?"d-block":"d-none"]),onClick:r},[we(h(_t),{"fixed-width":"",icon:h(DH),class:"text-success"},null,8,["icon"])],2)),[[h(St),{placement:"left",arrow:!0,content:"copied"}]])]))}});var vt=(e=>(e[e.time=0]="time",e[e.rows=1]="rows",e[e.cost=2]="cost",e[e.buffers=3]="buffers",e[e.estimate_factor=4]="estimate_factor",e[e.io=5]="io",e))(vt||{}),nt=(e=>(e.shared="Shared",e.temp="Temp",e.local="Local",e))(nt||{});class zn{static NONE="none";static DURATION="duration";static ROWS="rows";static COST="cost"}var gi=(e=>(e.asc="asc",e.desc="desc",e))(gi||{}),tn=(e=>(e[e.over=1]="over",e[e.under=2]="under",e[e.none=3]="none",e))(tn||{}),m=(e=>(e.NODE_TYPE="Node Type",e.ACTUAL_ROWS="Actual Rows",e.PLAN_ROWS="Plan Rows",e.PLAN_WIDTH="Plan Width",e.ROWS_REMOVED_BY_FILTER="Rows Removed by Filter",e.ROWS_REMOVED_BY_JOIN_FILTER="Rows Removed by Join Filter",e.ACTUAL_STARTUP_TIME="Actual Startup Time",e.ACTUAL_TOTAL_TIME="Actual Total Time",e.ACTUAL_LOOPS="Actual Loops",e.STARTUP_COST="Startup Cost",e.TOTAL_COST="Total Cost",e.PLANS="Plans",e.RELATION_NAME="Relation Name",e.SCHEMA="Schema",e.ALIAS="Alias",e.GROUP_KEY="Group Key",e.SORT_KEY="Sort Key",e.SORT_METHOD="Sort Method",e.SORT_SPACE_TYPE="Sort Space Type",e.SORT_SPACE_USED="Sort Space Used",e.JOIN_TYPE="Join Type",e.INDEX_NAME="Index Name",e.HASH_CONDITION="Hash Cond",e.PARENT_RELATIONSHIP="Parent Relationship",e.SUBPLAN_NAME="Subplan Name",e.PARALLEL_AWARE="Parallel Aware",e.WORKERS="Workers",e.WORKERS_PLANNED="Workers Planned",e.WORKERS_LAUNCHED="Workers Launched",e.SHARED_HIT_BLOCKS="Shared Hit Blocks",e.SHARED_READ_BLOCKS="Shared Read Blocks",e.SHARED_DIRTIED_BLOCKS="Shared Dirtied Blocks",e.SHARED_WRITTEN_BLOCKS="Shared Written Blocks",e.TEMP_READ_BLOCKS="Temp Read Blocks",e.TEMP_WRITTEN_BLOCKS="Temp Written Blocks",e.LOCAL_HIT_BLOCKS="Local Hit Blocks",e.LOCAL_READ_BLOCKS="Local Read Blocks",e.LOCAL_DIRTIED_BLOCKS="Local Dirtied Blocks",e.LOCAL_WRITTEN_BLOCKS="Local Written Blocks",e.IO_READ_TIME="I/O Read Time",e.IO_WRITE_TIME="I/O Write Time",e.OUTPUT="Output",e.HEAP_FETCHES="Heap Fetches",e.WAL_RECORDS="WAL Records",e.WAL_BYTES="WAL Bytes",e.WAL_FPI="WAL FPI",e.FULL_SORT_GROUPS="Full-sort Groups",e.PRE_SORTED_GROUPS="Pre-sorted Groups",e.PRESORTED_KEY="Presorted Key",e.NODE_ID="nodeId",e.EXCLUSIVE_DURATION="*Duration (exclusive)",e.EXCLUSIVE_COST="*Cost (exclusive)",e.ACTUAL_ROWS_REVISED="*Actual Rows Revised",e.PLAN_ROWS_REVISED="*Plan Rows Revised",e.ROWS_REMOVED_BY_FILTER_REVISED="*Rows Removed by Filter",e.ROWS_REMOVED_BY_JOIN_FILTER_REVISED="*Rows Removed by Join Filter",e.PLANNER_ESTIMATE_FACTOR="*Planner Row Estimate Factor",e.PLANNER_ESTIMATE_DIRECTION="*Planner Row Estimate Direction",e.EXCLUSIVE_SHARED_HIT_BLOCKS="*Shared Hit Blocks (exclusive)",e.EXCLUSIVE_SHARED_READ_BLOCKS="*Shared Read Blocks (exclusive)",e.EXCLUSIVE_SHARED_DIRTIED_BLOCKS="*Shared Dirtied Blocks (exclusive)",e.EXCLUSIVE_SHARED_WRITTEN_BLOCKS="*Shared Written Blocks (exclusive)",e.EXCLUSIVE_TEMP_READ_BLOCKS="*Temp Read Blocks (exclusive)",e.EXCLUSIVE_TEMP_WRITTEN_BLOCKS="*Temp Written Blocks (exclusive)",e.EXCLUSIVE_LOCAL_HIT_BLOCKS="*Local Hit Blocks (exclusive)",e.EXCLUSIVE_LOCAL_READ_BLOCKS="*Local Read Blocks (exclusive)",e.EXCLUSIVE_LOCAL_DIRTIED_BLOCKS="*Local Dirtied Blocks (exclusive)",e.EXCLUSIVE_LOCAL_WRITTEN_BLOCKS="*Local Written Blocks (exclusive)",e.EXCLUSIVE_IO_READ_TIME="*I/O Read Time (exclusive)",e.EXCLUSIVE_IO_WRITE_TIME="*I/O Write Time (exclusive)",e.AVERAGE_IO_READ_TIME="*I/O Read Speed (exclusive)",e.AVERAGE_IO_WRITE_TIME="*I/O Write Speed (exclusive)",e.WORKERS_PLANNED_BY_GATHER="*Workers Planned By Gather",e.CTE_SCAN="CTE Scan",e.CTE_NAME="CTE Name",e.FUNCTION_NAME="Function Name",e.ARRAY_INDEX_KEY="arrayIndex",e.PEV_PLAN_TAG="plan_",e))(m||{}),fn=(e=>(e[e.blocks=0]="blocks",e[e.boolean=1]="boolean",e[e.bytes=2]="bytes",e[e.cost=3]="cost",e[e.duration=4]="duration",e[e.estimateDirection=5]="estimateDirection",e[e.factor=6]="factor",e[e.increment=7]="increment",e[e.json=8]="json",e[e.kilobytes=9]="kilobytes",e[e.list=10]="list",e[e.loops=11]="loops",e[e.rows=12]="rows",e[e.sortGroups=13]="sortGroups",e[e.transferRate=14]="transferRate",e))(fn||{});const Ke={};Ke["Actual Rows"]=12;Ke["Actual Loops"]=11;Ke["Plan Rows"]=12;Ke["Plan Width"]=2;Ke["*Actual Rows Revised"]=12;Ke["*Plan Rows Revised"]=12;Ke["Actual Total Time"]=4;Ke["Actual Startup Time"]=4;Ke["Startup Cost"]=3;Ke["Total Cost"]=3;Ke["Parallel Aware"]=1;Ke.Workers=8;Ke["Sort Space Used"]=9;Ke["Rows Removed by Filter"]=12;Ke["Rows Removed by Join Filter"]=12;Ke["*Rows Removed by Filter"]=12;Ke["*Rows Removed by Join Filter"]=12;Ke["Heap Fetches"]=12;Ke.Output=10;Ke["Sort Key"]=10;Ke["Presorted Key"]=10;Ke["WAL Records"]=12;Ke["WAL Bytes"]=2;Ke["WAL FPI"]=12;Ke["*Duration (exclusive)"]=4;Ke["*Cost (exclusive)"]=3;Ke["*Planner Row Estimate Factor"]=6;Ke["*Planner Row Estimate Direction"]=5;Ke["I/O Read Time"]=4;Ke["I/O Write Time"]=4;Ke["*I/O Read Time (exclusive)"]=4;Ke["*I/O Write Time (exclusive)"]=4;Ke["*I/O Read Speed (exclusive)"]=14;Ke["*I/O Write Speed (exclusive)"]=14;Ke["*Shared Hit Blocks (exclusive)"]=0;Ke["*Shared Read Blocks (exclusive)"]=0;Ke["*Shared Dirtied Blocks (exclusive)"]=0;Ke["*Shared Written Blocks (exclusive)"]=0;Ke["*Temp Read Blocks (exclusive)"]=0;Ke["*Temp Written Blocks (exclusive)"]=0;Ke["*Local Hit Blocks (exclusive)"]=0;Ke["*Local Read Blocks (exclusive)"]=0;Ke["*Local Dirtied Blocks (exclusive)"]=0;Ke["*Local Written Blocks (exclusive)"]=0;Ke["Full-sort Groups"]=13;Ke["Pre-sorted Groups"]=13;class gd{static WORKER_NUMBER="Worker Number"}Ke[gd.WORKER_NUMBER]=7;var au=(e=>(e.GROUP_COUNT="Group Count",e.SORT_METHODS_USED="Sort Methods Used",e.SORT_SPACE_MEMORY="Sort Space Memory",e))(au||{}),uh=(e=>(e.AVERAGE_SORT_SPACE_USED="Average Sort Space Used",e.PEAK_SORT_SPACE_USED="Peak Sort Space Used",e))(uh||{});class Ol{nodeId=0;getNodeTypeDescription(t){return UH[t.toUpperCase()]}getHelpMessage(t){return $H[t.toUpperCase()]}}const UH={LIMIT:"returns a specified number of rows from a record set.",SORT:"sorts a record set based on the specified sort key.","NESTED LOOP":`merges two record sets by looping through every record in the first set and
   trying to find a match in the second set. All matching records are returned.`,"MERGE JOIN":"merges two record sets by first sorting them on a <strong>join key</strong>.",HASH:`generates a hash table from the records in the input recordset. Hash is used by
   <strong>Hash Join</strong>.`,"HASH JOIN":"joins two record sets by hashing one of them (using a <strong>Hash Scan</strong>).",AGGREGATE:"groups records together based on a GROUP BY or aggregate function (like <code>sum()</code>).",HASHAGGREGATE:`groups records together based on a GROUP BY or aggregate function (like sum()). Hash Aggregate uses
   a hash to first organize the records by a key.`,"SEQ SCAN":`finds relevant records by sequentially scanning the input record set. When reading from a table,
   Seq Scans (unlike Index Scans) perform a single read operation (only the table is read).`,"INDEX SCAN":`finds relevant records based on an <strong>Index</strong>.
    Index Scans perform 2 read operations: one to
    read the index and another to read the actual value from the table.`,"INDEX ONLY SCAN":`finds relevant records based on an <strong>Index</strong>.
    Index Only Scans perform a single read operation
    from the index and do not read from the corresponding table.`,"BITMAP HEAP SCAN":`searches through the pages returned by the <strong>Bitmap Index Scan</strong>
    for relevant rows.`,"BITMAP INDEX SCAN":`uses a <strong>Bitmap Index</strong> (index which uses 1 bit per page)
    to find all relevant pages.
    Results of this node are fed to the <strong>Bitmap Heap Scan</strong>.`,"CTE SCAN":`performs a sequential scan of <strong>Common Table Expression (CTE) query</strong> results. Note that
    results of a CTE are materialized (calculated and temporarily stored).`,MEMOIZE:"is used to cache the results of the inner side of a nested loop. It avoids executing underlying nodes when the results for the current parameters are already in the cache.",GATHER:"reads the results of the parallel workers, in an undefined order.","GATHER MERGE":"reads the results of the parallel workers, preserving any ordering."},$H={"MISSING EXECUTION TIME":`Execution time (or Total runtime) not available for this plan. Make sure you
    use EXPLAIN ANALYZE.`,"MISSING PLANNING TIME":"Planning time not available for this plan.","WORKERS PLANNED NOT LAUNCHED":`Less workers than planned were launched.
Consider modifying max_parallel_workers or max_parallel_workers_per_gather.`,"WORKERS DETAILED INFO MISSING":"Consider using EXPLAIN (ANALYZE, VERBOSE)","FUZZY NEEDS VERBOSE":"Information may not be accurate. Use EXPLAIN VERBOSE mode.","HINT TRACK_IO_TIMING":"HINT: activate <em><b>track_io_timing</b></em> to have details on time spent outside the PG cache."};function FH(e,t,n,r){if(!t)return;const i=e.getBoundingClientRect(),s=t.getBoundingClientRect();let l=e.scrollLeft;const c=s.left>=i.left&&s.left<=i.right&&s.right<=i.right;let u=e.scrollTop;const p=s.top>=i.top&&s.top<=i.bottom&&s.bottom<=i.bottom;n||!c||!p?(l=s.left+e.scrollLeft-i.left-i.width/2+s.width/2,u=s.top+e.scrollTop-i.top-i.height/2+s.height/2,VH({element:e,to:{scrollTop:u,scrollLeft:l},duration:400,done:r})):r&&r()}const P1=({currentTime:e,start:t,change:n,duration:r})=>{let i=e;return i/=r/2,i<1?n/2*i*i+t:(i-=1,-n/2*(i*(i-2)-1)+t)};function VH({duration:e,element:t,to:n,done:r}){const i=t.scrollTop,s=t.scrollLeft,l=n.scrollTop-i,c=n.scrollLeft-s,u=new Date().getTime(),p=()=>{const g=new Date().getTime()-u;t.scrollTop=P1({currentTime:g,start:i,change:l,duration:e}),t.scrollLeft=P1({currentTime:g,start:s,change:c,duration:e}),g<e?requestAnimationFrame(p):(t.scrollTop=n.scrollTop,t.scrollLeft=n.scrollLeft,r&&r())};p()}function D1(e,t){const n="([\\s\\S]*?)(e)?(?:(o)|(c)|(t)|(sp)|$)".replace("sp",t).replace("o","[\\(\\{\\[]").replace("c","[\\)\\}\\]]").replace("t",`['"]`).replace("e","[\\\\]"),r=new RegExp(n,"gi"),i=[];let s=[];const l=[];return e.replace(r,(c,u,p,f,g,S,L)=>{if(p)return s.push(u,L||f||g||S),"";if(f)i.push(f);else if(g)i.pop();else if(S)i[i.length-1]!==S?i.push(S):i.pop();else if(L?!i.length:!u)return s.push(u),l.push(s.join("")),s=[],"";return s.push(c),""}),l}function zH(e,t){let n;const r=e.content.Plan;return r.nodeId==t?r:(r&&r.Plans&&(r.Plans.some(function i(s){return s.nodeId===t?(n=s,!0):s.Plans&&s.Plans.some(i)}),!n&&e.ctes&&j.each(e.ctes,i=>{if(i.nodeId==t)return n=i,!1;if(i.Plans&&(i.Plans.some(function s(l){return l.nodeId===t?(n=l,!0):l.Plans&&l.Plans.some(s)}),n))return!1})),n)}function GH(e,t){let n;return e.ctes&&j.each(e.ctes,r=>{if(r[m.SUBPLAN_NAME]=="CTE "+t)return n=r,!1}),n}const KH=[m.NODE_TYPE,m.CTE_NAME,m.EXCLUSIVE_DURATION,m.EXCLUSIVE_COST,m.TOTAL_COST,m.PLAN_ROWS,m.ACTUAL_ROWS,m.ACTUAL_LOOPS,m.OUTPUT,m.WORKERS,m.WORKERS_PLANNED,m.WORKERS_LAUNCHED,m.EXCLUSIVE_SHARED_HIT_BLOCKS,m.EXCLUSIVE_SHARED_READ_BLOCKS,m.EXCLUSIVE_SHARED_DIRTIED_BLOCKS,m.EXCLUSIVE_SHARED_WRITTEN_BLOCKS,m.EXCLUSIVE_TEMP_READ_BLOCKS,m.EXCLUSIVE_TEMP_WRITTEN_BLOCKS,m.EXCLUSIVE_LOCAL_HIT_BLOCKS,m.EXCLUSIVE_LOCAL_READ_BLOCKS,m.EXCLUSIVE_LOCAL_DIRTIED_BLOCKS,m.EXCLUSIVE_LOCAL_WRITTEN_BLOCKS,m.SHARED_HIT_BLOCKS,m.SHARED_READ_BLOCKS,m.SHARED_DIRTIED_BLOCKS,m.SHARED_WRITTEN_BLOCKS,m.TEMP_READ_BLOCKS,m.TEMP_WRITTEN_BLOCKS,m.LOCAL_HIT_BLOCKS,m.LOCAL_READ_BLOCKS,m.LOCAL_DIRTIED_BLOCKS,m.LOCAL_WRITTEN_BLOCKS,m.PLANNER_ESTIMATE_FACTOR,m.PLANNER_ESTIMATE_DIRECTION,m.SUBPLAN_NAME,m.GROUP_KEY,m.HASH_CONDITION,m.JOIN_TYPE,m.INDEX_NAME,m.HASH_CONDITION,m.EXCLUSIVE_IO_READ_TIME,m.EXCLUSIVE_IO_WRITE_TIME,m.AVERAGE_IO_READ_TIME,m.AVERAGE_IO_WRITE_TIME,m.IO_READ_TIME,m.IO_WRITE_TIME,m.HEAP_FETCHES,m.WAL_RECORDS,m.WAL_BYTES,m.WAL_FPI,m.NODE_ID,m.ROWS_REMOVED_BY_FILTER,m.ROWS_REMOVED_BY_JOIN_FILTER,m.ACTUAL_ROWS_REVISED,m.PLAN_ROWS_REVISED,m.ROWS_REMOVED_BY_FILTER_REVISED,m.ROWS_REMOVED_BY_JOIN_FILTER_REVISED,"size",m.RELATION_NAME,m.ALIAS];function wA(e,t){return(!!t||Ke[e]===fn.increment||e===m.ACTUAL_ROWS)&&KH.indexOf(e)===-1}const XH={class:"tree-lines"},P_=Ot({__name:"LevelDivider",props:{level:null,isSubplan:{type:Boolean},isNode:{type:Boolean},isLastChild:{type:Boolean},branches:null,index:null,dense:{type:Boolean,default:!1}},setup(e){const n=e.dense?"":" ";return(r,i)=>(w(),k("span",XH,[(w(!0),k(Fe,null,$t(h(j).range(e.level),s=>(w(),k(Fe,null,[h(j).indexOf(e.branches,s)!=-1?(w(),k(Fe,{key:0},[v(Le(h(n))+"│",1)],64)):s!==0?(w(),k(Fe,{key:1},[v(Le(h(n))+" ",1)],64)):oe("",!0)],64))),256)),e.index!==0?(w(),k(Fe,{key:0},[e.isSubplan&&e.isNode?(w(),k(Fe,{key:1},[e.isLastChild?(w(),k(Fe,{key:1},[v(Le(h(n))+" ",1)],64)):(w(),k(Fe,{key:0},[v(Le(h(n))+"│",1)],64))],64)):(w(),k(Fe,{key:0},[v(Le(h(n))+Le(e.isLastChild?"└":"├"),1)],64))],64)):oe("",!0)]))}}),YH=A("br",null,null,-1),qH={class:"table-borderless"},jH={class:"text-nowrap p-0"},JH={class:"p-0 ps-1"},QH={class:"table-borderless"},ZH=A("td",{class:"p-0"},"Memory:",-1),eW={class:"p-0 ps-1"},tW=A("br",null,null,-1),nW=Ot({__name:"SortGroup",props:{sortGroup:null},setup(e){return(t,n)=>(w(),k("div",null,[v(`
    Count: `+Le(e.sortGroup["Group Count"])+" ",1),YH,v(),A("table",qH,[A("tr",null,[A("td",jH,[v(`
          Sort Method`),e.sortGroup["Sort Methods Used"].length>1?(w(),k(Fe,{key:0},[v("s")],64)):oe("",!0),v(`:
        `)]),v(),A("td",JH,Le(h(hi)(e.sortGroup["Sort Methods Used"])),1)])]),v(),A("table",QH,[A("tr",null,[ZH,v(),A("td",eW,[v(`
          Average:
          `+Le(h(dh)(e.sortGroup["Sort Space Memory"]["Average Sort Space Used"]))+" ",1),tW,v(`
          Peak:
          `+Le(h(dh)(e.sortGroup["Sort Space Memory"]["Peak Sort Space Used"])),1)])])])]))}});var D_={exports:{}};function M_(e){return e instanceof Map?e.clear=e.delete=e.set=function(){throw new Error("map is read-only")}:e instanceof Set&&(e.add=e.clear=e.delete=function(){throw new Error("set is read-only")}),Object.freeze(e),Object.getOwnPropertyNames(e).forEach(function(t){var n=e[t];typeof n=="object"&&!Object.isFrozen(n)&&M_(n)}),e}D_.exports=M_;D_.exports.default=M_;class M1{constructor(t){t.data===void 0&&(t.data={}),this.data=t.data,this.isMatchIgnored=!1}ignoreMatch(){this.isMatchIgnored=!0}}function IA(e){return e.replace(/&/g,"&amp;").replace(/</g,"&lt;").replace(/>/g,"&gt;").replace(/"/g,"&quot;").replace(/'/g,"&#x27;")}function zi(e,...t){const n=Object.create(null);for(const r in e)n[r]=e[r];return t.forEach(function(r){for(const i in r)n[i]=r[i]}),n}const rW="</span>",H1=e=>!!e.scope||e.sublanguage&&e.language,iW=(e,{prefix:t})=>{if(e.includes(".")){const n=e.split(".");return[`${t}${n.shift()}`,...n.map((r,i)=>`${r}${"_".repeat(i+1)}`)].join(" ")}return`${t}${e}`};class aW{constructor(t,n){this.buffer="",this.classPrefix=n.classPrefix,t.walk(this)}addText(t){this.buffer+=IA(t)}openNode(t){if(!H1(t))return;let n="";t.sublanguage?n=`language-${t.language}`:n=iW(t.scope,{prefix:this.classPrefix}),this.span(n)}closeNode(t){H1(t)&&(this.buffer+=rW)}value(){return this.buffer}span(t){this.buffer+=`<span class="${t}">`}}const W1=(e={})=>{const t={children:[]};return Object.assign(t,e),t};class H_{constructor(){this.rootNode=W1(),this.stack=[this.rootNode]}get top(){return this.stack[this.stack.length-1]}get root(){return this.rootNode}add(t){this.top.children.push(t)}openNode(t){const n=W1({scope:t});this.add(n),this.stack.push(n)}closeNode(){if(this.stack.length>1)return this.stack.pop()}closeAllNodes(){for(;this.closeNode(););}toJSON(){return JSON.stringify(this.rootNode,null,4)}walk(t){return this.constructor._walk(t,this.rootNode)}static _walk(t,n){return typeof n=="string"?t.addText(n):n.children&&(t.openNode(n),n.children.forEach(r=>this._walk(t,r)),t.closeNode(n)),t}static _collapse(t){typeof t!="string"&&t.children&&(t.children.every(n=>typeof n=="string")?t.children=[t.children.join("")]:t.children.forEach(n=>{H_._collapse(n)}))}}class sW extends H_{constructor(t){super(),this.options=t}addKeyword(t,n){t!==""&&(this.openNode(n),this.addText(t),this.closeNode())}addText(t){t!==""&&this.add(t)}addSublanguage(t,n){const r=t.root;r.sublanguage=!0,r.language=n,this.add(r)}toHTML(){return new aW(this,this.options).value()}finalize(){return!0}}function ul(e){return e?typeof e=="string"?e:e.source:null}function kA(e){return Qa("(?=",e,")")}function oW(e){return Qa("(?:",e,")*")}function lW(e){return Qa("(?:",e,")?")}function Qa(...e){return e.map(n=>ul(n)).join("")}function cW(e){const t=e[e.length-1];return typeof t=="object"&&t.constructor===Object?(e.splice(e.length-1,1),t):{}}function W_(...e){return"("+(cW(e).capture?"":"?:")+e.map(r=>ul(r)).join("|")+")"}function BA(e){return new RegExp(e.toString()+"|").exec("").length-1}function uW(e,t){const n=e&&e.exec(t);return n&&n.index===0}const dW=/\[(?:[^\\\]]|\\.)*\]|\(\??|\\([1-9][0-9]*)|\\./;function U_(e,{joinWith:t}){let n=0;return e.map(r=>{n+=1;const i=n;let s=ul(r),l="";for(;s.length>0;){const c=dW.exec(s);if(!c){l+=s;break}l+=s.substring(0,c.index),s=s.substring(c.index+c[0].length),c[0][0]==="\\"&&c[1]?l+="\\"+String(Number(c[1])+i):(l+=c[0],c[0]==="("&&n++)}return l}).map(r=>`(${r})`).join(t)}const fW=/\b\B/,PA="[a-zA-Z]\\w*",$_="[a-zA-Z_]\\w*",DA="\\b\\d+(\\.\\d+)?",MA="(-?)(\\b0[xX][a-fA-F0-9]+|(\\b\\d+(\\.\\d*)?|\\.\\d+)([eE][-+]?\\d+)?)",HA="\\b(0b[01]+)",pW="!|!=|!==|%|%=|&|&&|&=|\\*|\\*=|\\+|\\+=|,|-|-=|/=|/|:|;|<<|<<=|<=|<|===|==|=|>>>=|>>=|>=|>>>|>>|>|\\?|\\[|\\{|\\(|\\^|\\^=|\\||\\|=|\\|\\||~",hW=(e={})=>{const t=/^#![ ]*\//;return e.binary&&(e.begin=Qa(t,/.*\b/,e.binary,/\b.*/)),zi({scope:"meta",begin:t,end:/$/,relevance:0,"on:begin":(n,r)=>{n.index!==0&&r.ignoreMatch()}},e)},dl={begin:"\\\\[\\s\\S]",relevance:0},_W={scope:"string",begin:"'",end:"'",illegal:"\\n",contains:[dl]},mW={scope:"string",begin:'"',end:'"',illegal:"\\n",contains:[dl]},EW={begin:/\b(a|an|the|are|I'm|isn't|don't|doesn't|won't|but|just|should|pretty|simply|enough|gonna|going|wtf|so|such|will|you|your|they|like|more)\b/},vd=function(e,t,n={}){const r=zi({scope:"comment",begin:e,end:t,contains:[]},n);r.contains.push({scope:"doctag",begin:"[ ]*(?=(TODO|FIXME|NOTE|BUG|OPTIMIZE|HACK|XXX):)",end:/(TODO|FIXME|NOTE|BUG|OPTIMIZE|HACK|XXX):/,excludeBegin:!0,relevance:0});const i=W_("I","a","is","so","us","to","at","if","in","it","on",/[A-Za-z]+['](d|ve|re|ll|t|s|n)/,/[A-Za-z]+[-][a-z]+/,/[A-Za-z][a-z]{2,}/);return r.contains.push({begin:Qa(/[ ]+/,"(",i,/[.]?[:]?([.][ ]|[ ])/,"){3}")}),r},gW=vd("//","$"),vW=vd("/\\*","\\*/"),TW=vd("#","$"),SW={scope:"number",begin:DA,relevance:0},AW={scope:"number",begin:MA,relevance:0},bW={scope:"number",begin:HA,relevance:0},RW={begin:/(?=\/[^/\n]*\/)/,contains:[{scope:"regexp",begin:/\//,end:/\/[gimuy]*/,illegal:/\n/,contains:[dl,{begin:/\[/,end:/\]/,relevance:0,contains:[dl]}]}]},LW={scope:"title",begin:PA,relevance:0},OW={scope:"title",begin:$_,relevance:0},yW={begin:"\\.\\s*"+$_,relevance:0},NW=function(e){return Object.assign(e,{"on:begin":(t,n)=>{n.data._beginMatch=t[1]},"on:end":(t,n)=>{n.data._beginMatch!==t[1]&&n.ignoreMatch()}})};var Fc=Object.freeze({__proto__:null,MATCH_NOTHING_RE:fW,IDENT_RE:PA,UNDERSCORE_IDENT_RE:$_,NUMBER_RE:DA,C_NUMBER_RE:MA,BINARY_NUMBER_RE:HA,RE_STARTERS_RE:pW,SHEBANG:hW,BACKSLASH_ESCAPE:dl,APOS_STRING_MODE:_W,QUOTE_STRING_MODE:mW,PHRASAL_WORDS_MODE:EW,COMMENT:vd,C_LINE_COMMENT_MODE:gW,C_BLOCK_COMMENT_MODE:vW,HASH_COMMENT_MODE:TW,NUMBER_MODE:SW,C_NUMBER_MODE:AW,BINARY_NUMBER_MODE:bW,REGEXP_MODE:RW,TITLE_MODE:LW,UNDERSCORE_TITLE_MODE:OW,METHOD_GUARD:yW,END_SAME_AS_BEGIN:NW});function CW(e,t){e.input[e.index-1]==="."&&t.ignoreMatch()}function xW(e,t){e.className!==void 0&&(e.scope=e.className,delete e.className)}function wW(e,t){t&&e.beginKeywords&&(e.begin="\\b("+e.beginKeywords.split(" ").join("|")+")(?!\\.)(?=\\b|\\s)",e.__beforeBegin=CW,e.keywords=e.keywords||e.beginKeywords,delete e.beginKeywords,e.relevance===void 0&&(e.relevance=0))}function IW(e,t){Array.isArray(e.illegal)&&(e.illegal=W_(...e.illegal))}function kW(e,t){if(e.match){if(e.begin||e.end)throw new Error("begin & end are not supported with match");e.begin=e.match,delete e.match}}function BW(e,t){e.relevance===void 0&&(e.relevance=1)}const PW=(e,t)=>{if(!e.beforeMatch)return;if(e.starts)throw new Error("beforeMatch cannot be used with starts");const n=Object.assign({},e);Object.keys(e).forEach(r=>{delete e[r]}),e.keywords=n.keywords,e.begin=Qa(n.beforeMatch,kA(n.begin)),e.starts={relevance:0,contains:[Object.assign(n,{endsParent:!0})]},e.relevance=0,delete n.beforeMatch},DW=["of","and","for","in","not","or","if","then","parent","list","value"],MW="keyword";function WA(e,t,n=MW){const r=Object.create(null);return typeof e=="string"?i(n,e.split(" ")):Array.isArray(e)?i(n,e):Object.keys(e).forEach(function(s){Object.assign(r,WA(e[s],t,s))}),r;function i(s,l){t&&(l=l.map(c=>c.toLowerCase())),l.forEach(function(c){const u=c.split("|");r[u[0]]=[s,HW(u[0],u[1])]})}}function HW(e,t){return t?Number(t):WW(e)?0:1}function WW(e){return DW.includes(e.toLowerCase())}const U1={},Wa=e=>{console.error(e)},$1=(e,...t)=>{console.log(`WARN: ${e}`,...t)},ms=(e,t)=>{U1[`${e}/${t}`]||(console.log(`Deprecated as of ${e}. ${t}`),U1[`${e}/${t}`]=!0)},xu=new Error;function UA(e,t,{key:n}){let r=0;const i=e[n],s={},l={};for(let c=1;c<=t.length;c++)l[c+r]=i[c],s[c+r]=!0,r+=BA(t[c-1]);e[n]=l,e[n]._emit=s,e[n]._multi=!0}function UW(e){if(Array.isArray(e.begin)){if(e.skip||e.excludeBegin||e.returnBegin)throw Wa("skip, excludeBegin, returnBegin not compatible with beginScope: {}"),xu;if(typeof e.beginScope!="object"||e.beginScope===null)throw Wa("beginScope must be object"),xu;UA(e,e.begin,{key:"beginScope"}),e.begin=U_(e.begin,{joinWith:""})}}function $W(e){if(Array.isArray(e.end)){if(e.skip||e.excludeEnd||e.returnEnd)throw Wa("skip, excludeEnd, returnEnd not compatible with endScope: {}"),xu;if(typeof e.endScope!="object"||e.endScope===null)throw Wa("endScope must be object"),xu;UA(e,e.end,{key:"endScope"}),e.end=U_(e.end,{joinWith:""})}}function FW(e){e.scope&&typeof e.scope=="object"&&e.scope!==null&&(e.beginScope=e.scope,delete e.scope)}function VW(e){FW(e),typeof e.beginScope=="string"&&(e.beginScope={_wrap:e.beginScope}),typeof e.endScope=="string"&&(e.endScope={_wrap:e.endScope}),UW(e),$W(e)}function zW(e){function t(l,c){return new RegExp(ul(l),"m"+(e.case_insensitive?"i":"")+(e.unicodeRegex?"u":"")+(c?"g":""))}class n{constructor(){this.matchIndexes={},this.regexes=[],this.matchAt=1,this.position=0}addRule(c,u){u.position=this.position++,this.matchIndexes[this.matchAt]=u,this.regexes.push([u,c]),this.matchAt+=BA(c)+1}compile(){this.regexes.length===0&&(this.exec=()=>null);const c=this.regexes.map(u=>u[1]);this.matcherRe=t(U_(c,{joinWith:"|"}),!0),this.lastIndex=0}exec(c){this.matcherRe.lastIndex=this.lastIndex;const u=this.matcherRe.exec(c);if(!u)return null;const p=u.findIndex((g,S)=>S>0&&g!==void 0),f=this.matchIndexes[p];return u.splice(0,p),Object.assign(u,f)}}class r{constructor(){this.rules=[],this.multiRegexes=[],this.count=0,this.lastIndex=0,this.regexIndex=0}getMatcher(c){if(this.multiRegexes[c])return this.multiRegexes[c];const u=new n;return this.rules.slice(c).forEach(([p,f])=>u.addRule(p,f)),u.compile(),this.multiRegexes[c]=u,u}resumingScanAtSamePosition(){return this.regexIndex!==0}considerAll(){this.regexIndex=0}addRule(c,u){this.rules.push([c,u]),u.type==="begin"&&this.count++}exec(c){const u=this.getMatcher(this.regexIndex);u.lastIndex=this.lastIndex;let p=u.exec(c);if(this.resumingScanAtSamePosition()&&!(p&&p.index===this.lastIndex)){const f=this.getMatcher(0);f.lastIndex=this.lastIndex+1,p=f.exec(c)}return p&&(this.regexIndex+=p.position+1,this.regexIndex===this.count&&this.considerAll()),p}}function i(l){const c=new r;return l.contains.forEach(u=>c.addRule(u.begin,{rule:u,type:"begin"})),l.terminatorEnd&&c.addRule(l.terminatorEnd,{type:"end"}),l.illegal&&c.addRule(l.illegal,{type:"illegal"}),c}function s(l,c){const u=l;if(l.isCompiled)return u;[xW,kW,VW,PW].forEach(f=>f(l,c)),e.compilerExtensions.forEach(f=>f(l,c)),l.__beforeBegin=null,[wW,IW,BW].forEach(f=>f(l,c)),l.isCompiled=!0;let p=null;return typeof l.keywords=="object"&&l.keywords.$pattern&&(l.keywords=Object.assign({},l.keywords),p=l.keywords.$pattern,delete l.keywords.$pattern),p=p||/\w+/,l.keywords&&(l.keywords=WA(l.keywords,e.case_insensitive)),u.keywordPatternRe=t(p,!0),c&&(l.begin||(l.begin=/\B|\b/),u.beginRe=t(u.begin),!l.end&&!l.endsWithParent&&(l.end=/\B|\b/),l.end&&(u.endRe=t(u.end)),u.terminatorEnd=ul(u.end)||"",l.endsWithParent&&c.terminatorEnd&&(u.terminatorEnd+=(l.end?"|":"")+c.terminatorEnd)),l.illegal&&(u.illegalRe=t(l.illegal)),l.contains||(l.contains=[]),l.contains=[].concat(...l.contains.map(function(f){return GW(f==="self"?l:f)})),l.contains.forEach(function(f){s(f,u)}),l.starts&&s(l.starts,c),u.matcher=i(u),u}if(e.compilerExtensions||(e.compilerExtensions=[]),e.contains&&e.contains.includes("self"))throw new Error("ERR: contains `self` is not supported at the top-level of a language.  See documentation.");return e.classNameAliases=zi(e.classNameAliases||{}),s(e)}function $A(e){return e?e.endsWithParent||$A(e.starts):!1}function GW(e){return e.variants&&!e.cachedVariants&&(e.cachedVariants=e.variants.map(function(t){return zi(e,{variants:null},t)})),e.cachedVariants?e.cachedVariants:$A(e)?zi(e,{starts:e.starts?zi(e.starts):null}):Object.isFrozen(e)?zi(e):e}var KW="11.7.0";class XW extends Error{constructor(t,n){super(t),this.name="HTMLInjectionError",this.html=n}}const hp=IA,F1=zi,V1=Symbol("nomatch"),YW=7,qW=function(e){const t=Object.create(null),n=Object.create(null),r=[];let i=!0;const s="Could not find the language '{}', did you forget to load/include a language module?",l={disableAutodetect:!0,name:"Plain text",contains:[]};let c={ignoreUnescapedHTML:!1,throwUnescapedHTML:!1,noHighlightRe:/^(no-?highlight)$/i,languageDetectRe:/\blang(?:uage)?-([\w-]+)\b/i,classPrefix:"hljs-",cssSelector:"pre code",languages:null,__emitter:sW};function u(I){return c.noHighlightRe.test(I)}function p(I){let q=I.className+" ";q+=I.parentNode?I.parentNode.className:"";const te=c.languageDetectRe.exec(q);if(te){const Ee=R(te[1]);return Ee||($1(s.replace("{}",te[1])),$1("Falling back to no-highlight mode for this block.",I)),Ee?te[1]:"no-highlight"}return q.split(/\s+/).find(Ee=>u(Ee)||R(Ee))}function f(I,q,te){let Ee="",_e="";typeof q=="object"?(Ee=I,te=q.ignoreIllegals,_e=q.language):(ms("10.7.0","highlight(lang, code, ...args) has been deprecated."),ms("10.7.0",`Please use highlight(code, options) instead.
https://github.com/highlightjs/highlight.js/issues/2277`),_e=I,Ee=q),te===void 0&&(te=!0);const re={code:Ee,language:_e};K("before:highlight",re);const ie=re.result?re.result:g(re.language,re.code,te);return ie.code=re.code,K("after:highlight",ie),ie}function g(I,q,te,Ee){const _e=Object.create(null);function re(he,ye){return he.keywords[ye]}function ie(){if(!G.keywords){ge.addText(fe);return}let he=0;G.keywordPatternRe.lastIndex=0;let ye=G.keywordPatternRe.exec(fe),Pe="";for(;ye;){Pe+=fe.substring(he,ye.index);const He=se.case_insensitive?ye[0].toLowerCase():ye[0],rt=re(G,He);if(rt){const[yt,ln]=rt;if(ge.addText(Pe),Pe="",_e[He]=(_e[He]||0)+1,_e[He]<=YW&&(pe+=ln),yt.startsWith("_"))Pe+=ye[0];else{const Jn=se.classNameAliases[yt]||yt;ge.addKeyword(ye[0],Jn)}}else Pe+=ye[0];he=G.keywordPatternRe.lastIndex,ye=G.keywordPatternRe.exec(fe)}Pe+=fe.substring(he),ge.addText(Pe)}function Se(){if(fe==="")return;let he=null;if(typeof G.subLanguage=="string"){if(!t[G.subLanguage]){ge.addText(fe);return}he=g(G.subLanguage,fe,!0,Oe[G.subLanguage]),Oe[G.subLanguage]=he._top}else he=L(fe,G.subLanguage.length?G.subLanguage:null);G.relevance>0&&(pe+=he.relevance),ge.addSublanguage(he._emitter,he.language)}function ae(){G.subLanguage!=null?Se():ie(),fe=""}function ee(he,ye){let Pe=1;const He=ye.length-1;for(;Pe<=He;){if(!he._emit[Pe]){Pe++;continue}const rt=se.classNameAliases[he[Pe]]||he[Pe],yt=ye[Pe];rt?ge.addKeyword(yt,rt):(fe=yt,ie(),fe=""),Pe++}}function ne(he,ye){return he.scope&&typeof he.scope=="string"&&ge.openNode(se.classNameAliases[he.scope]||he.scope),he.beginScope&&(he.beginScope._wrap?(ge.addKeyword(fe,se.classNameAliases[he.beginScope._wrap]||he.beginScope._wrap),fe=""):he.beginScope._multi&&(ee(he.beginScope,ye),fe="")),G=Object.create(he,{parent:{value:G}}),G}function xe(he,ye,Pe){let He=uW(he.endRe,Pe);if(He){if(he["on:end"]){const rt=new M1(he);he["on:end"](ye,rt),rt.isMatchIgnored&&(He=!1)}if(He){for(;he.endsParent&&he.parent;)he=he.parent;return he}}if(he.endsWithParent)return xe(he.parent,ye,Pe)}function Me(he){return G.matcher.regexIndex===0?(fe+=he[0],1):(Ue=!0,0)}function Xe(he){const ye=he[0],Pe=he.rule,He=new M1(Pe),rt=[Pe.__beforeBegin,Pe["on:begin"]];for(const yt of rt)if(yt&&(yt(he,He),He.isMatchIgnored))return Me(ye);return Pe.skip?fe+=ye:(Pe.excludeBegin&&(fe+=ye),ae(),!Pe.returnBegin&&!Pe.excludeBegin&&(fe=ye)),ne(Pe,he),Pe.returnBegin?0:ye.length}function At(he){const ye=he[0],Pe=q.substring(he.index),He=xe(G,he,Pe);if(!He)return V1;const rt=G;G.endScope&&G.endScope._wrap?(ae(),ge.addKeyword(ye,G.endScope._wrap)):G.endScope&&G.endScope._multi?(ae(),ee(G.endScope,he)):rt.skip?fe+=ye:(rt.returnEnd||rt.excludeEnd||(fe+=ye),ae(),rt.excludeEnd&&(fe=ye));do G.scope&&ge.closeNode(),!G.skip&&!G.subLanguage&&(pe+=G.relevance),G=G.parent;while(G!==He.parent);return He.starts&&ne(He.starts,he),rt.returnEnd?0:ye.length}function Ct(){const he=[];for(let ye=G;ye!==se;ye=ye.parent)ye.scope&&he.unshift(ye.scope);he.forEach(ye=>ge.openNode(ye))}let U={};function X(he,ye){const Pe=ye&&ye[0];if(fe+=he,Pe==null)return ae(),0;if(U.type==="begin"&&ye.type==="end"&&U.index===ye.index&&Pe===""){if(fe+=q.slice(ye.index,ye.index+1),!i){const He=new Error(`0 width match regex (${I})`);throw He.languageName=I,He.badRule=U.rule,He}return 1}if(U=ye,ye.type==="begin")return Xe(ye);if(ye.type==="illegal"&&!te){const He=new Error('Illegal lexeme "'+Pe+'" for mode "'+(G.scope||"<unnamed>")+'"');throw He.mode=G,He}else if(ye.type==="end"){const He=At(ye);if(He!==V1)return He}if(ye.type==="illegal"&&Pe==="")return 1;if(ke>1e5&&ke>ye.index*3)throw new Error("potential infinite loop, way more iterations than matches");return fe+=Pe,Pe.length}const se=R(I);if(!se)throw Wa(s.replace("{}",I)),new Error('Unknown language: "'+I+'"');const Te=zW(se);let Y="",G=Ee||Te;const Oe={},ge=new c.__emitter(c);Ct();let fe="",pe=0,De=0,ke=0,Ue=!1;try{for(G.matcher.considerAll();;){ke++,Ue?Ue=!1:G.matcher.considerAll(),G.matcher.lastIndex=De;const he=G.matcher.exec(q);if(!he)break;const ye=q.substring(De,he.index),Pe=X(ye,he);De=he.index+Pe}return X(q.substring(De)),ge.closeAllNodes(),ge.finalize(),Y=ge.toHTML(),{language:I,value:Y,relevance:pe,illegal:!1,_emitter:ge,_top:G}}catch(he){if(he.message&&he.message.includes("Illegal"))return{language:I,value:hp(q),illegal:!0,relevance:0,_illegalBy:{message:he.message,index:De,context:q.slice(De-100,De+100),mode:he.mode,resultSoFar:Y},_emitter:ge};if(i)return{language:I,value:hp(q),illegal:!1,relevance:0,errorRaised:he,_emitter:ge,_top:G};throw he}}function S(I){const q={value:hp(I),illegal:!1,relevance:0,_top:l,_emitter:new c.__emitter(c)};return q._emitter.addText(I),q}function L(I,q){q=q||c.languages||Object.keys(t);const te=S(I),Ee=q.filter(R).filter($).map(ae=>g(ae,I,!1));Ee.unshift(te);const _e=Ee.sort((ae,ee)=>{if(ae.relevance!==ee.relevance)return ee.relevance-ae.relevance;if(ae.language&&ee.language){if(R(ae.language).supersetOf===ee.language)return 1;if(R(ee.language).supersetOf===ae.language)return-1}return 0}),[re,ie]=_e,Se=re;return Se.secondBest=ie,Se}function C(I,q,te){const Ee=q&&n[q]||te;I.classList.add("hljs"),I.classList.add(`language-${Ee}`)}function N(I){let q=null;const te=p(I);if(u(te))return;if(K("before:highlightElement",{el:I,language:te}),I.children.length>0&&(c.ignoreUnescapedHTML||(console.warn("One of your code blocks includes unescaped HTML. This is a potentially serious security risk."),console.warn("https://github.com/highlightjs/highlight.js/wiki/security"),console.warn("The element with unescaped HTML:"),console.warn(I)),c.throwUnescapedHTML))throw new XW("One of your code blocks includes unescaped HTML.",I.innerHTML);q=I;const Ee=q.textContent,_e=te?f(Ee,{language:te,ignoreIllegals:!0}):L(Ee);I.innerHTML=_e.value,C(I,te,_e.language),I.result={language:_e.language,re:_e.relevance,relevance:_e.relevance},_e.secondBest&&(I.secondBest={language:_e.secondBest.language,relevance:_e.secondBest.relevance}),K("after:highlightElement",{el:I,result:_e,text:Ee})}function F(I){c=F1(c,I)}const b=()=>{E(),ms("10.6.0","initHighlighting() deprecated.  Use highlightAll() now.")};function D(){E(),ms("10.6.0","initHighlightingOnLoad() deprecated.  Use highlightAll() now.")}let H=!1;function E(){if(document.readyState==="loading"){H=!0;return}document.querySelectorAll(c.cssSelector).forEach(N)}function B(){H&&E()}typeof window<"u"&&window.addEventListener&&window.addEventListener("DOMContentLoaded",B,!1);function x(I,q){let te=null;try{te=q(e)}catch(Ee){if(Wa("Language definition for '{}' could not be registered.".replace("{}",I)),i)Wa(Ee);else throw Ee;te=l}te.name||(te.name=I),t[I]=te,te.rawDefinition=q.bind(null,e),te.aliases&&le(te.aliases,{languageName:I})}function V(I){delete t[I];for(const q of Object.keys(n))n[q]===I&&delete n[q]}function W(){return Object.keys(t)}function R(I){return I=(I||"").toLowerCase(),t[I]||t[n[I]]}function le(I,{languageName:q}){typeof I=="string"&&(I=[I]),I.forEach(te=>{n[te.toLowerCase()]=q})}function $(I){const q=R(I);return q&&!q.disableAutodetect}function Z(I){I["before:highlightBlock"]&&!I["before:highlightElement"]&&(I["before:highlightElement"]=q=>{I["before:highlightBlock"](Object.assign({block:q.el},q))}),I["after:highlightBlock"]&&!I["after:highlightElement"]&&(I["after:highlightElement"]=q=>{I["after:highlightBlock"](Object.assign({block:q.el},q))})}function ue(I){Z(I),r.push(I)}function K(I,q){const te=I;r.forEach(function(Ee){Ee[te]&&Ee[te](q)})}function me(I){return ms("10.7.0","highlightBlock will be removed entirely in v12.0"),ms("10.7.0","Please use highlightElement now."),N(I)}Object.assign(e,{highlight:f,highlightAuto:L,highlightAll:E,highlightElement:N,highlightBlock:me,configure:F,initHighlighting:b,initHighlightingOnLoad:D,registerLanguage:x,unregisterLanguage:V,listLanguages:W,getLanguage:R,registerAliases:le,autoDetection:$,inherit:F1,addPlugin:ue}),e.debugMode=function(){i=!1},e.safeMode=function(){i=!0},e.versionString=KW,e.regex={concat:Qa,lookahead:kA,either:W_,optional:lW,anyNumberOfTimes:oW};for(const I in Fc)typeof Fc[I]=="object"&&D_.exports(Fc[I]);return Object.assign(e,Fc),e};var fl=qW({}),jW=fl;fl.HighlightJS=fl;fl.default=fl;const Td=hd(jW);function JW(e){const t=e.COMMENT("--","$"),n="[a-zA-Z_][a-zA-Z_0-9$]*",r="\\$([a-zA-Z_]?|[a-zA-Z_][a-zA-Z_0-9]*)\\$",i="<<\\s*"+n+"\\s*>>",s="ABORT ALTER ANALYZE BEGIN CALL CHECKPOINT|10 CLOSE CLUSTER COMMENT COMMIT COPY CREATE DEALLOCATE DECLARE DELETE DISCARD DO DROP END EXECUTE EXPLAIN FETCH GRANT IMPORT INSERT LISTEN LOAD LOCK MOVE NOTIFY PREPARE REASSIGN|10 REFRESH REINDEX RELEASE RESET REVOKE ROLLBACK SAVEPOINT SECURITY SELECT SET SHOW START TRUNCATE UNLISTEN|10 UPDATE VACUUM|10 VALUES AGGREGATE COLLATION CONVERSION|10 DATABASE DEFAULT PRIVILEGES DOMAIN TRIGGER EXTENSION FOREIGN WRAPPER|10 TABLE FUNCTION GROUP LANGUAGE LARGE OBJECT MATERIALIZED VIEW OPERATOR CLASS FAMILY POLICY PUBLICATION|10 ROLE RULE SCHEMA SEQUENCE SERVER STATISTICS SUBSCRIPTION SYSTEM TABLESPACE CONFIGURATION DICTIONARY PARSER TEMPLATE TYPE USER MAPPING PREPARED ACCESS METHOD CAST AS TRANSFORM TRANSACTION OWNED TO INTO SESSION AUTHORIZATION INDEX PROCEDURE ASSERTION ALL ANALYSE AND ANY ARRAY ASC ASYMMETRIC|10 BOTH CASE CHECK COLLATE COLUMN CONCURRENTLY|10 CONSTRAINT CROSS DEFERRABLE RANGE DESC DISTINCT ELSE EXCEPT FOR FREEZE|10 FROM FULL HAVING ILIKE IN INITIALLY INNER INTERSECT IS ISNULL JOIN LATERAL LEADING LIKE LIMIT NATURAL NOT NOTNULL NULL OFFSET ON ONLY OR ORDER OUTER OVERLAPS PLACING PRIMARY REFERENCES RETURNING SIMILAR SOME SYMMETRIC TABLESAMPLE THEN TRAILING UNION UNIQUE USING VARIADIC|10 VERBOSE WHEN WHERE WINDOW WITH BY RETURNS INOUT OUT SETOF|10 IF STRICT CURRENT CONTINUE OWNER LOCATION OVER PARTITION WITHIN BETWEEN ESCAPE EXTERNAL INVOKER DEFINER WORK RENAME VERSION CONNECTION CONNECT TABLES TEMP TEMPORARY FUNCTIONS SEQUENCES TYPES SCHEMAS OPTION CASCADE RESTRICT ADD ADMIN EXISTS VALID VALIDATE ENABLE DISABLE REPLICA|10 ALWAYS PASSING COLUMNS PATH REF VALUE OVERRIDING IMMUTABLE STABLE VOLATILE BEFORE AFTER EACH ROW PROCEDURAL ROUTINE NO HANDLER VALIDATOR OPTIONS STORAGE OIDS|10 WITHOUT INHERIT DEPENDS CALLED INPUT LEAKPROOF|10 COST ROWS NOWAIT SEARCH UNTIL ENCRYPTED|10 PASSWORD CONFLICT|10 INSTEAD INHERITS CHARACTERISTICS WRITE CURSOR ALSO STATEMENT SHARE EXCLUSIVE INLINE ISOLATION REPEATABLE READ COMMITTED SERIALIZABLE UNCOMMITTED LOCAL GLOBAL SQL PROCEDURES RECURSIVE SNAPSHOT ROLLUP CUBE TRUSTED|10 INCLUDE FOLLOWING PRECEDING UNBOUNDED RANGE GROUPS UNENCRYPTED|10 SYSID FORMAT DELIMITER HEADER QUOTE ENCODING FILTER OFF FORCE_QUOTE FORCE_NOT_NULL FORCE_NULL COSTS BUFFERS TIMING SUMMARY DISABLE_PAGE_SKIPPING RESTART CYCLE GENERATED IDENTITY DEFERRED IMMEDIATE LEVEL LOGGED UNLOGGED OF NOTHING NONE EXCLUDE ATTRIBUTE USAGE ROUTINES TRUE FALSE NAN INFINITY ",l="SUPERUSER NOSUPERUSER CREATEDB NOCREATEDB CREATEROLE NOCREATEROLE INHERIT NOINHERIT LOGIN NOLOGIN REPLICATION NOREPLICATION BYPASSRLS NOBYPASSRLS ",c="ALIAS BEGIN CONSTANT DECLARE END EXCEPTION RETURN PERFORM|10 RAISE GET DIAGNOSTICS STACKED|10 FOREACH LOOP ELSIF EXIT WHILE REVERSE SLICE DEBUG LOG INFO NOTICE WARNING ASSERT OPEN ",u="BIGINT INT8 BIGSERIAL SERIAL8 BIT VARYING VARBIT BOOLEAN BOOL BOX BYTEA CHARACTER CHAR VARCHAR CIDR CIRCLE DATE DOUBLE PRECISION FLOAT8 FLOAT INET INTEGER INT INT4 INTERVAL JSON JSONB LINE LSEG|10 MACADDR MACADDR8 MONEY NUMERIC DEC DECIMAL PATH POINT POLYGON REAL FLOAT4 SMALLINT INT2 SMALLSERIAL|10 SERIAL2|10 SERIAL|10 SERIAL4|10 TEXT TIME ZONE TIMETZ|10 TIMESTAMP TIMESTAMPTZ|10 TSQUERY|10 TSVECTOR|10 TXID_SNAPSHOT|10 UUID XML NATIONAL NCHAR INT4RANGE|10 INT8RANGE|10 NUMRANGE|10 TSRANGE|10 TSTZRANGE|10 DATERANGE|10 ANYELEMENT ANYARRAY ANYNONARRAY ANYENUM ANYRANGE CSTRING INTERNAL RECORD PG_DDL_COMMAND VOID UNKNOWN OPAQUE REFCURSOR NAME OID REGPROC|10 REGPROCEDURE|10 REGOPER|10 REGOPERATOR|10 REGCLASS|10 REGTYPE|10 REGROLE|10 REGNAMESPACE|10 REGCONFIG|10 REGDICTIONARY|10 ",p=u.trim().split(" ").map(function(N){return N.split("|")[0]}).join("|"),f="CURRENT_TIME CURRENT_TIMESTAMP CURRENT_USER CURRENT_CATALOG|10 CURRENT_DATE LOCALTIME LOCALTIMESTAMP CURRENT_ROLE|10 CURRENT_SCHEMA|10 SESSION_USER PUBLIC ",g="FOUND NEW OLD TG_NAME|10 TG_WHEN|10 TG_LEVEL|10 TG_OP|10 TG_RELID|10 TG_RELNAME|10 TG_TABLE_NAME|10 TG_TABLE_SCHEMA|10 TG_NARGS|10 TG_ARGV|10 TG_EVENT|10 TG_TAG|10 ROW_COUNT RESULT_OID|10 PG_CONTEXT|10 RETURNED_SQLSTATE COLUMN_NAME CONSTRAINT_NAME PG_DATATYPE_NAME|10 MESSAGE_TEXT TABLE_NAME SCHEMA_NAME PG_EXCEPTION_DETAIL|10 PG_EXCEPTION_HINT|10 PG_EXCEPTION_CONTEXT|10 ",S="SQLSTATE SQLERRM|10 SUCCESSFUL_COMPLETION WARNING DYNAMIC_RESULT_SETS_RETURNED IMPLICIT_ZERO_BIT_PADDING NULL_VALUE_ELIMINATED_IN_SET_FUNCTION PRIVILEGE_NOT_GRANTED PRIVILEGE_NOT_REVOKED STRING_DATA_RIGHT_TRUNCATION DEPRECATED_FEATURE NO_DATA NO_ADDITIONAL_DYNAMIC_RESULT_SETS_RETURNED SQL_STATEMENT_NOT_YET_COMPLETE CONNECTION_EXCEPTION CONNECTION_DOES_NOT_EXIST CONNECTION_FAILURE SQLCLIENT_UNABLE_TO_ESTABLISH_SQLCONNECTION SQLSERVER_REJECTED_ESTABLISHMENT_OF_SQLCONNECTION TRANSACTION_RESOLUTION_UNKNOWN PROTOCOL_VIOLATION TRIGGERED_ACTION_EXCEPTION FEATURE_NOT_SUPPORTED INVALID_TRANSACTION_INITIATION LOCATOR_EXCEPTION INVALID_LOCATOR_SPECIFICATION INVALID_GRANTOR INVALID_GRANT_OPERATION INVALID_ROLE_SPECIFICATION DIAGNOSTICS_EXCEPTION STACKED_DIAGNOSTICS_ACCESSED_WITHOUT_ACTIVE_HANDLER CASE_NOT_FOUND CARDINALITY_VIOLATION DATA_EXCEPTION ARRAY_SUBSCRIPT_ERROR CHARACTER_NOT_IN_REPERTOIRE DATETIME_FIELD_OVERFLOW DIVISION_BY_ZERO ERROR_IN_ASSIGNMENT ESCAPE_CHARACTER_CONFLICT INDICATOR_OVERFLOW INTERVAL_FIELD_OVERFLOW INVALID_ARGUMENT_FOR_LOGARITHM INVALID_ARGUMENT_FOR_NTILE_FUNCTION INVALID_ARGUMENT_FOR_NTH_VALUE_FUNCTION INVALID_ARGUMENT_FOR_POWER_FUNCTION INVALID_ARGUMENT_FOR_WIDTH_BUCKET_FUNCTION INVALID_CHARACTER_VALUE_FOR_CAST INVALID_DATETIME_FORMAT INVALID_ESCAPE_CHARACTER INVALID_ESCAPE_OCTET INVALID_ESCAPE_SEQUENCE NONSTANDARD_USE_OF_ESCAPE_CHARACTER INVALID_INDICATOR_PARAMETER_VALUE INVALID_PARAMETER_VALUE INVALID_REGULAR_EXPRESSION INVALID_ROW_COUNT_IN_LIMIT_CLAUSE INVALID_ROW_COUNT_IN_RESULT_OFFSET_CLAUSE INVALID_TABLESAMPLE_ARGUMENT INVALID_TABLESAMPLE_REPEAT INVALID_TIME_ZONE_DISPLACEMENT_VALUE INVALID_USE_OF_ESCAPE_CHARACTER MOST_SPECIFIC_TYPE_MISMATCH NULL_VALUE_NOT_ALLOWED NULL_VALUE_NO_INDICATOR_PARAMETER NUMERIC_VALUE_OUT_OF_RANGE SEQUENCE_GENERATOR_LIMIT_EXCEEDED STRING_DATA_LENGTH_MISMATCH STRING_DATA_RIGHT_TRUNCATION SUBSTRING_ERROR TRIM_ERROR UNTERMINATED_C_STRING ZERO_LENGTH_CHARACTER_STRING FLOATING_POINT_EXCEPTION INVALID_TEXT_REPRESENTATION INVALID_BINARY_REPRESENTATION BAD_COPY_FILE_FORMAT UNTRANSLATABLE_CHARACTER NOT_AN_XML_DOCUMENT INVALID_XML_DOCUMENT INVALID_XML_CONTENT INVALID_XML_COMMENT INVALID_XML_PROCESSING_INSTRUCTION INTEGRITY_CONSTRAINT_VIOLATION RESTRICT_VIOLATION NOT_NULL_VIOLATION FOREIGN_KEY_VIOLATION UNIQUE_VIOLATION CHECK_VIOLATION EXCLUSION_VIOLATION INVALID_CURSOR_STATE INVALID_TRANSACTION_STATE ACTIVE_SQL_TRANSACTION BRANCH_TRANSACTION_ALREADY_ACTIVE HELD_CURSOR_REQUIRES_SAME_ISOLATION_LEVEL INAPPROPRIATE_ACCESS_MODE_FOR_BRANCH_TRANSACTION INAPPROPRIATE_ISOLATION_LEVEL_FOR_BRANCH_TRANSACTION NO_ACTIVE_SQL_TRANSACTION_FOR_BRANCH_TRANSACTION READ_ONLY_SQL_TRANSACTION SCHEMA_AND_DATA_STATEMENT_MIXING_NOT_SUPPORTED NO_ACTIVE_SQL_TRANSACTION IN_FAILED_SQL_TRANSACTION IDLE_IN_TRANSACTION_SESSION_TIMEOUT INVALID_SQL_STATEMENT_NAME TRIGGERED_DATA_CHANGE_VIOLATION INVALID_AUTHORIZATION_SPECIFICATION INVALID_PASSWORD DEPENDENT_PRIVILEGE_DESCRIPTORS_STILL_EXIST DEPENDENT_OBJECTS_STILL_EXIST INVALID_TRANSACTION_TERMINATION SQL_ROUTINE_EXCEPTION FUNCTION_EXECUTED_NO_RETURN_STATEMENT MODIFYING_SQL_DATA_NOT_PERMITTED PROHIBITED_SQL_STATEMENT_ATTEMPTED READING_SQL_DATA_NOT_PERMITTED INVALID_CURSOR_NAME EXTERNAL_ROUTINE_EXCEPTION CONTAINING_SQL_NOT_PERMITTED MODIFYING_SQL_DATA_NOT_PERMITTED PROHIBITED_SQL_STATEMENT_ATTEMPTED READING_SQL_DATA_NOT_PERMITTED EXTERNAL_ROUTINE_INVOCATION_EXCEPTION INVALID_SQLSTATE_RETURNED NULL_VALUE_NOT_ALLOWED TRIGGER_PROTOCOL_VIOLATED SRF_PROTOCOL_VIOLATED EVENT_TRIGGER_PROTOCOL_VIOLATED SAVEPOINT_EXCEPTION INVALID_SAVEPOINT_SPECIFICATION INVALID_CATALOG_NAME INVALID_SCHEMA_NAME TRANSACTION_ROLLBACK TRANSACTION_INTEGRITY_CONSTRAINT_VIOLATION SERIALIZATION_FAILURE STATEMENT_COMPLETION_UNKNOWN DEADLOCK_DETECTED SYNTAX_ERROR_OR_ACCESS_RULE_VIOLATION SYNTAX_ERROR INSUFFICIENT_PRIVILEGE CANNOT_COERCE GROUPING_ERROR WINDOWING_ERROR INVALID_RECURSION INVALID_FOREIGN_KEY INVALID_NAME NAME_TOO_LONG RESERVED_NAME DATATYPE_MISMATCH INDETERMINATE_DATATYPE COLLATION_MISMATCH INDETERMINATE_COLLATION WRONG_OBJECT_TYPE GENERATED_ALWAYS UNDEFINED_COLUMN UNDEFINED_FUNCTION UNDEFINED_TABLE UNDEFINED_PARAMETER UNDEFINED_OBJECT DUPLICATE_COLUMN DUPLICATE_CURSOR DUPLICATE_DATABASE DUPLICATE_FUNCTION DUPLICATE_PREPARED_STATEMENT DUPLICATE_SCHEMA DUPLICATE_TABLE DUPLICATE_ALIAS DUPLICATE_OBJECT AMBIGUOUS_COLUMN AMBIGUOUS_FUNCTION AMBIGUOUS_PARAMETER AMBIGUOUS_ALIAS INVALID_COLUMN_REFERENCE INVALID_COLUMN_DEFINITION INVALID_CURSOR_DEFINITION INVALID_DATABASE_DEFINITION INVALID_FUNCTION_DEFINITION INVALID_PREPARED_STATEMENT_DEFINITION INVALID_SCHEMA_DEFINITION INVALID_TABLE_DEFINITION INVALID_OBJECT_DEFINITION WITH_CHECK_OPTION_VIOLATION INSUFFICIENT_RESOURCES DISK_FULL OUT_OF_MEMORY TOO_MANY_CONNECTIONS CONFIGURATION_LIMIT_EXCEEDED PROGRAM_LIMIT_EXCEEDED STATEMENT_TOO_COMPLEX TOO_MANY_COLUMNS TOO_MANY_ARGUMENTS OBJECT_NOT_IN_PREREQUISITE_STATE OBJECT_IN_USE CANT_CHANGE_RUNTIME_PARAM LOCK_NOT_AVAILABLE OPERATOR_INTERVENTION QUERY_CANCELED ADMIN_SHUTDOWN CRASH_SHUTDOWN CANNOT_CONNECT_NOW DATABASE_DROPPED SYSTEM_ERROR IO_ERROR UNDEFINED_FILE DUPLICATE_FILE SNAPSHOT_TOO_OLD CONFIG_FILE_ERROR LOCK_FILE_EXISTS FDW_ERROR FDW_COLUMN_NAME_NOT_FOUND FDW_DYNAMIC_PARAMETER_VALUE_NEEDED FDW_FUNCTION_SEQUENCE_ERROR FDW_INCONSISTENT_DESCRIPTOR_INFORMATION FDW_INVALID_ATTRIBUTE_VALUE FDW_INVALID_COLUMN_NAME FDW_INVALID_COLUMN_NUMBER FDW_INVALID_DATA_TYPE FDW_INVALID_DATA_TYPE_DESCRIPTORS FDW_INVALID_DESCRIPTOR_FIELD_IDENTIFIER FDW_INVALID_HANDLE FDW_INVALID_OPTION_INDEX FDW_INVALID_OPTION_NAME FDW_INVALID_STRING_LENGTH_OR_BUFFER_LENGTH FDW_INVALID_STRING_FORMAT FDW_INVALID_USE_OF_NULL_POINTER FDW_TOO_MANY_HANDLES FDW_OUT_OF_MEMORY FDW_NO_SCHEMAS FDW_OPTION_NAME_NOT_FOUND FDW_REPLY_HANDLE FDW_SCHEMA_NOT_FOUND FDW_TABLE_NOT_FOUND FDW_UNABLE_TO_CREATE_EXECUTION FDW_UNABLE_TO_CREATE_REPLY FDW_UNABLE_TO_ESTABLISH_CONNECTION PLPGSQL_ERROR RAISE_EXCEPTION NO_DATA_FOUND TOO_MANY_ROWS ASSERT_FAILURE INTERNAL_ERROR DATA_CORRUPTED INDEX_CORRUPTED ",C="ARRAY_AGG AVG BIT_AND BIT_OR BOOL_AND BOOL_OR COUNT EVERY JSON_AGG JSONB_AGG JSON_OBJECT_AGG JSONB_OBJECT_AGG MAX MIN MODE STRING_AGG SUM XMLAGG CORR COVAR_POP COVAR_SAMP REGR_AVGX REGR_AVGY REGR_COUNT REGR_INTERCEPT REGR_R2 REGR_SLOPE REGR_SXX REGR_SXY REGR_SYY STDDEV STDDEV_POP STDDEV_SAMP VARIANCE VAR_POP VAR_SAMP PERCENTILE_CONT PERCENTILE_DISC ROW_NUMBER RANK DENSE_RANK PERCENT_RANK CUME_DIST NTILE LAG LEAD FIRST_VALUE LAST_VALUE NTH_VALUE NUM_NONNULLS NUM_NULLS ABS CBRT CEIL CEILING DEGREES DIV EXP FLOOR LN LOG MOD PI POWER RADIANS ROUND SCALE SIGN SQRT TRUNC WIDTH_BUCKET RANDOM SETSEED ACOS ACOSD ASIN ASIND ATAN ATAND ATAN2 ATAN2D COS COSD COT COTD SIN SIND TAN TAND BIT_LENGTH CHAR_LENGTH CHARACTER_LENGTH LOWER OCTET_LENGTH OVERLAY POSITION SUBSTRING TREAT TRIM UPPER ASCII BTRIM CHR CONCAT CONCAT_WS CONVERT CONVERT_FROM CONVERT_TO DECODE ENCODE INITCAP LEFT LENGTH LPAD LTRIM MD5 PARSE_IDENT PG_CLIENT_ENCODING QUOTE_IDENT|10 QUOTE_LITERAL|10 QUOTE_NULLABLE|10 REGEXP_MATCH REGEXP_MATCHES REGEXP_REPLACE REGEXP_SPLIT_TO_ARRAY REGEXP_SPLIT_TO_TABLE REPEAT REPLACE REVERSE RIGHT RPAD RTRIM SPLIT_PART STRPOS SUBSTR TO_ASCII TO_HEX TRANSLATE OCTET_LENGTH GET_BIT GET_BYTE SET_BIT SET_BYTE TO_CHAR TO_DATE TO_NUMBER TO_TIMESTAMP AGE CLOCK_TIMESTAMP|10 DATE_PART DATE_TRUNC ISFINITE JUSTIFY_DAYS JUSTIFY_HOURS JUSTIFY_INTERVAL MAKE_DATE MAKE_INTERVAL|10 MAKE_TIME MAKE_TIMESTAMP|10 MAKE_TIMESTAMPTZ|10 NOW STATEMENT_TIMESTAMP|10 TIMEOFDAY TRANSACTION_TIMESTAMP|10 ENUM_FIRST ENUM_LAST ENUM_RANGE AREA CENTER DIAMETER HEIGHT ISCLOSED ISOPEN NPOINTS PCLOSE POPEN RADIUS WIDTH BOX BOUND_BOX CIRCLE LINE LSEG PATH POLYGON ABBREV BROADCAST HOST HOSTMASK MASKLEN NETMASK NETWORK SET_MASKLEN TEXT INET_SAME_FAMILY INET_MERGE MACADDR8_SET7BIT ARRAY_TO_TSVECTOR GET_CURRENT_TS_CONFIG NUMNODE PLAINTO_TSQUERY PHRASETO_TSQUERY WEBSEARCH_TO_TSQUERY QUERYTREE SETWEIGHT STRIP TO_TSQUERY TO_TSVECTOR JSON_TO_TSVECTOR JSONB_TO_TSVECTOR TS_DELETE TS_FILTER TS_HEADLINE TS_RANK TS_RANK_CD TS_REWRITE TSQUERY_PHRASE TSVECTOR_TO_ARRAY TSVECTOR_UPDATE_TRIGGER TSVECTOR_UPDATE_TRIGGER_COLUMN XMLCOMMENT XMLCONCAT XMLELEMENT XMLFOREST XMLPI XMLROOT XMLEXISTS XML_IS_WELL_FORMED XML_IS_WELL_FORMED_DOCUMENT XML_IS_WELL_FORMED_CONTENT XPATH XPATH_EXISTS XMLTABLE XMLNAMESPACES TABLE_TO_XML TABLE_TO_XMLSCHEMA TABLE_TO_XML_AND_XMLSCHEMA QUERY_TO_XML QUERY_TO_XMLSCHEMA QUERY_TO_XML_AND_XMLSCHEMA CURSOR_TO_XML CURSOR_TO_XMLSCHEMA SCHEMA_TO_XML SCHEMA_TO_XMLSCHEMA SCHEMA_TO_XML_AND_XMLSCHEMA DATABASE_TO_XML DATABASE_TO_XMLSCHEMA DATABASE_TO_XML_AND_XMLSCHEMA XMLATTRIBUTES TO_JSON TO_JSONB ARRAY_TO_JSON ROW_TO_JSON JSON_BUILD_ARRAY JSONB_BUILD_ARRAY JSON_BUILD_OBJECT JSONB_BUILD_OBJECT JSON_OBJECT JSONB_OBJECT JSON_ARRAY_LENGTH JSONB_ARRAY_LENGTH JSON_EACH JSONB_EACH JSON_EACH_TEXT JSONB_EACH_TEXT JSON_EXTRACT_PATH JSONB_EXTRACT_PATH JSON_OBJECT_KEYS JSONB_OBJECT_KEYS JSON_POPULATE_RECORD JSONB_POPULATE_RECORD JSON_POPULATE_RECORDSET JSONB_POPULATE_RECORDSET JSON_ARRAY_ELEMENTS JSONB_ARRAY_ELEMENTS JSON_ARRAY_ELEMENTS_TEXT JSONB_ARRAY_ELEMENTS_TEXT JSON_TYPEOF JSONB_TYPEOF JSON_TO_RECORD JSONB_TO_RECORD JSON_TO_RECORDSET JSONB_TO_RECORDSET JSON_STRIP_NULLS JSONB_STRIP_NULLS JSONB_SET JSONB_INSERT JSONB_PRETTY CURRVAL LASTVAL NEXTVAL SETVAL COALESCE NULLIF GREATEST LEAST ARRAY_APPEND ARRAY_CAT ARRAY_NDIMS ARRAY_DIMS ARRAY_FILL ARRAY_LENGTH ARRAY_LOWER ARRAY_POSITION ARRAY_POSITIONS ARRAY_PREPEND ARRAY_REMOVE ARRAY_REPLACE ARRAY_TO_STRING ARRAY_UPPER CARDINALITY STRING_TO_ARRAY UNNEST ISEMPTY LOWER_INC UPPER_INC LOWER_INF UPPER_INF RANGE_MERGE GENERATE_SERIES GENERATE_SUBSCRIPTS CURRENT_DATABASE CURRENT_QUERY CURRENT_SCHEMA|10 CURRENT_SCHEMAS|10 INET_CLIENT_ADDR INET_CLIENT_PORT INET_SERVER_ADDR INET_SERVER_PORT ROW_SECURITY_ACTIVE FORMAT_TYPE TO_REGCLASS TO_REGPROC TO_REGPROCEDURE TO_REGOPER TO_REGOPERATOR TO_REGTYPE TO_REGNAMESPACE TO_REGROLE COL_DESCRIPTION OBJ_DESCRIPTION SHOBJ_DESCRIPTION TXID_CURRENT TXID_CURRENT_IF_ASSIGNED TXID_CURRENT_SNAPSHOT TXID_SNAPSHOT_XIP TXID_SNAPSHOT_XMAX TXID_SNAPSHOT_XMIN TXID_VISIBLE_IN_SNAPSHOT TXID_STATUS CURRENT_SETTING SET_CONFIG BRIN_SUMMARIZE_NEW_VALUES BRIN_SUMMARIZE_RANGE BRIN_DESUMMARIZE_RANGE GIN_CLEAN_PENDING_LIST SUPPRESS_REDUNDANT_UPDATES_TRIGGER LO_FROM_BYTEA LO_PUT LO_GET LO_CREAT LO_CREATE LO_UNLINK LO_IMPORT LO_EXPORT LOREAD LOWRITE GROUPING CAST ".trim().split(" ").map(function(N){return N.split("|")[0]}).join("|");return{name:"PostgreSQL",aliases:["postgres","postgresql"],supersetOf:"sql",case_insensitive:!0,keywords:{keyword:s+c+l,built_in:f+g+S},illegal:/:==|\W\s*\(\*|(^|\s)\$[a-z]|\{\{|[a-z]:\s*$|\.\.\.|TO:|DO:/,contains:[{className:"keyword",variants:[{begin:/\bTEXT\s*SEARCH\b/},{begin:/\b(PRIMARY|FOREIGN|FOR(\s+NO)?)\s+KEY\b/},{begin:/\bPARALLEL\s+(UNSAFE|RESTRICTED|SAFE)\b/},{begin:/\bSTORAGE\s+(PLAIN|EXTERNAL|EXTENDED|MAIN)\b/},{begin:/\bMATCH\s+(FULL|PARTIAL|SIMPLE)\b/},{begin:/\bNULLS\s+(FIRST|LAST)\b/},{begin:/\bEVENT\s+TRIGGER\b/},{begin:/\b(MAPPING|OR)\s+REPLACE\b/},{begin:/\b(FROM|TO)\s+(PROGRAM|STDIN|STDOUT)\b/},{begin:/\b(SHARE|EXCLUSIVE)\s+MODE\b/},{begin:/\b(LEFT|RIGHT)\s+(OUTER\s+)?JOIN\b/},{begin:/\b(FETCH|MOVE)\s+(NEXT|PRIOR|FIRST|LAST|ABSOLUTE|RELATIVE|FORWARD|BACKWARD)\b/},{begin:/\bPRESERVE\s+ROWS\b/},{begin:/\bDISCARD\s+PLANS\b/},{begin:/\bREFERENCING\s+(OLD|NEW)\b/},{begin:/\bSKIP\s+LOCKED\b/},{begin:/\bGROUPING\s+SETS\b/},{begin:/\b(BINARY|INSENSITIVE|SCROLL|NO\s+SCROLL)\s+(CURSOR|FOR)\b/},{begin:/\b(WITH|WITHOUT)\s+HOLD\b/},{begin:/\bWITH\s+(CASCADED|LOCAL)\s+CHECK\s+OPTION\b/},{begin:/\bEXCLUDE\s+(TIES|NO\s+OTHERS)\b/},{begin:/\bFORMAT\s+(TEXT|XML|JSON|YAML)\b/},{begin:/\bSET\s+((SESSION|LOCAL)\s+)?NAMES\b/},{begin:/\bIS\s+(NOT\s+)?UNKNOWN\b/},{begin:/\bSECURITY\s+LABEL\b/},{begin:/\bSTANDALONE\s+(YES|NO|NO\s+VALUE)\b/},{begin:/\bWITH\s+(NO\s+)?DATA\b/},{begin:/\b(FOREIGN|SET)\s+DATA\b/},{begin:/\bSET\s+(CATALOG|CONSTRAINTS)\b/},{begin:/\b(WITH|FOR)\s+ORDINALITY\b/},{begin:/\bIS\s+(NOT\s+)?DOCUMENT\b/},{begin:/\bXML\s+OPTION\s+(DOCUMENT|CONTENT)\b/},{begin:/\b(STRIP|PRESERVE)\s+WHITESPACE\b/},{begin:/\bNO\s+(ACTION|MAXVALUE|MINVALUE)\b/},{begin:/\bPARTITION\s+BY\s+(RANGE|LIST|HASH)\b/},{begin:/\bAT\s+TIME\s+ZONE\b/},{begin:/\bGRANTED\s+BY\b/},{begin:/\bRETURN\s+(QUERY|NEXT)\b/},{begin:/\b(ATTACH|DETACH)\s+PARTITION\b/},{begin:/\bFORCE\s+ROW\s+LEVEL\s+SECURITY\b/},{begin:/\b(INCLUDING|EXCLUDING)\s+(COMMENTS|CONSTRAINTS|DEFAULTS|IDENTITY|INDEXES|STATISTICS|STORAGE|ALL)\b/},{begin:/\bAS\s+(ASSIGNMENT|IMPLICIT|PERMISSIVE|RESTRICTIVE|ENUM|RANGE)\b/}]},{begin:/\b(FORMAT|FAMILY|VERSION)\s*\(/},{begin:/\bINCLUDE\s*\(/,keywords:"INCLUDE"},{begin:/\bRANGE(?!\s*(BETWEEN|UNBOUNDED|CURRENT|[-0-9]+))/},{begin:/\b(VERSION|OWNER|TEMPLATE|TABLESPACE|CONNECTION\s+LIMIT|PROCEDURE|RESTRICT|JOIN|PARSER|COPY|START|END|COLLATION|INPUT|ANALYZE|STORAGE|LIKE|DEFAULT|DELIMITER|ENCODING|COLUMN|CONSTRAINT|TABLE|SCHEMA)\s*=/},{begin:/\b(PG_\w+?|HAS_[A-Z_]+_PRIVILEGE)\b/,relevance:10},{begin:/\bEXTRACT\s*\(/,end:/\bFROM\b/,returnEnd:!0,keywords:{type:"CENTURY DAY DECADE DOW DOY EPOCH HOUR ISODOW ISOYEAR MICROSECONDS MILLENNIUM MILLISECONDS MINUTE MONTH QUARTER SECOND TIMEZONE TIMEZONE_HOUR TIMEZONE_MINUTE WEEK YEAR"}},{begin:/\b(XMLELEMENT|XMLPI)\s*\(\s*NAME/,keywords:{keyword:"NAME"}},{begin:/\b(XMLPARSE|XMLSERIALIZE)\s*\(\s*(DOCUMENT|CONTENT)/,keywords:{keyword:"DOCUMENT CONTENT"}},{beginKeywords:"CACHE INCREMENT MAXVALUE MINVALUE",end:e.C_NUMBER_RE,returnEnd:!0,keywords:"BY CACHE INCREMENT MAXVALUE MINVALUE"},{className:"type",begin:/\b(WITH|WITHOUT)\s+TIME\s+ZONE\b/},{className:"type",begin:/\bINTERVAL\s+(YEAR|MONTH|DAY|HOUR|MINUTE|SECOND)(\s+TO\s+(MONTH|HOUR|MINUTE|SECOND))?\b/},{begin:/\bRETURNS\s+(LANGUAGE_HANDLER|TRIGGER|EVENT_TRIGGER|FDW_HANDLER|INDEX_AM_HANDLER|TSM_HANDLER)\b/,keywords:{keyword:"RETURNS",type:"LANGUAGE_HANDLER TRIGGER EVENT_TRIGGER FDW_HANDLER INDEX_AM_HANDLER TSM_HANDLER"}},{begin:"\\b("+C+")\\s*\\("},{begin:"\\.("+p+")\\b"},{begin:"\\b("+p+")\\s+PATH\\b",keywords:{keyword:"PATH",type:u.replace("PATH ","")}},{className:"type",begin:"\\b("+p+")\\b"},{className:"string",begin:"'",end:"'",contains:[{begin:"''"}]},{className:"string",begin:"(e|E|u&|U&)'",end:"'",contains:[{begin:"\\\\."}],relevance:10},e.END_SAME_AS_BEGIN({begin:r,end:r,contains:[{subLanguage:["pgsql","perl","python","tcl","r","lua","java","php","ruby","bash","scheme","xml","json"],endsWithParent:!0}]}),{begin:'"',end:'"',contains:[{begin:'""'}]},e.C_NUMBER_MODE,e.C_BLOCK_COMMENT_MODE,t,{className:"meta",variants:[{begin:"%(ROW)?TYPE",relevance:10},{begin:"\\$\\d+"},{begin:"^#\\w",end:"$"}]},{className:"symbol",begin:i,relevance:10}]}}function QW(e){const t={className:"attr",begin:/"(\\.|[^\\"\r\n])*"(?=\s*:)/,relevance:1.01},n={match:/[{}[\],:]/,className:"punctuation",relevance:0},r=["true","false","null"],i={scope:"literal",beginKeywords:r.join(" ")};return{name:"JSON",keywords:{literal:r},contains:[t,n,e.QUOTE_STRING_MODE,i,e.C_NUMBER_MODE,e.C_LINE_COMMENT_MODE,e.C_BLOCK_COMMENT_MODE],illegal:"\\S"}}Td.registerLanguage("pgsql",JW);Td.registerLanguage("json",QW);function kn(e){if(e===void 0)return"N/A";const t=[];let n=1e3*60*60*24;const r=Math.floor(e/n);r&&t.push(r+"d");let i=e%n;n/=24;const s=Math.floor(i/n);s&&t.push(s+"h"),i=i%n,n/=60;const l=Math.floor(i/n);l&&t.push(l+"m"),i=i%n,n/=60;const c=Math.floor(i/n);c&&t.push(c+"s"),i=i%n;const u=parseFloat(i.toPrecision(3));return t.push(u.toLocaleString()+"ms"),t.slice(0,2).join(" ")}function F_(e){return e===void 0?"N/A":(e=parseFloat(e.toPrecision(3)),e.toLocaleString())}function Sa(e){return e===void 0?"N/A":e.toLocaleString()}function ZW(e){return e===void 0?"N/A":e.toLocaleString()}function V_(e){const t=parseFloat(e.toPrecision(2)).toLocaleString();return j.template("${f}&nbsp;&times;")({f:t})}function hi(e){return e instanceof Array||(e=[e]),e=j.map(e,t=>j.escape(t.replace(/(^\(|\)$)/g,""))),e.join(", ")}function FA(e,t){return j.map(e,n=>{let r=j.escape(n);return t&&(r+=t.indexOf(n)!==-1?'&nbsp;<span class="text-muted">(presort)</span>':""),r}).join(", ")}function dh(e){return Sd(e*1024)}function e5(e){return Sd(e)}function Sd(e,t=2){const r=t<0?0:t,i=["Bytes","kB","MB","GB","TB","PB","EB","ZB","YB"],s=Math.floor(Math.log(e)/Math.log(1024)),l=j.template("${value} ${unit}"),c=parseFloat((e/Math.pow(1024,s)).toPrecision(r)).toLocaleString();return l({value:c,unit:i[s]})}function vr(e){return e?Sd(e*8*1024):""}function pn(e,t=!1){if(t=!!t,!e)return"";let n=e.toLocaleString();return t&&(n+=`<br><small>${vr(e)}</small>`),n}function z1(e){return isNaN(e)?"-":j.round(e*100)+"%"}function t5(e){return typeof e=="string"&&(e=e.split(/\s*,\s*/)),'<ul class="list-unstyled mb-0">'+j.template("<% _.forEach(lines, function(line) { %><li><%= line %></li><% }); %>")({lines:e})+"</ul>"}function n5(e){return RT(nW,{sortGroup:e}).mount(document.createElement("div")).$el.outerHTML}function fh(e){return e?Sd(e*8*1024)+"/s":""}function js(e,t){if(j.has(Ke,e)){if(Ke[e]===fn.duration)return kn(t);if(Ke[e]===fn.boolean)return t?"yes":"no";if(Ke[e]===fn.cost)return F_(t);if(Ke[e]===fn.rows)return Sa(t);if(Ke[e]===fn.loops)return ZW(t);if(Ke[e]===fn.factor)return V_(t);if(Ke[e]===fn.estimateDirection)switch(t){case tn.over:return'<i class="fa fa-arrow-up"></i> over';case tn.under:return'<i class="fa fa-arrow-down"></i> under';default:return"-"}else{if(Ke[e]===fn.json)return JSON.stringify(t,null,2);if(Ke[e]===fn.bytes)return e5(t);if(Ke[e]===fn.kilobytes)return dh(t);if(Ke[e]===fn.blocks)return pn(t,!0);if(Ke[e]===fn.list)return t5(t);if(Ke[e]===fn.sortGroups)return n5(t);if(Ke[e]===fn.transferRate)return fh(t)}}return j.escape(t)}function ph(e){let t;return e>90?t=4:e>40?t=3:e>10&&(t=2),t?"c-"+t:""}function r5(e){return Td.highlight(e,{language:"pgsql"}).value}function i5(e){return Td.highlight(e,{language:"json"}).value}function a5(e,t,n){let r,i,s;if(t===0)r=i=s=n;else{const l=n<.5?n*(1+t):n+t-n*t,c=2*n-l;r=_p(c,l,e+1/3),i=_p(c,l,e),s=_p(c,l,e-1/3)}return[Math.floor(r*255),Math.floor(i*255),Math.floor(s*255)]}function s5(e){const t=(100-e)*1.2/360,n=a5(t,.9,.4);return"rgb("+n[0]+","+n[1]+","+n[2]+")"}function _p(e,t,n){return n<0&&(n+=1),n>1&&(n-=1),n<1/6?e+(t-e)*6*n:n<1/2?t:n<2/3?e+(t-e)*(2/3-n)*6:e}function lo(e,t,n){const r=Je(NaN),i=Je(NaN),s=Je(0),l=Je(null),c=Je(),u=Je(),p=Je(NaN),f=Je(NaN),g=Je();na(()=>{S(),N(),F(),D(),u.value=t[m.PLANNER_ESTIMATE_DIRECTION],c.value=t[m.PLANNER_ESTIMATE_FACTOR]}),nn(()=>n.highlightType,S);function S(){let Y;switch(n.highlightType){case zn.DURATION:if(Y=t[m.EXCLUSIVE_DURATION],Y===void 0){l.value=null;break}s.value=Math.round(Y/e.value.planStats.maxDuration*100),l.value=kn(Y);break;case zn.ROWS:if(Y=t[m.ACTUAL_ROWS_REVISED],Y===void 0){l.value=null;break}s.value=Math.round(Y/e.value.planStats.maxRows*100)||0,l.value=Sa(Y);break;case zn.COST:if(Y=t[m.EXCLUSIVE_COST],Y===void 0){l.value=null;break}s.value=Math.round(Y/e.value.planStats.maxCost*100),l.value=F_(Y);break}}const L=Be(()=>s5(s.value)),C=Be(()=>{let Y=le.value?"Parallel ":"";return Y+=t[m.NODE_TYPE],Y});function N(){const Y=e.value.planStats.executionTime||e.value.content?.Plan?.[m.ACTUAL_TOTAL_TIME],G=t[m.EXCLUSIVE_DURATION];r.value=j.round(G/Y*100)}function F(){const Y=e.value.content.maxTotalCost,G=t[m.EXCLUSIVE_COST];i.value=j.round(G/Y*100)}const b=Be(()=>{const Y=Object.keys(t).find(G=>G===m.ROWS_REMOVED_BY_FILTER_REVISED||G===m.ROWS_REMOVED_BY_JOIN_FILTER_REVISED);return Object.keys(m).find(G=>m[G]===Y)});function D(){if(b.value){const Y=t[m[b.value]];p.value=Y;const G=t[m.ACTUAL_ROWS_REVISED];f.value=j.floor(Y/(Y+G)*100),f.value===100?g.value=">99":f.value===0?g.value="<1":g.value=f.value.toString()}}const H=Be(()=>{let Y;const G=r.value;return G>90?Y=4:G>40?Y=3:G>10&&(Y=2),Y?"c-"+Y:!1}),E=Be(()=>{let Y;const G=t[m.PLANNER_ESTIMATE_FACTOR];return G>1e3?Y=4:G>100?Y=3:G>10&&(Y=2),Y?"c-"+Y:!1}),B=Be(()=>{let Y;const G=i.value;return G>90?Y=4:G>40?Y=3:G>10&&(Y=2),Y?"c-"+Y:!1}),x=Be(()=>{let Y;const G=f.value*r.value;return G>2e3?Y=4:G>500&&(Y=3),Y?"c-"+Y:!1}),V=Be(()=>{let Y;const G=t[m.HEAP_FETCHES]/(t[m.ACTUAL_ROWS]+(t[m.ROWS_REMOVED_BY_FILTER]||0)+(t[m.ROWS_REMOVED_BY_JOIN_FILTER]||0))*100;return G>90?Y=4:G>40?Y=3:G>10&&(Y=2),Y?"c-"+Y:!1}),W=Be(()=>g.value+"% of rows removed by filter"),R=Be(()=>!!e.value.planStats.executionTime&&!t[m.ACTUAL_LOOPS]),le=Be(()=>t[m.PARALLEL_AWARE]),$=Be(()=>{if(console.warn("Make sure it works for workers that are not array"),t[m.WORKERS_LAUNCHED])return t[m.WORKERS_LAUNCHED];const Y=t[m.WORKERS];return Y?Y.length:NaN}),Z=Be(()=>t[m.WORKERS_PLANNED_BY_GATHER]),ue=Be(()=>{const Y=t[m.WORKERS_PLANNED_BY_GATHER];return[...Array(Y).keys()].slice().reverse()}),K=Be(()=>{switch(t[m.PLANNER_ESTIMATE_FACTOR]){case 1/0:return 100;case 1:return 0;default:return(t[m.PLANNER_ESTIMATE_FACTOR]||0)/e.value.planStats.maxEstimateFactor*100}}),me=Be(()=>t[m.EXCLUSIVE_SHARED_HIT_BLOCKS]/e.value.planStats.maxBlocks?.[nt.shared]*100),I=Be(()=>t[m.EXCLUSIVE_SHARED_READ_BLOCKS]/e.value.planStats.maxBlocks?.[nt.shared]*100),q=Be(()=>t[m.EXCLUSIVE_SHARED_DIRTIED_BLOCKS]/e.value.planStats.maxBlocks?.[nt.shared]*100),te=Be(()=>t[m.EXCLUSIVE_SHARED_WRITTEN_BLOCKS]/e.value.planStats.maxBlocks?.[nt.shared]*100),Ee=Be(()=>t[m.EXCLUSIVE_TEMP_READ_BLOCKS]/e.value.planStats.maxBlocks?.[nt.temp]*100),_e=Be(()=>t[m.EXCLUSIVE_TEMP_WRITTEN_BLOCKS]/e.value.planStats.maxBlocks?.[nt.temp]*100),re=Be(()=>t[m.EXCLUSIVE_LOCAL_HIT_BLOCKS]/e.value.planStats.maxBlocks?.[nt.local]*100),ie=Be(()=>t[m.EXCLUSIVE_LOCAL_READ_BLOCKS]/e.value.planStats.maxBlocks?.[nt.local]*100),Se=Be(()=>t[m.EXCLUSIVE_LOCAL_DIRTIED_BLOCKS]/e.value.planStats.maxBlocks?.[nt.local]*100),ae=Be(()=>t[m.EXCLUSIVE_LOCAL_WRITTEN_BLOCKS]/e.value.planStats.maxBlocks?.[nt.local]*100),ee=Be(()=>["Duration: <br>Exclusive: ",kn(t[m.EXCLUSIVE_DURATION]),", Total: ",kn(t[m.ACTUAL_TOTAL_TIME])].join("")),ne=Be(()=>["Rows: ",Sa(t[m.ACTUAL_ROWS_REVISED])].join("")),xe=Be(()=>{const Y=t[m.PLANNER_ESTIMATE_FACTOR],G=t[m.PLANNER_ESTIMATE_DIRECTION];let Oe="";if(Y===void 0||G===void 0)return"N/A";switch(G){case tn.over:Oe+="Over";break;case tn.under:Oe+="Under";break;default:Oe+="Correctly"}return Oe+=" estimated",Oe+=Y!==1?" by <b>"+V_(Y)+"</b>":"",Oe+="<br>",Oe+=`Rows: ${Sa(t[m.ACTUAL_ROWS_REVISED])} `,Oe+=`(${Sa(t[m.PLAN_ROWS_REVISED])} planned)`,Oe}),Me=Be(()=>["Cost: ",Sa(t[m.EXCLUSIVE_COST])].join("")),Xe=Be(()=>["Rows removed by filter: ",Ct.value,Sa(p.value)].join("")),At=Be(()=>t[m.ACTUAL_LOOPS]>1),Ct=Be(()=>At.value?"~":""),U=Be(()=>Y=>{let G="",Oe,ge,fe,pe;switch(Y){case nt.shared:Oe=t[m.EXCLUSIVE_SHARED_HIT_BLOCKS],ge=t[m.EXCLUSIVE_SHARED_READ_BLOCKS],pe=t[m.EXCLUSIVE_SHARED_DIRTIED_BLOCKS],fe=t[m.EXCLUSIVE_SHARED_WRITTEN_BLOCKS];break;case nt.temp:ge=t[m.EXCLUSIVE_TEMP_READ_BLOCKS],fe=t[m.EXCLUSIVE_TEMP_WRITTEN_BLOCKS];break;case nt.local:Oe=t[m.EXCLUSIVE_LOCAL_HIT_BLOCKS],ge=t[m.EXCLUSIVE_LOCAL_READ_BLOCKS],pe=t[m.EXCLUSIVE_LOCAL_DIRTIED_BLOCKS],fe=t[m.EXCLUSIVE_LOCAL_WRITTEN_BLOCKS];break}switch(G+='<table class="table table-dark table-sm table-borderless mb-0">',G+=Oe?'<tr><td>Hit:</td><td class="text-end">'+pn(Oe,!0)+"</td></tr>":"",G+=ge?'<tr><td>Read:</td><td class="text-end">'+pn(ge,!0)+"</td></tr>":"",G+=pe?'<tr><td>Dirtied:</td><td class="text-end">'+pn(pe,!0)+"</td></tr>":"",G+=fe?'<tr><td>Written:</td><td class="text-end">'+pn(fe,!0)+"</td></tr>":"",G+="</table>",!Oe&&!ge&&!pe&&!fe&&(G=" N/A"),Y){case nt.shared:G="Shared Blocks:"+G;break;case nt.temp:G="Temp Blocks:"+G;break;case nt.local:G="Local Blocks:"+G;break}return G}),X=Be(()=>Y=>{let G='<table class="table table-dark table-sm table-borderless mb-0">';return G+=`<tr><td>${Y}:</td><td class="text-end">`,t[Y]&&(G+=`${pn(t[Y],!0)}</td></tr>`),G}),se=Be(()=>{let Y="";const G=t[m.EXCLUSIVE_IO_READ_TIME],Oe=t[m.AVERAGE_IO_READ_TIME],ge=t[m.EXCLUSIVE_IO_WRITE_TIME],fe=t[m.AVERAGE_IO_WRITE_TIME];return Y+='<table class="table table-dark table-sm table-borderless mb-0">',Y+=G?'<tr><td>Read:</td><td class="text-end">'+kn(G)+"<br><small>~"+fh(Oe)+"</small></td></tr>":"",Y+=ge?'<tr><td>Write:</td><td class="text-end">'+kn(ge)+"<br><small>~"+fh(fe)+"</small></td></tr>":"","IO "+Y}),Te=Be(()=>`Heap Fetches: ${t[m.HEAP_FETCHES]?.toLocaleString()}`);return{barColor:L,barWidth:s,buffersByLocationTooltip:U,buffersByMetricTooltip:X,costClass:B,costTooltip:Me,durationClass:H,estimateFactorPercent:K,estimateFactorTooltip:xe,estimationClass:E,executionTimePercent:r,filterTooltip:W,heapFetchesClass:V,heapFetchesTooltip:Te,highlightValue:l,ioTooltip:se,isNeverExecuted:R,isParallelAware:le,localDirtiedPercent:Se,localHitPercent:re,localReadPercent:ie,localWrittenPercent:ae,nodeName:C,plannerRowEstimateDirection:u,plannerRowEstimateValue:c,rowsRemoved:p,rowsRemovedClass:x,rowsRemovedPercent:f,rowsRemovedPercentString:g,rowsRemovedProp:b,rowsRemovedTooltip:Xe,rowsTooltip:ne,sharedDirtiedPercent:q,sharedHitPercent:me,sharedReadPercent:I,sharedWrittenPercent:te,tempReadPercent:Ee,tempWrittenPercent:_e,tilde:Ct,timeTooltip:ee,workersLaunchedCount:$,workersPlannedCount:Z,workersPlannedCountReversed:ue}}const o5=["data-tippy-content"],l5={class:"node-index"},c5={class:"fw-normal small"},u5={class:"node-type pe-2"},d5={key:0,class:"progress rounded-0 align-items-center bg-transparent",style:{height:"5px"}},f5={key:1,class:"progress rounded-0 align-items-center bg-transparent",style:{height:"5px"}},p5={key:2,class:"progress rounded-0 align-items-center bg-transparent justify-content-center",style:{height:"10px"}},h5={class:"text-muted small"},_5={key:1,class:"fa fa-fw d-inline-block"},m5=A("div",{class:"progress-bar border-start bg-secondary",role:"progressbar",style:{width:"1px",height:"5px"},"aria-valuenow":"15","aria-valuemin":"0","aria-valuemax":"100"},null,-1),E5={class:"text-muted small"},g5={key:1,class:"fa fa-fw d-inline-block"},v5={key:3,class:"progress rounded-0 align-items-center bg-transparent",style:{height:"5px"}},T5={key:4,class:"progress rounded-0 align-items-center bg-transparent",style:{height:"5px"}},S5={key:5,class:"progress rounded-0 align-items-center bg-transparent",style:{height:"5px"}},A5={key:6,class:"progress rounded-0 align-items-center bg-transparent",style:{height:"5px"}},b5={key:7,class:"progress rounded-0 align-items-center bg-transparent",style:{height:"5px"}},R5=Ot({__name:"DiagramRow",props:{node:null,level:null,isSubplan:{type:Boolean},isLastChild:{type:Boolean},branches:null,index:null,viewOptions:null},setup(e){const t=e,n=Ln(t.node),r=Ln(t.viewOptions),i=Je(null),s=ft(wr),l=ft(Ou),c=ft(Ka);if(!c)throw new Error(`Could not resolve ${Ka.description}`);const u=ft(_d),p=ft(Ja),{buffersByLocationTooltip:f,costTooltip:g,estimateFactorPercent:S,estimateFactorTooltip:L,ioTooltip:C,nodeName:N,rowsTooltip:F,timeTooltip:b}=lo(s,n,p);function D(E){let B="";switch(r.metric){case vt.time:B+=b.value;break;case vt.rows:B+=F.value;break;case vt.estimate_factor:B+=L.value;break;case vt.cost:B+=g.value;break;case vt.buffers:B+=f.value(r.buffersMetric);break;case vt.io:B+=C.value;break}return E[m.CTE_NAME]&&(B+="<br><em>CTE "+E[m.CTE_NAME]+"</em>"),B}const H=ft("scrollTo");return nn(()=>l?.value,E=>{E==n.nodeId&&i.value&&H?.(i.value)}),(E,B)=>(w(),k("tr",{class:Ie(["no-focus-outline node",{selected:n.nodeId===h(l),highlight:n.nodeId===h(u)}]),"data-tippy-content":D(n),onMouseenter:B[0]||(B[0]=x=>u.value=n.nodeId),onMouseleave:B[1]||(B[1]=x=>u.value=void 0),onClick:B[2]||(B[2]=Rt(x=>h(c)(n.nodeId,!0),["prevent"])),ref_key:"rootEl",ref:i},[A("td",l5,[A("span",c5,"#"+Le(n.nodeId),1)]),v(),A("td",u5,[we(P_,{isSubplan:!!n[h(m).SUBPLAN_NAME],isLastChild:!!e.isLastChild,level:e.level,branches:e.branches,index:e.index,dense:""},null,8,["isSubplan","isLastChild","level","branches","index"]),v(" "+Le(h(N)),1)]),v(),A("td",null,[r.metric==h(vt).time?(w(),k("div",d5,[A("div",{class:Ie(["progress-bar border-secondary bg-secondary",{"border-start":n[h(m).EXCLUSIVE_DURATION]>0}]),role:"progressbar",style:Bt([{height:"5px"},{width:n[h(m).EXCLUSIVE_DURATION]/(h(s).planStats.executionTime||h(s).content.Plan[h(m).ACTUAL_TOTAL_TIME])*100+"%"}]),"aria-valuenow":"15","aria-valuemin":"0","aria-valuemax":"100"},null,6),v(),A("div",{class:"progress-bar bg-secondary-light",role:"progressbar",style:Bt([{height:"5px"},{width:(n[h(m).ACTUAL_TOTAL_TIME]-n[h(m).EXCLUSIVE_DURATION])/(h(s).planStats.executionTime||h(s).content.Plan[h(m).ACTUAL_TOTAL_TIME])*100+"%"}]),"aria-valuenow":"15","aria-valuemin":"0","aria-valuemax":"100"},null,4)])):r.metric==h(vt).rows?(w(),k("div",f5,[A("div",{class:"bg-secondary",role:"progressbar",style:Bt([{height:"5px"},{width:Math.round(n[h(m).ACTUAL_ROWS_REVISED]/h(s).planStats.maxRows*100)+"%"}]),"aria-valuenow":"15","aria-valuemin":"0","aria-valuemax":"100"},null,4)])):r.metric==h(vt).estimate_factor?(w(),k("div",p5,[A("span",h5,[n[h(m).PLANNER_ESTIMATE_DIRECTION]===h(tn).under?(w(),It(h(_t),{key:0,"fixed-width":"",icon:h(OA)},null,8,["icon"])):(w(),k("i",_5))]),v(),A("div",{class:Ie(["progress-bar",[n[h(m).PLANNER_ESTIMATE_DIRECTION]===h(tn).under?"bg-secondary":"bg-transparent"]]),role:"progressbar",style:Bt([{height:"5px"},{width:h(S)+"%"}]),"aria-valuenow":"15","aria-valuemin":"0","aria-valuemax":"100"},null,6),v(),m5,v(),A("div",{class:Ie(["progress-bar",[n[h(m).PLANNER_ESTIMATE_DIRECTION]===h(tn).over?"bg-secondary":"bg-transparent"]]),role:"progressbar",style:Bt([{height:"5px"},{width:h(S)+"%"}]),"aria-valuenow":"15","aria-valuemin":"0","aria-valuemax":"100"},null,6),v(),A("span",E5,[n[h(m).PLANNER_ESTIMATE_DIRECTION]===h(tn).over?(w(),It(h(_t),{key:0,"fixed-width":"",icon:h(NA)},null,8,["icon"])):(w(),k("i",g5))])])):r.metric==h(vt).cost?(w(),k("div",v5,[A("div",{class:Ie(["bg-secondary",{"border-secondary border-start":n[h(m).EXCLUSIVE_COST]>0}]),role:"progressbar",style:Bt([{height:"5px"},{width:Math.round(n[h(m).EXCLUSIVE_COST]/h(s).planStats.maxCost*100)+"%"}]),"aria-valuenow":"15","aria-valuemin":"0","aria-valuemax":"100"},null,6)])):r.metric==h(vt).buffers&&r.buffersMetric==h(nt).shared&&h(s).planStats.maxBlocks?.[h(nt).shared]?(w(),k("div",T5,[A("div",{class:Ie(["bg-hit",{"border-start border-hit":n[h(m).EXCLUSIVE_SHARED_HIT_BLOCKS]>0}]),role:"progressbar",style:Bt([{height:"5px"},{width:(Math.round(n[h(m).EXCLUSIVE_SHARED_HIT_BLOCKS]/h(s).planStats.maxBlocks?.[h(nt).shared]*100)||0)+"%"}]),"aria-valuenow":"15","aria-valuemin":"0","aria-valuemax":"100"},null,6),v(),A("div",{class:Ie(["bg-read",{"border-start border-read":n[h(m).EXCLUSIVE_SHARED_READ_BLOCKS]>0}]),role:"progressbar",style:Bt([{height:"5px"},{width:(Math.round(n[h(m).EXCLUSIVE_SHARED_READ_BLOCKS]/h(s).planStats.maxBlocks?.[h(nt).shared]*100)||0)+"%"}]),"aria-valuenow":"15","aria-valuemin":"0","aria-valuemax":"100"},null,6),v(),A("div",{class:Ie(["bg-dirtied",{"border-start border-dirtied":n[h(m).EXCLUSIVE_SHARED_DIRTIED_BLOCKS]>0}]),role:"progressbar",style:Bt([{height:"5px"},{width:(Math.round(n[h(m).EXCLUSIVE_SHARED_DIRTIED_BLOCKS]/h(s).planStats.maxBlocks?.[h(nt).shared]*100)||0)+"%"}]),"aria-valuenow":"15","aria-valuemin":"0","aria-valuemax":"100"},null,6),v(),A("div",{class:Ie(["bg-written",{"border-start border-written":n[h(m).EXCLUSIVE_SHARED_WRITTEN_BLOCKS]>0}]),role:"progressbar",style:Bt([{height:"5px"},{width:(Math.round(n[h(m).EXCLUSIVE_SHARED_WRITTEN_BLOCKS]/h(s).planStats.maxBlocks?.[h(nt).shared]*100)||0)+"%"}]),"aria-valuenow":"15","aria-valuemin":"0","aria-valuemax":"100"},null,6)])):r.metric==h(vt).buffers&&r.buffersMetric==h(nt).temp&&h(s).planStats.maxBlocks?.[h(nt).temp]?(w(),k("div",S5,[A("div",{class:"bg-read",role:"progressbar",style:Bt([{height:"5px"},{width:(Math.round(n[h(m).EXCLUSIVE_TEMP_READ_BLOCKS]/h(s).planStats.maxBlocks?.[h(nt).temp]*100)||0)+"%"}]),"aria-valuenow":"15","aria-valuemin":"0","aria-valuemax":"100"},null,4),v(),A("div",{class:"bg-written",role:"progressbar",style:Bt([{width:(Math.round(n[h(m).EXCLUSIVE_TEMP_WRITTEN_BLOCKS]/h(s).planStats.maxBlocks?.[h(nt).temp]*100)||0)+"%"},{height:"5px"}]),"aria-valuenow":"15","aria-valuemin":"0","aria-valuemax":"100"},null,4)])):r.metric==h(vt).buffers&&r.buffersMetric==h(nt).local&&h(s).planStats.maxBlocks?.[h(nt).local]?(w(),k("div",A5,[A("div",{class:"bg-hit",role:"progressbar",style:Bt([{height:"5px"},{width:(Math.round(n[h(m).EXCLUSIVE_LOCAL_HIT_BLOCKS]/h(s).planStats.maxBlocks?.[h(nt).local]*100)||0)+"%"}]),"aria-valuenow":"15","aria-valuemin":"0","aria-valuemax":"100"},null,4),v(),A("div",{class:"bg-read",role:"progressbar",style:Bt([{width:(Math.round(n[h(m).EXCLUSIVE_LOCAL_READ_BLOCKS]/h(s).planStats.maxBlocks?.[h(nt).local]*100)||0)+"%"},{height:"5px"}]),"aria-valuenow":"15","aria-valuemin":"0","aria-valuemax":"100"},null,4),v(),A("div",{class:"bg-dirtied",role:"progressbar",style:Bt([{height:"5px"},{width:(Math.round(n[h(m).EXCLUSIVE_LOCAL_DIRTIED_BLOCKS]/h(s).planStats.maxBlocks?.[h(nt).local]*100)||0)+"%"}]),"aria-valuenow":"15","aria-valuemin":"0","aria-valuemax":"100"},null,4),v(),A("div",{class:"bg-written",role:"progressbar",style:Bt([{height:"5px"},{width:(Math.round(n[h(m).EXCLUSIVE_LOCAL_WRITTEN_BLOCKS]/h(s).planStats?.maxBlocks?.[h(nt).local]*100)||0)+"%"}]),"aria-valuenow":"15","aria-valuemin":"0","aria-valuemax":"100"},null,4)])):r.metric==h(vt).io&&(h(s).content.Plan[h(m).IO_READ_TIME]||h(s).content.Plan[h(m).IO_WRITE_TIME])?(w(),k("div",b5,[A("div",{class:"bg-read",role:"progressbar",style:Bt([{height:"5px"},{width:(Math.round(n[h(m).EXCLUSIVE_IO_READ_TIME]/h(s).planStats?.maxIo*100)||0)+"%"}]),"aria-valuenow":"15","aria-valuemin":"0","aria-valuemax":"100"},null,4),v(),A("div",{class:"bg-written",role:"progressbar",style:Bt([{height:"5px"},{width:(Math.round(n[h(m).EXCLUSIVE_IO_WRITE_TIME]/h(s).planStats?.maxIo*100)||0)+"%"}]),"aria-valuenow":"15","aria-valuemin":"0","aria-valuemax":"100"},null,4)])):oe("",!0)])],42,o5))}});var L5="tippy-box",VA="tippy-content",O5="tippy-backdrop",zA="tippy-arrow",GA="tippy-svg-arrow",Aa={passive:!0,capture:!0},KA=function(){return document.body};function mp(e,t,n){if(Array.isArray(e)){var r=e[t];return r??(Array.isArray(n)?n[t]:n)}return e}function z_(e,t){var n={}.toString.call(e);return n.indexOf("[object")===0&&n.indexOf(t+"]")>-1}function XA(e,t){return typeof e=="function"?e.apply(void 0,t):e}function G1(e,t){if(t===0)return e;var n;return function(r){clearTimeout(n),n=setTimeout(function(){e(r)},t)}}function y5(e,t){var n=Object.assign({},e);return t.forEach(function(r){delete n[r]}),n}function N5(e){return e.split(/\s+/).filter(Boolean)}function ya(e){return[].concat(e)}function K1(e,t){e.indexOf(t)===-1&&e.push(t)}function C5(e){return e.filter(function(t,n){return e.indexOf(t)===n})}function x5(e){return e.split("-")[0]}function wu(e){return[].slice.call(e)}function X1(e){return Object.keys(e).reduce(function(t,n){return e[n]!==void 0&&(t[n]=e[n]),t},{})}function xs(){return document.createElement("div")}function Ad(e){return["Element","Fragment"].some(function(t){return z_(e,t)})}function w5(e){return z_(e,"NodeList")}function I5(e){return z_(e,"MouseEvent")}function k5(e){return!!(e&&e._tippy&&e._tippy.reference===e)}function B5(e){return Ad(e)?[e]:w5(e)?wu(e):Array.isArray(e)?e:wu(document.querySelectorAll(e))}function Ep(e,t){e.forEach(function(n){n&&(n.style.transitionDuration=t+"ms")})}function Y1(e,t){e.forEach(function(n){n&&n.setAttribute("data-state",t)})}function P5(e){var t,n=ya(e),r=n[0];return r!=null&&(t=r.ownerDocument)!=null&&t.body?r.ownerDocument:document}function D5(e,t){var n=t.clientX,r=t.clientY;return e.every(function(i){var s=i.popperRect,l=i.popperState,c=i.props,u=c.interactiveBorder,p=x5(l.placement),f=l.modifiersData.offset;if(!f)return!0;var g=p==="bottom"?f.top.y:0,S=p==="top"?f.bottom.y:0,L=p==="right"?f.left.x:0,C=p==="left"?f.right.x:0,N=s.top-r+g>u,F=r-s.bottom-S>u,b=s.left-n+L>u,D=n-s.right-C>u;return N||F||b||D})}function gp(e,t,n){var r=t+"EventListener";["transitionend","webkitTransitionEnd"].forEach(function(i){e[r](i,n)})}function q1(e,t){for(var n=t;n;){var r;if(e.contains(n))return!0;n=n.getRootNode==null||(r=n.getRootNode())==null?void 0:r.host}return!1}var $r={isTouch:!1},j1=0;function M5(){$r.isTouch||($r.isTouch=!0,window.performance&&document.addEventListener("mousemove",YA))}function YA(){var e=performance.now();e-j1<20&&($r.isTouch=!1,document.removeEventListener("mousemove",YA)),j1=e}function H5(){var e=document.activeElement;if(k5(e)){var t=e._tippy;e.blur&&!t.state.isVisible&&e.blur()}}function W5(){document.addEventListener("touchstart",M5,Aa),window.addEventListener("blur",H5)}var U5=typeof window<"u"&&typeof document<"u",$5=U5?!!window.msCrypto:!1,F5={animateFill:!1,followCursor:!1,inlinePositioning:!1,sticky:!1},V5={allowHTML:!1,animation:"fade",arrow:!0,content:"",inertia:!1,maxWidth:350,role:"tooltip",theme:"",zIndex:9999},yr=Object.assign({appendTo:KA,aria:{content:"auto",expanded:"auto"},delay:0,duration:[300,250],getReferenceClientRect:null,hideOnClick:!0,ignoreAttributes:!1,interactive:!1,interactiveBorder:2,interactiveDebounce:0,moveTransition:"",offset:[0,10],onAfterUpdate:function(){},onBeforeUpdate:function(){},onCreate:function(){},onDestroy:function(){},onHidden:function(){},onHide:function(){},onMount:function(){},onShow:function(){},onShown:function(){},onTrigger:function(){},onUntrigger:function(){},onClickOutside:function(){},placement:"top",plugins:[],popperOptions:{},render:null,showOnCreate:!1,touch:!0,trigger:"mouseenter focus",triggerTarget:null},F5,V5),z5=Object.keys(yr),G5=function(t){var n=Object.keys(t);n.forEach(function(r){yr[r]=t[r]})};function qA(e){var t=e.plugins||[],n=t.reduce(function(r,i){var s=i.name,l=i.defaultValue;if(s){var c;r[s]=e[s]!==void 0?e[s]:(c=yr[s])!=null?c:l}return r},{});return Object.assign({},e,n)}function K5(e,t){var n=t?Object.keys(qA(Object.assign({},yr,{plugins:t}))):z5,r=n.reduce(function(i,s){var l=(e.getAttribute("data-tippy-"+s)||"").trim();if(!l)return i;if(s==="content")i[s]=l;else try{i[s]=JSON.parse(l)}catch{i[s]=l}return i},{});return r}function J1(e,t){var n=Object.assign({},t,{content:XA(t.content,[e])},t.ignoreAttributes?{}:K5(e,t.plugins));return n.aria=Object.assign({},yr.aria,n.aria),n.aria={expanded:n.aria.expanded==="auto"?t.interactive:n.aria.expanded,content:n.aria.content==="auto"?t.interactive?null:"describedby":n.aria.content},n}var X5=function(){return"innerHTML"};function hh(e,t){e[X5()]=t}function Q1(e){var t=xs();return e===!0?t.className=zA:(t.className=GA,Ad(e)?t.appendChild(e):hh(t,e)),t}function Z1(e,t){Ad(t.content)?(hh(e,""),e.appendChild(t.content)):typeof t.content!="function"&&(t.allowHTML?hh(e,t.content):e.textContent=t.content)}function _h(e){var t=e.firstElementChild,n=wu(t.children);return{box:t,content:n.find(function(r){return r.classList.contains(VA)}),arrow:n.find(function(r){return r.classList.contains(zA)||r.classList.contains(GA)}),backdrop:n.find(function(r){return r.classList.contains(O5)})}}function jA(e){var t=xs(),n=xs();n.className=L5,n.setAttribute("data-state","hidden"),n.setAttribute("tabindex","-1");var r=xs();r.className=VA,r.setAttribute("data-state","hidden"),Z1(r,e.props),t.appendChild(n),n.appendChild(r),i(e.props,e.props);function i(s,l){var c=_h(t),u=c.box,p=c.content,f=c.arrow;l.theme?u.setAttribute("data-theme",l.theme):u.removeAttribute("data-theme"),typeof l.animation=="string"?u.setAttribute("data-animation",l.animation):u.removeAttribute("data-animation"),l.inertia?u.setAttribute("data-inertia",""):u.removeAttribute("data-inertia"),u.style.maxWidth=typeof l.maxWidth=="number"?l.maxWidth+"px":l.maxWidth,l.role?u.setAttribute("role",l.role):u.removeAttribute("role"),(s.content!==l.content||s.allowHTML!==l.allowHTML)&&Z1(p,e.props),l.arrow?f?s.arrow!==l.arrow&&(u.removeChild(f),u.appendChild(Q1(l.arrow))):u.appendChild(Q1(l.arrow)):f&&u.removeChild(f)}return{popper:t,onUpdate:i}}jA.$$tippy=!0;var Y5=1,Vc=[],vp=[];function q5(e,t){var n=J1(e,Object.assign({},yr,qA(X1(t)))),r,i,s,l=!1,c=!1,u=!1,p=!1,f,g,S,L=[],C=G1(se,n.interactiveDebounce),N,F=Y5++,b=null,D=C5(n.plugins),H={isEnabled:!0,isVisible:!1,isDestroyed:!1,isMounted:!1,isShown:!1},E={id:F,reference:e,popper:xs(),popperInstance:b,props:n,state:H,plugins:D,clearDelayTimeouts:ye,setProps:Pe,setContent:He,show:rt,hide:yt,hideWithInteractivity:ln,enable:Ue,disable:he,unmount:Jn,destroy:Mn};if(!n.render)return E;var B=n.render(E),x=B.popper,V=B.onUpdate;x.setAttribute("data-tippy-root",""),x.id="tippy-"+E.id,E.popper=x,e._tippy=E,x._tippy=E;var W=D.map(function(P){return P.fn(E)}),R=e.hasAttribute("aria-expanded");return Ct(),_e(),q(),te("onCreate",[E]),n.showOnCreate&&De(),x.addEventListener("mouseenter",function(){E.props.interactive&&E.state.isVisible&&E.clearDelayTimeouts()}),x.addEventListener("mouseleave",function(){E.props.interactive&&E.props.trigger.indexOf("mouseenter")>=0&&K().addEventListener("mousemove",C)}),E;function le(){var P=E.props.touch;return Array.isArray(P)?P:[P,0]}function $(){return le()[0]==="hold"}function Z(){var P;return!!((P=E.props.render)!=null&&P.$$tippy)}function ue(){return N||e}function K(){var P=ue().parentNode;return P?P5(P):document}function me(){return _h(x)}function I(P){return E.state.isMounted&&!E.state.isVisible||$r.isTouch||f&&f.type==="focus"?0:mp(E.props.delay,P?0:1,yr.delay)}function q(P){P===void 0&&(P=!1),x.style.pointerEvents=E.props.interactive&&!P?"":"none",x.style.zIndex=""+E.props.zIndex}function te(P,de,Re){if(Re===void 0&&(Re=!0),W.forEach(function($e){$e[P]&&$e[P].apply($e,de)}),Re){var Ge;(Ge=E.props)[P].apply(Ge,de)}}function Ee(){var P=E.props.aria;if(P.content){var de="aria-"+P.content,Re=x.id,Ge=ya(E.props.triggerTarget||e);Ge.forEach(function($e){var Et=$e.getAttribute(de);if(E.state.isVisible)$e.setAttribute(de,Et?Et+" "+Re:Re);else{var xt=Et&&Et.replace(Re,"").trim();xt?$e.setAttribute(de,xt):$e.removeAttribute(de)}})}}function _e(){if(!(R||!E.props.aria.expanded)){var P=ya(E.props.triggerTarget||e);P.forEach(function(de){E.props.interactive?de.setAttribute("aria-expanded",E.state.isVisible&&de===ue()?"true":"false"):de.removeAttribute("aria-expanded")})}}function re(){K().removeEventListener("mousemove",C),Vc=Vc.filter(function(P){return P!==C})}function ie(P){if(!($r.isTouch&&(u||P.type==="mousedown"))){var de=P.composedPath&&P.composedPath()[0]||P.target;if(!(E.props.interactive&&q1(x,de))){if(ya(E.props.triggerTarget||e).some(function(Re){return q1(Re,de)})){if($r.isTouch||E.state.isVisible&&E.props.trigger.indexOf("click")>=0)return}else te("onClickOutside",[E,P]);E.props.hideOnClick===!0&&(E.clearDelayTimeouts(),E.hide(),c=!0,setTimeout(function(){c=!1}),E.state.isMounted||ne())}}}function Se(){u=!0}function ae(){u=!1}function ee(){var P=K();P.addEventListener("mousedown",ie,!0),P.addEventListener("touchend",ie,Aa),P.addEventListener("touchstart",ae,Aa),P.addEventListener("touchmove",Se,Aa)}function ne(){var P=K();P.removeEventListener("mousedown",ie,!0),P.removeEventListener("touchend",ie,Aa),P.removeEventListener("touchstart",ae,Aa),P.removeEventListener("touchmove",Se,Aa)}function xe(P,de){Xe(P,function(){!E.state.isVisible&&x.parentNode&&x.parentNode.contains(x)&&de()})}function Me(P,de){Xe(P,de)}function Xe(P,de){var Re=me().box;function Ge($e){$e.target===Re&&(gp(Re,"remove",Ge),de())}if(P===0)return de();gp(Re,"remove",g),gp(Re,"add",Ge),g=Ge}function At(P,de,Re){Re===void 0&&(Re=!1);var Ge=ya(E.props.triggerTarget||e);Ge.forEach(function($e){$e.addEventListener(P,de,Re),L.push({node:$e,eventType:P,handler:de,options:Re})})}function Ct(){$()&&(At("touchstart",X,{passive:!0}),At("touchend",Te,{passive:!0})),N5(E.props.trigger).forEach(function(P){if(P!=="manual")switch(At(P,X),P){case"mouseenter":At("mouseleave",Te);break;case"focus":At($5?"focusout":"blur",Y);break;case"focusin":At("focusout",Y);break}})}function U(){L.forEach(function(P){var de=P.node,Re=P.eventType,Ge=P.handler,$e=P.options;de.removeEventListener(Re,Ge,$e)}),L=[]}function X(P){var de,Re=!1;if(!(!E.state.isEnabled||G(P)||c)){var Ge=((de=f)==null?void 0:de.type)==="focus";f=P,N=P.currentTarget,_e(),!E.state.isVisible&&I5(P)&&Vc.forEach(function($e){return $e(P)}),P.type==="click"&&(E.props.trigger.indexOf("mouseenter")<0||l)&&E.props.hideOnClick!==!1&&E.state.isVisible?Re=!0:De(P),P.type==="click"&&(l=!Re),Re&&!Ge&&ke(P)}}function se(P){var de=P.target,Re=ue().contains(de)||x.contains(de);if(!(P.type==="mousemove"&&Re)){var Ge=pe().concat(x).map(function($e){var Et,xt=$e._tippy,cn=(Et=xt.popperInstance)==null?void 0:Et.state;return cn?{popperRect:$e.getBoundingClientRect(),popperState:cn,props:n}:null}).filter(Boolean);D5(Ge,P)&&(re(),ke(P))}}function Te(P){var de=G(P)||E.props.trigger.indexOf("click")>=0&&l;if(!de){if(E.props.interactive){E.hideWithInteractivity(P);return}ke(P)}}function Y(P){E.props.trigger.indexOf("focusin")<0&&P.target!==ue()||E.props.interactive&&P.relatedTarget&&x.contains(P.relatedTarget)||ke(P)}function G(P){return $r.isTouch?$()!==P.type.indexOf("touch")>=0:!1}function Oe(){ge();var P=E.props,de=P.popperOptions,Re=P.placement,Ge=P.offset,$e=P.getReferenceClientRect,Et=P.moveTransition,xt=Z()?_h(x).arrow:null,cn=$e?{getBoundingClientRect:$e,contextElement:$e.contextElement||ue()}:e,Ci={name:"$$tippy",enabled:!0,phase:"beforeWrite",requires:["computeStyles"],fn:function(pr){var _n=pr.state;if(Z()){var Za=me(),ti=Za.box;["placement","reference-hidden","escaped"].forEach(function(hr){hr==="placement"?ti.setAttribute("data-placement",_n.placement):_n.attributes.popper["data-popper-"+hr]?ti.setAttribute("data-"+hr,""):ti.removeAttribute("data-"+hr)}),_n.attributes.popper={}}}},rn=[{name:"offset",options:{offset:Ge}},{name:"preventOverflow",options:{padding:{top:2,bottom:2,left:5,right:5}}},{name:"flip",options:{padding:5}},{name:"computeStyles",options:{adaptive:!Et}},Ci];Z()&&xt&&rn.push({name:"arrow",options:{element:xt,padding:3}}),rn.push.apply(rn,de?.modifiers||[]),E.popperInstance=id(cn,x,Object.assign({},de,{placement:Re,onFirstUpdate:S,modifiers:rn}))}function ge(){E.popperInstance&&(E.popperInstance.destroy(),E.popperInstance=null)}function fe(){var P=E.props.appendTo,de,Re=ue();E.props.interactive&&P===KA||P==="parent"?de=Re.parentNode:de=XA(P,[Re]),de.contains(x)||de.appendChild(x),E.state.isMounted=!0,Oe()}function pe(){return wu(x.querySelectorAll("[data-tippy-root]"))}function De(P){E.clearDelayTimeouts(),P&&te("onTrigger",[E,P]),ee();var de=I(!0),Re=le(),Ge=Re[0],$e=Re[1];$r.isTouch&&Ge==="hold"&&$e&&(de=$e),de?r=setTimeout(function(){E.show()},de):E.show()}function ke(P){if(E.clearDelayTimeouts(),te("onUntrigger",[E,P]),!E.state.isVisible){ne();return}if(!(E.props.trigger.indexOf("mouseenter")>=0&&E.props.trigger.indexOf("click")>=0&&["mouseleave","mousemove"].indexOf(P.type)>=0&&l)){var de=I(!1);de?i=setTimeout(function(){E.state.isVisible&&E.hide()},de):s=requestAnimationFrame(function(){E.hide()})}}function Ue(){E.state.isEnabled=!0}function he(){E.hide(),E.state.isEnabled=!1}function ye(){clearTimeout(r),clearTimeout(i),cancelAnimationFrame(s)}function Pe(P){if(!E.state.isDestroyed){te("onBeforeUpdate",[E,P]),U();var de=E.props,Re=J1(e,Object.assign({},de,X1(P),{ignoreAttributes:!0}));E.props=Re,Ct(),de.interactiveDebounce!==Re.interactiveDebounce&&(re(),C=G1(se,Re.interactiveDebounce)),de.triggerTarget&&!Re.triggerTarget?ya(de.triggerTarget).forEach(function(Ge){Ge.removeAttribute("aria-expanded")}):Re.triggerTarget&&e.removeAttribute("aria-expanded"),_e(),q(),V&&V(de,Re),E.popperInstance&&(Oe(),pe().forEach(function(Ge){requestAnimationFrame(Ge._tippy.popperInstance.forceUpdate)})),te("onAfterUpdate",[E,P])}}function He(P){E.setProps({content:P})}function rt(){var P=E.state.isVisible,de=E.state.isDestroyed,Re=!E.state.isEnabled,Ge=$r.isTouch&&!E.props.touch,$e=mp(E.props.duration,0,yr.duration);if(!(P||de||Re||Ge)&&!ue().hasAttribute("disabled")&&(te("onShow",[E],!1),E.props.onShow(E)!==!1)){if(E.state.isVisible=!0,Z()&&(x.style.visibility="visible"),q(),ee(),E.state.isMounted||(x.style.transition="none"),Z()){var Et=me(),xt=Et.box,cn=Et.content;Ep([xt,cn],0)}S=function(){var rn;if(!(!E.state.isVisible||p)){if(p=!0,x.offsetHeight,x.style.transition=E.props.moveTransition,Z()&&E.props.animation){var ei=me(),pr=ei.box,_n=ei.content;Ep([pr,_n],$e),Y1([pr,_n],"visible")}Ee(),_e(),K1(vp,E),(rn=E.popperInstance)==null||rn.forceUpdate(),te("onMount",[E]),E.props.animation&&Z()&&Me($e,function(){E.state.isShown=!0,te("onShown",[E])})}},fe()}}function yt(){var P=!E.state.isVisible,de=E.state.isDestroyed,Re=!E.state.isEnabled,Ge=mp(E.props.duration,1,yr.duration);if(!(P||de||Re)&&(te("onHide",[E],!1),E.props.onHide(E)!==!1)){if(E.state.isVisible=!1,E.state.isShown=!1,p=!1,l=!1,Z()&&(x.style.visibility="hidden"),re(),ne(),q(!0),Z()){var $e=me(),Et=$e.box,xt=$e.content;E.props.animation&&(Ep([Et,xt],Ge),Y1([Et,xt],"hidden"))}Ee(),_e(),E.props.animation?Z()&&xe(Ge,E.unmount):E.unmount()}}function ln(P){K().addEventListener("mousemove",C),K1(Vc,C),C(P)}function Jn(){E.state.isVisible&&E.hide(),E.state.isMounted&&(ge(),pe().forEach(function(P){P._tippy.unmount()}),x.parentNode&&x.parentNode.removeChild(x),vp=vp.filter(function(P){return P!==E}),E.state.isMounted=!1,te("onHidden",[E]))}function Mn(){E.state.isDestroyed||(E.clearDelayTimeouts(),E.unmount(),U(),delete e._tippy,E.state.isDestroyed=!0,te("onDestroy",[E]))}}function co(e,t){t===void 0&&(t={});var n=yr.plugins.concat(t.plugins||[]);W5();var r=Object.assign({},t,{plugins:n}),i=B5(e),s=i.reduce(function(l,c){var u=c&&q5(c,r);return u&&l.push(u),l},[]);return Ad(e)?s[0]:s}co.defaultProps=yr;co.setDefaultProps=G5;co.currentInput=$r;var j5=Object.assign({},td,{effect:function(t){var n=t.state,r={popper:{position:n.options.strategy,left:"0",top:"0",margin:"0"},arrow:{position:"absolute"},reference:{}};Object.assign(n.elements.popper.style,r.popper),n.styles=r,n.elements.arrow&&Object.assign(n.elements.arrow.style,r.arrow)}}),J5=function(t,n){var r;n===void 0&&(n={});var i=t,s=[],l=[],c,u=n.overrides,p=[],f=!1;function g(){l=i.map(function(E){return ya(E.props.triggerTarget||E.reference)}).reduce(function(E,B){return E.concat(B)},[])}function S(){s=i.map(function(E){return E.reference})}function L(E){i.forEach(function(B){E?B.enable():B.disable()})}function C(E){return i.map(function(B){var x=B.setProps;return B.setProps=function(V){x(V),B.reference===c&&E.setProps(V)},function(){B.setProps=x}})}function N(E,B){var x=l.indexOf(B);if(B!==c){c=B;var V=(u||[]).concat("content").reduce(function(W,R){return W[R]=i[x].props[R],W},{});E.setProps(Object.assign({},V,{getReferenceClientRect:typeof V.getReferenceClientRect=="function"?V.getReferenceClientRect:function(){var W;return(W=s[x])==null?void 0:W.getBoundingClientRect()}}))}}L(!1),S(),g();var F={fn:function(){return{onDestroy:function(){L(!0)},onHidden:function(){c=null},onClickOutside:function(x){x.props.showOnCreate&&!f&&(f=!0,c=null)},onShow:function(x){x.props.showOnCreate&&!f&&(f=!0,N(x,s[0]))},onTrigger:function(x,V){N(x,V.currentTarget)}}}},b=co(xs(),Object.assign({},y5(n,["overrides"]),{plugins:[F].concat(n.plugins||[]),triggerTarget:l,popperOptions:Object.assign({},n.popperOptions,{modifiers:[].concat(((r=n.popperOptions)==null?void 0:r.modifiers)||[],[j5])})})),D=b.show;b.show=function(E){if(D(),!c&&E==null)return N(b,s[0]);if(!(c&&E==null)){if(typeof E=="number")return s[E]&&N(b,s[E]);if(i.indexOf(E)>=0){var B=E.reference;return N(b,B)}if(s.indexOf(E)>=0)return N(b,E)}},b.showNext=function(){var E=s[0];if(!c)return b.show(0);var B=s.indexOf(c);b.show(s[B+1]||E)},b.showPrevious=function(){var E=s[s.length-1];if(!c)return b.show(E);var B=s.indexOf(c),x=s[B-1]||E;b.show(x)};var H=b.setProps;return b.setProps=function(E){u=E.overrides||u,H(E)},b.setInstances=function(E){L(!0),p.forEach(function(B){return B()}),i=E,L(!1),S(),g(),p=C(b),b.setProps({triggerTarget:l})},p=C(b),b};co.setDefaultProps({render:jA});const Q5={class:"diagram"},Z5={class:"flex-shrink-0"},eU={class:"text-center my-1"},tU={class:"btn-group btn-group-xs"},nU={key:0,class:"text-center my-1"},rU={class:"btn-group btn-group-xs"},iU=["disabled"],aU=["disabled"],sU=["disabled"],oU={class:"legend text-center"},lU={key:0,class:"list-unstyled list-inline mb-0"},cU={key:0,class:"list-inline-item"},uU=A("span",{class:"bg-hit rounded"},null,-1),dU=A("li",{class:"list-inline-item"},[A("span",{class:"bg-read"}),v(`
            Read
          `)],-1),fU={key:1,class:"list-inline-item"},pU=A("span",{class:"bg-dirtied"},null,-1),hU=A("li",{class:"list-inline-item"},[A("span",{class:"bg-written"}),v(`
            Written
          `)],-1),_U=FI(`<ul class="list-unstyled list-inline mb-0 d-inline-block"><li class="list-inline-item"><span class="bg-read"></span>
              Read
            </li> <li class="list-inline-item"><span class="bg-written"></span>
              Write
            </li></ul>`,1),mU={key:0},EU=A("th",{colspan:"3",class:"subplan"},"Main Query Plan",-1),gU=[EU],vU={key:0},TU=A("td",null,null,-1),SU=["colspan"],AU={class:"tree-lines"},bU=["onClick"],RU={key:1,class:"p-2 text-center text-muted"},LU=A("em",null," No data available ",-1),OU=[LU],yU=Ot({__name:"Diagram",setup(e){const n=new Ol().getHelpMessage,r=ft(wr),i=Je(null),s=ft(Ka);if(!s)throw new Error(`Could not resolve ${Ka.description}`);const l=ft(_d);let c=[[]],u=[],p;const f=Ln({metric:vt.time,buffersMetric:nt.shared});na(()=>{const b=localStorage.getItem("diagramViewOptions");b&&j.assignIn(f,JSON.parse(b)),L(c[0],0,r.value.content.Plan,!0,[]),j.each(r.value.ctes,H=>{const E=[];L(E,0,H,!0,[]),c.push(E)});const D=j.keys(r.value.planStats.maxBlocks);j.indexOf(D,f.buffersMetric)===-1&&(f.buffersMetric=j.min(D))}),Oi(()=>{S()}),nn(f,g);function g(){localStorage.setItem("diagramViewOptions",JSON.stringify(f)),ks(S)}function S(){p&&p.destroy(),j.each(u,b=>{b.destroy()}),u=co(".diagram tr.node"),p=J5(u,{delay:100,allowHTML:!0})}function L(b,D,H,E,B){b.push([D,H,E,j.concat([],B)]),E||B.push(D),j.each(H.Plans,x=>{L(b,D+1,x,x===j.last(H.Plans),B)}),E||B.pop()}const C=Be(()=>f.metric===vt.buffers?!!f.buffersMetric:!0);function N(b){return j.startsWith(b[m.SUBPLAN_NAME],"CTE")}function F(b){i.value&&FH(i.value,b,!1)}return Sn("scrollTo",F),(b,D)=>(w(),k("div",Q5,[A("div",Z5,[A("div",eU,[A("div",tU,[A("button",{class:Ie(["btn btn-outline-secondary",{active:f.metric===h(vt).time}]),onClick:D[0]||(D[0]=H=>f.metric=h(vt).time)},`
            time
          `,2),v(),A("button",{class:Ie(["btn btn-outline-secondary",{active:f.metric===h(vt).rows}]),onClick:D[1]||(D[1]=H=>f.metric=h(vt).rows)},`
            rows
          `,2),v(),A("button",{class:Ie(["btn btn-outline-secondary",{active:f.metric===h(vt).estimate_factor}]),onClick:D[2]||(D[2]=H=>f.metric=h(vt).estimate_factor)},`
            estimation
          `,2),v(),A("button",{class:Ie(["btn btn-outline-secondary",{active:f.metric===h(vt).cost}]),onClick:D[3]||(D[3]=H=>f.metric=h(vt).cost)},`
            cost
          `,2),v(),A("button",{class:Ie(["btn btn-outline-secondary",{active:f.metric===h(vt).buffers}]),onClick:D[4]||(D[4]=H=>f.metric=h(vt).buffers)},`
            buffers
          `,2),v(),A("button",{class:Ie(["btn btn-outline-secondary",{active:f.metric===h(vt).io}]),onClick:D[5]||(D[5]=H=>f.metric=h(vt).io)},`
            IO
          `,2)])]),v(),f.metric==h(vt).buffers?(w(),k("div",nU,[A("div",rU,[A("button",{class:Ie(["btn btn-outline-secondary",{active:f.buffersMetric===h(nt).shared}]),onClick:D[6]||(D[6]=H=>f.buffersMetric=h(nt).shared),disabled:!h(r).planStats.maxBlocks?.[h(nt).shared]},`
            shared
          `,10,iU),v(),A("button",{class:Ie(["btn btn-outline-secondary",{active:f.buffersMetric===h(nt).temp}]),onClick:D[7]||(D[7]=H=>f.buffersMetric=h(nt).temp),disabled:!h(r).planStats.maxBlocks?.[h(nt).temp]},`
            temp
          `,10,aU),v(),A("button",{class:Ie(["btn btn-outline-secondary",{active:f.buffersMetric===h(nt).local}]),onClick:D[8]||(D[8]=H=>f.buffersMetric=h(nt).local),disabled:!h(r).planStats.maxBlocks?.[h(nt).local]},`
            local
          `,10,sU)])])):oe("",!0),v(),A("div",oU,[f.metric==h(vt).buffers?(w(),k("ul",lU,[f.buffersMetric!=h(nt).temp?(w(),k("li",cU,[uU,v(`
            Hit
          `)])):oe("",!0),v(),dU,v(),f.buffersMetric!=h(nt).temp?(w(),k("li",fU,[pU,v(`
            Dirtied
          `)])):oe("",!0),v(),hU])):oe("",!0),v(),f.metric==h(vt).io?(w(),k(Fe,{key:1},[_U,v(),mt(we(h(_t),{icon:h(Cu),class:"cursor-help d-inline-block text-muted"},null,8,["icon"]),[[h(St),{content:h(n)("hint track_io_timing"),allowHTML:!0}]])],64)):oe("",!0)])]),v(),A("div",{class:"overflow-auto flex-grow-1",ref_key:"container",ref:i},[h(C)?(w(),k("table",{key:0,class:Ie(["m-1",{highlight:!!h(l)}])},[(w(!0),k(Fe,null,$t(h(c),(H,E)=>(w(),k("tbody",{key:E},[E===0&&h(c).length>1?(w(),k("tr",mU,gU)):oe("",!0),v(),(w(!0),k(Fe,null,$t(H,(B,x)=>(w(),k(Fe,{key:x},[B[1][h(m).SUBPLAN_NAME]?(w(),k("tr",vU,[TU,v(),A("td",{class:Ie(["subplan pe-2",{"fw-bold":N(B[1])}]),colspan:N(B[1])?3:2},[A("span",AU,[(w(!0),k(Fe,null,$t(h(j).range(B[0]),V=>(w(),k(Fe,null,[h(j).indexOf(B[3],V)!=-1?(w(),k(Fe,{key:0},[v("│")],64)):V!==0?(w(),k(Fe,{key:1},[v(" ")],64)):oe("",!0)],64))),256)),x!==0?(w(),k(Fe,{key:0},[v(Le(B[2]?"└":"├"),1)],64)):oe("",!0)]),v(),A("a",{class:"fst-italic text-reset",href:"",onClick:Rt(V=>h(s)(B[1].nodeId,!0),["prevent"])},Le(B[1][h(m).SUBPLAN_NAME]),9,bU)],10,SU)])):oe("",!0),v(),we(R5,{node:B[1],isSubplan:!!B[1][h(m).SUBPLAN_NAME],isLastChild:!!B[2],level:B[0],branches:B[3],index:x,viewOptions:f},null,8,["node","isSubplan","isLastChild","level","branches","index","viewOptions"])],64))),128))]))),128))],2)):(w(),k("div",RU,OU))],512)]))}}),NU={class:"grid-progress progress rounded-0 bg-transparent"},vn=Ot({__name:"GridProgressBar",props:{percentage:null,percentage2:null},setup(e){return(t,n)=>(w(),k("div",NU,[A("div",{class:Ie(["bg-secondary border-secondary opacity-50",{"border-start":e.percentage>0}]),style:Bt({width:e.percentage+"%"})},null,6),v(),e.percentage2?(w(),k("div",{key:0,class:Ie(["bg-secondary border-secondary opacity-20",{"border-start":e.percentage2>0}]),style:Bt({width:e.percentage2+"%"})},null,6)):oe("",!0)]))}}),CU=A("b",null,"Workers planned: ",-1),xU={class:"px-1"},wU={key:0,class:"text-warning"},IU=A("b",null,"Workers launched: ",-1),kU={class:"px-1"},BU={key:0,class:"text-muted"},PU={class:"card-header"},DU={class:"list-group list-group-flush"},MU={key:0,class:"list-group-item d-flex flex-row"},HU={class:"col-6"},WU=["innerHTML"],JA=Ot({__name:"WorkersDetail",props:{node:null},setup(e){const n=Ln(e.node),r=ft(wr),i=ft(Ja),l=new Ol().getHelpMessage,{workersLaunchedCount:c}=lo(r,n,i);return(u,p)=>(w(),k(Fe,null,[A("div",null,[CU,v(),A("span",xU,Le(n[h(m).WORKERS_PLANNED]||n[h(m).WORKERS_PLANNED_BY_GATHER]),1),v(),!n[h(m).WORKERS_PLANNED]&&!n[h(m).WORKERS]&&(!h(r).isVerbose||!h(r).isAnalyze)?(w(),k("em",wU,[mt(we(h(_t),{icon:h(k1),class:"cursor-help"},null,8,["icon"]),[[h(St),h(l)("fuzzy needs verbose")]])])):oe("",!0)]),v(),A("div",null,[IU,v(),A("span",kU,Le(h(c)),1)]),v(),!h(c)&&n[h(m).WORKERS_PLANNED_BY_GATHER]?(w(),k("div",BU,[A("em",null,[v(`
      Detailed information is not available.
      `),mt(we(h(_t),{icon:h(k1),class:"cursor-help"},null,8,["icon"]),[[h(St),h(l)("workers detailed info missing")]])])])):oe("",!0),v(),h(j).isArray(n[h(m).WORKERS])?(w(),k("div",{key:1,class:"overflow-auto",style:{"max-height":"300px"},onWheel:p[0]||(p[0]=Rt(()=>{},["stop"]))},[(w(!0),k(Fe,null,$t(n[h(m).WORKERS],(f,g)=>(w(),k("div",{key:g,class:"card mt-2"},[A("div",PU,[A("b",null,"Worker "+Le(f[h(gd).WORKER_NUMBER]),1)]),v(),A("ul",DU,[(w(!0),k(Fe,null,$t(f,(S,L)=>(w(),k(Fe,{key:L},[h(wA)(L,S)?(w(),k("li",MU,[A("div",HU,Le(L),1),v(),A("div",{class:"col-6",innerHTML:h(js)(L,S)},null,8,WU)])):oe("",!0)],64))),128))])]))),128))],32)):oe("",!0)],64))}}),UU={class:"table table-sm prop-list mb-0"},$U={key:0},FU={width:"40%"},VU=["innerHTML"],zU=A("div",{class:"text-muted text-end"},[A("em",null,"* Calculated value")],-1),QA=Ot({__name:"MiscDetail",props:{node:null},setup(e){const t=e,n=Je(),r=Ln(t.node);na(()=>{i()});function i(){n.value=j.chain(r).omit(m.PLANS).omit(m.WORKERS).map((s,l)=>({key:l,value:s})).value()}return(s,l)=>(w(),k(Fe,null,[A("table",UU,[(w(!0),k(Fe,null,$t(n.value,(c,u)=>(w(),k(Fe,{key:u},[h(wA)(c.key,c.value)?(w(),k("tr",$U,[A("td",FU,Le(c.key),1),v(),A("td",{innerHTML:h(js)(c.key,c.value)},null,8,VU)])):oe("",!0)],64))),128))]),v(),zU],64))}}),GU={height:"1em",width:"1em",viewBox:"0 0 20 20",class:"me-1",style:{"margin-left":"-8px"}},xo=Ot({__name:"SeverityBullet",props:["severity"],setup(e){return(t,n)=>(w(),k("svg",GU,[A("circle",{r:"7",cx:"10",cy:"10",class:Ie(e.severity),stroke:"white","stroke-width":"1"},null,2)]))}}),KU={class:"node-index text-muted"},XU=["href"],YU={class:"font-weight-normal small"},qU={key:0,class:"text-end grid-progress-cell text-nowrap"},jU={class:"position-relative d-flex"},JU={class:"flex-grow-1"},QU={key:0,class:"small text-body-secondary"},ZU=A("br",null,null,-1),e8={key:1,class:"text-end grid-progress-cell text-nowrap"},t8={class:"position-relative"},n8={key:2,class:"text-end grid-progress-cell text-nowrap"},r8={key:0},i8={key:0,class:"position-relative d-flex"},a8={class:"flex-grow-1"},s8=["innerHTML"],o8={key:0},l8={key:1},c8={key:1,class:"small text-body-secondary"},u8=A("br",null,null,-1),d8={key:3,class:"text-end grid-progress-cell text-nowrap"},f8={class:"position-relative d-flex"},p8={class:"flex-grow-1"},h8={key:4,class:"text-end text-nowrap"},_8={key:0},m8={key:5,class:"text-end grid-progress-cell text-nowrap"},E8={class:"position-relative d-flex"},g8={class:"flex-grow-1"},v8={key:0,class:"small text-body-secondary"},T8={key:6,class:"text-end grid-progress-cell text-nowrap"},S8={class:"position-relative d-flex"},A8={class:"flex-grow-1"},b8={class:"d-inline"},R8={class:"border border-secondary px-1 bg-light",style:{"--bs-border-opacity":"0.5"}},L8={class:"text-body-secondary"},O8=A("span",{class:"text-muted"},"on",-1),y8={key:0},N8={key:1},C8=A("span",{class:"text-muted"},"as",-1),x8=A("span",{class:"text-muted"},"on",-1),w8=["innerHTML"],I8=A("span",{class:"text-muted"},"by",-1),k8=["innerHTML"],B8=A("span",{class:"text-muted"},"by",-1),P8=["innerHTML"],D8=A("span",{class:"text-muted"},"join",-1),M8=A("span",{class:"text-muted"},"using",-1),H8=["innerHTML"],W8=A("span",{class:"text-muted"},"on",-1),U8=["innerHTML"],$8={key:7,class:"text-reset"},F8=A("span",{class:"text-muted"},"CTE",-1),V8=A("br",null,null,-1),z8={class:"text-wrap"},G8={key:0,class:"node-description mt-1"},K8={class:"node-type"},X8=["innerHTML"],Y8={class:"nav nav-tabs mt-1"},q8={class:"nav-item"},j8={class:"nav-item"},J8={class:"nav-item"},Q8={class:"tab-content bg-white"},Z8=["innerHTML"],e$={key:7,class:"text-end text-nowrap grid-progress-cell"},t$={class:"position-relative"},n$={key:0,class:"small text-body-secondary"},r$={key:8,class:"text-end text-nowrap grid-progress-cell"},i$={class:"position-relative"},a$={key:0,class:"small text-body-secondary"},s$={key:9,class:"text-end text-nowrap grid-progress-cell"},o$={class:"position-relative"},l$={key:0,class:"small text-body-secondary"},c$={key:10,class:"text-end text-nowrap grid-progress-cell"},u$={class:"position-relative"},d$={key:0,class:"small text-body-secondary"},f$={key:11,class:"text-end text-nowrap grid-progress-cell"},p$={class:"position-relative"},h$={key:0,class:"small text-body-secondary"},_$={key:12,class:"text-end text-nowrap grid-progress-cell"},m$={class:"position-relative"},E$={key:0,class:"small text-body-secondary"},g$={key:13,class:"text-end text-nowrap grid-progress-cell"},v$={class:"position-relative"},T$={key:0,class:"small text-body-secondary"},S$={key:14,class:"text-end text-nowrap grid-progress-cell"},A$={class:"position-relative"},b$={key:0,class:"small text-body-secondary"},R$={key:15,class:"text-end text-nowrap grid-progress-cell"},L$={class:"position-relative"},O$={key:0,class:"small text-body-secondary"},y$={key:16,class:"text-end text-nowrap grid-progress-cell"},N$={class:"position-relative"},C$={key:0,class:"small text-body-secondary"},x$=Ot({__name:"GridRow",props:{node:null,level:null,isSubplan:{type:Boolean},isLastChild:{type:Boolean},branches:null,index:null,columns:null},setup(e){const t=e,r=new Ol().getNodeTypeDescription,i=Ln(t.node),s=ft(wr),l=ft(Ja),c=Je("misc"),{buffersByMetricTooltip:u,costClass:p,costTooltip:f,durationClass:g,estimationClass:S,estimateFactorPercent:L,estimateFactorTooltip:C,executionTimePercent:N,heapFetchesClass:F,heapFetchesTooltip:b,localDirtiedPercent:D,localHitPercent:H,localReadPercent:E,localWrittenPercent:B,nodeName:x,rowsRemoved:V,rowsRemovedClass:W,rowsRemovedPercent:R,rowsRemovedPercentString:le,rowsRemovedProp:$,rowsRemovedTooltip:Z,rowsTooltip:ue,sharedDirtiedPercent:K,sharedHitPercent:me,sharedReadPercent:I,sharedWrittenPercent:q,tempReadPercent:te,tempWrittenPercent:Ee,timeTooltip:_e,tilde:re}=lo(s,i,l),ie=Je(!1);function Se(ae){const ee=m[ae],ne=i[ee];return js(ee,ne)}return(ae,ee)=>(w(),k("tr",{onClick:ee[6]||(ee[6]=ne=>ie.value=!ie.value),class:"node"},[A("td",KU,[A("a",{href:`#plan/node/${i.nodeId}`,onClick:ee[0]||(ee[0]=Rt(()=>{},["stop"]))},[A("span",YU,"#"+Le(i.nodeId),1)],8,XU)]),v(),e.columns.includes("time")?(w(),k("td",qU,[we(vn,{percentage:i[h(m).EXCLUSIVE_DURATION]/(h(s).planStats.executionTime||h(s).content.Plan[h(m).ACTUAL_TOTAL_TIME])*100,percentage2:(i[h(m).ACTUAL_TOTAL_TIME]-i[h(m).EXCLUSIVE_DURATION])/(h(s).planStats.executionTime||h(s).content.Plan[h(m).ACTUAL_TOTAL_TIME])*100},null,8,["percentage","percentage2"]),v(),mt((w(),k("div",jU,[h(g)?(w(),It(xo,{key:0,severity:h(g)},null,8,["severity"])):oe("",!0),v(),A("span",JU,Le(Math.round(i[h(m).EXCLUSIVE_DURATION]).toLocaleString()),1)])),[[h(St),{content:h(_e),allowHTML:!0}]]),v(),ie.value?(w(),k("div",QU,[v(Le(h(kn)(i[h(m).EXCLUSIVE_DURATION]))+" ",1),ZU,v(),h(N)!==1/0?(w(),k(Fe,{key:0},[v(Le(h(N))+`%
        `,1)],64)):oe("",!0)])):oe("",!0)])):oe("",!0),v(),e.columns.includes("rows")?(w(),k("td",e8,[we(vn,{percentage:i[h(m).ACTUAL_ROWS_REVISED]/h(s).planStats.maxRows*100},null,8,["percentage"]),v(),mt((w(),k("div",t8,[v(Le(h(re)+i[h(m).ACTUAL_ROWS_REVISED]?.toLocaleString()),1)])),[[h(St),{content:h(ue),allowHTML:!0}]])])):oe("",!0),v(),e.columns.includes("estimation")?(w(),k("td",n8,[we(vn,{percentage:h(L)},null,8,["percentage"]),v(),i[h(m).PLANNER_ESTIMATE_FACTOR]!=null?mt((w(),k("div",r8,[i[h(m).PLANNER_ESTIMATE_FACTOR]!=1?(w(),k("div",i8,[h(S)?(w(),It(xo,{key:0,severity:h(S)},null,8,["severity"])):oe("",!0),v(),A("span",a8,[A("span",{innerHTML:h(V_)(i[h(m).PLANNER_ESTIMATE_FACTOR]||0)},null,8,s8),v(),i[h(m).PLANNER_ESTIMATE_DIRECTION]===h(tn).under?(w(),k("span",o8,`
              ▾
            `)):oe("",!0),v(),i[h(m).PLANNER_ESTIMATE_DIRECTION]===h(tn).over?(w(),k("span",l8,`
              ▴
            `)):oe("",!0)])])):oe("",!0),v(),ie.value&&i[h(m).PLANNER_ESTIMATE_FACTOR]!=1?(w(),k("div",c8,[v(`
          Planned:`),u8,v(" "+Le(i[h(m).PLAN_ROWS_REVISED]?.toLocaleString()),1)])):oe("",!0)])),[[h(St),{content:h(C),allowHTML:!0}]]):oe("",!0)])):oe("",!0),v(),e.columns.includes("cost")?(w(),k("td",d8,[we(vn,{percentage:Math.round(i[h(m).EXCLUSIVE_COST]/h(s).planStats.maxCost*100)},null,8,["percentage"]),v(),mt((w(),k("div",f8,[h(p)?(w(),It(xo,{key:0,severity:h(p)},null,8,["severity"])):oe("",!0),v(),A("span",p8,Le(h(F_)(i[h(m).EXCLUSIVE_COST])),1)])),[[h(St),{content:h(f),allowHTML:!0}]])])):oe("",!0),v(),e.columns.includes("loops")?(w(),k("td",h8,[i[h(m).ACTUAL_LOOPS]!=1?(w(),k("span",_8,Le(i[h(m).ACTUAL_LOOPS].toLocaleString()),1)):oe("",!0)])):oe("",!0),v(),e.columns.includes("filter")?(w(),k("td",m8,[h(V)?(w(),k(Fe,{key:0},[we(vn,{percentage:h(R)},null,8,["percentage"]),v(),mt((w(),k("div",E8,[h(W)?(w(),It(xo,{key:0,severity:h(W)},null,8,["severity"])):oe("",!0),v(),A("span",g8,Le(h(le))+"% ",1)])),[[h(St),{content:h(Z),allowHTML:!0}]]),v(),ie.value?(w(),k("div",v8,Le(h(re)+Se(h($))),1)):oe("",!0)],64)):oe("",!0)])):oe("",!0),v(),e.columns.includes("heapfetches")?(w(),k("td",T8,[mt((w(),k("div",S8,[h(F)?(w(),It(xo,{key:0,severity:h(F)},null,8,["severity"])):oe("",!0),v(),A("span",A8,Le(i[h(m).HEAP_FETCHES]?.toLocaleString()),1)])),[[h(St),{content:h(b),allowHTML:!0}]])])):oe("",!0),v(),A("td",{class:Ie(["node-type",ie.value?"":"text-nowrap text-truncate overflow-hidden"]),style:{"max-width":"0"}},[we(P_,{isSubplan:e.isSubplan,isNode:"",isLastChild:e.isLastChild,level:e.level,branches:e.branches,index:e.index},null,8,["isSubplan","isLastChild","level","branches","index"]),v(),A("div",b8,[A("b",R8,Le(h(x)),1),v(),A("span",L8,[i[h(m).RELATION_NAME]?(w(),k(Fe,{key:0},[O8,v(),i[h(m).SCHEMA]?(w(),k("span",y8,Le(i[h(m).SCHEMA])+".",1)):oe("",!0),v(Le(i[h(m).RELATION_NAME])+" ",1),i[h(m).ALIAS]?(w(),k("span",N8,[C8,v(" "+Le(i[h(m).ALIAS]),1)])):oe("",!0)],64)):i[h(m).ALIAS]?(w(),k(Fe,{key:1},[x8,v(),A("span",{innerHTML:h(hi)(i[h(m).ALIAS])},null,8,w8)],64)):oe("",!0),v(),i[h(m).GROUP_KEY]?(w(),k(Fe,{key:2},[I8,v(),A("span",{innerHTML:h(hi)(i[h(m).GROUP_KEY])},null,8,k8)],64)):oe("",!0),v(),i[h(m).SORT_KEY]?(w(),k(Fe,{key:3},[B8,v(),A("span",{innerHTML:h(FA)(i[h(m).SORT_KEY],i[h(m).PRESORTED_KEY])},null,8,P8)],64)):oe("",!0),v(),i[h(m).JOIN_TYPE]?(w(),k(Fe,{key:4},[v(Le(i[h(m).JOIN_TYPE])+" ",1),D8],64)):oe("",!0),v(),i[h(m).INDEX_NAME]?(w(),k(Fe,{key:5},[M8,v(),A("span",{innerHTML:h(hi)(i[h(m).INDEX_NAME])},null,8,H8)],64)):oe("",!0),v(),i[h(m).HASH_CONDITION]?(w(),k(Fe,{key:6},[W8,v(),A("span",{innerHTML:h(hi)(i[h(m).HASH_CONDITION])},null,8,U8)],64)):oe("",!0),v(),i[h(m).CTE_NAME]?(w(),k("span",$8,[F8,v(" "+Le(i[h(m).CTE_NAME]),1)])):oe("",!0)])]),v(),V8,v(),ie.value?(w(),k("div",{key:0,class:"plan-node position-relative detailed",style:{width:"100%"},onClick:ee[5]||(ee[5]=Rt(()=>{},["stop"]))},[A("div",z8,[h(r)(i[h(m).NODE_TYPE])?(w(),k("div",G8,[A("span",K8,Le(i[h(m).NODE_TYPE])+" Node",1),v(),A("span",{innerHTML:h(r)(i[h(m).NODE_TYPE])},null,8,X8)])):oe("",!0),v(),A("ul",Y8,[A("li",q8,[A("a",{class:Ie(["nav-link px-2 py-1",{active:c.value==="misc"}]),onClick:ee[1]||(ee[1]=Rt(ne=>c.value="misc",["prevent","stop"])),href:""},"Misc",2)]),v(),A("li",j8,[A("a",{class:Ie(["nav-link px-2 py-1",{active:c.value==="output",disabled:!i[h(m).OUTPUT]}]),onClick:ee[2]||(ee[2]=Rt(ne=>c.value="output",["prevent","stop"])),href:""},"Output",2)]),v(),A("li",J8,[A("a",{class:Ie(["nav-link px-2 py-1",{active:c.value==="workers",disabled:!(i[h(m).WORKERS_PLANNED]||i[h(m).WORKERS_PLANNED_BY_GATHER])}]),onClick:ee[3]||(ee[3]=Rt(ne=>c.value="workers",["prevent","stop"])),href:""},"Workers",2)])]),v(),A("div",Q8,[A("div",{class:Ie(["tab-pane p-1 border border-top-0",{"show active":c.value==="misc"}])},[we(QA,{node:i},null,8,["node"])],2),v(),A("div",{class:Ie(["tab-pane p-1 border border-top-0 overflow-auto font-monospace",{"show active":c.value==="output"}]),innerHTML:Se("OUTPUT"),style:{"max-height":"200px"},onMousewheel:ee[4]||(ee[4]=Rt(()=>{},["stop"]))},null,42,Z8),v(),A("div",{class:Ie(["tab-pane p-1 border border-top-0 rounded rounded-top-start-0",{"show active":c.value==="workers"}])},[we(JA,{node:i},null,8,["node"])],2)])])])):oe("",!0)],2),v(),e.columns.includes("shared.hit")?(w(),k("td",e$,[we(vn,{percentage:h(me)},null,8,["percentage"]),v(),mt((w(),k("div",t$,[v(Le(h(pn)(i[h(m).EXCLUSIVE_SHARED_HIT_BLOCKS])),1)])),[[h(St),{content:h(u)(h(m).EXCLUSIVE_SHARED_HIT_BLOCKS),allowHTML:!0}]]),v(),ie.value?(w(),k("div",n$,Le(h(vr)(i[h(m).EXCLUSIVE_SHARED_HIT_BLOCKS])),1)):oe("",!0)])):oe("",!0),v(),e.columns.includes("shared.read")?(w(),k("td",r$,[we(vn,{percentage:h(I)},null,8,["percentage"]),v(),mt((w(),k("div",i$,[v(Le(h(pn)(i[h(m).EXCLUSIVE_SHARED_READ_BLOCKS])),1)])),[[h(St),{content:h(u)(h(m).EXCLUSIVE_SHARED_READ_BLOCKS),allowHTML:!0}]]),v(),ie.value?(w(),k("div",a$,Le(h(vr)(i[h(m).EXCLUSIVE_SHARED_READ_BLOCKS])),1)):oe("",!0)])):oe("",!0),v(),e.columns.includes("shared.dirtied")?(w(),k("td",s$,[we(vn,{percentage:h(K)},null,8,["percentage"]),v(),mt((w(),k("div",o$,[v(Le(h(pn)(i[h(m).EXCLUSIVE_SHARED_DIRTIED_BLOCKS])),1)])),[[h(St),{content:h(u)(h(m).EXCLUSIVE_SHARED_DIRTIED_BLOCKS),allowHTML:!0}]]),v(),ie.value?(w(),k("div",l$,Le(h(vr)(i[h(m).EXCLUSIVE_SHARED_DIRTIED_BLOCKS])),1)):oe("",!0)])):oe("",!0),v(),e.columns.includes("shared.written")?(w(),k("td",c$,[we(vn,{percentage:h(q)},null,8,["percentage"]),v(),mt((w(),k("div",u$,[v(Le(h(pn)(i[h(m).EXCLUSIVE_SHARED_WRITTEN_BLOCKS])),1)])),[[h(St),{content:h(u)(h(m).EXCLUSIVE_SHARED_WRITTEN_BLOCKS),allowHTML:!0}]]),v(),ie.value?(w(),k("div",d$,Le(h(vr)(i[h(m).EXCLUSIVE_SHARED_WRITTEN_BLOCKS])),1)):oe("",!0)])):oe("",!0),v(),e.columns.includes("temp.read")?(w(),k("td",f$,[we(vn,{percentage:h(te)},null,8,["percentage"]),v(),mt((w(),k("div",p$,[v(Le(h(pn)(i[h(m).EXCLUSIVE_TEMP_READ_BLOCKS])),1)])),[[h(St),{content:h(u)(h(m).EXCLUSIVE_TEMP_READ_BLOCKS),allowHTML:!0}]]),v(),ie.value?(w(),k("div",h$,Le(h(vr)(i[h(m).EXCLUSIVE_TEMP_READ_BLOCKS])),1)):oe("",!0)])):oe("",!0),v(),e.columns.includes("temp.written")?(w(),k("td",_$,[we(vn,{percentage:h(Ee)},null,8,["percentage"]),v(),mt((w(),k("div",m$,[v(Le(h(pn)(i[h(m).EXCLUSIVE_TEMP_WRITTEN_BLOCKS])),1)])),[[h(St),{content:h(u)(h(m).EXCLUSIVE_TEMP_WRITTEN_BLOCKS),allowHTML:!0}]]),v(),ie.value?(w(),k("div",E$,Le(h(vr)(i[h(m).EXCLUSIVE_TEMP_WRITTEN_BLOCKS])),1)):oe("",!0)])):oe("",!0),v(),e.columns.includes("local.hit")?(w(),k("td",g$,[we(vn,{percentage:h(H)},null,8,["percentage"]),v(),mt((w(),k("div",v$,[v(Le(h(pn)(i[h(m).EXCLUSIVE_LOCAL_HIT_BLOCKS])),1)])),[[h(St),{content:h(u)(h(m).EXCLUSIVE_LOCAL_HIT_BLOCKS),allowHTML:!0}]]),v(),ie.value?(w(),k("div",T$,Le(h(vr)(i[h(m).EXCLUSIVE_LOCAL_HIT_BLOCKS])),1)):oe("",!0)])):oe("",!0),v(),e.columns.includes("local.read")?(w(),k("td",S$,[we(vn,{percentage:h(E)},null,8,["percentage"]),v(),mt((w(),k("div",A$,[v(Le(h(pn)(i[h(m).EXCLUSIVE_LOCAL_READ_BLOCKS])),1)])),[[h(St),{content:h(u)(h(m).EXCLUSIVE_LOCAL_READ_BLOCKS),allowHTML:!0}]]),v(),ie.value?(w(),k("div",b$,Le(h(vr)(i[h(m).EXCLUSIVE_LOCAL_READ_BLOCKS])),1)):oe("",!0)])):oe("",!0),v(),e.columns.includes("local.dirtied")?(w(),k("td",R$,[we(vn,{percentage:h(D)},null,8,["percentage"]),v(),mt((w(),k("div",L$,[v(Le(h(pn)(i[h(m).EXCLUSIVE_LOCAL_DIRTIED_BLOCKS])),1)])),[[h(St),{content:h(u)(h(m).EXCLUSIVE_LOCAL_DIRTIED_BLOCKS),allowHTML:!0}]]),v(),ie.value?(w(),k("div",O$,Le(h(vr)(i[h(m).EXCLUSIVE_LOCAL_DIRTIED_BLOCKS])),1)):oe("",!0)])):oe("",!0),v(),e.columns.includes("local.written")?(w(),k("td",y$,[we(vn,{percentage:h(B)},null,8,["percentage"]),v(),mt((w(),k("div",N$,[v(Le(h(pn)(i[h(m).EXCLUSIVE_LOCAL_WRITTEN_BLOCKS])),1)])),[[h(St),{content:h(u)(h(m).EXCLUSIVE_LOCAL_WRITTEN_BLOCKS),allowHTML:!0}]]),v(),ie.value?(w(),k("div",C$,Le(h(vr)(i[h(m).EXCLUSIVE_LOCAL_WRITTEN_BLOCKS])),1)):oe("",!0)])):oe("",!0)]))}}),w$={class:"table table-sm table-hover"},I$={class:"table-secondary sticky-top",style:{"z-index":"2"}},k$={key:0},B$=["colspan"],P$=["colspan"],D$=["colspan"],M$=["colspan"],H$=A("th",{class:"text-center"},null,-1),W$={key:0,class:"text-center"},U$={key:1,class:"text-center"},$$={key:2,class:"text-center"},F$={key:3,class:"text-center"},V$={key:4,class:"text-center"},z$={key:5,class:"text-center"},G$={key:6,class:"text-center"},K$=A("th",{style:{width:"100%"}},null,-1),X$={key:7,class:"text-center"},Y$={key:8,class:"text-center"},q$={key:9,class:"text-center"},j$={key:10,class:"text-center"},J$={key:11,class:"text-center"},Q$={key:12,class:"text-center"},Z$={key:13,class:"text-center"},e7={key:14,class:"text-center"},t7={key:15,class:"text-center"},n7={key:16,class:"text-center"},r7={key:0},i7=["colspan"],a7=["colspan"],s7={class:"fst-italic text-reset"},o7=Ot({__name:"Grid",setup(e){const t=ft(wr);let n=[[]];na(()=>{r(n[0],0,t.value.content.Plan,!0,[]),j.each(t.value.ctes,Z=>{const ue=[];r(ue,0,Z,!0,[]),n.push(ue)})}),Oi(()=>{localStorage.setItem("gridIsNotNew","true")});function r(Z,ue,K,me,I){Z.push([ue,K,me,j.concat([],I)]),me||I.push(ue),j.each(K.Plans,q=>{r(Z,ue+1,q,q===j.last(K.Plans),I)}),me||I.pop()}function i(Z){return j.startsWith(Z[m.SUBPLAN_NAME],"CTE")}const s=Be(()=>j.some(n,Z=>j.some(Z,ue=>ue[1][m.EXCLUSIVE_DURATION]||0>1))),l=Be(()=>j.some(n,Z=>j.some(Z,ue=>ue[1][m.ACTUAL_ROWS_REVISED]||0>1))),c=Be(()=>j.some(n,Z=>j.some(Z,ue=>ue[1][m.PLANNER_ESTIMATE_FACTOR]||0>1))),u=Be(()=>j.some(n,Z=>j.some(Z,ue=>ue[1][m.ACTUAL_LOOPS]>1))),p=Be(()=>j.some(n,Z=>j.some(Z,ue=>ue[1][m.EXCLUSIVE_COST]>1))),f=Be(()=>j.some(n,Z=>j.some(Z,ue=>ue[1][m.ROWS_REMOVED_BY_FILTER]))),g=Be(()=>j.some(n,Z=>j.some(Z,ue=>ue[1][m.HEAP_FETCHES]))),S=Be(()=>j.filter([L.value,C.value,N.value,F.value],Z=>Z).length),L=Be(()=>j.some(n,Z=>j.some(Z,ue=>ue[1][m.EXCLUSIVE_SHARED_HIT_BLOCKS]))),C=Be(()=>j.some(n,Z=>j.some(Z,ue=>ue[1][m.EXCLUSIVE_SHARED_READ_BLOCKS]))),N=Be(()=>j.some(n,Z=>j.some(Z,ue=>ue[1][m.EXCLUSIVE_SHARED_DIRTIED_BLOCKS]))),F=Be(()=>j.some(n,Z=>j.some(Z,ue=>ue[1][m.EXCLUSIVE_SHARED_WRITTEN_BLOCKS]))),b=Be(()=>j.filter([D.value,H.value],Z=>Z).length),D=Be(()=>j.some(n,Z=>j.some(Z,ue=>ue[1][m.EXCLUSIVE_TEMP_READ_BLOCKS]))),H=Be(()=>j.some(n,Z=>j.some(Z,ue=>ue[1][m.EXCLUSIVE_TEMP_WRITTEN_BLOCKS]))),E=Be(()=>j.filter([B.value,x.value,V.value,W.value],Z=>Z).length),B=Be(()=>j.some(n,Z=>j.some(Z,ue=>ue[1][m.EXCLUSIVE_LOCAL_HIT_BLOCKS]))),x=Be(()=>j.some(n,Z=>j.some(Z,ue=>ue[1][m.EXCLUSIVE_LOCAL_READ_BLOCKS]))),V=Be(()=>j.some(n,Z=>j.some(Z,ue=>ue[1][m.EXCLUSIVE_LOCAL_DIRTIED_BLOCKS]))),W=Be(()=>j.some(n,Z=>j.some(Z,ue=>ue[1][m.EXCLUSIVE_LOCAL_WRITTEN_BLOCKS]))),R=Be(()=>{const Z=[];return s.value&&Z.push("time"),l.value&&Z.push("rows"),c.value&&Z.push("estimation"),p.value&&Z.push("cost"),u.value&&Z.push("loops"),f.value&&Z.push("filter"),g.value&&Z.push("heapfetches"),Z}),le=Be(()=>{const Z=[];return L.value&&Z.push("shared.hit"),C.value&&Z.push("shared.read"),N.value&&Z.push("shared.dirtied"),F.value&&Z.push("shared.written"),D.value&&Z.push("temp.read"),H.value&&Z.push("temp.written"),B.value&&Z.push("local.hit"),x.value&&Z.push("local.read"),V.value&&Z.push("local.dirtied"),W.value&&Z.push("local.written"),Z}),$=Be(()=>[].concat(R.value,le.value));return(Z,ue)=>(w(),k("div",null,[A("table",w$,[A("thead",I$,[h(le).length>0?(w(),k("tr",k$,[A("th",{colspan:2+h(R).length},null,8,B$),v(),h(S)>0?(w(),k("th",{key:0,class:"text-center",colspan:h(S)},`
            shared
          `,8,P$)):oe("",!0),v(),h(b)>0?(w(),k("th",{key:1,class:"text-center",colspan:h(b)},`
            temp
          `,8,D$)):oe("",!0),v(),h(E)>0?(w(),k("th",{key:2,class:"text-center",colspan:h(E)},`
            local
          `,8,M$)):oe("",!0)])):oe("",!0),v(),A("tr",null,[H$,v(),h(s)?(w(),k("th",W$,"time")):oe("",!0),v(),h(l)?(w(),k("th",U$,"rows")):oe("",!0),v(),h(c)?(w(),k("th",$$,"estim")):oe("",!0),v(),h(p)?(w(),k("th",F$,"cost")):oe("",!0),v(),h(u)?(w(),k("th",V$,"loops")):oe("",!0),v(),h(f)?(w(),k("th",z$,"filter")):oe("",!0),v(),h(g)?(w(),k("th",G$,"heap")):oe("",!0),v(),K$,v(),h(L)?(w(),k("th",X$,"hit")):oe("",!0),v(),h(C)?(w(),k("th",Y$,"read")):oe("",!0),v(),h(N)?(w(),k("th",q$,"dirt")):oe("",!0),v(),h(F)?(w(),k("th",j$,"writ")):oe("",!0),v(),h(D)?(w(),k("th",J$,"read")):oe("",!0),v(),h(H)?(w(),k("th",Q$,"writ")):oe("",!0),v(),h(B)?(w(),k("th",Z$,"hit")):oe("",!0),v(),h(x)?(w(),k("th",e7,"read")):oe("",!0),v(),h(V)?(w(),k("th",t7,"dirt")):oe("",!0),v(),h(W)?(w(),k("th",n7,"writ")):oe("",!0)])]),v(),(w(!0),k(Fe,null,$t(h(n),(K,me)=>(w(),k("tbody",{key:me},[(w(!0),k(Fe,null,$t(K,(I,q)=>(w(),k(Fe,{key:q},[I[1][h(m).SUBPLAN_NAME]?(w(),k("tr",r7,[A("td",{class:"bg-light",colspan:1+h(R).length},null,8,i7),v(),A("td",{class:Ie(["plan pr-2 bg-light",{"font-weight-bold":i(I[1])}]),colspan:h($).length+h(le).length},[we(P_,{isSubplan:!!I[1][h(m).SUBPLAN_NAME],isLastChild:!!I[2],level:I[0],branches:I[3],index:q},null,8,["isSubplan","isLastChild","level","branches","index"]),v(),A("b",s7,Le(I[1][h(m).SUBPLAN_NAME]),1)],10,a7)])):oe("",!0),v(),we(x$,{node:I[1],isSubplan:!!I[1][h(m).SUBPLAN_NAME],isLastChild:!!I[2],level:I[0],branches:I[3],index:q,columns:h($)},null,8,["node","isSubplan","isLastChild","level","branches","index","columns"])],64))),128))]))),128))])]))}}),l7={class:"card-header border-top"},c7={key:0,class:"node-description"},u7={class:"node-type"},d7=["innerHTML"],f7={class:"nav nav-tabs card-header-tabs"},p7={class:"nav-item"},h7={class:"nav-item"},_7={class:"nav-item"},m7={class:"nav-item"},E7={class:"nav-item"},g7={class:"card-body tab-content"},v7={key:0},T7=A("b",null,"Timing:",-1),S7=["innerHTML"],A7=A("span",{class:"text-muted"},"%",-1),b7=A("b",null,"Rows:",-1),R7={class:"px-1"},L7={key:0,class:"text-muted"},O7={key:1},y7={key:0},N7={key:1},C7={key:2},x7=["innerHTML"],w7={key:1},I7={class:"px-1"},k7={key:2},B7=A("b",null,"Heap Fetches:",-1),P7=["innerHTML"],D7={key:3},M7=A("b",null,"Cost:",-1),H7={class:"text-muted"},W7={key:4},U7=A("b",null,"Loops:",-1),$7={class:"px-1"},F7={key:0,class:"mb-2 list-inline"},V7=A("dt",{class:"list-inline-item align-top"},[A("b",null," I/O Timings: ")],-1),z7={class:"list-inline-item"},G7={key:0,class:"ms-2"},K7=A("b",null,"Read: ",-1),X7=A("br",null,null,-1),Y7={key:1,class:"ms-2"},q7=A("b",null,"Write: ",-1),j7=A("b",null," Blocks: ",-1),J7={class:"table table-sm"},Q7=A("tr",null,[A("td"),v(),A("th",{class:"text-end",width:"25%"},"Hit"),v(),A("th",{class:"text-end",width:"25%"},"Read"),v(),A("th",{class:"text-end",width:"25%"},"Dirtied"),v(),A("th",{class:"text-end",width:"25%"},"Written")],-1),Z7=A("th",null,"Shared",-1),e9=["innerHTML"],t9=["innerHTML"],n9=["innerHTML"],r9=["innerHTML"],i9=A("th",null,"Temp",-1),a9=A("td",{class:"text-end bg-hatched"},null,-1),s9=["innerHTML"],o9=A("td",{class:"text-end bg-hatched"},null,-1),l9=["innerHTML"],c9=A("th",null,"Local",-1),u9=["innerHTML"],d9=["innerHTML"],f9=["innerHTML"],p9=["innerHTML"],h9={key:1,class:"mb-2"},_9={class:"more-info"},m9={key:0},E9={class:"more-info"},g9=["innerHTML"],v9=Ot({__name:"PlanNodeDetail",props:{node:null},setup(e){const t=e,n=ft(Ja),r=ft("updateSize"),i=Ln(t.node),s=ft(wr),l=Je(),c=Je("general"),p=new Ol().getNodeTypeDescription,{costClass:f,durationClass:g,estimationClass:S,executionTimePercent:L,heapFetchesClass:C,plannerRowEstimateDirection:N,plannerRowEstimateValue:F,rowsRemoved:b,rowsRemovedClass:D,rowsRemovedPercentString:H,rowsRemovedProp:E,tilde:B}=lo(s,i,n);na(()=>{V()});const x=Be(()=>S.value&&N.value!==tn.none&&F.value);function V(){l.value=j.chain(i).omit(m.PLANS).omit(m.WORKERS).map((le,$)=>({key:$,value:le})).value()}const W=Be(()=>{const le=["EXCLUSIVE_SHARED_HIT_BLOCKS","EXCLUSIVE_SHARED_READ_BLOCKS","EXCLUSIVE_SHARED_DIRTIED_BLOCKS","EXCLUSIVE_SHARED_WRITTEN_BLOCKS","EXCLUSIVE_TEMP_READ_BLOCKS","EXCLUSIVE_TEMP_WRITTEN_BLOCKS","EXCLUSIVE_LOCAL_HIT_BLOCKS","EXCLUSIVE_LOCAL_READ_BLOCKS","EXCLUSIVE_LOCAL_DIRTIED_BLOCKS","EXCLUSIVE_LOCAL_WRITTEN_BLOCKS","EXCLUSIVE_IO_READ_TIME","EXCLUSIVE_IO_WRITE_TIME"],$=j.map(le,ue=>{const K=i[m[ue]];return j.isNaN(K)?0:K});return j.sum($)>0});function R(le){const $=m[le],Z=i[$];return js($,Z)}return nn(c,()=>{window.setTimeout(()=>r&&r(i),1)}),(le,$)=>(w(),k(Fe,null,[A("div",l7,[h(p)(i[h(m).NODE_TYPE])?(w(),k("div",c7,[A("span",u7,Le(i[h(m).NODE_TYPE])+" Node",1),v(),A("span",{innerHTML:h(p)(i[h(m).NODE_TYPE])},null,8,d7)])):oe("",!0),v(),A("ul",f7,[A("li",p7,[A("a",{class:Ie(["nav-link",{active:c.value==="general"}]),onClick:$[0]||($[0]=Rt(Z=>c.value="general",["prevent","stop"])),href:""},"General",2)]),v(),A("li",h7,[A("a",{class:Ie(["nav-link text-nowrap",{active:c.value==="iobuffer",disabled:!h(W)}]),onClick:$[1]||($[1]=Rt(Z=>c.value="iobuffer",["prevent","stop"])),href:""},"IO & Buffers",2)]),v(),A("li",_7,[A("a",{class:Ie(["nav-link",{active:c.value==="output",disabled:!i[h(m).OUTPUT]}]),onClick:$[2]||($[2]=Rt(Z=>c.value="output",["prevent","stop"])),href:""},"Output",2)]),v(),A("li",m7,[A("a",{class:Ie(["nav-link",{active:c.value==="workers",disabled:!(i[h(m).WORKERS_PLANNED]||i[h(m).WORKERS_PLANNED_BY_GATHER])}]),onClick:$[3]||($[3]=Rt(Z=>c.value="workers",["prevent","stop"])),href:""},"Workers",2)]),v(),A("li",E7,[A("a",{class:Ie(["nav-link",{active:c.value==="misc"}]),onClick:$[4]||($[4]=Rt(Z=>c.value="misc",["prevent","stop"])),href:""},"Misc",2)])])]),v(),A("div",g7,[A("div",{class:Ie(["tab-pane",{"show active":c.value==="general"}])},[h(s).isAnalyze?(w(),k("div",v7,[we(h(_t),{"fixed-width":"",icon:h(LA),class:"text-muted"},null,8,["icon"]),v(),T7,v(),A("span",{class:Ie(["p-0 px-1 rounded alert",h(g)]),innerHTML:R("EXCLUSIVE_DURATION")},null,10,S7),v(),h(L)!==1/0?(w(),k(Fe,{key:0},[v(`
          |
          `),A("strong",null,Le(h(L)),1),A7],64)):oe("",!0)])):oe("",!0),v(),A("div",null,[we(h(_t),{"fixed-width":"",icon:h(bH),class:"text-muted"},null,8,["icon"]),v(),b7,v(),A("span",R7,Le(h(B)+R("ACTUAL_ROWS_REVISED")),1),v(),i[h(m).PLAN_ROWS]?(w(),k("span",L7,"(Planned: "+Le(h(B)+R("PLAN_ROWS_REVISED"))+")",1)):oe("",!0),v(),h(N)!==h(tn).none&&h(x)?(w(),k("span",O7,[v(`
          |
          `),h(N)===h(tn).over?(w(),k("span",y7,[we(h(_t),{icon:h(NA)},null,8,["icon"]),v(" over")])):oe("",!0),v(),h(N)===h(tn).under?(w(),k("span",N7,[we(h(_t),{icon:h(OA)},null,8,["icon"]),v(" under")])):oe("",!0),v(`
          estimated
          `),h(F)!=1/0?(w(),k("span",C7,[v(`
            by
            `),A("span",{class:Ie(["p-0 px-1 alert",h(S)]),innerHTML:R("PLANNER_ESTIMATE_FACTOR")},null,10,x7)])):oe("",!0)])):oe("",!0)]),v(),h(b)?(w(),k("div",w7,[we(h(_t),{"fixed-width":"",icon:h(ch),class:"text-muted"},null,8,["icon"]),v(),A("b",null,Le(h(m)[h(E)])+": ",1),v(),A("span",null,[A("span",I7,Le(h(B)+R(h(E))),1),v(`|
          `),A("span",{class:Ie(["p-0 px-1 alert",h(D)])},Le(h(H))+"%",3)])])):oe("",!0),v(),i[h(m).HEAP_FETCHES]?(w(),k("div",k7,[we(h(_t),{"fixed-width":"",icon:h(CA),class:"text-muted"},null,8,["icon"]),v(),B7,v(),A("span",{class:Ie(["p-0 px-1 rounded alert",h(C)]),innerHTML:R("HEAP_FETCHES")},null,10,P7),v(),h(C)?mt((w(),It(h(_t),{key:0,icon:h(Cu),"fixed-width":"",class:"text-muted"},null,8,["icon"])),[[h(St),{arrow:!0,content:"Visibility map may be out-of-date. Consider using VACUUM or change autovacuum settings."}]]):oe("",!0)])):oe("",!0),v(),i[h(m).EXCLUSIVE_COST]?(w(),k("div",D7,[we(h(_t),{"fixed-width":"",icon:h(xA),class:"text-muted"},null,8,["icon"]),v(),M7,v(),A("span",{class:Ie(["p-0 px-1 me-1 alert",h(f)])},Le(R("EXCLUSIVE_COST")),3),v(),A("span",H7,"(Total: "+Le(R("TOTAL_COST"))+")",1)])):oe("",!0),v(),i[h(m).ACTUAL_LOOPS]>1?(w(),k("div",W7,[we(h(_t),{"fixed-width":"",icon:h(CH),class:"text-muted"},null,8,["icon"]),v(),U7,v(),A("span",$7,Le(R("ACTUAL_LOOPS")),1)])):oe("",!0),v()],2),v(),A("div",{class:Ie(["tab-pane",{"show active":c.value==="iobuffer"}])},[i[h(m).EXCLUSIVE_IO_READ_TIME]||i[h(m).EXCLUSIVE_IO_WRITE_TIME]?(w(),k("dl",F7,[V7,v(),A("dd",z7,[i[h(m).EXCLUSIVE_IO_READ_TIME]?(w(),k("span",G7,[K7,v(" "+Le(R("EXCLUSIVE_IO_READ_TIME"))+" ",1),A("small",null,"~"+Le(R("AVERAGE_IO_READ_TIME")),1)])):oe("",!0),v(),X7,v(),i[h(m).EXCLUSIVE_IO_WRITE_TIME]?(w(),k("span",Y7,[q7,v(" "+Le(R("EXCLUSIVE_IO_WRITE_TIME"))+" ",1),A("small",null,"~"+Le(R("AVERAGE_IO_WRITE_TIME")),1)])):oe("",!0)])])):oe("",!0),v(),j7,v(),A("table",J7,[Q7,v(),A("tr",null,[Z7,v(),A("td",{class:"text-end",innerHTML:R("EXCLUSIVE_SHARED_HIT_BLOCKS")||"-"},null,8,e9),v(),A("td",{class:"text-end",innerHTML:R("EXCLUSIVE_SHARED_READ_BLOCKS")||"-"},null,8,t9),v(),A("td",{class:"text-end",innerHTML:R("EXCLUSIVE_SHARED_DIRTIED_BLOCKS")||"-"},null,8,n9),v(),A("td",{class:"text-end",innerHTML:R("EXCLUSIVE_SHARED_WRITTEN_BLOCKS")||"-"},null,8,r9)]),v(),A("tr",null,[i9,v(),a9,v(),A("td",{class:"text-end",innerHTML:R("EXCLUSIVE_TEMP_READ_BLOCKS")||"-"},null,8,s9),v(),o9,v(),A("td",{class:"text-end",innerHTML:R("EXCLUSIVE_TEMP_WRITTEN_BLOCKS")||"-"},null,8,l9)]),v(),A("tr",null,[c9,v(),A("td",{class:"text-end",innerHTML:R("EXCLUSIVE_LOCAL_HIT_BLOCKS")||"-"},null,8,u9),v(),A("td",{class:"text-end",innerHTML:R("EXCLUSIVE_LOCAL_READ_BLOCKS")||"-"},null,8,d9),v(),A("td",{class:"text-end",innerHTML:R("EXCLUSIVE_LOCAL_DIRTIED_BLOCKS")||"-"},null,8,f9),v(),A("td",{class:"text-end",innerHTML:R("EXCLUSIVE_LOCAL_WRITTEN_BLOCKS")||"-"},null,8,p9)])]),v(),i[h(m).WAL_RECORDS]||i[h(m).WAL_BYTES]?(w(),k("div",h9,[A("b",null,[mt((w(),k("span",_9,[v("WAL")])),[[h(St),"Write-Ahead Logging"]]),v(`:
        `)]),v(" "+Le(R("WAL_RECORDS"))+` records
        `,1),A("small",null,"("+Le(R("WAL_BYTES"))+")",1),v(),i[h(m).WAL_FPI]?(w(),k("span",m9,[v(`
          -
          `),mt((w(),k("span",E9,[v("FPI")])),[[h(St),"WAL Full Page Images"]]),v(`:
          `+Le(R("WAL_FPI")),1)])):oe("",!0)])):oe("",!0),v()],2),v(),A("div",{class:Ie(["tab-pane overflow-auto font-monospace",{"show active":c.value==="output"}]),innerHTML:R("OUTPUT"),style:{"max-height":"200px"},onMousewheel:$[5]||($[5]=Rt(()=>{},["stop"]))},null,42,g9),v(),i[h(m).WORKERS_PLANNED]||i[h(m).WORKERS_PLANNED_BY_GATHER]?(w(),k("div",{key:0,class:Ie(["tab-pane",{"show active":c.value==="workers"}])},[we(JA,{node:i},null,8,["node"])],2)):oe("",!0),v(),A("div",{class:Ie(["tab-pane",{"show active":c.value==="misc"}])},[we(QA,{node:i},null,8,["node"])],2)])],64))}}),T9={key:5,class:"p-0 d-inline-block mb-0 ms-1 text-nowrap"},S9=Ot({__name:"NodeBadges",props:{node:null},setup(e){const n=Ln(e.node),r=ft(wr),i=ft(Ja),{rowsRemoved:s,costClass:l,durationClass:c,estimationClass:u,rowsRemovedClass:p,heapFetchesClass:f,filterTooltip:g}=lo(r,n,i);return(S,L)=>(w(),k(Fe,null,[h(c)?mt((w(),k("span",{key:0,class:Ie("p-0  d-inline-block mb-0 ms-1 text-nowrap alert "+h(c))},[we(h(_t),{"fixed-width":"",icon:h(LA)},null,8,["icon"])],2)),[[h(St),"Slow"]]):oe("",!0),v(),h(l)?mt((w(),k("span",{key:1,class:Ie("p-0  d-inline-block mb-0 ms-1 text-nowrap alert "+h(l))},[we(h(_t),{"fixed-width":"",icon:h(xA)},null,8,["icon"])],2)),[[h(St),"Cost is high"]]):oe("",!0),v(),h(u)?mt((w(),k("span",{key:2,class:Ie("p-0  d-inline-block mb-0 ms-1 text-nowrap alert "+h(u))},[we(h(_t),{"fixed-width":"",icon:h(IH)},null,8,["icon"])],2)),[[h(St),"Bad estimation for number of rows"]]):oe("",!0),v(),h(p)?mt((w(),k("span",{key:3,class:Ie("p-0  d-inline-block mb-0 ms-1 text-nowrap alert "+h(p))},[we(h(_t),{"fixed-width":"",icon:h(ch)},null,8,["icon"])],2)),[[h(St),h(g)]]):oe("",!0),v(),h(f)?mt((w(),k("span",{key:4,class:Ie("p-0  d-inline-block mb-0 ms-1 text-nowrap alert "+h(f))},[we(h(_t),{"fixed-width":"",icon:h(CA)},null,8,["icon"])],2)),[[h(St),{arrow:!0,content:"Heap Fetches number is high"}]]):oe("",!0),v(),h(s)&&!h(p)?mt((w(),k("span",T9,[we(h(_t),{"fixed-width":"",icon:h(ch),class:"text-muted"},null,8,["icon"])])),[[h(St),h(g)]]):oe("",!0)],64))}}),A9={key:0,class:"fixed-bottom text-center"},b9={class:"subplan-name fst-italic px-1"},R9={key:1,class:"workers text-muted py-0 px-1"},L9={class:"card-body header no-focus-outline"},O9={class:"mb-0 d-flex justify-content-between"},y9={class:"text-muted"},N9={class:"text-nowrap"},C9={class:"text-start font-monospace"},x9=A("span",{class:"text-muted"},"on",-1),w9={key:0},I9={key:1},k9=A("span",{class:"text-muted"},"as",-1),B9=A("span",{class:"text-muted"},"on",-1),P9=["innerHTML"],D9=A("span",{class:"text-muted"},"by",-1),M9=["innerHTML"],H9=A("span",{class:"text-muted"},"by",-1),W9=["innerHTML"],U9={key:4},$9=A("span",{class:"text-muted"},"join",-1),F9=A("span",{class:"text-muted"},"using",-1),V9=["innerHTML"],z9=A("span",{class:"text-muted"},"on",-1),G9=["innerHTML"],K9={key:7},X9=["onClick"],Y9=A("span",{class:"text-muted"},"CTE",-1),q9={key:0},j9={class:"progress node-bar-container",style:{height:"5px"}},J9={class:"node-bar-label"},Q9={class:"text-muted"},Z9=["innerHTML"],ev=Ot({__name:"PlanNode",props:{node:null},setup(e){const t=e,n=Je(null),r=ft(Ou);if(!r)throw new Error(`Could not resolve ${Ou.description}`);const i=ft(_d),s=ft(Ka);if(!s)throw new Error(`Could not resolve ${Ka.description}`);const l=ft(Ja),c=Je(!1),u=Ln(t.node),p=ft(wr),f=ft("updateNodeSize"),{nodeName:g,barWidth:S,barColor:L,highlightValue:C,isNeverExecuted:N,workersLaunchedCount:F,workersPlannedCount:b,workersPlannedCountReversed:D}=lo(p,u,l);Oi(async()=>{H(u)});function H(B){const x=n.value?.getBoundingClientRect();x&&f?.(B,[x.width,x.height])}Sn("updateSize",H),nn(c,()=>{window.setTimeout(()=>H(u),1)}),nn(l,()=>{ks(()=>{H(u)})}),nn(r,()=>{r.value==u.nodeId&&(c.value=!0)});function E(){const B=GH(p.value,u[m.CTE_NAME]);B&&s?.(B.nodeId,!0)}return(B,x)=>(w(),k("div",{ref_key:"outerEl",ref:n,onMousedown:x[4]||(x[4]=Rt(()=>{},["stop"]))},[A("div",{class:Ie(["text-start plan-node",{detailed:c.value,"never-executed":h(N),parallel:h(b),selected:h(r)==u.nodeId,highlight:h(i)==u.nodeId}])},[u[h(m).SUBPLAN_NAME]?(w(),k("div",A9,[A("b",b9,Le(u[h(m).SUBPLAN_NAME]),1)])):oe("",!0),v(),h(b)?(w(),k("div",R9,[(w(!0),k(Fe,null,$t(h(D),V=>(w(),k("div",{key:V,style:Bt({top:1+V*2+"px",left:1+(V+1)*3+"px"}),class:Ie({"border-dashed":V>=h(F)})},Le(V),7))),128))])):oe("",!0),v(),A("div",{class:"plan-node-body card",onMouseenter:x[2]||(x[2]=V=>i.value=u.nodeId),onMouseleave:x[3]||(x[3]=V=>i.value=void 0)},[A("div",L9,[A("header",O9,[A("h4",{class:"text-body overflow-hidden btn btn-light text-start py-0 px-1",onClick:x[0]||(x[0]=Rt(V=>c.value=!c.value,["prevent","stop"]))},[A("span",y9,[c.value?(w(),It(h(_t),{key:0,"fixed-width":"",icon:h(AH)},null,8,["icon"])):(w(),It(h(_t),{key:1,"fixed-width":"",icon:h(yA)},null,8,["icon"]))]),v(" "+Le(h(g)),1)]),v(),A("div",N9,[we(S9,{node:u},null,8,["node"]),v(),A("a",{class:"fw-normal small ms-1",href:"",onClick:x[1]||(x[1]=Rt(V=>h(s)(u.nodeId,!0),["prevent","stop"]))},`
                #`+Le(u.nodeId),1)])]),v(),A("div",C9,[u[h(m).RELATION_NAME]?(w(),k("div",{key:0,class:Ie({"line-clamp-2":!c.value})},[x9,v(),u[h(m).SCHEMA]?(w(),k("span",w9,Le(u[h(m).SCHEMA])+".",1)):oe("",!0),v(Le(u[h(m).RELATION_NAME])+" ",1),u[h(m).ALIAS]?(w(),k("span",I9,[k9,v(" "+Le(u[h(m).ALIAS]),1)])):oe("",!0)],2)):u[h(m).ALIAS]?(w(),k("div",{key:1,class:Ie({"line-clamp-2":!c.value})},[B9,v(),A("span",{innerHTML:h(hi)(u[h(m).ALIAS])},null,8,P9)],2)):oe("",!0),v(),u[h(m).GROUP_KEY]?(w(),k("div",{key:2,class:Ie({"line-clamp-2":!c.value})},[D9,v(),A("span",{innerHTML:h(hi)(u[h(m).GROUP_KEY])},null,8,M9)],2)):oe("",!0),v(),u[h(m).SORT_KEY]?(w(),k("div",{key:3,class:Ie({"line-clamp-2":!c.value})},[H9,v(),A("span",{innerHTML:h(FA)(u[h(m).SORT_KEY],u[h(m).PRESORTED_KEY])},null,8,W9)],2)):oe("",!0),v(),u[h(m).JOIN_TYPE]?(w(),k("div",U9,[v(Le(u[h(m).JOIN_TYPE])+" ",1),$9])):oe("",!0),v(),u[h(m).INDEX_NAME]?(w(),k("div",{key:5,class:Ie({"line-clamp-2":!c.value})},[F9,v(),A("span",{innerHTML:h(hi)(u[h(m).INDEX_NAME])},null,8,V9)],2)):oe("",!0),v(),u[h(m).HASH_CONDITION]?(w(),k("div",{key:6,class:Ie({"line-clamp-2":!c.value})},[z9,v(),A("span",{innerHTML:h(hi)(u[h(m).HASH_CONDITION])},null,8,G9)],2)):oe("",!0),v(),u[h(m).CTE_NAME]?(w(),k("div",K9,[A("a",{class:"text-reset",href:"",onClick:Rt(E,["prevent","stop"])},[we(h(_t),{icon:h(BH),class:"text-muted"},null,8,["icon"]),v(),Y9,v(" "+Le(u[h(m).CTE_NAME]),1)],8,X9)])):oe("",!0)]),v(),h(l).highlightType!==h(zn).NONE&&h(C)!==null?(w(),k("div",q9,[A("div",j9,[A("div",{class:"progress-bar",role:"progressbar",style:Bt({width:h(S)+"%","background-color":h(L)}),"aria-valuenow":"0","aria-valuemin":"0","aria-valuemax":"100"},null,4)]),v(),A("span",J9,[A("span",Q9,Le(h(l).highlightType)+":",1),v(),A("span",{innerHTML:h(C)},null,8,Z9)])])):oe("",!0)]),v(),c.value?(w(),It(v9,{key:0,node:u},null,8,["node"])):oe("",!0)],32)],2)],544))}}),eF={key:0,class:"plan-stats flex-shrink-0 d-flex border-bottom border-top align-items-center"},tF={class:"d-inline-block px-2"},nF={key:0,class:"text-muted"},rF=["innerHTML"],iF={class:"d-inline-block border-start px-2"},aF={key:0,class:"text-muted"},sF={key:1,class:"stat-value"},oF=["innerHTML"],lF={key:0,class:"d-inline-block border-start px-2"},cF={class:"stat-value"},uF=["innerHTML"],dF={class:"d-inline-block border-start px-2 position-relative"},fF=A("span",{class:"stat-label"},"Triggers: ",-1),pF={class:"stat-value"},hF=["innerHTML"],_F={key:0,class:"stat-dropdown-container text-start"},mF=A("h3",null,"Triggers",-1),EF=A("br",null,null,-1),gF=A("span",{class:"text-muted"},"Called",-1),vF=A("span",{class:"text-muted"},"×",-1),TF={class:"float-end"},SF=["innerHTML"],AF=A("span",{class:"text-muted"},"%",-1),bF=A("br",null,null,-1),RF={key:0,class:"text-muted"},LF=A("div",{class:"clearfix"},null,-1),OF={key:1,class:"my-2"},yF={key:1,class:"text-muted"},NF={key:1,class:"d-inline-block border-start px-2 position-relative"},CF={class:"stat-label"},xF={class:"badge bg-secondary"},wF={key:0,class:"stat-dropdown-container text-start"},IF=A("h3",null,"PG Settings",-1),kF=A("em",{class:"text-muted d-block pb-2"},`
          Configuration parameters affecting query planning with value different
          from the built-in default value.
        `,-1),BF={class:"table table-sm table-striped mb-0"},PF={key:2,class:"d-inline-block border-start px-2 position-relative"},tv=Ot({__name:"PlanStats",setup(e){const n=new Ol().getHelpMessage,r=ft(wr),i=Je(!1),s=Je(!1),l=Be(()=>r.value&&r.value.content.Plan),c=S=>{let L=NaN;return S>90?L=4:S>40?L=3:S>10&&(L=2),L?"c-"+L:!1},u=Be(()=>{const S=r.value.planStats.executionTime||0,L=f.value||0;return j.round(L/S*100)});function p(S){const L=r.value.planStats.executionTime||0,C=S.Time;return j.round(C/L*100)}const f=Be(()=>j.sumBy(r.value.planStats.triggers,S=>S.Time));function g(S){const L=S[m.AVERAGE_IO_READ_TIME],C=S[m.AVERAGE_IO_WRITE_TIME],N=[];return L&&N.push(`read=~${js(m.AVERAGE_IO_READ_TIME,L)}`),C&&N.push(`write=~${js(m.AVERAGE_IO_WRITE_TIME,C)}`),N.join(", ")}return(S,L)=>h(r)?(w(),k("div",eF,[A("div",tF,[v(`
      Execution time:
      `),h(r).planStats.executionTime?(w(),k("span",{key:1,class:"stat-value",innerHTML:h(kn)(h(r).planStats.executionTime)},null,8,rF)):(w(),k("span",nF,[v(`
          N/A
          `),mt(we(h(_t),{icon:h(Cu),class:"cursor-help"},null,8,["icon"]),[[h(St),h(n)("missing execution time")]])]))]),v(),A("div",iF,[v(`
      Planning time:
      `),h(r).planStats.planningTime?(w(),k("span",sF,[A("span",{class:Ie("mb-0 p-0 px-1 alert "+c(h(r).planStats.planningTime/h(r).planStats.executionTime*100)),innerHTML:h(kn)(h(r).planStats.planningTime)},null,10,oF)])):(w(),k("span",aF,[v(`
          N/A
          `),mt(we(h(_t),{icon:h(Cu),class:"cursor-help"},null,8,["icon"]),[[h(St),h(n)("missing planning time")]])]))]),v(),h(r).planStats.jitTime&&h(r).planStats.executionTime?(w(),k("div",lF,[v(`
      JIT:
      `),A("span",cF,[A("span",{class:Ie("mb-0 p-0 px-1 alert "+c(h(r).planStats.jitTime/h(r).planStats.executionTime*100)),innerHTML:h(kn)(h(r).planStats.jitTime)},null,10,uF)])])):oe("",!0),v(),A("div",dF,[fF,v(),h(r).planStats.triggers&&h(r).planStats.triggers.length?(w(),k(Fe,{key:0},[A("span",pF,[A("span",{class:Ie("mb-0 p-0 px-1 alert "+h(ph)(h(u))),innerHTML:h(kn)(h(f))},null,10,hF)]),v(),A("button",{onClick:L[0]||(L[0]=Rt(C=>s.value=!s.value,["prevent"])),class:"bg-transparent border-0 p-0 m-0 ps-1"},[we(h(_t),{icon:"caret-down",class:"text-muted"})]),v(),s.value?(w(),k("div",_F,[A("button",{class:"btn btn-xs btn-close float-end",onClick:L[1]||(L[1]=C=>s.value=!1)}),v(),mF,v(),(w(!0),k(Fe,null,$t(h(r).planStats.triggers,(C,N)=>(w(),k("div",{key:N},[v(Le(C["Trigger Name"])+" ",1),EF,v(),gF,v(" "+Le(C.Calls),1),vF,v(),A("span",TF,[A("span",{class:Ie("p-0 px-1 alert "+h(ph)(p(C))),innerHTML:h(kn)(C.Time)},null,10,SF),v(`
              | `+Le(p(C)),1),AF]),v(),bF,v(),C.Relation?(w(),k("span",RF,"on")):oe("",!0),v(" "+Le(C.Relation)+" ",1),LF,v(),h(r).planStats.triggers&&N!=h(r).planStats.triggers.length-1?(w(),k("hr",OF)):oe("",!0)]))),128))])):oe("",!0)],64)):(w(),k("span",yF," N/A "))]),v(),h(r).planStats.settings?(w(),k("div",NF,[A("span",CF,[v(`Settings:
        `),A("span",xF,Le(h(j).keys(h(r).planStats.settings).length),1)]),v(),A("button",{onClick:L[2]||(L[2]=Rt(C=>i.value=!i.value,["prevent"])),class:"bg-transparent border-0 p-0 m-0 ps-1"},[we(h(_t),{icon:h(xH),class:"text-muted"},null,8,["icon"])]),v(),i.value?(w(),k("div",wF,[A("button",{class:"btn btn-xs btn-close float-end",onClick:L[3]||(L[3]=C=>i.value=!1)}),v(),IF,v(),kF,v(),A("table",BF,[A("tbody",null,[(w(!0),k(Fe,null,$t(h(r).planStats.settings,(C,N)=>(w(),k("tr",{key:N},[A("td",null,Le(N),1),v(),A("td",null,Le(C),1)]))),128))])])])):oe("",!0)])):oe("",!0),v(),h(l)&&(h(l)[h(m).AVERAGE_IO_READ_TIME]||h(l)[h(m).AVERAGE_IO_WRITE_TIME])?(w(),k("div",PF,`
      IO: `+Le(g(h(l))),1)):oe("",!0)])):oe("",!0)}}),DF={class:"table"},Tp=Ot({__name:"SortedTable",props:{values:null,sort:null,dir:null},setup(e){const t=e,n=Je(t.sort),r=Je(t.dir);Sn("sort",n),Sn("dir",r),Sn("sortBy",s);const i=Be(()=>j.orderBy(t.values,n.value,r.value));function s(l){l===n.value&&(r.value=r.value===gi.asc?gi.desc:gi.asc),n.value=l}return(l,c)=>(w(),k("table",DF,[Vi(l.$slots,"default"),v(),Vi(l.$slots,"head"),v(),Vi(l.$slots,"body",{values:h(i)}),v(),Vi(l.$slots,"foot")]))}}),di=Ot({__name:"SortLink",props:{name:null},setup(e){const t=ft("dir"),n=ft("sort"),r=ft("sortBy");return(i,s)=>(w(),k("a",{href:"#",onClick:s[0]||(s[0]=Rt(l=>h(r)&&h(r)(e.name),["prevent"]))},[Vi(i.$slots,"default",{},()=>[v(Le(e.name),1)]),v(),h(n)==e.name&&h(t)==h(gi).asc?(w(),It(h(_t),{key:0,"fixed-width":"",icon:h(wH)},null,8,["icon"])):h(n)==e.name&&h(t)==h(gi).desc?(w(),It(h(_t),{key:1,"fixed-width":"",icon:h(LH)},null,8,["icon"])):oe("",!0)]))}}),MF={class:"thead-light"},HF={class:"text-end"},WF={class:"text-end"},UF={class:"text-end"},$F={class:"ps-3"},FF=["href"],VF=A("td",{class:"text-end"},null,-1),zF={class:"text-end"},GF={class:"px-1"},KF={class:"text-end"},Sp=Ot({__name:"StatsTableItem",props:{value:null,executionTime:null},setup(e){const t=e,n=Je(!1);function r(i){return i[m.EXCLUSIVE_DURATION]/t.executionTime}return(i,s)=>(w(),k(Fe,null,[A("thead",MF,[A("tr",{onClick:s[0]||(s[0]=Rt(l=>n.value=!n.value,["prevent"])),role:"button"},[A("th",null,[n.value?(w(),It(h(_t),{key:0,"fixed-width":"",icon:h(yA)},null,8,["icon"])):(w(),It(h(_t),{key:1,"fixed-width":"",icon:h(PH)},null,8,["icon"])),v(" "+Le(t.value.name),1)]),v(),A("th",HF,Le(t.value.count),1),v(),A("th",WF,[A("span",{class:Ie(["alert p-0 px-1",h(ph)(t.value.timePercent*100)])},Le(h(kn)(t.value.time)),3)]),v(),A("th",UF,Le(h(z1)(t.value.timePercent)),1)])]),v(),A("tbody",{class:Ie(n.value?"":"d-none")},[(w(!0),k(Fe,null,$t(h(j).reverse(h(j).sortBy(t.value.nodes,h(m).EXCLUSIVE_DURATION)),l=>(w(),k("tr",{key:l.nodeId,style:{"font-size":"smaller"}},[A("td",$F,[A("a",{href:`#plan/node/${l.nodeId}`,class:"me-1"},"#"+Le(l.nodeId),9,FF),v(" "+Le(l[h(m).NODE_TYPE]),1)]),v(),VF,v(),A("td",zF,[A("span",GF,Le(h(kn)(l[h(m).EXCLUSIVE_DURATION])),1)]),v(),A("td",KF,Le(h(z1)(r(l))),1)]))),128))],2)],64))}}),XF={class:"p-2 small stats"},YF=A("h6",{class:"mt-2"},"Per table stats",-1),qF={class:"table-secondary"},jF={scope:"col"},JF={scope:"col",class:"text-end"},QF={scope:"col",colspan:"2",class:"text-end"},ZF={key:0},eV=A("tr",null,[A("td",{colspan:"3",class:"text-center fst-italic"},"No tables used")],-1),tV=[eV],nV=A("h6",null,"Per node type stats",-1),rV={class:"table-secondary"},iV={scope:"col"},aV={scope:"col",class:"text-end"},sV={scope:"col",colspan:"2",class:"text-end"},oV=A("h6",null,"Per index stats",-1),lV={class:"table-secondary"},cV={scope:"col"},uV={scope:"col",class:"text-end"},dV={scope:"col",colspan:"2",class:"text-end"},fV={key:0},pV=A("tr",null,[A("td",{colspan:"3",class:"text-center fst-italic"},"No index used")],-1),hV=[pV],_V=Ot({__name:"Stats",setup(e){const t=[],n=Je(0),r=ft(wr);na(()=>{n.value=r.value.planStats.executionTime||r.value.content.Plan?.[m.ACTUAL_TOTAL_TIME],r.value.content.Plan&&(i(t,r.value.content.Plan),j.each(r.value.ctes,p=>{i(t,p)}))});function i(p,f){p.push(f),j.each(f.Plans,g=>{i(p,g)})}function s(p){return j.sumBy(p,m.EXCLUSIVE_DURATION)/n.value}const l=Be(()=>{const p=j.groupBy(j.filter(t,g=>g[m.RELATION_NAME]!==void 0),m.RELATION_NAME),f=[];return j.each(p,(g,S)=>{f.push({name:S,count:g.length,time:j.sumBy(g,m.EXCLUSIVE_DURATION),timePercent:s(g),nodes:g})}),f}),c=Be(()=>{const p=j.groupBy(t,m.NODE_TYPE),f=[];return j.each(p,(g,S)=>{f.push({name:S,count:g.length,time:j.sumBy(g,m.EXCLUSIVE_DURATION),timePercent:s(g),nodes:g})}),f}),u=Be(()=>{const p=j.groupBy(j.filter(t,g=>g[m.INDEX_NAME]!==void 0),m.INDEX_NAME),f=[];return j.each(p,(g,S)=>{f.push({name:S,count:g.length,time:j.sumBy(g,m.EXCLUSIVE_DURATION),timePercent:s(g),nodes:g})}),f});return(p,f)=>(w(),k("div",XF,[YF,v(),we(Tp,{class:"table table-nonfluid table-sm table-bordered",values:h(l),sort:"time",dir:h(gi).desc},{body:Ut(g=>[(w(!0),k(Fe,null,$t(g.values,S=>(w(),It(Sp,{key:S,value:S,executionTime:n.value},null,8,["value","executionTime"]))),128))]),default:Ut(()=>[A("thead",qF,[A("tr",null,[A("th",jF,[we(di,{name:"name"},{default:Ut(()=>[v("Table")]),_:1})]),v(),A("th",JF,[we(di,{name:"count"},{default:Ut(()=>[v("Count")]),_:1})]),v(),A("th",QF,[we(di,{name:"time"},{default:Ut(()=>[v("Time")]),_:1})])])]),v(),v(),h(l).length?oe("",!0):(w(),k("tbody",ZF,tV))]),_:1},8,["values","dir"]),v(),nV,v(),we(Tp,{class:"table table-nonfluid table-sm table-bordered",values:h(c),sort:"time",dir:h(gi).desc},{body:Ut(g=>[(w(!0),k(Fe,null,$t(g.values,S=>(w(),It(Sp,{key:S,value:S,executionTime:n.value},null,8,["value","executionTime"]))),128))]),default:Ut(()=>[A("thead",rV,[A("tr",null,[A("th",iV,[we(di,{name:"name"},{default:Ut(()=>[v("Node Type")]),_:1})]),v(),A("th",aV,[we(di,{name:"count"},{default:Ut(()=>[v("Count")]),_:1})]),v(),A("th",sV,[we(di,{name:"time"},{default:Ut(()=>[v("Time")]),_:1})])])]),v()]),_:1},8,["values","dir"]),v(),oV,v(),we(Tp,{class:"table table-nonfluid table-sm table-bordered",values:h(u),sort:"time",dir:h(gi).desc},{body:Ut(g=>[(w(!0),k(Fe,null,$t(g.values,S=>(w(),It(Sp,{key:S,value:S,executionTime:n.value},null,8,["value","executionTime"]))),128))]),default:Ut(()=>[A("thead",lV,[A("tr",null,[A("th",cV,[we(di,{name:"name"},{default:Ut(()=>[v("Index")]),_:1})]),v(),A("th",uV,[we(di,{name:"count"},{default:Ut(()=>[v("Count")]),_:1})]),v(),A("th",dV,[we(di,{name:"time"},{default:Ut(()=>[v("Time")]),_:1})])])]),v(),v(),h(u).length?oe("",!0):(w(),k("tbody",fV,hV))]),_:1},8,["values","dir"])]))}});let mV=class{nodeId;size;Options;Timing;Settings;[m.ACTUAL_LOOPS];[m.ACTUAL_ROWS];[m.ACTUAL_ROWS_REVISED];[m.ACTUAL_STARTUP_TIME];[m.ACTUAL_TOTAL_TIME];[m.EXCLUSIVE_COST];[m.EXCLUSIVE_DURATION];[m.EXCLUSIVE_LOCAL_DIRTIED_BLOCKS];[m.EXCLUSIVE_LOCAL_HIT_BLOCKS];[m.EXCLUSIVE_LOCAL_READ_BLOCKS];[m.EXCLUSIVE_LOCAL_WRITTEN_BLOCKS];[m.EXCLUSIVE_SHARED_DIRTIED_BLOCKS];[m.EXCLUSIVE_SHARED_HIT_BLOCKS];[m.EXCLUSIVE_SHARED_READ_BLOCKS];[m.EXCLUSIVE_SHARED_WRITTEN_BLOCKS];[m.EXCLUSIVE_TEMP_READ_BLOCKS];[m.EXCLUSIVE_TEMP_WRITTEN_BLOCKS];[m.PLANNER_ESTIMATE_DIRECTION];[m.PLANNER_ESTIMATE_FACTOR];[m.INDEX_NAME];[m.NODE_TYPE];[m.PARALLEL_AWARE];[m.PLANS];[m.PLAN_ROWS];[m.PLAN_ROWS_REVISED];[m.ROWS_REMOVED_BY_FILTER_REVISED];[m.ROWS_REMOVED_BY_JOIN_FILTER_REVISED];[m.SUBPLAN_NAME];[m.TOTAL_COST];[m.WORKERS];[m.WORKERS_LAUNCHED];[m.WORKERS_PLANNED];[m.WORKERS_PLANNED_BY_GATHER];[m.WORKERS_PLANNED_BY_GATHER];[m.EXCLUSIVE_IO_READ_TIME];[m.EXCLUSIVE_IO_WRITE_TIME];[m.AVERAGE_IO_READ_TIME];[m.AVERAGE_IO_WRITE_TIME];constructor(t){if(!t)return;this[m.NODE_TYPE]=t;const n=/^((?:Parallel\s+)?(?:Seq\sScan|Tid.*Scan|Bitmap\s+Heap\s+Scan|(?:Async\s+)?Foreign\s+Scan|Update|Insert|Delete))\son\s(\S+)(?:\s+(\S+))?$/.exec(t),r=/^(Bitmap\s+Index\s+Scan)\son\s(\S+)$/.exec(t),i=/^((?:Parallel\s+)?Index(?:\sOnly)?\sScan(?:\sBackward)?)\susing\s(\S+)\son\s(\S+)(?:\s+(\S+))?$/.exec(t),s=/^(CTE\sScan)\son\s(\S+)(?:\s+(\S+))?$/.exec(t),l=/^(Function\sScan)\son\s(\S+)(?:\s+(\S+))?$/.exec(t),c=/^(Subquery\sScan)\son\s(.+)$/.exec(t);n?(this[m.NODE_TYPE]=n[1],this[m.RELATION_NAME]=n[2],n[3]&&(this[m.ALIAS]=n[3])):r?(this[m.NODE_TYPE]=r[1],this[m.INDEX_NAME]=r[2]):i?(this[m.NODE_TYPE]=i[1],this[m.INDEX_NAME]=i[2],this[m.RELATION_NAME]=i[3],i[4]&&(this[m.ALIAS]=i[4])):s?(this[m.NODE_TYPE]=s[1],this[m.CTE_NAME]=s[2],s[3]&&(this[m.ALIAS]=s[3])):l?(this[m.NODE_TYPE]=l[1],this[m.FUNCTION_NAME]=l[2],l[3]&&(this[m.ALIAS]=l[3])):c&&(this[m.NODE_TYPE]=c[1],this[m.ALIAS]=c[2]);const u=/^(Parallel\s+)(.*)/.exec(this[m.NODE_TYPE]);u&&(this[m.NODE_TYPE]=u[2],this[m.PARALLEL_AWARE]=!0);const p=/(.*)\sJoin$/.exec(this[m.NODE_TYPE]),f=/(.*)\s+(Full|Left|Right|Anti)/.exec(this[m.NODE_TYPE]);p&&(this[m.NODE_TYPE]=p[1],f&&(this[m.NODE_TYPE]=f[1],this[m.JOIN_TYPE]=f[2]),this[m.NODE_TYPE]+=" Join")}};class EV{constructor(t){this[gd.WORKER_NUMBER]=t}}var ZA={},Ap,nv;function gV(){if(nv)return Ap;nv=1,Ap=e;function e(n){if(n)return t(n)}function t(n){for(var r in e.prototype)n[r]=e.prototype[r];return n}return e.prototype.on=e.prototype.addEventListener=function(n,r){return this._callbacks=this._callbacks||{},(this._callbacks[n]=this._callbacks[n]||[]).push(r),this},e.prototype.once=function(n,r){var i=this;this._callbacks=this._callbacks||{};function s(){i.off(n,s),r.apply(this,arguments)}return s.fn=r,this.on(n,s),this},e.prototype.off=e.prototype.removeListener=e.prototype.removeAllListeners=e.prototype.removeEventListener=function(n,r){if(this._callbacks=this._callbacks||{},arguments.length==0)return this._callbacks={},this;var i=this._callbacks[n];if(!i)return this;if(arguments.length==1)return delete this._callbacks[n],this;for(var s,l=0;l<i.length;l++)if(s=i[l],s===r||s.fn===r){i.splice(l,1);break}return this},e.prototype.emit=function(n){this._callbacks=this._callbacks||{};var r=[].slice.call(arguments,1),i=this._callbacks[n];if(i){i=i.slice(0);for(var s=0,l=i.length;s<l;++s)i[s].apply(this,r)}return this},e.prototype.listeners=function(n){return this._callbacks=this._callbacks||{},this._callbacks[n]||[]},e.prototype.hasListeners=function(n){return!!this.listeners(n).length},Ap}var bp,rv;function vV(){if(rv)return bp;rv=1;var e=gV();function t(){e.call(this)}return t.prototype=new e,bp=t,t.Stream=t,t.prototype.pipe=function(n,r){var i=this;function s(S){n.writable&&n.write(S)===!1&&i.pause&&i.pause()}i.on("data",s);function l(){i.readable&&i.resume&&i.resume()}n.on("drain",l),!n._isStdio&&(!r||r.end!==!1)&&(i.on("end",u),i.on("close",p));var c=!1;function u(){c||(c=!0,n.end())}function p(){c||(c=!0,typeof n.destroy=="function"&&n.destroy())}function f(S){if(g(),!this.hasListeners("error"))throw S}i.on("error",f),n.on("error",f);function g(){i.off("data",s),n.off("drain",l),i.off("end",u),i.off("close",p),i.off("error",f),n.off("error",f),i.off("end",g),i.off("close",g),n.off("end",g),n.off("close",g)}return i.on("end",g),i.on("close",g),n.on("end",g),n.on("close",g),n.emit("pipe",i),n},bp}(function(e){(function(t){var n=typeof process=="object"&&process.env?process.env:self;t.parser=function(W){return new S(W)},t.CParser=S,t.CStream=C,t.createStream=L,t.MAX_BUFFER_LENGTH=64*1024,t.DEBUG=n.CDEBUG==="debug",t.INFO=n.CDEBUG==="debug"||n.CDEBUG==="info",t.EVENTS=["value","string","key","openobject","closeobject","openarray","closearray","error","end","ready"];var r={textNode:void 0,numberNode:""},i=t.EVENTS.filter(function(W){return W!=="error"&&W!=="end"}),s=0,l;t.STATE={BEGIN:s++,VALUE:s++,OPEN_OBJECT:s++,CLOSE_OBJECT:s++,OPEN_ARRAY:s++,CLOSE_ARRAY:s++,TEXT_ESCAPE:s++,STRING:s++,BACKSLASH:s++,END:s++,OPEN_KEY:s++,CLOSE_KEY:s++,TRUE:s++,TRUE2:s++,TRUE3:s++,FALSE:s++,FALSE2:s++,FALSE3:s++,FALSE4:s++,NULL:s++,NULL2:s++,NULL3:s++,NUMBER_DECIMAL_POINT:s++,NUMBER_DIGIT:s++};for(var c in t.STATE)t.STATE[t.STATE[c]]=c;s=t.STATE;const u={tab:9,lineFeed:10,carriageReturn:13,space:32,doubleQuote:34,plus:43,comma:44,minus:45,period:46,_0:48,_9:57,colon:58,E:69,openBracket:91,backslash:92,closeBracket:93,a:97,b:98,e:101,f:102,l:108,n:110,r:114,s:115,t:116,u:117,openBrace:123,closeBrace:125};Object.create||(Object.create=function(W){function R(){this.__proto__=W}return R.prototype=W,new R}),Object.getPrototypeOf||(Object.getPrototypeOf=function(W){return W.__proto__}),Object.keys||(Object.keys=function(W){var R=[];for(var le in W)W.hasOwnProperty(le)&&R.push(le);return R});function p(W){var R=Math.max(t.MAX_BUFFER_LENGTH,10),le=0;for(var $ in r){var Z=W[$]===void 0?0:W[$].length;if(Z>R)switch($){case"text":closeText(W);break;default:E(W,"Max buffer length exceeded: "+$)}le=Math.max(le,Z)}W.bufferCheckPosition=t.MAX_BUFFER_LENGTH-le+W.position}function f(W){for(var R in r)W[R]=r[R]}var g=/[\\"\n]/g;function S(W){if(!(this instanceof S))return new S(W);var R=this;f(R),R.bufferCheckPosition=t.MAX_BUFFER_LENGTH,R.q=R.c=R.p="",R.opt=W||{},R.closed=R.closedRoot=R.sawRoot=!1,R.tag=R.error=null,R.state=s.BEGIN,R.stack=new Array,R.position=R.column=0,R.line=1,R.slashed=!1,R.unicodeI=0,R.unicodeS=null,R.depth=0,N(R,"onready")}S.prototype={end:function(){B(this)},write:V,resume:function(){return this.error=null,this},close:function(){return this.write(null)}};try{l=vV().Stream}catch{l=function(){}}function L(W){return new C(W)}function C(W){if(!(this instanceof C))return new C(W);this._parser=new S(W),this.writable=!0,this.readable=!0,this.bytes_remaining=0,this.bytes_in_sequence=0,this.temp_buffs={2:new Buffer(2),3:new Buffer(3),4:new Buffer(4)},this.string="";var R=this;l.apply(R),this._parser.onend=function(){R.emit("end")},this._parser.onerror=function(le){R.emit("error",le),R._parser.error=null},i.forEach(function(le){Object.defineProperty(R,"on"+le,{get:function(){return R._parser["on"+le]},set:function($){if(!$)return R.removeAllListeners(le),R._parser["on"+le]=$,$;R.on(le,$)},enumerable:!0,configurable:!1})})}C.prototype=Object.create(l.prototype,{constructor:{value:C}}),C.prototype.write=function(W){W=new Buffer(W);for(var R=0;R<W.length;R++){var le=W[R];if(this.bytes_remaining>0){for(var $=0;$<this.bytes_remaining;$++)this.temp_buffs[this.bytes_in_sequence][this.bytes_in_sequence-this.bytes_remaining+$]=W[$];this.string=this.temp_buffs[this.bytes_in_sequence].toString(),this.bytes_in_sequence=this.bytes_remaining=0,R=R+$-1,this._parser.write(this.string),this.emit("data",this.string);continue}if(this.bytes_remaining===0&&le>=128)if(le>=194&&le<=223&&(this.bytes_in_sequence=2),le>=224&&le<=239&&(this.bytes_in_sequence=3),le>=240&&le<=244&&(this.bytes_in_sequence=4),this.bytes_in_sequence+R>W.length){for(var Z=0;Z<=W.length-1-R;Z++)this.temp_buffs[this.bytes_in_sequence][Z]=W[R+Z];return this.bytes_remaining=R+this.bytes_in_sequence-W.length,!0}else{this.string=W.slice(R,R+this.bytes_in_sequence).toString(),R=R+this.bytes_in_sequence-1,this._parser.write(this.string),this.emit("data",this.string);continue}for(var ue=R;ue<W.length&&!(W[ue]>=128);ue++);this.string=W.slice(R,ue).toString(),this._parser.write(this.string),this.emit("data",this.string),R=ue-1}},C.prototype.end=function(W){return W&&W.length&&this._parser.write(W.toString()),this._parser.end(),!0},C.prototype.on=function(W,R){var le=this;return!le._parser["on"+W]&&i.indexOf(W)!==-1&&(le._parser["on"+W]=function(){var $=arguments.length===1?[arguments[0]]:Array.apply(null,arguments);$.splice(0,0,W),le.emit.apply(le,$)}),l.prototype.on.call(le,W,R)},C.prototype.destroy=function(){f(this._parser),this.emit("close")};function N(W,R,le){t.INFO&&console.log("-- emit",R,le),W[R]&&W[R](le)}function F(W,R,le){b(W),N(W,R,le)}function b(W,R){W.textNode=H(W.opt,W.textNode),W.textNode!==void 0&&N(W,R||"onvalue",W.textNode),W.textNode=void 0}function D(W){W.numberNode&&N(W,"onvalue",parseFloat(W.numberNode)),W.numberNode=""}function H(W,R){return R===void 0||(W.trim&&(R=R.trim()),W.normalize&&(R=R.replace(/\s+/g," "))),R}function E(W,R){return b(W),R+=`
Line: `+W.line+`
Column: `+W.column+`
Char: `+W.c,R=new Error(R),W.error=R,N(W,"onerror",R),W}function B(W){return(W.state!==s.VALUE||W.depth!==0)&&E(W,"Unexpected end"),b(W),W.c="",W.closed=!0,N(W,"onend"),S.call(W,W.opt),W}function x(W){return W===u.carriageReturn||W===u.lineFeed||W===u.space||W===u.tab}function V(W){var R=this;if(this.error)throw this.error;if(R.closed)return E(R,"Cannot write after close. Assign an onready handler.");if(W===null)return B(R);var le=0,$=W.charCodeAt(0),Z=R.p;for(t.DEBUG&&console.log("write -> ["+W+"]");$&&(Z=$,R.c=$=W.charCodeAt(le++),Z!==$?R.p=Z:Z=R.p,!!$);)switch(t.DEBUG&&console.log(le,$,t.STATE[R.state]),R.position++,$===u.lineFeed?(R.line++,R.column=0):R.column++,R.state){case s.BEGIN:$===u.openBrace?R.state=s.OPEN_OBJECT:$===u.openBracket?R.state=s.OPEN_ARRAY:x($)||E(R,"Non-whitespace before {[.");continue;case s.OPEN_KEY:case s.OPEN_OBJECT:if(x($))continue;if(R.state===s.OPEN_KEY)R.stack.push(s.CLOSE_KEY);else if($===u.closeBrace){N(R,"onopenobject"),this.depth++,N(R,"oncloseobject"),this.depth--,R.state=R.stack.pop()||s.VALUE;continue}else R.stack.push(s.CLOSE_OBJECT);$===u.doubleQuote?R.state=s.STRING:E(R,'Malformed object key should start with "');continue;case s.CLOSE_KEY:case s.CLOSE_OBJECT:if(x($))continue;R.state,s.CLOSE_KEY,$===u.colon?(R.state===s.CLOSE_OBJECT?(R.stack.push(s.CLOSE_OBJECT),b(R,"onopenobject"),this.depth++):b(R,"onkey"),R.state=s.VALUE):$===u.closeBrace?(F(R,"oncloseobject"),this.depth--,R.state=R.stack.pop()||s.VALUE):$===u.comma?(R.state===s.CLOSE_OBJECT&&R.stack.push(s.CLOSE_OBJECT),b(R),R.state=s.OPEN_KEY):E(R,"Bad object");continue;case s.OPEN_ARRAY:case s.VALUE:if(x($))continue;if(R.state===s.OPEN_ARRAY)if(N(R,"onopenarray"),this.depth++,R.state=s.VALUE,$===u.closeBracket){N(R,"onclosearray"),this.depth--,R.state=R.stack.pop()||s.VALUE;continue}else R.stack.push(s.CLOSE_ARRAY);$===u.doubleQuote?R.state=s.STRING:$===u.openBrace?R.state=s.OPEN_OBJECT:$===u.openBracket?R.state=s.OPEN_ARRAY:$===u.t?R.state=s.TRUE:$===u.f?R.state=s.FALSE:$===u.n?R.state=s.NULL:$===u.minus?R.numberNode+="-":u._0<=$&&$<=u._9?(R.numberNode+=String.fromCharCode($),R.state=s.NUMBER_DIGIT):E(R,"Bad value");continue;case s.CLOSE_ARRAY:if($===u.comma)R.stack.push(s.CLOSE_ARRAY),b(R,"onvalue"),R.state=s.VALUE;else if($===u.closeBracket)F(R,"onclosearray"),this.depth--,R.state=R.stack.pop()||s.VALUE;else{if(x($))continue;E(R,"Bad array")}continue;case s.STRING:R.textNode===void 0&&(R.textNode="");var ue=le-1,K=R.slashed,me=R.unicodeI;e:for(;;){for(t.DEBUG&&console.log(le,$,t.STATE[R.state],K);me>0;)if(R.unicodeS+=String.fromCharCode($),$=W.charCodeAt(le++),R.position++,me===4?(R.textNode+=String.fromCharCode(parseInt(R.unicodeS,16)),me=0,ue=le-1):me++,!$)break e;if($===u.doubleQuote&&!K){R.state=R.stack.pop()||s.VALUE,R.textNode+=W.substring(ue,le-1),R.position+=le-1-ue;break}if($===u.backslash&&!K&&(K=!0,R.textNode+=W.substring(ue,le-1),R.position+=le-1-ue,$=W.charCodeAt(le++),R.position++,!$))break;if(K){if(K=!1,$===u.n?R.textNode+=`
`:$===u.r?R.textNode+="\r":$===u.t?R.textNode+=" ":$===u.f?R.textNode+="\f":$===u.b?R.textNode+="\b":$===u.u?(me=1,R.unicodeS=""):R.textNode+=String.fromCharCode($),$=W.charCodeAt(le++),R.position++,ue=le-1,$)continue;break}g.lastIndex=le;var I=g.exec(W);if(I===null){le=W.length+1,R.textNode+=W.substring(ue,le-1),R.position+=le-1-ue;break}if(le=I.index+1,$=W.charCodeAt(I.index),!$){R.textNode+=W.substring(ue,le-1),R.position+=le-1-ue;break}}R.slashed=K,R.unicodeI=me;continue;case s.TRUE:$===u.r?R.state=s.TRUE2:E(R,"Invalid true started with t"+$);continue;case s.TRUE2:$===u.u?R.state=s.TRUE3:E(R,"Invalid true started with tr"+$);continue;case s.TRUE3:$===u.e?(N(R,"onvalue",!0),R.state=R.stack.pop()||s.VALUE):E(R,"Invalid true started with tru"+$);continue;case s.FALSE:$===u.a?R.state=s.FALSE2:E(R,"Invalid false started with f"+$);continue;case s.FALSE2:$===u.l?R.state=s.FALSE3:E(R,"Invalid false started with fa"+$);continue;case s.FALSE3:$===u.s?R.state=s.FALSE4:E(R,"Invalid false started with fal"+$);continue;case s.FALSE4:$===u.e?(N(R,"onvalue",!1),R.state=R.stack.pop()||s.VALUE):E(R,"Invalid false started with fals"+$);continue;case s.NULL:$===u.u?R.state=s.NULL2:E(R,"Invalid null started with n"+$);continue;case s.NULL2:$===u.l?R.state=s.NULL3:E(R,"Invalid null started with nu"+$);continue;case s.NULL3:$===u.l?(N(R,"onvalue",null),R.state=R.stack.pop()||s.VALUE):E(R,"Invalid null started with nul"+$);continue;case s.NUMBER_DECIMAL_POINT:$===u.period?(R.numberNode+=".",R.state=s.NUMBER_DIGIT):E(R,"Leading zero not followed by .");continue;case s.NUMBER_DIGIT:u._0<=$&&$<=u._9?R.numberNode+=String.fromCharCode($):$===u.period?(R.numberNode.indexOf(".")!==-1&&E(R,"Invalid number has two dots"),R.numberNode+="."):$===u.e||$===u.E?((R.numberNode.indexOf("e")!==-1||R.numberNode.indexOf("E")!==-1)&&E(R,"Invalid number has two exponential"),R.numberNode+="e"):$===u.plus||$===u.minus?(Z===u.e||Z===u.E||E(R,"Invalid symbol in number"),R.numberNode+=String.fromCharCode($)):(D(R),le--,R.state=R.stack.pop()||s.VALUE);continue;default:E(R,"Unknown state: "+R.state)}return R.position>=R.bufferCheckPosition&&p(R),R}})(e)})(ZA);const TV=hd(ZA);class SV{static instance;nodeId=0;createPlan(t,n,r){if(r=r.replace(/(\S)(?!$)(\s{2,})/gm,"$1 "),!n.Plan)throw new Error("Invalid plan");const i={id:m.PEV_PLAN_TAG+new Date().getTime().toString(),name:t||"plan created on "+new Date().toDateString(),createdOn:new Date,content:n,query:r,planStats:{},ctes:[],isAnalyze:j.has(n.Plan,m.ACTUAL_ROWS),isVerbose:this.findOutputProperty(n.Plan)};return this.nodeId=1,this.processNode(n.Plan,i),this.calculateMaximums(i),i}isCTE(t){return t[m.PARENT_RELATIONSHIP]==="InitPlan"&&j.startsWith(t[m.SUBPLAN_NAME],"CTE")}processNode(t,n){t.nodeId=this.nodeId++,this.calculatePlannerEstimate(t),j.each(t[m.PLANS],r=>{!this.isCTE(r)&&r[m.PARENT_RELATIONSHIP]!=="InitPlan"&&r[m.PARENT_RELATIONSHIP]!=="SubPlan"&&(r[m.WORKERS_PLANNED_BY_GATHER]=t[m.WORKERS_PLANNED]||t[m.WORKERS_PLANNED_BY_GATHER]),this.isCTE(r)&&n.ctes.push(r),this.processNode(r,n)}),j.remove(t[m.PLANS],r=>this.isCTE(r)),this.calculateActuals(t),this.calculateExclusives(t),this.calculateIoTimingsAverage(t)}calculateMaximums(t){function n(b){return j.map(b,D=>[D,n(D[m.PLANS])])}let r=[];r=r.concat(j.flattenDeep(n([t.content.Plan]))),j.each(t.ctes,b=>{r=r.concat(j.flattenDeep(n([b])))});const i=j.maxBy(r,m.ACTUAL_ROWS_REVISED);i&&(t.content.maxRows=i[m.ACTUAL_ROWS_REVISED]);const s=j.maxBy(r,m.EXCLUSIVE_COST);s&&(t.content.maxCost=s[m.EXCLUSIVE_COST]);const l=j.maxBy(r,m.TOTAL_COST);l&&(t.content.maxTotalCost=l[m.TOTAL_COST]);const c=j.maxBy(r,m.EXCLUSIVE_DURATION);c&&(t.content.maxDuration=c[m.EXCLUSIVE_DURATION]),t.content.maxBlocks||(t.content.maxBlocks={});function u(b){return b[m.EXCLUSIVE_SHARED_HIT_BLOCKS]+b[m.EXCLUSIVE_SHARED_READ_BLOCKS]+b[m.EXCLUSIVE_SHARED_DIRTIED_BLOCKS]+b[m.EXCLUSIVE_SHARED_WRITTEN_BLOCKS]}const p=j.maxBy(r,b=>u(b));p&&u(p)&&(t.content.maxBlocks[nt.shared]=u(p));function f(b){return b[m.EXCLUSIVE_TEMP_READ_BLOCKS]+b[m.EXCLUSIVE_TEMP_WRITTEN_BLOCKS]}const g=j.maxBy(r,b=>f(b));g&&f(g)&&(t.content.maxBlocks[nt.temp]=f(g));function S(b){return b[m.EXCLUSIVE_LOCAL_HIT_BLOCKS]+b[m.EXCLUSIVE_LOCAL_READ_BLOCKS]+b[m.EXCLUSIVE_LOCAL_DIRTIED_BLOCKS]+b[m.EXCLUSIVE_LOCAL_WRITTEN_BLOCKS]}const L=j.maxBy(r,b=>S(b));L&&S(L)&&(t.content.maxBlocks[nt.local]=S(L)),t.content.maxIo||(t.content.maxIo=0);function C(b){return b[m.EXCLUSIVE_IO_READ_TIME]+b[m.EXCLUSIVE_IO_WRITE_TIME]}const N=j.maxBy(r,b=>C(b));N&&C(N)&&(t.content.maxIo=C(N));const F=j.max(j.map(r,b=>{const D=b[m.PLANNER_ESTIMATE_FACTOR];if(D!==1/0)return D}));t.content.maxEstimateFactor=F*2||1}calculateActuals(t){if(!j.isUndefined(t[m.ACTUAL_TOTAL_TIME])){const n=(t[m.WORKERS_PLANNED_BY_GATHER]||0)+1;t[m.ACTUAL_TOTAL_TIME]=t[m.ACTUAL_TOTAL_TIME]*t[m.ACTUAL_LOOPS]/n,t[m.ACTUAL_STARTUP_TIME]=t[m.ACTUAL_STARTUP_TIME]*t[m.ACTUAL_LOOPS]/n,t[m.EXCLUSIVE_DURATION]=t[m.ACTUAL_TOTAL_TIME];const r=t[m.EXCLUSIVE_DURATION]-this.childrenDuration(t,0);t[m.EXCLUSIVE_DURATION]=r>0?r:0}t[m.TOTAL_COST]&&(t[m.EXCLUSIVE_COST]=t[m.TOTAL_COST]),j.each(t[m.PLANS],n=>{n[m.PARENT_RELATIONSHIP]!=="InitPlan"&&n[m.TOTAL_COST]&&(t[m.EXCLUSIVE_COST]=t[m.EXCLUSIVE_COST]-n[m.TOTAL_COST])}),t[m.EXCLUSIVE_COST]<0&&(t[m.EXCLUSIVE_COST]=0),j.each(["ACTUAL_ROWS","PLAN_ROWS","ROWS_REMOVED_BY_FILTER","ROWS_REMOVED_BY_JOIN_FILTER"],n=>{if(!j.isUndefined(t[m[n]])){const r=n+"_REVISED",i=t[m.ACTUAL_LOOPS]||1,s=t[m[n]]*i;t[m[r]]=s}})}childrenDuration(t,n){return j.each(t[m.PLANS],r=>{r[m.PARENT_RELATIONSHIP]!=="InitPlan"&&(n+=r[m.EXCLUSIVE_DURATION]||0,n=this.childrenDuration(r,n))}),n}calculatePlannerEstimate(t){t[m.ACTUAL_ROWS]!==void 0&&t[m.PLAN_ROWS]!==void 0&&(t[m.PLANNER_ESTIMATE_FACTOR]=t[m.ACTUAL_ROWS]/t[m.PLAN_ROWS],t[m.PLANNER_ESTIMATE_DIRECTION]=tn.none,t[m.ACTUAL_ROWS]>t[m.PLAN_ROWS]&&(t[m.PLANNER_ESTIMATE_DIRECTION]=tn.under),t[m.ACTUAL_ROWS]<t[m.PLAN_ROWS]&&(t[m.PLANNER_ESTIMATE_DIRECTION]=tn.over,t[m.PLANNER_ESTIMATE_FACTOR]=t[m.PLAN_ROWS]/t[m.ACTUAL_ROWS]))}cleanupSource(t){return t=t.replace(/^(\||║|│)(.*)\1\r?\n/gm,`$2
`),t=t.replace(/(.*)(\||║|│)$\r?\n/gm,`$1
`),t=t.replace(/^\+-+\+\r?\n/gm,""),t=t.replace(/^(-|─|═)\1+\r?\n/gm,""),t=t.replace(/^(├|╟|╠|╞)(─|═)\2*(┤|╢|╣|╡)\r?\n/gm,""),t=t.replace(/^\+-+\+\r?\n/gm,""),t=t.replace(/^└(─)+┘\r?\n/gm,""),t=t.replace(/^╚(═)+╝\r?\n/gm,""),t=t.replace(/^┌(─)+┐\r?\n/gm,""),t=t.replace(/^╔(═)+╗\r?\n/gm,""),t=t.replace(/^(["'])(.*)\1\r?\n/gm,`$2
`),t=t.replace(/\s*\+\r?\n/g,`
`),t=t.replace(/↵\r?/gm,`
`),t=t.replace(/^\s*QUERY PLAN\s*\r?\n/m,""),t=t.replace(/^\(\d+\s+[a-z]*s?\)(\r?\n|$)/gm,`
`),t}fromSource(t){t=this.cleanupSource(t);let n=!1;try{n=JSON.parse(t)}catch{}return n?this.parseJson(t):/^(\s*)(\[|\{)\s*\n.*?\1(\]|\})\s*/gms.exec(t)?this.fromJson(t):this.fromText(t)}fromJson(t){const n=t.split(/[\r\n]+/);let r="",i=0;j.each(n,(c,u)=>{const p=/^(\s*)(\[|\{)\s*$/.exec(c);if(p)return r=p[1],i=u,!1});let s=0;j.each(n,(c,u)=>{if(new RegExp("^"+r+"(]|})s*$").exec(c))return s=u,!1});const l=n.slice(i,s+1).join(`
`).replace(/""/gm,'"');return this.parseJson(l)}parseJson(t){const n=TV.parser(),r=[];let i=null,s=null;return n.onvalue=l=>{const c=r[r.length-1];if(j.isArray(c))c.push(l);else{const u=Object.keys(c),p=u[u.length-1];c[p]=l}},n.onopenobject=l=>{const c={};c[l]=null,r.push(c)},n.onkey=l=>{const c=r[r.length-1];Object.keys(c).indexOf(l)!==-1?s=[r.length-1,c[l]]:c[l]=null},n.onopenarray=()=>{r.push([])},n.oncloseobject=n.onclosearray=()=>{const l=r.pop();if(!r.length)i=l;else{const c=r[r.length-1];if(s&&s[0]===r.length-1)j.merge(s[1],l),s=null;else if(j.isArray(c))c.push(l);else{const u=Object.keys(c),p=u[u.length-1];c[p]=l}}},n.write(t).close(),Array.isArray(i)&&(i=i[0]),i}splitIntoLines(t){const n=[],r=t.split(/\r?\n/),i=(c,u)=>(c.match(u)||[]).length,s=c=>{const u=c.indexOf(")"),p=c.indexOf("(");return u!=-1&&u<p},l=(c,u)=>c.search(/\S/)==u.search(/\S/);return j.each(r,c=>{i(c,/\)/g)>i(c,/\(/g)?n[n.length-1]+=c:c.match(/^(?:Total\s+runtime|Planning\s+time|Execution\s+time|Time|Filter|Output|JIT)/i)?n.push(c):c.match(/^\S/)||c.match(/^\s*\(/)||s(c)?0<n.length?n[n.length-1]+=c:n.push(c):0<n.length&&n[n.length-1].match(/^\s*Output/i)&&!l(n[n.length-1],c)?n[n.length-1]+=c:n.push(c)}),n}fromText(t){const n=this.splitIntoLines(t),r={},i=[];if(j.each(n,s=>{s=s.replace(/"\s*$/,""),s=s.replace(/^\s*"/,""),s=s.replace(/\t/gm,"    ");const l=/^\s*/,c=s.match(l),u=c?c[0].length:0;s=s.replace(l,"");const p="^s*$",f="^\\s*(QUERY|---|#).*$",g="^(\\s*->\\s*|\\s*)",S="([^\\r\\n\\t\\f\\v\\:\\(]*?)",L="\\(cost=(\\d+\\.\\d+)\\.\\.(\\d+\\.\\d+)\\s+rows=(\\d+)\\s+width=(\\d+)\\)",C="(?:",N=")",F="\\(",b="\\)",D="(?:actual\\stime=(\\d+\\.\\d+)\\.\\.(\\d+\\.\\d+)\\srows=(\\d+)\\sloops=(\\d+)|actual\\srows=(\\d+)\\sloops=(\\d+)|(never\\s+executed))",H="?",E=new RegExp(p).exec(s),B=new RegExp(f).exec(s),V=new RegExp(g+S+"\\s*"+C+(C+L+"\\s+"+F+D+b+N)+"|"+C+L+N+"|"+C+F+D+b+N+N+"\\s*$","gm").exec(s),R=/^(\s*)((?:Sub|Init)Plan)\s*(?:\d+\s*)?\s*(?:\(returns.*\)\s*)?$/gm.exec(s),$=/^(\s*)CTE\s+(\S+)\s*$/g.exec(s),ue=/^(\s*)Trigger\s+(.*):\s+time=(\d+\.\d+)\s+calls=(\d+)\s*$/g.exec(s),me=new RegExp(/^(\s*)Worker\s+(\d+):\s+/.source+C+D+N+H+"(.*)\\s*$","g").exec(s),q=/^(\s*)JIT:\s*$/g.exec(s),Ee=/^(\s*)(\S.*\S)\s*$/g.exec(s);if(!(E||B)){if(V&&!$&&!R){const _e=V[13],re=new mV(V[2]);(V[3]&&V[4]||V[14]&&V[15])&&(re[m.STARTUP_COST]=parseFloat(V[3]||V[14]),re[m.TOTAL_COST]=parseFloat(V[4]||V[15]),re[m.PLAN_ROWS]=parseInt(V[5]||V[16],0),re[m.PLAN_WIDTH]=parseInt(V[6]||V[17],0)),(V[7]&&V[8]||V[18]&&V[19])&&(re[m.ACTUAL_STARTUP_TIME]=parseFloat(V[7]||V[18]),re[m.ACTUAL_TOTAL_TIME]=parseFloat(V[8]||V[19])),(V[9]&&V[10]||V[11]&&V[12]||V[20]&&V[21])&&(re[m.ACTUAL_ROWS]=parseInt(V[9]||V[11]||V[20],0),re[m.ACTUAL_LOOPS]=parseInt(V[10]||V[12]||V[21],0)),_e&&(re[m.ACTUAL_LOOPS]=0,re[m.ACTUAL_ROWS]=0,re[m.ACTUAL_TOTAL_TIME]=0);const ie={node:re,subelementType:"subnode"};if(i.length===0){i.push([u,ie]),r.Plan=re;return}j.remove(i,ae=>ae[0]>=u);const Se=j.last(i)?.[1];if(!Se)return;i.push([u,ie]),Se.node[m.PLANS]||(Se.node[m.PLANS]=[]),Se.subelementType==="initplan"?(re[m.PARENT_RELATIONSHIP]="InitPlan",re[m.SUBPLAN_NAME]=Se.name):Se.subelementType==="subplan"&&(re[m.PARENT_RELATIONSHIP]="SubPlan",re[m.SUBPLAN_NAME]=Se.name),Se.node.Plans?.push(re)}else if(R){const _e=R[2];j.remove(i,Se=>Se[0]>=u);const ie={node:j.last(i)?.[1]?.node,subelementType:_e.toLowerCase(),name:R[0]};i.push([u,ie])}else if($){const _e=$[2];j.remove(i,Se=>Se[0]>=u);const ie={node:j.last(i)?.[1]?.node,subelementType:"initplan",name:"CTE "+_e};i.push([u,ie])}else if(me){const _e=parseInt(me[2],0),re=j.last(i)?.[1];if(!re)return;re.node[m.WORKERS]||(re.node[m.WORKERS]=[]);let ie=this.getWorker(re.node,_e);if(ie||(ie=new EV(_e),re.node[m.WORKERS]?.push(ie)),me[3]&&me[4]&&(ie[m.ACTUAL_STARTUP_TIME]=parseFloat(me[3]),ie[m.ACTUAL_TOTAL_TIME]=parseFloat(me[4]),ie[m.ACTUAL_ROWS]=parseInt(me[5],0),ie[m.ACTUAL_LOOPS]=parseInt(me[6],0)),this.parseSort(me[10],ie))return;const Se=me[10].split(/: (.+)/).filter(ae=>ae);if(me[10]){if(!Se[1])return;const ae=j.startCase(Se[0]);ie[ae]=Se[1]}}else if(ue)j.remove(i,_e=>_e[0]>=u),r.Triggers=r.Triggers||[],r.Triggers.push({"Trigger Name":ue[2],Time:this.parseTime(ue[3]),Calls:ue[4]});else if(q){let _e;if(i.length===0)r.JIT={},_e={node:r.JIT},i.push([1,_e]);else{const re=j.last(i)?.[1];if(!re)return;if(j.last(re.node?.[m.WORKERS])){const ie=j.last(re.node?.[m.WORKERS]);ie.JIT={},_e={node:ie.JIT},i.push([u,_e])}}}else if(Ee){j.remove(i,ae=>ae[0]>=u||u==1);let _e;if(i.length===0?_e=r:_e=j.last(i)?.[1].node,!_e.Plan&&_e["Query Text"]){_e["Query Text"]+=`
`+s;return}const re=Ee[2].split(/: (.+)/).filter(ae=>ae);if(!re[1]||!_e||this.parseSort(Ee[2],_e)||this.parseBuffers(Ee[2],_e)||this.parseWAL(Ee[2],_e)||this.parseIOTimings(Ee[2],_e)||this.parseOptions(Ee[2],_e)||this.parseTiming(Ee[2],_e)||this.parseSettings(Ee[2],_e)||this.parseSortGroups(Ee[2],_e)||this.parseSortKey(Ee[2],_e))return;let ie=re[1].replace(/(\s*ms)$/,"");parseFloat(ie)&&(ie=parseFloat(ie));let Se=re[0];(Se.indexOf(" runtime")!==-1||Se.indexOf(" time")!==-1)&&(Se=j.startCase(Se)),_e[Se]=ie}}}),r==null||!r.Plan)throw new Error("Unable to parse plan");return r}parseSortKey(t,n){const i=/^\s*((?:Sort|Presorted) Key):\s+(.*)/g.exec(t);return i?(n[i[1]]=j.map(D1(i[2],","),j.trim),!0):!1}parseSort(t,n){const i=/^(\s*)Sort Method:\s+(.*)\s+(Memory|Disk):\s+(?:(\S*)kB)\s*$/g.exec(t);return i?(n[m.SORT_METHOD]=i[2].trim(),n[m.SORT_SPACE_USED]=i[4],n[m.SORT_SPACE_TYPE]=i[3],!0):!1}parseBuffers(t,n){const i=/Buffers:\s+(.*)\s*$/g.exec(t);return i?(j.each(i[1].split(/,\s+/),s=>{const c=/(shared|temp|local)\s+(.*)$/g.exec(s);if(c){const u=c[1];j.each(["hit","read","written","dirtied"],p=>{n[j.map([u,p,"blocks"],j.capitalize).join(" ")]=0}),j.each(c[2].split(/\s+/),p=>{this.parseBuffer(p,u,n)})}}),!0):!1}parseBuffer(t,n,r){const i=t.split(/=/),s=i[0],l=parseInt(i[1],0);r[j.map([n,s,"blocks"],j.capitalize).join(" ")]=l}getWorker(t,n){return j.find(t[m.WORKERS],r=>r[gd.WORKER_NUMBER]===n)}parseWAL(t,n){const i=/WAL:\s+(.*)\s*$/g.exec(t);return i?(j.each(["Records","Bytes","FPI"],s=>{n["WAL "+s]=0}),j.each(i[1].split(/\s+/),s=>{const l=s.split(/=/),c=l[0],u=parseInt(l[1],0);let p;switch(c){case"fpi":p="FPI";break;default:p=j.capitalize(c)}n["WAL "+p]=u}),!0):!1}parseIOTimings(t,n){const i=/I\/O Timings:\s+(.*)\s*$/g.exec(t);return i?(n[m.IO_READ_TIME]=0,n[m.IO_WRITE_TIME]=0,j.each(i[1].split(/\s+/),s=>{const l=s.split(/=/),c=l[0],u=parseFloat(l[1]),p="IO_"+j.upperCase(c)+"_TIME",f=m[p];n[f]=u}),!0):!1}parseOptions(t,n){const i=/^(\s*)Options:\s+(.*)$/g.exec(t);if(i){n.Options={};const s=i[2].split(/\s*,\s*/);let l;return j.each(s,c=>{l=/^(\S*)\s+(.*)$/g.exec(c),l&&n.Options&&(n.Options[l[1]]=JSON.parse(l[2]))}),!0}return!1}parseTiming(t,n){const i=/^(\s*)Timing:\s+(.*)$/g.exec(t);if(i){n.Timing={};const s=i[2].split(/\s*,\s*/);let l;return j.each(s,c=>{l=/^(\S*)\s+(.*)$/g.exec(c),l&&n.Timing&&(n.Timing[l[1]]=this.parseTime(l[2]))}),!0}return!1}parseTime(t){return parseFloat(t.replace(/(\s*ms)$/,""))}parseSettings(t,n){const i=/^(\s*)Settings:\s*(.*)$/g.exec(t);if(i){n.Settings={};const s=D1(i[2],",");let l;return j.each(s,c=>{l=/^(\S*)\s+=\s+(.*)$/g.exec(j.trim(c)),l&&n.Settings&&(n.Settings[l[1]]=l[2].replace(/'/g,""))}),!0}return!1}parseSortGroups(t,n){const i=/^\s*(Full-sort|Pre-sorted) Groups:\s+([0-9]*)\s+Sort Method[s]*:\s+(.*)\s+Average Memory:\s+(\S*)kB\s+Peak Memory:\s+(\S*)kB.*$/g.exec(t);if(i){const s={[au.GROUP_COUNT]:parseInt(i[2],0),[au.SORT_METHODS_USED]:j.map(i[3].split(","),j.trim),[au.SORT_SPACE_MEMORY]:{[uh.AVERAGE_SORT_SPACE_USED]:parseInt(i[4],0),[uh.PEAK_SORT_SPACE_USED]:parseInt(i[5],0)}};if(i[1]==="Full-sort")n[m.FULL_SORT_GROUPS]=s;else if(i[1]==="Pre-sorted")n[m.PRE_SORTED_GROUPS]=s;else throw new Error("Unsupported sort groups method");return!0}return!1}calculateExclusives(t){const n=["SHARED_HIT_BLOCKS","SHARED_READ_BLOCKS","SHARED_DIRTIED_BLOCKS","SHARED_WRITTEN_BLOCKS","TEMP_READ_BLOCKS","TEMP_WRITTEN_BLOCKS","LOCAL_HIT_BLOCKS","LOCAL_READ_BLOCKS","LOCAL_DIRTIED_BLOCKS","LOCAL_WRITTEN_BLOCKS","IO_READ_TIME","IO_WRITE_TIME"];j.each(n,r=>{const i=j.sumBy(t[m.PLANS],c=>c[m[r]]||0),s="EXCLUSIVE_"+r,l=m[s];t[l]=t[m[r]]-i})}calculateIoTimingsAverage(t){const n=t[m.IO_READ_TIME]||0;if(n){const i=t[m.SHARED_READ_BLOCKS]||0,s=t[m.LOCAL_READ_BLOCKS]||0;t[m.AVERAGE_IO_READ_TIME]=(i+s)/(n/1e3)}const r=t[m.IO_WRITE_TIME]||0;if(r){const i=t[m.SHARED_WRITTEN_BLOCKS]||0,s=t[m.LOCAL_WRITTEN_BLOCKS]||0;t[m.AVERAGE_IO_WRITE_TIME]=(i+s)/(r/1e3)}}findOutputProperty(t){const n=t.Plans;return n?j.some(n,r=>j.has(r,m.OUTPUT)||this.findOutputProperty(r)):!1}}function su(e,t){return e==null||t==null?NaN:e<t?-1:e>t?1:e>=t?0:NaN}function AV(e,t){return e==null||t==null?NaN:t<e?-1:t>e?1:t>=e?0:NaN}function eb(e){let t,n,r;e.length!==2?(t=su,n=(c,u)=>su(e(c),u),r=(c,u)=>e(c)-u):(t=e===su||e===AV?e:bV,n=e,r=e);function i(c,u,p=0,f=c.length){if(p<f){if(t(u,u)!==0)return f;do{const g=p+f>>>1;n(c[g],u)<0?p=g+1:f=g}while(p<f)}return p}function s(c,u,p=0,f=c.length){if(p<f){if(t(u,u)!==0)return f;do{const g=p+f>>>1;n(c[g],u)<=0?p=g+1:f=g}while(p<f)}return p}function l(c,u,p=0,f=c.length){const g=i(c,u,p,f-1);return g>p&&r(c[g-1],u)>-r(c[g],u)?g-1:g}return{left:i,center:l,right:s}}function bV(){return 0}function RV(e){return e===null?NaN:+e}const LV=eb(su),OV=LV.right;eb(RV).center;const yV=OV;var mh=Math.sqrt(50),Eh=Math.sqrt(10),gh=Math.sqrt(2);function NV(e,t,n){var r,i=-1,s,l,c;if(t=+t,e=+e,n=+n,e===t&&n>0)return[e];if((r=t<e)&&(s=e,e=t,t=s),(c=tb(e,t,n))===0||!isFinite(c))return[];if(c>0){let u=Math.round(e/c),p=Math.round(t/c);for(u*c<e&&++u,p*c>t&&--p,l=new Array(s=p-u+1);++i<s;)l[i]=(u+i)*c}else{c=-c;let u=Math.round(e*c),p=Math.round(t*c);for(u/c<e&&++u,p/c>t&&--p,l=new Array(s=p-u+1);++i<s;)l[i]=(u+i)/c}return r&&l.reverse(),l}function tb(e,t,n){var r=(t-e)/Math.max(0,n),i=Math.floor(Math.log(r)/Math.LN10),s=r/Math.pow(10,i);return i>=0?(s>=mh?10:s>=Eh?5:s>=gh?2:1)*Math.pow(10,i):-Math.pow(10,-i)/(s>=mh?10:s>=Eh?5:s>=gh?2:1)}function CV(e,t,n){var r=Math.abs(t-e)/Math.max(0,n),i=Math.pow(10,Math.floor(Math.log(r)/Math.LN10)),s=r/i;return s>=mh?i*=10:s>=Eh?i*=5:s>=gh&&(i*=2),t<e?-i:i}var xV={value:()=>{}};function G_(){for(var e=0,t=arguments.length,n={},r;e<t;++e){if(!(r=arguments[e]+"")||r in n||/[\s.]/.test(r))throw new Error("illegal type: "+r);n[r]=[]}return new ou(n)}function ou(e){this._=e}function wV(e,t){return e.trim().split(/^|\s+/).map(function(n){var r="",i=n.indexOf(".");if(i>=0&&(r=n.slice(i+1),n=n.slice(0,i)),n&&!t.hasOwnProperty(n))throw new Error("unknown type: "+n);return{type:n,name:r}})}ou.prototype=G_.prototype={constructor:ou,on:function(e,t){var n=this._,r=wV(e+"",n),i,s=-1,l=r.length;if(arguments.length<2){for(;++s<l;)if((i=(e=r[s]).type)&&(i=IV(n[i],e.name)))return i;return}if(t!=null&&typeof t!="function")throw new Error("invalid callback: "+t);for(;++s<l;)if(i=(e=r[s]).type)n[i]=iv(n[i],e.name,t);else if(t==null)for(i in n)n[i]=iv(n[i],e.name,null);return this},copy:function(){var e={},t=this._;for(var n in t)e[n]=t[n].slice();return new ou(e)},call:function(e,t){if((i=arguments.length-2)>0)for(var n=new Array(i),r=0,i,s;r<i;++r)n[r]=arguments[r+2];if(!this._.hasOwnProperty(e))throw new Error("unknown type: "+e);for(s=this._[e],r=0,i=s.length;r<i;++r)s[r].value.apply(t,n)},apply:function(e,t,n){if(!this._.hasOwnProperty(e))throw new Error("unknown type: "+e);for(var r=this._[e],i=0,s=r.length;i<s;++i)r[i].value.apply(t,n)}};function IV(e,t){for(var n=0,r=e.length,i;n<r;++n)if((i=e[n]).name===t)return i.value}function iv(e,t,n){for(var r=0,i=e.length;r<i;++r)if(e[r].name===t){e[r]=xV,e=e.slice(0,r).concat(e.slice(r+1));break}return n!=null&&e.push({name:t,value:n}),e}var vh="http://www.w3.org/1999/xhtml";const av={svg:"http://www.w3.org/2000/svg",xhtml:vh,xlink:"http://www.w3.org/1999/xlink",xml:"http://www.w3.org/XML/1998/namespace",xmlns:"http://www.w3.org/2000/xmlns/"};function bd(e){var t=e+="",n=t.indexOf(":");return n>=0&&(t=e.slice(0,n))!=="xmlns"&&(e=e.slice(n+1)),av.hasOwnProperty(t)?{space:av[t],local:e}:e}function kV(e){return function(){var t=this.ownerDocument,n=this.namespaceURI;return n===vh&&t.documentElement.namespaceURI===vh?t.createElement(e):t.createElementNS(n,e)}}function BV(e){return function(){return this.ownerDocument.createElementNS(e.space,e.local)}}function nb(e){var t=bd(e);return(t.local?BV:kV)(t)}function PV(){}function K_(e){return e==null?PV:function(){return this.querySelector(e)}}function DV(e){typeof e!="function"&&(e=K_(e));for(var t=this._groups,n=t.length,r=new Array(n),i=0;i<n;++i)for(var s=t[i],l=s.length,c=r[i]=new Array(l),u,p,f=0;f<l;++f)(u=s[f])&&(p=e.call(u,u.__data__,f,s))&&("__data__"in u&&(p.__data__=u.__data__),c[f]=p);return new qn(r,this._parents)}function MV(e){return e==null?[]:Array.isArray(e)?e:Array.from(e)}function HV(){return[]}function rb(e){return e==null?HV:function(){return this.querySelectorAll(e)}}function WV(e){return function(){return MV(e.apply(this,arguments))}}function UV(e){typeof e=="function"?e=WV(e):e=rb(e);for(var t=this._groups,n=t.length,r=[],i=[],s=0;s<n;++s)for(var l=t[s],c=l.length,u,p=0;p<c;++p)(u=l[p])&&(r.push(e.call(u,u.__data__,p,l)),i.push(u));return new qn(r,i)}function ib(e){return function(){return this.matches(e)}}function ab(e){return function(t){return t.matches(e)}}var $V=Array.prototype.find;function FV(e){return function(){return $V.call(this.children,e)}}function VV(){return this.firstElementChild}function zV(e){return this.select(e==null?VV:FV(typeof e=="function"?e:ab(e)))}var GV=Array.prototype.filter;function KV(){return Array.from(this.children)}function XV(e){return function(){return GV.call(this.children,e)}}function YV(e){return this.selectAll(e==null?KV:XV(typeof e=="function"?e:ab(e)))}function qV(e){typeof e!="function"&&(e=ib(e));for(var t=this._groups,n=t.length,r=new Array(n),i=0;i<n;++i)for(var s=t[i],l=s.length,c=r[i]=[],u,p=0;p<l;++p)(u=s[p])&&e.call(u,u.__data__,p,s)&&c.push(u);return new qn(r,this._parents)}function sb(e){return new Array(e.length)}function jV(){return new qn(this._enter||this._groups.map(sb),this._parents)}function Iu(e,t){this.ownerDocument=e.ownerDocument,this.namespaceURI=e.namespaceURI,this._next=null,this._parent=e,this.__data__=t}Iu.prototype={constructor:Iu,appendChild:function(e){return this._parent.insertBefore(e,this._next)},insertBefore:function(e,t){return this._parent.insertBefore(e,t)},querySelector:function(e){return this._parent.querySelector(e)},querySelectorAll:function(e){return this._parent.querySelectorAll(e)}};function JV(e){return function(){return e}}function QV(e,t,n,r,i,s){for(var l=0,c,u=t.length,p=s.length;l<p;++l)(c=t[l])?(c.__data__=s[l],r[l]=c):n[l]=new Iu(e,s[l]);for(;l<u;++l)(c=t[l])&&(i[l]=c)}function ZV(e,t,n,r,i,s,l){var c,u,p=new Map,f=t.length,g=s.length,S=new Array(f),L;for(c=0;c<f;++c)(u=t[c])&&(S[c]=L=l.call(u,u.__data__,c,t)+"",p.has(L)?i[c]=u:p.set(L,u));for(c=0;c<g;++c)L=l.call(e,s[c],c,s)+"",(u=p.get(L))?(r[c]=u,u.__data__=s[c],p.delete(L)):n[c]=new Iu(e,s[c]);for(c=0;c<f;++c)(u=t[c])&&p.get(S[c])===u&&(i[c]=u)}function ez(e){return e.__data__}function tz(e,t){if(!arguments.length)return Array.from(this,ez);var n=t?ZV:QV,r=this._parents,i=this._groups;typeof e!="function"&&(e=JV(e));for(var s=i.length,l=new Array(s),c=new Array(s),u=new Array(s),p=0;p<s;++p){var f=r[p],g=i[p],S=g.length,L=nz(e.call(f,f&&f.__data__,p,r)),C=L.length,N=c[p]=new Array(C),F=l[p]=new Array(C),b=u[p]=new Array(S);n(f,g,N,F,b,L,t);for(var D=0,H=0,E,B;D<C;++D)if(E=N[D]){for(D>=H&&(H=D+1);!(B=F[H])&&++H<C;);E._next=B||null}}return l=new qn(l,r),l._enter=c,l._exit=u,l}function nz(e){return typeof e=="object"&&"length"in e?e:Array.from(e)}function rz(){return new qn(this._exit||this._groups.map(sb),this._parents)}function iz(e,t,n){var r=this.enter(),i=this,s=this.exit();return typeof e=="function"?(r=e(r),r&&(r=r.selection())):r=r.append(e+""),t!=null&&(i=t(i),i&&(i=i.selection())),n==null?s.remove():n(s),r&&i?r.merge(i).order():i}function az(e){for(var t=e.selection?e.selection():e,n=this._groups,r=t._groups,i=n.length,s=r.length,l=Math.min(i,s),c=new Array(i),u=0;u<l;++u)for(var p=n[u],f=r[u],g=p.length,S=c[u]=new Array(g),L,C=0;C<g;++C)(L=p[C]||f[C])&&(S[C]=L);for(;u<i;++u)c[u]=n[u];return new qn(c,this._parents)}function sz(){for(var e=this._groups,t=-1,n=e.length;++t<n;)for(var r=e[t],i=r.length-1,s=r[i],l;--i>=0;)(l=r[i])&&(s&&l.compareDocumentPosition(s)^4&&s.parentNode.insertBefore(l,s),s=l);return this}function oz(e){e||(e=lz);function t(g,S){return g&&S?e(g.__data__,S.__data__):!g-!S}for(var n=this._groups,r=n.length,i=new Array(r),s=0;s<r;++s){for(var l=n[s],c=l.length,u=i[s]=new Array(c),p,f=0;f<c;++f)(p=l[f])&&(u[f]=p);u.sort(t)}return new qn(i,this._parents).order()}function lz(e,t){return e<t?-1:e>t?1:e>=t?0:NaN}function cz(){var e=arguments[0];return arguments[0]=this,e.apply(null,arguments),this}function uz(){return Array.from(this)}function dz(){for(var e=this._groups,t=0,n=e.length;t<n;++t)for(var r=e[t],i=0,s=r.length;i<s;++i){var l=r[i];if(l)return l}return null}function fz(){let e=0;for(const t of this)++e;return e}function pz(){return!this.node()}function hz(e){for(var t=this._groups,n=0,r=t.length;n<r;++n)for(var i=t[n],s=0,l=i.length,c;s<l;++s)(c=i[s])&&e.call(c,c.__data__,s,i);return this}function _z(e){return function(){this.removeAttribute(e)}}function mz(e){return function(){this.removeAttributeNS(e.space,e.local)}}function Ez(e,t){return function(){this.setAttribute(e,t)}}function gz(e,t){return function(){this.setAttributeNS(e.space,e.local,t)}}function vz(e,t){return function(){var n=t.apply(this,arguments);n==null?this.removeAttribute(e):this.setAttribute(e,n)}}function Tz(e,t){return function(){var n=t.apply(this,arguments);n==null?this.removeAttributeNS(e.space,e.local):this.setAttributeNS(e.space,e.local,n)}}function Sz(e,t){var n=bd(e);if(arguments.length<2){var r=this.node();return n.local?r.getAttributeNS(n.space,n.local):r.getAttribute(n)}return this.each((t==null?n.local?mz:_z:typeof t=="function"?n.local?Tz:vz:n.local?gz:Ez)(n,t))}function ob(e){return e.ownerDocument&&e.ownerDocument.defaultView||e.document&&e||e.defaultView}function Az(e){return function(){this.style.removeProperty(e)}}function bz(e,t,n){return function(){this.style.setProperty(e,t,n)}}function Rz(e,t,n){return function(){var r=t.apply(this,arguments);r==null?this.style.removeProperty(e):this.style.setProperty(e,r,n)}}function Lz(e,t,n){return arguments.length>1?this.each((t==null?Az:typeof t=="function"?Rz:bz)(e,t,n??"")):Js(this.node(),e)}function Js(e,t){return e.style.getPropertyValue(t)||ob(e).getComputedStyle(e,null).getPropertyValue(t)}function Oz(e){return function(){delete this[e]}}function yz(e,t){return function(){this[e]=t}}function Nz(e,t){return function(){var n=t.apply(this,arguments);n==null?delete this[e]:this[e]=n}}function Cz(e,t){return arguments.length>1?this.each((t==null?Oz:typeof t=="function"?Nz:yz)(e,t)):this.node()[e]}function lb(e){return e.trim().split(/^|\s+/)}function X_(e){return e.classList||new cb(e)}function cb(e){this._node=e,this._names=lb(e.getAttribute("class")||"")}cb.prototype={add:function(e){var t=this._names.indexOf(e);t<0&&(this._names.push(e),this._node.setAttribute("class",this._names.join(" ")))},remove:function(e){var t=this._names.indexOf(e);t>=0&&(this._names.splice(t,1),this._node.setAttribute("class",this._names.join(" ")))},contains:function(e){return this._names.indexOf(e)>=0}};function ub(e,t){for(var n=X_(e),r=-1,i=t.length;++r<i;)n.add(t[r])}function db(e,t){for(var n=X_(e),r=-1,i=t.length;++r<i;)n.remove(t[r])}function xz(e){return function(){ub(this,e)}}function wz(e){return function(){db(this,e)}}function Iz(e,t){return function(){(t.apply(this,arguments)?ub:db)(this,e)}}function kz(e,t){var n=lb(e+"");if(arguments.length<2){for(var r=X_(this.node()),i=-1,s=n.length;++i<s;)if(!r.contains(n[i]))return!1;return!0}return this.each((typeof t=="function"?Iz:t?xz:wz)(n,t))}function Bz(){this.textContent=""}function Pz(e){return function(){this.textContent=e}}function Dz(e){return function(){var t=e.apply(this,arguments);this.textContent=t??""}}function Mz(e){return arguments.length?this.each(e==null?Bz:(typeof e=="function"?Dz:Pz)(e)):this.node().textContent}function Hz(){this.innerHTML=""}function Wz(e){return function(){this.innerHTML=e}}function Uz(e){return function(){var t=e.apply(this,arguments);this.innerHTML=t??""}}function $z(e){return arguments.length?this.each(e==null?Hz:(typeof e=="function"?Uz:Wz)(e)):this.node().innerHTML}function Fz(){this.nextSibling&&this.parentNode.appendChild(this)}function Vz(){return this.each(Fz)}function zz(){this.previousSibling&&this.parentNode.insertBefore(this,this.parentNode.firstChild)}function Gz(){return this.each(zz)}function Kz(e){var t=typeof e=="function"?e:nb(e);return this.select(function(){return this.appendChild(t.apply(this,arguments))})}function Xz(){return null}function Yz(e,t){var n=typeof e=="function"?e:nb(e),r=t==null?Xz:typeof t=="function"?t:K_(t);return this.select(function(){return this.insertBefore(n.apply(this,arguments),r.apply(this,arguments)||null)})}function qz(){var e=this.parentNode;e&&e.removeChild(this)}function jz(){return this.each(qz)}function Jz(){var e=this.cloneNode(!1),t=this.parentNode;return t?t.insertBefore(e,this.nextSibling):e}function Qz(){var e=this.cloneNode(!0),t=this.parentNode;return t?t.insertBefore(e,this.nextSibling):e}function Zz(e){return this.select(e?Qz:Jz)}function eG(e){return arguments.length?this.property("__data__",e):this.node().__data__}function tG(e){return function(t){e.call(this,t,this.__data__)}}function nG(e){return e.trim().split(/^|\s+/).map(function(t){var n="",r=t.indexOf(".");return r>=0&&(n=t.slice(r+1),t=t.slice(0,r)),{type:t,name:n}})}function rG(e){return function(){var t=this.__on;if(t){for(var n=0,r=-1,i=t.length,s;n<i;++n)s=t[n],(!e.type||s.type===e.type)&&s.name===e.name?this.removeEventListener(s.type,s.listener,s.options):t[++r]=s;++r?t.length=r:delete this.__on}}}function iG(e,t,n){return function(){var r=this.__on,i,s=tG(t);if(r){for(var l=0,c=r.length;l<c;++l)if((i=r[l]).type===e.type&&i.name===e.name){this.removeEventListener(i.type,i.listener,i.options),this.addEventListener(i.type,i.listener=s,i.options=n),i.value=t;return}}this.addEventListener(e.type,s,n),i={type:e.type,name:e.name,value:t,listener:s,options:n},r?r.push(i):this.__on=[i]}}function aG(e,t,n){var r=nG(e+""),i,s=r.length,l;if(arguments.length<2){var c=this.node().__on;if(c){for(var u=0,p=c.length,f;u<p;++u)for(i=0,f=c[u];i<s;++i)if((l=r[i]).type===f.type&&l.name===f.name)return f.value}return}for(c=t?iG:rG,i=0;i<s;++i)this.each(c(r[i],t,n));return this}function fb(e,t,n){var r=ob(e),i=r.CustomEvent;typeof i=="function"?i=new i(t,n):(i=r.document.createEvent("Event"),n?(i.initEvent(t,n.bubbles,n.cancelable),i.detail=n.detail):i.initEvent(t,!1,!1)),e.dispatchEvent(i)}function sG(e,t){return function(){return fb(this,e,t)}}function oG(e,t){return function(){return fb(this,e,t.apply(this,arguments))}}function lG(e,t){return this.each((typeof t=="function"?oG:sG)(e,t))}function*cG(){for(var e=this._groups,t=0,n=e.length;t<n;++t)for(var r=e[t],i=0,s=r.length,l;i<s;++i)(l=r[i])&&(yield l)}var pb=[null];function qn(e,t){this._groups=e,this._parents=t}function yl(){return new qn([[document.documentElement]],pb)}function uG(){return this}qn.prototype=yl.prototype={constructor:qn,select:DV,selectAll:UV,selectChild:zV,selectChildren:YV,filter:qV,data:tz,enter:jV,exit:rz,join:iz,merge:az,selection:uG,order:sz,sort:oz,call:cz,nodes:uz,node:dz,size:fz,empty:pz,each:hz,attr:Sz,style:Lz,property:Cz,classed:kz,text:Mz,html:$z,raise:Vz,lower:Gz,append:Kz,insert:Yz,remove:jz,clone:Zz,datum:eG,on:aG,dispatch:lG,[Symbol.iterator]:cG};function Vr(e){return typeof e=="string"?new qn([[document.querySelector(e)]],[document.documentElement]):new qn([[e]],pb)}function dG(e){let t;for(;t=e.sourceEvent;)e=t;return e}function ga(e,t){if(e=dG(e),t===void 0&&(t=e.currentTarget),t){var n=t.ownerSVGElement||t;if(n.createSVGPoint){var r=n.createSVGPoint();return r.x=e.clientX,r.y=e.clientY,r=r.matrixTransform(t.getScreenCTM().inverse()),[r.x,r.y]}if(t.getBoundingClientRect){var i=t.getBoundingClientRect();return[e.clientX-i.left-t.clientLeft,e.clientY-i.top-t.clientTop]}}return[e.pageX,e.pageY]}const Th={capture:!0,passive:!1};function Sh(e){e.preventDefault(),e.stopImmediatePropagation()}function fG(e){var t=e.document.documentElement,n=Vr(e).on("dragstart.drag",Sh,Th);"onselectstart"in t?n.on("selectstart.drag",Sh,Th):(t.__noselect=t.style.MozUserSelect,t.style.MozUserSelect="none")}function pG(e,t){var n=e.document.documentElement,r=Vr(e).on("dragstart.drag",null);t&&(r.on("click.drag",Sh,Th),setTimeout(function(){r.on("click.drag",null)},0)),"onselectstart"in n?r.on("selectstart.drag",null):(n.style.MozUserSelect=n.__noselect,delete n.__noselect)}function Y_(e,t,n){e.prototype=t.prototype=n,n.constructor=e}function hb(e,t){var n=Object.create(e.prototype);for(var r in t)n[r]=t[r];return n}function Nl(){}var pl=.7,ku=1/pl,ws="\\s*([+-]?\\d+)\\s*",hl="\\s*([+-]?(?:\\d*\\.)?\\d+(?:[eE][+-]?\\d+)?)\\s*",Yr="\\s*([+-]?(?:\\d*\\.)?\\d+(?:[eE][+-]?\\d+)?)%\\s*",hG=/^#([0-9a-f]{3,8})$/,_G=new RegExp(`^rgb\\(${ws},${ws},${ws}\\)$`),mG=new RegExp(`^rgb\\(${Yr},${Yr},${Yr}\\)$`),EG=new RegExp(`^rgba\\(${ws},${ws},${ws},${hl}\\)$`),gG=new RegExp(`^rgba\\(${Yr},${Yr},${Yr},${hl}\\)$`),vG=new RegExp(`^hsl\\(${hl},${Yr},${Yr}\\)$`),TG=new RegExp(`^hsla\\(${hl},${Yr},${Yr},${hl}\\)$`),sv={aliceblue:15792383,antiquewhite:16444375,aqua:65535,aquamarine:8388564,azure:15794175,beige:16119260,bisque:16770244,black:0,blanchedalmond:16772045,blue:255,blueviolet:9055202,brown:10824234,burlywood:14596231,cadetblue:6266528,chartreuse:8388352,chocolate:13789470,coral:16744272,cornflowerblue:6591981,cornsilk:16775388,crimson:14423100,cyan:65535,darkblue:139,darkcyan:35723,darkgoldenrod:12092939,darkgray:11119017,darkgreen:25600,darkgrey:11119017,darkkhaki:12433259,darkmagenta:9109643,darkolivegreen:5597999,darkorange:16747520,darkorchid:10040012,darkred:9109504,darksalmon:15308410,darkseagreen:9419919,darkslateblue:4734347,darkslategray:3100495,darkslategrey:3100495,darkturquoise:52945,darkviolet:9699539,deeppink:16716947,deepskyblue:49151,dimgray:6908265,dimgrey:6908265,dodgerblue:2003199,firebrick:11674146,floralwhite:16775920,forestgreen:2263842,fuchsia:16711935,gainsboro:14474460,ghostwhite:16316671,gold:16766720,goldenrod:14329120,gray:8421504,green:32768,greenyellow:11403055,grey:8421504,honeydew:15794160,hotpink:16738740,indianred:13458524,indigo:4915330,ivory:16777200,khaki:15787660,lavender:15132410,lavenderblush:16773365,lawngreen:8190976,lemonchiffon:16775885,lightblue:11393254,lightcoral:15761536,lightcyan:14745599,lightgoldenrodyellow:16448210,lightgray:13882323,lightgreen:9498256,lightgrey:13882323,lightpink:16758465,lightsalmon:16752762,lightseagreen:2142890,lightskyblue:8900346,lightslategray:7833753,lightslategrey:7833753,lightsteelblue:11584734,lightyellow:16777184,lime:65280,limegreen:3329330,linen:16445670,magenta:16711935,maroon:8388608,mediumaquamarine:6737322,mediumblue:205,mediumorchid:12211667,mediumpurple:9662683,mediumseagreen:3978097,mediumslateblue:8087790,mediumspringgreen:64154,mediumturquoise:4772300,mediumvioletred:13047173,midnightblue:1644912,mintcream:16121850,mistyrose:16770273,moccasin:16770229,navajowhite:16768685,navy:128,oldlace:16643558,olive:8421376,olivedrab:7048739,orange:16753920,orangered:16729344,orchid:14315734,palegoldenrod:15657130,palegreen:10025880,paleturquoise:11529966,palevioletred:14381203,papayawhip:16773077,peachpuff:16767673,peru:13468991,pink:16761035,plum:14524637,powderblue:11591910,purple:8388736,rebeccapurple:6697881,red:16711680,rosybrown:12357519,royalblue:4286945,saddlebrown:9127187,salmon:16416882,sandybrown:16032864,seagreen:3050327,seashell:16774638,sienna:10506797,silver:12632256,skyblue:8900331,slateblue:6970061,slategray:7372944,slategrey:7372944,snow:16775930,springgreen:65407,steelblue:4620980,tan:13808780,teal:32896,thistle:14204888,tomato:16737095,turquoise:4251856,violet:15631086,wheat:16113331,white:16777215,whitesmoke:16119285,yellow:16776960,yellowgreen:10145074};Y_(Nl,Xa,{copy(e){return Object.assign(new this.constructor,this,e)},displayable(){return this.rgb().displayable()},hex:ov,formatHex:ov,formatHex8:SG,formatHsl:AG,formatRgb:lv,toString:lv});function ov(){return this.rgb().formatHex()}function SG(){return this.rgb().formatHex8()}function AG(){return _b(this).formatHsl()}function lv(){return this.rgb().formatRgb()}function Xa(e){var t,n;return e=(e+"").trim().toLowerCase(),(t=hG.exec(e))?(n=t[1].length,t=parseInt(t[1],16),n===6?cv(t):n===3?new Bn(t>>8&15|t>>4&240,t>>4&15|t&240,(t&15)<<4|t&15,1):n===8?zc(t>>24&255,t>>16&255,t>>8&255,(t&255)/255):n===4?zc(t>>12&15|t>>8&240,t>>8&15|t>>4&240,t>>4&15|t&240,((t&15)<<4|t&15)/255):null):(t=_G.exec(e))?new Bn(t[1],t[2],t[3],1):(t=mG.exec(e))?new Bn(t[1]*255/100,t[2]*255/100,t[3]*255/100,1):(t=EG.exec(e))?zc(t[1],t[2],t[3],t[4]):(t=gG.exec(e))?zc(t[1]*255/100,t[2]*255/100,t[3]*255/100,t[4]):(t=vG.exec(e))?fv(t[1],t[2]/100,t[3]/100,1):(t=TG.exec(e))?fv(t[1],t[2]/100,t[3]/100,t[4]):sv.hasOwnProperty(e)?cv(sv[e]):e==="transparent"?new Bn(NaN,NaN,NaN,0):null}function cv(e){return new Bn(e>>16&255,e>>8&255,e&255,1)}function zc(e,t,n,r){return r<=0&&(e=t=n=NaN),new Bn(e,t,n,r)}function bG(e){return e instanceof Nl||(e=Xa(e)),e?(e=e.rgb(),new Bn(e.r,e.g,e.b,e.opacity)):new Bn}function Ah(e,t,n,r){return arguments.length===1?bG(e):new Bn(e,t,n,r??1)}function Bn(e,t,n,r){this.r=+e,this.g=+t,this.b=+n,this.opacity=+r}Y_(Bn,Ah,hb(Nl,{brighter(e){return e=e==null?ku:Math.pow(ku,e),new Bn(this.r*e,this.g*e,this.b*e,this.opacity)},darker(e){return e=e==null?pl:Math.pow(pl,e),new Bn(this.r*e,this.g*e,this.b*e,this.opacity)},rgb(){return this},clamp(){return new Bn(Ua(this.r),Ua(this.g),Ua(this.b),Bu(this.opacity))},displayable(){return-.5<=this.r&&this.r<255.5&&-.5<=this.g&&this.g<255.5&&-.5<=this.b&&this.b<255.5&&0<=this.opacity&&this.opacity<=1},hex:uv,formatHex:uv,formatHex8:RG,formatRgb:dv,toString:dv}));function uv(){return`#${ka(this.r)}${ka(this.g)}${ka(this.b)}`}function RG(){return`#${ka(this.r)}${ka(this.g)}${ka(this.b)}${ka((isNaN(this.opacity)?1:this.opacity)*255)}`}function dv(){const e=Bu(this.opacity);return`${e===1?"rgb(":"rgba("}${Ua(this.r)}, ${Ua(this.g)}, ${Ua(this.b)}${e===1?")":`, ${e})`}`}function Bu(e){return isNaN(e)?1:Math.max(0,Math.min(1,e))}function Ua(e){return Math.max(0,Math.min(255,Math.round(e)||0))}function ka(e){return e=Ua(e),(e<16?"0":"")+e.toString(16)}function fv(e,t,n,r){return r<=0?e=t=n=NaN:n<=0||n>=1?e=t=NaN:t<=0&&(e=NaN),new br(e,t,n,r)}function _b(e){if(e instanceof br)return new br(e.h,e.s,e.l,e.opacity);if(e instanceof Nl||(e=Xa(e)),!e)return new br;if(e instanceof br)return e;e=e.rgb();var t=e.r/255,n=e.g/255,r=e.b/255,i=Math.min(t,n,r),s=Math.max(t,n,r),l=NaN,c=s-i,u=(s+i)/2;return c?(t===s?l=(n-r)/c+(n<r)*6:n===s?l=(r-t)/c+2:l=(t-n)/c+4,c/=u<.5?s+i:2-s-i,l*=60):c=u>0&&u<1?0:l,new br(l,c,u,e.opacity)}function LG(e,t,n,r){return arguments.length===1?_b(e):new br(e,t,n,r??1)}function br(e,t,n,r){this.h=+e,this.s=+t,this.l=+n,this.opacity=+r}Y_(br,LG,hb(Nl,{brighter(e){return e=e==null?ku:Math.pow(ku,e),new br(this.h,this.s,this.l*e,this.opacity)},darker(e){return e=e==null?pl:Math.pow(pl,e),new br(this.h,this.s,this.l*e,this.opacity)},rgb(){var e=this.h%360+(this.h<0)*360,t=isNaN(e)||isNaN(this.s)?0:this.s,n=this.l,r=n+(n<.5?n:1-n)*t,i=2*n-r;return new Bn(Rp(e>=240?e-240:e+120,i,r),Rp(e,i,r),Rp(e<120?e+240:e-120,i,r),this.opacity)},clamp(){return new br(pv(this.h),Gc(this.s),Gc(this.l),Bu(this.opacity))},displayable(){return(0<=this.s&&this.s<=1||isNaN(this.s))&&0<=this.l&&this.l<=1&&0<=this.opacity&&this.opacity<=1},formatHsl(){const e=Bu(this.opacity);return`${e===1?"hsl(":"hsla("}${pv(this.h)}, ${Gc(this.s)*100}%, ${Gc(this.l)*100}%${e===1?")":`, ${e})`}`}}));function pv(e){return e=(e||0)%360,e<0?e+360:e}function Gc(e){return Math.max(0,Math.min(1,e||0))}function Rp(e,t,n){return(e<60?t+(n-t)*e/60:e<180?n:e<240?t+(n-t)*(240-e)/60:t)*255}const q_=e=>()=>e;function OG(e,t){return function(n){return e+n*t}}function yG(e,t,n){return e=Math.pow(e,n),t=Math.pow(t,n)-e,n=1/n,function(r){return Math.pow(e+r*t,n)}}function NG(e){return(e=+e)==1?mb:function(t,n){return n-t?yG(t,n,e):q_(isNaN(t)?n:t)}}function mb(e,t){var n=t-e;return n?OG(e,n):q_(isNaN(e)?t:e)}const Pu=function e(t){var n=NG(t);function r(i,s){var l=n((i=Ah(i)).r,(s=Ah(s)).r),c=n(i.g,s.g),u=n(i.b,s.b),p=mb(i.opacity,s.opacity);return function(f){return i.r=l(f),i.g=c(f),i.b=u(f),i.opacity=p(f),i+""}}return r.gamma=e,r}(1);function CG(e,t){t||(t=[]);var n=e?Math.min(t.length,e.length):0,r=t.slice(),i;return function(s){for(i=0;i<n;++i)r[i]=e[i]*(1-s)+t[i]*s;return r}}function xG(e){return ArrayBuffer.isView(e)&&!(e instanceof DataView)}function wG(e,t){var n=t?t.length:0,r=e?Math.min(n,e.length):0,i=new Array(r),s=new Array(n),l;for(l=0;l<r;++l)i[l]=j_(e[l],t[l]);for(;l<n;++l)s[l]=t[l];return function(c){for(l=0;l<r;++l)s[l]=i[l](c);return s}}function IG(e,t){var n=new Date;return e=+e,t=+t,function(r){return n.setTime(e*(1-r)+t*r),n}}function Tr(e,t){return e=+e,t=+t,function(n){return e*(1-n)+t*n}}function kG(e,t){var n={},r={},i;(e===null||typeof e!="object")&&(e={}),(t===null||typeof t!="object")&&(t={});for(i in t)i in e?n[i]=j_(e[i],t[i]):r[i]=t[i];return function(s){for(i in n)r[i]=n[i](s);return r}}var bh=/[-+]?(?:\d+\.?\d*|\.?\d+)(?:[eE][-+]?\d+)?/g,Lp=new RegExp(bh.source,"g");function BG(e){return function(){return e}}function PG(e){return function(t){return e(t)+""}}function Eb(e,t){var n=bh.lastIndex=Lp.lastIndex=0,r,i,s,l=-1,c=[],u=[];for(e=e+"",t=t+"";(r=bh.exec(e))&&(i=Lp.exec(t));)(s=i.index)>n&&(s=t.slice(n,s),c[l]?c[l]+=s:c[++l]=s),(r=r[0])===(i=i[0])?c[l]?c[l]+=i:c[++l]=i:(c[++l]=null,u.push({i:l,x:Tr(r,i)})),n=Lp.lastIndex;return n<t.length&&(s=t.slice(n),c[l]?c[l]+=s:c[++l]=s),c.length<2?u[0]?PG(u[0].x):BG(t):(t=u.length,function(p){for(var f=0,g;f<t;++f)c[(g=u[f]).i]=g.x(p);return c.join("")})}function j_(e,t){var n=typeof t,r;return t==null||n==="boolean"?q_(t):(n==="number"?Tr:n==="string"?(r=Xa(t))?(t=r,Pu):Eb:t instanceof Xa?Pu:t instanceof Date?IG:xG(t)?CG:Array.isArray(t)?wG:typeof t.valueOf!="function"&&typeof t.toString!="function"||isNaN(t)?kG:Tr)(e,t)}function DG(e,t){return e=+e,t=+t,function(n){return Math.round(e*(1-n)+t*n)}}var hv=180/Math.PI,Rh={translateX:0,translateY:0,rotate:0,skewX:0,scaleX:1,scaleY:1};function gb(e,t,n,r,i,s){var l,c,u;return(l=Math.sqrt(e*e+t*t))&&(e/=l,t/=l),(u=e*n+t*r)&&(n-=e*u,r-=t*u),(c=Math.sqrt(n*n+r*r))&&(n/=c,r/=c,u/=c),e*r<t*n&&(e=-e,t=-t,u=-u,l=-l),{translateX:i,translateY:s,rotate:Math.atan2(t,e)*hv,skewX:Math.atan(u)*hv,scaleX:l,scaleY:c}}var Kc;function MG(e){const t=new(typeof DOMMatrix=="function"?DOMMatrix:WebKitCSSMatrix)(e+"");return t.isIdentity?Rh:gb(t.a,t.b,t.c,t.d,t.e,t.f)}function HG(e){return e==null||(Kc||(Kc=document.createElementNS("http://www.w3.org/2000/svg","g")),Kc.setAttribute("transform",e),!(e=Kc.transform.baseVal.consolidate()))?Rh:(e=e.matrix,gb(e.a,e.b,e.c,e.d,e.e,e.f))}function vb(e,t,n,r){function i(p){return p.length?p.pop()+" ":""}function s(p,f,g,S,L,C){if(p!==g||f!==S){var N=L.push("translate(",null,t,null,n);C.push({i:N-4,x:Tr(p,g)},{i:N-2,x:Tr(f,S)})}else(g||S)&&L.push("translate("+g+t+S+n)}function l(p,f,g,S){p!==f?(p-f>180?f+=360:f-p>180&&(p+=360),S.push({i:g.push(i(g)+"rotate(",null,r)-2,x:Tr(p,f)})):f&&g.push(i(g)+"rotate("+f+r)}function c(p,f,g,S){p!==f?S.push({i:g.push(i(g)+"skewX(",null,r)-2,x:Tr(p,f)}):f&&g.push(i(g)+"skewX("+f+r)}function u(p,f,g,S,L,C){if(p!==g||f!==S){var N=L.push(i(L)+"scale(",null,",",null,")");C.push({i:N-4,x:Tr(p,g)},{i:N-2,x:Tr(f,S)})}else(g!==1||S!==1)&&L.push(i(L)+"scale("+g+","+S+")")}return function(p,f){var g=[],S=[];return p=e(p),f=e(f),s(p.translateX,p.translateY,f.translateX,f.translateY,g,S),l(p.rotate,f.rotate,g,S),c(p.skewX,f.skewX,g,S),u(p.scaleX,p.scaleY,f.scaleX,f.scaleY,g,S),p=f=null,function(L){for(var C=-1,N=S.length,F;++C<N;)g[(F=S[C]).i]=F.x(L);return g.join("")}}}var WG=vb(MG,"px, ","px)","deg)"),UG=vb(HG,", ",")",")"),$G=1e-12;function _v(e){return((e=Math.exp(e))+1/e)/2}function FG(e){return((e=Math.exp(e))-1/e)/2}function VG(e){return((e=Math.exp(2*e))-1)/(e+1)}const zG=function e(t,n,r){function i(s,l){var c=s[0],u=s[1],p=s[2],f=l[0],g=l[1],S=l[2],L=f-c,C=g-u,N=L*L+C*C,F,b;if(N<$G)b=Math.log(S/p)/t,F=function(V){return[c+V*L,u+V*C,p*Math.exp(t*V*b)]};else{var D=Math.sqrt(N),H=(S*S-p*p+r*N)/(2*p*n*D),E=(S*S-p*p-r*N)/(2*S*n*D),B=Math.log(Math.sqrt(H*H+1)-H),x=Math.log(Math.sqrt(E*E+1)-E);b=(x-B)/t,F=function(V){var W=V*b,R=_v(B),le=p/(n*D)*(R*VG(t*W+B)-FG(B));return[c+le*L,u+le*C,p*R/_v(t*W+B)]}}return F.duration=b*1e3*t/Math.SQRT2,F}return i.rho=function(s){var l=Math.max(.001,+s),c=l*l,u=c*c;return e(l,c,u)},i}(Math.SQRT2,2,4);var Qs=0,Do=0,wo=0,Tb=1e3,Du,Mo,Mu=0,Ya=0,Rd=0,_l=typeof performance=="object"&&performance.now?performance:Date,Sb=typeof window=="object"&&window.requestAnimationFrame?window.requestAnimationFrame.bind(window):function(e){setTimeout(e,17)};function J_(){return Ya||(Sb(GG),Ya=_l.now()+Rd)}function GG(){Ya=0}function Hu(){this._call=this._time=this._next=null}Hu.prototype=Ab.prototype={constructor:Hu,restart:function(e,t,n){if(typeof e!="function")throw new TypeError("callback is not a function");n=(n==null?J_():+n)+(t==null?0:+t),!this._next&&Mo!==this&&(Mo?Mo._next=this:Du=this,Mo=this),this._call=e,this._time=n,Lh()},stop:function(){this._call&&(this._call=null,this._time=1/0,Lh())}};function Ab(e,t,n){var r=new Hu;return r.restart(e,t,n),r}function KG(){J_(),++Qs;for(var e=Du,t;e;)(t=Ya-e._time)>=0&&e._call.call(void 0,t),e=e._next;--Qs}function mv(){Ya=(Mu=_l.now())+Rd,Qs=Do=0;try{KG()}finally{Qs=0,YG(),Ya=0}}function XG(){var e=_l.now(),t=e-Mu;t>Tb&&(Rd-=t,Mu=e)}function YG(){for(var e,t=Du,n,r=1/0;t;)t._call?(r>t._time&&(r=t._time),e=t,t=t._next):(n=t._next,t._next=null,t=e?e._next=n:Du=n);Mo=e,Lh(r)}function Lh(e){if(!Qs){Do&&(Do=clearTimeout(Do));var t=e-Ya;t>24?(e<1/0&&(Do=setTimeout(mv,e-_l.now()-Rd)),wo&&(wo=clearInterval(wo))):(wo||(Mu=_l.now(),wo=setInterval(XG,Tb)),Qs=1,Sb(mv))}}function Ev(e,t,n){var r=new Hu;return t=t==null?0:+t,r.restart(i=>{r.stop(),e(i+t)},t,n),r}var qG=G_("start","end","cancel","interrupt"),jG=[],bb=0,gv=1,Oh=2,lu=3,vv=4,yh=5,cu=6;function Ld(e,t,n,r,i,s){var l=e.__transition;if(!l)e.__transition={};else if(n in l)return;JG(e,n,{name:t,index:r,group:i,on:qG,tween:jG,time:s.time,delay:s.delay,duration:s.duration,ease:s.ease,timer:null,state:bb})}function Q_(e,t){var n=kr(e,t);if(n.state>bb)throw new Error("too late; already scheduled");return n}function Zr(e,t){var n=kr(e,t);if(n.state>lu)throw new Error("too late; already running");return n}function kr(e,t){var n=e.__transition;if(!n||!(n=n[t]))throw new Error("transition not found");return n}function JG(e,t,n){var r=e.__transition,i;r[t]=n,n.timer=Ab(s,0,n.time);function s(p){n.state=gv,n.timer.restart(l,n.delay,n.time),n.delay<=p&&l(p-n.delay)}function l(p){var f,g,S,L;if(n.state!==gv)return u();for(f in r)if(L=r[f],L.name===n.name){if(L.state===lu)return Ev(l);L.state===vv?(L.state=cu,L.timer.stop(),L.on.call("interrupt",e,e.__data__,L.index,L.group),delete r[f]):+f<t&&(L.state=cu,L.timer.stop(),L.on.call("cancel",e,e.__data__,L.index,L.group),delete r[f])}if(Ev(function(){n.state===lu&&(n.state=vv,n.timer.restart(c,n.delay,n.time),c(p))}),n.state=Oh,n.on.call("start",e,e.__data__,n.index,n.group),n.state===Oh){for(n.state=lu,i=new Array(S=n.tween.length),f=0,g=-1;f<S;++f)(L=n.tween[f].value.call(e,e.__data__,n.index,n.group))&&(i[++g]=L);i.length=g+1}}function c(p){for(var f=p<n.duration?n.ease.call(null,p/n.duration):(n.timer.restart(u),n.state=yh,1),g=-1,S=i.length;++g<S;)i[g].call(e,f);n.state===yh&&(n.on.call("end",e,e.__data__,n.index,n.group),u())}function u(){n.state=cu,n.timer.stop(),delete r[t];for(var p in r)return;delete e.__transition}}function uu(e,t){var n=e.__transition,r,i,s=!0,l;if(n){t=t==null?null:t+"";for(l in n){if((r=n[l]).name!==t){s=!1;continue}i=r.state>Oh&&r.state<yh,r.state=cu,r.timer.stop(),r.on.call(i?"interrupt":"cancel",e,e.__data__,r.index,r.group),delete n[l]}s&&delete e.__transition}}function QG(e){return this.each(function(){uu(this,e)})}function ZG(e,t){var n,r;return function(){var i=Zr(this,e),s=i.tween;if(s!==n){r=n=s;for(var l=0,c=r.length;l<c;++l)if(r[l].name===t){r=r.slice(),r.splice(l,1);break}}i.tween=r}}function eK(e,t,n){var r,i;if(typeof n!="function")throw new Error;return function(){var s=Zr(this,e),l=s.tween;if(l!==r){i=(r=l).slice();for(var c={name:t,value:n},u=0,p=i.length;u<p;++u)if(i[u].name===t){i[u]=c;break}u===p&&i.push(c)}s.tween=i}}function tK(e,t){var n=this._id;if(e+="",arguments.length<2){for(var r=kr(this.node(),n).tween,i=0,s=r.length,l;i<s;++i)if((l=r[i]).name===e)return l.value;return null}return this.each((t==null?ZG:eK)(n,e,t))}function Z_(e,t,n){var r=e._id;return e.each(function(){var i=Zr(this,r);(i.value||(i.value={}))[t]=n.apply(this,arguments)}),function(i){return kr(i,r).value[t]}}function Rb(e,t){var n;return(typeof t=="number"?Tr:t instanceof Xa?Pu:(n=Xa(t))?(t=n,Pu):Eb)(e,t)}function nK(e){return function(){this.removeAttribute(e)}}function rK(e){return function(){this.removeAttributeNS(e.space,e.local)}}function iK(e,t,n){var r,i=n+"",s;return function(){var l=this.getAttribute(e);return l===i?null:l===r?s:s=t(r=l,n)}}function aK(e,t,n){var r,i=n+"",s;return function(){var l=this.getAttributeNS(e.space,e.local);return l===i?null:l===r?s:s=t(r=l,n)}}function sK(e,t,n){var r,i,s;return function(){var l,c=n(this),u;return c==null?void this.removeAttribute(e):(l=this.getAttribute(e),u=c+"",l===u?null:l===r&&u===i?s:(i=u,s=t(r=l,c)))}}function oK(e,t,n){var r,i,s;return function(){var l,c=n(this),u;return c==null?void this.removeAttributeNS(e.space,e.local):(l=this.getAttributeNS(e.space,e.local),u=c+"",l===u?null:l===r&&u===i?s:(i=u,s=t(r=l,c)))}}function lK(e,t){var n=bd(e),r=n==="transform"?UG:Rb;return this.attrTween(e,typeof t=="function"?(n.local?oK:sK)(n,r,Z_(this,"attr."+e,t)):t==null?(n.local?rK:nK)(n):(n.local?aK:iK)(n,r,t))}function cK(e,t){return function(n){this.setAttribute(e,t.call(this,n))}}function uK(e,t){return function(n){this.setAttributeNS(e.space,e.local,t.call(this,n))}}function dK(e,t){var n,r;function i(){var s=t.apply(this,arguments);return s!==r&&(n=(r=s)&&uK(e,s)),n}return i._value=t,i}function fK(e,t){var n,r;function i(){var s=t.apply(this,arguments);return s!==r&&(n=(r=s)&&cK(e,s)),n}return i._value=t,i}function pK(e,t){var n="attr."+e;if(arguments.length<2)return(n=this.tween(n))&&n._value;if(t==null)return this.tween(n,null);if(typeof t!="function")throw new Error;var r=bd(e);return this.tween(n,(r.local?dK:fK)(r,t))}function hK(e,t){return function(){Q_(this,e).delay=+t.apply(this,arguments)}}function _K(e,t){return t=+t,function(){Q_(this,e).delay=t}}function mK(e){var t=this._id;return arguments.length?this.each((typeof e=="function"?hK:_K)(t,e)):kr(this.node(),t).delay}function EK(e,t){return function(){Zr(this,e).duration=+t.apply(this,arguments)}}function gK(e,t){return t=+t,function(){Zr(this,e).duration=t}}function vK(e){var t=this._id;return arguments.length?this.each((typeof e=="function"?EK:gK)(t,e)):kr(this.node(),t).duration}function TK(e,t){if(typeof t!="function")throw new Error;return function(){Zr(this,e).ease=t}}function SK(e){var t=this._id;return arguments.length?this.each(TK(t,e)):kr(this.node(),t).ease}function AK(e,t){return function(){var n=t.apply(this,arguments);if(typeof n!="function")throw new Error;Zr(this,e).ease=n}}function bK(e){if(typeof e!="function")throw new Error;return this.each(AK(this._id,e))}function RK(e){typeof e!="function"&&(e=ib(e));for(var t=this._groups,n=t.length,r=new Array(n),i=0;i<n;++i)for(var s=t[i],l=s.length,c=r[i]=[],u,p=0;p<l;++p)(u=s[p])&&e.call(u,u.__data__,p,s)&&c.push(u);return new Ri(r,this._parents,this._name,this._id)}function LK(e){if(e._id!==this._id)throw new Error;for(var t=this._groups,n=e._groups,r=t.length,i=n.length,s=Math.min(r,i),l=new Array(r),c=0;c<s;++c)for(var u=t[c],p=n[c],f=u.length,g=l[c]=new Array(f),S,L=0;L<f;++L)(S=u[L]||p[L])&&(g[L]=S);for(;c<r;++c)l[c]=t[c];return new Ri(l,this._parents,this._name,this._id)}function OK(e){return(e+"").trim().split(/^|\s+/).every(function(t){var n=t.indexOf(".");return n>=0&&(t=t.slice(0,n)),!t||t==="start"})}function yK(e,t,n){var r,i,s=OK(t)?Q_:Zr;return function(){var l=s(this,e),c=l.on;c!==r&&(i=(r=c).copy()).on(t,n),l.on=i}}function NK(e,t){var n=this._id;return arguments.length<2?kr(this.node(),n).on.on(e):this.each(yK(n,e,t))}function CK(e){return function(){var t=this.parentNode;for(var n in this.__transition)if(+n!==e)return;t&&t.removeChild(this)}}function xK(){return this.on("end.remove",CK(this._id))}function wK(e){var t=this._name,n=this._id;typeof e!="function"&&(e=K_(e));for(var r=this._groups,i=r.length,s=new Array(i),l=0;l<i;++l)for(var c=r[l],u=c.length,p=s[l]=new Array(u),f,g,S=0;S<u;++S)(f=c[S])&&(g=e.call(f,f.__data__,S,c))&&("__data__"in f&&(g.__data__=f.__data__),p[S]=g,Ld(p[S],t,n,S,p,kr(f,n)));return new Ri(s,this._parents,t,n)}function IK(e){var t=this._name,n=this._id;typeof e!="function"&&(e=rb(e));for(var r=this._groups,i=r.length,s=[],l=[],c=0;c<i;++c)for(var u=r[c],p=u.length,f,g=0;g<p;++g)if(f=u[g]){for(var S=e.call(f,f.__data__,g,u),L,C=kr(f,n),N=0,F=S.length;N<F;++N)(L=S[N])&&Ld(L,t,n,N,S,C);s.push(S),l.push(f)}return new Ri(s,l,t,n)}var kK=yl.prototype.constructor;function BK(){return new kK(this._groups,this._parents)}function PK(e,t){var n,r,i;return function(){var s=Js(this,e),l=(this.style.removeProperty(e),Js(this,e));return s===l?null:s===n&&l===r?i:i=t(n=s,r=l)}}function Lb(e){return function(){this.style.removeProperty(e)}}function DK(e,t,n){var r,i=n+"",s;return function(){var l=Js(this,e);return l===i?null:l===r?s:s=t(r=l,n)}}function MK(e,t,n){var r,i,s;return function(){var l=Js(this,e),c=n(this),u=c+"";return c==null&&(u=c=(this.style.removeProperty(e),Js(this,e))),l===u?null:l===r&&u===i?s:(i=u,s=t(r=l,c))}}function HK(e,t){var n,r,i,s="style."+t,l="end."+s,c;return function(){var u=Zr(this,e),p=u.on,f=u.value[s]==null?c||(c=Lb(t)):void 0;(p!==n||i!==f)&&(r=(n=p).copy()).on(l,i=f),u.on=r}}function WK(e,t,n){var r=(e+="")=="transform"?WG:Rb;return t==null?this.styleTween(e,PK(e,r)).on("end.style."+e,Lb(e)):typeof t=="function"?this.styleTween(e,MK(e,r,Z_(this,"style."+e,t))).each(HK(this._id,e)):this.styleTween(e,DK(e,r,t),n).on("end.style."+e,null)}function UK(e,t,n){return function(r){this.style.setProperty(e,t.call(this,r),n)}}function $K(e,t,n){var r,i;function s(){var l=t.apply(this,arguments);return l!==i&&(r=(i=l)&&UK(e,l,n)),r}return s._value=t,s}function FK(e,t,n){var r="style."+(e+="");if(arguments.length<2)return(r=this.tween(r))&&r._value;if(t==null)return this.tween(r,null);if(typeof t!="function")throw new Error;return this.tween(r,$K(e,t,n??""))}function VK(e){return function(){this.textContent=e}}function zK(e){return function(){var t=e(this);this.textContent=t??""}}function GK(e){return this.tween("text",typeof e=="function"?zK(Z_(this,"text",e)):VK(e==null?"":e+""))}function KK(e){return function(t){this.textContent=e.call(this,t)}}function XK(e){var t,n;function r(){var i=e.apply(this,arguments);return i!==n&&(t=(n=i)&&KK(i)),t}return r._value=e,r}function YK(e){var t="text";if(arguments.length<1)return(t=this.tween(t))&&t._value;if(e==null)return this.tween(t,null);if(typeof e!="function")throw new Error;return this.tween(t,XK(e))}function qK(){for(var e=this._name,t=this._id,n=Ob(),r=this._groups,i=r.length,s=0;s<i;++s)for(var l=r[s],c=l.length,u,p=0;p<c;++p)if(u=l[p]){var f=kr(u,t);Ld(u,e,n,p,l,{time:f.time+f.delay+f.duration,delay:0,duration:f.duration,ease:f.ease})}return new Ri(r,this._parents,e,n)}function jK(){var e,t,n=this,r=n._id,i=n.size();return new Promise(function(s,l){var c={value:l},u={value:function(){--i===0&&s()}};n.each(function(){var p=Zr(this,r),f=p.on;f!==e&&(t=(e=f).copy(),t._.cancel.push(c),t._.interrupt.push(c),t._.end.push(u)),p.on=t}),i===0&&s()})}var JK=0;function Ri(e,t,n,r){this._groups=e,this._parents=t,this._name=n,this._id=r}function Ob(){return++JK}var fi=yl.prototype;Ri.prototype={constructor:Ri,select:wK,selectAll:IK,selectChild:fi.selectChild,selectChildren:fi.selectChildren,filter:RK,merge:LK,selection:BK,transition:qK,call:fi.call,nodes:fi.nodes,node:fi.node,size:fi.size,empty:fi.empty,each:fi.each,on:NK,attr:lK,attrTween:pK,style:WK,styleTween:FK,text:GK,textTween:YK,remove:xK,tween:tK,delay:mK,duration:vK,ease:SK,easeVarying:bK,end:jK,[Symbol.iterator]:fi[Symbol.iterator]};function QK(e){return((e*=2)<=1?e*e*e:(e-=2)*e*e+2)/2}var ZK={time:null,delay:0,duration:250,ease:QK};function eX(e,t){for(var n;!(n=e.__transition)||!(n=n[t]);)if(!(e=e.parentNode))throw new Error(`transition ${t} not found`);return n}function tX(e){var t,n;e instanceof Ri?(t=e._id,e=e._name):(t=Ob(),(n=ZK).time=J_(),e=e==null?null:e+"");for(var r=this._groups,i=r.length,s=0;s<i;++s)for(var l=r[s],c=l.length,u,p=0;p<c;++p)(u=l[p])&&Ld(u,e,t,p,l,n||eX(u,t));return new Ri(r,this._parents,e,t)}yl.prototype.interrupt=QG;yl.prototype.transition=tX;const Nh=Math.PI,Ch=2*Nh,ba=1e-6,nX=Ch-ba;function xh(){this._x0=this._y0=this._x1=this._y1=null,this._=""}function yb(){return new xh}xh.prototype=yb.prototype={constructor:xh,moveTo:function(e,t){this._+="M"+(this._x0=this._x1=+e)+","+(this._y0=this._y1=+t)},closePath:function(){this._x1!==null&&(this._x1=this._x0,this._y1=this._y0,this._+="Z")},lineTo:function(e,t){this._+="L"+(this._x1=+e)+","+(this._y1=+t)},quadraticCurveTo:function(e,t,n,r){this._+="Q"+ +e+","+ +t+","+(this._x1=+n)+","+(this._y1=+r)},bezierCurveTo:function(e,t,n,r,i,s){this._+="C"+ +e+","+ +t+","+ +n+","+ +r+","+(this._x1=+i)+","+(this._y1=+s)},arcTo:function(e,t,n,r,i){e=+e,t=+t,n=+n,r=+r,i=+i;var s=this._x1,l=this._y1,c=n-e,u=r-t,p=s-e,f=l-t,g=p*p+f*f;if(i<0)throw new Error("negative radius: "+i);if(this._x1===null)this._+="M"+(this._x1=e)+","+(this._y1=t);else if(g>ba)if(!(Math.abs(f*c-u*p)>ba)||!i)this._+="L"+(this._x1=e)+","+(this._y1=t);else{var S=n-s,L=r-l,C=c*c+u*u,N=S*S+L*L,F=Math.sqrt(C),b=Math.sqrt(g),D=i*Math.tan((Nh-Math.acos((C+g-N)/(2*F*b)))/2),H=D/b,E=D/F;Math.abs(H-1)>ba&&(this._+="L"+(e+H*p)+","+(t+H*f)),this._+="A"+i+","+i+",0,0,"+ +(f*S>p*L)+","+(this._x1=e+E*c)+","+(this._y1=t+E*u)}},arc:function(e,t,n,r,i,s){e=+e,t=+t,n=+n,s=!!s;var l=n*Math.cos(r),c=n*Math.sin(r),u=e+l,p=t+c,f=1^s,g=s?r-i:i-r;if(n<0)throw new Error("negative radius: "+n);this._x1===null?this._+="M"+u+","+p:(Math.abs(this._x1-u)>ba||Math.abs(this._y1-p)>ba)&&(this._+="L"+u+","+p),n&&(g<0&&(g=g%Ch+Ch),g>nX?this._+="A"+n+","+n+",0,1,"+f+","+(e-l)+","+(t-c)+"A"+n+","+n+",0,1,"+f+","+(this._x1=u)+","+(this._y1=p):g>ba&&(this._+="A"+n+","+n+",0,"+ +(g>=Nh)+","+f+","+(this._x1=e+n*Math.cos(i))+","+(this._y1=t+n*Math.sin(i))))},rect:function(e,t,n,r){this._+="M"+(this._x0=this._x1=+e)+","+(this._y0=this._y1=+t)+"h"+ +n+"v"+ +r+"h"+-n+"Z"},toString:function(){return this._}};function rX(e){return Math.abs(e=Math.round(e))>=1e21?e.toLocaleString("en").replace(/,/g,""):e.toString(10)}function Wu(e,t){if((n=(e=t?e.toExponential(t-1):e.toExponential()).indexOf("e"))<0)return null;var n,r=e.slice(0,n);return[r.length>1?r[0]+r.slice(2):r,+e.slice(n+1)]}function Zs(e){return e=Wu(Math.abs(e)),e?e[1]:NaN}function iX(e,t){return function(n,r){for(var i=n.length,s=[],l=0,c=e[0],u=0;i>0&&c>0&&(u+c+1>r&&(c=Math.max(1,r-u)),s.push(n.substring(i-=c,i+c)),!((u+=c+1)>r));)c=e[l=(l+1)%e.length];return s.reverse().join(t)}}function aX(e){return function(t){return t.replace(/[0-9]/g,function(n){return e[+n]})}}var sX=/^(?:(.)?([<>=^]))?([+\-( ])?([$#])?(0)?(\d+)?(,)?(\.\d+)?(~)?([a-z%])?$/i;function Uu(e){if(!(t=sX.exec(e)))throw new Error("invalid format: "+e);var t;return new em({fill:t[1],align:t[2],sign:t[3],symbol:t[4],zero:t[5],width:t[6],comma:t[7],precision:t[8]&&t[8].slice(1),trim:t[9],type:t[10]})}Uu.prototype=em.prototype;function em(e){this.fill=e.fill===void 0?" ":e.fill+"",this.align=e.align===void 0?">":e.align+"",this.sign=e.sign===void 0?"-":e.sign+"",this.symbol=e.symbol===void 0?"":e.symbol+"",this.zero=!!e.zero,this.width=e.width===void 0?void 0:+e.width,this.comma=!!e.comma,this.precision=e.precision===void 0?void 0:+e.precision,this.trim=!!e.trim,this.type=e.type===void 0?"":e.type+""}em.prototype.toString=function(){return this.fill+this.align+this.sign+this.symbol+(this.zero?"0":"")+(this.width===void 0?"":Math.max(1,this.width|0))+(this.comma?",":"")+(this.precision===void 0?"":"."+Math.max(0,this.precision|0))+(this.trim?"~":"")+this.type};function oX(e){e:for(var t=e.length,n=1,r=-1,i;n<t;++n)switch(e[n]){case".":r=i=n;break;case"0":r===0&&(r=n),i=n;break;default:if(!+e[n])break e;r>0&&(r=0);break}return r>0?e.slice(0,r)+e.slice(i+1):e}var Nb;function lX(e,t){var n=Wu(e,t);if(!n)return e+"";var r=n[0],i=n[1],s=i-(Nb=Math.max(-8,Math.min(8,Math.floor(i/3)))*3)+1,l=r.length;return s===l?r:s>l?r+new Array(s-l+1).join("0"):s>0?r.slice(0,s)+"."+r.slice(s):"0."+new Array(1-s).join("0")+Wu(e,Math.max(0,t+s-1))[0]}function Tv(e,t){var n=Wu(e,t);if(!n)return e+"";var r=n[0],i=n[1];return i<0?"0."+new Array(-i).join("0")+r:r.length>i+1?r.slice(0,i+1)+"."+r.slice(i+1):r+new Array(i-r.length+2).join("0")}const Sv={"%":(e,t)=>(e*100).toFixed(t),b:e=>Math.round(e).toString(2),c:e=>e+"",d:rX,e:(e,t)=>e.toExponential(t),f:(e,t)=>e.toFixed(t),g:(e,t)=>e.toPrecision(t),o:e=>Math.round(e).toString(8),p:(e,t)=>Tv(e*100,t),r:Tv,s:lX,X:e=>Math.round(e).toString(16).toUpperCase(),x:e=>Math.round(e).toString(16)};function Av(e){return e}var bv=Array.prototype.map,Rv=["y","z","a","f","p","n","µ","m","","k","M","G","T","P","E","Z","Y"];function cX(e){var t=e.grouping===void 0||e.thousands===void 0?Av:iX(bv.call(e.grouping,Number),e.thousands+""),n=e.currency===void 0?"":e.currency[0]+"",r=e.currency===void 0?"":e.currency[1]+"",i=e.decimal===void 0?".":e.decimal+"",s=e.numerals===void 0?Av:aX(bv.call(e.numerals,String)),l=e.percent===void 0?"%":e.percent+"",c=e.minus===void 0?"−":e.minus+"",u=e.nan===void 0?"NaN":e.nan+"";function p(g){g=Uu(g);var S=g.fill,L=g.align,C=g.sign,N=g.symbol,F=g.zero,b=g.width,D=g.comma,H=g.precision,E=g.trim,B=g.type;B==="n"?(D=!0,B="g"):Sv[B]||(H===void 0&&(H=12),E=!0,B="g"),(F||S==="0"&&L==="=")&&(F=!0,S="0",L="=");var x=N==="$"?n:N==="#"&&/[boxX]/.test(B)?"0"+B.toLowerCase():"",V=N==="$"?r:/[%p]/.test(B)?l:"",W=Sv[B],R=/[defgprs%]/.test(B);H=H===void 0?6:/[gprs]/.test(B)?Math.max(1,Math.min(21,H)):Math.max(0,Math.min(20,H));function le($){var Z=x,ue=V,K,me,I;if(B==="c")ue=W($)+ue,$="";else{$=+$;var q=$<0||1/$<0;if($=isNaN($)?u:W(Math.abs($),H),E&&($=oX($)),q&&+$==0&&C!=="+"&&(q=!1),Z=(q?C==="("?C:c:C==="-"||C==="("?"":C)+Z,ue=(B==="s"?Rv[8+Nb/3]:"")+ue+(q&&C==="("?")":""),R){for(K=-1,me=$.length;++K<me;)if(I=$.charCodeAt(K),48>I||I>57){ue=(I===46?i+$.slice(K+1):$.slice(K))+ue,$=$.slice(0,K);break}}}D&&!F&&($=t($,1/0));var te=Z.length+$.length+ue.length,Ee=te<b?new Array(b-te+1).join(S):"";switch(D&&F&&($=t(Ee+$,Ee.length?b-ue.length:1/0),Ee=""),L){case"<":$=Z+$+ue+Ee;break;case"=":$=Z+Ee+$+ue;break;case"^":$=Ee.slice(0,te=Ee.length>>1)+Z+$+ue+Ee.slice(te);break;default:$=Ee+Z+$+ue;break}return s($)}return le.toString=function(){return g+""},le}function f(g,S){var L=p((g=Uu(g),g.type="f",g)),C=Math.max(-8,Math.min(8,Math.floor(Zs(S)/3)))*3,N=Math.pow(10,-C),F=Rv[8+C/3];return function(b){return L(N*b)+F}}return{format:p,formatPrefix:f}}var Xc,Cb,xb;uX({thousands:",",grouping:[3],currency:["$",""]});function uX(e){return Xc=cX(e),Cb=Xc.format,xb=Xc.formatPrefix,Xc}function dX(e){return Math.max(0,-Zs(Math.abs(e)))}function fX(e,t){return Math.max(0,Math.max(-8,Math.min(8,Math.floor(Zs(t)/3)))*3-Zs(Math.abs(e)))}function pX(e,t){return e=Math.abs(e),t=Math.abs(t)-e,Math.max(0,Zs(t)-Zs(e))+1}function hX(e,t){switch(arguments.length){case 0:break;case 1:this.range(e);break;default:this.range(t).domain(e);break}return this}function _X(e){return function(){return e}}function mX(e){return+e}var Lv=[0,1];function Ls(e){return e}function wh(e,t){return(t-=e=+e)?function(n){return(n-e)/t}:_X(isNaN(t)?NaN:.5)}function EX(e,t){var n;return e>t&&(n=e,e=t,t=n),function(r){return Math.max(e,Math.min(t,r))}}function gX(e,t,n){var r=e[0],i=e[1],s=t[0],l=t[1];return i<r?(r=wh(i,r),s=n(l,s)):(r=wh(r,i),s=n(s,l)),function(c){return s(r(c))}}function vX(e,t,n){var r=Math.min(e.length,t.length)-1,i=new Array(r),s=new Array(r),l=-1;for(e[r]<e[0]&&(e=e.slice().reverse(),t=t.slice().reverse());++l<r;)i[l]=wh(e[l],e[l+1]),s[l]=n(t[l],t[l+1]);return function(c){var u=yV(e,c,1,r)-1;return s[u](i[u](c))}}function TX(e,t){return t.domain(e.domain()).range(e.range()).interpolate(e.interpolate()).clamp(e.clamp()).unknown(e.unknown())}function SX(){var e=Lv,t=Lv,n=j_,r,i,s,l=Ls,c,u,p;function f(){var S=Math.min(e.length,t.length);return l!==Ls&&(l=EX(e[0],e[S-1])),c=S>2?vX:gX,u=p=null,g}function g(S){return S==null||isNaN(S=+S)?s:(u||(u=c(e.map(r),t,n)))(r(l(S)))}return g.invert=function(S){return l(i((p||(p=c(t,e.map(r),Tr)))(S)))},g.domain=function(S){return arguments.length?(e=Array.from(S,mX),f()):e.slice()},g.range=function(S){return arguments.length?(t=Array.from(S),f()):t.slice()},g.rangeRound=function(S){return t=Array.from(S),n=DG,f()},g.clamp=function(S){return arguments.length?(l=S?!0:Ls,f()):l!==Ls},g.interpolate=function(S){return arguments.length?(n=S,f()):n},g.unknown=function(S){return arguments.length?(s=S,g):s},function(S,L){return r=S,i=L,f()}}function AX(){return SX()(Ls,Ls)}function bX(e,t,n,r){var i=CV(e,t,n),s;switch(r=Uu(r??",f"),r.type){case"s":{var l=Math.max(Math.abs(e),Math.abs(t));return r.precision==null&&!isNaN(s=fX(i,l))&&(r.precision=s),xb(r,l)}case"":case"e":case"g":case"p":case"r":{r.precision==null&&!isNaN(s=pX(i,Math.max(Math.abs(e),Math.abs(t))))&&(r.precision=s-(r.type==="e"));break}case"f":case"%":{r.precision==null&&!isNaN(s=dX(i))&&(r.precision=s-(r.type==="%")*2);break}}return Cb(r)}function RX(e){var t=e.domain;return e.ticks=function(n){var r=t();return NV(r[0],r[r.length-1],n??10)},e.tickFormat=function(n,r){var i=t();return bX(i[0],i[i.length-1],n??10,r)},e.nice=function(n){n==null&&(n=10);var r=t(),i=0,s=r.length-1,l=r[i],c=r[s],u,p,f=10;for(c<l&&(p=l,l=c,c=p,p=i,i=s,s=p);f-- >0;){if(p=tb(l,c,n),p===u)return r[i]=l,r[s]=c,t(r);if(p>0)l=Math.floor(l/p)*p,c=Math.ceil(c/p)*p;else if(p<0)l=Math.ceil(l*p)/p,c=Math.floor(c*p)/p;else break;u=p}return e},e}function wb(){var e=AX();return e.copy=function(){return TX(e,wb())},hX.apply(e,arguments),RX(e)}const Yc=e=>()=>e;function LX(e,{sourceEvent:t,target:n,transform:r,dispatch:i}){Object.defineProperties(this,{type:{value:e,enumerable:!0,configurable:!0},sourceEvent:{value:t,enumerable:!0,configurable:!0},target:{value:n,enumerable:!0,configurable:!0},transform:{value:r,enumerable:!0,configurable:!0},_:{value:i}})}function _i(e,t,n){this.k=e,this.x=t,this.y=n}_i.prototype={constructor:_i,scale:function(e){return e===1?this:new _i(this.k*e,this.x,this.y)},translate:function(e,t){return e===0&t===0?this:new _i(this.k,this.x+this.k*e,this.y+this.k*t)},apply:function(e){return[e[0]*this.k+this.x,e[1]*this.k+this.y]},applyX:function(e){return e*this.k+this.x},applyY:function(e){return e*this.k+this.y},invert:function(e){return[(e[0]-this.x)/this.k,(e[1]-this.y)/this.k]},invertX:function(e){return(e-this.x)/this.k},invertY:function(e){return(e-this.y)/this.k},rescaleX:function(e){return e.copy().domain(e.range().map(this.invertX,this).map(e.invert,e))},rescaleY:function(e){return e.copy().domain(e.range().map(this.invertY,this).map(e.invert,e))},toString:function(){return"translate("+this.x+","+this.y+") scale("+this.k+")"}};var $u=new _i(1,0,0);_i.prototype;function Op(e){e.stopImmediatePropagation()}function Io(e){e.preventDefault(),e.stopImmediatePropagation()}function OX(e){return(!e.ctrlKey||e.type==="wheel")&&!e.button}function yX(){var e=this;return e instanceof SVGElement?(e=e.ownerSVGElement||e,e.hasAttribute("viewBox")?(e=e.viewBox.baseVal,[[e.x,e.y],[e.x+e.width,e.y+e.height]]):[[0,0],[e.width.baseVal.value,e.height.baseVal.value]]):[[0,0],[e.clientWidth,e.clientHeight]]}function Ov(){return this.__zoom||$u}function NX(e){return-e.deltaY*(e.deltaMode===1?.05:e.deltaMode?1:.002)*(e.ctrlKey?10:1)}function CX(){return navigator.maxTouchPoints||"ontouchstart"in this}function xX(e,t,n){var r=e.invertX(t[0][0])-n[0][0],i=e.invertX(t[1][0])-n[1][0],s=e.invertY(t[0][1])-n[0][1],l=e.invertY(t[1][1])-n[1][1];return e.translate(i>r?(r+i)/2:Math.min(0,r)||Math.max(0,i),l>s?(s+l)/2:Math.min(0,s)||Math.max(0,l))}function wX(){var e=OX,t=yX,n=xX,r=NX,i=CX,s=[0,1/0],l=[[-1/0,-1/0],[1/0,1/0]],c=250,u=zG,p=G_("start","zoom","end"),f,g,S,L=500,C=150,N=0,F=10;function b(K){K.property("__zoom",Ov).on("wheel.zoom",W,{passive:!1}).on("mousedown.zoom",R).on("dblclick.zoom",le).filter(i).on("touchstart.zoom",$).on("touchmove.zoom",Z).on("touchend.zoom touchcancel.zoom",ue).style("-webkit-tap-highlight-color","rgba(0,0,0,0)")}b.transform=function(K,me,I,q){var te=K.selection?K.selection():K;te.property("__zoom",Ov),K!==te?B(K,me,I,q):te.interrupt().each(function(){x(this,arguments).event(q).start().zoom(null,typeof me=="function"?me.apply(this,arguments):me).end()})},b.scaleBy=function(K,me,I,q){b.scaleTo(K,function(){var te=this.__zoom.k,Ee=typeof me=="function"?me.apply(this,arguments):me;return te*Ee},I,q)},b.scaleTo=function(K,me,I,q){b.transform(K,function(){var te=t.apply(this,arguments),Ee=this.__zoom,_e=I==null?E(te):typeof I=="function"?I.apply(this,arguments):I,re=Ee.invert(_e),ie=typeof me=="function"?me.apply(this,arguments):me;return n(H(D(Ee,ie),_e,re),te,l)},I,q)},b.translateBy=function(K,me,I,q){b.transform(K,function(){return n(this.__zoom.translate(typeof me=="function"?me.apply(this,arguments):me,typeof I=="function"?I.apply(this,arguments):I),t.apply(this,arguments),l)},null,q)},b.translateTo=function(K,me,I,q,te){b.transform(K,function(){var Ee=t.apply(this,arguments),_e=this.__zoom,re=q==null?E(Ee):typeof q=="function"?q.apply(this,arguments):q;return n($u.translate(re[0],re[1]).scale(_e.k).translate(typeof me=="function"?-me.apply(this,arguments):-me,typeof I=="function"?-I.apply(this,arguments):-I),Ee,l)},q,te)};function D(K,me){return me=Math.max(s[0],Math.min(s[1],me)),me===K.k?K:new _i(me,K.x,K.y)}function H(K,me,I){var q=me[0]-I[0]*K.k,te=me[1]-I[1]*K.k;return q===K.x&&te===K.y?K:new _i(K.k,q,te)}function E(K){return[(+K[0][0]+ +K[1][0])/2,(+K[0][1]+ +K[1][1])/2]}function B(K,me,I,q){K.on("start.zoom",function(){x(this,arguments).event(q).start()}).on("interrupt.zoom end.zoom",function(){x(this,arguments).event(q).end()}).tween("zoom",function(){var te=this,Ee=arguments,_e=x(te,Ee).event(q),re=t.apply(te,Ee),ie=I==null?E(re):typeof I=="function"?I.apply(te,Ee):I,Se=Math.max(re[1][0]-re[0][0],re[1][1]-re[0][1]),ae=te.__zoom,ee=typeof me=="function"?me.apply(te,Ee):me,ne=u(ae.invert(ie).concat(Se/ae.k),ee.invert(ie).concat(Se/ee.k));return function(xe){if(xe===1)xe=ee;else{var Me=ne(xe),Xe=Se/Me[2];xe=new _i(Xe,ie[0]-Me[0]*Xe,ie[1]-Me[1]*Xe)}_e.zoom(null,xe)}})}function x(K,me,I){return!I&&K.__zooming||new V(K,me)}function V(K,me){this.that=K,this.args=me,this.active=0,this.sourceEvent=null,this.extent=t.apply(K,me),this.taps=0}V.prototype={event:function(K){return K&&(this.sourceEvent=K),this},start:function(){return++this.active===1&&(this.that.__zooming=this,this.emit("start")),this},zoom:function(K,me){return this.mouse&&K!=="mouse"&&(this.mouse[1]=me.invert(this.mouse[0])),this.touch0&&K!=="touch"&&(this.touch0[1]=me.invert(this.touch0[0])),this.touch1&&K!=="touch"&&(this.touch1[1]=me.invert(this.touch1[0])),this.that.__zoom=me,this.emit("zoom"),this},end:function(){return--this.active===0&&(delete this.that.__zooming,this.emit("end")),this},emit:function(K){var me=Vr(this.that).datum();p.call(K,this.that,new LX(K,{sourceEvent:this.sourceEvent,target:b,type:K,transform:this.that.__zoom,dispatch:p}),me)}};function W(K,...me){if(!e.apply(this,arguments))return;var I=x(this,me).event(K),q=this.__zoom,te=Math.max(s[0],Math.min(s[1],q.k*Math.pow(2,r.apply(this,arguments)))),Ee=ga(K);if(I.wheel)(I.mouse[0][0]!==Ee[0]||I.mouse[0][1]!==Ee[1])&&(I.mouse[1]=q.invert(I.mouse[0]=Ee)),clearTimeout(I.wheel);else{if(q.k===te)return;I.mouse=[Ee,q.invert(Ee)],uu(this),I.start()}Io(K),I.wheel=setTimeout(_e,C),I.zoom("mouse",n(H(D(q,te),I.mouse[0],I.mouse[1]),I.extent,l));function _e(){I.wheel=null,I.end()}}function R(K,...me){if(S||!e.apply(this,arguments))return;var I=K.currentTarget,q=x(this,me,!0).event(K),te=Vr(K.view).on("mousemove.zoom",ie,!0).on("mouseup.zoom",Se,!0),Ee=ga(K,I),_e=K.clientX,re=K.clientY;fG(K.view),Op(K),q.mouse=[Ee,this.__zoom.invert(Ee)],uu(this),q.start();function ie(ae){if(Io(ae),!q.moved){var ee=ae.clientX-_e,ne=ae.clientY-re;q.moved=ee*ee+ne*ne>N}q.event(ae).zoom("mouse",n(H(q.that.__zoom,q.mouse[0]=ga(ae,I),q.mouse[1]),q.extent,l))}function Se(ae){te.on("mousemove.zoom mouseup.zoom",null),pG(ae.view,q.moved),Io(ae),q.event(ae).end()}}function le(K,...me){if(e.apply(this,arguments)){var I=this.__zoom,q=ga(K.changedTouches?K.changedTouches[0]:K,this),te=I.invert(q),Ee=I.k*(K.shiftKey?.5:2),_e=n(H(D(I,Ee),q,te),t.apply(this,me),l);Io(K),c>0?Vr(this).transition().duration(c).call(B,_e,q,K):Vr(this).call(b.transform,_e,q,K)}}function $(K,...me){if(e.apply(this,arguments)){var I=K.touches,q=I.length,te=x(this,me,K.changedTouches.length===q).event(K),Ee,_e,re,ie;for(Op(K),_e=0;_e<q;++_e)re=I[_e],ie=ga(re,this),ie=[ie,this.__zoom.invert(ie),re.identifier],te.touch0?!te.touch1&&te.touch0[2]!==ie[2]&&(te.touch1=ie,te.taps=0):(te.touch0=ie,Ee=!0,te.taps=1+!!f);f&&(f=clearTimeout(f)),Ee&&(te.taps<2&&(g=ie[0],f=setTimeout(function(){f=null},L)),uu(this),te.start())}}function Z(K,...me){if(this.__zooming){var I=x(this,me).event(K),q=K.changedTouches,te=q.length,Ee,_e,re,ie;for(Io(K),Ee=0;Ee<te;++Ee)_e=q[Ee],re=ga(_e,this),I.touch0&&I.touch0[2]===_e.identifier?I.touch0[0]=re:I.touch1&&I.touch1[2]===_e.identifier&&(I.touch1[0]=re);if(_e=I.that.__zoom,I.touch1){var Se=I.touch0[0],ae=I.touch0[1],ee=I.touch1[0],ne=I.touch1[1],xe=(xe=ee[0]-Se[0])*xe+(xe=ee[1]-Se[1])*xe,Me=(Me=ne[0]-ae[0])*Me+(Me=ne[1]-ae[1])*Me;_e=D(_e,Math.sqrt(xe/Me)),re=[(Se[0]+ee[0])/2,(Se[1]+ee[1])/2],ie=[(ae[0]+ne[0])/2,(ae[1]+ne[1])/2]}else if(I.touch0)re=I.touch0[0],ie=I.touch0[1];else return;I.zoom("touch",n(H(_e,re,ie),I.extent,l))}}function ue(K,...me){if(this.__zooming){var I=x(this,me).event(K),q=K.changedTouches,te=q.length,Ee,_e;for(Op(K),S&&clearTimeout(S),S=setTimeout(function(){S=null},L),Ee=0;Ee<te;++Ee)_e=q[Ee],I.touch0&&I.touch0[2]===_e.identifier?delete I.touch0:I.touch1&&I.touch1[2]===_e.identifier&&delete I.touch1;if(I.touch1&&!I.touch0&&(I.touch0=I.touch1,delete I.touch1),I.touch0)I.touch0[1]=this.__zoom.invert(I.touch0[0]);else if(I.end(),I.taps===2&&(_e=ga(_e,this),Math.hypot(g[0]-_e[0],g[1]-_e[1])<F)){var re=Vr(this).on("dblclick.zoom");re&&re.apply(this,arguments)}}}return b.wheelDelta=function(K){return arguments.length?(r=typeof K=="function"?K:Yc(+K),b):r},b.filter=function(K){return arguments.length?(e=typeof K=="function"?K:Yc(!!K),b):e},b.touchable=function(K){return arguments.length?(i=typeof K=="function"?K:Yc(!!K),b):i},b.extent=function(K){return arguments.length?(t=typeof K=="function"?K:Yc([[+K[0][0],+K[0][1]],[+K[1][0],+K[1][1]]]),b):t},b.scaleExtent=function(K){return arguments.length?(s[0]=+K[0],s[1]=+K[1],b):[s[0],s[1]]},b.translateExtent=function(K){return arguments.length?(l[0][0]=+K[0][0],l[1][0]=+K[1][0],l[0][1]=+K[0][1],l[1][1]=+K[1][1],b):[[l[0][0],l[0][1]],[l[1][0],l[1][1]]]},b.constrain=function(K){return arguments.length?(n=K,b):n},b.duration=function(K){return arguments.length?(c=+K,b):c},b.interpolate=function(K){return arguments.length?(u=K,b):u},b.on=function(){var K=p.on.apply(p,arguments);return K===p?b:K},b.clickDistance=function(K){return arguments.length?(N=(K=+K)*K,b):Math.sqrt(N)},b.tapDistance=function(K){return arguments.length?(F=+K,b):F},b}function IX(e){var t=0,n=e.children,r=n&&n.length;if(!r)t=1;else for(;--r>=0;)t+=n[r].value;e.value=t}function kX(){return this.eachAfter(IX)}function BX(e){var t=this,n,r=[t],i,s,l;do for(n=r.reverse(),r=[];t=n.pop();)if(e(t),i=t.children,i)for(s=0,l=i.length;s<l;++s)r.push(i[s]);while(r.length);return this}function PX(e){for(var t=this,n=[t],r,i;t=n.pop();)if(e(t),r=t.children,r)for(i=r.length-1;i>=0;--i)n.push(r[i]);return this}function DX(e){for(var t=this,n=[t],r=[],i,s,l;t=n.pop();)if(r.push(t),i=t.children,i)for(s=0,l=i.length;s<l;++s)n.push(i[s]);for(;t=r.pop();)e(t);return this}function MX(e){return this.eachAfter(function(t){for(var n=+e(t.data)||0,r=t.children,i=r&&r.length;--i>=0;)n+=r[i].value;t.value=n})}function HX(e){return this.eachBefore(function(t){t.children&&t.children.sort(e)})}function WX(e){for(var t=this,n=UX(t,e),r=[t];t!==n;)t=t.parent,r.push(t);for(var i=r.length;e!==n;)r.splice(i,0,e),e=e.parent;return r}function UX(e,t){if(e===t)return e;var n=e.ancestors(),r=t.ancestors(),i=null;for(e=n.pop(),t=r.pop();e===t;)i=e,e=n.pop(),t=r.pop();return i}function $X(){for(var e=this,t=[e];e=e.parent;)t.push(e);return t}function FX(){var e=[];return this.each(function(t){e.push(t)}),e}function VX(){var e=[];return this.eachBefore(function(t){t.children||e.push(t)}),e}function zX(){var e=this,t=[];return e.each(function(n){n!==e&&t.push({source:n.parent,target:n})}),t}function tm(e,t){var n=new Fu(e),r=+e.value&&(n.value=e.value),i,s=[n],l,c,u,p;for(t==null&&(t=KX);i=s.pop();)if(r&&(i.value=+i.data.value),(c=t(i.data))&&(p=c.length))for(i.children=new Array(p),u=p-1;u>=0;--u)s.push(l=i.children[u]=new Fu(c[u])),l.parent=i,l.depth=i.depth+1;return n.eachBefore(YX)}function GX(){return tm(this).eachBefore(XX)}function KX(e){return e.children}function XX(e){e.data=e.data.data}function YX(e){var t=0;do e.height=t;while((e=e.parent)&&e.height<++t)}function Fu(e){this.data=e,this.depth=this.height=0,this.parent=null}Fu.prototype=tm.prototype={constructor:Fu,count:kX,each:BX,eachAfter:DX,eachBefore:PX,sum:MX,sort:HX,path:WX,ancestors:$X,descendants:FX,leaves:VX,links:zX,copy:GX};const qX="d3-flextree",jX="2.1.2",JX="build/d3-flextree.js",QX="index",ZX={name:"Chris Maloney",url:"http://chrismaloney.org"},eY="Flexible tree layout algorithm that allows for variable node sizes.",tY=["d3","d3-module","layout","tree","hierarchy","d3-hierarchy","plugin","d3-plugin","infovis","visualization","2d"],nY="https://github.com/klortho/d3-flextree",rY="WTFPL",iY={type:"git",url:"https://github.com/klortho/d3-flextree.git"},aY={clean:"rm -rf build demo test","build:demo":"rollup -c --environment BUILD:demo","build:dev":"rollup -c --environment BUILD:dev","build:prod":"rollup -c --environment BUILD:prod","build:test":"rollup -c --environment BUILD:test",build:"rollup -c",lint:"eslint index.js src","test:main":"node test/bundle.js","test:browser":"node test/browser-tests.js",test:"npm-run-all test:*",prepare:"npm-run-all clean build lint test"},sY={"d3-hierarchy":"^1.1.5"},oY={"babel-plugin-external-helpers":"^6.22.0","babel-preset-es2015-rollup":"^3.0.0",d3:"^4.13.0","d3-selection-multi":"^1.0.1",eslint:"^4.19.1",jsdom:"^11.6.2","npm-run-all":"^4.1.2",rollup:"^0.55.3","rollup-plugin-babel":"^2.7.1","rollup-plugin-commonjs":"^8.0.2","rollup-plugin-copy":"^0.2.3","rollup-plugin-json":"^2.3.0","rollup-plugin-node-resolve":"^3.0.2","rollup-plugin-uglify":"^3.0.0","uglify-es":"^3.3.9"},lY={name:qX,version:jX,main:JX,module:QX,"jsnext:main":"index",author:ZX,description:eY,keywords:tY,homepage:nY,license:rY,repository:iY,scripts:aY,dependencies:sY,devDependencies:oY},{version:cY}=lY,uY=Object.freeze({children:e=>e.children,nodeSize:e=>e.data.size,spacing:0});function kb(e){const t=Object.assign({},uY,e);function n(c){const u=t[c];return typeof u=="function"?u:()=>u}function r(c){const u=l(s(),c,p=>p.children);return u.update(),u.data}function i(){const c=n("nodeSize"),u=n("spacing");return class Ib extends tm.prototype.constructor{constructor(f){super(f)}copy(){const f=l(this.constructor,this,g=>g.children);return f.each(g=>g.data=g.data.data),f}get size(){return c(this)}spacing(f){return u(this,f)}get nodes(){return this.descendants()}get xSize(){return this.size[0]}get ySize(){return this.size[1]}get top(){return this.y}get bottom(){return this.y+this.ySize}get left(){return this.x-this.xSize/2}get right(){return this.x+this.xSize/2}get root(){const f=this.ancestors();return f[f.length-1]}get numChildren(){return this.hasChildren?this.children.length:0}get hasChildren(){return!this.noChildren}get noChildren(){return this.children===null}get firstChild(){return this.hasChildren?this.children[0]:null}get lastChild(){return this.hasChildren?this.children[this.numChildren-1]:null}get extents(){return(this.children||[]).reduce((f,g)=>Ib.maxExtents(f,g.extents),this.nodeExtents)}get nodeExtents(){return{top:this.top,bottom:this.bottom,left:this.left,right:this.right}}static maxExtents(f,g){return{top:Math.min(f.top,g.top),bottom:Math.max(f.bottom,g.bottom),left:Math.min(f.left,g.left),right:Math.max(f.right,g.right)}}}}function s(){const c=i(),u=n("nodeSize"),p=n("spacing");return class extends c{constructor(f){super(f),Object.assign(this,{x:0,y:0,relX:0,prelim:0,shift:0,change:0,lExt:this,lExtRelX:0,lThr:null,rExt:this,rExtRelX:0,rThr:null})}get size(){return u(this.data)}spacing(f){return p(this.data,f.data)}get x(){return this.data.x}set x(f){this.data.x=f}get y(){return this.data.y}set y(f){this.data.y=f}update(){return Bb(this),Pb(this),this}}}function l(c,u,p){const f=(g,S)=>{const L=new c(g);Object.assign(L,{parent:S,depth:S===null?0:S.depth+1,height:0,length:1});const C=p(g)||[];return L.children=C.length===0?null:C.map(N=>f(N,L)),L.children&&Object.assign(L,L.children.reduce((N,F)=>({height:Math.max(N.height,F.height+1),length:N.length+F.length}),L)),L};return f(u,null)}return Object.assign(r,{nodeSize(c){return arguments.length?(t.nodeSize=c,r):t.nodeSize},spacing(c){return arguments.length?(t.spacing=c,r):t.spacing},children(c){return arguments.length?(t.children=c,r):t.children},hierarchy(c,u){const p=typeof u>"u"?t.children:u;return l(i(),c,p)},dump(c){const u=n("nodeSize"),p=f=>g=>{const S=f+"  ",L=f+"    ",{x:C,y:N}=g,F=u(g),b=g.children||[],D=b.length===0?" ":`,${S}children: [${L}${b.map(p(L)).join(L)}${S}],${f}`;return`{ size: [${F.join(", ")}],${S}x: ${C}, y: ${N}${D}},`};return p(`
`)(c)}}),r}kb.version=cY;const Bb=(e,t=0)=>(e.y=t,(e.children||[]).reduce((n,r)=>{const[i,s]=n;Bb(r,e.y+e.ySize);const l=(i===0?r.lExt:r.rExt).bottom;i!==0&&fY(e,i,s);const c=TY(l,i,s);return[i+1,c]},[0,null]),dY(e),vY(e),e),Pb=(e,t,n)=>{typeof t>"u"&&(t=-e.relX-e.prelim,n=0);const r=t+e.relX;return e.relX=r+e.prelim-n,e.prelim=0,e.x=n+e.relX,(e.children||[]).forEach(i=>Pb(i,r,e.x)),e},dY=e=>{(e.children||[]).reduce((t,n)=>{const[r,i]=t,s=r+n.shift,l=i+s+n.change;return n.relX+=l,[s,l]},[0,0])},fY=(e,t,n)=>{const r=e.children[t-1],i=e.children[t];let s=r,l=r.relX,c=i,u=i.relX,p=!0;for(;s&&c;){s.bottom>n.lowY&&(n=n.next);const f=l+s.prelim-(u+c.prelim)+s.xSize/2+c.xSize/2+s.spacing(c);(f>0||f<0&&p)&&(u+=f,pY(i,f),hY(e,t,n.index,f)),p=!1;const g=s.bottom,S=c.bottom;g<=S&&(s=mY(s),s&&(l+=s.relX)),g>=S&&(c=_Y(c),c&&(u+=c.relX))}!s&&c?EY(e,t,c,u):s&&!c&&gY(e,t,s,l)},pY=(e,t)=>{e.relX+=t,e.lExtRelX+=t,e.rExtRelX+=t},hY=(e,t,n,r)=>{const i=e.children[t],s=t-n;if(s>1){const l=r/s;e.children[n+1].shift+=l,i.shift-=l,i.change-=r-l}},_Y=e=>e.hasChildren?e.firstChild:e.lThr,mY=e=>e.hasChildren?e.lastChild:e.rThr,EY=(e,t,n,r)=>{const i=e.firstChild,s=i.lExt,l=e.children[t];s.lThr=n;const c=r-n.relX-i.lExtRelX;s.relX+=c,s.prelim-=c,i.lExt=l.lExt,i.lExtRelX=l.lExtRelX},gY=(e,t,n,r)=>{const i=e.children[t],s=i.rExt,l=e.children[t-1];s.rThr=n;const c=r-n.relX-i.rExtRelX;s.relX+=c,s.prelim-=c,i.rExt=l.rExt,i.rExtRelX=l.rExtRelX},vY=e=>{if(e.hasChildren){const t=e.firstChild,n=e.lastChild,r=(t.prelim+t.relX-t.xSize/2+n.relX+n.prelim+n.xSize/2)/2;Object.assign(e,{prelim:r,lExt:t.lExt,lExtRelX:t.lExtRelX,rExt:n.rExt,rExtRelX:n.rExtRelX})}},TY=(e,t,n)=>{for(;n!==null&&e>=n.lowY;)n=n.next;return{lowY:e,index:t,next:n}},SY={class:"d-flex align-items-center"},AY={class:"nav nav-pills"},bY={class:"nav-item p-1"},RY={class:"nav-item p-1"},LY={key:0,class:"badge bg-info",style:{"font-size":"0.6em"}},OY={class:"nav-item p-1"},yY={class:"nav-item p-1"},NY={class:"nav-item p-1"},CY={class:"ms-auto me-2 small"},xY={href:"https://github.com/dalibo/pev2",target:"_blank"},wY=A("img",{src:"data:image/png;base64,iVBORw0KGgoAAAANSUhEUgAAADAAAAAwCAYAAABXAvmHAAAABHNCSVQICAgIfAhkiAAAAAlwSFlzAAAC1QAAAtUBwMJvJQAAABl0RVh0U29mdHdhcmUAd3d3Lmlua3NjYXBlLm9yZ5vuPBoAAAf5SURBVGiB7Zp7UFT3Fcc/v3vv8kaQgA8CEmtE8ZEYiVETjS+UkUcm09FM0rE2iRPttOOjY60WbLwNQoI6I9HONNo2rbZpxmo7RkBH8Z34qJpEx2cdoxHREZ8gu+yyu9xf/4BddoFdFlzTOu33r7vnd37nnO+9v9c5vxUEGfp4PcwWpb1pSDFTQBqAhPNCig3h9fYN+n7dFkx/IpjGFucsz0WKEuB7PlSqEOQXl+X9GYQMhs+gEPhFdkGaQFkNZAbkVHJAKur84rIlpx7W90MR+FmmHhdqClkmpfwpoLrkIWEhjJs2iuEThgLw1b7THNhyFLvN7tndEEJ+oihiUdG2/OquxtAlArPT15niet15S0IhEO82JmDIS2lkz5pEbEI3rz5198xU/PVzju88iZReo6dGwAcWI7pk7Y55DY+cwJLsggwDZbWAIZ7ypP69yZ09mZS0JL/9r1+6ybb1u7h6rqp100VDioUrt+eVdSaegAksyinor0i1EOR0T3m3uCgyfjCWEZnDECIwc1LCmUPn2f7xXu7fqm0d0m4U54Li0nfPBmKrQ4/6dD3KZjX9XEqWAKEuuaqpjMoazpQfjiM0PCSgwFvD0eDgwN+PcmDLERx2p1eTEOK3Ns2+rGSrXtMlArquK9YTphlIVgA9PdvSXuhP7uzJxPWK7VLgrVF7p46dG/fz9b7TeE8P7iF473J4/99s3vxaY3t92yWwKLtorIJcAwzzlPdIjifnnQxSh/ta5h8Ol89UUra+ghuX2yxKJw3EvJXleZ+3bmhDYHF20bsglwGKSxYRHc6kN8YwOud5FMX/qLOabVRfvY3R6lUqQtAzJYHwqDC//aWUfL3vLNs/3oO5xuLZZEjQV5TnF/gksDiraA5CfuT6rWoK6RnPkjlzHJHdIvw6djnf8cd91NdZ222PiA5n6lsTAprsVouN/ZuPcOizYzgdLaNHwJwPyvPXtyGg5+oRVsNUBXQHSElLYtr8bBKSnujQmQt2m51t6yr86rwyZzIhYYFP+ttVd9lcUkblhesuUU2jIyRp1a5FFvAYJjap5bqCj03oxqyC1zsV/KNCQtITzCp4g5h498YYq5kaslw/3ASkVAa4ngePHtCpt/SoERoewuDRqe7fBmKg61lpUTOiXU9hEaH8tyE8smXyC6T7cyjtaj9GCCoB1aShqL5NKqqCatKC6ZKgWlNVhRFTnuXquSoMQ3Lr2h2gaQNUFEHKoCRUPwS7guC+DiA5NZHk1EQMQ/KPtdsBGPPqCx1ugF3FYz8HuvwFzLX1OBocPtul0XKUqLlVi/DzBUJCTUTGdLzTt4cuEThRcYpv2yYkPrF306EOdfoOTiY945lOx9JpAubaer49V4WiKv4PZhIsD+oBms5RfqaA1WzjytlrDBzxdKe/RKcJOJoT86jYSKbMeNmnnuckzvzReL+TeNdfDvLgbh12m73TBP53JrGUEqvZhtXcVFgzGg0stfVoIVqblNJqseG0txyBm/RUr+MAwP1bNVhqrdQ/sNJgtXPz6m1sVjs9+8SjKIG924AIOB1O9m46zIO7dW6ZucbCjj/tA2DQqFQGjewPwOHSE20yqp0b9wPwZL9ejM5JB+DTFVs5dfCcl97pL84DEBkTwcKPfkxEtP/kBwIcQvdv1XoF3xquEomjwdleOujG9W9uupP3iycu+9Sz1NZz8ctLgYQWGAHPNb3d9ub0UUojAFtNOkYHuk5nuzl8Gzz2k/j/BP7TaCEgFXeNr3VVoaMlzbVJBbL0uXT85Q0Amua9QJpr6z2t3Hc/uR6EYrhrkacPXfAi0b1XLPGJcT6D7zfsqSanIRpPDU5ut2wihKDv4GS0kKbAnhk7yOcBL65nDGnNyzI0HUnOHvlXi4JsidVtYe7UNaERqrkSKXsA9OgTz7R52fQZ+KS7n9PubFOw0jS1zdtsdDbS2Oi9yqiqgqqpXjK7zYHV4n3jpGmq13Gi8sJ1tnxY7k6OgOrwCEcffbNu9yIAsCR7+XSJ+JubXXO9P+vtiXTvEcN3iQf3zOxue58gpRCvrSjL2+KOsXXH5urch3hUok2hJl7MfZ5Jr7/0yMstDruTw9uOs3fTIRqsXjc6DQgxt7gs73eewnYHYV524ZBGKAEmecpj4qPJnDmB5yYMIcCrgE7h/LFLlK7bxb3qNhX1PSosKCrPP9O6wW8YzbeOq4F+nvLkAYm8MnsKyQMSHzpogBuXqyldX8GVM5Vecim5JhSWFpflb/TVt8P3ODt9nal77zs/QfIe4C4oCSF4bsIQst6eSFRsZJcCr6+zsufTLzhSdgLD+7hiEYJVYWbHBx3dKwc8EPIyC3s7NXQBs2h1I/ny90cyfvqLaCbVj4UWNDoNjm7/kopPDmKzeN3rSRBbNM1YWPjZ0muB2OrCJd/76RKjBBjjKY9PjCNz5jiGjknz2//SySuUrt9NdeVt7wbJcUUR898vyzvSmXi6PBUX5yzPFVKslZDiKX96WF9y38mgZ0qCl/6d6/co/8Nuzh9rc0y+IeDXYSMcv9d1vePjbCs81Fqi5+oRNsM0V8JSIMolVzWFkVOHM3zi0OYblzP8c8dXNDq94rNKWIOqFa7Ytth3stEBgvNXg6nFSYrqKJJSzAjEphCyzCnkvFWlv7rysL6Dupr/MqtopKHIEiSjfKicNBSxYGVp3oFg+Qz6dqTrulJ/PORVIeWbCAYBIDknkBu+iUzd6uu6tKv4N+243iwIA9v6AAAAAElFTkSuQmCC",alt:"PEV2",style:{width:"20px",height:"20px"}},null,-1),IY={class:"tab-content flex-grow-1 d-flex overflow-hidden"},kY={key:0,class:"flex-grow-1 d-flex justify-content-center"},BY={class:"alert alert-danger align-self-center"},PY={class:"d-flex flex-column flex-grow-1 overflow-hidden"},DY={class:"flex-grow-1 d-flex overflow-hidden"},MY={class:"flex-grow-1 overflow-hidden"},HY={key:0,class:"position-absolute m-1 p-1 bottom-0 end-0 rounded bg-white d-flex"},WY={class:"btn-group btn-group-xs"},UY=["disabled"],$Y=["disabled"],FY={width:"100%",height:"100%"},VY=["transform"],zY=["d","stroke-width"],GY=["d","stroke-width"],KY=["x","y","width"],XY=["x","y","width","height"],YY=["d","stroke-width"],qY=["x","y","width"],jY={class:"overflow-hidden d-flex w-100 h-100 flex-column"},JY={class:"overflow-hidden d-flex w-100 h-100"},QY={class:"overflow-auto flex-grow-1"},ZY={class:"small p-2 mb-0"},eq=["innerHTML"],tq={class:"overflow-hidden d-flex w-100 h-100"},nq={class:"overflow-auto flex-grow-1"},rq={class:"small p-2 mb-0"},iq=["innerHTML"],aq=Ot({__name:"Plan",props:{planSource:null,planQuery:null},setup(e){const t=e,n="1.11.0",r=Je(null),i=Je(""),s=Je(""),l=Je(""),c=Je(),u=Je();let p=Ln({});const f=Be(()=>c.value&&c.value.content.Plan),g=Je(NaN),S=Je(void 0),L=Je(NaN),C=localStorage.getItem("gridIsNotNew"),N=Ln({showHighlightBar:!1,showPlanStats:!0,highlightType:zn.NONE,diagramWidth:20}),F=new SV,b=40,D=Je(""),H=Je(1),E=Be(()=>wb().domain([0,p.maxRows]).range([1,b/1.5])),B=.2,x=wX().scaleExtent([B,3]).on("zoom",function(ae){D.value=ae.transform,H.value=ae.transform.k}),V=Je(null),W=Je([]),R=Je([]),le=kb({nodeSize:ae=>ae.data.size?[ae.data.size[0],ae.data.size[1]+b]:[0,0],spacing:(ae,ee)=>Math.pow(ae.path(ee).length,1.5)}),$=Je(le.hierarchy({}));na(()=>{const ae=localStorage.getItem("viewOptions");ae&&j.assignIn(N,JSON.parse(ae));let ee;try{ee=F.fromSource(t.planSource),l.value="",_e("plan")}catch{l.value="Couldn't parse plan",c.value=void 0;return}s.value=ee["Query Text"]||t.planQuery,c.value=F.createPlan("",ee,s.value);const ne=c.value.content;p.executionTime=ne["Execution Time"]||ne["Total Runtime"]||NaN,p.planningTime=ne["Planning Time"]||NaN,p.maxRows=ne.maxRows||NaN,p.maxCost=ne.maxCost||NaN,p.maxDuration=ne.maxDuration||NaN,p.maxBlocks=ne.maxBlocks||{},p.maxIo=ne.maxIo||NaN,p.maxEstimateFactor=ne.maxEstimateFactor||NaN,p.triggers=ne.Triggers||[],p.jitTime=ne.JIT&&ne.JIT.Timing&&ne.JIT.Timing.Total||NaN,p.settings=ne.Settings,c.value.planStats=p,ks(()=>{I()}),window.addEventListener("hashchange",I),f.value&&($.value=le.hierarchy(f.value,xe=>xe.Plans)),W.value=[],j.each(c.value?.ctes,xe=>{const Me=le.hierarchy(xe,Xe=>Xe.Plans);W.value.push(Me)}),Z()});function Z(){V.value=le($.value);const ae=re(V.value),ee=[ae[0],ae[3]+b];j.each(W.value,ne=>{const xe=le(ne),Me=re(xe),Xe=Me[1]-Me[0];xe.each(At=>{At.x+=ee[0]-Me[0],At.y+=ee[1]}),ee[0]+=Xe+b*2}),R.value=[],j.each(V.value.descendants(),ne=>{if(j.has(ne.data,m.CTE_NAME)){const xe=j.find(W.value,Me=>Me.data[m.SUBPLAN_NAME]=="CTE "+ne.data[m.CTE_NAME]);xe&&R.value.push({source:ne,target:xe})}}),j.each(W.value,ne=>{j.each(ne.descendants(),xe=>{if(j.has(xe.data,m.CTE_NAME)){const Me=j.find(W.value,Xe=>Xe.data[m.SUBPLAN_NAME]=="CTE "+xe.data[m.CTE_NAME]);Me&&R.value.push({source:xe,target:Me})}})})}Oi(()=>{Vr(u.value.$el).call(x),ks(()=>{if(V.value){const ae=re(V.value),ee=ae[0],ne=ae[2],xe=ae[1],Me=ae[3],Xe=u.value.$el.getBoundingClientRect();Vr(u.value.$el).transition().call(x.transform,$u.translate(Xe.width/2,10).scale(Math.min(1,Math.max(B,.8/Math.max((xe-ee)/Xe.width,(Me-ne)/Xe.height)))).translate(-(ee+xe)/2,10))}})}),oT(()=>{window.removeEventListener("hashchange",I)}),nn(N,ue);function ue(){localStorage.setItem("viewOptions",JSON.stringify(N))}nn(g,K);function K(ae){window.location.hash=ae?"plan/node/"+ae:"",c.value&&ae&&(S.value=zH(c.value,ae))}const me=Be(()=>function(ae){const ee=ae.source,ne=ae.target,xe=Math.abs(ne.y-(ee.y+ee.ySize)-b),Me=yb();return Me.moveTo(ee.x,ee.y),Me.lineTo(ee.x,ee.y+ee.ySize-b),Me.bezierCurveTo(ee.x,ee.y+ee.ySize-b+xe/2,ne.x,ne.y-xe/2,ne.x,ne.y),Me.toString()});function I(){const ee=/#([a-zA-Z]*)(\/node\/([0-9]*))*/.exec(window.location.hash);if(ee){const ne=ee[1]||"plan";_e(ne);const xe=parseInt(ee[3],0);ne=="plan"&&xe!==void 0&&xe!=g.value&&setTimeout(()=>{q(xe,!0)},1)}}Sn(Ou,g),Sn(_d,L),Sn("updateNodeSize",Se);function q(ae,ee){ee=!!ee,g.value=ae,ee&&te(ae)}Sn(Ka,q),Sn(Ja,N),Sn(wr,c);function te(ae){const ee=u.value.$el.getBoundingClientRect(),ne=Ee(ae);if(!ne)return;let xe=-ne.x,Me=-ne.y,Xe=H.value;xe=xe*Xe+ee.width/2,Me=Me*Xe+ee.height/2,Vr(u.value.$el).transition().duration(500).call(x.transform,$u.translate(xe,Me).scale(Xe))}function Ee(ae){const ee=[V.value].concat(W.value);let ne;return j.each(ee,xe=>(ne=j.find(xe?.descendants(),Me=>Me.data.nodeId==ae),!ne)),ne}const _e=ae=>{i.value=ae};function re(ae){const ee=j.min(j.map(ae.descendants(),Xe=>Xe.x-Xe.xSize/2))||0,ne=j.max(j.map(ae.descendants(),Xe=>Xe.x+Xe.xSize/2))||0,xe=j.min(j.map(ae.descendants(),Xe=>Xe.y))||0,Me=j.max(j.map(ae.descendants(),Xe=>Xe.y+Xe.ySize))||0;return[ee,ne,xe,Me]}function ie(ae){return!!p.executionTime&&!ae[m.ACTUAL_LOOPS]}nn(()=>{const ae=[];return ae.concat($.value.descendants().map(ee=>ee.data.size)),j.each(W.value,ee=>{ae.concat(ee.descendants().map(ne=>ne.data.size))}),ae},()=>{Z()});function Se(ae,ee){ae.size=[ee[0]/H.value,ee[1]/H.value]}return(ae,ee)=>(w(),k("div",{class:"plan-container d-flex flex-column overflow-hidden flex-grow-1 bg-light",ref_key:"rootEl",ref:r},[A("div",SY,[A("ul",AY,[A("li",bY,[A("a",{class:Ie(["nav-link px-2 py-0",{active:i.value==="plan"}]),href:"#plan"},"Plan",2)]),v(),A("li",RY,[A("a",{class:Ie(["nav-link px-2 py-0 position-relative",{active:i.value==="grid"}]),href:"#grid"},[v(`Grid
            `),h(C)?oe("",!0):(w(),k("span",LY,`
              new
            `))],2)]),v(),A("li",OY,[A("a",{class:Ie(["nav-link px-2 py-0",{active:i.value==="raw"}]),href:"#raw"},"Raw",2)]),v(),A("li",yY,[A("a",{class:Ie(["nav-link px-2 py-0",{active:i.value==="query",disabled:!s.value}]),href:"#query"},"Query",2)]),v(),A("li",NY,[A("a",{class:Ie(["nav-link px-2 py-0",{active:i.value==="stats"}]),href:"#stats"},"Stats",2)])]),v(),A("div",CY,[A("a",xY,[wY,v(" "+Le(h(n)),1)])])]),v(),A("div",IY,[l.value?(w(),k("div",kY,[A("div",BY,Le(l.value),1)])):oe("",!0),v(),l.value?oe("",!0):(w(),k("div",{key:1,class:Ie(["tab-pane flex-grow-1 overflow-hidden",{"show active d-flex":i.value==="plan"}])},[A("div",PY,[we(tv),v(),A("div",DY,[A("div",MY,[we(h(yM),{class:"default-theme",onResize:ee[4]||(ee[4]=ne=>N.diagramWidth=ne[0].size)},{default:Ut(()=>[c.value?(w(),It(h(h1),{key:0,size:N.diagramWidth,class:"d-flex flex-column"},{default:Ut(()=>[we(yU,{ref:"diagram",class:"d-flex flex-column flex-grow-1 overflow-hidden plan-diagram"},null,512)]),_:1},8,["size"])):oe("",!0),v(),we(h(h1),{ref_key:"planEl",ref:u,class:"plan grab-bing position-relative"},{default:Ut(()=>[c.value?(w(),k("div",HY,[A("div",WY,[A("button",{class:Ie(["btn btn-outline-secondary",{active:N.highlightType===h(zn).NONE}]),onClick:ee[0]||(ee[0]=ne=>N.highlightType=h(zn).NONE)},`
                        none
                      `,2),v(),A("button",{class:Ie(["btn btn-outline-secondary",{active:N.highlightType===h(zn).DURATION}]),onClick:ee[1]||(ee[1]=ne=>N.highlightType=h(zn).DURATION),disabled:!c.value.isAnalyze},`
                        duration
                      `,10,UY),v(),A("button",{class:Ie(["btn btn-outline-secondary",{active:N.highlightType===h(zn).ROWS}]),onClick:ee[2]||(ee[2]=ne=>N.highlightType=h(zn).ROWS),disabled:!h(f)||h(f)[h(m).ACTUAL_ROWS]===void 0},`
                        rows
                      `,10,$Y),v(),A("button",{class:Ie(["btn btn-outline-secondary",{active:N.highlightType===h(zn).COST}]),onClick:ee[3]||(ee[3]=ne=>N.highlightType=h(zn).COST)},`
                        cost
                      `,2)])])):oe("",!0),v(),(w(),k("svg",FY,[A("g",{transform:D.value},[(w(!0),k(Fe,null,$t(R.value,(ne,xe)=>(w(),k("path",{key:`linkcte${xe}`,d:h(me)(ne),stroke:"#B3D7D7","stroke-width":h(E)(ne.target.data[h(m).ACTUAL_ROWS_REVISED]),fill:"none"},null,8,zY))),128)),v(),(w(!0),k(Fe,null,$t(V.value?.links(),(ne,xe)=>(w(),k("path",{key:`link${xe}`,d:h(me)(ne),class:Ie({"never-executed":ie(ne.target.data)}),stroke:"grey","stroke-width":h(E)(ne.target.data[h(m).ACTUAL_ROWS_REVISED]),"stroke-linecap":"square",fill:"none"},null,10,GY))),128)),v(),(w(!0),k(Fe,null,$t(V.value?.descendants(),(ne,xe)=>(w(),k("foreignObject",{key:xe,x:ne.x-ne.xSize/2,y:ne.y,width:ne.xSize,height:"1",ref_for:!0,ref:"root"},[we(ev,{node:ne.data,class:"d-flex justify-content-center position-fixed"},null,8,["node"])],8,KY))),128)),v(),(w(!0),k(Fe,null,$t(W.value,ne=>(w(),k("g",{key:ne.data.nodeId},[A("rect",{x:re(ne)[0]-b/4,y:re(ne)[2]-b/2,width:re(ne)[1]-re(ne)[0]+b/2,height:re(ne)[3]-re(ne)[2],stroke:"#cfcfcf","stroke-width":"2",fill:"#cfcfcf","fill-opacity":"10%",rx:"5",ry:"5"},null,8,XY),v(),(w(!0),k(Fe,null,$t(ne.links(),(xe,Me)=>(w(),k("path",{key:`link${Me}`,d:h(me)(xe),stroke:"grey","stroke-width":h(E)(xe.target.data[h(m).ACTUAL_ROWS_REVISED]),"stroke-linecap":"square",fill:"none"},null,8,YY))),128)),v(),(w(!0),k(Fe,null,$t(ne.descendants(),(xe,Me)=>(w(),k("foreignObject",{key:Me,x:xe.x-xe.xSize/2,y:xe.y,width:xe.xSize,height:"1",ref_for:!0,ref:"root"},[we(ev,{node:xe.data,class:"d-flex justify-content-center position-fixed"},null,8,["node"])],8,qY))),128))]))),128))],8,VY)]))]),_:1},512)]),_:1})])]),v()])],2)),v(),i.value==="grid"?(w(),k("div",{key:2,class:Ie(["tab-pane flex-grow-1 overflow-hidden position-relative",{"show active":i.value==="grid"}])},[A("div",jY,[we(tv),v(),we(o7,{class:"flex-grow-1 overflow-auto plan-grid"})])],2)):oe("",!0),v(),A("div",{class:Ie(["tab-pane flex-grow-1 overflow-hidden position-relative",{"show active":i.value==="raw"}])},[A("div",JY,[A("div",QY,[A("pre",ZY,[A("code",{innerHTML:h(i5)(e.planSource)},null,8,eq)])]),v(),we(B1,{content:e.planSource},null,8,["content"])])],2),v(),s.value?(w(),k("div",{key:3,class:Ie(["tab-pane flex-grow-1 overflow-hidden position-relative",{"show active":i.value==="query"}])},[A("div",tq,[A("div",nq,[A("pre",rq,[A("code",{innerHTML:h(r5)(s.value)},null,8,iq)])])]),v(),we(B1,{content:s.value},null,8,["content"])],2)):oe("",!0),v(),A("div",{class:Ie(["tab-pane flex-grow-1 overflow-auto",{"show active":i.value==="stats"}])},[c.value?(w(),It(_V,{key:0})):oe("",!0)],2)])],512))}});const sq=`Nested Loop Left Join  (cost=11.95..28.52 rows=5 width=157) (actual time=0.010..0.010 rows=0 loops=1)
  Output: rel_users_exams.user_username, rel_users_exams.exam_id, rel_users_exams.started_at, rel_users_exams.finished_at, exam_1.id, exam_1.title, exam_1.date_from, exam_1.date_to, exam_1.created, exam_1.created_by_, exam_1.duration, exam_1.success_threshold, exam_1.published
  Inner Unique: true
  Join Filter: (exam_1.id = rel_users_exams.exam_id)
  Buffers: shared hit=1
  ->  Bitmap Heap Scan on public.rel_users_exams  (cost=11.80..20.27 rows=5 width=52) (actual time=0.009..0.009 rows=0 loops=1)
        Output: rel_users_exams.user_username, rel_users_exams.exam_id, rel_users_exams.started_at, rel_users_exams.finished_at
        Recheck Cond: (1 = rel_users_exams.exam_id)
        Buffers: shared hit=1
        ->  Bitmap Index Scan on rel_users_exams_pkey  (cost=0.00..11.80 rows=5 width=0) (actual time=0.005..0.005 rows=0 loops=1)
              Index Cond: (1 = rel_users_exams.exam_id)
              Buffers: shared hit=1
  ->  Materialize  (cost=0.15..8.17 rows=1 width=105) (never executed)
        Output: exam_1.id, exam_1.title, exam_1.date_from, exam_1.date_to, exam_1.created, exam_1.created_by_, exam_1.duration, exam_1.success_threshold, exam_1.published
        ->  Index Scan using exam_pkey on public.exam exam_1  (cost=0.15..8.17 rows=1 width=105) (never executed)
              Output: exam_1.id, exam_1.title, exam_1.date_from, exam_1.date_to, exam_1.created, exam_1.created_by_, exam_1.duration, exam_1.success_threshold, exam_1.published
              Index Cond: (exam_1.id = 1)
Planning Time: 1.110 ms
Execution Time: 0.170 ms
`,yv=`SELECT rel_users_exams.user_username AS rel_users_exams_user_username,
         rel_users_exams.exam_id AS rel_users_exams_exam_id,
         rel_users_exams.started_at AS rel_users_exams_started_at,
         rel_users_exams.finished_at AS rel_users_exams_finished_at,
         exam_1.id AS exam_1_id,
         exam_1.title AS exam_1_title,
         exam_1.date_from AS exam_1_date_from,
         exam_1.date_to AS exam_1_date_to,
         exam_1.created AS exam_1_created,
         exam_1.created_by_ AS exam_1_created_by_,
         exam_1.duration AS exam_1_duration,
         exam_1.success_threshold AS exam_1_success_threshold,
         exam_1.published AS exam_1_published
FROM rel_users_exams LEFT OUTER
JOIN exam AS exam_1
    ON exam_1.id = rel_users_exams.exam_id
WHERE 1 = rel_users_exams.exam_id;
`,oq=`[
  {
    "Plan": {
      "Node Type": "Nested Loop",
      "Parallel Aware": false,
      "Join Type": "Left",
      "Startup Cost": 11.95,
      "Total Cost": 28.52,
      "Plan Rows": 5,
      "Plan Width": 157,
      "Actual Startup Time": 0.007,
      "Actual Total Time": 0.007,
      "Actual Rows": 0,
      "Actual Loops": 1,
      "Output": ["rel_users_exams.user_username", "rel_users_exams.exam_id", "rel_users_exams.started_at", "rel_users_exams.finished_at", "exam_1.id", "exam_1.title", "exam_1.date_from", "exam_1.date_to", "exam_1.created", "exam_1.created_by_", "exam_1.duration", "exam_1.success_threshold", "exam_1.published"],
      "Inner Unique": true,
      "Join Filter": "(exam_1.id = rel_users_exams.exam_id)",
      "Rows Removed by Join Filter": 0,
      "Shared Hit Blocks": 1,
      "Shared Read Blocks": 0,
      "Shared Dirtied Blocks": 0,
      "Shared Written Blocks": 0,
      "Local Hit Blocks": 0,
      "Local Read Blocks": 0,
      "Local Dirtied Blocks": 0,
      "Local Written Blocks": 0,
      "Temp Read Blocks": 0,
      "Temp Written Blocks": 0,
      "Plans": [
        {
          "Node Type": "Bitmap Heap Scan",
          "Parent Relationship": "Outer",
          "Parallel Aware": false,
          "Relation Name": "rel_users_exams",
          "Schema": "public",
          "Alias": "rel_users_exams",
          "Startup Cost": 11.80,
          "Total Cost": 20.27,
          "Plan Rows": 5,
          "Plan Width": 52,
          "Actual Startup Time": 0.006,
          "Actual Total Time": 0.006,
          "Actual Rows": 0,
          "Actual Loops": 1,
          "Output": ["rel_users_exams.user_username", "rel_users_exams.exam_id", "rel_users_exams.started_at", "rel_users_exams.finished_at"],
          "Recheck Cond": "(1 = rel_users_exams.exam_id)",
          "Rows Removed by Index Recheck": 0,
          "Exact Heap Blocks": 0,
          "Lossy Heap Blocks": 0,
          "Shared Hit Blocks": 1,
          "Shared Read Blocks": 0,
          "Shared Dirtied Blocks": 0,
          "Shared Written Blocks": 0,
          "Local Hit Blocks": 0,
          "Local Read Blocks": 0,
          "Local Dirtied Blocks": 0,
          "Local Written Blocks": 0,
          "Temp Read Blocks": 0,
          "Temp Written Blocks": 0,
          "Plans": [
            {
              "Node Type": "Bitmap Index Scan",
              "Parent Relationship": "Outer",
              "Parallel Aware": false,
              "Index Name": "rel_users_exams_pkey",
              "Startup Cost": 0.00,
              "Total Cost": 11.80,
              "Plan Rows": 5,
              "Plan Width": 0,
              "Actual Startup Time": 0.003,
              "Actual Total Time": 0.004,
              "Actual Rows": 0,
              "Actual Loops": 1,
              "Index Cond": "(1 = rel_users_exams.exam_id)",
              "Shared Hit Blocks": 1,
              "Shared Read Blocks": 0,
              "Shared Dirtied Blocks": 0,
              "Shared Written Blocks": 0,
              "Local Hit Blocks": 0,
              "Local Read Blocks": 0,
              "Local Dirtied Blocks": 0,
              "Local Written Blocks": 0,
              "Temp Read Blocks": 0,
              "Temp Written Blocks": 0
            }
          ]
        },
        {
          "Node Type": "Materialize",
          "Parent Relationship": "Inner",
          "Parallel Aware": false,
          "Startup Cost": 0.15,
          "Total Cost": 8.17,
          "Plan Rows": 1,
          "Plan Width": 105,
          "Actual Startup Time": 0.000,
          "Actual Total Time": 0.000,
          "Actual Rows": 0,
          "Actual Loops": 0,
          "Output": ["exam_1.id", "exam_1.title", "exam_1.date_from", "exam_1.date_to", "exam_1.created", "exam_1.created_by_", "exam_1.duration", "exam_1.success_threshold", "exam_1.published"],
          "Shared Hit Blocks": 0,
          "Shared Read Blocks": 0,
          "Shared Dirtied Blocks": 0,
          "Shared Written Blocks": 0,
          "Local Hit Blocks": 0,
          "Local Read Blocks": 0,
          "Local Dirtied Blocks": 0,
          "Local Written Blocks": 0,
          "Temp Read Blocks": 0,
          "Temp Written Blocks": 0,
          "Plans": [
            {
              "Node Type": "Index Scan",
              "Parent Relationship": "Outer",
              "Parallel Aware": false,
              "Scan Direction": "Forward",
              "Index Name": "exam_pkey",
              "Relation Name": "exam",
              "Schema": "public",
              "Alias": "exam_1",
              "Startup Cost": 0.15,
              "Total Cost": 8.17,
              "Plan Rows": 1,
              "Plan Width": 105,
              "Actual Startup Time": 0.000,
              "Actual Total Time": 0.000,
              "Actual Rows": 0,
              "Actual Loops": 0,
              "Output": ["exam_1.id", "exam_1.title", "exam_1.date_from", "exam_1.date_to", "exam_1.created", "exam_1.created_by_", "exam_1.duration", "exam_1.success_threshold", "exam_1.published"],
              "Index Cond": "(exam_1.id = 1)",
              "Rows Removed by Index Recheck": 0,
              "Shared Hit Blocks": 0,
              "Shared Read Blocks": 0,
              "Shared Dirtied Blocks": 0,
              "Shared Written Blocks": 0,
              "Local Hit Blocks": 0,
              "Local Read Blocks": 0,
              "Local Dirtied Blocks": 0,
              "Local Written Blocks": 0,
              "Temp Read Blocks": 0,
              "Temp Written Blocks": 0
            }
          ]
        }
      ]
    },
    "Planning Time": 0.905,
    "Triggers": [
    ],
    "Execution Time": 0.134
  }
]`,lq=`[
  {
    "Plan": {
      "Node Type": "Sort",
      "Parallel Aware": false,
      "Startup Cost": 624.86,
      "Total Cost": 625.88,
      "Plan Rows": 410,
      "Plan Width": 726,
      "Actual Startup Time": 6.039,
      "Actual Total Time": 6.088,
      "Actual Rows": 339,
      "Actual Loops": 1,
      "Output": ["rel_users_exams.user_username", "rel_users_exams.exam_id", "rel_users_exams.started_at", "rel_users_exams.finished_at", "answer_1.id", "answer_1.text", "answer_1.correct", "answer_1.fraction", "answer_1.question_id", "question_1.id", "question_1.title", "question_1.text", "question_1.file", "question_1.type", "question_1.source", "question_1.exam_id", "exam_1.id", "exam_1.title", "exam_1.date_from", "exam_1.date_to", "exam_1.created", "exam_1.created_by_", "exam_1.duration", "exam_1.success_threshold", "exam_1.published"],
      "Sort Key": ["question_1.id"],
      "Sort Method": "quicksort",
      "Sort Space Used": 409,
      "Sort Space Type": "Memory",
      "Shared Hit Blocks": 363,
      "Shared Read Blocks": 0,
      "Shared Dirtied Blocks": 0,
      "Shared Written Blocks": 0,
      "Local Hit Blocks": 0,
      "Local Read Blocks": 0,
      "Local Dirtied Blocks": 0,
      "Local Written Blocks": 0,
      "Temp Read Blocks": 0,
      "Temp Written Blocks": 0,
      "Plans": [
        {
          "Node Type": "Nested Loop",
          "Parent Relationship": "Outer",
          "Parallel Aware": false,
          "Join Type": "Left",
          "Startup Cost": 228.60,
          "Total Cost": 607.06,
          "Plan Rows": 410,
          "Plan Width": 726,
          "Actual Startup Time": 1.074,
          "Actual Total Time": 5.576,
          "Actual Rows": 339,
          "Actual Loops": 1,
          "Output": ["rel_users_exams.user_username", "rel_users_exams.exam_id", "rel_users_exams.started_at", "rel_users_exams.finished_at", "answer_1.id", "answer_1.text", "answer_1.correct", "answer_1.fraction", "answer_1.question_id", "question_1.id", "question_1.title", "question_1.text", "question_1.file", "question_1.type", "question_1.source", "question_1.exam_id", "exam_1.id", "exam_1.title", "exam_1.date_from", "exam_1.date_to", "exam_1.created", "exam_1.created_by_", "exam_1.duration", "exam_1.success_threshold", "exam_1.published"],
          "Join Filter": "(exam_1.id = question_1.exam_id)",
          "Rows Removed by Join Filter": 0,
          "Shared Hit Blocks": 360,
          "Shared Read Blocks": 0,
          "Shared Dirtied Blocks": 0,
          "Shared Written Blocks": 0,
          "Local Hit Blocks": 0,
          "Local Read Blocks": 0,
          "Local Dirtied Blocks": 0,
          "Local Written Blocks": 0,
          "Temp Read Blocks": 0,
          "Temp Written Blocks": 0,
          "Plans": [
            {
              "Node Type": "Nested Loop",
              "Parent Relationship": "Outer",
              "Parallel Aware": false,
              "Join Type": "Left",
              "Startup Cost": 0.00,
              "Total Cost": 2.94,
              "Plan Rows": 1,
              "Plan Width": 99,
              "Actual Startup Time": 0.025,
              "Actual Total Time": 0.033,
              "Actual Rows": 1,
              "Actual Loops": 1,
              "Output": ["rel_users_exams.user_username", "rel_users_exams.exam_id", "rel_users_exams.started_at", "rel_users_exams.finished_at", "exam_1.id", "exam_1.title", "exam_1.date_from", "exam_1.date_to", "exam_1.created", "exam_1.created_by_", "exam_1.duration", "exam_1.success_threshold", "exam_1.published"],
              "Join Filter": "(exam_1.id = rel_users_exams.exam_id)",
              "Rows Removed by Join Filter": 0,
              "Shared Hit Blocks": 2,
              "Shared Read Blocks": 0,
              "Shared Dirtied Blocks": 0,
              "Shared Written Blocks": 0,
              "Local Hit Blocks": 0,
              "Local Read Blocks": 0,
              "Local Dirtied Blocks": 0,
              "Local Written Blocks": 0,
              "Temp Read Blocks": 0,
              "Temp Written Blocks": 0,
              "Plans": [
                {
                  "Node Type": "Seq Scan",
                  "Parent Relationship": "Outer",
                  "Parallel Aware": false,
                  "Relation Name": "rel_users_exams",
                  "Schema": "public",
                  "Alias": "rel_users_exams",
                  "Startup Cost": 0.00,
                  "Total Cost": 1.73,
                  "Plan Rows": 1,
                  "Plan Width": 27,
                  "Actual Startup Time": 0.016,
                  "Actual Total Time": 0.021,
                  "Actual Rows": 1,
                  "Actual Loops": 1,
                  "Output": ["rel_users_exams.user_username", "rel_users_exams.exam_id", "rel_users_exams.started_at", "rel_users_exams.finished_at"],
                  "Filter": "((rel_users_exams.exam_id = 1) AND ((rel_users_exams.user_username)::text = 'nicolas1'::text))",
                  "Rows Removed by Filter": 56,
                  "Shared Hit Blocks": 1,
                  "Shared Read Blocks": 0,
                  "Shared Dirtied Blocks": 0,
                  "Shared Written Blocks": 0,
                  "Local Hit Blocks": 0,
                  "Local Read Blocks": 0,
                  "Local Dirtied Blocks": 0,
                  "Local Written Blocks": 0,
                  "Temp Read Blocks": 0,
                  "Temp Written Blocks": 0
                },
                {
                  "Node Type": "Seq Scan",
                  "Parent Relationship": "Inner",
                  "Parallel Aware": false,
                  "Relation Name": "exam",
                  "Schema": "public",
                  "Alias": "exam_1",
                  "Startup Cost": 0.00,
                  "Total Cost": 1.19,
                  "Plan Rows": 1,
                  "Plan Width": 72,
                  "Actual Startup Time": 0.006,
                  "Actual Total Time": 0.009,
                  "Actual Rows": 1,
                  "Actual Loops": 1,
                  "Output": ["exam_1.id", "exam_1.title", "exam_1.date_from", "exam_1.date_to", "exam_1.created", "exam_1.created_by_", "exam_1.duration", "exam_1.success_threshold", "exam_1.published"],
                  "Filter": "(exam_1.id = 1)",
                  "Rows Removed by Filter": 35,
                  "Shared Hit Blocks": 1,
                  "Shared Read Blocks": 0,
                  "Shared Dirtied Blocks": 0,
                  "Shared Written Blocks": 0,
                  "Local Hit Blocks": 0,
                  "Local Read Blocks": 0,
                  "Local Dirtied Blocks": 0,
                  "Local Written Blocks": 0,
                  "Temp Read Blocks": 0,
                  "Temp Written Blocks": 0
                }
              ]
            },
            {
              "Node Type": "Hash Join",
              "Parent Relationship": "Inner",
              "Parallel Aware": false,
              "Join Type": "Right",
              "Startup Cost": 228.60,
              "Total Cost": 599.00,
              "Plan Rows": 410,
              "Plan Width": 627,
              "Actual Startup Time": 1.047,
              "Actual Total Time": 5.420,
              "Actual Rows": 339,
              "Actual Loops": 1,
              "Output": ["question_1.id", "question_1.title", "question_1.text", "question_1.file", "question_1.type", "question_1.source", "question_1.exam_id", "answer_1.id", "answer_1.text", "answer_1.correct", "answer_1.fraction", "answer_1.question_id"],
              "Hash Cond": "(answer_1.question_id = question_1.id)",
              "Shared Hit Blocks": 358,
              "Shared Read Blocks": 0,
              "Shared Dirtied Blocks": 0,
              "Shared Written Blocks": 0,
              "Local Hit Blocks": 0,
              "Local Read Blocks": 0,
              "Local Dirtied Blocks": 0,
              "Local Written Blocks": 0,
              "Temp Read Blocks": 0,
              "Temp Written Blocks": 0,
              "Plans": [
                {
                  "Node Type": "Seq Scan",
                  "Parent Relationship": "Outer",
                  "Parallel Aware": false,
                  "Relation Name": "answer",
                  "Schema": "public",
                  "Alias": "answer_1",
                  "Startup Cost": 0.00,
                  "Total Cost": 311.13,
                  "Plan Rows": 14713,
                  "Plan Width": 55,
                  "Actual Startup Time": 0.007,
                  "Actual Total Time": 1.962,
                  "Actual Rows": 14726,
                  "Actual Loops": 1,
                  "Output": ["answer_1.id", "answer_1.text", "answer_1.correct", "answer_1.fraction", "answer_1.question_id"],
                  "Shared Hit Blocks": 164,
                  "Shared Read Blocks": 0,
                  "Shared Dirtied Blocks": 0,
                  "Shared Written Blocks": 0,
                  "Local Hit Blocks": 0,
                  "Local Read Blocks": 0,
                  "Local Dirtied Blocks": 0,
                  "Local Written Blocks": 0,
                  "Temp Read Blocks": 0,
                  "Temp Written Blocks": 0
                },
                {
                  "Node Type": "Hash",
                  "Parent Relationship": "Inner",
                  "Parallel Aware": false,
                  "Startup Cost": 227.66,
                  "Total Cost": 227.66,
                  "Plan Rows": 75,
                  "Plan Width": 572,
                  "Actual Startup Time": 1.025,
                  "Actual Total Time": 1.025,
                  "Actual Rows": 63,
                  "Actual Loops": 1,
                  "Output": ["question_1.id", "question_1.title", "question_1.text", "question_1.file", "question_1.type", "question_1.source", "question_1.exam_id"],
                  "Hash Buckets": 1024,
                  "Original Hash Buckets": 1024,
                  "Hash Batches": 1,
                  "Original Hash Batches": 1,
                  "Peak Memory Usage": 46,
                  "Shared Hit Blocks": 194,
                  "Shared Read Blocks": 0,
                  "Shared Dirtied Blocks": 0,
                  "Shared Written Blocks": 0,
                  "Local Hit Blocks": 0,
                  "Local Read Blocks": 0,
                  "Local Dirtied Blocks": 0,
                  "Local Written Blocks": 0,
                  "Temp Read Blocks": 0,
                  "Temp Written Blocks": 0,
                  "Plans": [
                    {
                      "Node Type": "Seq Scan",
                      "Parent Relationship": "Outer",
                      "Parallel Aware": false,
                      "Relation Name": "question",
                      "Schema": "public",
                      "Alias": "question_1",
                      "Startup Cost": 0.00,
                      "Total Cost": 227.66,
                      "Plan Rows": 75,
                      "Plan Width": 572,
                      "Actual Startup Time": 0.004,
                      "Actual Total Time": 0.984,
                      "Actual Rows": 63,
                      "Actual Loops": 1,
                      "Output": ["question_1.id", "question_1.title", "question_1.text", "question_1.file", "question_1.type", "question_1.source", "question_1.exam_id"],
                      "Filter": "(question_1.exam_id = 1)",
                      "Rows Removed by Filter": 2637,
                      "Shared Hit Blocks": 194,
                      "Shared Read Blocks": 0,
                      "Shared Dirtied Blocks": 0,
                      "Shared Written Blocks": 0,
                      "Local Hit Blocks": 0,
                      "Local Read Blocks": 0,
                      "Local Dirtied Blocks": 0,
                      "Local Written Blocks": 0,
                      "Temp Read Blocks": 0,
                      "Temp Written Blocks": 0
                    }
                  ]
                }
              ]
            }
          ]
        }
      ]
    },
    "Planning Time": 1.206,
    "Triggers": [
    ],
    "Execution Time": 6.248
  }
]
`,cq=`SELECT rel_users_exams.user_username AS rel_users_exams_user_username,
         rel_users_exams.exam_id AS rel_users_exams_exam_id,
         rel_users_exams.started_at AS rel_users_exams_started_at,
         rel_users_exams.finished_at AS rel_users_exams_finished_at,
         answer_1.id AS answer_1_id,
         answer_1.text AS answer_1_text,
         answer_1.correct AS answer_1_correct,
         answer_1.fraction AS answer_1_fraction,
         answer_1.question_id AS answer_1_question_id,
         question_1.id AS question_1_id,
         question_1.title AS question_1_title,
         question_1.text AS question_1_text,
         question_1.file AS question_1_file,
         question_1.type AS question_1_type,
         question_1.source AS question_1_source,
         question_1.exam_id AS question_1_exam_id,
         exam_1.id AS exam_1_id,
         exam_1.title AS exam_1_title,
         exam_1.date_from AS exam_1_date_from,
         exam_1.date_to AS exam_1_date_to,
         exam_1.created AS exam_1_created,
         exam_1.created_by_ AS exam_1_created_by_,
         exam_1.duration AS exam_1_duration,
         exam_1.success_threshold AS exam_1_success_threshold,
         exam_1.published AS exam_1_published
FROM rel_users_exams LEFT OUTER
JOIN exam AS exam_1
    ON exam_1.id = rel_users_exams.exam_id LEFT OUTER
JOIN question AS question_1
    ON exam_1.id = question_1.exam_id LEFT OUTER
JOIN answer AS answer_1
    ON question_1.id = answer_1.question_id
WHERE rel_users_exams.user_username = %(param_1)s
        AND rel_users_exams.exam_id = %(param_2)s
ORDER BY  question_1.id;
SELECT rel_users_exams.user_username AS rel_users_exams_user_username,
           rel_users_exams.exam_id AS rel_users_exams_exam_id,
           rel_users_exams.started_at AS rel_users_exams_started_at,
           rel_users_exams.finished_at AS rel_users_exams_finished_at,
           answer_1.id AS answer_1_id,
           answer_1.text AS answer_1_text,
           answer_1.correct AS answer_1_correct,
           answer_1.fraction AS answer_1_fraction,
           answer_1.question_id AS answer_1_question_id,
           question_1.id AS question_1_id,
           question_1.title AS question_1_title,
           question_1.text AS question_1_text,
           question_1.file AS question_1_file,
           question_1.type AS question_1_type,
           question_1.source AS question_1_source,
           question_1.exam_id AS question_1_exam_id,
           exam_1.id AS exam_1_id,
           exam_1.title AS exam_1_title,
           exam_1.date_from AS exam_1_date_from,
           exam_1.date_to AS exam_1_date_to,
           exam_1.created AS exam_1_created,
           exam_1.created_by_ AS exam_1_created_by_,
           exam_1.duration AS exam_1_duration,
           exam_1.success_threshold AS exam_1_success_threshold,
           exam_1.published AS exam_1_published
FROM rel_users_exams LEFT OUTER
JOIN exam AS exam_1
    ON exam_1.id = rel_users_exams.exam_id LEFT OUTER
JOIN question AS question_1
    ON exam_1.id = question_1.exam_id LEFT OUTER
JOIN answer AS answer_1
    ON question_1.id = answer_1.question_id
WHERE rel_users_exams.user_username = %(param_1)s
        AND rel_users_exams.exam_id = %(param_2)s
ORDER BY  question_1.id;
`,uq=`[
  {
    "Plan": {
      "Node Type": "Result",
      "Startup Cost": 0.00,
      "Total Cost": 50.13,
      "Plan Rows": 7,
      "Plan Width": 405,
      "Actual Startup Time": 0.139,
      "Actual Total Time": 0.231,
      "Actual Rows": 4,
      "Actual Loops": 1,
      "Plans": [
        {
          "Node Type": "Append",
          "Parent Relationship": "Outer",
          "Startup Cost": 0.00,
          "Total Cost": 50.11,
          "Plan Rows": 7,
          "Plan Width": 405,
          "Actual Startup Time": 0.131,
          "Actual Total Time": 0.218,
          "Actual Rows": 4,
          "Actual Loops": 1,
          "Plans": [
            {
              "Node Type": "Index Scan",
              "Parent Relationship": "Member",
              "Scan Direction": "NoMovement",
              "Index Name": "idx_paris_tags",
              "Relation Name": "paris",
              "Alias": "paris",
              "Startup Cost": 0.00,
              "Total Cost": 8.27,
              "Plan Rows": 1,
              "Plan Width": 450,
              "Actual Startup Time": 0.009,
              "Actual Total Time": 0.009,
              "Actual Rows": 0,
              "Actual Loops": 1,
              "Index Cond": "(tags ? 'tourism'::text)",
              "Filter": "(ar_num = 8)"
            },
            {
              "Node Type": "Seq Scan",
              "Parent Relationship": "Member",
              "Relation Name": "paris_linestrings",
              "Alias": "paris",
              "Startup Cost": 0.00,
              "Total Cost": 11.80,
              "Plan Rows": 1,
              "Plan Width": 450,
              "Actual Startup Time": 0.001,
              "Actual Total Time": 0.001,
              "Actual Rows": 0,
              "Actual Loops": 1,
              "Filter": "((tags ? 'tourism'::text) AND (ar_num = 8))"
            },
            {
              "Node Type": "Index Scan",
              "Parent Relationship": "Member",
              "Scan Direction": "NoMovement",
              "Index Name": "idx_paris_points_tags",
              "Relation Name": "paris_points",
              "Alias": "paris",
              "Startup Cost": 0.00,
              "Total Cost": 8.27,
              "Plan Rows": 1,
              "Plan Width": 450,
              "Actual Startup Time": 0.003,
              "Actual Total Time": 0.003,
              "Actual Rows": 0,
              "Actual Loops": 1,
              "Index Cond": "(tags ? 'tourism'::text)",
              "Filter": "(ar_num = 8)"
            },
            {
              "Node Type": "Index Scan",
              "Parent Relationship": "Member",
              "Scan Direction": "NoMovement",
              "Index Name": "idx_paris_polygons_tags",
              "Relation Name": "paris_polygons",
              "Alias": "paris",
              "Startup Cost": 0.00,
              "Total Cost": 8.27,
              "Plan Rows": 1,
              "Plan Width": 450,
              "Actual Startup Time": 0.002,
              "Actual Total Time": 0.002,
              "Actual Rows": 0,
              "Actual Loops": 1,
              "Index Cond": "(tags ? 'tourism'::text)",
              "Filter": "(ar_num = 8)"
            },
            {
              "Node Type": "Seq Scan",
              "Parent Relationship": "Member",
              "Relation Name": "paris_linestrings_ar_08",
              "Alias": "paris",
              "Startup Cost": 0.00,
              "Total Cost": 7.27,
              "Plan Rows": 1,
              "Plan Width": 513,
              "Actual Startup Time": 0.103,
              "Actual Total Time": 0.103,
              "Actual Rows": 0,
              "Actual Loops": 1,
              "Filter": "((tags ? 'tourism'::text) AND (ar_num = 8))"
            },
            {
              "Node Type": "Seq Scan",
              "Parent Relationship": "Member",
              "Relation Name": "paris_points_ar_08",
              "Alias": "paris",
              "Startup Cost": 0.00,
              "Total Cost": 5.16,
              "Plan Rows": 1,
              "Plan Width": 72,
              "Actual Startup Time": 0.009,
              "Actual Total Time": 0.085,
              "Actual Rows": 4,
              "Actual Loops": 1,
              "Filter": "((tags ? 'tourism'::text) AND (ar_num = 8))"
            },
            {
              "Node Type": "Seq Scan",
              "Parent Relationship": "Member",
              "Relation Name": "paris_polygons_ar_08",
              "Alias": "paris",
              "Startup Cost": 0.00,
              "Total Cost": 1.08,
              "Plan Rows": 1,
              "Plan Width": 450,
              "Actual Startup Time": 0.007,
              "Actual Total Time": 0.007,
              "Actual Rows": 0,
              "Actual Loops": 1,
              "Filter": "((tags ? 'tourism'::text) AND (ar_num = 8))"
            }
          ]
        }
      ]
    },
    "Triggers": [
    ],
    "Total Runtime": 1.238
  }
]
`,dq=`SELECT feature_name, tags->'tourism' As tourism_type FROM ch03.paris
    WHERE ar_num = 8 AND tags?'tourism';
`,fq=`[
  {
    "Plan": {
      "Node Type": "Sort",
      "Startup Cost": 1460.74,
      "Total Cost": 1470.87,
      "Plan Rows": 4050,
      "Plan Width": 183,
      "Actual Startup Time": 13.766,
      "Actual Total Time": 13.793,
      "Actual Rows": 352,
      "Actual Loops": 1,
      "Output": ["sv.variant_id", "sv.sku", "sp.slug", "sp.name", "vc.color", "pr.min_price", "pcc.available_colors", "sv.product_id"],
      "Sort Key": ["sv.product_id"],
      "Sort Method": "quicksort",
      "Sort Space Used": 101,
      "Sort Space Type": "Memory",
      "Shared Hit Blocks": 2695,
      "Shared Read Blocks": 0,
      "Shared Dirtied Blocks": 0,
      "Shared Written Blocks": 0,
      "Local Hit Blocks": 0,
      "Local Read Blocks": 0,
      "Local Dirtied Blocks": 0,
      "Local Written Blocks": 0,
      "Temp Read Blocks": 0,
      "Temp Written Blocks": 0,
      "I/O Read Time": 0.000,
      "I/O Write Time": 0.000,
      "Plans": [
        {
          "Node Type": "Seq Scan",
          "Parent Relationship": "InitPlan",
          "Subplan Name": "CTE catalog_variants",
          "Relation Name": "spree_variants",
          "Schema": "public",
          "Alias": "spree_variants",
          "Startup Cost": 0.00,
          "Total Cost": 80.47,
          "Plan Rows": 352,
          "Plan Width": 19,
          "Actual Startup Time": 0.022,
          "Actual Total Time": 0.740,
          "Actual Rows": 352,
          "Actual Loops": 1,
          "Output": ["spree_variants.id", "spree_variants.product_id", "spree_variants.sku"],
          "Filter": "((spree_variants.deleted_at IS NULL) AND spree_variants.show_in_catalog)",
          "Rows Removed by Filter": 3595,
          "Shared Hit Blocks": 41,
          "Shared Read Blocks": 0,
          "Shared Dirtied Blocks": 0,
          "Shared Written Blocks": 0,
          "Local Hit Blocks": 0,
          "Local Read Blocks": 0,
          "Local Dirtied Blocks": 0,
          "Local Written Blocks": 0,
          "Temp Read Blocks": 0,
          "Temp Written Blocks": 0,
          "I/O Read Time": 0.000,
          "I/O Write Time": 0.000
        },
        {
          "Node Type": "Aggregate",
          "Strategy": "Sorted",
          "Parent Relationship": "InitPlan",
          "Subplan Name": "CTE product_color_classifications",
          "Startup Cost": 288.86,
          "Total Cost": 292.38,
          "Plan Rows": 176,
          "Plan Width": 12,
          "Actual Startup Time": 2.799,
          "Actual Total Time": 3.980,
          "Actual Rows": 311,
          "Actual Loops": 1,
          "Output": ["sv_1.product_id", "array_agg(DISTINCT sov.presentation)"],
          "Group Key": ["sv_1.product_id"],
          "Shared Hit Blocks": 1295,
          "Shared Read Blocks": 0,
          "Shared Dirtied Blocks": 0,
          "Shared Written Blocks": 0,
          "Local Hit Blocks": 0,
          "Local Read Blocks": 0,
          "Local Dirtied Blocks": 0,
          "Local Written Blocks": 0,
          "Temp Read Blocks": 0,
          "Temp Written Blocks": 0,
          "I/O Read Time": 0.000,
          "I/O Write Time": 0.000,
          "Plans": [
            {
              "Node Type": "Sort",
              "Parent Relationship": "Outer",
              "Startup Cost": 288.86,
              "Total Cost": 289.30,
              "Plan Rows": 176,
              "Plan Width": 12,
              "Actual Startup Time": 2.676,
              "Actual Total Time": 2.705,
              "Actual Rows": 352,
              "Actual Loops": 1,
              "Output": ["sv_1.product_id", "sov.presentation"],
              "Sort Key": ["sv_1.product_id"],
              "Sort Method": "quicksort",
              "Sort Space Used": 41,
              "Sort Space Type": "Memory",
              "Shared Hit Blocks": 1287,
              "Shared Read Blocks": 0,
              "Shared Dirtied Blocks": 0,
              "Shared Written Blocks": 0,
              "Local Hit Blocks": 0,
              "Local Read Blocks": 0,
              "Local Dirtied Blocks": 0,
              "Local Written Blocks": 0,
              "Temp Read Blocks": 0,
              "Temp Written Blocks": 0,
              "I/O Read Time": 0.000,
              "I/O Write Time": 0.000,
              "Plans": [
                {
                  "Node Type": "Hash Join",
                  "Parent Relationship": "Outer",
                  "Join Type": "Inner",
                  "Startup Cost": 20.28,
                  "Total Cost": 282.30,
                  "Plan Rows": 176,
                  "Plan Width": 12,
                  "Actual Startup Time": 0.312,
                  "Actual Total Time": 2.450,
                  "Actual Rows": 352,
                  "Actual Loops": 1,
                  "Output": ["sv_1.product_id", "sov.presentation"],
                  "Hash Cond": "(sov_sv.option_value_id = sov.id)",
                  "Shared Hit Blocks": 1287,
                  "Shared Read Blocks": 0,
                  "Shared Dirtied Blocks": 0,
                  "Shared Written Blocks": 0,
                  "Local Hit Blocks": 0,
                  "Local Read Blocks": 0,
                  "Local Dirtied Blocks": 0,
                  "Local Written Blocks": 0,
                  "Temp Read Blocks": 0,
                  "Temp Written Blocks": 0,
                  "I/O Read Time": 0.000,
                  "I/O Write Time": 0.000,
                  "Plans": [
                    {
                      "Node Type": "Nested Loop",
                      "Parent Relationship": "Outer",
                      "Join Type": "Inner",
                      "Startup Cost": 12.71,
                      "Total Cost": 270.98,
                      "Plan Rows": 528,
                      "Plan Width": 8,
                      "Actual Startup Time": 0.229,
                      "Actual Total Time": 2.086,
                      "Actual Rows": 1056,
                      "Actual Loops": 1,
                      "Output": ["sv_1.product_id", "sov_sv.option_value_id"],
                      "Shared Hit Blocks": 1284,
                      "Shared Read Blocks": 0,
                      "Shared Dirtied Blocks": 0,
                      "Shared Written Blocks": 0,
                      "Local Hit Blocks": 0,
                      "Local Read Blocks": 0,
                      "Local Dirtied Blocks": 0,
                      "Local Written Blocks": 0,
                      "Temp Read Blocks": 0,
                      "Temp Written Blocks": 0,
                      "I/O Read Time": 0.000,
                      "I/O Write Time": 0.000,
                      "Plans": [
                        {
                          "Node Type": "Hash Join",
                          "Parent Relationship": "Outer",
                          "Join Type": "Inner",
                          "Startup Cost": 12.42,
                          "Total Cost": 24.30,
                          "Plan Rows": 176,
                          "Plan Width": 12,
                          "Actual Startup Time": 0.221,
                          "Actual Total Time": 0.468,
                          "Actual Rows": 352,
                          "Actual Loops": 1,
                          "Output": ["sv_1.product_id", "sv_1.variant_id", "catalog_variants.variant_id"],
                          "Hash Cond": "(sv_1.variant_id = catalog_variants.variant_id)",
                          "Shared Hit Blocks": 0,
                          "Shared Read Blocks": 0,
                          "Shared Dirtied Blocks": 0,
                          "Shared Written Blocks": 0,
                          "Local Hit Blocks": 0,
                          "Local Read Blocks": 0,
                          "Local Dirtied Blocks": 0,
                          "Local Written Blocks": 0,
                          "Temp Read Blocks": 0,
                          "Temp Written Blocks": 0,
                          "I/O Read Time": 0.000,
                          "I/O Write Time": 0.000,
                          "Plans": [
                            {
                              "Node Type": "CTE Scan",
                              "Parent Relationship": "Outer",
                              "CTE Name": "catalog_variants",
                              "Alias": "sv_1",
                              "Startup Cost": 0.00,
                              "Total Cost": 7.04,
                              "Plan Rows": 352,
                              "Plan Width": 8,
                              "Actual Startup Time": 0.000,
                              "Actual Total Time": 0.086,
                              "Actual Rows": 352,
                              "Actual Loops": 1,
                              "Output": ["sv_1.variant_id", "sv_1.product_id", "sv_1.sku"],
                              "Shared Hit Blocks": 0,
                              "Shared Read Blocks": 0,
                              "Shared Dirtied Blocks": 0,
                              "Shared Written Blocks": 0,
                              "Local Hit Blocks": 0,
                              "Local Read Blocks": 0,
                              "Local Dirtied Blocks": 0,
                              "Local Written Blocks": 0,
                              "Temp Read Blocks": 0,
                              "Temp Written Blocks": 0,
                              "I/O Read Time": 0.000,
                              "I/O Write Time": 0.000
                            },
                            {
                              "Node Type": "Hash",
                              "Parent Relationship": "Inner",
                              "Startup Cost": 9.92,
                              "Total Cost": 9.92,
                              "Plan Rows": 200,
                              "Plan Width": 4,
                              "Actual Startup Time": 0.212,
                              "Actual Total Time": 0.212,
                              "Actual Rows": 352,
                              "Actual Loops": 1,
                              "Output": ["catalog_variants.variant_id"],
                              "Hash Buckets": 1024,
                              "Original Hash Buckets": 1024,
                              "Hash Batches": 1,
                              "Original Hash Batches": 1,
                              "Peak Memory Usage": 21,
                              "Shared Hit Blocks": 0,
                              "Shared Read Blocks": 0,
                              "Shared Dirtied Blocks": 0,
                              "Shared Written Blocks": 0,
                              "Local Hit Blocks": 0,
                              "Local Read Blocks": 0,
                              "Local Dirtied Blocks": 0,
                              "Local Written Blocks": 0,
                              "Temp Read Blocks": 0,
                              "Temp Written Blocks": 0,
                              "I/O Read Time": 0.000,
                              "I/O Write Time": 0.000,
                              "Plans": [
                                {
                                  "Node Type": "Aggregate",
                                  "Strategy": "Hashed",
                                  "Parent Relationship": "Outer",
                                  "Startup Cost": 7.92,
                                  "Total Cost": 9.92,
                                  "Plan Rows": 200,
                                  "Plan Width": 4,
                                  "Actual Startup Time": 0.112,
                                  "Actual Total Time": 0.158,
                                  "Actual Rows": 352,
                                  "Actual Loops": 1,
                                  "Output": ["catalog_variants.variant_id"],
                                  "Group Key": ["catalog_variants.variant_id"],
                                  "Shared Hit Blocks": 0,
                                  "Shared Read Blocks": 0,
                                  "Shared Dirtied Blocks": 0,
                                  "Shared Written Blocks": 0,
                                  "Local Hit Blocks": 0,
                                  "Local Read Blocks": 0,
                                  "Local Dirtied Blocks": 0,
                                  "Local Written Blocks": 0,
                                  "Temp Read Blocks": 0,
                                  "Temp Written Blocks": 0,
                                  "I/O Read Time": 0.000,
                                  "I/O Write Time": 0.000,
                                  "Plans": [
                                    {
                                      "Node Type": "CTE Scan",
                                      "Parent Relationship": "Outer",
                                      "CTE Name": "catalog_variants",
                                      "Alias": "catalog_variants",
                                      "Startup Cost": 0.00,
                                      "Total Cost": 7.04,
                                      "Plan Rows": 352,
                                      "Plan Width": 4,
                                      "Actual Startup Time": 0.001,
                                      "Actual Total Time": 0.029,
                                      "Actual Rows": 352,
                                      "Actual Loops": 1,
                                      "Output": ["catalog_variants.variant_id", "catalog_variants.product_id", "catalog_variants.sku"],
                                      "Shared Hit Blocks": 0,
                                      "Shared Read Blocks": 0,
                                      "Shared Dirtied Blocks": 0,
                                      "Shared Written Blocks": 0,
                                      "Local Hit Blocks": 0,
                                      "Local Read Blocks": 0,
                                      "Local Dirtied Blocks": 0,
                                      "Local Written Blocks": 0,
                                      "Temp Read Blocks": 0,
                                      "Temp Written Blocks": 0,
                                      "I/O Read Time": 0.000,
                                      "I/O Write Time": 0.000
                                    }
                                  ]
                                }
                              ]
                            }
                          ]
                        },
                        {
                          "Node Type": "Index Scan",
                          "Parent Relationship": "Inner",
                          "Scan Direction": "Forward",
                          "Index Name": "index_spree_option_values_variants_on_variant_id",
                          "Relation Name": "spree_option_values_variants",
                          "Schema": "public",
                          "Alias": "sov_sv",
                          "Startup Cost": 0.29,
                          "Total Cost": 1.37,
                          "Plan Rows": 3,
                          "Plan Width": 8,
                          "Actual Startup Time": 0.002,
                          "Actual Total Time": 0.003,
                          "Actual Rows": 3,
                          "Actual Loops": 352,
                          "Output": ["sov_sv.variant_id", "sov_sv.option_value_id", "sov_sv.id"],
                          "Index Cond": "(sov_sv.variant_id = sv_1.variant_id)",
                          "Rows Removed by Index Recheck": 0,
                          "Shared Hit Blocks": 1284,
                          "Shared Read Blocks": 0,
                          "Shared Dirtied Blocks": 0,
                          "Shared Written Blocks": 0,
                          "Local Hit Blocks": 0,
                          "Local Read Blocks": 0,
                          "Local Dirtied Blocks": 0,
                          "Local Written Blocks": 0,
                          "Temp Read Blocks": 0,
                          "Temp Written Blocks": 0,
                          "I/O Read Time": 0.000,
                          "I/O Write Time": 0.000
                        }
                      ]
                    },
                    {
                      "Node Type": "Hash",
                      "Parent Relationship": "Inner",
                      "Startup Cost": 6.69,
                      "Total Cost": 6.69,
                      "Plan Rows": 71,
                      "Plan Width": 12,
                      "Actual Startup Time": 0.064,
                      "Actual Total Time": 0.064,
                      "Actual Rows": 11,
                      "Actual Loops": 1,
                      "Output": ["sov.presentation", "sov.id"],
                      "Hash Buckets": 1024,
                      "Original Hash Buckets": 1024,
                      "Hash Batches": 1,
                      "Original Hash Batches": 1,
                      "Peak Memory Usage": 9,
                      "Shared Hit Blocks": 3,
                      "Shared Read Blocks": 0,
                      "Shared Dirtied Blocks": 0,
                      "Shared Written Blocks": 0,
                      "Local Hit Blocks": 0,
                      "Local Read Blocks": 0,
                      "Local Dirtied Blocks": 0,
                      "Local Written Blocks": 0,
                      "Temp Read Blocks": 0,
                      "Temp Written Blocks": 0,
                      "I/O Read Time": 0.000,
                      "I/O Write Time": 0.000,
                      "Plans": [
                        {
                          "Node Type": "Hash Join",
                          "Parent Relationship": "Outer",
                          "Join Type": "Inner",
                          "Startup Cost": 1.05,
                          "Total Cost": 6.69,
                          "Plan Rows": 71,
                          "Plan Width": 12,
                          "Actual Startup Time": 0.020,
                          "Actual Total Time": 0.062,
                          "Actual Rows": 11,
                          "Actual Loops": 1,
                          "Output": ["sov.presentation", "sov.id"],
                          "Hash Cond": "(sov.option_type_id = sot.id)",
                          "Shared Hit Blocks": 3,
                          "Shared Read Blocks": 0,
                          "Shared Dirtied Blocks": 0,
                          "Shared Written Blocks": 0,
                          "Local Hit Blocks": 0,
                          "Local Read Blocks": 0,
                          "Local Dirtied Blocks": 0,
                          "Local Written Blocks": 0,
                          "Temp Read Blocks": 0,
                          "Temp Written Blocks": 0,
                          "I/O Read Time": 0.000,
                          "I/O Write Time": 0.000,
                          "Plans": [
                            {
                              "Node Type": "Seq Scan",
                              "Parent Relationship": "Outer",
                              "Relation Name": "spree_option_values",
                              "Schema": "public",
                              "Alias": "sov",
                              "Startup Cost": 0.00,
                              "Total Cost": 4.13,
                              "Plan Rows": 213,
                              "Plan Width": 16,
                              "Actual Startup Time": 0.003,
                              "Actual Total Time": 0.017,
                              "Actual Rows": 213,
                              "Actual Loops": 1,
                              "Output": ["sov.id", "sov.position", "sov.name", "sov.presentation", "sov.option_type_id", "sov.created_at", "sov.updated_at"],
                              "Shared Hit Blocks": 2,
                              "Shared Read Blocks": 0,
                              "Shared Dirtied Blocks": 0,
                              "Shared Written Blocks": 0,
                              "Local Hit Blocks": 0,
                              "Local Read Blocks": 0,
                              "Local Dirtied Blocks": 0,
                              "Local Written Blocks": 0,
                              "Temp Read Blocks": 0,
                              "Temp Written Blocks": 0,
                              "I/O Read Time": 0.000,
                              "I/O Write Time": 0.000
                            },
                            {
                              "Node Type": "Hash",
                              "Parent Relationship": "Inner",
                              "Startup Cost": 1.04,
                              "Total Cost": 1.04,
                              "Plan Rows": 1,
                              "Plan Width": 4,
                              "Actual Startup Time": 0.007,
                              "Actual Total Time": 0.007,
                              "Actual Rows": 1,
                              "Actual Loops": 1,
                              "Output": ["sot.id"],
                              "Hash Buckets": 1024,
                              "Original Hash Buckets": 1024,
                              "Hash Batches": 1,
                              "Original Hash Batches": 1,
                              "Peak Memory Usage": 9,
                              "Shared Hit Blocks": 1,
                              "Shared Read Blocks": 0,
                              "Shared Dirtied Blocks": 0,
                              "Shared Written Blocks": 0,
                              "Local Hit Blocks": 0,
                              "Local Read Blocks": 0,
                              "Local Dirtied Blocks": 0,
                              "Local Written Blocks": 0,
                              "Temp Read Blocks": 0,
                              "Temp Written Blocks": 0,
                              "I/O Read Time": 0.000,
                              "I/O Write Time": 0.000,
                              "Plans": [
                                {
                                  "Node Type": "Seq Scan",
                                  "Parent Relationship": "Outer",
                                  "Relation Name": "spree_option_types",
                                  "Schema": "public",
                                  "Alias": "sot",
                                  "Startup Cost": 0.00,
                                  "Total Cost": 1.04,
                                  "Plan Rows": 1,
                                  "Plan Width": 4,
                                  "Actual Startup Time": 0.003,
                                  "Actual Total Time": 0.003,
                                  "Actual Rows": 1,
                                  "Actual Loops": 1,
                                  "Output": ["sot.id"],
                                  "Filter": "((sot.name)::text = 'color_classification'::text)",
                                  "Rows Removed by Filter": 2,
                                  "Shared Hit Blocks": 1,
                                  "Shared Read Blocks": 0,
                                  "Shared Dirtied Blocks": 0,
                                  "Shared Written Blocks": 0,
                                  "Local Hit Blocks": 0,
                                  "Local Read Blocks": 0,
                                  "Local Dirtied Blocks": 0,
                                  "Local Written Blocks": 0,
                                  "Temp Read Blocks": 0,
                                  "Temp Written Blocks": 0,
                                  "I/O Read Time": 0.000,
                                  "I/O Write Time": 0.000
                                }
                              ]
                            }
                          ]
                        }
                      ]
                    }
                  ]
                }
              ]
            }
          ]
        },
        {
          "Node Type": "Hash Join",
          "Parent Relationship": "InitPlan",
          "Subplan Name": "CTE variant_colors",
          "Join Type": "Inner",
          "Startup Cost": 20.28,
          "Total Cost": 282.30,
          "Plan Rows": 176,
          "Plan Width": 12,
          "Actual Startup Time": 0.357,
          "Actual Total Time": 1.844,
          "Actual Rows": 352,
          "Actual Loops": 1,
          "Output": ["sv_2.variant_id", "sov_1.presentation"],
          "Hash Cond": "(sov_sv_1.option_value_id = sov_1.id)",
          "Shared Hit Blocks": 1287,
          "Shared Read Blocks": 0,
          "Shared Dirtied Blocks": 0,
          "Shared Written Blocks": 0,
          "Local Hit Blocks": 0,
          "Local Read Blocks": 0,
          "Local Dirtied Blocks": 0,
          "Local Written Blocks": 0,
          "Temp Read Blocks": 0,
          "Temp Written Blocks": 0,
          "I/O Read Time": 0.000,
          "I/O Write Time": 0.000,
          "Plans": [
            {
              "Node Type": "Nested Loop",
              "Parent Relationship": "Outer",
              "Join Type": "Inner",
              "Startup Cost": 12.71,
              "Total Cost": 270.98,
              "Plan Rows": 528,
              "Plan Width": 8,
              "Actual Startup Time": 0.233,
              "Actual Total Time": 1.555,
              "Actual Rows": 1056,
              "Actual Loops": 1,
              "Output": ["sv_2.variant_id", "sov_sv_1.option_value_id"],
              "Shared Hit Blocks": 1284,
              "Shared Read Blocks": 0,
              "Shared Dirtied Blocks": 0,
              "Shared Written Blocks": 0,
              "Local Hit Blocks": 0,
              "Local Read Blocks": 0,
              "Local Dirtied Blocks": 0,
              "Local Written Blocks": 0,
              "Temp Read Blocks": 0,
              "Temp Written Blocks": 0,
              "I/O Read Time": 0.000,
              "I/O Write Time": 0.000,
              "Plans": [
                {
                  "Node Type": "Hash Join",
                  "Parent Relationship": "Outer",
                  "Join Type": "Inner",
                  "Startup Cost": 12.42,
                  "Total Cost": 24.30,
                  "Plan Rows": 176,
                  "Plan Width": 8,
                  "Actual Startup Time": 0.214,
                  "Actual Total Time": 0.350,
                  "Actual Rows": 352,
                  "Actual Loops": 1,
                  "Output": ["sv_2.variant_id", "catalog_variants_1.variant_id"],
                  "Hash Cond": "(sv_2.variant_id = catalog_variants_1.variant_id)",
                  "Shared Hit Blocks": 0,
                  "Shared Read Blocks": 0,
                  "Shared Dirtied Blocks": 0,
                  "Shared Written Blocks": 0,
                  "Local Hit Blocks": 0,
                  "Local Read Blocks": 0,
                  "Local Dirtied Blocks": 0,
                  "Local Written Blocks": 0,
                  "Temp Read Blocks": 0,
                  "Temp Written Blocks": 0,
                  "I/O Read Time": 0.000,
                  "I/O Write Time": 0.000,
                  "Plans": [
                    {
                      "Node Type": "CTE Scan",
                      "Parent Relationship": "Outer",
                      "CTE Name": "catalog_variants",
                      "Alias": "sv_2",
                      "Startup Cost": 0.00,
                      "Total Cost": 7.04,
                      "Plan Rows": 352,
                      "Plan Width": 4,
                      "Actual Startup Time": 0.000,
                      "Actual Total Time": 0.046,
                      "Actual Rows": 352,
                      "Actual Loops": 1,
                      "Output": ["sv_2.variant_id", "sv_2.product_id", "sv_2.sku"],
                      "Shared Hit Blocks": 0,
                      "Shared Read Blocks": 0,
                      "Shared Dirtied Blocks": 0,
                      "Shared Written Blocks": 0,
                      "Local Hit Blocks": 0,
                      "Local Read Blocks": 0,
                      "Local Dirtied Blocks": 0,
                      "Local Written Blocks": 0,
                      "Temp Read Blocks": 0,
                      "Temp Written Blocks": 0,
                      "I/O Read Time": 0.000,
                      "I/O Write Time": 0.000
                    },
                    {
                      "Node Type": "Hash",
                      "Parent Relationship": "Inner",
                      "Startup Cost": 9.92,
                      "Total Cost": 9.92,
                      "Plan Rows": 200,
                      "Plan Width": 4,
                      "Actual Startup Time": 0.204,
                      "Actual Total Time": 0.204,
                      "Actual Rows": 352,
                      "Actual Loops": 1,
                      "Output": ["catalog_variants_1.variant_id"],
                      "Hash Buckets": 1024,
                      "Original Hash Buckets": 1024,
                      "Hash Batches": 1,
                      "Original Hash Batches": 1,
                      "Peak Memory Usage": 21,
                      "Shared Hit Blocks": 0,
                      "Shared Read Blocks": 0,
                      "Shared Dirtied Blocks": 0,
                      "Shared Written Blocks": 0,
                      "Local Hit Blocks": 0,
                      "Local Read Blocks": 0,
                      "Local Dirtied Blocks": 0,
                      "Local Written Blocks": 0,
                      "Temp Read Blocks": 0,
                      "Temp Written Blocks": 0,
                      "I/O Read Time": 0.000,
                      "I/O Write Time": 0.000,
                      "Plans": [
                        {
                          "Node Type": "Aggregate",
                          "Strategy": "Hashed",
                          "Parent Relationship": "Outer",
                          "Startup Cost": 7.92,
                          "Total Cost": 9.92,
                          "Plan Rows": 200,
                          "Plan Width": 4,
                          "Actual Startup Time": 0.115,
                          "Actual Total Time": 0.150,
                          "Actual Rows": 352,
                          "Actual Loops": 1,
                          "Output": ["catalog_variants_1.variant_id"],
                          "Group Key": ["catalog_variants_1.variant_id"],
                          "Shared Hit Blocks": 0,
                          "Shared Read Blocks": 0,
                          "Shared Dirtied Blocks": 0,
                          "Shared Written Blocks": 0,
                          "Local Hit Blocks": 0,
                          "Local Read Blocks": 0,
                          "Local Dirtied Blocks": 0,
                          "Local Written Blocks": 0,
                          "Temp Read Blocks": 0,
                          "Temp Written Blocks": 0,
                          "I/O Read Time": 0.000,
                          "I/O Write Time": 0.000,
                          "Plans": [
                            {
                              "Node Type": "CTE Scan",
                              "Parent Relationship": "Outer",
                              "CTE Name": "catalog_variants",
                              "Alias": "catalog_variants_1",
                              "Startup Cost": 0.00,
                              "Total Cost": 7.04,
                              "Plan Rows": 352,
                              "Plan Width": 4,
                              "Actual Startup Time": 0.001,
                              "Actual Total Time": 0.027,
                              "Actual Rows": 352,
                              "Actual Loops": 1,
                              "Output": ["catalog_variants_1.variant_id", "catalog_variants_1.product_id", "catalog_variants_1.sku"],
                              "Shared Hit Blocks": 0,
                              "Shared Read Blocks": 0,
                              "Shared Dirtied Blocks": 0,
                              "Shared Written Blocks": 0,
                              "Local Hit Blocks": 0,
                              "Local Read Blocks": 0,
                              "Local Dirtied Blocks": 0,
                              "Local Written Blocks": 0,
                              "Temp Read Blocks": 0,
                              "Temp Written Blocks": 0,
                              "I/O Read Time": 0.000,
                              "I/O Write Time": 0.000
                            }
                          ]
                        }
                      ]
                    }
                  ]
                },
                {
                  "Node Type": "Index Scan",
                  "Parent Relationship": "Inner",
                  "Scan Direction": "Forward",
                  "Index Name": "index_spree_option_values_variants_on_variant_id",
                  "Relation Name": "spree_option_values_variants",
                  "Schema": "public",
                  "Alias": "sov_sv_1",
                  "Startup Cost": 0.29,
                  "Total Cost": 1.37,
                  "Plan Rows": 3,
                  "Plan Width": 8,
                  "Actual Startup Time": 0.002,
                  "Actual Total Time": 0.003,
                  "Actual Rows": 3,
                  "Actual Loops": 352,
                  "Output": ["sov_sv_1.variant_id", "sov_sv_1.option_value_id", "sov_sv_1.id"],
                  "Index Cond": "(sov_sv_1.variant_id = sv_2.variant_id)",
                  "Rows Removed by Index Recheck": 0,
                  "Shared Hit Blocks": 1284,
                  "Shared Read Blocks": 0,
                  "Shared Dirtied Blocks": 0,
                  "Shared Written Blocks": 0,
                  "Local Hit Blocks": 0,
                  "Local Read Blocks": 0,
                  "Local Dirtied Blocks": 0,
                  "Local Written Blocks": 0,
                  "Temp Read Blocks": 0,
                  "Temp Written Blocks": 0,
                  "I/O Read Time": 0.000,
                  "I/O Write Time": 0.000
                }
              ]
            },
            {
              "Node Type": "Hash",
              "Parent Relationship": "Inner",
              "Startup Cost": 6.69,
              "Total Cost": 6.69,
              "Plan Rows": 71,
              "Plan Width": 12,
              "Actual Startup Time": 0.109,
              "Actual Total Time": 0.109,
              "Actual Rows": 88,
              "Actual Loops": 1,
              "Output": ["sov_1.presentation", "sov_1.id"],
              "Hash Buckets": 1024,
              "Original Hash Buckets": 1024,
              "Hash Batches": 1,
              "Original Hash Batches": 1,
              "Peak Memory Usage": 13,
              "Shared Hit Blocks": 3,
              "Shared Read Blocks": 0,
              "Shared Dirtied Blocks": 0,
              "Shared Written Blocks": 0,
              "Local Hit Blocks": 0,
              "Local Read Blocks": 0,
              "Local Dirtied Blocks": 0,
              "Local Written Blocks": 0,
              "Temp Read Blocks": 0,
              "Temp Written Blocks": 0,
              "I/O Read Time": 0.000,
              "I/O Write Time": 0.000,
              "Plans": [
                {
                  "Node Type": "Hash Join",
                  "Parent Relationship": "Outer",
                  "Join Type": "Inner",
                  "Startup Cost": 1.05,
                  "Total Cost": 6.69,
                  "Plan Rows": 71,
                  "Plan Width": 12,
                  "Actual Startup Time": 0.034,
                  "Actual Total Time": 0.090,
                  "Actual Rows": 88,
                  "Actual Loops": 1,
                  "Output": ["sov_1.presentation", "sov_1.id"],
                  "Hash Cond": "(sov_1.option_type_id = sot_1.id)",
                  "Shared Hit Blocks": 3,
                  "Shared Read Blocks": 0,
                  "Shared Dirtied Blocks": 0,
                  "Shared Written Blocks": 0,
                  "Local Hit Blocks": 0,
                  "Local Read Blocks": 0,
                  "Local Dirtied Blocks": 0,
                  "Local Written Blocks": 0,
                  "Temp Read Blocks": 0,
                  "Temp Written Blocks": 0,
                  "I/O Read Time": 0.000,
                  "I/O Write Time": 0.000,
                  "Plans": [
                    {
                      "Node Type": "Seq Scan",
                      "Parent Relationship": "Outer",
                      "Relation Name": "spree_option_values",
                      "Schema": "public",
                      "Alias": "sov_1",
                      "Startup Cost": 0.00,
                      "Total Cost": 4.13,
                      "Plan Rows": 213,
                      "Plan Width": 16,
                      "Actual Startup Time": 0.007,
                      "Actual Total Time": 0.028,
                      "Actual Rows": 213,
                      "Actual Loops": 1,
                      "Output": ["sov_1.id", "sov_1.position", "sov_1.name", "sov_1.presentation", "sov_1.option_type_id", "sov_1.created_at", "sov_1.updated_at"],
                      "Shared Hit Blocks": 2,
                      "Shared Read Blocks": 0,
                      "Shared Dirtied Blocks": 0,
                      "Shared Written Blocks": 0,
                      "Local Hit Blocks": 0,
                      "Local Read Blocks": 0,
                      "Local Dirtied Blocks": 0,
                      "Local Written Blocks": 0,
                      "Temp Read Blocks": 0,
                      "Temp Written Blocks": 0,
                      "I/O Read Time": 0.000,
                      "I/O Write Time": 0.000
                    },
                    {
                      "Node Type": "Hash",
                      "Parent Relationship": "Inner",
                      "Startup Cost": 1.04,
                      "Total Cost": 1.04,
                      "Plan Rows": 1,
                      "Plan Width": 4,
                      "Actual Startup Time": 0.018,
                      "Actual Total Time": 0.018,
                      "Actual Rows": 1,
                      "Actual Loops": 1,
                      "Output": ["sot_1.id"],
                      "Hash Buckets": 1024,
                      "Original Hash Buckets": 1024,
                      "Hash Batches": 1,
                      "Original Hash Batches": 1,
                      "Peak Memory Usage": 9,
                      "Shared Hit Blocks": 1,
                      "Shared Read Blocks": 0,
                      "Shared Dirtied Blocks": 0,
                      "Shared Written Blocks": 0,
                      "Local Hit Blocks": 0,
                      "Local Read Blocks": 0,
                      "Local Dirtied Blocks": 0,
                      "Local Written Blocks": 0,
                      "Temp Read Blocks": 0,
                      "Temp Written Blocks": 0,
                      "I/O Read Time": 0.000,
                      "I/O Write Time": 0.000,
                      "Plans": [
                        {
                          "Node Type": "Seq Scan",
                          "Parent Relationship": "Outer",
                          "Relation Name": "spree_option_types",
                          "Schema": "public",
                          "Alias": "sot_1",
                          "Startup Cost": 0.00,
                          "Total Cost": 1.04,
                          "Plan Rows": 1,
                          "Plan Width": 4,
                          "Actual Startup Time": 0.014,
                          "Actual Total Time": 0.015,
                          "Actual Rows": 1,
                          "Actual Loops": 1,
                          "Output": ["sot_1.id"],
                          "Filter": "((sot_1.name)::text = 'color'::text)",
                          "Rows Removed by Filter": 2,
                          "Shared Hit Blocks": 1,
                          "Shared Read Blocks": 0,
                          "Shared Dirtied Blocks": 0,
                          "Shared Written Blocks": 0,
                          "Local Hit Blocks": 0,
                          "Local Read Blocks": 0,
                          "Local Dirtied Blocks": 0,
                          "Local Written Blocks": 0,
                          "Temp Read Blocks": 0,
                          "Temp Written Blocks": 0,
                          "I/O Read Time": 0.000,
                          "I/O Write Time": 0.000
                        }
                      ]
                    }
                  ]
                }
              ]
            }
          ]
        },
        {
          "Node Type": "Aggregate",
          "Strategy": "Hashed",
          "Parent Relationship": "InitPlan",
          "Subplan Name": "CTE variants_min_prices",
          "Startup Cost": 225.63,
          "Total Cost": 271.84,
          "Plan Rows": 4621,
          "Plan Width": 7,
          "Actual Startup Time": 5.936,
          "Actual Total Time": 6.037,
          "Actual Rows": 352,
          "Actual Loops": 1,
          "Output": ["spree_prices.variant_id", "COALESCE(min(spree_prices.amount), '0'::numeric)"],
          "Group Key": ["spree_prices.variant_id"],
          "Shared Hit Blocks": 102,
          "Shared Read Blocks": 0,
          "Shared Dirtied Blocks": 0,
          "Shared Written Blocks": 0,
          "Local Hit Blocks": 0,
          "Local Read Blocks": 0,
          "Local Dirtied Blocks": 0,
          "Local Written Blocks": 0,
          "Temp Read Blocks": 0,
          "Temp Written Blocks": 0,
          "I/O Read Time": 0.000,
          "I/O Write Time": 0.000,
          "Plans": [
            {
              "Node Type": "Hash Join",
              "Parent Relationship": "Outer",
              "Join Type": "Inner",
              "Startup Cost": 12.42,
              "Total Cost": 202.53,
              "Plan Rows": 4621,
              "Plan Width": 7,
              "Actual Startup Time": 2.415,
              "Actual Total Time": 5.785,
              "Actual Rows": 352,
              "Actual Loops": 1,
              "Output": ["spree_prices.variant_id", "spree_prices.amount"],
              "Hash Cond": "(spree_prices.variant_id = catalog_variants_2.variant_id)",
              "Shared Hit Blocks": 102,
              "Shared Read Blocks": 0,
              "Shared Dirtied Blocks": 0,
              "Shared Written Blocks": 0,
              "Local Hit Blocks": 0,
              "Local Read Blocks": 0,
              "Local Dirtied Blocks": 0,
              "Local Written Blocks": 0,
              "Temp Read Blocks": 0,
              "Temp Written Blocks": 0,
              "I/O Read Time": 0.000,
              "I/O Write Time": 0.000,
              "Plans": [
                {
                  "Node Type": "Seq Scan",
                  "Parent Relationship": "Outer",
                  "Relation Name": "spree_prices",
                  "Schema": "public",
                  "Alias": "spree_prices",
                  "Startup Cost": 0.00,
                  "Total Cost": 153.42,
                  "Plan Rows": 9242,
                  "Plan Width": 7,
                  "Actual Startup Time": 0.023,
                  "Actual Total Time": 2.548,
                  "Actual Rows": 9242,
                  "Actual Loops": 1,
                  "Output": ["spree_prices.id", "spree_prices.variant_id", "spree_prices.amount", "spree_prices.currency", "spree_prices.deleted_at", "spree_prices.is_default"],
                  "Shared Hit Blocks": 61,
                  "Shared Read Blocks": 0,
                  "Shared Dirtied Blocks": 0,
                  "Shared Written Blocks": 0,
                  "Local Hit Blocks": 0,
                  "Local Read Blocks": 0,
                  "Local Dirtied Blocks": 0,
                  "Local Written Blocks": 0,
                  "Temp Read Blocks": 0,
                  "Temp Written Blocks": 0,
                  "I/O Read Time": 0.000,
                  "I/O Write Time": 0.000
                },
                {
                  "Node Type": "Hash",
                  "Parent Relationship": "Inner",
                  "Startup Cost": 9.92,
                  "Total Cost": 9.92,
                  "Plan Rows": 200,
                  "Plan Width": 4,
                  "Actual Startup Time": 1.229,
                  "Actual Total Time": 1.229,
                  "Actual Rows": 352,
                  "Actual Loops": 1,
                  "Output": ["catalog_variants_2.variant_id"],
                  "Hash Buckets": 1024,
                  "Original Hash Buckets": 1024,
                  "Hash Batches": 1,
                  "Original Hash Batches": 1,
                  "Peak Memory Usage": 21,
                  "Shared Hit Blocks": 41,
                  "Shared Read Blocks": 0,
                  "Shared Dirtied Blocks": 0,
                  "Shared Written Blocks": 0,
                  "Local Hit Blocks": 0,
                  "Local Read Blocks": 0,
                  "Local Dirtied Blocks": 0,
                  "Local Written Blocks": 0,
                  "Temp Read Blocks": 0,
                  "Temp Written Blocks": 0,
                  "I/O Read Time": 0.000,
                  "I/O Write Time": 0.000,
                  "Plans": [
                    {
                      "Node Type": "Aggregate",
                      "Strategy": "Hashed",
                      "Parent Relationship": "Outer",
                      "Startup Cost": 7.92,
                      "Total Cost": 9.92,
                      "Plan Rows": 200,
                      "Plan Width": 4,
                      "Actual Startup Time": 1.075,
                      "Actual Total Time": 1.140,
                      "Actual Rows": 352,
                      "Actual Loops": 1,
                      "Output": ["catalog_variants_2.variant_id"],
                      "Group Key": ["catalog_variants_2.variant_id"],
                      "Shared Hit Blocks": 41,
                      "Shared Read Blocks": 0,
                      "Shared Dirtied Blocks": 0,
                      "Shared Written Blocks": 0,
                      "Local Hit Blocks": 0,
                      "Local Read Blocks": 0,
                      "Local Dirtied Blocks": 0,
                      "Local Written Blocks": 0,
                      "Temp Read Blocks": 0,
                      "Temp Written Blocks": 0,
                      "I/O Read Time": 0.000,
                      "I/O Write Time": 0.000,
                      "Plans": [
                        {
                          "Node Type": "CTE Scan",
                          "Parent Relationship": "Outer",
                          "CTE Name": "catalog_variants",
                          "Alias": "catalog_variants_2",
                          "Startup Cost": 0.00,
                          "Total Cost": 7.04,
                          "Plan Rows": 352,
                          "Plan Width": 4,
                          "Actual Startup Time": 0.024,
                          "Actual Total Time": 0.915,
                          "Actual Rows": 352,
                          "Actual Loops": 1,
                          "Output": ["catalog_variants_2.variant_id", "catalog_variants_2.product_id", "catalog_variants_2.sku"],
                          "Shared Hit Blocks": 41,
                          "Shared Read Blocks": 0,
                          "Shared Dirtied Blocks": 0,
                          "Shared Written Blocks": 0,
                          "Local Hit Blocks": 0,
                          "Local Read Blocks": 0,
                          "Local Dirtied Blocks": 0,
                          "Local Written Blocks": 0,
                          "Temp Read Blocks": 0,
                          "Temp Written Blocks": 0,
                          "I/O Read Time": 0.000,
                          "I/O Write Time": 0.000
                        }
                      ]
                    }
                  ]
                }
              ]
            }
          ]
        },
        {
          "Node Type": "Hash Join",
          "Parent Relationship": "Outer",
          "Join Type": "Inner",
          "Startup Cost": 42.71,
          "Total Cost": 291.08,
          "Plan Rows": 4050,
          "Plan Width": 183,
          "Actual Startup Time": 13.149,
          "Actual Total Time": 13.526,
          "Actual Rows": 352,
          "Actual Loops": 1,
          "Output": ["sv.variant_id", "sv.sku", "sp.slug", "sp.name", "vc.color", "pr.min_price", "pcc.available_colors", "sv.product_id"],
          "Hash Cond": "(pr.variant_id = sv.variant_id)",
          "Shared Hit Blocks": 2692,
          "Shared Read Blocks": 0,
          "Shared Dirtied Blocks": 0,
          "Shared Written Blocks": 0,
          "Local Hit Blocks": 0,
          "Local Read Blocks": 0,
          "Local Dirtied Blocks": 0,
          "Local Written Blocks": 0,
          "Temp Read Blocks": 0,
          "Temp Written Blocks": 0,
          "I/O Read Time": 0.000,
          "I/O Write Time": 0.000,
          "Plans": [
            {
              "Node Type": "CTE Scan",
              "Parent Relationship": "Outer",
              "CTE Name": "variants_min_prices",
              "Alias": "pr",
              "Startup Cost": 0.00,
              "Total Cost": 92.42,
              "Plan Rows": 4621,
              "Plan Width": 36,
              "Actual Startup Time": 5.939,
              "Actual Total Time": 6.157,
              "Actual Rows": 352,
              "Actual Loops": 1,
              "Output": ["pr.variant_id", "pr.min_price"],
              "Shared Hit Blocks": 102,
              "Shared Read Blocks": 0,
              "Shared Dirtied Blocks": 0,
              "Shared Written Blocks": 0,
              "Local Hit Blocks": 0,
              "Local Read Blocks": 0,
              "Local Dirtied Blocks": 0,
              "Local Written Blocks": 0,
              "Temp Read Blocks": 0,
              "Temp Written Blocks": 0,
              "I/O Read Time": 0.000,
              "I/O Write Time": 0.000
            },
            {
              "Node Type": "Hash",
              "Parent Relationship": "Inner",
              "Startup Cost": 40.52,
              "Total Cost": 40.52,
              "Plan Rows": 175,
              "Plan Width": 155,
              "Actual Startup Time": 7.189,
              "Actual Total Time": 7.189,
              "Actual Rows": 352,
              "Actual Loops": 1,
              "Output": ["sv.variant_id", "sv.sku", "sv.product_id", "sp.slug", "sp.name", "vc.color", "vc.variant_id", "pcc.available_colors"],
              "Hash Buckets": 1024,
              "Original Hash Buckets": 1024,
              "Hash Batches": 1,
              "Original Hash Batches": 1,
              "Peak Memory Usage": 63,
              "Shared Hit Blocks": 2590,
              "Shared Read Blocks": 0,
              "Shared Dirtied Blocks": 0,
              "Shared Written Blocks": 0,
              "Local Hit Blocks": 0,
              "Local Read Blocks": 0,
              "Local Dirtied Blocks": 0,
              "Local Written Blocks": 0,
              "Temp Read Blocks": 0,
              "Temp Written Blocks": 0,
              "I/O Read Time": 0.000,
              "I/O Write Time": 0.000,
              "Plans": [
                {
                  "Node Type": "Hash Join",
                  "Parent Relationship": "Outer",
                  "Join Type": "Inner",
                  "Startup Cost": 27.68,
                  "Total Cost": 40.52,
                  "Plan Rows": 175,
                  "Plan Width": 155,
                  "Actual Startup Time": 6.664,
                  "Actual Total Time": 7.024,
                  "Actual Rows": 352,
                  "Actual Loops": 1,
                  "Output": ["sv.variant_id", "sv.sku", "sv.product_id", "sp.slug", "sp.name", "vc.color", "vc.variant_id", "pcc.available_colors"],
                  "Hash Cond": "(sv.variant_id = vc.variant_id)",
                  "Shared Hit Blocks": 2590,
                  "Shared Read Blocks": 0,
                  "Shared Dirtied Blocks": 0,
                  "Shared Written Blocks": 0,
                  "Local Hit Blocks": 0,
                  "Local Read Blocks": 0,
                  "Local Dirtied Blocks": 0,
                  "Local Written Blocks": 0,
                  "Temp Read Blocks": 0,
                  "Temp Written Blocks": 0,
                  "I/O Read Time": 0.000,
                  "I/O Write Time": 0.000,
                  "Plans": [
                    {
                      "Node Type": "Hash Join",
                      "Parent Relationship": "Outer",
                      "Join Type": "Inner",
                      "Startup Cost": 21.96,
                      "Total Cost": 32.31,
                      "Plan Rows": 199,
                      "Plan Width": 119,
                      "Actual Startup Time": 4.636,
                      "Actual Total Time": 4.846,
                      "Actual Rows": 352,
                      "Actual Loops": 1,
                      "Output": ["sv.variant_id", "sv.sku", "sv.product_id", "sp.slug", "sp.name", "pcc.available_colors"],
                      "Hash Cond": "(sv.product_id = sp.id)",
                      "Shared Hit Blocks": 1303,
                      "Shared Read Blocks": 0,
                      "Shared Dirtied Blocks": 0,
                      "Shared Written Blocks": 0,
                      "Local Hit Blocks": 0,
                      "Local Read Blocks": 0,
                      "Local Dirtied Blocks": 0,
                      "Local Written Blocks": 0,
                      "Temp Read Blocks": 0,
                      "Temp Written Blocks": 0,
                      "I/O Read Time": 0.000,
                      "I/O Write Time": 0.000,
                      "Plans": [
                        {
                          "Node Type": "CTE Scan",
                          "Parent Relationship": "Outer",
                          "CTE Name": "catalog_variants",
                          "Alias": "sv",
                          "Startup Cost": 0.00,
                          "Total Cost": 7.04,
                          "Plan Rows": 352,
                          "Plan Width": 40,
                          "Actual Startup Time": 0.001,
                          "Actual Total Time": 0.059,
                          "Actual Rows": 352,
                          "Actual Loops": 1,
                          "Output": ["sv.variant_id", "sv.product_id", "sv.sku"],
                          "Shared Hit Blocks": 0,
                          "Shared Read Blocks": 0,
                          "Shared Dirtied Blocks": 0,
                          "Shared Written Blocks": 0,
                          "Local Hit Blocks": 0,
                          "Local Read Blocks": 0,
                          "Local Dirtied Blocks": 0,
                          "Local Written Blocks": 0,
                          "Temp Read Blocks": 0,
                          "Temp Written Blocks": 0,
                          "I/O Read Time": 0.000,
                          "I/O Write Time": 0.000
                        },
                        {
                          "Node Type": "Hash",
                          "Parent Relationship": "Inner",
                          "Startup Cost": 19.76,
                          "Total Cost": 19.76,
                          "Plan Rows": 176,
                          "Plan Width": 87,
                          "Actual Startup Time": 4.622,
                          "Actual Total Time": 4.622,
                          "Actual Rows": 311,
                          "Actual Loops": 1,
                          "Output": ["sp.slug", "sp.name", "sp.id", "pcc.available_colors", "pcc.product_id"],
                          "Hash Buckets": 1024,
                          "Original Hash Buckets": 1024,
                          "Hash Batches": 1,
                          "Original Hash Batches": 1,
                          "Peak Memory Usage": 47,
                          "Shared Hit Blocks": 1303,
                          "Shared Read Blocks": 0,
                          "Shared Dirtied Blocks": 0,
                          "Shared Written Blocks": 0,
                          "Local Hit Blocks": 0,
                          "Local Read Blocks": 0,
                          "Local Dirtied Blocks": 0,
                          "Local Written Blocks": 0,
                          "Temp Read Blocks": 0,
                          "Temp Written Blocks": 0,
                          "I/O Read Time": 0.000,
                          "I/O Write Time": 0.000,
                          "Plans": [
                            {
                              "Node Type": "Hash Join",
                              "Parent Relationship": "Outer",
                              "Join Type": "Inner",
                              "Startup Cost": 5.72,
                              "Total Cost": 19.76,
                              "Plan Rows": 176,
                              "Plan Width": 87,
                              "Actual Startup Time": 4.258,
                              "Actual Total Time": 4.510,
                              "Actual Rows": 311,
                              "Actual Loops": 1,
                              "Output": ["sp.slug", "sp.name", "sp.id", "pcc.available_colors", "pcc.product_id"],
                              "Hash Cond": "(sp.id = pcc.product_id)",
                              "Shared Hit Blocks": 1303,
                              "Shared Read Blocks": 0,
                              "Shared Dirtied Blocks": 0,
                              "Shared Written Blocks": 0,
                              "Local Hit Blocks": 0,
                              "Local Read Blocks": 0,
                              "Local Dirtied Blocks": 0,
                              "Local Written Blocks": 0,
                              "Temp Read Blocks": 0,
                              "Temp Written Blocks": 0,
                              "I/O Read Time": 0.000,
                              "I/O Write Time": 0.000,
                              "Plans": [
                                {
                                  "Node Type": "Seq Scan",
                                  "Parent Relationship": "Outer",
                                  "Relation Name": "spree_products",
                                  "Schema": "public",
                                  "Alias": "sp",
                                  "Startup Cost": 0.00,
                                  "Total Cost": 11.11,
                                  "Plan Rows": 311,
                                  "Plan Width": 51,
                                  "Actual Startup Time": 0.016,
                                  "Actual Total Time": 0.115,
                                  "Actual Rows": 311,
                                  "Actual Loops": 1,
                                  "Output": ["sp.id", "sp.name", "sp.description", "sp.available_on", "sp.deleted_at", "sp.slug", "sp.meta_description", "sp.meta_keywords", "sp.tax_category_id", "sp.shipping_category_id", "sp.created_at", "sp.updated_at", "sp.promotionable", "sp.meta_title", "sp.fashion_xl_id"],
                                  "Filter": "(sp.deleted_at IS NULL)",
                                  "Rows Removed by Filter": 0,
                                  "Shared Hit Blocks": 8,
                                  "Shared Read Blocks": 0,
                                  "Shared Dirtied Blocks": 0,
                                  "Shared Written Blocks": 0,
                                  "Local Hit Blocks": 0,
                                  "Local Read Blocks": 0,
                                  "Local Dirtied Blocks": 0,
                                  "Local Written Blocks": 0,
                                  "Temp Read Blocks": 0,
                                  "Temp Written Blocks": 0,
                                  "I/O Read Time": 0.000,
                                  "I/O Write Time": 0.000
                                },
                                {
                                  "Node Type": "Hash",
                                  "Parent Relationship": "Inner",
                                  "Startup Cost": 3.52,
                                  "Total Cost": 3.52,
                                  "Plan Rows": 176,
                                  "Plan Width": 36,
                                  "Actual Startup Time": 4.228,
                                  "Actual Total Time": 4.228,
                                  "Actual Rows": 311,
                                  "Actual Loops": 1,
                                  "Output": ["pcc.available_colors", "pcc.product_id"],
                                  "Hash Buckets": 1024,
                                  "Original Hash Buckets": 1024,
                                  "Hash Batches": 1,
                                  "Original Hash Batches": 1,
                                  "Peak Memory Usage": 31,
                                  "Shared Hit Blocks": 1295,
                                  "Shared Read Blocks": 0,
                                  "Shared Dirtied Blocks": 0,
                                  "Shared Written Blocks": 0,
                                  "Local Hit Blocks": 0,
                                  "Local Read Blocks": 0,
                                  "Local Dirtied Blocks": 0,
                                  "Local Written Blocks": 0,
                                  "Temp Read Blocks": 0,
                                  "Temp Written Blocks": 0,
                                  "I/O Read Time": 0.000,
                                  "I/O Write Time": 0.000,
                                  "Plans": [
                                    {
                                      "Node Type": "CTE Scan",
                                      "Parent Relationship": "Outer",
                                      "CTE Name": "product_color_classifications",
                                      "Alias": "pcc",
                                      "Startup Cost": 0.00,
                                      "Total Cost": 3.52,
                                      "Plan Rows": 176,
                                      "Plan Width": 36,
                                      "Actual Startup Time": 2.801,
                                      "Actual Total Time": 4.136,
                                      "Actual Rows": 311,
                                      "Actual Loops": 1,
                                      "Output": ["pcc.available_colors", "pcc.product_id"],
                                      "Shared Hit Blocks": 1295,
                                      "Shared Read Blocks": 0,
                                      "Shared Dirtied Blocks": 0,
                                      "Shared Written Blocks": 0,
                                      "Local Hit Blocks": 0,
                                      "Local Read Blocks": 0,
                                      "Local Dirtied Blocks": 0,
                                      "Local Written Blocks": 0,
                                      "Temp Read Blocks": 0,
                                      "Temp Written Blocks": 0,
                                      "I/O Read Time": 0.000,
                                      "I/O Write Time": 0.000
                                    }
                                  ]
                                }
                              ]
                            }
                          ]
                        }
                      ]
                    },
                    {
                      "Node Type": "Hash",
                      "Parent Relationship": "Inner",
                      "Startup Cost": 3.52,
                      "Total Cost": 3.52,
                      "Plan Rows": 176,
                      "Plan Width": 36,
                      "Actual Startup Time": 2.018,
                      "Actual Total Time": 2.018,
                      "Actual Rows": 352,
                      "Actual Loops": 1,
                      "Output": ["vc.color", "vc.variant_id"],
                      "Hash Buckets": 1024,
                      "Original Hash Buckets": 1024,
                      "Hash Batches": 1,
                      "Original Hash Batches": 1,
                      "Peak Memory Usage": 26,
                      "Shared Hit Blocks": 1287,
                      "Shared Read Blocks": 0,
                      "Shared Dirtied Blocks": 0,
                      "Shared Written Blocks": 0,
                      "Local Hit Blocks": 0,
                      "Local Read Blocks": 0,
                      "Local Dirtied Blocks": 0,
                      "Local Written Blocks": 0,
                      "Temp Read Blocks": 0,
                      "Temp Written Blocks": 0,
                      "I/O Read Time": 0.000,
                      "I/O Write Time": 0.000,
                      "Plans": [
                        {
                          "Node Type": "CTE Scan",
                          "Parent Relationship": "Outer",
                          "CTE Name": "variant_colors",
                          "Alias": "vc",
                          "Startup Cost": 0.00,
                          "Total Cost": 3.52,
                          "Plan Rows": 176,
                          "Plan Width": 36,
                          "Actual Startup Time": 0.358,
                          "Actual Total Time": 1.945,
                          "Actual Rows": 352,
                          "Actual Loops": 1,
                          "Output": ["vc.color", "vc.variant_id"],
                          "Shared Hit Blocks": 1287,
                          "Shared Read Blocks": 0,
                          "Shared Dirtied Blocks": 0,
                          "Shared Written Blocks": 0,
                          "Local Hit Blocks": 0,
                          "Local Read Blocks": 0,
                          "Local Dirtied Blocks": 0,
                          "Local Written Blocks": 0,
                          "Temp Read Blocks": 0,
                          "Temp Written Blocks": 0,
                          "I/O Read Time": 0.000,
                          "I/O Write Time": 0.000
                        }
                      ]
                    }
                  ]
                }
              ]
            }
          ]
        }
      ]
    },
    "Planning Time": 4.462,
    "Triggers": [
    ],
    "Execution Time": 14.391
  }
]
`,pq=`
[
  {
    "Plan": {
      "Node Type": "Limit",
      "Startup Cost": 17024.84,
      "Total Cost": 17024.87,
      "Plan Rows": 10,
      "Plan Width": 133,
      "Actual Startup Time": 725.773,
      "Actual Total Time": 725.775,
      "Actual Rows": 10,
      "Actual Loops": 1,
      "Output": ["c.state", "cat.categoryname", "(sum(o.netamount))", "(sum(o.totalamount))"],
      "Shared Hit Blocks": 23,
      "Shared Read Blocks": 1392,
      "Shared Dirtied Blocks": 0,
      "Shared Written Blocks": 0,
      "Local Hit Blocks": 0,
      "Local Read Blocks": 0,
      "Local Dirtied Blocks": 0,
      "Local Written Blocks": 0,
      "Temp Read Blocks": 0,
      "Temp Written Blocks": 0,
      "I/O Read Time": 0.000,
      "I/O Write Time": 0.000,
      "Plans": [
        {
          "Node Type": "Sort",
          "Parent Relationship": "Outer",
          "Startup Cost": 17024.84,
          "Total Cost": 17026.88,
          "Plan Rows": 816,
          "Plan Width": 133,
          "Actual Startup Time": 725.771,
          "Actual Total Time": 725.772,
          "Actual Rows": 11,
          "Actual Loops": 1,
          "Output": ["c.state", "cat.categoryname", "(sum(o.netamount))", "(sum(o.totalamount))"],
          "Sort Key": ["c.state", "(sum(o.totalamount))"],
          "Sort Method": "top-N heapsort",
          "Sort Space Used": 25,
          "Sort Space Type": "Memory",
          "Shared Hit Blocks": 23,
          "Shared Read Blocks": 1392,
          "Shared Dirtied Blocks": 0,
          "Shared Written Blocks": 0,
          "Local Hit Blocks": 0,
          "Local Read Blocks": 0,
          "Local Dirtied Blocks": 0,
          "Local Written Blocks": 0,
          "Temp Read Blocks": 0,
          "Temp Written Blocks": 0,
          "I/O Read Time": 0.000,
          "I/O Write Time": 0.000,
          "Plans": [
            {
              "Node Type": "Aggregate",
              "Strategy": "Hashed",
              "Parent Relationship": "Outer",
              "Startup Cost": 16994.41,
              "Total Cost": 17006.65,
              "Plan Rows": 816,
              "Plan Width": 133,
              "Actual Startup Time": 723.877,
              "Actual Total Time": 724.417,
              "Actual Rows": 832,
              "Actual Loops": 1,
              "Output": ["c.state", "cat.categoryname", "sum(o.netamount)", "sum(o.totalamount)"],
              "Group Key": ["c.state", "cat.categoryname"],
              "Shared Hit Blocks": 13,
              "Shared Read Blocks": 1392,
              "Shared Dirtied Blocks": 0,
              "Shared Written Blocks": 0,
              "Local Hit Blocks": 0,
              "Local Read Blocks": 0,
              "Local Dirtied Blocks": 0,
              "Local Written Blocks": 0,
              "Temp Read Blocks": 0,
              "Temp Written Blocks": 0,
              "I/O Read Time": 0.000,
              "I/O Write Time": 0.000,
              "Plans": [
                {
                  "Node Type": "Hash Join",
                  "Parent Relationship": "Outer",
                  "Join Type": "Inner",
                  "Startup Cost": 4966.48,
                  "Total Cost": 13742.65,
                  "Plan Rows": 325176,
                  "Plan Width": 133,
                  "Actual Startup Time": 118.314,
                  "Actual Total Time": 354.285,
                  "Actual Rows": 383270,
                  "Actual Loops": 1,
                  "Output": ["c.state", "o.netamount", "o.totalamount", "cat.categoryname"],
                  "Hash Cond": "(o.orderid = ch.orderid)",
                  "Shared Hit Blocks": 13,
                  "Shared Read Blocks": 1392,
                  "Shared Dirtied Blocks": 0,
                  "Shared Written Blocks": 0,
                  "Local Hit Blocks": 0,
                  "Local Read Blocks": 0,
                  "Local Dirtied Blocks": 0,
                  "Local Written Blocks": 0,
                  "Temp Read Blocks": 0,
                  "Temp Written Blocks": 0,
                  "I/O Read Time": 0.000,
                  "I/O Write Time": 0.000,
                  "Plans": [
                    {
                      "Node Type": "Hash Join",
                      "Parent Relationship": "Outer",
                      "Join Type": "Inner",
                      "Startup Cost": 834.86,
                      "Total Cost": 4539.11,
                      "Plan Rows": 60350,
                      "Plan Width": 138,
                      "Actual Startup Time": 22.651,
                      "Actual Total Time": 133.484,
                      "Actual Rows": 60350,
                      "Actual Loops": 1,
                      "Output": ["o.netamount", "o.totalamount", "o.orderid", "ol.orderid", "cat.categoryname"],
                      "Hash Cond": "(ol.orderid = o.orderid)",
                      "Shared Hit Blocks": 9,
                      "Shared Read Blocks": 581,
                      "Shared Dirtied Blocks": 0,
                      "Shared Written Blocks": 0,
                      "Local Hit Blocks": 0,
                      "Local Read Blocks": 0,
                      "Local Dirtied Blocks": 0,
                      "Local Written Blocks": 0,
                      "Temp Read Blocks": 0,
                      "Temp Written Blocks": 0,
                      "I/O Read Time": 0.000,
                      "I/O Write Time": 0.000,
                      "Plans": [
                        {
                          "Node Type": "Hash Join",
                          "Parent Relationship": "Outer",
                          "Join Type": "Inner",
                          "Startup Cost": 464.86,
                          "Total Cost": 2962.11,
                          "Plan Rows": 60350,
                          "Plan Width": 122,
                          "Actual Startup Time": 12.467,
                          "Actual Total Time": 85.647,
                          "Actual Rows": 60350,
                          "Actual Loops": 1,
                          "Output": ["ol.orderid", "cat.categoryname"],
                          "Hash Cond": "(ol.prod_id = p.prod_id)",
                          "Shared Hit Blocks": 4,
                          "Shared Read Blocks": 483,
                          "Shared Dirtied Blocks": 0,
                          "Shared Written Blocks": 0,
                          "Local Hit Blocks": 0,
                          "Local Read Blocks": 0,
                          "Local Dirtied Blocks": 0,
                          "Local Written Blocks": 0,
                          "Temp Read Blocks": 0,
                          "Temp Written Blocks": 0,
                          "I/O Read Time": 0.000,
                          "I/O Write Time": 0.000,
                          "Plans": [
                            {
                              "Node Type": "Seq Scan",
                              "Parent Relationship": "Outer",
                              "Relation Name": "orderlines",
                              "Schema": "public",
                              "Alias": "ol",
                              "Startup Cost": 0.00,
                              "Total Cost": 988.50,
                              "Plan Rows": 60350,
                              "Plan Width": 8,
                              "Actual Startup Time": 0.005,
                              "Actual Total Time": 14.054,
                              "Actual Rows": 60350,
                              "Actual Loops": 1,
                              "Output": ["ol.orderlineid", "ol.orderid", "ol.prod_id", "ol.quantity", "ol.orderdate"],
                              "Shared Hit Blocks": 2,
                              "Shared Read Blocks": 383,
                              "Shared Dirtied Blocks": 0,
                              "Shared Written Blocks": 0,
                              "Local Hit Blocks": 0,
                              "Local Read Blocks": 0,
                              "Local Dirtied Blocks": 0,
                              "Local Written Blocks": 0,
                              "Temp Read Blocks": 0,
                              "Temp Written Blocks": 0,
                              "I/O Read Time": 0.000,
                              "I/O Write Time": 0.000
                            },
                            {
                              "Node Type": "Hash",
                              "Parent Relationship": "Inner",
                              "Startup Cost": 339.86,
                              "Total Cost": 339.86,
                              "Plan Rows": 10000,
                              "Plan Width": 122,
                              "Actual Startup Time": 12.446,
                              "Actual Total Time": 12.446,
                              "Actual Rows": 10000,
                              "Actual Loops": 1,
                              "Output": ["p.prod_id", "cat.categoryname"],
                              "Hash Buckets": 1024,
                              "Hash Batches": 1,
                              "Original Hash Batches": 1,
                              "Peak Memory Usage": 425,
                              "Shared Hit Blocks": 2,
                              "Shared Read Blocks": 100,
                              "Shared Dirtied Blocks": 0,
                              "Shared Written Blocks": 0,
                              "Local Hit Blocks": 0,
                              "Local Read Blocks": 0,
                              "Local Dirtied Blocks": 0,
                              "Local Written Blocks": 0,
                              "Temp Read Blocks": 0,
                              "Temp Written Blocks": 0,
                              "I/O Read Time": 0.000,
                              "I/O Write Time": 0.000,
                              "Plans": [
                                {
                                  "Node Type": "Hash Join",
                                  "Parent Relationship": "Outer",
                                  "Join Type": "Inner",
                                  "Startup Cost": 1.36,
                                  "Total Cost": 339.86,
                                  "Plan Rows": 10000,
                                  "Plan Width": 122,
                                  "Actual Startup Time": 0.283,
                                  "Actual Total Time": 9.015,
                                  "Actual Rows": 10000,
                                  "Actual Loops": 1,
                                  "Output": ["p.prod_id", "cat.categoryname"],
                                  "Hash Cond": "(p.category = cat.category)",
                                  "Shared Hit Blocks": 2,
                                  "Shared Read Blocks": 100,
                                  "Shared Dirtied Blocks": 0,
                                  "Shared Written Blocks": 0,
                                  "Local Hit Blocks": 0,
                                  "Local Read Blocks": 0,
                                  "Local Dirtied Blocks": 0,
                                  "Local Written Blocks": 0,
                                  "Temp Read Blocks": 0,
                                  "Temp Written Blocks": 0,
                                  "I/O Read Time": 0.000,
                                  "I/O Write Time": 0.000,
                                  "Plans": [
                                    {
                                      "Node Type": "Seq Scan",
                                      "Parent Relationship": "Outer",
                                      "Relation Name": "products",
                                      "Schema": "public",
                                      "Alias": "p",
                                      "Startup Cost": 0.00,
                                      "Total Cost": 201.00,
                                      "Plan Rows": 10000,
                                      "Plan Width": 8,
                                      "Actual Startup Time": 0.003,
                                      "Actual Total Time": 4.330,
                                      "Actual Rows": 10000,
                                      "Actual Loops": 1,
                                      "Output": ["p.prod_id", "p.category", "p.title", "p.actor", "p.price", "p.special", "p.common_prod_id"],
                                      "Shared Hit Blocks": 2,
                                      "Shared Read Blocks": 99,
                                      "Shared Dirtied Blocks": 0,
                                      "Shared Written Blocks": 0,
                                      "Local Hit Blocks": 0,
                                      "Local Read Blocks": 0,
                                      "Local Dirtied Blocks": 0,
                                      "Local Written Blocks": 0,
                                      "Temp Read Blocks": 0,
                                      "Temp Written Blocks": 0,
                                      "I/O Read Time": 0.000,
                                      "I/O Write Time": 0.000
                                    },
                                    {
                                      "Node Type": "Hash",
                                      "Parent Relationship": "Inner",
                                      "Startup Cost": 1.16,
                                      "Total Cost": 1.16,
                                      "Plan Rows": 16,
                                      "Plan Width": 122,
                                      "Actual Startup Time": 0.265,
                                      "Actual Total Time": 0.265,
                                      "Actual Rows": 16,
                                      "Actual Loops": 1,
                                      "Output": ["cat.categoryname", "cat.category"],
                                      "Hash Buckets": 1024,
                                      "Hash Batches": 1,
                                      "Original Hash Batches": 1,
                                      "Peak Memory Usage": 1,
                                      "Shared Hit Blocks": 0,
                                      "Shared Read Blocks": 1,
                                      "Shared Dirtied Blocks": 0,
                                      "Shared Written Blocks": 0,
                                      "Local Hit Blocks": 0,
                                      "Local Read Blocks": 0,
                                      "Local Dirtied Blocks": 0,
                                      "Local Written Blocks": 0,
                                      "Temp Read Blocks": 0,
                                      "Temp Written Blocks": 0,
                                      "I/O Read Time": 0.000,
                                      "I/O Write Time": 0.000,
                                      "Plans": [
                                        {
                                          "Node Type": "Seq Scan",
                                          "Parent Relationship": "Outer",
                                          "Relation Name": "categories",
                                          "Schema": "public",
                                          "Alias": "cat",
                                          "Startup Cost": 0.00,
                                          "Total Cost": 1.16,
                                          "Plan Rows": 16,
                                          "Plan Width": 122,
                                          "Actual Startup Time": 0.250,
                                          "Actual Total Time": 0.252,
                                          "Actual Rows": 16,
                                          "Actual Loops": 1,
                                          "Output": ["cat.categoryname", "cat.category"],
                                          "Shared Hit Blocks": 0,
                                          "Shared Read Blocks": 1,
                                          "Shared Dirtied Blocks": 0,
                                          "Shared Written Blocks": 0,
                                          "Local Hit Blocks": 0,
                                          "Local Read Blocks": 0,
                                          "Local Dirtied Blocks": 0,
                                          "Local Written Blocks": 0,
                                          "Temp Read Blocks": 0,
                                          "Temp Written Blocks": 0,
                                          "I/O Read Time": 0.000,
                                          "I/O Write Time": 0.000
                                        }
                                      ]
                                    }
                                  ]
                                }
                              ]
                            }
                          ]
                        },
                        {
                          "Node Type": "Hash",
                          "Parent Relationship": "Inner",
                          "Startup Cost": 220.00,
                          "Total Cost": 220.00,
                          "Plan Rows": 12000,
                          "Plan Width": 16,
                          "Actual Startup Time": 10.159,
                          "Actual Total Time": 10.159,
                          "Actual Rows": 12000,
                          "Actual Loops": 1,
                          "Output": ["o.netamount", "o.totalamount", "o.orderid"],
                          "Hash Buckets": 2048,
                          "Hash Batches": 1,
                          "Original Hash Batches": 1,
                          "Peak Memory Usage": 609,
                          "Shared Hit Blocks": 2,
                          "Shared Read Blocks": 98,
                          "Shared Dirtied Blocks": 0,
                          "Shared Written Blocks": 0,
                          "Local Hit Blocks": 0,
                          "Local Read Blocks": 0,
                          "Local Dirtied Blocks": 0,
                          "Local Written Blocks": 0,
                          "Temp Read Blocks": 0,
                          "Temp Written Blocks": 0,
                          "I/O Read Time": 0.000,
                          "I/O Write Time": 0.000,
                          "Plans": [
                            {
                              "Node Type": "Seq Scan",
                              "Parent Relationship": "Outer",
                              "Relation Name": "orders",
                              "Schema": "public",
                              "Alias": "o",
                              "Startup Cost": 0.00,
                              "Total Cost": 220.00,
                              "Plan Rows": 12000,
                              "Plan Width": 16,
                              "Actual Startup Time": 0.008,
                              "Actual Total Time": 5.548,
                              "Actual Rows": 12000,
                              "Actual Loops": 1,
                              "Output": ["o.netamount", "o.totalamount", "o.orderid"],
                              "Shared Hit Blocks": 2,
                              "Shared Read Blocks": 98,
                              "Shared Dirtied Blocks": 0,
                              "Shared Written Blocks": 0,
                              "Local Hit Blocks": 0,
                              "Local Read Blocks": 0,
                              "Local Dirtied Blocks": 0,
                              "Local Written Blocks": 0,
                              "Temp Read Blocks": 0,
                              "Temp Written Blocks": 0,
                              "I/O Read Time": 0.000,
                              "I/O Write Time": 0.000
                            }
                          ]
                        }
                      ]
                    },
                    {
                      "Node Type": "Hash",
                      "Parent Relationship": "Inner",
                      "Startup Cost": 3377.25,
                      "Total Cost": 3377.25,
                      "Plan Rows": 60350,
                      "Plan Width": 7,
                      "Actual Startup Time": 95.610,
                      "Actual Total Time": 95.610,
                      "Actual Rows": 60350,
                      "Actual Loops": 1,
                      "Output": ["c.state", "ch.orderid"],
                      "Hash Buckets": 8192,
                      "Hash Batches": 1,
                      "Original Hash Batches": 1,
                      "Peak Memory Usage": 2239,
                      "Shared Hit Blocks": 4,
                      "Shared Read Blocks": 811,
                      "Shared Dirtied Blocks": 0,
                      "Shared Written Blocks": 0,
                      "Local Hit Blocks": 0,
                      "Local Read Blocks": 0,
                      "Local Dirtied Blocks": 0,
                      "Local Written Blocks": 0,
                      "Temp Read Blocks": 0,
                      "Temp Written Blocks": 0,
                      "I/O Read Time": 0.000,
                      "I/O Write Time": 0.000,
                      "Plans": [
                        {
                          "Node Type": "Hash Join",
                          "Parent Relationship": "Outer",
                          "Join Type": "Inner",
                          "Startup Cost": 938.00,
                          "Total Cost": 3377.25,
                          "Plan Rows": 60350,
                          "Plan Width": 7,
                          "Actual Startup Time": 24.115,
                          "Actual Total Time": 74.639,
                          "Actual Rows": 60350,
                          "Actual Loops": 1,
                          "Output": ["c.state", "ch.orderid"],
                          "Hash Cond": "(ch.customerid = c.customerid)",
                          "Shared Hit Blocks": 4,
                          "Shared Read Blocks": 811,
                          "Shared Dirtied Blocks": 0,
                          "Shared Written Blocks": 0,
                          "Local Hit Blocks": 0,
                          "Local Read Blocks": 0,
                          "Local Dirtied Blocks": 0,
                          "Local Written Blocks": 0,
                          "Temp Read Blocks": 0,
                          "Temp Written Blocks": 0,
                          "I/O Read Time": 0.000,
                          "I/O Write Time": 0.000,
                          "Plans": [
                            {
                              "Node Type": "Seq Scan",
                              "Parent Relationship": "Outer",
                              "Relation Name": "cust_hist",
                              "Schema": "public",
                              "Alias": "ch",
                              "Startup Cost": 0.00,
                              "Total Cost": 930.50,
                              "Plan Rows": 60350,
                              "Plan Width": 8,
                              "Actual Startup Time": 0.294,
                              "Actual Total Time": 11.812,
                              "Actual Rows": 60350,
                              "Actual Loops": 1,
                              "Output": ["ch.customerid", "ch.orderid", "ch.prod_id"],
                              "Shared Hit Blocks": 2,
                              "Shared Read Blocks": 325,
                              "Shared Dirtied Blocks": 0,
                              "Shared Written Blocks": 0,
                              "Local Hit Blocks": 0,
                              "Local Read Blocks": 0,
                              "Local Dirtied Blocks": 0,
                              "Local Written Blocks": 0,
                              "Temp Read Blocks": 0,
                              "Temp Written Blocks": 0,
                              "I/O Read Time": 0.000,
                              "I/O Write Time": 0.000
                            },
                            {
                              "Node Type": "Hash",
                              "Parent Relationship": "Inner",
                              "Startup Cost": 688.00,
                              "Total Cost": 688.00,
                              "Plan Rows": 20000,
                              "Plan Width": 7,
                              "Actual Startup Time": 23.786,
                              "Actual Total Time": 23.786,
                              "Actual Rows": 20000,
                              "Actual Loops": 1,
                              "Output": ["c.state", "c.customerid"],
                              "Hash Buckets": 2048,
                              "Hash Batches": 1,
                              "Original Hash Batches": 1,
                              "Peak Memory Usage": 743,
                              "Shared Hit Blocks": 2,
                              "Shared Read Blocks": 486,
                              "Shared Dirtied Blocks": 0,
                              "Shared Written Blocks": 0,
                              "Local Hit Blocks": 0,
                              "Local Read Blocks": 0,
                              "Local Dirtied Blocks": 0,
                              "Local Written Blocks": 0,
                              "Temp Read Blocks": 0,
                              "Temp Written Blocks": 0,
                              "I/O Read Time": 0.000,
                              "I/O Write Time": 0.000,
                              "Plans": [
                                {
                                  "Node Type": "Seq Scan",
                                  "Parent Relationship": "Outer",
                                  "Relation Name": "customers",
                                  "Schema": "public",
                                  "Alias": "c",
                                  "Startup Cost": 0.00,
                                  "Total Cost": 688.00,
                                  "Plan Rows": 20000,
                                  "Plan Width": 7,
                                  "Actual Startup Time": 0.005,
                                  "Actual Total Time": 16.771,
                                  "Actual Rows": 20000,
                                  "Actual Loops": 1,
                                  "Output": ["c.state", "c.customerid"],
                                  "Shared Hit Blocks": 2,
                                  "Shared Read Blocks": 486,
                                  "Shared Dirtied Blocks": 0,
                                  "Shared Written Blocks": 0,
                                  "Local Hit Blocks": 0,
                                  "Local Read Blocks": 0,
                                  "Local Dirtied Blocks": 0,
                                  "Local Written Blocks": 0,
                                  "Temp Read Blocks": 0,
                                  "Temp Written Blocks": 0,
                                  "I/O Read Time": 0.000,
                                  "I/O Write Time": 0.000
                                }
                              ]
                            }
                          ]
                        }
                      ]
                    }
                  ]
                }
              ]
            }
          ]
        }
      ]
    },
    "Planning Time": 26.171,
    "Triggers": [
    ],
    "Execution Time": 726.800
  }
]
`,hq=`SELECT c.state,
  cat.categoryname,
  sum(o.netamount),
  sum(o.totalamount)
FROM customers c
  INNER JOIN cust_hist ch ON c.customerid = ch.customerid
  INNER JOIN orders o ON ch.orderid = o.orderid
  INNER JOIN orderlines ol ON ol.orderid = o.orderid
  INNER JOIN products p ON ol.prod_id = p.prod_id
  INNER JOIN categories cat ON p.category = cat.category
GROUP BY c.state, cat.categoryname
ORDER BY c.state, sum(o.totalamount) DESC LIMIT 10 OFFSET 1;
`,_q=`"Limit  (cost=1.27..3878.21 rows=5 width=172) (actual time=0.245..2.544 rows=5 loops=1)"
"  ->  Nested Loop  (cost=1.27..48075.41 rows=62 width=172) (actual time=0.244..2.539 rows=5 loops=1)"
"        ->  Nested Loop  (cost=0.84..2420.02 rows=65 width=85) (actual time=0.137..0.151 rows=5 loops=1)"
"              ->  Nested Loop  (cost=0.42..2356.20 rows=5 width=85) (actual time=0.118..0.119 rows=1 loops=1)"
"                    ->  Seq Scan on top_challenge_list  (cost=0.00..30.26 rows=58 width=57) (actual time=0.036..0.043 rows=4 loops=1)"
"                          Filter: (is_active AND ((template_challenge)::text = 'top_turnover'::text))"
"                          Rows Removed by Filter: 26"
"                    ->  Index Scan using ref_people_xperf1 on ref_people  (cost=0.42..40.09 rows=1 width=28) (actual time=0.017..0.017 rows=0 loops=4)"
"                          Index Cond: (id_int = top_challenge_list.id_int_manager)"
"                          Filter: (is_active AND (id_statut <> 2) AND (COALESCE(id_qualification, 1) >= 1) AND (id_type = 5))"
"                          Rows Removed by Filter: 4"
"              ->  Index Scan using ref_genealogy_xperf5 on ref_genealogy  (cost=0.42..12.56 rows=20 width=8) (actual time=0.017..0.026 rows=5 loops=1)"
"                    Index Cond: (id_int = ref_people.id_int)"
"                    Filter: is_active"
"        ->  Index Scan using ref_people_xperf1 on ref_people filleuls  (cost=0.42..0.82 rows=1 width=47) (actual time=0.012..0.030 rows=1 loops=5)"
"              Index Cond: (id_int = ref_genealogy.id_int_level)"
"              Filter: (is_active AND (id_type = ANY ('{5,14}'::integer[])))"
"              Rows Removed by Filter: 7"
"        SubPlan 1"
"          ->  Aggregate  (cost=361.46..361.47 rows=1 width=8) (actual time=0.233..0.233 rows=1 loops=5)"
"                ->  Index Scan using ref_transaction_xperf4 on ref_transaction  (cost=0.42..361.46 rows=1 width=8) (actual time=0.155..0.229 rows=0 loops=5)"
"                      Index Cond: (id_int_agent_out = filleuls.id_int)"
"                      Filter: (is_active AND (date_acte IS NOT NULL) AND (date_acte >= top_challenge_list.date_deb_challenge) AND (date_acte <= top_challenge_list.date_fin_challenge) AND (id_type_transaction = 1))"
"                      Rows Removed by Filter: 100"
"        SubPlan 2"
"          ->  Aggregate  (cost=373.99..374.00 rows=1 width=8) (actual time=0.177..0.178 rows=1 loops=5)"
"                ->  Index Scan using ref_transaction_xperf3 on ref_transaction ref_transaction_1  (cost=0.42..373.99 rows=1 width=8) (actual time=0.117..0.174 rows=0 loops=5)"
"                      Index Cond: (id_int_agent_in = filleuls.id_int)"
"                      Filter: (is_active AND (date_acte IS NOT NULL) AND (date_acte >= top_challenge_list.date_deb_challenge) AND (date_acte <= top_challenge_list.date_fin_challenge) AND (id_type_transaction = 1))"
"                      Rows Removed by Filter: 102"
"Planning Time: 2.916 ms"
"Execution Time: 2.900 ms"`,mq=String.raw`
                                                                         QUERY PLAN
═══════════════════════════════════════════════════════════════════════════════════════════════════════════════════════════════════════════════════════════════
 Merge on public.t1  (cost=1824058.07..1336099696.57 rows=0 width=0) (actual time=16254.981..16254.984 rows=0 loops=1)
   Tuples: deleted=2499999
   Buffers: shared hit=5002762 read=51294 dirtied=13514 written=8006, local hit=7541658 read=25779 dirtied=46608 written=67441, temp read=98262 written=150446
   WAL: records=2500630 fpi=8047 bytes=200763653
   CTE t2bb
     ->  Update on pg_temp.t2  (cost=0.00..54898.62 rows=2912462 width=14) (actual time=244.180..2939.572 rows=2499999 loops=1)
           Output: t2.i, t2.x, t2.filler
           Buffers: local hit=7541658 read=25779 dirtied=46608 written=67441
           ->  Seq Scan on pg_temp.t2  (cost=0.00..54898.62 rows=2912462 width=14) (actual time=226.341..690.083 rows=2499999 loops=1)
                 Output: NULL::double precision, t2.ctid
                 Buffers: local read=25774 dirtied=25774 written=25771
   CTE t2b
     ->  Sort  (cost=650151.19..657432.35 rows=2912462 width=52) (actual time=5387.848..5800.321 rows=2499999 loops=1)
           Output: t2bb.i, t2bb.x, t2bb.filler, (random())
           Sort Key: (random())
           Sort Method: external merge  Disk: 141936kB
           Buffers: shared hit=3, local hit=7541658 read=25779 dirtied=46608 written=67441, temp read=35480 written=49892
           ->  CTE Scan on t2bb  (cost=0.00..65530.39 rows=2912462 width=52) (actual time=244.188..3856.231 rows=2499999 loops=1)
                 Output: t2bb.i, t2bb.x, t2bb.filler, random()
                 Buffers: local hit=7541658 read=25779 dirtied=46608 written=67441, temp written=14343
   ->  Merge Left Join  (cost=1111727.10..1335387365.61 rows=88949720377 width=42) (actual time=10989.361..12903.243 rows=2499999 loops=1)
         Output: t1.ctid, t2b.i, t2b.filler
         Merge Cond: (t2b.i = t1.i)
         Buffers: shared hit=15647 read=38411 dirtied=631, local hit=7541658 read=25779 dirtied=46608 written=67441, temp read=98262 written=150446
         WAL: records=631 fpi=631 bytes=5182403
         ->  Sort  (cost=530235.49..537516.64 rows=2912462 width=36) (actual time=7556.652..7928.837 rows=2499999 loops=1)
               Output: t2b.i, t2b.filler
               Sort Key: t2b.i
               Sort Method: external merge  Disk: 115072kB
               Buffers: shared hit=3, local hit=7541658 read=25779 dirtied=46608 written=67441, temp read=64238 written=96414
               ->  CTE Scan on t2b  (cost=0.00..58249.24 rows=2912462 width=36) (actual time=5387.869..6356.641 rows=2499999 loops=1)
                     Output: t2b.i, t2b.filler
                     Buffers: shared hit=3, local hit=7541658 read=25779 dirtied=46608 written=67441, temp read=35480 written=67592
         ->  Materialize  (cost=1012385.82..1042926.89 rows=6108215 width=10) (actual time=3432.664..4124.070 rows=2500000 loops=1)
               Output: t1.ctid, t1.i
               Buffers: shared hit=15644 read=38411 dirtied=631, temp read=34024 written=54032
               WAL: records=631 fpi=631 bytes=5182403
               ->  Sort  (cost=1012385.82..1027656.36 rows=6108215 width=10) (actual time=3432.659..3773.369 rows=2500000 loops=1)
                     Output: t1.ctid, t1.i
                     Sort Key: t1.i
                     Sort Method: external merge  Disk: 215352kB
                     Buffers: shared hit=15644 read=38411 dirtied=631, temp read=34024 written=54032
                     WAL: records=631 fpi=631 bytes=5182403
                     ->  Seq Scan on public.t1  (cost=0.00..115137.15 rows=6108215 width=10) (actual time=0.031..1073.371 rows=10000000 loops=1)
                           Output: t1.ctid, t1.i
                           Buffers: shared hit=15644 read=38411 dirtied=631
                           WAL: records=631 fpi=631 bytes=5182403
 Planning:
   Buffers: shared hit=21 read=7
 Planning Time: 0.237 ms
 JIT:
   Functions: 20
   Options: Inlining true, Optimization true, Expressions true, Deforming true
   Timing: Generation 0.948 ms, Inlining 76.071 ms, Optimization 97.998 ms, Emission 70.028 ms, Total 245.045 ms
 Execution Time: 16365.829 ms
(55 lignes)
`,Eq=String.raw`
-- create a plan with all written/buffers/shared/local/temp at once

\timing off

\set NB 10000000
\set MINIMUM :NB/4


SET synchronous_commit TO off;

\set ON_ERROR_STOP 1

\set ECHO queries

DROP TABLE  IF EXISTS t1, t2 ;

CREATE TABLE t1 (i int GENERATED BY DEFAULT AS IDENTITY, x float DEFAULT random(), filler text DEFAULT NULL) ;

CREATE TEMP TABLE t2 (LIKE t1);
VACUUM (ANALYZE,VERBOSE) t1,t2;

\d+ t1
\d+ t2

INSERT INTO t1 SELECT FROM generate_series (1,:NB) i ;

INSERT INTO t2 SELECT i,x,md5(i::text) FROM t1 WHERE i < :MINIMUM ;

\dt+ t?

SET work_mem TO '4MB' ;

\echo "Update T1 from a modified version of T2"

EXPLAIN (ANALYZE,BUFFERS,VERBOSE,SETTINGS,WAL)
WITH t2bb AS ( UPDATE t2 SET x=null RETURNING * ),
t2b AS ( SELECT * FROM t2bb ORDER BY random())
MERGE INTO t1
USING t2b
ON (t1.i=t2b.i)
WHEN NOT MATCHED AND t2b.i >= :MINIMUM THEN
  INSERT VALUES (t2b.i, null, t2b.filler)
WHEN MATCHED AND t2b.i < :MINIMUM THEN
  DELETE
WHEN MATCHED THEN
  UPDATE SET filler=t2b.filler, x=null ;
`,gq=`Append (actual time=102.409..302.675 rows=3 loops=1)
  CTE init
    ->  Append (actual time=102.397..302.649 rows=2 loops=1)
          ->  Function Scan on pg_sleep pg_sleep_for (actual time=102.396..102.398 rows=1 loops=1)
          ->  Function Scan on pg_sleep pg_sleep_for_1 (actual time=200.243..200.245 rows=1 loops=1)
  ->  Limit (actual time=102.407..102.409 rows=1 loops=1)
        ->  CTE Scan on init init_1 (actual time=102.402..102.402 rows=1 loops=1)
  ->  CTE Scan on init (actual time=0.001..200.256 rows=2 loops=1)
Planning Time: 47.003 ms
Execution Time: 303.905 ms
`,vq=`WITH init AS (
 SELECT * FROM pg_sleep_for('100ms')
 UNION ALL
 SELECT * FROM pg_sleep_for('200ms')
)
(SELECT * FROM init LIMIT 1)
UNION ALL
(SELECT * FROM init);
`,Tq=String.raw`{
  "Plan": {
    "Node Type": "Hash Join",
    "Parallel Aware": false,
    "Join Type": "Left",
    "Startup Cost": 394.93,
    "Total Cost": 417.11,
    "Plan Rows": 12,
    "Plan Width": 316,
    "Actual Startup Time": 226.103,
    "Actual Total Time": 232.217,
    "Actual Rows": 62,
    "Actual Loops": 1,
    "Output": [
      "c.relname",
      "(pg_total_relation_size((c.oid)::regclass))",
      "(pg_indexes_size((c.oid)::regclass))",
      "(COALESCE(pg_total_relation_size((c.reltoastrelid)::regclass), '0'::bigint))",
      "(((pg_total_relation_size((c.oid)::regclass)) - (pg_indexes_size((c.oid)::regclass))) - (COALESCE(pg_total_relation_size((c.reltoastrelid)::regclass), '0'::bigint)))",
      "COALESCE((count(*)), '0'::bigint)",
      "pg_size_pretty((pg_total_relation_size((c.oid)::regclass)))",
      "pg_size_pretty((pg_indexes_size((c.oid)::regclass)))",
      "pg_size_pretty((COALESCE(pg_total_relation_size((c.reltoastrelid)::regclass), '0'::bigint)))",
      "pg_size_pretty((((pg_total_relation_size((c.oid)::regclass)) - (pg_indexes_size((c.oid)::regclass))) - (COALESCE(pg_total_relation_size((c.reltoastrelid)::regclass), '0'::bigint))))",
      "CASE WHEN ((((s.heappages + s.toastpages))::double precision - (ceil((s.reltuples / ((((s.bs - (s.page_hdr)::numeric) * (s.fillfactor)::numeric))::double precision / (((((((4 + s.tpl_hdr_size))::double precision + s.tpl_data_size) + ((2 * s.ma))::double precision) - (CASE WHEN ((s.tpl_hdr_size % (s.ma)::bigint) = 0) THEN (s.ma)::bigint ELSE (s.tpl_hdr_size % (s.ma)::bigint) END)::double precision) - (CASE WHEN (((ceil(s.tpl_data_size))::integer % s.ma) = 0) THEN s.ma ELSE ((ceil(s.tpl_data_size))::integer % s.ma) END)::double precision) * '100'::double precision)))) + ceil((s.toasttuples / '4'::double precision)))) > '0'::double precision) THEN ((((s.heappages + s.toastpages))::double precision - (ceil((s.reltuples / ((((s.bs - (s.page_hdr)::numeric) * (s.fillfactor)::numeric))::double precision / (((((((4 + s.tpl_hdr_size))::double precision + s.tpl_data_size) + ((2 * s.ma))::double precision) - (CASE WHEN ((s.tpl_hdr_size % (s.ma)::bigint) = 0) THEN (s.ma)::bigint ELSE (s.tpl_hdr_size % (s.ma)::bigint) END)::double precision) - (CASE WHEN (((ceil(s.tpl_data_size))::integer % s.ma) = 0) THEN s.ma ELSE ((ceil(s.tpl_data_size))::integer % s.ma) END)::double precision) * '100'::double precision)))) + ceil((s.toasttuples / '4'::double precision)))) * (s.bs)::double precision) ELSE '0'::double precision END",
      "pg_size_pretty((CASE WHEN ((((s.heappages + s.toastpages))::double precision - (ceil((s.reltuples / ((((s.bs - (s.page_hdr)::numeric) * (s.fillfactor)::numeric))::double precision / (((((((4 + s.tpl_hdr_size))::double precision + s.tpl_data_size) + ((2 * s.ma))::double precision) - (CASE WHEN ((s.tpl_hdr_size % (s.ma)::bigint) = 0) THEN (s.ma)::bigint ELSE (s.tpl_hdr_size % (s.ma)::bigint) END)::double precision) - (CASE WHEN (((ceil(s.tpl_data_size))::integer % s.ma) = 0) THEN s.ma ELSE ((ceil(s.tpl_data_size))::integer % s.ma) END)::double precision) * '100'::double precision)))) + ceil((s.toasttuples / '4'::double precision)))) > '0'::double precision) THEN ((((s.heappages + s.toastpages))::double precision - (ceil((s.reltuples / ((((s.bs - (s.page_hdr)::numeric) * (s.fillfactor)::numeric))::double precision / (((((((4 + s.tpl_hdr_size))::double precision + s.tpl_data_size) + ((2 * s.ma))::double precision) - (CASE WHEN ((s.tpl_hdr_size % (s.ma)::bigint) = 0) THEN (s.ma)::bigint ELSE (s.tpl_hdr_size % (s.ma)::bigint) END)::double precision) - (CASE WHEN (((ceil(s.tpl_data_size))::integer % s.ma) = 0) THEN s.ma ELSE ((ceil(s.tpl_data_size))::integer % s.ma) END)::double precision) * '100'::double precision)))) + ceil((s.toasttuples / '4'::double precision)))) * (s.bs)::double precision) ELSE '0'::double precision END)::bigint)",
      "(sum((CASE WHEN ((q.relpages)::double precision > COALESCE(('1'::double precision + ceil((q.reltuples / floor((((((((current_setting('block_size'::text))::numeric) - ((16))::numeric) - ((24))::numeric) * (q.fillfactor)::numeric))::double precision / ('100'::double precision * (('4'::numeric + ((((((((CASE WHEN (max(COALESCE(s_3.stanullfrac, '0'::real)) = '0'::double precision) THEN 2 ELSE 6 END) + (CASE WHEN ((version() ~ 'mingw32'::text) OR (version() ~ '64-bit|x86_64|ppc64|ia64|amd64'::text)) THEN 8 ELSE 4 END)) - CASE WHEN (((CASE WHEN (max(COALESCE(s_3.stanullfrac, '0'::real)) = '0'::double precision) THEN 2 ELSE 6 END) % (CASE WHEN ((version() ~ 'mingw32'::text) OR (version() ~ '64-bit|x86_64|ppc64|ia64|amd64'::text)) THEN 8 ELSE 4 END)) = 0) THEN (CASE WHEN ((version() ~ 'mingw32'::text) OR (version() ~ '64-bit|x86_64|ppc64|ia64|amd64'::text)) THEN 8 ELSE 4 END) ELSE ((CASE WHEN (max(COALESCE(s_3.stanullfrac, '0'::real)) = '0'::double precision) THEN 2 ELSE 6 END) % (CASE WHEN ((version() ~ 'mingw32'::text) OR (version() ~ '64-bit|x86_64|ppc64|ia64|amd64'::text)) THEN 8 ELSE 4 END)) END))::double precision + (sum((('1'::double precision - COALESCE(s_3.stanullfrac, '0'::real)) * (COALESCE(s_3.stawidth, 1024))::double precision)))) + ((CASE WHEN ((version() ~ 'mingw32'::text) OR (version() ~ '64-bit|x86_64|ppc64|ia64|amd64'::text)) THEN 8 ELSE 4 END))::double precision) - (CASE WHEN ((sum((('1'::double precision - COALESCE(s_3.stanullfrac, '0'::real)) * (COALESCE(s_3.stawidth, 1024))::double precision))) = '0'::double precision) THEN 0 WHEN ((((sum((('1'::double precision - COALESCE(s_3.stanullfrac, '0'::real)) * (COALESCE(s_3.stawidth, 1024))::double precision))))::integer % (CASE WHEN ((version() ~ 'mingw32'::text) OR (version() ~ '64-bit|x86_64|ppc64|ia64|amd64'::text)) THEN 8 ELSE 4 END)) = 0) THEN (CASE WHEN ((version() ~ 'mingw32'::text) OR (version() ~ '64-bit|x86_64|ppc64|ia64|amd64'::text)) THEN 8 ELSE 4 END) ELSE (((sum((('1'::double precision - COALESCE(s_3.stanullfrac, '0'::real)) * (COALESCE(s_3.stawidth, 1024))::double precision))))::integer % (CASE WHEN ((version() ~ 'mingw32'::text) OR (version() ~ '64-bit|x86_64|ppc64|ia64|amd64'::text)) THEN 8 ELSE 4 END)) END)::double precision))::numeric))::double precision)))))), '0'::double precision)) THEN ((((current_setting('block_size'::text))::numeric))::double precision * ((q.relpages)::double precision - COALESCE(('1'::double precision + ceil((q.reltuples / floor((((((((current_setting('block_size'::text))::numeric) - ((16))::numeric) - ((24))::numeric) * (q.fillfactor)::numeric))::double precision / ('100'::double precision * (('4'::numeric + ((((((((CASE WHEN (max(COALESCE(s_3.stanullfrac, '0'::real)) = '0'::double precision) THEN 2 ELSE 6 END) + (CASE WHEN ((version() ~ 'mingw32'::text) OR (version() ~ '64-bit|x86_64|ppc64|ia64|amd64'::text)) THEN 8 ELSE 4 END)) - CASE WHEN (((CASE WHEN (max(COALESCE(s_3.stanullfrac, '0'::real)) = '0'::double precision) THEN 2 ELSE 6 END) % (CASE WHEN ((version() ~ 'mingw32'::text) OR (version() ~ '64-bit|x86_64|ppc64|ia64|amd64'::text)) THEN 8 ELSE 4 END)) = 0) THEN (CASE WHEN ((version() ~ 'mingw32'::text) OR (version() ~ '64-bit|x86_64|ppc64|ia64|amd64'::text)) THEN 8 ELSE 4 END) ELSE ((CASE WHEN (max(COALESCE(s_3.stanullfrac, '0'::real)) = '0'::double precision) THEN 2 ELSE 6 END) % (CASE WHEN ((version() ~ 'mingw32'::text) OR (version() ~ '64-bit|x86_64|ppc64|ia64|amd64'::text)) THEN 8 ELSE 4 END)) END))::double precision + (sum((('1'::double precision - COALESCE(s_3.stanullfrac, '0'::real)) * (COALESCE(s_3.stawidth, 1024))::double precision)))) + ((CASE WHEN ((version() ~ 'mingw32'::text) OR (version() ~ '64-bit|x86_64|ppc64|ia64|amd64'::text)) THEN 8 ELSE 4 END))::double precision) - (CASE WHEN ((sum((('1'::double precision - COALESCE(s_3.stanullfrac, '0'::real)) * (COALESCE(s_3.stawidth, 1024))::double precision))) = '0'::double precision) THEN 0 WHEN ((((sum((('1'::double precision - COALESCE(s_3.stanullfrac, '0'::real)) * (COALESCE(s_3.stawidth, 1024))::double precision))))::integer % (CASE WHEN ((version() ~ 'mingw32'::text) OR (version() ~ '64-bit|x86_64|ppc64|ia64|amd64'::text)) THEN 8 ELSE 4 END)) = 0) THEN (CASE WHEN ((version() ~ 'mingw32'::text) OR (version() ~ '64-bit|x86_64|ppc64|ia64|amd64'::text)) THEN 8 ELSE 4 END) ELSE (((sum((('1'::double precision - COALESCE(s_3.stanullfrac, '0'::real)) * (COALESCE(s_3.stawidth, 1024))::double precision))))::integer % (CASE WHEN ((version() ~ 'mingw32'::text) OR (version() ~ '64-bit|x86_64|ppc64|ia64|amd64'::text)) THEN 8 ELSE 4 END)) END)::double precision))::numeric))::double precision)))))), '0'::double precision))) ELSE '0'::double precision END)))",
      "pg_size_pretty(((sum((CASE WHEN ((q.relpages)::double precision > COALESCE(('1'::double precision + ceil((q.reltuples / floor((((((((current_setting('block_size'::text))::numeric) - ((16))::numeric) - ((24))::numeric) * (q.fillfactor)::numeric))::double precision / ('100'::double precision * (('4'::numeric + ((((((((CASE WHEN (max(COALESCE(s_3.stanullfrac, '0'::real)) = '0'::double precision) THEN 2 ELSE 6 END) + (CASE WHEN ((version() ~ 'mingw32'::text) OR (version() ~ '64-bit|x86_64|ppc64|ia64|amd64'::text)) THEN 8 ELSE 4 END)) - CASE WHEN (((CASE WHEN (max(COALESCE(s_3.stanullfrac, '0'::real)) = '0'::double precision) THEN 2 ELSE 6 END) % (CASE WHEN ((version() ~ 'mingw32'::text) OR (version() ~ '64-bit|x86_64|ppc64|ia64|amd64'::text)) THEN 8 ELSE 4 END)) = 0) THEN (CASE WHEN ((version() ~ 'mingw32'::text) OR (version() ~ '64-bit|x86_64|ppc64|ia64|amd64'::text)) THEN 8 ELSE 4 END) ELSE ((CASE WHEN (max(COALESCE(s_3.stanullfrac, '0'::real)) = '0'::double precision) THEN 2 ELSE 6 END) % (CASE WHEN ((version() ~ 'mingw32'::text) OR (version() ~ '64-bit|x86_64|ppc64|ia64|amd64'::text)) THEN 8 ELSE 4 END)) END))::double precision + (sum((('1'::double precision - COALESCE(s_3.stanullfrac, '0'::real)) * (COALESCE(s_3.stawidth, 1024))::double precision)))) + ((CASE WHEN ((version() ~ 'mingw32'::text) OR (version() ~ '64-bit|x86_64|ppc64|ia64|amd64'::text)) THEN 8 ELSE 4 END))::double precision) - (CASE WHEN ((sum((('1'::double precision - COALESCE(s_3.stanullfrac, '0'::real)) * (COALESCE(s_3.stawidth, 1024))::double precision))) = '0'::double precision) THEN 0 WHEN ((((sum((('1'::double precision - COALESCE(s_3.stanullfrac, '0'::real)) * (COALESCE(s_3.stawidth, 1024))::double precision))))::integer % (CASE WHEN ((version() ~ 'mingw32'::text) OR (version() ~ '64-bit|x86_64|ppc64|ia64|amd64'::text)) THEN 8 ELSE 4 END)) = 0) THEN (CASE WHEN ((version() ~ 'mingw32'::text) OR (version() ~ '64-bit|x86_64|ppc64|ia64|amd64'::text)) THEN 8 ELSE 4 END) ELSE (((sum((('1'::double precision - COALESCE(s_3.stanullfrac, '0'::real)) * (COALESCE(s_3.stawidth, 1024))::double precision))))::integer % (CASE WHEN ((version() ~ 'mingw32'::text) OR (version() ~ '64-bit|x86_64|ppc64|ia64|amd64'::text)) THEN 8 ELSE 4 END)) END)::double precision))::numeric))::double precision)))))), '0'::double precision)) THEN ((((current_setting('block_size'::text))::numeric))::double precision * ((q.relpages)::double precision - COALESCE(('1'::double precision + ceil((q.reltuples / floor((((((((current_setting('block_size'::text))::numeric) - ((16))::numeric) - ((24))::numeric) * (q.fillfactor)::numeric))::double precision / ('100'::double precision * (('4'::numeric + ((((((((CASE WHEN (max(COALESCE(s_3.stanullfrac, '0'::real)) = '0'::double precision) THEN 2 ELSE 6 END) + (CASE WHEN ((version() ~ 'mingw32'::text) OR (version() ~ '64-bit|x86_64|ppc64|ia64|amd64'::text)) THEN 8 ELSE 4 END)) - CASE WHEN (((CASE WHEN (max(COALESCE(s_3.stanullfrac, '0'::real)) = '0'::double precision) THEN 2 ELSE 6 END) % (CASE WHEN ((version() ~ 'mingw32'::text) OR (version() ~ '64-bit|x86_64|ppc64|ia64|amd64'::text)) THEN 8 ELSE 4 END)) = 0) THEN (CASE WHEN ((version() ~ 'mingw32'::text) OR (version() ~ '64-bit|x86_64|ppc64|ia64|amd64'::text)) THEN 8 ELSE 4 END) ELSE ((CASE WHEN (max(COALESCE(s_3.stanullfrac, '0'::real)) = '0'::double precision) THEN 2 ELSE 6 END) % (CASE WHEN ((version() ~ 'mingw32'::text) OR (version() ~ '64-bit|x86_64|ppc64|ia64|amd64'::text)) THEN 8 ELSE 4 END)) END))::double precision + (sum((('1'::double precision - COALESCE(s_3.stanullfrac, '0'::real)) * (COALESCE(s_3.stawidth, 1024))::double precision)))) + ((CASE WHEN ((version() ~ 'mingw32'::text) OR (version() ~ '64-bit|x86_64|ppc64|ia64|amd64'::text)) THEN 8 ELSE 4 END))::double precision) - (CASE WHEN ((sum((('1'::double precision - COALESCE(s_3.stanullfrac, '0'::real)) * (COALESCE(s_3.stawidth, 1024))::double precision))) = '0'::double precision) THEN 0 WHEN ((((sum((('1'::double precision - COALESCE(s_3.stanullfrac, '0'::real)) * (COALESCE(s_3.stawidth, 1024))::double precision))))::integer % (CASE WHEN ((version() ~ 'mingw32'::text) OR (version() ~ '64-bit|x86_64|ppc64|ia64|amd64'::text)) THEN 8 ELSE 4 END)) = 0) THEN (CASE WHEN ((version() ~ 'mingw32'::text) OR (version() ~ '64-bit|x86_64|ppc64|ia64|amd64'::text)) THEN 8 ELSE 4 END) ELSE (((sum((('1'::double precision - COALESCE(s_3.stanullfrac, '0'::real)) * (COALESCE(s_3.stawidth, 1024))::double precision))))::integer % (CASE WHEN ((version() ~ 'mingw32'::text) OR (version() ~ '64-bit|x86_64|ppc64|ia64|amd64'::text)) THEN 8 ELSE 4 END)) END)::double precision))::numeric))::double precision)))))), '0'::double precision))) ELSE '0'::double precision END))))::bigint)",
      "c.reltuples"
    ],
    "Inner Unique": true,
    "Hash Cond": "((n.nspname = q.nspname) AND (c.relname = q.tblname))",
    "Shared Hit Blocks": 218101,
    "Shared Read Blocks": 0,
    "Shared Dirtied Blocks": 0,
    "Shared Written Blocks": 0,
    "Local Hit Blocks": 0,
    "Local Read Blocks": 0,
    "Local Dirtied Blocks": 0,
    "Local Written Blocks": 0,
    "Temp Read Blocks": 0,
    "Temp Written Blocks": 0,
    "Plans": [
      {
        "Node Type": "Hash Join",
        "Parent Relationship": "Outer",
        "Parallel Aware": false,
        "Join Type": "Inner",
        "Startup Cost": 211.58,
        "Total Cost": 228.59,
        "Plan Rows": 12,
        "Plan Width": 240,
        "Actual Startup Time": 35.727,
        "Actual Total Time": 41.452,
        "Actual Rows": 62,
        "Actual Loops": 1,
        "Output": [
          "c.relname",
          "(pg_total_relation_size((c.oid)::regclass))",
          "(pg_indexes_size((c.oid)::regclass))",
          "(COALESCE(pg_total_relation_size((c.reltoastrelid)::regclass), '0'::bigint))",
          "c.reltuples",
          "n.nspname",
          "(count(*))",
          "s.heappages",
          "s.toastpages",
          "s.reltuples",
          "s.bs",
          "s.page_hdr",
          "s.fillfactor",
          "s.tpl_hdr_size",
          "s.tpl_data_size",
          "s.ma",
          "s.toasttuples"
        ],
        "Inner Unique": false,
        "Hash Cond": "(c.relname = s.tblname)",
        "Shared Hit Blocks": 2449,
        "Shared Read Blocks": 0,
        "Shared Dirtied Blocks": 0,
        "Shared Written Blocks": 0,
        "Local Hit Blocks": 0,
        "Local Read Blocks": 0,
        "Local Dirtied Blocks": 0,
        "Local Written Blocks": 0,
        "Temp Read Blocks": 0,
        "Temp Written Blocks": 0,
        "Plans": [
          {
            "Node Type": "Hash Join",
            "Parent Relationship": "Outer",
            "Parallel Aware": false,
            "Join Type": "Left",
            "Startup Cost": 42.71,
            "Total Cost": 59.55,
            "Plan Rows": 12,
            "Plan Width": 164,
            "Actual Startup Time": 0.697,
            "Actual Total Time": 6.325,
            "Actual Rows": 62,
            "Actual Loops": 1,
            "Output": [
              "c.relname",
              "(pg_total_relation_size((c.oid)::regclass))",
              "(pg_indexes_size((c.oid)::regclass))",
              "(COALESCE(pg_total_relation_size((c.reltoastrelid)::regclass), '0'::bigint))",
              "c.reltuples",
              "n.nspname",
              "(count(*))"
            ],
            "Inner Unique": true,
            "Hash Cond": "(c.relname = c_1.relname)",
            "Shared Hit Blocks": 694,
            "Shared Read Blocks": 0,
            "Shared Dirtied Blocks": 0,
            "Shared Written Blocks": 0,
            "Local Hit Blocks": 0,
            "Local Read Blocks": 0,
            "Local Dirtied Blocks": 0,
            "Local Written Blocks": 0,
            "Temp Read Blocks": 0,
            "Temp Written Blocks": 0,
            "Plans": [
              {
                "Node Type": "Hash Join",
                "Parent Relationship": "Outer",
                "Parallel Aware": false,
                "Join Type": "Inner",
                "Startup Cost": 1.09,
                "Total Cost": 17.77,
                "Plan Rows": 12,
                "Plan Width": 160,
                "Actual Startup Time": 0.151,
                "Actual Total Time": 5.685,
                "Actual Rows": 62,
                "Actual Loops": 1,
                "Output": [
                  "NULL::oid",
                  "n.nspname",
                  "c.relname",
                  "c.reltuples",
                  "pg_total_relation_size((c.oid)::regclass)",
                  "pg_indexes_size((c.oid)::regclass)",
                  "COALESCE(pg_total_relation_size((c.reltoastrelid)::regclass), '0'::bigint)"
                ],
                "Inner Unique": true,
                "Hash Cond": "(c.relnamespace = n.oid)",
                "Shared Hit Blocks": 663,
                "Shared Read Blocks": 0,
                "Shared Dirtied Blocks": 0,
                "Shared Written Blocks": 0,
                "Local Hit Blocks": 0,
                "Local Read Blocks": 0,
                "Local Dirtied Blocks": 0,
                "Local Written Blocks": 0,
                "Temp Read Blocks": 0,
                "Temp Written Blocks": 0,
                "Plans": [
                  {
                    "Node Type": "Seq Scan",
                    "Parent Relationship": "Outer",
                    "Parallel Aware": false,
                    "Relation Name": "pg_class",
                    "Schema": "pg_catalog",
                    "Alias": "c",
                    "Startup Cost": 0.0,
                    "Total Cost": 16.27,
                    "Plan Rows": 69,
                    "Plan Width": 80,
                    "Actual Startup Time": 0.014,
                    "Actual Total Time": 0.135,
                    "Actual Rows": 71,
                    "Actual Loops": 1,
                    "Output": [
                      "c.relname",
                      "c.reltuples",
                      "c.oid",
                      "c.reltoastrelid",
                      "c.relnamespace"
                    ],
                    "Filter": "(c.relkind = 'r'::\"char\")",
                    "Rows Removed by Filter": 277,
                    "Shared Hit Blocks": 12,
                    "Shared Read Blocks": 0,
                    "Shared Dirtied Blocks": 0,
                    "Shared Written Blocks": 0,
                    "Local Hit Blocks": 0,
                    "Local Read Blocks": 0,
                    "Local Dirtied Blocks": 0,
                    "Local Written Blocks": 0,
                    "Temp Read Blocks": 0,
                    "Temp Written Blocks": 0
                  },
                  {
                    "Node Type": "Hash",
                    "Parent Relationship": "Inner",
                    "Parallel Aware": false,
                    "Startup Cost": 1.07,
                    "Total Cost": 1.07,
                    "Plan Rows": 1,
                    "Plan Width": 68,
                    "Actual Startup Time": 0.014,
                    "Actual Total Time": 0.014,
                    "Actual Rows": 1,
                    "Actual Loops": 1,
                    "Output": ["n.nspname", "n.oid"],
                    "Hash Buckets": 1024,
                    "Original Hash Buckets": 1024,
                    "Hash Batches": 1,
                    "Original Hash Batches": 1,
                    "Peak Memory Usage": 9,
                    "Shared Hit Blocks": 1,
                    "Shared Read Blocks": 0,
                    "Shared Dirtied Blocks": 0,
                    "Shared Written Blocks": 0,
                    "Local Hit Blocks": 0,
                    "Local Read Blocks": 0,
                    "Local Dirtied Blocks": 0,
                    "Local Written Blocks": 0,
                    "Temp Read Blocks": 0,
                    "Temp Written Blocks": 0,
                    "Plans": [
                      {
                        "Node Type": "Seq Scan",
                        "Parent Relationship": "Outer",
                        "Parallel Aware": false,
                        "Relation Name": "pg_namespace",
                        "Schema": "pg_catalog",
                        "Alias": "n",
                        "Startup Cost": 0.0,
                        "Total Cost": 1.07,
                        "Plan Rows": 1,
                        "Plan Width": 68,
                        "Actual Startup Time": 0.006,
                        "Actual Total Time": 0.007,
                        "Actual Rows": 1,
                        "Actual Loops": 1,
                        "Output": ["n.nspname", "n.oid"],
                        "Filter": "(n.nspname = 'pg_catalog'::name)",
                        "Rows Removed by Filter": 6,
                        "Shared Hit Blocks": 1,
                        "Shared Read Blocks": 0,
                        "Shared Dirtied Blocks": 0,
                        "Shared Written Blocks": 0,
                        "Local Hit Blocks": 0,
                        "Local Read Blocks": 0,
                        "Local Dirtied Blocks": 0,
                        "Local Written Blocks": 0,
                        "Temp Read Blocks": 0,
                        "Temp Written Blocks": 0
                      }
                    ]
                  }
                ]
              },
              {
                "Node Type": "Hash",
                "Parent Relationship": "Inner",
                "Parallel Aware": false,
                "Startup Cost": 41.44,
                "Total Cost": 41.44,
                "Plan Rows": 14,
                "Plan Width": 72,
                "Actual Startup Time": 0.529,
                "Actual Total Time": 0.529,
                "Actual Rows": 62,
                "Actual Loops": 1,
                "Output": ["(count(*))", "c_1.relname"],
                "Hash Buckets": 1024,
                "Original Hash Buckets": 1024,
                "Hash Batches": 1,
                "Original Hash Batches": 1,
                "Peak Memory Usage": 15,
                "Shared Hit Blocks": 31,
                "Shared Read Blocks": 0,
                "Shared Dirtied Blocks": 0,
                "Shared Written Blocks": 0,
                "Local Hit Blocks": 0,
                "Local Read Blocks": 0,
                "Local Dirtied Blocks": 0,
                "Local Written Blocks": 0,
                "Temp Read Blocks": 0,
                "Temp Written Blocks": 0,
                "Plans": [
                  {
                    "Node Type": "Aggregate",
                    "Strategy": "Sorted",
                    "Partial Mode": "Simple",
                    "Parent Relationship": "Outer",
                    "Parallel Aware": false,
                    "Startup Cost": 41.06,
                    "Total Cost": 41.3,
                    "Plan Rows": 14,
                    "Plan Width": 72,
                    "Actual Startup Time": 0.474,
                    "Actual Total Time": 0.504,
                    "Actual Rows": 62,
                    "Actual Loops": 1,
                    "Output": ["count(*)", "c_1.relname"],
                    "Group Key": ["c_1.relname"],
                    "Shared Hit Blocks": 31,
                    "Shared Read Blocks": 0,
                    "Shared Dirtied Blocks": 0,
                    "Shared Written Blocks": 0,
                    "Local Hit Blocks": 0,
                    "Local Read Blocks": 0,
                    "Local Dirtied Blocks": 0,
                    "Local Written Blocks": 0,
                    "Temp Read Blocks": 0,
                    "Temp Written Blocks": 0,
                    "Plans": [
                      {
                        "Node Type": "Sort",
                        "Parent Relationship": "Outer",
                        "Parallel Aware": false,
                        "Startup Cost": 41.06,
                        "Total Cost": 41.09,
                        "Plan Rows": 14,
                        "Plan Width": 64,
                        "Actual Startup Time": 0.463,
                        "Actual Total Time": 0.469,
                        "Actual Rows": 116,
                        "Actual Loops": 1,
                        "Output": ["c_1.relname"],
                        "Sort Key": ["c_1.relname"],
                        "Sort Method": "quicksort",
                        "Sort Space Used": 41,
                        "Sort Space Type": "Memory",
                        "Shared Hit Blocks": 31,
                        "Shared Read Blocks": 0,
                        "Shared Dirtied Blocks": 0,
                        "Shared Written Blocks": 0,
                        "Local Hit Blocks": 0,
                        "Local Read Blocks": 0,
                        "Local Dirtied Blocks": 0,
                        "Local Written Blocks": 0,
                        "Temp Read Blocks": 0,
                        "Temp Written Blocks": 0,
                        "Plans": [
                          {
                            "Node Type": "Hash Join",
                            "Parent Relationship": "Outer",
                            "Parallel Aware": false,
                            "Join Type": "Inner",
                            "Startup Cost": 23.87,
                            "Total Cost": 40.79,
                            "Plan Rows": 14,
                            "Plan Width": 64,
                            "Actual Startup Time": 0.266,
                            "Actual Total Time": 0.366,
                            "Actual Rows": 116,
                            "Actual Loops": 1,
                            "Output": ["c_1.relname"],
                            "Inner Unique": false,
                            "Hash Cond": "(i.oid = x.indexrelid)",
                            "Shared Hit Blocks": 28,
                            "Shared Read Blocks": 0,
                            "Shared Dirtied Blocks": 0,
                            "Shared Written Blocks": 0,
                            "Local Hit Blocks": 0,
                            "Local Read Blocks": 0,
                            "Local Dirtied Blocks": 0,
                            "Local Written Blocks": 0,
                            "Temp Read Blocks": 0,
                            "Temp Written Blocks": 0,
                            "Plans": [
                              {
                                "Node Type": "Seq Scan",
                                "Parent Relationship": "Outer",
                                "Parallel Aware": false,
                                "Relation Name": "pg_class",
                                "Schema": "pg_catalog",
                                "Alias": "i",
                                "Startup Cost": 0.0,
                                "Total Cost": 16.27,
                                "Plan Rows": 135,
                                "Plan Width": 8,
                                "Actual Startup Time": 0.009,
                                "Actual Total Time": 0.09,
                                "Actual Rows": 137,
                                "Actual Loops": 1,
                                "Output": ["i.oid", "i.reltablespace"],
                                "Filter": "(i.relkind = 'i'::\"char\")",
                                "Rows Removed by Filter": 211,
                                "Shared Hit Blocks": 12,
                                "Shared Read Blocks": 0,
                                "Shared Dirtied Blocks": 0,
                                "Shared Written Blocks": 0,
                                "Local Hit Blocks": 0,
                                "Local Read Blocks": 0,
                                "Local Dirtied Blocks": 0,
                                "Local Written Blocks": 0,
                                "Temp Read Blocks": 0,
                                "Temp Written Blocks": 0
                              },
                              {
                                "Node Type": "Hash",
                                "Parent Relationship": "Inner",
                                "Parallel Aware": false,
                                "Startup Cost": 23.42,
                                "Total Cost": 23.42,
                                "Plan Rows": 36,
                                "Plan Width": 68,
                                "Actual Startup Time": 0.237,
                                "Actual Total Time": 0.237,
                                "Actual Rows": 116,
                                "Actual Loops": 1,
                                "Output": ["x.indexrelid", "c_1.relname"],
                                "Hash Buckets": 1024,
                                "Original Hash Buckets": 1024,
                                "Hash Batches": 1,
                                "Original Hash Batches": 1,
                                "Peak Memory Usage": 20,
                                "Shared Hit Blocks": 16,
                                "Shared Read Blocks": 0,
                                "Shared Dirtied Blocks": 0,
                                "Shared Written Blocks": 0,
                                "Local Hit Blocks": 0,
                                "Local Read Blocks": 0,
                                "Local Dirtied Blocks": 0,
                                "Local Written Blocks": 0,
                                "Temp Read Blocks": 0,
                                "Temp Written Blocks": 0,
                                "Plans": [
                                  {
                                    "Node Type": "Hash Join",
                                    "Parent Relationship": "Outer",
                                    "Parallel Aware": false,
                                    "Join Type": "Inner",
                                    "Startup Cost": 17.14,
                                    "Total Cost": 23.42,
                                    "Plan Rows": 36,
                                    "Plan Width": 68,
                                    "Actual Startup Time": 0.145,
                                    "Actual Total Time": 0.21,
                                    "Actual Rows": 116,
                                    "Actual Loops": 1,
                                    "Output": ["x.indexrelid", "c_1.relname"],
                                    "Inner Unique": true,
                                    "Hash Cond": "(x.indrelid = c_1.oid)",
                                    "Shared Hit Blocks": 16,
                                    "Shared Read Blocks": 0,
                                    "Shared Dirtied Blocks": 0,
                                    "Shared Written Blocks": 0,
                                    "Local Hit Blocks": 0,
                                    "Local Read Blocks": 0,
                                    "Local Dirtied Blocks": 0,
                                    "Local Written Blocks": 0,
                                    "Temp Read Blocks": 0,
                                    "Temp Written Blocks": 0,
                                    "Plans": [
                                      {
                                        "Node Type": "Seq Scan",
                                        "Parent Relationship": "Outer",
                                        "Parallel Aware": false,
                                        "Relation Name": "pg_index",
                                        "Schema": "pg_catalog",
                                        "Alias": "x",
                                        "Startup Cost": 0.0,
                                        "Total Cost": 5.8,
                                        "Plan Rows": 180,
                                        "Plan Width": 8,
                                        "Actual Startup Time": 0.005,
                                        "Actual Total Time": 0.018,
                                        "Actual Rows": 137,
                                        "Actual Loops": 1,
                                        "Output": [
                                          "x.indexrelid",
                                          "x.indrelid",
                                          "x.indnatts",
                                          "x.indnkeyatts",
                                          "x.indisunique",
                                          "x.indisprimary",
                                          "x.indisexclusion",
                                          "x.indimmediate",
                                          "x.indisclustered",
                                          "x.indisvalid",
                                          "x.indcheckxmin",
                                          "x.indisready",
                                          "x.indislive",
                                          "x.indisreplident",
                                          "x.indkey",
                                          "x.indcollation",
                                          "x.indclass",
                                          "x.indoption",
                                          "x.indexprs",
                                          "x.indpred"
                                        ],
                                        "Shared Hit Blocks": 4,
                                        "Shared Read Blocks": 0,
                                        "Shared Dirtied Blocks": 0,
                                        "Shared Written Blocks": 0,
                                        "Local Hit Blocks": 0,
                                        "Local Read Blocks": 0,
                                        "Local Dirtied Blocks": 0,
                                        "Local Written Blocks": 0,
                                        "Temp Read Blocks": 0,
                                        "Temp Written Blocks": 0
                                      },
                                      {
                                        "Node Type": "Hash",
                                        "Parent Relationship": "Inner",
                                        "Parallel Aware": false,
                                        "Startup Cost": 16.27,
                                        "Total Cost": 16.27,
                                        "Plan Rows": 69,
                                        "Plan Width": 72,
                                        "Actual Startup Time": 0.124,
                                        "Actual Total Time": 0.124,
                                        "Actual Rows": 71,
                                        "Actual Loops": 1,
                                        "Output": [
                                          "c_1.relname",
                                          "c_1.oid",
                                          "c_1.relnamespace"
                                        ],
                                        "Hash Buckets": 1024,
                                        "Original Hash Buckets": 1024,
                                        "Hash Batches": 1,
                                        "Original Hash Batches": 1,
                                        "Peak Memory Usage": 16,
                                        "Shared Hit Blocks": 12,
                                        "Shared Read Blocks": 0,
                                        "Shared Dirtied Blocks": 0,
                                        "Shared Written Blocks": 0,
                                        "Local Hit Blocks": 0,
                                        "Local Read Blocks": 0,
                                        "Local Dirtied Blocks": 0,
                                        "Local Written Blocks": 0,
                                        "Temp Read Blocks": 0,
                                        "Temp Written Blocks": 0,
                                        "Plans": [
                                          {
                                            "Node Type": "Seq Scan",
                                            "Parent Relationship": "Outer",
                                            "Parallel Aware": false,
                                            "Relation Name": "pg_class",
                                            "Schema": "pg_catalog",
                                            "Alias": "c_1",
                                            "Startup Cost": 0.0,
                                            "Total Cost": 16.27,
                                            "Plan Rows": 69,
                                            "Plan Width": 72,
                                            "Actual Startup Time": 0.005,
                                            "Actual Total Time": 0.11,
                                            "Actual Rows": 71,
                                            "Actual Loops": 1,
                                            "Output": [
                                              "c_1.relname",
                                              "c_1.oid",
                                              "c_1.relnamespace"
                                            ],
                                            "Filter": "(c_1.relkind = ANY ('{r,m}'::\"char\"[]))",
                                            "Rows Removed by Filter": 277,
                                            "Shared Hit Blocks": 12,
                                            "Shared Read Blocks": 0,
                                            "Shared Dirtied Blocks": 0,
                                            "Shared Written Blocks": 0,
                                            "Local Hit Blocks": 0,
                                            "Local Read Blocks": 0,
                                            "Local Dirtied Blocks": 0,
                                            "Local Written Blocks": 0,
                                            "Temp Read Blocks": 0,
                                            "Temp Written Blocks": 0
                                          }
                                        ]
                                      }
                                    ]
                                  }
                                ]
                              }
                            ]
                          }
                        ]
                      }
                    ]
                  }
                ]
              }
            ]
          },
          {
            "Node Type": "Hash",
            "Parent Relationship": "Inner",
            "Parallel Aware": false,
            "Startup Cost": 168.03,
            "Total Cost": 168.03,
            "Plan Rows": 68,
            "Plan Width": 204,
            "Actual Startup Time": 34.99,
            "Actual Total Time": 34.99,
            "Actual Rows": 62,
            "Actual Loops": 1,
            "Output": [
              "s.heappages",
              "s.toastpages",
              "s.reltuples",
              "s.bs",
              "s.page_hdr",
              "s.fillfactor",
              "s.tpl_hdr_size",
              "s.tpl_data_size",
              "s.ma",
              "s.toasttuples",
              "s.schemaname",
              "s.tblname"
            ],
            "Hash Buckets": 1024,
            "Original Hash Buckets": 1024,
            "Hash Batches": 1,
            "Original Hash Batches": 1,
            "Peak Memory Usage": 22,
            "Shared Hit Blocks": 1755,
            "Shared Read Blocks": 0,
            "Shared Dirtied Blocks": 0,
            "Shared Written Blocks": 0,
            "Local Hit Blocks": 0,
            "Local Read Blocks": 0,
            "Local Dirtied Blocks": 0,
            "Local Written Blocks": 0,
            "Temp Read Blocks": 0,
            "Temp Written Blocks": 0,
            "Plans": [
              {
                "Node Type": "Subquery Scan",
                "Parent Relationship": "Outer",
                "Parallel Aware": false,
                "Alias": "s",
                "Startup Cost": 160.72,
                "Total Cost": 168.03,
                "Plan Rows": 68,
                "Plan Width": 204,
                "Actual Startup Time": 34.381,
                "Actual Total Time": 34.907,
                "Actual Rows": 62,
                "Actual Loops": 1,
                "Output": [
                  "s.heappages",
                  "s.toastpages",
                  "s.reltuples",
                  "s.bs",
                  "s.page_hdr",
                  "s.fillfactor",
                  "s.tpl_hdr_size",
                  "s.tpl_data_size",
                  "s.ma",
                  "s.toasttuples",
                  "s.schemaname",
                  "s.tblname"
                ],
                "Shared Hit Blocks": 1755,
                "Shared Read Blocks": 0,
                "Shared Dirtied Blocks": 0,
                "Shared Written Blocks": 0,
                "Local Hit Blocks": 0,
                "Local Read Blocks": 0,
                "Local Dirtied Blocks": 0,
                "Local Written Blocks": 0,
                "Temp Read Blocks": 0,
                "Temp Written Blocks": 0,
                "Plans": [
                  {
                    "Node Type": "Aggregate",
                    "Strategy": "Sorted",
                    "Partial Mode": "Simple",
                    "Parent Relationship": "Subquery",
                    "Parallel Aware": false,
                    "Startup Cost": 160.72,
                    "Total Cost": 167.35,
                    "Plan Rows": 68,
                    "Plan Width": 210,
                    "Actual Startup Time": 34.375,
                    "Actual Total Time": 34.86,
                    "Actual Rows": 62,
                    "Actual Loops": 1,
                    "Output": [
                      "tbl.oid",
                      "ns.nspname",
                      "tbl.relname",
                      "tbl.reltuples",
                      "tbl.relpages",
                      "(COALESCE(toast.relpages, 0))",
                      "(COALESCE(toast.reltuples, '0'::real))",
                      "(COALESCE(((\"substring\"(array_to_string(tbl.reloptions, ' '::text), 'fillfactor=([0-9]+)'::text))::smallint)::integer, 100))",
                      "((current_setting('block_size'::text))::numeric)",
                      "(CASE WHEN ((version() ~ 'mingw32'::text) OR (version() ~ '64-bit|x86_64|ppc64|ia64|amd64'::text)) THEN 8 ELSE 4 END)",
                      "24",
                      "((23 + CASE WHEN (max(COALESCE(s_1.null_frac, '0'::real)) > '0'::double precision) THEN ((7 + count(*)) / 8) ELSE '0'::bigint END) + CASE WHEN tbl.relhasoids THEN 4 ELSE 0 END)",
                      "sum((('1'::double precision - COALESCE(s_1.null_frac, '0'::real)) * (COALESCE(s_1.avg_width, 1024))::double precision))",
                      "NULL::boolean",
                      "tbl.relhasoids"
                    ],
                    "Group Key": [
                      "ns.nspname",
                      "tbl.relname",
                      "tbl.oid",
                      "tbl.reltuples",
                      "tbl.relpages",
                      "(COALESCE(toast.relpages, 0))",
                      "(COALESCE(toast.reltuples, '0'::real))",
                      "(COALESCE(((\"substring\"(array_to_string(tbl.reloptions, ' '::text), 'fillfactor=([0-9]+)'::text))::smallint)::integer, 100))",
                      "((current_setting('block_size'::text))::numeric)",
                      "(CASE WHEN ((version() ~ 'mingw32'::text) OR (version() ~ '64-bit|x86_64|ppc64|ia64|amd64'::text)) THEN 8 ELSE 4 END)",
                      "tbl.relhasoids"
                    ],
                    "Shared Hit Blocks": 1755,
                    "Shared Read Blocks": 0,
                    "Shared Dirtied Blocks": 0,
                    "Shared Written Blocks": 0,
                    "Local Hit Blocks": 0,
                    "Local Read Blocks": 0,
                    "Local Dirtied Blocks": 0,
                    "Local Written Blocks": 0,
                    "Temp Read Blocks": 0,
                    "Temp Written Blocks": 0,
                    "Plans": [
                      {
                        "Node Type": "Sort",
                        "Parent Relationship": "Outer",
                        "Parallel Aware": false,
                        "Startup Cost": 160.72,
                        "Total Cost": 160.89,
                        "Plan Rows": 68,
                        "Plan Width": 197,
                        "Actual Startup Time": 34.295,
                        "Actual Total Time": 34.371,
                        "Actual Rows": 522,
                        "Actual Loops": 1,
                        "Output": [
                          "tbl.oid",
                          "ns.nspname",
                          "tbl.relname",
                          "tbl.reltuples",
                          "tbl.relpages",
                          "(COALESCE(toast.relpages, 0))",
                          "(COALESCE(toast.reltuples, '0'::real))",
                          "(COALESCE(((\"substring\"(array_to_string(tbl.reloptions, ' '::text), 'fillfactor=([0-9]+)'::text))::smallint)::integer, 100))",
                          "((current_setting('block_size'::text))::numeric)",
                          "(CASE WHEN ((version() ~ 'mingw32'::text) OR (version() ~ '64-bit|x86_64|ppc64|ia64|amd64'::text)) THEN 8 ELSE 4 END)",
                          "tbl.relhasoids",
                          "s_1.null_frac",
                          "s_1.avg_width"
                        ],
                        "Sort Key": [
                          "tbl.relname",
                          "tbl.oid",
                          "tbl.reltuples",
                          "tbl.relpages",
                          "(COALESCE(toast.relpages, 0))",
                          "(COALESCE(toast.reltuples, '0'::real))",
                          "(COALESCE(((\"substring\"(array_to_string(tbl.reloptions, ' '::text), 'fillfactor=([0-9]+)'::text))::smallint)::integer, 100))",
                          "tbl.relhasoids"
                        ],
                        "Sort Method": "quicksort",
                        "Sort Space Used": 163,
                        "Sort Space Type": "Memory",
                        "Shared Hit Blocks": 1755,
                        "Shared Read Blocks": 0,
                        "Shared Dirtied Blocks": 0,
                        "Shared Written Blocks": 0,
                        "Local Hit Blocks": 0,
                        "Local Read Blocks": 0,
                        "Local Dirtied Blocks": 0,
                        "Local Written Blocks": 0,
                        "Temp Read Blocks": 0,
                        "Temp Written Blocks": 0,
                        "Plans": [
                          {
                            "Node Type": "Nested Loop",
                            "Parent Relationship": "Outer",
                            "Parallel Aware": false,
                            "Join Type": "Left",
                            "Startup Cost": 21.53,
                            "Total Cost": 158.65,
                            "Plan Rows": 68,
                            "Plan Width": 197,
                            "Actual Startup Time": 4.752,
                            "Actual Total Time": 33.21,
                            "Actual Rows": 522,
                            "Actual Loops": 1,
                            "Output": [
                              "tbl.oid",
                              "ns.nspname",
                              "tbl.relname",
                              "tbl.reltuples",
                              "tbl.relpages",
                              "COALESCE(toast.relpages, 0)",
                              "COALESCE(toast.reltuples, '0'::real)",
                              "COALESCE(((\"substring\"(array_to_string(tbl.reloptions, ' '::text), 'fillfactor=([0-9]+)'::text))::smallint)::integer, 100)",
                              "(current_setting('block_size'::text))::numeric",
                              "CASE WHEN ((version() ~ 'mingw32'::text) OR (version() ~ '64-bit|x86_64|ppc64|ia64|amd64'::text)) THEN 8 ELSE 4 END",
                              "tbl.relhasoids",
                              "s_1.null_frac",
                              "s_1.avg_width"
                            ],
                            "Inner Unique": false,
                            "Join Filter": "((s_1.schemaname = ns.nspname) AND (s_1.tablename = tbl.relname) AND (s_1.attname = att.attname))",
                            "Rows Removed by Join Filter": 190165,
                            "Shared Hit Blocks": 1741,
                            "Shared Read Blocks": 0,
                            "Shared Dirtied Blocks": 0,
                            "Shared Written Blocks": 0,
                            "Local Hit Blocks": 0,
                            "Local Read Blocks": 0,
                            "Local Dirtied Blocks": 0,
                            "Local Written Blocks": 0,
                            "Temp Read Blocks": 0,
                            "Temp Written Blocks": 0,
                            "Plans": [
                              {
                                "Node Type": "Nested Loop",
                                "Parent Relationship": "Outer",
                                "Parallel Aware": false,
                                "Join Type": "Inner",
                                "Startup Cost": 1.64,
                                "Total Cost": 76.04,
                                "Plan Rows": 68,
                                "Plan Width": 262,
                                "Actual Startup Time": 0.083,
                                "Actual Total Time": 1.493,
                                "Actual Rows": 522,
                                "Actual Loops": 1,
                                "Output": [
                                  "att.attname",
                                  "tbl.oid",
                                  "tbl.relname",
                                  "tbl.reltuples",
                                  "tbl.relpages",
                                  "tbl.reloptions",
                                  "tbl.relhasoids",
                                  "ns.nspname",
                                  "toast.relpages",
                                  "toast.reltuples"
                                ],
                                "Inner Unique": false,
                                "Shared Hit Blocks": 351,
                                "Shared Read Blocks": 0,
                                "Shared Dirtied Blocks": 0,
                                "Shared Written Blocks": 0,
                                "Local Hit Blocks": 0,
                                "Local Read Blocks": 0,
                                "Local Dirtied Blocks": 0,
                                "Local Written Blocks": 0,
                                "Temp Read Blocks": 0,
                                "Temp Written Blocks": 0,
                                "Plans": [
                                  {
                                    "Node Type": "Nested Loop",
                                    "Parent Relationship": "Outer",
                                    "Parallel Aware": false,
                                    "Join Type": "Left",
                                    "Startup Cost": 1.36,
                                    "Total Cost": 32.29,
                                    "Plan Rows": 12,
                                    "Plan Width": 198,
                                    "Actual Startup Time": 0.033,
                                    "Actual Total Time": 0.576,
                                    "Actual Rows": 62,
                                    "Actual Loops": 1,
                                    "Output": [
                                      "tbl.oid",
                                      "tbl.relname",
                                      "tbl.reltuples",
                                      "tbl.relpages",
                                      "tbl.reloptions",
                                      "tbl.relhasoids",
                                      "ns.nspname",
                                      "toast.relpages",
                                      "toast.reltuples"
                                    ],
                                    "Inner Unique": true,
                                    "Shared Hit Blocks": 149,
                                    "Shared Read Blocks": 0,
                                    "Shared Dirtied Blocks": 0,
                                    "Shared Written Blocks": 0,
                                    "Local Hit Blocks": 0,
                                    "Local Read Blocks": 0,
                                    "Local Dirtied Blocks": 0,
                                    "Local Written Blocks": 0,
                                    "Temp Read Blocks": 0,
                                    "Temp Written Blocks": 0,
                                    "Plans": [
                                      {
                                        "Node Type": "Hash Join",
                                        "Parent Relationship": "Outer",
                                        "Parallel Aware": false,
                                        "Join Type": "Inner",
                                        "Startup Cost": 1.09,
                                        "Total Cost": 17.68,
                                        "Plan Rows": 12,
                                        "Plan Width": 194,
                                        "Actual Startup Time": 0.023,
                                        "Actual Total Time": 0.32,
                                        "Actual Rows": 62,
                                        "Actual Loops": 1,
                                        "Output": [
                                          "tbl.oid",
                                          "tbl.relname",
                                          "tbl.reltuples",
                                          "tbl.relpages",
                                          "tbl.reloptions",
                                          "tbl.relhasoids",
                                          "tbl.reltoastrelid",
                                          "ns.nspname"
                                        ],
                                        "Inner Unique": true,
                                        "Hash Cond": "(tbl.relnamespace = ns.oid)",
                                        "Shared Hit Blocks": 13,
                                        "Shared Read Blocks": 0,
                                        "Shared Dirtied Blocks": 0,
                                        "Shared Written Blocks": 0,
                                        "Local Hit Blocks": 0,
                                        "Local Read Blocks": 0,
                                        "Local Dirtied Blocks": 0,
                                        "Local Written Blocks": 0,
                                        "Temp Read Blocks": 0,
                                        "Temp Written Blocks": 0,
                                        "Plans": [
                                          {
                                            "Node Type": "Seq Scan",
                                            "Parent Relationship": "Outer",
                                            "Parallel Aware": false,
                                            "Relation Name": "pg_class",
                                            "Schema": "pg_catalog",
                                            "Alias": "tbl",
                                            "Startup Cost": 0.0,
                                            "Total Cost": 16.27,
                                            "Plan Rows": 69,
                                            "Plan Width": 134,
                                            "Actual Startup Time": 0.005,
                                            "Actual Total Time": 0.235,
                                            "Actual Rows": 71,
                                            "Actual Loops": 1,
                                            "Output": [
                                              "tbl.oid",
                                              "tbl.relname",
                                              "tbl.reltuples",
                                              "tbl.relpages",
                                              "tbl.reloptions",
                                              "tbl.relhasoids",
                                              "tbl.relnamespace",
                                              "tbl.reltoastrelid"
                                            ],
                                            "Filter": "(tbl.relkind = 'r'::\"char\")",
                                            "Rows Removed by Filter": 277,
                                            "Shared Hit Blocks": 12,
                                            "Shared Read Blocks": 0,
                                            "Shared Dirtied Blocks": 0,
                                            "Shared Written Blocks": 0,
                                            "Local Hit Blocks": 0,
                                            "Local Read Blocks": 0,
                                            "Local Dirtied Blocks": 0,
                                            "Local Written Blocks": 0,
                                            "Temp Read Blocks": 0,
                                            "Temp Written Blocks": 0
                                          },
                                          {
                                            "Node Type": "Hash",
                                            "Parent Relationship": "Inner",
                                            "Parallel Aware": false,
                                            "Startup Cost": 1.07,
                                            "Total Cost": 1.07,
                                            "Plan Rows": 1,
                                            "Plan Width": 68,
                                            "Actual Startup Time": 0.007,
                                            "Actual Total Time": 0.007,
                                            "Actual Rows": 1,
                                            "Actual Loops": 1,
                                            "Output": ["ns.nspname", "ns.oid"],
                                            "Hash Buckets": 1024,
                                            "Original Hash Buckets": 1024,
                                            "Hash Batches": 1,
                                            "Original Hash Batches": 1,
                                            "Peak Memory Usage": 9,
                                            "Shared Hit Blocks": 1,
                                            "Shared Read Blocks": 0,
                                            "Shared Dirtied Blocks": 0,
                                            "Shared Written Blocks": 0,
                                            "Local Hit Blocks": 0,
                                            "Local Read Blocks": 0,
                                            "Local Dirtied Blocks": 0,
                                            "Local Written Blocks": 0,
                                            "Temp Read Blocks": 0,
                                            "Temp Written Blocks": 0,
                                            "Plans": [
                                              {
                                                "Node Type": "Seq Scan",
                                                "Parent Relationship": "Outer",
                                                "Parallel Aware": false,
                                                "Relation Name": "pg_namespace",
                                                "Schema": "pg_catalog",
                                                "Alias": "ns",
                                                "Startup Cost": 0.0,
                                                "Total Cost": 1.07,
                                                "Plan Rows": 1,
                                                "Plan Width": 68,
                                                "Actual Startup Time": 0.003,
                                                "Actual Total Time": 0.003,
                                                "Actual Rows": 1,
                                                "Actual Loops": 1,
                                                "Output": [
                                                  "ns.nspname",
                                                  "ns.oid"
                                                ],
                                                "Filter": "(ns.nspname = 'pg_catalog'::name)",
                                                "Rows Removed by Filter": 6,
                                                "Shared Hit Blocks": 1,
                                                "Shared Read Blocks": 0,
                                                "Shared Dirtied Blocks": 0,
                                                "Shared Written Blocks": 0,
                                                "Local Hit Blocks": 0,
                                                "Local Read Blocks": 0,
                                                "Local Dirtied Blocks": 0,
                                                "Local Written Blocks": 0,
                                                "Temp Read Blocks": 0,
                                                "Temp Written Blocks": 0
                                              }
                                            ]
                                          }
                                        ]
                                      },
                                      {
                                        "Node Type": "Index Scan",
                                        "Parent Relationship": "Inner",
                                        "Parallel Aware": false,
                                        "Scan Direction": "Forward",
                                        "Index Name": "pg_class_oid_index",
                                        "Relation Name": "pg_class",
                                        "Schema": "pg_catalog",
                                        "Alias": "toast",
                                        "Startup Cost": 0.27,
                                        "Total Cost": 1.22,
                                        "Plan Rows": 1,
                                        "Plan Width": 12,
                                        "Actual Startup Time": 0.003,
                                        "Actual Total Time": 0.003,
                                        "Actual Rows": 0,
                                        "Actual Loops": 62,
                                        "Output": [
                                          "toast.relpages",
                                          "toast.reltuples",
                                          "toast.oid"
                                        ],
                                        "Index Cond": "(tbl.reltoastrelid = toast.oid)",
                                        "Rows Removed by Index Recheck": 0,
                                        "Shared Hit Blocks": 136,
                                        "Shared Read Blocks": 0,
                                        "Shared Dirtied Blocks": 0,
                                        "Shared Written Blocks": 0,
                                        "Local Hit Blocks": 0,
                                        "Local Read Blocks": 0,
                                        "Local Dirtied Blocks": 0,
                                        "Local Written Blocks": 0,
                                        "Temp Read Blocks": 0,
                                        "Temp Written Blocks": 0
                                      }
                                    ]
                                  },
                                  {
                                    "Node Type": "Index Scan",
                                    "Parent Relationship": "Inner",
                                    "Parallel Aware": false,
                                    "Scan Direction": "Forward",
                                    "Index Name": "pg_attribute_relid_attnum_index",
                                    "Relation Name": "pg_attribute",
                                    "Schema": "pg_catalog",
                                    "Alias": "att",
                                    "Startup Cost": 0.28,
                                    "Total Cost": 3.59,
                                    "Plan Rows": 6,
                                    "Plan Width": 68,
                                    "Actual Startup Time": 0.006,
                                    "Actual Total Time": 0.013,
                                    "Actual Rows": 8,
                                    "Actual Loops": 62,
                                    "Output": [
                                      "att.attrelid",
                                      "att.attname",
                                      "att.atttypid",
                                      "att.attstattarget",
                                      "att.attlen",
                                      "att.attnum",
                                      "att.attndims",
                                      "att.attcacheoff",
                                      "att.atttypmod",
                                      "att.attbyval",
                                      "att.attstorage",
                                      "att.attalign",
                                      "att.attnotnull",
                                      "att.atthasdef",
                                      "att.atthasmissing",
                                      "att.attidentity",
                                      "att.attisdropped",
                                      "att.attislocal",
                                      "att.attinhcount",
                                      "att.attcollation",
                                      "att.attacl",
                                      "att.attoptions",
                                      "att.attfdwoptions",
                                      "att.attmissingval"
                                    ],
                                    "Index Cond": "((att.attrelid = tbl.oid) AND (att.attnum > 0))",
                                    "Rows Removed by Index Recheck": 0,
                                    "Filter": "(NOT att.attisdropped)",
                                    "Rows Removed by Filter": 0,
                                    "Shared Hit Blocks": 202,
                                    "Shared Read Blocks": 0,
                                    "Shared Dirtied Blocks": 0,
                                    "Shared Written Blocks": 0,
                                    "Local Hit Blocks": 0,
                                    "Local Read Blocks": 0,
                                    "Local Dirtied Blocks": 0,
                                    "Local Written Blocks": 0,
                                    "Temp Read Blocks": 0,
                                    "Temp Written Blocks": 0
                                  }
                                ]
                              },
                              {
                                "Node Type": "Materialize",
                                "Parent Relationship": "Inner",
                                "Parallel Aware": false,
                                "Startup Cost": 19.89,
                                "Total Cost": 79.21,
                                "Plan Rows": 1,
                                "Plan Width": 200,
                                "Actual Startup Time": 0.001,
                                "Actual Total Time": 0.021,
                                "Actual Rows": 365,
                                "Actual Loops": 522,
                                "Output": [
                                  "s_1.null_frac",
                                  "s_1.avg_width",
                                  "s_1.schemaname",
                                  "s_1.tablename",
                                  "s_1.attname"
                                ],
                                "Shared Hit Blocks": 1390,
                                "Shared Read Blocks": 0,
                                "Shared Dirtied Blocks": 0,
                                "Shared Written Blocks": 0,
                                "Local Hit Blocks": 0,
                                "Local Read Blocks": 0,
                                "Local Dirtied Blocks": 0,
                                "Local Written Blocks": 0,
                                "Temp Read Blocks": 0,
                                "Temp Written Blocks": 0,
                                "Plans": [
                                  {
                                    "Node Type": "Subquery Scan",
                                    "Parent Relationship": "Outer",
                                    "Parallel Aware": false,
                                    "Alias": "s_1",
                                    "Startup Cost": 19.89,
                                    "Total Cost": 79.2,
                                    "Plan Rows": 1,
                                    "Plan Width": 200,
                                    "Actual Startup Time": 0.464,
                                    "Actual Total Time": 4.067,
                                    "Actual Rows": 365,
                                    "Actual Loops": 1,
                                    "Output": [
                                      "s_1.null_frac",
                                      "s_1.avg_width",
                                      "s_1.schemaname",
                                      "s_1.tablename",
                                      "s_1.attname"
                                    ],
                                    "Shared Hit Blocks": 1390,
                                    "Shared Read Blocks": 0,
                                    "Shared Dirtied Blocks": 0,
                                    "Shared Written Blocks": 0,
                                    "Local Hit Blocks": 0,
                                    "Local Read Blocks": 0,
                                    "Local Dirtied Blocks": 0,
                                    "Local Written Blocks": 0,
                                    "Temp Read Blocks": 0,
                                    "Temp Written Blocks": 0,
                                    "Plans": [
                                      {
                                        "Node Type": "Nested Loop",
                                        "Parent Relationship": "Subquery",
                                        "Parallel Aware": false,
                                        "Join Type": "Inner",
                                        "Startup Cost": 19.89,
                                        "Total Cost": 79.19,
                                        "Plan Rows": 1,
                                        "Plan Width": 401,
                                        "Actual Startup Time": 0.459,
                                        "Actual Total Time": 4.022,
                                        "Actual Rows": 365,
                                        "Actual Loops": 1,
                                        "Output": [
                                          "n_1.nspname",
                                          "c_2.relname",
                                          "a.attname",
                                          "NULL::boolean",
                                          "s_2.stanullfrac",
                                          "s_2.stawidth",
                                          "NULL::real",
                                          "NULL::anyarray",
                                          "NULL::real[]",
                                          "NULL::anyarray",
                                          "NULL::real",
                                          "NULL::anyarray",
                                          "NULL::real[]",
                                          "NULL::real[]"
                                        ],
                                        "Inner Unique": true,
                                        "Join Filter": "(s_2.staattnum = a.attnum)",
                                        "Rows Removed by Join Filter": 5375,
                                        "Shared Hit Blocks": 1390,
                                        "Shared Read Blocks": 0,
                                        "Shared Dirtied Blocks": 0,
                                        "Shared Written Blocks": 0,
                                        "Local Hit Blocks": 0,
                                        "Local Read Blocks": 0,
                                        "Local Dirtied Blocks": 0,
                                        "Local Written Blocks": 0,
                                        "Temp Read Blocks": 0,
                                        "Temp Written Blocks": 0,
                                        "Plans": [
                                          {
                                            "Node Type": "Hash Join",
                                            "Parent Relationship": "Outer",
                                            "Parallel Aware": false,
                                            "Join Type": "Inner",
                                            "Startup Cost": 19.61,
                                            "Total Cost": 40.66,
                                            "Plan Rows": 33,
                                            "Plan Width": 146,
                                            "Actual Startup Time": 0.365,
                                            "Actual Total Time": 0.749,
                                            "Actual Rows": 365,
                                            "Actual Loops": 1,
                                            "Output": [
                                              "s_2.stanullfrac",
                                              "s_2.stawidth",
                                              "s_2.starelid",
                                              "s_2.staattnum",
                                              "c_2.relname",
                                              "c_2.oid",
                                              "n_1.nspname"
                                            ],
                                            "Inner Unique": false,
                                            "Hash Cond": "(s_2.starelid = c_2.oid)",
                                            "Shared Hit Blocks": 29,
                                            "Shared Read Blocks": 0,
                                            "Shared Dirtied Blocks": 0,
                                            "Shared Written Blocks": 0,
                                            "Local Hit Blocks": 0,
                                            "Local Read Blocks": 0,
                                            "Local Dirtied Blocks": 0,
                                            "Local Written Blocks": 0,
                                            "Temp Read Blocks": 0,
                                            "Temp Written Blocks": 0,
                                            "Plans": [
                                              {
                                                "Node Type": "Seq Scan",
                                                "Parent Relationship": "Outer",
                                                "Parallel Aware": false,
                                                "Relation Name": "pg_statistic",
                                                "Schema": "pg_catalog",
                                                "Alias": "s_2",
                                                "Startup Cost": 0.0,
                                                "Total Cost": 19.98,
                                                "Plan Rows": 199,
                                                "Plan Width": 14,
                                                "Actual Startup Time": 0.011,
                                                "Actual Total Time": 0.294,
                                                "Actual Rows": 398,
                                                "Actual Loops": 1,
                                                "Output": [
                                                  "s_2.starelid",
                                                  "s_2.staattnum",
                                                  "s_2.stainherit",
                                                  "s_2.stanullfrac",
                                                  "s_2.stawidth",
                                                  "s_2.stadistinct",
                                                  "s_2.stakind1",
                                                  "s_2.stakind2",
                                                  "s_2.stakind3",
                                                  "s_2.stakind4",
                                                  "s_2.stakind5",
                                                  "s_2.staop1",
                                                  "s_2.staop2",
                                                  "s_2.staop3",
                                                  "s_2.staop4",
                                                  "s_2.staop5",
                                                  "s_2.stanumbers1",
                                                  "s_2.stanumbers2",
                                                  "s_2.stanumbers3",
                                                  "s_2.stanumbers4",
                                                  "s_2.stanumbers5",
                                                  "s_2.stavalues1",
                                                  "s_2.stavalues2",
                                                  "s_2.stavalues3",
                                                  "s_2.stavalues4",
                                                  "s_2.stavalues5"
                                                ],
                                                "Filter": "(NOT s_2.stainherit)",
                                                "Rows Removed by Filter": 0,
                                                "Shared Hit Blocks": 16,
                                                "Shared Read Blocks": 0,
                                                "Shared Dirtied Blocks": 0,
                                                "Shared Written Blocks": 0,
                                                "Local Hit Blocks": 0,
                                                "Local Read Blocks": 0,
                                                "Local Dirtied Blocks": 0,
                                                "Local Written Blocks": 0,
                                                "Temp Read Blocks": 0,
                                                "Temp Written Blocks": 0
                                              },
                                              {
                                                "Node Type": "Hash",
                                                "Parent Relationship": "Inner",
                                                "Parallel Aware": false,
                                                "Startup Cost": 18.89,
                                                "Total Cost": 18.89,
                                                "Plan Rows": 57,
                                                "Plan Width": 132,
                                                "Actual Startup Time": 0.313,
                                                "Actual Total Time": 0.313,
                                                "Actual Rows": 237,
                                                "Actual Loops": 1,
                                                "Output": [
                                                  "c_2.relname",
                                                  "c_2.oid",
                                                  "n_1.nspname"
                                                ],
                                                "Hash Buckets": 1024,
                                                "Original Hash Buckets": 1024,
                                                "Hash Batches": 1,
                                                "Original Hash Batches": 1,
                                                "Peak Memory Usage": 46,
                                                "Shared Hit Blocks": 13,
                                                "Shared Read Blocks": 0,
                                                "Shared Dirtied Blocks": 0,
                                                "Shared Written Blocks": 0,
                                                "Local Hit Blocks": 0,
                                                "Local Read Blocks": 0,
                                                "Local Dirtied Blocks": 0,
                                                "Local Written Blocks": 0,
                                                "Temp Read Blocks": 0,
                                                "Temp Written Blocks": 0,
                                                "Plans": [
                                                  {
                                                    "Node Type": "Hash Join",
                                                    "Parent Relationship": "Outer",
                                                    "Parallel Aware": false,
                                                    "Join Type": "Inner",
                                                    "Startup Cost": 1.09,
                                                    "Total Cost": 18.89,
                                                    "Plan Rows": 57,
                                                    "Plan Width": 132,
                                                    "Actual Startup Time": 0.074,
                                                    "Actual Total Time": 0.216,
                                                    "Actual Rows": 237,
                                                    "Actual Loops": 1,
                                                    "Output": [
                                                      "c_2.relname",
                                                      "c_2.oid",
                                                      "n_1.nspname"
                                                    ],
                                                    "Inner Unique": true,
                                                    "Hash Cond": "(c_2.relnamespace = n_1.oid)",
                                                    "Shared Hit Blocks": 13,
                                                    "Shared Read Blocks": 0,
                                                    "Shared Dirtied Blocks": 0,
                                                    "Shared Written Blocks": 0,
                                                    "Local Hit Blocks": 0,
                                                    "Local Read Blocks": 0,
                                                    "Local Dirtied Blocks": 0,
                                                    "Local Written Blocks": 0,
                                                    "Temp Read Blocks": 0,
                                                    "Temp Written Blocks": 0,
                                                    "Plans": [
                                                      {
                                                        "Node Type": "Seq Scan",
                                                        "Parent Relationship": "Outer",
                                                        "Parallel Aware": false,
                                                        "Relation Name": "pg_class",
                                                        "Schema": "pg_catalog",
                                                        "Alias": "c_2",
                                                        "Startup Cost": 0.0,
                                                        "Total Cost": 16.27,
                                                        "Plan Rows": 342,
                                                        "Plan Width": 72,
                                                        "Actual Startup Time": 0.006,
                                                        "Actual Total Time": 0.106,
                                                        "Actual Rows": 348,
                                                        "Actual Loops": 1,
                                                        "Output": [
                                                          "c_2.relname",
                                                          "c_2.oid",
                                                          "c_2.relnamespace"
                                                        ],
                                                        "Filter": "((NOT c_2.relrowsecurity) OR (NOT row_security_active(c_2.oid)))",
                                                        "Rows Removed by Filter": 0,
                                                        "Shared Hit Blocks": 12,
                                                        "Shared Read Blocks": 0,
                                                        "Shared Dirtied Blocks": 0,
                                                        "Shared Written Blocks": 0,
                                                        "Local Hit Blocks": 0,
                                                        "Local Read Blocks": 0,
                                                        "Local Dirtied Blocks": 0,
                                                        "Local Written Blocks": 0,
                                                        "Temp Read Blocks": 0,
                                                        "Temp Written Blocks": 0
                                                      },
                                                      {
                                                        "Node Type": "Hash",
                                                        "Parent Relationship": "Inner",
                                                        "Parallel Aware": false,
                                                        "Startup Cost": 1.07,
                                                        "Total Cost": 1.07,
                                                        "Plan Rows": 1,
                                                        "Plan Width": 68,
                                                        "Actual Startup Time": 0.018,
                                                        "Actual Total Time": 0.018,
                                                        "Actual Rows": 1,
                                                        "Actual Loops": 1,
                                                        "Output": [
                                                          "n_1.nspname",
                                                          "n_1.oid"
                                                        ],
                                                        "Hash Buckets": 1024,
                                                        "Original Hash Buckets": 1024,
                                                        "Hash Batches": 1,
                                                        "Original Hash Batches": 1,
                                                        "Peak Memory Usage": 9,
                                                        "Shared Hit Blocks": 1,
                                                        "Shared Read Blocks": 0,
                                                        "Shared Dirtied Blocks": 0,
                                                        "Shared Written Blocks": 0,
                                                        "Local Hit Blocks": 0,
                                                        "Local Read Blocks": 0,
                                                        "Local Dirtied Blocks": 0,
                                                        "Local Written Blocks": 0,
                                                        "Temp Read Blocks": 0,
                                                        "Temp Written Blocks": 0,
                                                        "Plans": [
                                                          {
                                                            "Node Type": "Seq Scan",
                                                            "Parent Relationship": "Outer",
                                                            "Parallel Aware": false,
                                                            "Relation Name": "pg_namespace",
                                                            "Schema": "pg_catalog",
                                                            "Alias": "n_1",
                                                            "Startup Cost": 0.0,
                                                            "Total Cost": 1.07,
                                                            "Plan Rows": 1,
                                                            "Plan Width": 68,
                                                            "Actual Startup Time": 0.007,
                                                            "Actual Total Time": 0.008,
                                                            "Actual Rows": 1,
                                                            "Actual Loops": 1,
                                                            "Output": [
                                                              "n_1.nspname",
                                                              "n_1.oid"
                                                            ],
                                                            "Filter": "(n_1.nspname = 'pg_catalog'::name)",
                                                            "Rows Removed by Filter": 6,
                                                            "Shared Hit Blocks": 1,
                                                            "Shared Read Blocks": 0,
                                                            "Shared Dirtied Blocks": 0,
                                                            "Shared Written Blocks": 0,
                                                            "Local Hit Blocks": 0,
                                                            "Local Read Blocks": 0,
                                                            "Local Dirtied Blocks": 0,
                                                            "Local Written Blocks": 0,
                                                            "Temp Read Blocks": 0,
                                                            "Temp Written Blocks": 0
                                                          }
                                                        ]
                                                      }
                                                    ]
                                                  }
                                                ]
                                              }
                                            ]
                                          },
                                          {
                                            "Node Type": "Index Scan",
                                            "Parent Relationship": "Inner",
                                            "Parallel Aware": false,
                                            "Scan Direction": "Forward",
                                            "Index Name": "pg_attribute_relid_attnum_index",
                                            "Relation Name": "pg_attribute",
                                            "Schema": "pg_catalog",
                                            "Alias": "a",
                                            "Startup Cost": 0.28,
                                            "Total Cost": 1.13,
                                            "Plan Rows": 3,
                                            "Plan Width": 70,
                                            "Actual Startup Time": 0.002,
                                            "Actual Total Time": 0.008,
                                            "Actual Rows": 16,
                                            "Actual Loops": 365,
                                            "Output": [
                                              "a.attrelid",
                                              "a.attname",
                                              "a.atttypid",
                                              "a.attstattarget",
                                              "a.attlen",
                                              "a.attnum",
                                              "a.attndims",
                                              "a.attcacheoff",
                                              "a.atttypmod",
                                              "a.attbyval",
                                              "a.attstorage",
                                              "a.attalign",
                                              "a.attnotnull",
                                              "a.atthasdef",
                                              "a.atthasmissing",
                                              "a.attidentity",
                                              "a.attisdropped",
                                              "a.attislocal",
                                              "a.attinhcount",
                                              "a.attcollation",
                                              "a.attacl",
                                              "a.attoptions",
                                              "a.attfdwoptions",
                                              "a.attmissingval"
                                            ],
                                            "Index Cond": "(a.attrelid = c_2.oid)",
                                            "Rows Removed by Index Recheck": 0,
                                            "Filter": "((NOT a.attisdropped) AND has_column_privilege(c_2.oid, a.attnum, 'select'::text))",
                                            "Rows Removed by Filter": 0,
                                            "Shared Hit Blocks": 1361,
                                            "Shared Read Blocks": 0,
                                            "Shared Dirtied Blocks": 0,
                                            "Shared Written Blocks": 0,
                                            "Local Hit Blocks": 0,
                                            "Local Read Blocks": 0,
                                            "Local Dirtied Blocks": 0,
                                            "Local Written Blocks": 0,
                                            "Temp Read Blocks": 0,
                                            "Temp Written Blocks": 0
                                          }
                                        ]
                                      }
                                    ]
                                  }
                                ]
                              }
                            ]
                          }
                        ]
                      }
                    ]
                  }
                ]
              }
            ]
          }
        ]
      },
      {
        "Node Type": "Hash",
        "Parent Relationship": "Inner",
        "Parallel Aware": false,
        "Startup Cost": 183.33,
        "Total Cost": 183.33,
        "Plan Rows": 1,
        "Plan Width": 136,
        "Actual Startup Time": 190.33,
        "Actual Total Time": 190.33,
        "Actual Rows": 36,
        "Actual Loops": 1,
        "Output": [
          "(sum((CASE WHEN ((q.relpages)::double precision > COALESCE(('1'::double precision + ceil((q.reltuples / floor((((((((current_setting('block_size'::text))::numeric) - ((16))::numeric) - ((24))::numeric) * (q.fillfactor)::numeric))::double precision / ('100'::double precision * (('4'::numeric + ((((((((CASE WHEN (max(COALESCE(s_3.stanullfrac, '0'::real)) = '0'::double precision) THEN 2 ELSE 6 END) + (CASE WHEN ((version() ~ 'mingw32'::text) OR (version() ~ '64-bit|x86_64|ppc64|ia64|amd64'::text)) THEN 8 ELSE 4 END)) - CASE WHEN (((CASE WHEN (max(COALESCE(s_3.stanullfrac, '0'::real)) = '0'::double precision) THEN 2 ELSE 6 END) % (CASE WHEN ((version() ~ 'mingw32'::text) OR (version() ~ '64-bit|x86_64|ppc64|ia64|amd64'::text)) THEN 8 ELSE 4 END)) = 0) THEN (CASE WHEN ((version() ~ 'mingw32'::text) OR (version() ~ '64-bit|x86_64|ppc64|ia64|amd64'::text)) THEN 8 ELSE 4 END) ELSE ((CASE WHEN (max(COALESCE(s_3.stanullfrac, '0'::real)) = '0'::double precision) THEN 2 ELSE 6 END) % (CASE WHEN ((version() ~ 'mingw32'::text) OR (version() ~ '64-bit|x86_64|ppc64|ia64|amd64'::text)) THEN 8 ELSE 4 END)) END))::double precision + (sum((('1'::double precision - COALESCE(s_3.stanullfrac, '0'::real)) * (COALESCE(s_3.stawidth, 1024))::double precision)))) + ((CASE WHEN ((version() ~ 'mingw32'::text) OR (version() ~ '64-bit|x86_64|ppc64|ia64|amd64'::text)) THEN 8 ELSE 4 END))::double precision) - (CASE WHEN ((sum((('1'::double precision - COALESCE(s_3.stanullfrac, '0'::real)) * (COALESCE(s_3.stawidth, 1024))::double precision))) = '0'::double precision) THEN 0 WHEN ((((sum((('1'::double precision - COALESCE(s_3.stanullfrac, '0'::real)) * (COALESCE(s_3.stawidth, 1024))::double precision))))::integer % (CASE WHEN ((version() ~ 'mingw32'::text) OR (version() ~ '64-bit|x86_64|ppc64|ia64|amd64'::text)) THEN 8 ELSE 4 END)) = 0) THEN (CASE WHEN ((version() ~ 'mingw32'::text) OR (version() ~ '64-bit|x86_64|ppc64|ia64|amd64'::text)) THEN 8 ELSE 4 END) ELSE (((sum((('1'::double precision - COALESCE(s_3.stanullfrac, '0'::real)) * (COALESCE(s_3.stawidth, 1024))::double precision))))::integer % (CASE WHEN ((version() ~ 'mingw32'::text) OR (version() ~ '64-bit|x86_64|ppc64|ia64|amd64'::text)) THEN 8 ELSE 4 END)) END)::double precision))::numeric))::double precision)))))), '0'::double precision)) THEN ((((current_setting('block_size'::text))::numeric))::double precision * ((q.relpages)::double precision - COALESCE(('1'::double precision + ceil((q.reltuples / floor((((((((current_setting('block_size'::text))::numeric) - ((16))::numeric) - ((24))::numeric) * (q.fillfactor)::numeric))::double precision / ('100'::double precision * (('4'::numeric + ((((((((CASE WHEN (max(COALESCE(s_3.stanullfrac, '0'::real)) = '0'::double precision) THEN 2 ELSE 6 END) + (CASE WHEN ((version() ~ 'mingw32'::text) OR (version() ~ '64-bit|x86_64|ppc64|ia64|amd64'::text)) THEN 8 ELSE 4 END)) - CASE WHEN (((CASE WHEN (max(COALESCE(s_3.stanullfrac, '0'::real)) = '0'::double precision) THEN 2 ELSE 6 END) % (CASE WHEN ((version() ~ 'mingw32'::text) OR (version() ~ '64-bit|x86_64|ppc64|ia64|amd64'::text)) THEN 8 ELSE 4 END)) = 0) THEN (CASE WHEN ((version() ~ 'mingw32'::text) OR (version() ~ '64-bit|x86_64|ppc64|ia64|amd64'::text)) THEN 8 ELSE 4 END) ELSE ((CASE WHEN (max(COALESCE(s_3.stanullfrac, '0'::real)) = '0'::double precision) THEN 2 ELSE 6 END) % (CASE WHEN ((version() ~ 'mingw32'::text) OR (version() ~ '64-bit|x86_64|ppc64|ia64|amd64'::text)) THEN 8 ELSE 4 END)) END))::double precision + (sum((('1'::double precision - COALESCE(s_3.stanullfrac, '0'::real)) * (COALESCE(s_3.stawidth, 1024))::double precision)))) + ((CASE WHEN ((version() ~ 'mingw32'::text) OR (version() ~ '64-bit|x86_64|ppc64|ia64|amd64'::text)) THEN 8 ELSE 4 END))::double precision) - (CASE WHEN ((sum((('1'::double precision - COALESCE(s_3.stanullfrac, '0'::real)) * (COALESCE(s_3.stawidth, 1024))::double precision))) = '0'::double precision) THEN 0 WHEN ((((sum((('1'::double precision - COALESCE(s_3.stanullfrac, '0'::real)) * (COALESCE(s_3.stawidth, 1024))::double precision))))::integer % (CASE WHEN ((version() ~ 'mingw32'::text) OR (version() ~ '64-bit|x86_64|ppc64|ia64|amd64'::text)) THEN 8 ELSE 4 END)) = 0) THEN (CASE WHEN ((version() ~ 'mingw32'::text) OR (version() ~ '64-bit|x86_64|ppc64|ia64|amd64'::text)) THEN 8 ELSE 4 END) ELSE (((sum((('1'::double precision - COALESCE(s_3.stanullfrac, '0'::real)) * (COALESCE(s_3.stawidth, 1024))::double precision))))::integer % (CASE WHEN ((version() ~ 'mingw32'::text) OR (version() ~ '64-bit|x86_64|ppc64|ia64|amd64'::text)) THEN 8 ELSE 4 END)) END)::double precision))::numeric))::double precision)))))), '0'::double precision))) ELSE '0'::double precision END)))",
          "q.nspname",
          "q.tblname"
        ],
        "Hash Buckets": 1024,
        "Original Hash Buckets": 1024,
        "Hash Batches": 1,
        "Original Hash Batches": 1,
        "Peak Memory Usage": 14,
        "Shared Hit Blocks": 215652,
        "Shared Read Blocks": 0,
        "Shared Dirtied Blocks": 0,
        "Shared Written Blocks": 0,
        "Local Hit Blocks": 0,
        "Local Read Blocks": 0,
        "Local Dirtied Blocks": 0,
        "Local Written Blocks": 0,
        "Temp Read Blocks": 0,
        "Temp Written Blocks": 0,
        "Plans": [
          {
            "Node Type": "Aggregate",
            "Strategy": "Sorted",
            "Partial Mode": "Simple",
            "Parent Relationship": "Outer",
            "Parallel Aware": false,
            "Startup Cost": 181.95,
            "Total Cost": 183.32,
            "Plan Rows": 1,
            "Plan Width": 136,
            "Actual Startup Time": 190.008,
            "Actual Total Time": 190.312,
            "Actual Rows": 36,
            "Actual Loops": 1,
            "Output": [
              "sum((CASE WHEN ((q.relpages)::double precision > COALESCE(('1'::double precision + ceil((q.reltuples / floor((((((((current_setting('block_size'::text))::numeric) - ((16))::numeric) - ((24))::numeric) * (q.fillfactor)::numeric))::double precision / ('100'::double precision * (('4'::numeric + ((((((((CASE WHEN (max(COALESCE(s_3.stanullfrac, '0'::real)) = '0'::double precision) THEN 2 ELSE 6 END) + (CASE WHEN ((version() ~ 'mingw32'::text) OR (version() ~ '64-bit|x86_64|ppc64|ia64|amd64'::text)) THEN 8 ELSE 4 END)) - CASE WHEN (((CASE WHEN (max(COALESCE(s_3.stanullfrac, '0'::real)) = '0'::double precision) THEN 2 ELSE 6 END) % (CASE WHEN ((version() ~ 'mingw32'::text) OR (version() ~ '64-bit|x86_64|ppc64|ia64|amd64'::text)) THEN 8 ELSE 4 END)) = 0) THEN (CASE WHEN ((version() ~ 'mingw32'::text) OR (version() ~ '64-bit|x86_64|ppc64|ia64|amd64'::text)) THEN 8 ELSE 4 END) ELSE ((CASE WHEN (max(COALESCE(s_3.stanullfrac, '0'::real)) = '0'::double precision) THEN 2 ELSE 6 END) % (CASE WHEN ((version() ~ 'mingw32'::text) OR (version() ~ '64-bit|x86_64|ppc64|ia64|amd64'::text)) THEN 8 ELSE 4 END)) END))::double precision + (sum((('1'::double precision - COALESCE(s_3.stanullfrac, '0'::real)) * (COALESCE(s_3.stawidth, 1024))::double precision)))) + ((CASE WHEN ((version() ~ 'mingw32'::text) OR (version() ~ '64-bit|x86_64|ppc64|ia64|amd64'::text)) THEN 8 ELSE 4 END))::double precision) - (CASE WHEN ((sum((('1'::double precision - COALESCE(s_3.stanullfrac, '0'::real)) * (COALESCE(s_3.stawidth, 1024))::double precision))) = '0'::double precision) THEN 0 WHEN ((((sum((('1'::double precision - COALESCE(s_3.stanullfrac, '0'::real)) * (COALESCE(s_3.stawidth, 1024))::double precision))))::integer % (CASE WHEN ((version() ~ 'mingw32'::text) OR (version() ~ '64-bit|x86_64|ppc64|ia64|amd64'::text)) THEN 8 ELSE 4 END)) = 0) THEN (CASE WHEN ((version() ~ 'mingw32'::text) OR (version() ~ '64-bit|x86_64|ppc64|ia64|amd64'::text)) THEN 8 ELSE 4 END) ELSE (((sum((('1'::double precision - COALESCE(s_3.stanullfrac, '0'::real)) * (COALESCE(s_3.stawidth, 1024))::double precision))))::integer % (CASE WHEN ((version() ~ 'mingw32'::text) OR (version() ~ '64-bit|x86_64|ppc64|ia64|amd64'::text)) THEN 8 ELSE 4 END)) END)::double precision))::numeric))::double precision)))))), '0'::double precision)) THEN ((((current_setting('block_size'::text))::numeric))::double precision * ((q.relpages)::double precision - COALESCE(('1'::double precision + ceil((q.reltuples / floor((((((((current_setting('block_size'::text))::numeric) - ((16))::numeric) - ((24))::numeric) * (q.fillfactor)::numeric))::double precision / ('100'::double precision * (('4'::numeric + ((((((((CASE WHEN (max(COALESCE(s_3.stanullfrac, '0'::real)) = '0'::double precision) THEN 2 ELSE 6 END) + (CASE WHEN ((version() ~ 'mingw32'::text) OR (version() ~ '64-bit|x86_64|ppc64|ia64|amd64'::text)) THEN 8 ELSE 4 END)) - CASE WHEN (((CASE WHEN (max(COALESCE(s_3.stanullfrac, '0'::real)) = '0'::double precision) THEN 2 ELSE 6 END) % (CASE WHEN ((version() ~ 'mingw32'::text) OR (version() ~ '64-bit|x86_64|ppc64|ia64|amd64'::text)) THEN 8 ELSE 4 END)) = 0) THEN (CASE WHEN ((version() ~ 'mingw32'::text) OR (version() ~ '64-bit|x86_64|ppc64|ia64|amd64'::text)) THEN 8 ELSE 4 END) ELSE ((CASE WHEN (max(COALESCE(s_3.stanullfrac, '0'::real)) = '0'::double precision) THEN 2 ELSE 6 END) % (CASE WHEN ((version() ~ 'mingw32'::text) OR (version() ~ '64-bit|x86_64|ppc64|ia64|amd64'::text)) THEN 8 ELSE 4 END)) END))::double precision + (sum((('1'::double precision - COALESCE(s_3.stanullfrac, '0'::real)) * (COALESCE(s_3.stawidth, 1024))::double precision)))) + ((CASE WHEN ((version() ~ 'mingw32'::text) OR (version() ~ '64-bit|x86_64|ppc64|ia64|amd64'::text)) THEN 8 ELSE 4 END))::double precision) - (CASE WHEN ((sum((('1'::double precision - COALESCE(s_3.stanullfrac, '0'::real)) * (COALESCE(s_3.stawidth, 1024))::double precision))) = '0'::double precision) THEN 0 WHEN ((((sum((('1'::double precision - COALESCE(s_3.stanullfrac, '0'::real)) * (COALESCE(s_3.stawidth, 1024))::double precision))))::integer % (CASE WHEN ((version() ~ 'mingw32'::text) OR (version() ~ '64-bit|x86_64|ppc64|ia64|amd64'::text)) THEN 8 ELSE 4 END)) = 0) THEN (CASE WHEN ((version() ~ 'mingw32'::text) OR (version() ~ '64-bit|x86_64|ppc64|ia64|amd64'::text)) THEN 8 ELSE 4 END) ELSE (((sum((('1'::double precision - COALESCE(s_3.stanullfrac, '0'::real)) * (COALESCE(s_3.stawidth, 1024))::double precision))))::integer % (CASE WHEN ((version() ~ 'mingw32'::text) OR (version() ~ '64-bit|x86_64|ppc64|ia64|amd64'::text)) THEN 8 ELSE 4 END)) END)::double precision))::numeric))::double precision)))))), '0'::double precision))) ELSE '0'::double precision END))",
              "q.nspname",
              "q.tblname"
            ],
            "Group Key": ["q.nspname", "q.tblname"],
            "Shared Hit Blocks": 215652,
            "Shared Read Blocks": 0,
            "Shared Dirtied Blocks": 0,
            "Shared Written Blocks": 0,
            "Local Hit Blocks": 0,
            "Local Read Blocks": 0,
            "Local Dirtied Blocks": 0,
            "Local Written Blocks": 0,
            "Temp Read Blocks": 0,
            "Temp Written Blocks": 0,
            "Plans": [
              {
                "Node Type": "Nested Loop",
                "Parent Relationship": "Outer",
                "Parallel Aware": false,
                "Join Type": "Inner",
                "Startup Cost": 181.95,
                "Total Cost": 183.3,
                "Plan Rows": 1,
                "Plan Width": 349,
                "Actual Startup Time": 189.991,
                "Actual Total Time": 190.29,
                "Actual Rows": 47,
                "Actual Loops": 1,
                "Output": [
                  "NULL::name",
                  "q.nspname",
                  "q.tblname",
                  "q.idxname",
                  "NULL::numeric",
                  "NULL::numeric",
                  "NULL::double precision",
                  "NULL::integer",
                  "CASE WHEN ((q.relpages)::double precision > COALESCE(('1'::double precision + ceil((q.reltuples / floor((((((((current_setting('block_size'::text))::numeric) - ((16))::numeric) - ((24))::numeric) * (q.fillfactor)::numeric))::double precision / ('100'::double precision * (('4'::numeric + ((((((((CASE WHEN (max(COALESCE(s_3.stanullfrac, '0'::real)) = '0'::double precision) THEN 2 ELSE 6 END) + (CASE WHEN ((version() ~ 'mingw32'::text) OR (version() ~ '64-bit|x86_64|ppc64|ia64|amd64'::text)) THEN 8 ELSE 4 END)) - CASE WHEN (((CASE WHEN (max(COALESCE(s_3.stanullfrac, '0'::real)) = '0'::double precision) THEN 2 ELSE 6 END) % (CASE WHEN ((version() ~ 'mingw32'::text) OR (version() ~ '64-bit|x86_64|ppc64|ia64|amd64'::text)) THEN 8 ELSE 4 END)) = 0) THEN (CASE WHEN ((version() ~ 'mingw32'::text) OR (version() ~ '64-bit|x86_64|ppc64|ia64|amd64'::text)) THEN 8 ELSE 4 END) ELSE ((CASE WHEN (max(COALESCE(s_3.stanullfrac, '0'::real)) = '0'::double precision) THEN 2 ELSE 6 END) % (CASE WHEN ((version() ~ 'mingw32'::text) OR (version() ~ '64-bit|x86_64|ppc64|ia64|amd64'::text)) THEN 8 ELSE 4 END)) END))::double precision + (sum((('1'::double precision - COALESCE(s_3.stanullfrac, '0'::real)) * (COALESCE(s_3.stawidth, 1024))::double precision)))) + ((CASE WHEN ((version() ~ 'mingw32'::text) OR (version() ~ '64-bit|x86_64|ppc64|ia64|amd64'::text)) THEN 8 ELSE 4 END))::double precision) - (CASE WHEN ((sum((('1'::double precision - COALESCE(s_3.stanullfrac, '0'::real)) * (COALESCE(s_3.stawidth, 1024))::double precision))) = '0'::double precision) THEN 0 WHEN ((((sum((('1'::double precision - COALESCE(s_3.stanullfrac, '0'::real)) * (COALESCE(s_3.stawidth, 1024))::double precision))))::integer % (CASE WHEN ((version() ~ 'mingw32'::text) OR (version() ~ '64-bit|x86_64|ppc64|ia64|amd64'::text)) THEN 8 ELSE 4 END)) = 0) THEN (CASE WHEN ((version() ~ 'mingw32'::text) OR (version() ~ '64-bit|x86_64|ppc64|ia64|amd64'::text)) THEN 8 ELSE 4 END) ELSE (((sum((('1'::double precision - COALESCE(s_3.stanullfrac, '0'::real)) * (COALESCE(s_3.stawidth, 1024))::double precision))))::integer % (CASE WHEN ((version() ~ 'mingw32'::text) OR (version() ~ '64-bit|x86_64|ppc64|ia64|amd64'::text)) THEN 8 ELSE 4 END)) END)::double precision))::numeric))::double precision)))))), '0'::double precision)) THEN ((((current_setting('block_size'::text))::numeric))::double precision * ((q.relpages)::double precision - COALESCE(('1'::double precision + ceil((q.reltuples / floor((((((((current_setting('block_size'::text))::numeric) - ((16))::numeric) - ((24))::numeric) * (q.fillfactor)::numeric))::double precision / ('100'::double precision * (('4'::numeric + ((((((((CASE WHEN (max(COALESCE(s_3.stanullfrac, '0'::real)) = '0'::double precision) THEN 2 ELSE 6 END) + (CASE WHEN ((version() ~ 'mingw32'::text) OR (version() ~ '64-bit|x86_64|ppc64|ia64|amd64'::text)) THEN 8 ELSE 4 END)) - CASE WHEN (((CASE WHEN (max(COALESCE(s_3.stanullfrac, '0'::real)) = '0'::double precision) THEN 2 ELSE 6 END) % (CASE WHEN ((version() ~ 'mingw32'::text) OR (version() ~ '64-bit|x86_64|ppc64|ia64|amd64'::text)) THEN 8 ELSE 4 END)) = 0) THEN (CASE WHEN ((version() ~ 'mingw32'::text) OR (version() ~ '64-bit|x86_64|ppc64|ia64|amd64'::text)) THEN 8 ELSE 4 END) ELSE ((CASE WHEN (max(COALESCE(s_3.stanullfrac, '0'::real)) = '0'::double precision) THEN 2 ELSE 6 END) % (CASE WHEN ((version() ~ 'mingw32'::text) OR (version() ~ '64-bit|x86_64|ppc64|ia64|amd64'::text)) THEN 8 ELSE 4 END)) END))::double precision + (sum((('1'::double precision - COALESCE(s_3.stanullfrac, '0'::real)) * (COALESCE(s_3.stawidth, 1024))::double precision)))) + ((CASE WHEN ((version() ~ 'mingw32'::text) OR (version() ~ '64-bit|x86_64|ppc64|ia64|amd64'::text)) THEN 8 ELSE 4 END))::double precision) - (CASE WHEN ((sum((('1'::double precision - COALESCE(s_3.stanullfrac, '0'::real)) * (COALESCE(s_3.stawidth, 1024))::double precision))) = '0'::double precision) THEN 0 WHEN ((((sum((('1'::double precision - COALESCE(s_3.stanullfrac, '0'::real)) * (COALESCE(s_3.stawidth, 1024))::double precision))))::integer % (CASE WHEN ((version() ~ 'mingw32'::text) OR (version() ~ '64-bit|x86_64|ppc64|ia64|amd64'::text)) THEN 8 ELSE 4 END)) = 0) THEN (CASE WHEN ((version() ~ 'mingw32'::text) OR (version() ~ '64-bit|x86_64|ppc64|ia64|amd64'::text)) THEN 8 ELSE 4 END) ELSE (((sum((('1'::double precision - COALESCE(s_3.stanullfrac, '0'::real)) * (COALESCE(s_3.stawidth, 1024))::double precision))))::integer % (CASE WHEN ((version() ~ 'mingw32'::text) OR (version() ~ '64-bit|x86_64|ppc64|ia64|amd64'::text)) THEN 8 ELSE 4 END)) END)::double precision))::numeric))::double precision)))))), '0'::double precision))) ELSE '0'::double precision END",
                  "NULL::double precision",
                  "NULL::boolean"
                ],
                "Inner Unique": true,
                "Join Filter": "(q.relam = am.oid)",
                "Rows Removed by Join Filter": 0,
                "Shared Hit Blocks": 215652,
                "Shared Read Blocks": 0,
                "Shared Dirtied Blocks": 0,
                "Shared Written Blocks": 0,
                "Local Hit Blocks": 0,
                "Local Read Blocks": 0,
                "Local Dirtied Blocks": 0,
                "Local Written Blocks": 0,
                "Temp Read Blocks": 0,
                "Temp Written Blocks": 0,
                "Plans": [
                  {
                    "Node Type": "Aggregate",
                    "Strategy": "Sorted",
                    "Partial Mode": "Simple",
                    "Parent Relationship": "Outer",
                    "Parallel Aware": false,
                    "Startup Cost": 181.95,
                    "Total Cost": 182.02,
                    "Plan Rows": 1,
                    "Plan Width": 269,
                    "Actual Startup Time": 189.969,
                    "Actual Total Time": 190.143,
                    "Actual Rows": 47,
                    "Actual Loops": 1,
                    "Output": [
                      "q.nspname",
                      "q.tblname",
                      "q.idxname",
                      "q.reltuples",
                      "q.relpages",
                      "q.relam",
                      "q.attrelid",
                      "((current_setting('block_size'::text))::numeric)",
                      "q.fillfactor",
                      "CASE WHEN ((version() ~ 'mingw32'::text) OR (version() ~ '64-bit|x86_64|ppc64|ia64|amd64'::text)) THEN 8 ELSE 4 END",
                      "24",
                      "16",
                      "CASE WHEN (max(COALESCE(s_3.stanullfrac, '0'::real)) = '0'::double precision) THEN 2 ELSE 6 END",
                      "sum((('1'::double precision - COALESCE(s_3.stanullfrac, '0'::real)) * (COALESCE(s_3.stawidth, 1024))::double precision))",
                      "NULL::boolean"
                    ],
                    "Group Key": [
                      "q.nspname",
                      "q.tblname",
                      "q.idxname",
                      "q.reltuples",
                      "q.relpages",
                      "q.relam",
                      "q.attrelid",
                      "((current_setting('block_size'::text))::numeric)",
                      "q.fillfactor"
                    ],
                    "Shared Hit Blocks": 215605,
                    "Shared Read Blocks": 0,
                    "Shared Dirtied Blocks": 0,
                    "Shared Written Blocks": 0,
                    "Local Hit Blocks": 0,
                    "Local Read Blocks": 0,
                    "Local Dirtied Blocks": 0,
                    "Local Written Blocks": 0,
                    "Temp Read Blocks": 0,
                    "Temp Written Blocks": 0,
                    "Plans": [
                      {
                        "Node Type": "Sort",
                        "Parent Relationship": "Outer",
                        "Parallel Aware": false,
                        "Startup Cost": 181.95,
                        "Total Cost": 181.95,
                        "Plan Rows": 1,
                        "Plan Width": 252,
                        "Actual Startup Time": 189.921,
                        "Actual Total Time": 189.926,
                        "Actual Rows": 100,
                        "Actual Loops": 1,
                        "Output": [
                          "q.nspname",
                          "q.tblname",
                          "q.idxname",
                          "q.reltuples",
                          "q.relpages",
                          "q.relam",
                          "q.attrelid",
                          "((current_setting('block_size'::text))::numeric)",
                          "q.fillfactor",
                          "s_3.stanullfrac",
                          "s_3.stawidth"
                        ],
                        "Sort Key": [
                          "q.tblname",
                          "q.idxname",
                          "q.reltuples",
                          "q.relpages",
                          "q.relam",
                          "q.attrelid",
                          "q.fillfactor"
                        ],
                        "Sort Method": "quicksort",
                        "Sort Space Used": 51,
                        "Sort Space Type": "Memory",
                        "Shared Hit Blocks": 215605,
                        "Shared Read Blocks": 0,
                        "Shared Dirtied Blocks": 0,
                        "Shared Written Blocks": 0,
                        "Local Hit Blocks": 0,
                        "Local Read Blocks": 0,
                        "Local Dirtied Blocks": 0,
                        "Local Written Blocks": 0,
                        "Temp Read Blocks": 0,
                        "Temp Written Blocks": 0,
                        "Plans": [
                          {
                            "Node Type": "Nested Loop",
                            "Parent Relationship": "Outer",
                            "Parallel Aware": false,
                            "Join Type": "Inner",
                            "Startup Cost": 93.79,
                            "Total Cost": 181.94,
                            "Plan Rows": 1,
                            "Plan Width": 252,
                            "Actual Startup Time": 2.371,
                            "Actual Total Time": 189.594,
                            "Actual Rows": 100,
                            "Actual Loops": 1,
                            "Output": [
                              "q.nspname",
                              "q.tblname",
                              "q.idxname",
                              "q.reltuples",
                              "q.relpages",
                              "q.relam",
                              "q.attrelid",
                              "(current_setting('block_size'::text))::numeric",
                              "q.fillfactor",
                              "s_3.stanullfrac",
                              "s_3.stawidth"
                            ],
                            "Inner Unique": true,
                            "Shared Hit Blocks": 215605,
                            "Shared Read Blocks": 0,
                            "Shared Dirtied Blocks": 0,
                            "Shared Written Blocks": 0,
                            "Local Hit Blocks": 0,
                            "Local Read Blocks": 0,
                            "Local Dirtied Blocks": 0,
                            "Local Written Blocks": 0,
                            "Temp Read Blocks": 0,
                            "Temp Written Blocks": 0,
                            "Plans": [
                              {
                                "Node Type": "Nested Loop",
                                "Parent Relationship": "Outer",
                                "Parallel Aware": false,
                                "Join Type": "Inner",
                                "Startup Cost": 93.65,
                                "Total Cost": 177.74,
                                "Plan Rows": 1,
                                "Plan Width": 224,
                                "Actual Startup Time": 2.26,
                                "Actual Total Time": 188.458,
                                "Actual Rows": 100,
                                "Actual Loops": 1,
                                "Output": [
                                  "q.nspname",
                                  "q.tblname",
                                  "q.idxname",
                                  "q.reltuples",
                                  "q.relpages",
                                  "q.relam",
                                  "q.attrelid",
                                  "q.fillfactor",
                                  "q.atttypid",
                                  "s_3.stanullfrac",
                                  "s_3.stawidth"
                                ],
                                "Inner Unique": false,
                                "Join Filter": "(((c_3.relname = q.tblname) AND ((a_1.attname)::text = pg_get_indexdef(q.attrelid, (q.attnum)::integer, true))) OR ((c_3.relname = q.idxname) AND (a_1.attname = q.attname)))",
                                "Rows Removed by Join Filter": 70345,
                                "Shared Hit Blocks": 215504,
                                "Shared Read Blocks": 0,
                                "Shared Dirtied Blocks": 0,
                                "Shared Written Blocks": 0,
                                "Local Hit Blocks": 0,
                                "Local Read Blocks": 0,
                                "Local Dirtied Blocks": 0,
                                "Local Written Blocks": 0,
                                "Temp Read Blocks": 0,
                                "Temp Written Blocks": 0,
                                "Plans": [
                                  {
                                    "Node Type": "CTE Scan",
                                    "Parent Relationship": "Outer",
                                    "Parallel Aware": false,
                                    "CTE Name": "q",
                                    "Alias": "q",
                                    "Startup Cost": 73.76,
                                    "Total Cost": 76.03,
                                    "Plan Rows": 1,
                                    "Plan Width": 453,
                                    "Actual Startup Time": 0.663,
                                    "Actual Total Time": 4.145,
                                    "Actual Rows": 193,
                                    "Actual Loops": 1,
                                    "Output": [
                                      "q.nspname",
                                      "q.tblname",
                                      "q.idxname",
                                      "q.reltuples",
                                      "q.relpages",
                                      "q.relam",
                                      "NULL::oid",
                                      "NULL::oid",
                                      "q.fillfactor",
                                      "q.attrelid",
                                      "q.attname",
                                      "q.atttypid",
                                      "NULL::integer",
                                      "NULL::smallint",
                                      "q.attnum",
                                      "NULL::integer",
                                      "NULL::integer",
                                      "NULL::integer",
                                      "NULL::boolean",
                                      "NULL::\"char\"",
                                      "NULL::\"char\"",
                                      "NULL::boolean",
                                      "NULL::boolean",
                                      "NULL::boolean",
                                      "NULL::\"char\"",
                                      "NULL::boolean",
                                      "NULL::boolean",
                                      "NULL::integer",
                                      "NULL::oid",
                                      "NULL::aclitem[]",
                                      "NULL::text[]",
                                      "NULL::text[]",
                                      "NULL::anyarray"
                                    ],
                                    "Filter": "(q.nspname = 'pg_catalog'::name)",
                                    "Rows Removed by Filter": 0,
                                    "Shared Hit Blocks": 380,
                                    "Shared Read Blocks": 0,
                                    "Shared Dirtied Blocks": 0,
                                    "Shared Written Blocks": 0,
                                    "Local Hit Blocks": 0,
                                    "Local Read Blocks": 0,
                                    "Local Dirtied Blocks": 0,
                                    "Local Written Blocks": 0,
                                    "Temp Read Blocks": 0,
                                    "Temp Written Blocks": 0,
                                    "Plans": [
                                      {
                                        "Node Type": "Nested Loop",
                                        "Parent Relationship": "InitPlan",
                                        "Subplan Name": "CTE q",
                                        "Parallel Aware": false,
                                        "Join Type": "Inner",
                                        "Startup Cost": 25.29,
                                        "Total Cost": 73.76,
                                        "Plan Rows": 101,
                                        "Plan Width": 454,
                                        "Actual Startup Time": 0.643,
                                        "Actual Total Time": 2.855,
                                        "Actual Rows": 193,
                                        "Actual Loops": 1,
                                        "Output": [
                                          "pg_namespace.nspname",
                                          "tbl_1.relname",
                                          "idx.relname",
                                          "idx.reltuples",
                                          "idx.relpages",
                                          "idx.relam",
                                          "pg_index.indrelid",
                                          "pg_index.indexrelid",
                                          "COALESCE(((\"substring\"(array_to_string(idx.reloptions, ' '::text), 'fillfactor=([0-9]+)'::text))::smallint)::integer, 90)",
                                          "a_2.attrelid",
                                          "a_2.attname",
                                          "a_2.atttypid",
                                          "a_2.attstattarget",
                                          "a_2.attlen",
                                          "a_2.attnum",
                                          "a_2.attndims",
                                          "a_2.attcacheoff",
                                          "a_2.atttypmod",
                                          "a_2.attbyval",
                                          "a_2.attstorage",
                                          "a_2.attalign",
                                          "a_2.attnotnull",
                                          "a_2.atthasdef",
                                          "a_2.atthasmissing",
                                          "a_2.attidentity",
                                          "a_2.attisdropped",
                                          "a_2.attislocal",
                                          "a_2.attinhcount",
                                          "a_2.attcollation",
                                          "a_2.attacl",
                                          "a_2.attoptions",
                                          "a_2.attfdwoptions",
                                          "a_2.attmissingval"
                                        ],
                                        "Inner Unique": false,
                                        "Join Filter": "(idx.oid = a_2.attrelid)",
                                        "Rows Removed by Join Filter": 0,
                                        "Shared Hit Blocks": 380,
                                        "Shared Read Blocks": 0,
                                        "Shared Dirtied Blocks": 0,
                                        "Shared Written Blocks": 0,
                                        "Local Hit Blocks": 0,
                                        "Local Read Blocks": 0,
                                        "Local Dirtied Blocks": 0,
                                        "Local Written Blocks": 0,
                                        "Temp Read Blocks": 0,
                                        "Temp Written Blocks": 0,
                                        "Plans": [
                                          {
                                            "Node Type": "Hash Join",
                                            "Parent Relationship": "Outer",
                                            "Parallel Aware": false,
                                            "Join Type": "Inner",
                                            "Startup Cost": 25.01,
                                            "Total Cost": 42.13,
                                            "Plan Rows": 17,
                                            "Plan Width": 265,
                                            "Actual Startup Time": 0.604,
                                            "Actual Total Time": 1.613,
                                            "Actual Rows": 116,
                                            "Actual Loops": 1,
                                            "Output": [
                                              "pg_index.indrelid",
                                              "pg_index.indexrelid",
                                              "idx.relname",
                                              "idx.reltuples",
                                              "idx.relpages",
                                              "idx.relam",
                                              "idx.reloptions",
                                              "idx.oid",
                                              "tbl_1.relname",
                                              "pg_namespace.nspname"
                                            ],
                                            "Inner Unique": true,
                                            "Hash Cond": "(idx.relnamespace = pg_namespace.oid)",
                                            "Shared Hit Blocks": 29,
                                            "Shared Read Blocks": 0,
                                            "Shared Dirtied Blocks": 0,
                                            "Shared Written Blocks": 0,
                                            "Local Hit Blocks": 0,
                                            "Local Read Blocks": 0,
                                            "Local Dirtied Blocks": 0,
                                            "Local Written Blocks": 0,
                                            "Temp Read Blocks": 0,
                                            "Temp Written Blocks": 0,
                                            "Plans": [
                                              {
                                                "Node Type": "Hash Join",
                                                "Parent Relationship": "Outer",
                                                "Parallel Aware": false,
                                                "Join Type": "Inner",
                                                "Startup Cost": 23.87,
                                                "Total Cost": 40.92,
                                                "Plan Rows": 17,
                                                "Plan Width": 205,
                                                "Actual Startup Time": 0.534,
                                                "Actual Total Time": 1.282,
                                                "Actual Rows": 116,
                                                "Actual Loops": 1,
                                                "Output": [
                                                  "pg_index.indrelid",
                                                  "pg_index.indexrelid",
                                                  "idx.relname",
                                                  "idx.reltuples",
                                                  "idx.relpages",
                                                  "idx.relam",
                                                  "idx.reloptions",
                                                  "idx.oid",
                                                  "idx.relnamespace",
                                                  "tbl_1.relname"
                                                ],
                                                "Inner Unique": false,
                                                "Hash Cond": "(idx.oid = pg_index.indexrelid)",
                                                "Shared Hit Blocks": 28,
                                                "Shared Read Blocks": 0,
                                                "Shared Dirtied Blocks": 0,
                                                "Shared Written Blocks": 0,
                                                "Local Hit Blocks": 0,
                                                "Local Read Blocks": 0,
                                                "Local Dirtied Blocks": 0,
                                                "Local Written Blocks": 0,
                                                "Temp Read Blocks": 0,
                                                "Temp Written Blocks": 0,
                                                "Plans": [
                                                  {
                                                    "Node Type": "Seq Scan",
                                                    "Parent Relationship": "Outer",
                                                    "Parallel Aware": false,
                                                    "Relation Name": "pg_class",
                                                    "Schema": "pg_catalog",
                                                    "Alias": "idx",
                                                    "Startup Cost": 0.0,
                                                    "Total Cost": 16.27,
                                                    "Plan Rows": 161,
                                                    "Plan Width": 133,
                                                    "Actual Startup Time": 0.013,
                                                    "Actual Total Time": 0.407,
                                                    "Actual Rows": 182,
                                                    "Actual Loops": 1,
                                                    "Output": [
                                                      "idx.relname",
                                                      "idx.reltuples",
                                                      "idx.relpages",
                                                      "idx.relam",
                                                      "idx.reloptions",
                                                      "idx.oid",
                                                      "idx.relnamespace"
                                                    ],
                                                    "Filter": "(idx.relpages > 0)",
                                                    "Rows Removed by Filter": 166,
                                                    "Shared Hit Blocks": 12,
                                                    "Shared Read Blocks": 0,
                                                    "Shared Dirtied Blocks": 0,
                                                    "Shared Written Blocks": 0,
                                                    "Local Hit Blocks": 0,
                                                    "Local Read Blocks": 0,
                                                    "Local Dirtied Blocks": 0,
                                                    "Local Written Blocks": 0,
                                                    "Temp Read Blocks": 0,
                                                    "Temp Written Blocks": 0
                                                  },
                                                  {
                                                    "Node Type": "Hash",
                                                    "Parent Relationship": "Inner",
                                                    "Parallel Aware": false,
                                                    "Startup Cost": 23.42,
                                                    "Total Cost": 23.42,
                                                    "Plan Rows": 36,
                                                    "Plan Width": 72,
                                                    "Actual Startup Time": 0.441,
                                                    "Actual Total Time": 0.442,
                                                    "Actual Rows": 116,
                                                    "Actual Loops": 1,
                                                    "Output": [
                                                      "pg_index.indrelid",
                                                      "pg_index.indexrelid",
                                                      "tbl_1.relname"
                                                    ],
                                                    "Hash Buckets": 1024,
                                                    "Original Hash Buckets": 1024,
                                                    "Hash Batches": 1,
                                                    "Original Hash Batches": 1,
                                                    "Peak Memory Usage": 20,
                                                    "Shared Hit Blocks": 16,
                                                    "Shared Read Blocks": 0,
                                                    "Shared Dirtied Blocks": 0,
                                                    "Shared Written Blocks": 0,
                                                    "Local Hit Blocks": 0,
                                                    "Local Read Blocks": 0,
                                                    "Local Dirtied Blocks": 0,
                                                    "Local Written Blocks": 0,
                                                    "Temp Read Blocks": 0,
                                                    "Temp Written Blocks": 0,
                                                    "Plans": [
                                                      {
                                                        "Node Type": "Hash Join",
                                                        "Parent Relationship": "Outer",
                                                        "Parallel Aware": false,
                                                        "Join Type": "Inner",
                                                        "Startup Cost": 17.14,
                                                        "Total Cost": 23.42,
                                                        "Plan Rows": 36,
                                                        "Plan Width": 72,
                                                        "Actual Startup Time": 0.266,
                                                        "Actual Total Time": 0.378,
                                                        "Actual Rows": 116,
                                                        "Actual Loops": 1,
                                                        "Output": [
                                                          "pg_index.indrelid",
                                                          "pg_index.indexrelid",
                                                          "tbl_1.relname"
                                                        ],
                                                        "Inner Unique": true,
                                                        "Hash Cond": "(pg_index.indrelid = tbl_1.oid)",
                                                        "Shared Hit Blocks": 16,
                                                        "Shared Read Blocks": 0,
                                                        "Shared Dirtied Blocks": 0,
                                                        "Shared Written Blocks": 0,
                                                        "Local Hit Blocks": 0,
                                                        "Local Read Blocks": 0,
                                                        "Local Dirtied Blocks": 0,
                                                        "Local Written Blocks": 0,
                                                        "Temp Read Blocks": 0,
                                                        "Temp Written Blocks": 0,
                                                        "Plans": [
                                                          {
                                                            "Node Type": "Seq Scan",
                                                            "Parent Relationship": "Outer",
                                                            "Parallel Aware": false,
                                                            "Relation Name": "pg_index",
                                                            "Schema": "pg_catalog",
                                                            "Alias": "pg_index",
                                                            "Startup Cost": 0.0,
                                                            "Total Cost": 5.8,
                                                            "Plan Rows": 180,
                                                            "Plan Width": 8,
                                                            "Actual Startup Time": 0.003,
                                                            "Actual Total Time": 0.073,
                                                            "Actual Rows": 137,
                                                            "Actual Loops": 1,
                                                            "Output": [
                                                              "pg_index.indexrelid",
                                                              "pg_index.indrelid",
                                                              "pg_index.indnatts",
                                                              "pg_index.indnkeyatts",
                                                              "pg_index.indisunique",
                                                              "pg_index.indisprimary",
                                                              "pg_index.indisexclusion",
                                                              "pg_index.indimmediate",
                                                              "pg_index.indisclustered",
                                                              "pg_index.indisvalid",
                                                              "pg_index.indcheckxmin",
                                                              "pg_index.indisready",
                                                              "pg_index.indislive",
                                                              "pg_index.indisreplident",
                                                              "pg_index.indkey",
                                                              "pg_index.indcollation",
                                                              "pg_index.indclass",
                                                              "pg_index.indoption",
                                                              "pg_index.indexprs",
                                                              "pg_index.indpred"
                                                            ],
                                                            "Filter": "pg_index.indisvalid",
                                                            "Rows Removed by Filter": 0,
                                                            "Shared Hit Blocks": 4,
                                                            "Shared Read Blocks": 0,
                                                            "Shared Dirtied Blocks": 0,
                                                            "Shared Written Blocks": 0,
                                                            "Local Hit Blocks": 0,
                                                            "Local Read Blocks": 0,
                                                            "Local Dirtied Blocks": 0,
                                                            "Local Written Blocks": 0,
                                                            "Temp Read Blocks": 0,
                                                            "Temp Written Blocks": 0
                                                          },
                                                          {
                                                            "Node Type": "Hash",
                                                            "Parent Relationship": "Inner",
                                                            "Parallel Aware": false,
                                                            "Startup Cost": 16.27,
                                                            "Total Cost": 16.27,
                                                            "Plan Rows": 69,
                                                            "Plan Width": 68,
                                                            "Actual Startup Time": 0.229,
                                                            "Actual Total Time": 0.229,
                                                            "Actual Rows": 71,
                                                            "Actual Loops": 1,
                                                            "Output": [
                                                              "tbl_1.relname",
                                                              "tbl_1.oid"
                                                            ],
                                                            "Hash Buckets": 1024,
                                                            "Original Hash Buckets": 1024,
                                                            "Hash Batches": 1,
                                                            "Original Hash Batches": 1,
                                                            "Peak Memory Usage": 15,
                                                            "Shared Hit Blocks": 12,
                                                            "Shared Read Blocks": 0,
                                                            "Shared Dirtied Blocks": 0,
                                                            "Shared Written Blocks": 0,
                                                            "Local Hit Blocks": 0,
                                                            "Local Read Blocks": 0,
                                                            "Local Dirtied Blocks": 0,
                                                            "Local Written Blocks": 0,
                                                            "Temp Read Blocks": 0,
                                                            "Temp Written Blocks": 0,
                                                            "Plans": [
                                                              {
                                                                "Node Type": "Seq Scan",
                                                                "Parent Relationship": "Outer",
                                                                "Parallel Aware": false,
                                                                "Relation Name": "pg_class",
                                                                "Schema": "pg_catalog",
                                                                "Alias": "tbl_1",
                                                                "Startup Cost": 0.0,
                                                                "Total Cost": 16.27,
                                                                "Plan Rows": 69,
                                                                "Plan Width": 68,
                                                                "Actual Startup Time": 0.01,
                                                                "Actual Total Time": 0.182,
                                                                "Actual Rows": 71,
                                                                "Actual Loops": 1,
                                                                "Output": [
                                                                  "tbl_1.relname",
                                                                  "tbl_1.oid"
                                                                ],
                                                                "Filter": "(tbl_1.relkind = 'r'::\"char\")",
                                                                "Rows Removed by Filter": 277,
                                                                "Shared Hit Blocks": 12,
                                                                "Shared Read Blocks": 0,
                                                                "Shared Dirtied Blocks": 0,
                                                                "Shared Written Blocks": 0,
                                                                "Local Hit Blocks": 0,
                                                                "Local Read Blocks": 0,
                                                                "Local Dirtied Blocks": 0,
                                                                "Local Written Blocks": 0,
                                                                "Temp Read Blocks": 0,
                                                                "Temp Written Blocks": 0
                                                              }
                                                            ]
                                                          }
                                                        ]
                                                      }
                                                    ]
                                                  }
                                                ]
                                              },
                                              {
                                                "Node Type": "Hash",
                                                "Parent Relationship": "Inner",
                                                "Parallel Aware": false,
                                                "Startup Cost": 1.06,
                                                "Total Cost": 1.06,
                                                "Plan Rows": 6,
                                                "Plan Width": 68,
                                                "Actual Startup Time": 0.037,
                                                "Actual Total Time": 0.037,
                                                "Actual Rows": 7,
                                                "Actual Loops": 1,
                                                "Output": [
                                                  "pg_namespace.nspname",
                                                  "pg_namespace.oid"
                                                ],
                                                "Hash Buckets": 1024,
                                                "Original Hash Buckets": 1024,
                                                "Hash Batches": 1,
                                                "Original Hash Batches": 1,
                                                "Peak Memory Usage": 9,
                                                "Shared Hit Blocks": 1,
                                                "Shared Read Blocks": 0,
                                                "Shared Dirtied Blocks": 0,
                                                "Shared Written Blocks": 0,
                                                "Local Hit Blocks": 0,
                                                "Local Read Blocks": 0,
                                                "Local Dirtied Blocks": 0,
                                                "Local Written Blocks": 0,
                                                "Temp Read Blocks": 0,
                                                "Temp Written Blocks": 0,
                                                "Plans": [
                                                  {
                                                    "Node Type": "Seq Scan",
                                                    "Parent Relationship": "Outer",
                                                    "Parallel Aware": false,
                                                    "Relation Name": "pg_namespace",
                                                    "Schema": "pg_catalog",
                                                    "Alias": "pg_namespace",
                                                    "Startup Cost": 0.0,
                                                    "Total Cost": 1.06,
                                                    "Plan Rows": 6,
                                                    "Plan Width": 68,
                                                    "Actual Startup Time": 0.022,
                                                    "Actual Total Time": 0.024,
                                                    "Actual Rows": 7,
                                                    "Actual Loops": 1,
                                                    "Output": [
                                                      "pg_namespace.nspname",
                                                      "pg_namespace.oid"
                                                    ],
                                                    "Shared Hit Blocks": 1,
                                                    "Shared Read Blocks": 0,
                                                    "Shared Dirtied Blocks": 0,
                                                    "Shared Written Blocks": 0,
                                                    "Local Hit Blocks": 0,
                                                    "Local Read Blocks": 0,
                                                    "Local Dirtied Blocks": 0,
                                                    "Local Written Blocks": 0,
                                                    "Temp Read Blocks": 0,
                                                    "Temp Written Blocks": 0
                                                  }
                                                ]
                                              }
                                            ]
                                          },
                                          {
                                            "Node Type": "Index Scan",
                                            "Parent Relationship": "Inner",
                                            "Parallel Aware": false,
                                            "Scan Direction": "Forward",
                                            "Index Name": "pg_attribute_relid_attnum_index",
                                            "Relation Name": "pg_attribute",
                                            "Schema": "pg_catalog",
                                            "Alias": "a_2",
                                            "Startup Cost": 0.28,
                                            "Total Cost": 1.71,
                                            "Plan Rows": 6,
                                            "Plan Width": 238,
                                            "Actual Startup Time": 0.004,
                                            "Actual Total Time": 0.005,
                                            "Actual Rows": 2,
                                            "Actual Loops": 116,
                                            "Output": [
                                              "a_2.attrelid",
                                              "a_2.attname",
                                              "a_2.atttypid",
                                              "a_2.attstattarget",
                                              "a_2.attlen",
                                              "a_2.attnum",
                                              "a_2.attndims",
                                              "a_2.attcacheoff",
                                              "a_2.atttypmod",
                                              "a_2.attbyval",
                                              "a_2.attstorage",
                                              "a_2.attalign",
                                              "a_2.attnotnull",
                                              "a_2.atthasdef",
                                              "a_2.atthasmissing",
                                              "a_2.attidentity",
                                              "a_2.attisdropped",
                                              "a_2.attislocal",
                                              "a_2.attinhcount",
                                              "a_2.attcollation",
                                              "a_2.attacl",
                                              "a_2.attoptions",
                                              "a_2.attfdwoptions",
                                              "a_2.attmissingval"
                                            ],
                                            "Index Cond": "((a_2.attrelid = pg_index.indexrelid) AND (a_2.attnum > 0))",
                                            "Rows Removed by Index Recheck": 0,
                                            "Shared Hit Blocks": 351,
                                            "Shared Read Blocks": 0,
                                            "Shared Dirtied Blocks": 0,
                                            "Shared Written Blocks": 0,
                                            "Local Hit Blocks": 0,
                                            "Local Read Blocks": 0,
                                            "Local Dirtied Blocks": 0,
                                            "Local Written Blocks": 0,
                                            "Temp Read Blocks": 0,
                                            "Temp Written Blocks": 0
                                          }
                                        ]
                                      }
                                    ]
                                  },
                                  {
                                    "Node Type": "Nested Loop",
                                    "Parent Relationship": "Inner",
                                    "Parallel Aware": false,
                                    "Join Type": "Inner",
                                    "Startup Cost": 19.89,
                                    "Total Cost": 101.67,
                                    "Plan Rows": 1,
                                    "Plan Width": 401,
                                    "Actual Startup Time": 0.008,
                                    "Actual Total Time": 0.857,
                                    "Actual Rows": 365,
                                    "Actual Loops": 193,
                                    "Output": [
                                      "n_2.nspname",
                                      "c_3.relname",
                                      "a_1.attname",
                                      "NULL::boolean",
                                      "s_3.stanullfrac",
                                      "s_3.stawidth",
                                      "NULL::real",
                                      "NULL::anyarray",
                                      "NULL::real[]",
                                      "NULL::anyarray",
                                      "NULL::real",
                                      "NULL::anyarray",
                                      "NULL::real[]",
                                      "NULL::real[]"
                                    ],
                                    "Inner Unique": true,
                                    "Join Filter": "(has_column_privilege(c_3.oid, a_1.attnum, 'select'::text) AND (c_3.oid = a_1.attrelid))",
                                    "Rows Removed by Join Filter": 0,
                                    "Shared Hit Blocks": 214436,
                                    "Shared Read Blocks": 0,
                                    "Shared Dirtied Blocks": 0,
                                    "Shared Written Blocks": 0,
                                    "Local Hit Blocks": 0,
                                    "Local Read Blocks": 0,
                                    "Local Dirtied Blocks": 0,
                                    "Local Written Blocks": 0,
                                    "Temp Read Blocks": 0,
                                    "Temp Written Blocks": 0,
                                    "Plans": [
                                      {
                                        "Node Type": "Hash Join",
                                        "Parent Relationship": "Outer",
                                        "Parallel Aware": false,
                                        "Join Type": "Inner",
                                        "Startup Cost": 19.61,
                                        "Total Cost": 41.74,
                                        "Plan Rows": 66,
                                        "Plan Width": 146,
                                        "Actual Startup Time": 0.004,
                                        "Actual Total Time": 0.157,
                                        "Actual Rows": 365,
                                        "Actual Loops": 193,
                                        "Output": [
                                          "s_3.stanullfrac",
                                          "s_3.stawidth",
                                          "s_3.starelid",
                                          "s_3.staattnum",
                                          "c_3.relname",
                                          "c_3.oid",
                                          "n_2.nspname"
                                        ],
                                        "Inner Unique": false,
                                        "Hash Cond": "(s_3.starelid = c_3.oid)",
                                        "Shared Hit Blocks": 3101,
                                        "Shared Read Blocks": 0,
                                        "Shared Dirtied Blocks": 0,
                                        "Shared Written Blocks": 0,
                                        "Local Hit Blocks": 0,
                                        "Local Read Blocks": 0,
                                        "Local Dirtied Blocks": 0,
                                        "Local Written Blocks": 0,
                                        "Temp Read Blocks": 0,
                                        "Temp Written Blocks": 0,
                                        "Plans": [
                                          {
                                            "Node Type": "Seq Scan",
                                            "Parent Relationship": "Outer",
                                            "Parallel Aware": false,
                                            "Relation Name": "pg_statistic",
                                            "Schema": "pg_catalog",
                                            "Alias": "s_3",
                                            "Startup Cost": 0.0,
                                            "Total Cost": 19.98,
                                            "Plan Rows": 398,
                                            "Plan Width": 14,
                                            "Actual Startup Time": 0.001,
                                            "Actual Total Time": 0.035,
                                            "Actual Rows": 398,
                                            "Actual Loops": 193,
                                            "Output": [
                                              "s_3.starelid",
                                              "s_3.staattnum",
                                              "s_3.stainherit",
                                              "s_3.stanullfrac",
                                              "s_3.stawidth",
                                              "s_3.stadistinct",
                                              "s_3.stakind1",
                                              "s_3.stakind2",
                                              "s_3.stakind3",
                                              "s_3.stakind4",
                                              "s_3.stakind5",
                                              "s_3.staop1",
                                              "s_3.staop2",
                                              "s_3.staop3",
                                              "s_3.staop4",
                                              "s_3.staop5",
                                              "s_3.stanumbers1",
                                              "s_3.stanumbers2",
                                              "s_3.stanumbers3",
                                              "s_3.stanumbers4",
                                              "s_3.stanumbers5",
                                              "s_3.stavalues1",
                                              "s_3.stavalues2",
                                              "s_3.stavalues3",
                                              "s_3.stavalues4",
                                              "s_3.stavalues5"
                                            ],
                                            "Shared Hit Blocks": 3088,
                                            "Shared Read Blocks": 0,
                                            "Shared Dirtied Blocks": 0,
                                            "Shared Written Blocks": 0,
                                            "Local Hit Blocks": 0,
                                            "Local Read Blocks": 0,
                                            "Local Dirtied Blocks": 0,
                                            "Local Written Blocks": 0,
                                            "Temp Read Blocks": 0,
                                            "Temp Written Blocks": 0
                                          },
                                          {
                                            "Node Type": "Hash",
                                            "Parent Relationship": "Inner",
                                            "Parallel Aware": false,
                                            "Startup Cost": 18.89,
                                            "Total Cost": 18.89,
                                            "Plan Rows": 57,
                                            "Plan Width": 132,
                                            "Actual Startup Time": 0.476,
                                            "Actual Total Time": 0.476,
                                            "Actual Rows": 237,
                                            "Actual Loops": 1,
                                            "Output": [
                                              "c_3.relname",
                                              "c_3.oid",
                                              "n_2.nspname"
                                            ],
                                            "Hash Buckets": 1024,
                                            "Original Hash Buckets": 1024,
                                            "Hash Batches": 1,
                                            "Original Hash Batches": 1,
                                            "Peak Memory Usage": 46,
                                            "Shared Hit Blocks": 13,
                                            "Shared Read Blocks": 0,
                                            "Shared Dirtied Blocks": 0,
                                            "Shared Written Blocks": 0,
                                            "Local Hit Blocks": 0,
                                            "Local Read Blocks": 0,
                                            "Local Dirtied Blocks": 0,
                                            "Local Written Blocks": 0,
                                            "Temp Read Blocks": 0,
                                            "Temp Written Blocks": 0,
                                            "Plans": [
                                              {
                                                "Node Type": "Hash Join",
                                                "Parent Relationship": "Outer",
                                                "Parallel Aware": false,
                                                "Join Type": "Inner",
                                                "Startup Cost": 1.09,
                                                "Total Cost": 18.89,
                                                "Plan Rows": 57,
                                                "Plan Width": 132,
                                                "Actual Startup Time": 0.098,
                                                "Actual Total Time": 0.355,
                                                "Actual Rows": 237,
                                                "Actual Loops": 1,
                                                "Output": [
                                                  "c_3.relname",
                                                  "c_3.oid",
                                                  "n_2.nspname"
                                                ],
                                                "Inner Unique": true,
                                                "Hash Cond": "(c_3.relnamespace = n_2.oid)",
                                                "Shared Hit Blocks": 13,
                                                "Shared Read Blocks": 0,
                                                "Shared Dirtied Blocks": 0,
                                                "Shared Written Blocks": 0,
                                                "Local Hit Blocks": 0,
                                                "Local Read Blocks": 0,
                                                "Local Dirtied Blocks": 0,
                                                "Local Written Blocks": 0,
                                                "Temp Read Blocks": 0,
                                                "Temp Written Blocks": 0,
                                                "Plans": [
                                                  {
                                                    "Node Type": "Seq Scan",
                                                    "Parent Relationship": "Outer",
                                                    "Parallel Aware": false,
                                                    "Relation Name": "pg_class",
                                                    "Schema": "pg_catalog",
                                                    "Alias": "c_3",
                                                    "Startup Cost": 0.0,
                                                    "Total Cost": 16.27,
                                                    "Plan Rows": 342,
                                                    "Plan Width": 72,
                                                    "Actual Startup Time": 0.012,
                                                    "Actual Total Time": 0.206,
                                                    "Actual Rows": 348,
                                                    "Actual Loops": 1,
                                                    "Output": [
                                                      "c_3.relname",
                                                      "c_3.oid",
                                                      "c_3.relnamespace"
                                                    ],
                                                    "Filter": "((NOT c_3.relrowsecurity) OR (NOT row_security_active(c_3.oid)))",
                                                    "Rows Removed by Filter": 0,
                                                    "Shared Hit Blocks": 12,
                                                    "Shared Read Blocks": 0,
                                                    "Shared Dirtied Blocks": 0,
                                                    "Shared Written Blocks": 0,
                                                    "Local Hit Blocks": 0,
                                                    "Local Read Blocks": 0,
                                                    "Local Dirtied Blocks": 0,
                                                    "Local Written Blocks": 0,
                                                    "Temp Read Blocks": 0,
                                                    "Temp Written Blocks": 0
                                                  },
                                                  {
                                                    "Node Type": "Hash",
                                                    "Parent Relationship": "Inner",
                                                    "Parallel Aware": false,
                                                    "Startup Cost": 1.07,
                                                    "Total Cost": 1.07,
                                                    "Plan Rows": 1,
                                                    "Plan Width": 68,
                                                    "Actual Startup Time": 0.027,
                                                    "Actual Total Time": 0.027,
                                                    "Actual Rows": 1,
                                                    "Actual Loops": 1,
                                                    "Output": [
                                                      "n_2.nspname",
                                                      "n_2.oid"
                                                    ],
                                                    "Hash Buckets": 1024,
                                                    "Original Hash Buckets": 1024,
                                                    "Hash Batches": 1,
                                                    "Original Hash Batches": 1,
                                                    "Peak Memory Usage": 9,
                                                    "Shared Hit Blocks": 1,
                                                    "Shared Read Blocks": 0,
                                                    "Shared Dirtied Blocks": 0,
                                                    "Shared Written Blocks": 0,
                                                    "Local Hit Blocks": 0,
                                                    "Local Read Blocks": 0,
                                                    "Local Dirtied Blocks": 0,
                                                    "Local Written Blocks": 0,
                                                    "Temp Read Blocks": 0,
                                                    "Temp Written Blocks": 0,
                                                    "Plans": [
                                                      {
                                                        "Node Type": "Seq Scan",
                                                        "Parent Relationship": "Outer",
                                                        "Parallel Aware": false,
                                                        "Relation Name": "pg_namespace",
                                                        "Schema": "pg_catalog",
                                                        "Alias": "n_2",
                                                        "Startup Cost": 0.0,
                                                        "Total Cost": 1.07,
                                                        "Plan Rows": 1,
                                                        "Plan Width": 68,
                                                        "Actual Startup Time": 0.021,
                                                        "Actual Total Time": 0.022,
                                                        "Actual Rows": 1,
                                                        "Actual Loops": 1,
                                                        "Output": [
                                                          "n_2.nspname",
                                                          "n_2.oid"
                                                        ],
                                                        "Filter": "(n_2.nspname = 'pg_catalog'::name)",
                                                        "Rows Removed by Filter": 6,
                                                        "Shared Hit Blocks": 1,
                                                        "Shared Read Blocks": 0,
                                                        "Shared Dirtied Blocks": 0,
                                                        "Shared Written Blocks": 0,
                                                        "Local Hit Blocks": 0,
                                                        "Local Read Blocks": 0,
                                                        "Local Dirtied Blocks": 0,
                                                        "Local Written Blocks": 0,
                                                        "Temp Read Blocks": 0,
                                                        "Temp Written Blocks": 0
                                                      }
                                                    ]
                                                  }
                                                ]
                                              }
                                            ]
                                          }
                                        ]
                                      },
                                      {
                                        "Node Type": "Index Scan",
                                        "Parent Relationship": "Inner",
                                        "Parallel Aware": false,
                                        "Scan Direction": "Forward",
                                        "Index Name": "pg_attribute_relid_attnum_index",
                                        "Relation Name": "pg_attribute",
                                                 "Schema": "pg_catalog",
                                        "Alias": "a_1",
                                        "Startup Cost": 0.28,
                                        "Total Cost": 0.89,
                                        "Plan Rows": 1,
                                        "Plan Width": 70,
                                        "Actual Startup Time": 0.001,
                                        "Actual Total Time": 0.001,
                                        "Actual Rows": 1,
                                        "Actual Loops": 70445,
                                        "Output": [
                                          "a_1.attrelid",
                                          "a_1.attname",
                                          "a_1.atttypid",
                                          "a_1.attstattarget",
                                          "a_1.attlen",
                                          "a_1.attnum",
                                          "a_1.attndims",
                                          "a_1.attcacheoff",
                                          "a_1.atttypmod",
                                          "a_1.attbyval",
                                          "a_1.attstorage",
                                          "a_1.attalign",
                                          "a_1.attnotnull",
                                          "a_1.atthasdef",
                                          "a_1.atthasmissing",
                                          "a_1.attidentity",
                                          "a_1.attisdropped",
                                          "a_1.attislocal",
                                          "a_1.attinhcount",
                                          "a_1.attcollation",
                                          "a_1.attacl",
                                          "a_1.attoptions",
                                          "a_1.attfdwoptions",
                                          "a_1.attmissingval"
                                        ],
                                        "Index Cond": "((a_1.attrelid = s_3.starelid) AND (a_1.attnum = s_3.staattnum))",
                                        "Rows Removed by Index Recheck": 0,
                                        "Filter": "(NOT a_1.attisdropped)",
                                        "Rows Removed by Filter": 0,
                                        "Shared Hit Blocks": 211335,
                                        "Shared Read Blocks": 0,
                                        "Shared Dirtied Blocks": 0,
                                        "Shared Written Blocks": 0,
                                        "Local Hit Blocks": 0,
                                        "Local Read Blocks": 0,
                                        "Local Dirtied Blocks": 0,
                                        "Local Written Blocks": 0,
                                        "Temp Read Blocks": 0,
                                        "Temp Written Blocks": 0
                                      }
                                    ]
                                  }
                                ]
                              },
                              {
                                "Node Type": "Index Only Scan",
                                "Parent Relationship": "Inner",
                                "Parallel Aware": false,
                                "Scan Direction": "Forward",
                                "Index Name": "pg_type_oid_index",
                                "Relation Name": "pg_type",
                                "Schema": "pg_catalog",
                                "Alias": "t",
                                "Startup Cost": 0.15,
                                "Total Cost": 4.17,
                                "Plan Rows": 1,
                                "Plan Width": 4,
                                "Actual Startup Time": 0.005,
                                "Actual Total Time": 0.005,
                                "Actual Rows": 1,
                                "Actual Loops": 100,
                                "Output": ["t.oid"],
                                "Index Cond": "(t.oid = q.atttypid)",
                                "Rows Removed by Index Recheck": 0,
                                "Heap Fetches": 0,
                                "Shared Hit Blocks": 101,
                                "Shared Read Blocks": 0,
                                "Shared Dirtied Blocks": 0,
                                "Shared Written Blocks": 0,
                                "Local Hit Blocks": 0,
                                "Local Read Blocks": 0,
                                "Local Dirtied Blocks": 0,
                                "Local Written Blocks": 0,
                                "Temp Read Blocks": 0,
                                "Temp Written Blocks": 0
                              }
                            ]
                          }
                        ]
                      }
                    ]
                  },
                  {
                    "Node Type": "Seq Scan",
                    "Parent Relationship": "Inner",
                    "Parallel Aware": false,
                    "Relation Name": "pg_am",
                    "Schema": "pg_catalog",
                    "Alias": "am",
                    "Startup Cost": 0.0,
                    "Total Cost": 1.07,
                    "Plan Rows": 1,
                    "Plan Width": 4,
                    "Actual Startup Time": 0.0,
                    "Actual Total Time": 0.0,
                    "Actual Rows": 1,
                    "Actual Loops": 47,
                    "Output": ["am.oid"],
                    "Filter": "(am.amname = 'btree'::name)",
                    "Rows Removed by Filter": 0,
                    "Shared Hit Blocks": 47,
                    "Shared Read Blocks": 0,
                    "Shared Dirtied Blocks": 0,
                    "Shared Written Blocks": 0,
                    "Local Hit Blocks": 0,
                    "Local Read Blocks": 0,
                    "Local Dirtied Blocks": 0,
                    "Local Written Blocks": 0,
                    "Temp Read Blocks": 0,
                    "Temp Written Blocks": 0
                  }
                ]
              }
            ]
          }
        ]
      }
    ]
  }
}
`,Sq=`[
  {
    "Plan": {
      "Node Type": "Aggregate",
      "Strategy": "Plain",
      "Partial Mode": "Finalize",
      "Parallel Aware": false,
      "Startup Cost": 144975.01,
      "Total Cost": 144975.02,
      "Plan Rows": 1,
      "Plan Width": 32,
      "Actual Startup Time": 484.97,
      "Actual Total Time": 484.97,
      "Actual Rows": 1,
      "Actual Loops": 1,
      "Output": ["sum(l_quantity)"],
      "Plans": [
        {
          "Node Type": "Gather",
          "Parent Relationship": "Outer",
          "Parallel Aware": false,
          "Startup Cost": 144974.57,
          "Total Cost": 144974.98,
          "Plan Rows": 4,
          "Plan Width": 32,
          "Actual Startup Time": 484.868,
          "Actual Total Time": 486.428,
          "Actual Rows": 3,
          "Actual Loops": 1,
          "Output": ["(PARTIAL sum(l_quantity))"],
          "Workers Planned": 4,
          "Workers Launched": 2,
          "Single Copy": false,
          "Plans": [
            {
              "Node Type": "Aggregate",
              "Strategy": "Plain",
              "Partial Mode": "Partial",
              "Parent Relationship": "Outer",
              "Parallel Aware": false,
              "Startup Cost": 143974.57,
              "Total Cost": 143974.58,
              "Plan Rows": 1,
              "Plan Width": 32,
              "Actual Startup Time": 482.39,
              "Actual Total Time": 482.39,
              "Actual Rows": 1,
              "Actual Loops": 3,
              "Output": ["PARTIAL sum(l_quantity)"],
              "Workers": [
                {
                  "Worker Number": 0,
                  "Actual Startup Time": 481.485,
                  "Actual Total Time": 481.485,
                  "Actual Rows": 1,
                  "Actual Loops": 1
                },
                {
                  "Worker Number": 1,
                  "Actual Startup Time": 481.56,
                  "Actual Total Time": 481.56,
                  "Actual Rows": 1,
                  "Actual Loops": 1
                }
              ],
              "Plans": [
                {
                  "Node Type": "Seq Scan",
                  "Parent Relationship": "Outer",
                  "Parallel Aware": true,
                  "Relation Name": "lineitem",
                  "Schema": "public",
                  "Alias": "lineitem",
                  "Startup Cost": 0.0,
                  "Total Cost": 140298.89,
                  "Plan Rows": 1470273,
                  "Plan Width": 5,
                  "Actual Startup Time": 0.652,
                  "Actual Total Time": 344.447,
                  "Actual Rows": 1962085,
                  "Actual Loops": 3,
                  "Output": [
                    "l_orderkey",
                    "l_partkey",
                    "l_suppkey",
                    "l_linenumber",
                    "l_quantity",
                    "l_extendedprice",
                    "l_discount",
                    "l_tax",
                    "l_returnflag",
                    "l_linestatus",
                    "l_shipdate",
                    "l_commitdate",
                    "l_receiptdate",
                    "l_shipinstruct",
                    "l_shipmode",
                    "l_comment"
                  ],
                  "Filter": "(lineitem.l_shipdate <= '1998-08-18 00:00:00'::timestamp without time zone)",
                  "Rows Removed by Filter": 38320,
                  "Workers": [
                    {
                      "Worker Number": 0,
                      "Actual Startup Time": 0.414,
                      "Actual Total Time": 344.435,
                      "Actual Rows": 1962858,
                      "Actual Loops": 1
                    },
                    {
                      "Worker Number": 1,
                      "Actual Startup Time": 0.441,
                      "Actual Total Time": 344.431,
                      "Actual Rows": 1971199,
                      "Actual Loops": 1
                    }
                  ]
                }
              ]
            }
          ]
        }
      ]
    },
    "Planning Time": 0.591,
    "Triggers": [],
    "Execution Time": 486.495
  }
]`,Aq=`select
        l_shipmode,
        sum(case
                when o_orderpriority = '1-URGENT'
                        or o_orderpriority = '2-HIGH'
                        then 1
                else 0
        end) as high_line_count,
        sum(case
                when o_orderpriority <> '1-URGENT'
                        and o_orderpriority <> '2-HIGH'
                        then 1
                else 0
        end) as low_line_count
from
        orders,
        lineitem
where
        o_orderkey = l_orderkey
        and l_shipmode in ('MAIL', 'AIR')
        and l_commitdate < l_receiptdate
        and l_shipdate < l_commitdate
        and l_receiptdate >= date '1996-01-01'
        and l_receiptdate < date '1996-01-01' + interval '1' year
group by
        l_shipmode
order by
        l_shipmode
LIMIT 1;
`,bq=` Limit  (cost=1964755.66..1964961.44 rows=1 width=27) (actual time=7579.592..7922.997 rows=1 loops=1)
   ->  Finalize GroupAggregate  (cost=1964755.66..1966196.11 rows=7 width=27) (actual time=7579.590..7579.591 rows=1 loops=1)
         Group Key: lineitem.l_shipmode
         ->  Gather Merge  (cost=1964755.66..1966195.83 rows=28 width=27) (actual time=7559.593..7922.319 rows=6 loops=1)
               Workers Planned: 4
               Workers Launched: 4
               ->  Partial GroupAggregate  (cost=1963755.61..1965192.44 rows=7 width=27) (actual time=7548.103..7564.592 rows=2 loops=5)
                     Group Key: lineitem.l_shipmode
                     ->  Sort  (cost=1963755.61..1963935.20 rows=71838 width=27) (actual time=7530.280..7539.688 rows=62519 loops=5)
                           Sort Key: lineitem.l_shipmode
                           Sort Method: external merge  Disk: 2304kB
                           Worker 0:  Sort Method: external merge  Disk: 2064kB
                           Worker 1:  Sort Method: external merge  Disk: 2384kB
                           Worker 2:  Sort Method: external merge  Disk: 2264kB
                           Worker 3:  Sort Method: external merge  Disk: 2336kB
                           ->  Parallel Hash Join  (cost=382571.01..1957960.99 rows=71838 width=27) (actual time=7036.917..7499.692 rows=62519 loops=5)
                                 Hash Cond: (lineitem.l_orderkey = orders.o_orderkey)
                                 ->  Parallel Seq Scan on lineitem  (cost=0.00..1552386.40 rows=71838 width=19) (actual time=0.583..4901.063 rows=62519 loops=5)
                                       Filter: ((l_shipmode = ANY ('{MAIL,AIR}'::bpchar[])) AND (l_commitdate < l_receiptdate) AND (l_shipdate < l_commitdate) AND (l_receiptdate >= '1996-01-01'::date) AND (l_receiptdate < '1997-01-01 00:00:00'::timestamp without time zone))
                                       Rows Removed by Filter: 11934691
                                 ->  Parallel Hash  (cost=313722.45..313722.45 rows=3750045 width=20) (actual time=2011.518..2011.518 rows=3000000 loops=5)
                                       Buckets: 65536  Batches: 256  Memory Usage: 3840kB
                                       ->  Parallel Seq Scan on orders  (cost=0.00..313722.45 rows=3750045 width=20) (actual time=0.029..995.948 rows=3000000 loops=5)
 Planning Time: 0.977 ms
 Execution Time: 7923.770 ms`,Rq=`                                                                                            QUERY PLAN
--------------------------------------------------------------------------------------------------------------------------------------------------------------------------------------------------
 Delete on emailmessages  (cost=224.85..38989.92 rows=5000 width=34) (actual time=217158.570..217158.570 rows=0 loops=1)
   Buffers: shared hit=2579331 read=506594 dirtied=503671
   ->  Nested Loop  (cost=224.85..38989.92 rows=5000 width=34) (actual time=7.105..4576.019 rows=5000 loops=1)
         Buffers: shared hit=20223 read=395
         ->  HashAggregate  (cost=224.42..274.42 rows=5000 width=32) (actual time=7.072..23.891 rows=5000 loops=1)
               Group Key: "ANY_subquery".emailmessageid
               Buffers: shared hit=583
               ->  Subquery Scan on "ANY_subquery"  (cost=0.43..211.92 rows=5000 width=32) (actual time=0.064..3.892 rows=5000 loops=1)
                     Buffers: shared hit=583
                     ->  Limit  (cost=0.43..161.92 rows=5000 width=4) (actual time=0.053..2.808 rows=5000 loops=1)
                           Buffers: shared hit=583
                           ->  Index Only Scan using emailmessages_pkey on emailmessages emailmessages_1  (cost=0.43..89834.20 rows=2781465 width=4) (actual time=0.051..2.260 rows=5000 loops=1)
                                 Heap Fetches: 609
                                 Buffers: shared hit=583
         ->  Index Scan using emailmessages_pkey on emailmessages  (cost=0.43..7.73 rows=1 width=10) (actual time=0.903..0.905 rows=1 loops=5000)
               Index Cond: (emailmessageid = "ANY_subquery".emailmessageid)
               Buffers: shared hit=19640 read=395
 Planning time: 2.482 ms
 Trigger for constraint headeremessageref: time=4038.247 calls=5000
 Trigger for constraint formdataemessageref: time=81.415 calls=5000
 Trigger for constraint attachemessageref: time=158945.774 calls=5000
 Trigger for constraint outgoingemessageref: time=332.316 calls=5000
 Trigger for constraint incomingemessageref: time=125.492 calls=5000
 Trigger for constraint eventemessageref: time=251.365 calls=5000
 Trigger for constraint filteredemessageref: time=125.894 calls=5000
 Execution time: 381072.164 ms
(26 rows)`,Lq="DELETE FROM emailmessages where emailmessageid in ( select emailmessageid from emailmessages limit 5000 );",Oq=`[
  {
    "Plan": {
      "Node Type": "ModifyTable",
      "Operation": "Insert",
      "Parallel Aware": false,
      "Relation Name": "emp",
      "Schema": "brut",
      "Alias": "emp",
      "Startup Cost": 0.0,
      "Total Cost": 0.01,
      "Plan Rows": 1,
      "Plan Width": 44,
      "Actual Startup Time": 0.401,
      "Actual Total Time": 0.401,
      "Actual Rows": 0,
      "Actual Loops": 1,
      "Shared Hit Blocks": 1,
      "Shared Read Blocks": 0,
      "Shared Dirtied Blocks": 0,
      "Shared Written Blocks": 0,
      "Local Hit Blocks": 0,
      "Local Read Blocks": 0,
      "Local Dirtied Blocks": 0,
      "Local Written Blocks": 0,
      "Temp Read Blocks": 0,
      "Temp Written Blocks": 0,
      "Plans": [
        {
          "Node Type": "Result",
          "Parent Relationship": "Member",
          "Parallel Aware": false,
          "Startup Cost": 0.0,
          "Total Cost": 0.01,
          "Plan Rows": 1,
          "Plan Width": 44,
          "Actual Startup Time": 0.004,
          "Actual Total Time": 0.004,
          "Actual Rows": 1,
          "Actual Loops": 1,
          "Output": ["10000", "now()", "'pouet'::text"],
          "Shared Hit Blocks": 0,
          "Shared Read Blocks": 0,
          "Shared Dirtied Blocks": 0,
          "Shared Written Blocks": 0,
          "Local Hit Blocks": 0,
          "Local Read Blocks": 0,
          "Local Dirtied Blocks": 0,
          "Local Written Blocks": 0,
          "Temp Read Blocks": 0,
          "Temp Written Blocks": 0
        }
      ]
    },
    "Planning Time": 0.049,
    "Triggers": [
      {
        "Trigger Name": "emp_stamp",
        "Relation": "emp",
        "Time": 1.565,
        "Calls": 1
      },
      {
        "Trigger Name": "emp_stamp2",
        "Relation": "emp",
        "Time": 0.106,
        "Calls": 1
      }
    ],
    "Execution Time": 2.121
  }
]`,yq="INSERT INTO brut.emp VALUES (10000, NOW(), 'pouet');",Nq="pev2",Cq=1;let ko;const yp={async getDb(){return new Promise((e,t)=>{if(ko)return e(ko);console.log("OPENING DB",ko);const n=window.indexedDB.open(Nq,Cq);n.onerror=r=>{console.log("Error opening db",r),t("Error")},n.onsuccess=()=>{ko=n.result,e(ko)},n.onupgradeneeded=()=>{console.log("onupgradeneeded"),n.result.createObjectStore("plans",{autoIncrement:!0,keyPath:"id"})}})},async deletePlan(e){const t=await this.getDb();return new Promise(n=>{const r=t.transaction(["plans"],"readwrite");r.oncomplete=()=>{n()},r.objectStore("plans").delete(e.id)})},async getPlans(){const e=await this.getDb();return new Promise(t=>{const n=e.transaction(["plans"],"readonly");n.oncomplete=()=>{t(i)};const r=n.objectStore("plans"),i=[];r.openCursor().onsuccess=s=>{const l=s.target.result;l&&(i.push(l.value),l.continue())}})},async savePlan(e){const t=await this.getDb();return new Promise(n=>{const r=t.transaction(["plans"],"readwrite");r.oncomplete=()=>{n()},r.objectStore("plans").put(e)})}},xq={class:"container"},wq=A("div",{class:"alert alert-warning"},[v(`
      `)],-1),Iq={class:"row mb-3"},kq={class:"col d-flex"},Bq=A("div",{class:"text-muted"},[v(`
            For best results, use
            `),A("code",null,`
              EXPLAIN (ANALYZE, COSTS, VERBOSE, BUFFERS, FORMAT JSON) `),v(),A("br"),v(),A("em",null,""),v(`
            En iyi sonucu elde etmek icin,
            `),A("code",null,`
              EXPLAIN (ANALYZE, COSTS, VERBOSE, BUFFERS, FORMAT JSON) sekilde kullanin.
            `),v(),A("br"),v(),A("em",null,"psql"),v(` users can export the plan to a file using
            `),A("code",null,"psql -XqAt -f explain.sql > analyze.json")],-1),Pq={class:"dropdown ms-auto"},Dq=A("button",{class:"btn btn-secondary dropdown-toggle",type:"button",id:"dropdownMenuButton","data-bs-toggle":"dropdown","aria-haspopup":"true","aria-expanded":"false"},`
              Sample Plans
            `,-1),Mq={class:"dropdown-menu","aria-labelledby":"dropdownMenuButton"},Hq=["onClick"],Wq={class:"row"},Uq={class:"col-sm-7"},$q=["onSubmit"],Fq={class:"mb-3"},Vq=A("label",{for:"planInput",class:"form-label"},[v(`
                Plan `),A("span",{class:"small text-muted"},"(text or JSON)")],-1),zq=["onDrop"],Gq={class:"mb-3"},Kq=A("label",{for:"queryInput",class:"form-label"},[v(`
                Query `),A("span",{class:"small text-muted"},"(optional)")],-1),Xq=["onDrop"],Yq={class:"mb-3"},qq=A("label",{for:"queryName",class:"form-label"},[v(`
                Plan Name `),A("span",{class:"small text-muted"},"(optional)")],-1),jq=A("button",{type:"submit",class:"btn btn-primary"},"Submit",-1),Jq={class:"col-sm-5 mb-4 mt-4 mt-md-0"},Qq=A("div",{class:"mb-2"},"Saved Plans",-1),Zq={class:"list-group"},ej={class:"row"},tj={class:"col"},nj=["onClick"],rj=["onClick"],ij=["onClick"],aj={class:"row"},sj={class:"col"},oj={class:"text-muted"},lj=["title"],cj=A("div",{class:"col-6 text-end"},null,-1),uj={key:0,class:"text-muted text-center"},dj=A("em",null," You haven't saved any plan yet.",-1),fj=[dj],pj=Ot({__name:"HomeView",setup(e){const t=ft("setPlanData"),n=Je(""),r=Je(""),i=Je(""),s=Je(!1),l=Je(!1),c=Je(),u=Je([["Example 1 TEXT",sq,yv],["Example 1 JSON",oq,yv],["Example 2",lq,cq],["Example 3",uq,dq],["Example 5",pq,hq],["With subplan",_q,""],["With Buffers",mq,Eq],["With CTE",gq,vq],["With CTEs",fq,""],["Very large plan",Tq,""],["With trigger",Oq,yq],["With trigger (plain text)",Rq,Lq],["Parallel (verbose)",Sq,""],["Parallel (4 workers)",bq,Aq]]);function p(){let b=["","",""];b[0]=i.value||"New Plan - "+new Date().toLocaleString("en-US",{dateStyle:"medium",timeStyle:"medium"}),b[1]=n.value,b[2]=r.value,b[3]=new Date().toISOString(),f(b),t(...b)}async function f(b){await yp.savePlan(b)}Oi(()=>{const b=document.getElementsByTagName("textarea");Array.prototype.forEach.call(b,H=>{H.placeholder=H.placeholder.replace(/\\n/g,`
`)});const D=window.location.href.replace(/#.*$/,"");window.history.replaceState("",document.title,D),g()});async function g(){const b=await yp.getPlans();c.value=b.slice().reverse()}function S(b){b&&(i.value=b[0],n.value=b[1],r.value=b[2])}function L(b){t(b[0],b[1],b[2])}function C(b){S(b)}async function N(b){await yp.deletePlan(b),g()}function F(b){const D=b.srcElement;if(!(D instanceof HTMLTextAreaElement)||(s.value=!1,l.value=!1,!b.dataTransfer))return;const H=b.dataTransfer.files[0],E=new FileReader;E.onload=()=>{E.result instanceof ArrayBuffer||(D.value=E.result||"",D.dispatchEvent(new Event("input")))},E.readAsText(H)}return(b,D)=>(w(),It(f_,null,{default:Ut(()=>[A("div",xq,[wq,v(),A("div",Iq,[A("div",kq,[Bq,v(),A("div",Pq,[Dq,v(),A("div",Mq,[(w(!0),k(Fe,null,$t(u.value,(H,E)=>(w(),k("a",{key:E,class:"dropdown-item",onClick:Rt(B=>S(H),["prevent"]),href:""},Le(H[0]),9,Hq))),128))])])])]),v(),A("div",Wq,[A("div",Uq,[A("form",{onSubmit:Rt(p,["prevent"])},[A("div",Fq,[Vq,v(),mt(A("textarea",{class:Ie(["form-control",s.value?"dropzone-over":""]),id:"planInput",rows:"8","onUpdate:modelValue":D[0]||(D[0]=H=>n.value=H),onDragenter:D[1]||(D[1]=H=>s.value=!0),onDragleave:D[2]||(D[2]=H=>s.value=!1),onDrop:Rt(F,["prevent"]),placeholder:"Paste execution plan\\nOr drop a file"},`
              `,42,zq),[[zf,n.value]])]),v(),A("div",Gq,[Kq,v(),mt(A("textarea",{class:Ie(["form-control",l.value?"dropzone-over":""]),id:"queryInput",rows:"8","onUpdate:modelValue":D[3]||(D[3]=H=>r.value=H),onDragenter:D[4]||(D[4]=H=>l.value=!0),onDragleave:D[5]||(D[5]=H=>l.value=!1),onDrop:Rt(F,["prevent"]),placeholder:"Paste corresponding SQL query\\nOr drop a file"},`
              `,42,Xq),[[zf,r.value]])]),v(),A("div",Yq,[qq,v(),mt(A("input",{type:"text",class:"form-control",id:"queryName","onUpdate:modelValue":D[6]||(D[6]=H=>i.value=H),placeholder:"Name for the plan"},null,512),[[zf,i.value]])]),v(),jq],40,$q)]),v(),A("div",Jq,[Qq,v(),A("ul",Zq,[(w(!0),k(Fe,null,$t(c.value,H=>(w(),k("li",{class:"list-group-item px-2 py-1",key:H.id},[A("div",ej,[A("div",tj,[A("button",{class:"btn btn-sm btn-outline-secondary py-0 ms-1 float-end",title:"Remove plan from list",onClick:Rt(E=>N(H),["prevent"])},[we(h(_t),{icon:h(OH)},null,8,["icon"])],8,nj),v(),A("button",{class:"btn btn-sm btn-outline-secondary py-0 float-end",title:"Edit plan details",onClick:Rt(E=>C(H),["prevent"])},[we(h(_t),{icon:h(SH)},null,8,["icon"])],8,rj),v(),A("a",{onClick:Rt(E=>L(H),["prevent"]),href:"",title:"Open the plan details"},Le(H[0]),9,ij)])]),v(),A("div",aj,[A("div",sj,[A("small",oj,[v(`
                    created
                    `),A("span",{title:H[3]?.toString()},Le(h(LM)(H[3])),9,lj)])]),v(),cj])]))),128))]),v(),c.value?.length?oe("",!0):(w(),k("p",uj,fj))])])])]),_:1}))}}),hj=(e,t)=>{const n=e.__vccOpts||e;for(const[r,i]of t)n[r]=i;return n},_j={};function mj(e,t){return"not found"}const Ej=hj(_j,[["render",mj]]),gj=Ot({__name:"PlanView",setup(e){const t=ft("planData");return(n,r)=>(w(),It(f_,{title:h(t)[2]},{default:Ut(()=>[h(t)[0]?(w(),It(aq,{key:0,"plan-source":h(t)[0],"plan-query":h(t)[1]},null,8,["plan-source","plan-query"])):oe("",!0)]),_:1},8,["title"]))}}),vj={__name:"App",setup(e){const t={"/":pj,"/about":C4,"/plan":gj},n=Je("/");Sn("currentPath",n);const r=Be(()=>t[n.value]||Ej),i=["","",""];Sn("planData",i);function s(l,c,u){i[0]=c,i[1]=u,i[2]=l,n.value="/plan"}return Sn("setPlanData",s),window.setPlanData=s,(l,c)=>(w(),It(TI(h(r))))}};RT(vj).mount("#app");

</script>
    <style>
@charset "UTF-8";/*!
 * Bootstrap  v5.3.2 (https://getbootstrap.com/)
 * Copyright 2011-2023 The Bootstrap Authors
 * Licensed under MIT (https://github.com/twbs/bootstrap/blob/main/LICENSE)
 */:root,[data-bs-theme=light]{--bs-blue: #0d6efd;--bs-indigo: #6610f2;--bs-purple: #6f42c1;--bs-pink: #d63384;--bs-red: #dc3545;--bs-orange: #fd7e14;--bs-yellow: #ffc107;--bs-green: #198754;--bs-teal: #20c997;--bs-cyan: #0dcaf0;--bs-black: #000;--bs-white: #fff;--bs-gray: #6c757d;--bs-gray-dark: #343a40;--bs-gray-100: #f8f9fa;--bs-gray-200: #e9ecef;--bs-gray-300: #dee2e6;--bs-gray-400: #ced4da;--bs-gray-500: #adb5bd;--bs-gray-600: #6c757d;--bs-gray-700: #495057;--bs-gray-800: #343a40;--bs-gray-900: #212529;--bs-primary: #0d6efd;--bs-secondary: #6c757d;--bs-success: #198754;--bs-info: #0dcaf0;--bs-warning: #ffc107;--bs-danger: #dc3545;--bs-light: #f8f9fa;--bs-dark: #212529;--bs-primary-rgb: 13, 110, 253;--bs-secondary-rgb: 108, 117, 125;--bs-success-rgb: 25, 135, 84;--bs-info-rgb: 13, 202, 240;--bs-warning-rgb: 255, 193, 7;--bs-danger-rgb: 220, 53, 69;--bs-light-rgb: 248, 249, 250;--bs-dark-rgb: 33, 37, 41;--bs-primary-text-emphasis: #052c65;--bs-secondary-text-emphasis: #2b2f32;--bs-success-text-emphasis: #0a3622;--bs-info-text-emphasis: #055160;--bs-warning-text-emphasis: #664d03;--bs-danger-text-emphasis: #58151c;--bs-light-text-emphasis: #495057;--bs-dark-text-emphasis: #495057;--bs-primary-bg-subtle: #cfe2ff;--bs-secondary-bg-subtle: #e2e3e5;--bs-success-bg-subtle: #d1e7dd;--bs-info-bg-subtle: #cff4fc;--bs-warning-bg-subtle: #fff3cd;--bs-danger-bg-subtle: #f8d7da;--bs-light-bg-subtle: #fcfcfd;--bs-dark-bg-subtle: #ced4da;--bs-primary-border-subtle: #9ec5fe;--bs-secondary-border-subtle: #c4c8cb;--bs-success-border-subtle: #a3cfbb;--bs-info-border-subtle: #9eeaf9;--bs-warning-border-subtle: #ffe69c;--bs-danger-border-subtle: #f1aeb5;--bs-light-border-subtle: #e9ecef;--bs-dark-border-subtle: #adb5bd;--bs-white-rgb: 255, 255, 255;--bs-black-rgb: 0, 0, 0;--bs-font-sans-serif: system-ui, -apple-system, "Segoe UI", Roboto, "Helvetica Neue", "Noto Sans", "Liberation Sans", Arial, sans-serif, "Apple Color Emoji", "Segoe UI Emoji", "Segoe UI Symbol", "Noto Color Emoji";--bs-font-monospace: SFMono-Regular, Menlo, Monaco, Consolas, "Liberation Mono", "Courier New", monospace;--bs-gradient: linear-gradient(180deg, rgba(255, 255, 255, .15), rgba(255, 255, 255, 0));--bs-body-font-family: var(--bs-font-sans-serif);--bs-body-font-size: 1rem;--bs-body-font-weight: 400;--bs-body-line-height: 1.5;--bs-body-color: #212529;--bs-body-color-rgb: 33, 37, 41;--bs-body-bg: #fff;--bs-body-bg-rgb: 255, 255, 255;--bs-emphasis-color: #000;--bs-emphasis-color-rgb: 0, 0, 0;--bs-secondary-color: rgba(33, 37, 41, .75);--bs-secondary-color-rgb: 33, 37, 41;--bs-secondary-bg: #e9ecef;--bs-secondary-bg-rgb: 233, 236, 239;--bs-tertiary-color: rgba(33, 37, 41, .5);--bs-tertiary-color-rgb: 33, 37, 41;--bs-tertiary-bg: #f8f9fa;--bs-tertiary-bg-rgb: 248, 249, 250;--bs-heading-color: inherit;--bs-link-color: #0d6efd;--bs-link-color-rgb: 13, 110, 253;--bs-link-decoration: underline;--bs-link-hover-color: #0a58ca;--bs-link-hover-color-rgb: 10, 88, 202;--bs-code-color: #d63384;--bs-highlight-color: #212529;--bs-highlight-bg: #fff3cd;--bs-border-width: 1px;--bs-border-style: solid;--bs-border-color: #dee2e6;--bs-border-color-translucent: rgba(0, 0, 0, .175);--bs-border-radius: .375rem;--bs-border-radius-sm: .25rem;--bs-border-radius-lg: .5rem;--bs-border-radius-xl: 1rem;--bs-border-radius-xxl: 2rem;--bs-border-radius-2xl: var(--bs-border-radius-xxl);--bs-border-radius-pill: 50rem;--bs-box-shadow: 0 .5rem 1rem rgba(0, 0, 0, .15);--bs-box-shadow-sm: 0 .125rem .25rem rgba(0, 0, 0, .075);--bs-box-shadow-lg: 0 1rem 3rem rgba(0, 0, 0, .175);--bs-box-shadow-inset: inset 0 1px 2px rgba(0, 0, 0, .075);--bs-focus-ring-width: .25rem;--bs-focus-ring-opacity: .25;--bs-focus-ring-color: rgba(13, 110, 253, .25);--bs-form-valid-color: #198754;--bs-form-valid-border-color: #198754;--bs-form-invalid-color: #dc3545;--bs-form-invalid-border-color: #dc3545}[data-bs-theme=dark]{color-scheme:dark;--bs-body-color: #dee2e6;--bs-body-color-rgb: 222, 226, 230;--bs-body-bg: #212529;--bs-body-bg-rgb: 33, 37, 41;--bs-emphasis-color: #fff;--bs-emphasis-color-rgb: 255, 255, 255;--bs-secondary-color: rgba(222, 226, 230, .75);--bs-secondary-color-rgb: 222, 226, 230;--bs-secondary-bg: #343a40;--bs-secondary-bg-rgb: 52, 58, 64;--bs-tertiary-color: rgba(222, 226, 230, .5);--bs-tertiary-color-rgb: 222, 226, 230;--bs-tertiary-bg: #2b3035;--bs-tertiary-bg-rgb: 43, 48, 53;--bs-primary-text-emphasis: #6ea8fe;--bs-secondary-text-emphasis: #a7acb1;--bs-success-text-emphasis: #75b798;--bs-info-text-emphasis: #6edff6;--bs-warning-text-emphasis: #ffda6a;--bs-danger-text-emphasis: #ea868f;--bs-light-text-emphasis: #f8f9fa;--bs-dark-text-emphasis: #dee2e6;--bs-primary-bg-subtle: #031633;--bs-secondary-bg-subtle: #161719;--bs-success-bg-subtle: #051b11;--bs-info-bg-subtle: #032830;--bs-warning-bg-subtle: #332701;--bs-danger-bg-subtle: #2c0b0e;--bs-light-bg-subtle: #343a40;--bs-dark-bg-subtle: #1a1d20;--bs-primary-border-subtle: #084298;--bs-secondary-border-subtle: #41464b;--bs-success-border-subtle: #0f5132;--bs-info-border-subtle: #087990;--bs-warning-border-subtle: #997404;--bs-danger-border-subtle: #842029;--bs-light-border-subtle: #495057;--bs-dark-border-subtle: #343a40;--bs-heading-color: inherit;--bs-link-color: #6ea8fe;--bs-link-hover-color: #8bb9fe;--bs-link-color-rgb: 110, 168, 254;--bs-link-hover-color-rgb: 139, 185, 254;--bs-code-color: #e685b5;--bs-highlight-color: #dee2e6;--bs-highlight-bg: #664d03;--bs-border-color: #495057;--bs-border-color-translucent: rgba(255, 255, 255, .15);--bs-form-valid-color: #75b798;--bs-form-valid-border-color: #75b798;--bs-form-invalid-color: #ea868f;--bs-form-invalid-border-color: #ea868f}*,*:before,*:after{box-sizing:border-box}@media (prefers-reduced-motion: no-preference){:root{scroll-behavior:smooth}}body{margin:0;font-family:var(--bs-body-font-family);font-size:var(--bs-body-font-size);font-weight:var(--bs-body-font-weight);line-height:var(--bs-body-line-height);color:var(--bs-body-color);text-align:var(--bs-body-text-align);background-color:var(--bs-body-bg);-webkit-text-size-adjust:100%;-webkit-tap-highlight-color:rgba(0,0,0,0)}hr{margin:1rem 0;color:inherit;border:0;border-top:var(--bs-border-width) solid;opacity:.25}h6,.h6,h5,.h5,h4,.h4,h3,.h3,h2,.h2,h1,.h1{margin-top:0;margin-bottom:.5rem;font-weight:500;line-height:1.2;color:var(--bs-heading-color)}h1,.h1{font-size:calc(1.375rem + 1.5vw)}@media (min-width: 1200px){h1,.h1{font-size:2.5rem}}h2,.h2{font-size:calc(1.325rem + .9vw)}@media (min-width: 1200px){h2,.h2{font-size:2rem}}h3,.h3{font-size:calc(1.3rem + .6vw)}@media (min-width: 1200px){h3,.h3{font-size:1.75rem}}h4,.h4{font-size:calc(1.275rem + .3vw)}@media (min-width: 1200px){h4,.h4{font-size:1.5rem}}h5,.h5{font-size:1.25rem}h6,.h6{font-size:1rem}p{margin-top:0;margin-bottom:1rem}abbr[title]{-webkit-text-decoration:underline dotted;text-decoration:underline dotted;cursor:help;-webkit-text-decoration-skip-ink:none;text-decoration-skip-ink:none}address{margin-bottom:1rem;font-style:normal;line-height:inherit}ol,ul{padding-left:2rem}ol,ul,dl{margin-top:0;margin-bottom:1rem}ol ol,ul ul,ol ul,ul ol{margin-bottom:0}dt{font-weight:700}dd{margin-bottom:.5rem;margin-left:0}blockquote{margin:0 0 1rem}b,strong{font-weight:bolder}small,.small{font-size:.875em}mark,.mark{padding:.1875em;color:var(--bs-highlight-color);background-color:var(--bs-highlight-bg)}sub,sup{position:relative;font-size:.75em;line-height:0;vertical-align:baseline}sub{bottom:-.25em}sup{top:-.5em}a{color:rgba(var(--bs-link-color-rgb),var(--bs-link-opacity, 1));text-decoration:underline}a:hover{--bs-link-color-rgb: var(--bs-link-hover-color-rgb)}a:not([href]):not([class]),a:not([href]):not([class]):hover{color:inherit;text-decoration:none}pre,code,kbd,samp{font-family:var(--bs-font-monospace);font-size:1em}pre{display:block;margin-top:0;margin-bottom:1rem;overflow:auto;font-size:.875em}pre code{font-size:inherit;color:inherit;word-break:normal}code{font-size:.875em;color:var(--bs-code-color);word-wrap:break-word}a>code{color:inherit}kbd{padding:.1875rem .375rem;font-size:.875em;color:var(--bs-body-bg);background-color:var(--bs-body-color);border-radius:.25rem}kbd kbd{padding:0;font-size:1em}figure{margin:0 0 1rem}img,svg{vertical-align:middle}table{caption-side:bottom;border-collapse:collapse}caption{padding-top:.5rem;padding-bottom:.5rem;color:var(--bs-secondary-color);text-align:left}th{text-align:inherit;text-align:-webkit-match-parent}thead,tbody,tfoot,tr,td,th{border-color:inherit;border-style:solid;border-width:0}label{display:inline-block}button{border-radius:0}button:focus:not(:focus-visible){outline:0}input,button,select,optgroup,textarea{margin:0;font-family:inherit;font-size:inherit;line-height:inherit}button,select{text-transform:none}[role=button]{cursor:pointer}select{word-wrap:normal}select:disabled{opacity:1}[list]:not([type=date]):not([type=datetime-local]):not([type=month]):not([type=week]):not([type=time])::-webkit-calendar-picker-indicator{display:none!important}button,[type=button],[type=reset],[type=submit]{-webkit-appearance:button}button:not(:disabled),[type=button]:not(:disabled),[type=reset]:not(:disabled),[type=submit]:not(:disabled){cursor:pointer}::-moz-focus-inner{padding:0;border-style:none}textarea{resize:vertical}fieldset{min-width:0;padding:0;margin:0;border:0}legend{float:left;width:100%;padding:0;margin-bottom:.5rem;font-size:calc(1.275rem + .3vw);line-height:inherit}@media (min-width: 1200px){legend{font-size:1.5rem}}legend+*{clear:left}::-webkit-datetime-edit-fields-wrapper,::-webkit-datetime-edit-text,::-webkit-datetime-edit-minute,::-webkit-datetime-edit-hour-field,::-webkit-datetime-edit-day-field,::-webkit-datetime-edit-month-field,::-webkit-datetime-edit-year-field{padding:0}::-webkit-inner-spin-button{height:auto}[type=search]{-webkit-appearance:textfield;outline-offset:-2px}::-webkit-search-decoration{-webkit-appearance:none}::-webkit-color-swatch-wrapper{padding:0}::-webkit-file-upload-button{font:inherit;-webkit-appearance:button}::file-selector-button{font:inherit;-webkit-appearance:button}output{display:inline-block}iframe{border:0}summary{display:list-item;cursor:pointer}progress{vertical-align:baseline}[hidden]{display:none!important}.lead{font-size:1.25rem;font-weight:300}.display-1{font-size:calc(1.625rem + 4.5vw);font-weight:300;line-height:1.2}@media (min-width: 1200px){.display-1{font-size:5rem}}.display-2{font-size:calc(1.575rem + 3.9vw);font-weight:300;line-height:1.2}@media (min-width: 1200px){.display-2{font-size:4.5rem}}.display-3{font-size:calc(1.525rem + 3.3vw);font-weight:300;line-height:1.2}@media (min-width: 1200px){.display-3{font-size:4rem}}.display-4{font-size:calc(1.475rem + 2.7vw);font-weight:300;line-height:1.2}@media (min-width: 1200px){.display-4{font-size:3.5rem}}.display-5{font-size:calc(1.425rem + 2.1vw);font-weight:300;line-height:1.2}@media (min-width: 1200px){.display-5{font-size:3rem}}.display-6{font-size:calc(1.375rem + 1.5vw);font-weight:300;line-height:1.2}@media (min-width: 1200px){.display-6{font-size:2.5rem}}.list-unstyled,.list-inline{padding-left:0;list-style:none}.list-inline-item{display:inline-block}.list-inline-item:not(:last-child){margin-right:.5rem}.initialism{font-size:.875em;text-transform:uppercase}.blockquote{margin-bottom:1rem;font-size:1.25rem}.blockquote>:last-child{margin-bottom:0}.blockquote-footer{margin-top:-1rem;margin-bottom:1rem;font-size:.875em;color:#6c757d}.blockquote-footer:before{content:"— "}.img-fluid{max-width:100%;height:auto}.img-thumbnail{padding:.25rem;background-color:var(--bs-body-bg);border:var(--bs-border-width) solid var(--bs-border-color);border-radius:var(--bs-border-radius);max-width:100%;height:auto}.figure{display:inline-block}.figure-img{margin-bottom:.5rem;line-height:1}.figure-caption{font-size:.875em;color:var(--bs-secondary-color)}.container,.container-fluid,.container-xxl,.container-xl,.container-lg,.container-md,.container-sm{--bs-gutter-x: 1.5rem;--bs-gutter-y: 0;width:100%;padding-right:calc(var(--bs-gutter-x) * .5);padding-left:calc(var(--bs-gutter-x) * .5);margin-right:auto;margin-left:auto}@media (min-width: 576px){.container-sm,.container{max-width:540px}}@media (min-width: 768px){.container-md,.container-sm,.container{max-width:720px}}@media (min-width: 992px){.container-lg,.container-md,.container-sm,.container{max-width:960px}}@media (min-width: 1200px){.container-xl,.container-lg,.container-md,.container-sm,.container{max-width:1140px}}@media (min-width: 1400px){.container-xxl,.container-xl,.container-lg,.container-md,.container-sm,.container{max-width:1320px}}:root{--bs-breakpoint-xs: 0;--bs-breakpoint-sm: 576px;--bs-breakpoint-md: 768px;--bs-breakpoint-lg: 992px;--bs-breakpoint-xl: 1200px;--bs-breakpoint-xxl: 1400px}.row{--bs-gutter-x: 1.5rem;--bs-gutter-y: 0;display:flex;flex-wrap:wrap;margin-top:calc(-1 * var(--bs-gutter-y));margin-right:calc(-.5 * var(--bs-gutter-x));margin-left:calc(-.5 * var(--bs-gutter-x))}.row>*{flex-shrink:0;width:100%;max-width:100%;padding-right:calc(var(--bs-gutter-x) * .5);padding-left:calc(var(--bs-gutter-x) * .5);margin-top:var(--bs-gutter-y)}.col{flex:1 0 0%}.row-cols-auto>*{flex:0 0 auto;width:auto}.row-cols-1>*{flex:0 0 auto;width:100%}.row-cols-2>*{flex:0 0 auto;width:50%}.row-cols-3>*{flex:0 0 auto;width:33.33333333%}.row-cols-4>*{flex:0 0 auto;width:25%}.row-cols-5>*{flex:0 0 auto;width:20%}.row-cols-6>*{flex:0 0 auto;width:16.66666667%}.col-auto{flex:0 0 auto;width:auto}.col-1{flex:0 0 auto;width:8.33333333%}.col-2{flex:0 0 auto;width:16.66666667%}.col-3{flex:0 0 auto;width:25%}.col-4{flex:0 0 auto;width:33.33333333%}.col-5{flex:0 0 auto;width:41.66666667%}.col-6{flex:0 0 auto;width:50%}.col-7{flex:0 0 auto;width:58.33333333%}.col-8{flex:0 0 auto;width:66.66666667%}.col-9{flex:0 0 auto;width:75%}.col-10{flex:0 0 auto;width:83.33333333%}.col-11{flex:0 0 auto;width:91.66666667%}.col-12{flex:0 0 auto;width:100%}.offset-1{margin-left:8.33333333%}.offset-2{margin-left:16.66666667%}.offset-3{margin-left:25%}.offset-4{margin-left:33.33333333%}.offset-5{margin-left:41.66666667%}.offset-6{margin-left:50%}.offset-7{margin-left:58.33333333%}.offset-8{margin-left:66.66666667%}.offset-9{margin-left:75%}.offset-10{margin-left:83.33333333%}.offset-11{margin-left:91.66666667%}.g-0,.gx-0{--bs-gutter-x: 0}.g-0,.gy-0{--bs-gutter-y: 0}.g-1,.gx-1{--bs-gutter-x: .25rem}.g-1,.gy-1{--bs-gutter-y: .25rem}.g-2,.gx-2{--bs-gutter-x: .5rem}.g-2,.gy-2{--bs-gutter-y: .5rem}.g-3,.gx-3{--bs-gutter-x: 1rem}.g-3,.gy-3{--bs-gutter-y: 1rem}.g-4,.gx-4{--bs-gutter-x: 1.5rem}.g-4,.gy-4{--bs-gutter-y: 1.5rem}.g-5,.gx-5{--bs-gutter-x: 3rem}.g-5,.gy-5{--bs-gutter-y: 3rem}@media (min-width: 576px){.col-sm{flex:1 0 0%}.row-cols-sm-auto>*{flex:0 0 auto;width:auto}.row-cols-sm-1>*{flex:0 0 auto;width:100%}.row-cols-sm-2>*{flex:0 0 auto;width:50%}.row-cols-sm-3>*{flex:0 0 auto;width:33.33333333%}.row-cols-sm-4>*{flex:0 0 auto;width:25%}.row-cols-sm-5>*{flex:0 0 auto;width:20%}.row-cols-sm-6>*{flex:0 0 auto;width:16.66666667%}.col-sm-auto{flex:0 0 auto;width:auto}.col-sm-1{flex:0 0 auto;width:8.33333333%}.col-sm-2{flex:0 0 auto;width:16.66666667%}.col-sm-3{flex:0 0 auto;width:25%}.col-sm-4{flex:0 0 auto;width:33.33333333%}.col-sm-5{flex:0 0 auto;width:41.66666667%}.col-sm-6{flex:0 0 auto;width:50%}.col-sm-7{flex:0 0 auto;width:58.33333333%}.col-sm-8{flex:0 0 auto;width:66.66666667%}.col-sm-9{flex:0 0 auto;width:75%}.col-sm-10{flex:0 0 auto;width:83.33333333%}.col-sm-11{flex:0 0 auto;width:91.66666667%}.col-sm-12{flex:0 0 auto;width:100%}.offset-sm-0{margin-left:0}.offset-sm-1{margin-left:8.33333333%}.offset-sm-2{margin-left:16.66666667%}.offset-sm-3{margin-left:25%}.offset-sm-4{margin-left:33.33333333%}.offset-sm-5{margin-left:41.66666667%}.offset-sm-6{margin-left:50%}.offset-sm-7{margin-left:58.33333333%}.offset-sm-8{margin-left:66.66666667%}.offset-sm-9{margin-left:75%}.offset-sm-10{margin-left:83.33333333%}.offset-sm-11{margin-left:91.66666667%}.g-sm-0,.gx-sm-0{--bs-gutter-x: 0}.g-sm-0,.gy-sm-0{--bs-gutter-y: 0}.g-sm-1,.gx-sm-1{--bs-gutter-x: .25rem}.g-sm-1,.gy-sm-1{--bs-gutter-y: .25rem}.g-sm-2,.gx-sm-2{--bs-gutter-x: .5rem}.g-sm-2,.gy-sm-2{--bs-gutter-y: .5rem}.g-sm-3,.gx-sm-3{--bs-gutter-x: 1rem}.g-sm-3,.gy-sm-3{--bs-gutter-y: 1rem}.g-sm-4,.gx-sm-4{--bs-gutter-x: 1.5rem}.g-sm-4,.gy-sm-4{--bs-gutter-y: 1.5rem}.g-sm-5,.gx-sm-5{--bs-gutter-x: 3rem}.g-sm-5,.gy-sm-5{--bs-gutter-y: 3rem}}@media (min-width: 768px){.col-md{flex:1 0 0%}.row-cols-md-auto>*{flex:0 0 auto;width:auto}.row-cols-md-1>*{flex:0 0 auto;width:100%}.row-cols-md-2>*{flex:0 0 auto;width:50%}.row-cols-md-3>*{flex:0 0 auto;width:33.33333333%}.row-cols-md-4>*{flex:0 0 auto;width:25%}.row-cols-md-5>*{flex:0 0 auto;width:20%}.row-cols-md-6>*{flex:0 0 auto;width:16.66666667%}.col-md-auto{flex:0 0 auto;width:auto}.col-md-1{flex:0 0 auto;width:8.33333333%}.col-md-2{flex:0 0 auto;width:16.66666667%}.col-md-3{flex:0 0 auto;width:25%}.col-md-4{flex:0 0 auto;width:33.33333333%}.col-md-5{flex:0 0 auto;width:41.66666667%}.col-md-6{flex:0 0 auto;width:50%}.col-md-7{flex:0 0 auto;width:58.33333333%}.col-md-8{flex:0 0 auto;width:66.66666667%}.col-md-9{flex:0 0 auto;width:75%}.col-md-10{flex:0 0 auto;width:83.33333333%}.col-md-11{flex:0 0 auto;width:91.66666667%}.col-md-12{flex:0 0 auto;width:100%}.offset-md-0{margin-left:0}.offset-md-1{margin-left:8.33333333%}.offset-md-2{margin-left:16.66666667%}.offset-md-3{margin-left:25%}.offset-md-4{margin-left:33.33333333%}.offset-md-5{margin-left:41.66666667%}.offset-md-6{margin-left:50%}.offset-md-7{margin-left:58.33333333%}.offset-md-8{margin-left:66.66666667%}.offset-md-9{margin-left:75%}.offset-md-10{margin-left:83.33333333%}.offset-md-11{margin-left:91.66666667%}.g-md-0,.gx-md-0{--bs-gutter-x: 0}.g-md-0,.gy-md-0{--bs-gutter-y: 0}.g-md-1,.gx-md-1{--bs-gutter-x: .25rem}.g-md-1,.gy-md-1{--bs-gutter-y: .25rem}.g-md-2,.gx-md-2{--bs-gutter-x: .5rem}.g-md-2,.gy-md-2{--bs-gutter-y: .5rem}.g-md-3,.gx-md-3{--bs-gutter-x: 1rem}.g-md-3,.gy-md-3{--bs-gutter-y: 1rem}.g-md-4,.gx-md-4{--bs-gutter-x: 1.5rem}.g-md-4,.gy-md-4{--bs-gutter-y: 1.5rem}.g-md-5,.gx-md-5{--bs-gutter-x: 3rem}.g-md-5,.gy-md-5{--bs-gutter-y: 3rem}}@media (min-width: 992px){.col-lg{flex:1 0 0%}.row-cols-lg-auto>*{flex:0 0 auto;width:auto}.row-cols-lg-1>*{flex:0 0 auto;width:100%}.row-cols-lg-2>*{flex:0 0 auto;width:50%}.row-cols-lg-3>*{flex:0 0 auto;width:33.33333333%}.row-cols-lg-4>*{flex:0 0 auto;width:25%}.row-cols-lg-5>*{flex:0 0 auto;width:20%}.row-cols-lg-6>*{flex:0 0 auto;width:16.66666667%}.col-lg-auto{flex:0 0 auto;width:auto}.col-lg-1{flex:0 0 auto;width:8.33333333%}.col-lg-2{flex:0 0 auto;width:16.66666667%}.col-lg-3{flex:0 0 auto;width:25%}.col-lg-4{flex:0 0 auto;width:33.33333333%}.col-lg-5{flex:0 0 auto;width:41.66666667%}.col-lg-6{flex:0 0 auto;width:50%}.col-lg-7{flex:0 0 auto;width:58.33333333%}.col-lg-8{flex:0 0 auto;width:66.66666667%}.col-lg-9{flex:0 0 auto;width:75%}.col-lg-10{flex:0 0 auto;width:83.33333333%}.col-lg-11{flex:0 0 auto;width:91.66666667%}.col-lg-12{flex:0 0 auto;width:100%}.offset-lg-0{margin-left:0}.offset-lg-1{margin-left:8.33333333%}.offset-lg-2{margin-left:16.66666667%}.offset-lg-3{margin-left:25%}.offset-lg-4{margin-left:33.33333333%}.offset-lg-5{margin-left:41.66666667%}.offset-lg-6{margin-left:50%}.offset-lg-7{margin-left:58.33333333%}.offset-lg-8{margin-left:66.66666667%}.offset-lg-9{margin-left:75%}.offset-lg-10{margin-left:83.33333333%}.offset-lg-11{margin-left:91.66666667%}.g-lg-0,.gx-lg-0{--bs-gutter-x: 0}.g-lg-0,.gy-lg-0{--bs-gutter-y: 0}.g-lg-1,.gx-lg-1{--bs-gutter-x: .25rem}.g-lg-1,.gy-lg-1{--bs-gutter-y: .25rem}.g-lg-2,.gx-lg-2{--bs-gutter-x: .5rem}.g-lg-2,.gy-lg-2{--bs-gutter-y: .5rem}.g-lg-3,.gx-lg-3{--bs-gutter-x: 1rem}.g-lg-3,.gy-lg-3{--bs-gutter-y: 1rem}.g-lg-4,.gx-lg-4{--bs-gutter-x: 1.5rem}.g-lg-4,.gy-lg-4{--bs-gutter-y: 1.5rem}.g-lg-5,.gx-lg-5{--bs-gutter-x: 3rem}.g-lg-5,.gy-lg-5{--bs-gutter-y: 3rem}}@media (min-width: 1200px){.col-xl{flex:1 0 0%}.row-cols-xl-auto>*{flex:0 0 auto;width:auto}.row-cols-xl-1>*{flex:0 0 auto;width:100%}.row-cols-xl-2>*{flex:0 0 auto;width:50%}.row-cols-xl-3>*{flex:0 0 auto;width:33.33333333%}.row-cols-xl-4>*{flex:0 0 auto;width:25%}.row-cols-xl-5>*{flex:0 0 auto;width:20%}.row-cols-xl-6>*{flex:0 0 auto;width:16.66666667%}.col-xl-auto{flex:0 0 auto;width:auto}.col-xl-1{flex:0 0 auto;width:8.33333333%}.col-xl-2{flex:0 0 auto;width:16.66666667%}.col-xl-3{flex:0 0 auto;width:25%}.col-xl-4{flex:0 0 auto;width:33.33333333%}.col-xl-5{flex:0 0 auto;width:41.66666667%}.col-xl-6{flex:0 0 auto;width:50%}.col-xl-7{flex:0 0 auto;width:58.33333333%}.col-xl-8{flex:0 0 auto;width:66.66666667%}.col-xl-9{flex:0 0 auto;width:75%}.col-xl-10{flex:0 0 auto;width:83.33333333%}.col-xl-11{flex:0 0 auto;width:91.66666667%}.col-xl-12{flex:0 0 auto;width:100%}.offset-xl-0{margin-left:0}.offset-xl-1{margin-left:8.33333333%}.offset-xl-2{margin-left:16.66666667%}.offset-xl-3{margin-left:25%}.offset-xl-4{margin-left:33.33333333%}.offset-xl-5{margin-left:41.66666667%}.offset-xl-6{margin-left:50%}.offset-xl-7{margin-left:58.33333333%}.offset-xl-8{margin-left:66.66666667%}.offset-xl-9{margin-left:75%}.offset-xl-10{margin-left:83.33333333%}.offset-xl-11{margin-left:91.66666667%}.g-xl-0,.gx-xl-0{--bs-gutter-x: 0}.g-xl-0,.gy-xl-0{--bs-gutter-y: 0}.g-xl-1,.gx-xl-1{--bs-gutter-x: .25rem}.g-xl-1,.gy-xl-1{--bs-gutter-y: .25rem}.g-xl-2,.gx-xl-2{--bs-gutter-x: .5rem}.g-xl-2,.gy-xl-2{--bs-gutter-y: .5rem}.g-xl-3,.gx-xl-3{--bs-gutter-x: 1rem}.g-xl-3,.gy-xl-3{--bs-gutter-y: 1rem}.g-xl-4,.gx-xl-4{--bs-gutter-x: 1.5rem}.g-xl-4,.gy-xl-4{--bs-gutter-y: 1.5rem}.g-xl-5,.gx-xl-5{--bs-gutter-x: 3rem}.g-xl-5,.gy-xl-5{--bs-gutter-y: 3rem}}@media (min-width: 1400px){.col-xxl{flex:1 0 0%}.row-cols-xxl-auto>*{flex:0 0 auto;width:auto}.row-cols-xxl-1>*{flex:0 0 auto;width:100%}.row-cols-xxl-2>*{flex:0 0 auto;width:50%}.row-cols-xxl-3>*{flex:0 0 auto;width:33.33333333%}.row-cols-xxl-4>*{flex:0 0 auto;width:25%}.row-cols-xxl-5>*{flex:0 0 auto;width:20%}.row-cols-xxl-6>*{flex:0 0 auto;width:16.66666667%}.col-xxl-auto{flex:0 0 auto;width:auto}.col-xxl-1{flex:0 0 auto;width:8.33333333%}.col-xxl-2{flex:0 0 auto;width:16.66666667%}.col-xxl-3{flex:0 0 auto;width:25%}.col-xxl-4{flex:0 0 auto;width:33.33333333%}.col-xxl-5{flex:0 0 auto;width:41.66666667%}.col-xxl-6{flex:0 0 auto;width:50%}.col-xxl-7{flex:0 0 auto;width:58.33333333%}.col-xxl-8{flex:0 0 auto;width:66.66666667%}.col-xxl-9{flex:0 0 auto;width:75%}.col-xxl-10{flex:0 0 auto;width:83.33333333%}.col-xxl-11{flex:0 0 auto;width:91.66666667%}.col-xxl-12{flex:0 0 auto;width:100%}.offset-xxl-0{margin-left:0}.offset-xxl-1{margin-left:8.33333333%}.offset-xxl-2{margin-left:16.66666667%}.offset-xxl-3{margin-left:25%}.offset-xxl-4{margin-left:33.33333333%}.offset-xxl-5{margin-left:41.66666667%}.offset-xxl-6{margin-left:50%}.offset-xxl-7{margin-left:58.33333333%}.offset-xxl-8{margin-left:66.66666667%}.offset-xxl-9{margin-left:75%}.offset-xxl-10{margin-left:83.33333333%}.offset-xxl-11{margin-left:91.66666667%}.g-xxl-0,.gx-xxl-0{--bs-gutter-x: 0}.g-xxl-0,.gy-xxl-0{--bs-gutter-y: 0}.g-xxl-1,.gx-xxl-1{--bs-gutter-x: .25rem}.g-xxl-1,.gy-xxl-1{--bs-gutter-y: .25rem}.g-xxl-2,.gx-xxl-2{--bs-gutter-x: .5rem}.g-xxl-2,.gy-xxl-2{--bs-gutter-y: .5rem}.g-xxl-3,.gx-xxl-3{--bs-gutter-x: 1rem}.g-xxl-3,.gy-xxl-3{--bs-gutter-y: 1rem}.g-xxl-4,.gx-xxl-4{--bs-gutter-x: 1.5rem}.g-xxl-4,.gy-xxl-4{--bs-gutter-y: 1.5rem}.g-xxl-5,.gx-xxl-5{--bs-gutter-x: 3rem}.g-xxl-5,.gy-xxl-5{--bs-gutter-y: 3rem}}.table{--bs-table-color-type: initial;--bs-table-bg-type: initial;--bs-table-color-state: initial;--bs-table-bg-state: initial;--bs-table-color: var(--bs-emphasis-color);--bs-table-bg: var(--bs-body-bg);--bs-table-border-color: var(--bs-border-color);--bs-table-accent-bg: transparent;--bs-table-striped-color: var(--bs-emphasis-color);--bs-table-striped-bg: rgba(var(--bs-emphasis-color-rgb), .05);--bs-table-active-color: var(--bs-emphasis-color);--bs-table-active-bg: rgba(var(--bs-emphasis-color-rgb), .1);--bs-table-hover-color: var(--bs-emphasis-color);--bs-table-hover-bg: rgba(var(--bs-emphasis-color-rgb), .075);width:100%;margin-bottom:1rem;vertical-align:top;border-color:var(--bs-table-border-color)}.table>:not(caption)>*>*{padding:.5rem;color:var(--bs-table-color-state, var(--bs-table-color-type, var(--bs-table-color)));background-color:var(--bs-table-bg);border-bottom-width:var(--bs-border-width);box-shadow:inset 0 0 0 9999px var(--bs-table-bg-state, var(--bs-table-bg-type, var(--bs-table-accent-bg)))}.table>tbody{vertical-align:inherit}.table>thead{vertical-align:bottom}.table-group-divider{border-top:calc(var(--bs-border-width) * 2) solid currentcolor}.caption-top{caption-side:top}.table-sm>:not(caption)>*>*{padding:.25rem}.table-bordered>:not(caption)>*{border-width:var(--bs-border-width) 0}.table-bordered>:not(caption)>*>*{border-width:0 var(--bs-border-width)}.table-borderless>:not(caption)>*>*{border-bottom-width:0}.table-borderless>:not(:first-child){border-top-width:0}.table-striped>tbody>tr:nth-of-type(odd)>*{--bs-table-color-type: var(--bs-table-striped-color);--bs-table-bg-type: var(--bs-table-striped-bg)}.table-striped-columns>:not(caption)>tr>:nth-child(2n){--bs-table-color-type: var(--bs-table-striped-color);--bs-table-bg-type: var(--bs-table-striped-bg)}.table-active{--bs-table-color-state: var(--bs-table-active-color);--bs-table-bg-state: var(--bs-table-active-bg)}.table-hover>tbody>tr:hover>*{--bs-table-color-state: var(--bs-table-hover-color);--bs-table-bg-state: var(--bs-table-hover-bg)}.table-primary{--bs-table-color: #000;--bs-table-bg: #cfe2ff;--bs-table-border-color: #a6b5cc;--bs-table-striped-bg: #c5d7f2;--bs-table-striped-color: #000;--bs-table-active-bg: #bacbe6;--bs-table-active-color: #000;--bs-table-hover-bg: #bfd1ec;--bs-table-hover-color: #000;color:var(--bs-table-color);border-color:var(--bs-table-border-color)}.table-secondary{--bs-table-color: #000;--bs-table-bg: #e2e3e5;--bs-table-border-color: #b5b6b7;--bs-table-striped-bg: #d7d8da;--bs-table-striped-color: #000;--bs-table-active-bg: #cbccce;--bs-table-active-color: #000;--bs-table-hover-bg: #d1d2d4;--bs-table-hover-color: #000;color:var(--bs-table-color);border-color:var(--bs-table-border-color)}.table-success{--bs-table-color: #000;--bs-table-bg: #d1e7dd;--bs-table-border-color: #a7b9b1;--bs-table-striped-bg: #c7dbd2;--bs-table-striped-color: #000;--bs-table-active-bg: #bcd0c7;--bs-table-active-color: #000;--bs-table-hover-bg: #c1d6cc;--bs-table-hover-color: #000;color:var(--bs-table-color);border-color:var(--bs-table-border-color)}.table-info{--bs-table-color: #000;--bs-table-bg: #cff4fc;--bs-table-border-color: #a6c3ca;--bs-table-striped-bg: #c5e8ef;--bs-table-striped-color: #000;--bs-table-active-bg: #badce3;--bs-table-active-color: #000;--bs-table-hover-bg: #bfe2e9;--bs-table-hover-color: #000;color:var(--bs-table-color);border-color:var(--bs-table-border-color)}.table-warning{--bs-table-color: #000;--bs-table-bg: #fff3cd;--bs-table-border-color: #ccc2a4;--bs-table-striped-bg: #f2e7c3;--bs-table-striped-color: #000;--bs-table-active-bg: #e6dbb9;--bs-table-active-color: #000;--bs-table-hover-bg: #ece1be;--bs-table-hover-color: #000;color:var(--bs-table-color);border-color:var(--bs-table-border-color)}.table-danger{--bs-table-color: #000;--bs-table-bg: #f8d7da;--bs-table-border-color: #c6acae;--bs-table-striped-bg: #eccccf;--bs-table-striped-color: #000;--bs-table-active-bg: #dfc2c4;--bs-table-active-color: #000;--bs-table-hover-bg: #e5c7ca;--bs-table-hover-color: #000;color:var(--bs-table-color);border-color:var(--bs-table-border-color)}.table-light{--bs-table-color: #000;--bs-table-bg: #f8f9fa;--bs-table-border-color: #c6c7c8;--bs-table-striped-bg: #ecedee;--bs-table-striped-color: #000;--bs-table-active-bg: #dfe0e1;--bs-table-active-color: #000;--bs-table-hover-bg: #e5e6e7;--bs-table-hover-color: #000;color:var(--bs-table-color);border-color:var(--bs-table-border-color)}.table-dark{--bs-table-color: #fff;--bs-table-bg: #212529;--bs-table-border-color: #4d5154;--bs-table-striped-bg: #2c3034;--bs-table-striped-color: #fff;--bs-table-active-bg: #373b3e;--bs-table-active-color: #fff;--bs-table-hover-bg: #323539;--bs-table-hover-color: #fff;color:var(--bs-table-color);border-color:var(--bs-table-border-color)}.table-responsive{overflow-x:auto;-webkit-overflow-scrolling:touch}@media (max-width: 575.98px){.table-responsive-sm{overflow-x:auto;-webkit-overflow-scrolling:touch}}@media (max-width: 767.98px){.table-responsive-md{overflow-x:auto;-webkit-overflow-scrolling:touch}}@media (max-width: 991.98px){.table-responsive-lg{overflow-x:auto;-webkit-overflow-scrolling:touch}}@media (max-width: 1199.98px){.table-responsive-xl{overflow-x:auto;-webkit-overflow-scrolling:touch}}@media (max-width: 1399.98px){.table-responsive-xxl{overflow-x:auto;-webkit-overflow-scrolling:touch}}.form-label{margin-bottom:.5rem}.col-form-label{padding-top:calc(.375rem + var(--bs-border-width));padding-bottom:calc(.375rem + var(--bs-border-width));margin-bottom:0;font-size:inherit;line-height:1.5}.col-form-label-lg{padding-top:calc(.5rem + var(--bs-border-width));padding-bottom:calc(.5rem + var(--bs-border-width));font-size:1.25rem}.col-form-label-sm{padding-top:calc(.25rem + var(--bs-border-width));padding-bottom:calc(.25rem + var(--bs-border-width));font-size:.875rem}.form-text{margin-top:.25rem;font-size:.875em;color:var(--bs-secondary-color)}.form-control{display:block;width:100%;padding:.375rem .75rem;font-size:1rem;font-weight:400;line-height:1.5;color:var(--bs-body-color);-webkit-appearance:none;-moz-appearance:none;appearance:none;background-color:var(--bs-body-bg);background-clip:padding-box;border:var(--bs-border-width) solid var(--bs-border-color);border-radius:var(--bs-border-radius);transition:border-color .15s ease-in-out,box-shadow .15s ease-in-out}@media (prefers-reduced-motion: reduce){.form-control{transition:none}}.form-control[type=file]{overflow:hidden}.form-control[type=file]:not(:disabled):not([readonly]){cursor:pointer}.form-control:focus{color:var(--bs-body-color);background-color:var(--bs-body-bg);border-color:#86b7fe;outline:0;box-shadow:0 0 0 .25rem #0d6efd40}.form-control::-webkit-date-and-time-value{min-width:85px;height:1.5em;margin:0}.form-control::-webkit-datetime-edit{display:block;padding:0}.form-control::-moz-placeholder{color:var(--bs-secondary-color);opacity:1}.form-control::placeholder{color:var(--bs-secondary-color);opacity:1}.form-control:disabled{background-color:var(--bs-secondary-bg);opacity:1}.form-control::-webkit-file-upload-button{padding:.375rem .75rem;margin:-.375rem -.75rem;-webkit-margin-end:.75rem;margin-inline-end:.75rem;color:var(--bs-body-color);background-color:var(--bs-tertiary-bg);pointer-events:none;border-color:inherit;border-style:solid;border-width:0;border-inline-end-width:var(--bs-border-width);border-radius:0;-webkit-transition:color .15s ease-in-out,background-color .15s ease-in-out,border-color .15s ease-in-out,box-shadow .15s ease-in-out;transition:color .15s ease-in-out,background-color .15s ease-in-out,border-color .15s ease-in-out,box-shadow .15s ease-in-out}.form-control::file-selector-button{padding:.375rem .75rem;margin:-.375rem -.75rem;-webkit-margin-end:.75rem;margin-inline-end:.75rem;color:var(--bs-body-color);background-color:var(--bs-tertiary-bg);pointer-events:none;border-color:inherit;border-style:solid;border-width:0;border-inline-end-width:var(--bs-border-width);border-radius:0;transition:color .15s ease-in-out,background-color .15s ease-in-out,border-color .15s ease-in-out,box-shadow .15s ease-in-out}@media (prefers-reduced-motion: reduce){.form-control::-webkit-file-upload-button{-webkit-transition:none;transition:none}.form-control::file-selector-button{transition:none}}.form-control:hover:not(:disabled):not([readonly])::-webkit-file-upload-button{background-color:var(--bs-secondary-bg)}.form-control:hover:not(:disabled):not([readonly])::file-selector-button{background-color:var(--bs-secondary-bg)}.form-control-plaintext{display:block;width:100%;padding:.375rem 0;margin-bottom:0;line-height:1.5;color:var(--bs-body-color);background-color:transparent;border:solid transparent;border-width:var(--bs-border-width) 0}.form-control-plaintext:focus{outline:0}.form-control-plaintext.form-control-sm,.form-control-plaintext.form-control-lg{padding-right:0;padding-left:0}.form-control-sm{min-height:calc(1.5em + .5rem + calc(var(--bs-border-width) * 2));padding:.25rem .5rem;font-size:.875rem;border-radius:var(--bs-border-radius-sm)}.form-control-sm::-webkit-file-upload-button{padding:.25rem .5rem;margin:-.25rem -.5rem;-webkit-margin-end:.5rem;margin-inline-end:.5rem}.form-control-sm::file-selector-button{padding:.25rem .5rem;margin:-.25rem -.5rem;-webkit-margin-end:.5rem;margin-inline-end:.5rem}.form-control-lg{min-height:calc(1.5em + 1rem + calc(var(--bs-border-width) * 2));padding:.5rem 1rem;font-size:1.25rem;border-radius:var(--bs-border-radius-lg)}.form-control-lg::-webkit-file-upload-button{padding:.5rem 1rem;margin:-.5rem -1rem;-webkit-margin-end:1rem;margin-inline-end:1rem}.form-control-lg::file-selector-button{padding:.5rem 1rem;margin:-.5rem -1rem;-webkit-margin-end:1rem;margin-inline-end:1rem}textarea.form-control{min-height:calc(1.5em + .75rem + calc(var(--bs-border-width) * 2))}textarea.form-control-sm{min-height:calc(1.5em + .5rem + calc(var(--bs-border-width) * 2))}textarea.form-control-lg{min-height:calc(1.5em + 1rem + calc(var(--bs-border-width) * 2))}.form-control-color{width:3rem;height:calc(1.5em + .75rem + calc(var(--bs-border-width) * 2));padding:.375rem}.form-control-color:not(:disabled):not([readonly]){cursor:pointer}.form-control-color::-moz-color-swatch{border:0!important;border-radius:var(--bs-border-radius)}.form-control-color::-webkit-color-swatch{border:0!important;border-radius:var(--bs-border-radius)}.form-control-color.form-control-sm{height:calc(1.5em + .5rem + calc(var(--bs-border-width) * 2))}.form-control-color.form-control-lg{height:calc(1.5em + 1rem + calc(var(--bs-border-width) * 2))}.form-select{--bs-form-select-bg-img: url("data:image/svg+xml,%3csvg xmlns='http://www.w3.org/2000/svg' viewBox='0 0 16 16'%3e%3cpath fill='none' stroke='%23343a40' stroke-linecap='round' stroke-linejoin='round' stroke-width='2' d='m2 5 6 6 6-6'/%3e%3c/svg%3e");display:block;width:100%;padding:.375rem 2.25rem .375rem .75rem;font-size:1rem;font-weight:400;line-height:1.5;color:var(--bs-body-color);-webkit-appearance:none;-moz-appearance:none;appearance:none;background-color:var(--bs-body-bg);background-image:var(--bs-form-select-bg-img),var(--bs-form-select-bg-icon, none);background-repeat:no-repeat;background-position:right .75rem center;background-size:16px 12px;border:var(--bs-border-width) solid var(--bs-border-color);border-radius:var(--bs-border-radius);transition:border-color .15s ease-in-out,box-shadow .15s ease-in-out}@media (prefers-reduced-motion: reduce){.form-select{transition:none}}.form-select:focus{border-color:#86b7fe;outline:0;box-shadow:0 0 0 .25rem #0d6efd40}.form-select[multiple],.form-select[size]:not([size="1"]){padding-right:.75rem;background-image:none}.form-select:disabled{background-color:var(--bs-secondary-bg)}.form-select:-moz-focusring{color:transparent;text-shadow:0 0 0 var(--bs-body-color)}.form-select-sm{padding-top:.25rem;padding-bottom:.25rem;padding-left:.5rem;font-size:.875rem;border-radius:var(--bs-border-radius-sm)}.form-select-lg{padding-top:.5rem;padding-bottom:.5rem;padding-left:1rem;font-size:1.25rem;border-radius:var(--bs-border-radius-lg)}[data-bs-theme=dark] .form-select{--bs-form-select-bg-img: url("data:image/svg+xml,%3csvg xmlns='http://www.w3.org/2000/svg' viewBox='0 0 16 16'%3e%3cpath fill='none' stroke='%23dee2e6' stroke-linecap='round' stroke-linejoin='round' stroke-width='2' d='m2 5 6 6 6-6'/%3e%3c/svg%3e")}.form-check{display:block;min-height:1.5rem;padding-left:1.5em;margin-bottom:.125rem}.form-check .form-check-input{float:left;margin-left:-1.5em}.form-check-reverse{padding-right:1.5em;padding-left:0;text-align:right}.form-check-reverse .form-check-input{float:right;margin-right:-1.5em;margin-left:0}.form-check-input{--bs-form-check-bg: var(--bs-body-bg);flex-shrink:0;width:1em;height:1em;margin-top:.25em;vertical-align:top;-webkit-appearance:none;-moz-appearance:none;appearance:none;background-color:var(--bs-form-check-bg);background-image:var(--bs-form-check-bg-image);background-repeat:no-repeat;background-position:center;background-size:contain;border:var(--bs-border-width) solid var(--bs-border-color);-webkit-print-color-adjust:exact;color-adjust:exact;print-color-adjust:exact}.form-check-input[type=checkbox]{border-radius:.25em}.form-check-input[type=radio]{border-radius:50%}.form-check-input:active{filter:brightness(90%)}.form-check-input:focus{border-color:#86b7fe;outline:0;box-shadow:0 0 0 .25rem #0d6efd40}.form-check-input:checked{background-color:#0d6efd;border-color:#0d6efd}.form-check-input:checked[type=checkbox]{--bs-form-check-bg-image: url("data:image/svg+xml,%3csvg xmlns='http://www.w3.org/2000/svg' viewBox='0 0 20 20'%3e%3cpath fill='none' stroke='%23fff' stroke-linecap='round' stroke-linejoin='round' stroke-width='3' d='m6 10 3 3 6-6'/%3e%3c/svg%3e")}.form-check-input:checked[type=radio]{--bs-form-check-bg-image: url("data:image/svg+xml,%3csvg xmlns='http://www.w3.org/2000/svg' viewBox='-4 -4 8 8'%3e%3ccircle r='2' fill='%23fff'/%3e%3c/svg%3e")}.form-check-input[type=checkbox]:indeterminate{background-color:#0d6efd;border-color:#0d6efd;--bs-form-check-bg-image: url("data:image/svg+xml,%3csvg xmlns='http://www.w3.org/2000/svg' viewBox='0 0 20 20'%3e%3cpath fill='none' stroke='%23fff' stroke-linecap='round' stroke-linejoin='round' stroke-width='3' d='M6 10h8'/%3e%3c/svg%3e")}.form-check-input:disabled{pointer-events:none;filter:none;opacity:.5}.form-check-input[disabled]~.form-check-label,.form-check-input:disabled~.form-check-label{cursor:default;opacity:.5}.form-switch{padding-left:2.5em}.form-switch .form-check-input{--bs-form-switch-bg: url("data:image/svg+xml,%3csvg xmlns='http://www.w3.org/2000/svg' viewBox='-4 -4 8 8'%3e%3ccircle r='3' fill='rgba%280, 0, 0, 0.25%29'/%3e%3c/svg%3e");width:2em;margin-left:-2.5em;background-image:var(--bs-form-switch-bg);background-position:left center;border-radius:2em;transition:background-position .15s ease-in-out}@media (prefers-reduced-motion: reduce){.form-switch .form-check-input{transition:none}}.form-switch .form-check-input:focus{--bs-form-switch-bg: url("data:image/svg+xml,%3csvg xmlns='http://www.w3.org/2000/svg' viewBox='-4 -4 8 8'%3e%3ccircle r='3' fill='%2386b7fe'/%3e%3c/svg%3e")}.form-switch .form-check-input:checked{background-position:right center;--bs-form-switch-bg: url("data:image/svg+xml,%3csvg xmlns='http://www.w3.org/2000/svg' viewBox='-4 -4 8 8'%3e%3ccircle r='3' fill='%23fff'/%3e%3c/svg%3e")}.form-switch.form-check-reverse{padding-right:2.5em;padding-left:0}.form-switch.form-check-reverse .form-check-input{margin-right:-2.5em;margin-left:0}.form-check-inline{display:inline-block;margin-right:1rem}.btn-check{position:absolute;clip:rect(0,0,0,0);pointer-events:none}.btn-check[disabled]+.btn,.btn-check:disabled+.btn{pointer-events:none;filter:none;opacity:.65}[data-bs-theme=dark] .form-switch .form-check-input:not(:checked):not(:focus){--bs-form-switch-bg: url("data:image/svg+xml,%3csvg xmlns='http://www.w3.org/2000/svg' viewBox='-4 -4 8 8'%3e%3ccircle r='3' fill='rgba%28255, 255, 255, 0.25%29'/%3e%3c/svg%3e")}.form-range{width:100%;height:1.5rem;padding:0;-webkit-appearance:none;-moz-appearance:none;appearance:none;background-color:transparent}.form-range:focus{outline:0}.form-range:focus::-webkit-slider-thumb{box-shadow:0 0 0 1px #fff,0 0 0 .25rem #0d6efd40}.form-range:focus::-moz-range-thumb{box-shadow:0 0 0 1px #fff,0 0 0 .25rem #0d6efd40}.form-range::-moz-focus-outer{border:0}.form-range::-webkit-slider-thumb{width:1rem;height:1rem;margin-top:-.25rem;-webkit-appearance:none;appearance:none;background-color:#0d6efd;border:0;border-radius:1rem;-webkit-transition:background-color .15s ease-in-out,border-color .15s ease-in-out,box-shadow .15s ease-in-out;transition:background-color .15s ease-in-out,border-color .15s ease-in-out,box-shadow .15s ease-in-out}@media (prefers-reduced-motion: reduce){.form-range::-webkit-slider-thumb{-webkit-transition:none;transition:none}}.form-range::-webkit-slider-thumb:active{background-color:#b6d4fe}.form-range::-webkit-slider-runnable-track{width:100%;height:.5rem;color:transparent;cursor:pointer;background-color:var(--bs-secondary-bg);border-color:transparent;border-radius:1rem}.form-range::-moz-range-thumb{width:1rem;height:1rem;-moz-appearance:none;appearance:none;background-color:#0d6efd;border:0;border-radius:1rem;-moz-transition:background-color .15s ease-in-out,border-color .15s ease-in-out,box-shadow .15s ease-in-out;transition:background-color .15s ease-in-out,border-color .15s ease-in-out,box-shadow .15s ease-in-out}@media (prefers-reduced-motion: reduce){.form-range::-moz-range-thumb{-moz-transition:none;transition:none}}.form-range::-moz-range-thumb:active{background-color:#b6d4fe}.form-range::-moz-range-track{width:100%;height:.5rem;color:transparent;cursor:pointer;background-color:var(--bs-secondary-bg);border-color:transparent;border-radius:1rem}.form-range:disabled{pointer-events:none}.form-range:disabled::-webkit-slider-thumb{background-color:var(--bs-secondary-color)}.form-range:disabled::-moz-range-thumb{background-color:var(--bs-secondary-color)}.form-floating{position:relative}.form-floating>.form-control,.form-floating>.form-control-plaintext,.form-floating>.form-select{height:calc(3.5rem + calc(var(--bs-border-width) * 2));min-height:calc(3.5rem + calc(var(--bs-border-width) * 2));line-height:1.25}.form-floating>label{position:absolute;top:0;left:0;z-index:2;height:100%;padding:1rem .75rem;overflow:hidden;text-align:start;text-overflow:ellipsis;white-space:nowrap;pointer-events:none;border:var(--bs-border-width) solid transparent;transform-origin:0 0;transition:opacity .1s ease-in-out,transform .1s ease-in-out}@media (prefers-reduced-motion: reduce){.form-floating>label{transition:none}}.form-floating>.form-control,.form-floating>.form-control-plaintext{padding:1rem .75rem}.form-floating>.form-control::-moz-placeholder,.form-floating>.form-control-plaintext::-moz-placeholder{color:transparent}.form-floating>.form-control::placeholder,.form-floating>.form-control-plaintext::placeholder{color:transparent}.form-floating>.form-control:not(:-moz-placeholder-shown),.form-floating>.form-control-plaintext:not(:-moz-placeholder-shown){padding-top:1.625rem;padding-bottom:.625rem}.form-floating>.form-control:focus,.form-floating>.form-control:not(:placeholder-shown),.form-floating>.form-control-plaintext:focus,.form-floating>.form-control-plaintext:not(:placeholder-shown){padding-top:1.625rem;padding-bottom:.625rem}.form-floating>.form-control:-webkit-autofill,.form-floating>.form-control-plaintext:-webkit-autofill{padding-top:1.625rem;padding-bottom:.625rem}.form-floating>.form-select{padding-top:1.625rem;padding-bottom:.625rem}.form-floating>.form-control:not(:-moz-placeholder-shown)~label{color:rgba(var(--bs-body-color-rgb),.65);transform:scale(.85) translateY(-.5rem) translate(.15rem)}.form-floating>.form-control:focus~label,.form-floating>.form-control:not(:placeholder-shown)~label,.form-floating>.form-control-plaintext~label,.form-floating>.form-select~label{color:rgba(var(--bs-body-color-rgb),.65);transform:scale(.85) translateY(-.5rem) translate(.15rem)}.form-floating>.form-control:not(:-moz-placeholder-shown)~label:after{position:absolute;inset:1rem .375rem;z-index:-1;height:1.5em;content:"";background-color:var(--bs-body-bg);border-radius:var(--bs-border-radius)}.form-floating>.form-control:focus~label:after,.form-floating>.form-control:not(:placeholder-shown)~label:after,.form-floating>.form-control-plaintext~label:after,.form-floating>.form-select~label:after{position:absolute;inset:1rem .375rem;z-index:-1;height:1.5em;content:"";background-color:var(--bs-body-bg);border-radius:var(--bs-border-radius)}.form-floating>.form-control:-webkit-autofill~label{color:rgba(var(--bs-body-color-rgb),.65);transform:scale(.85) translateY(-.5rem) translate(.15rem)}.form-floating>.form-control-plaintext~label{border-width:var(--bs-border-width) 0}.form-floating>:disabled~label,.form-floating>.form-control:disabled~label{color:#6c757d}.form-floating>:disabled~label:after,.form-floating>.form-control:disabled~label:after{background-color:var(--bs-secondary-bg)}.input-group{position:relative;display:flex;flex-wrap:wrap;align-items:stretch;width:100%}.input-group>.form-control,.input-group>.form-select,.input-group>.form-floating{position:relative;flex:1 1 auto;width:1%;min-width:0}.input-group>.form-control:focus,.input-group>.form-select:focus,.input-group>.form-floating:focus-within{z-index:5}.input-group .btn{position:relative;z-index:2}.input-group .btn:focus{z-index:5}.input-group-text{display:flex;align-items:center;padding:.375rem .75rem;font-size:1rem;font-weight:400;line-height:1.5;color:var(--bs-body-color);text-align:center;white-space:nowrap;background-color:var(--bs-tertiary-bg);border:var(--bs-border-width) solid var(--bs-border-color);border-radius:var(--bs-border-radius)}.input-group-lg>.form-control,.input-group-lg>.form-select,.input-group-lg>.input-group-text,.input-group-lg>.btn{padding:.5rem 1rem;font-size:1.25rem;border-radius:var(--bs-border-radius-lg)}.input-group-sm>.form-control,.input-group-sm>.form-select,.input-group-sm>.input-group-text,.input-group-sm>.btn{padding:.25rem .5rem;font-size:.875rem;border-radius:var(--bs-border-radius-sm)}.input-group-lg>.form-select,.input-group-sm>.form-select{padding-right:3rem}.input-group:not(.has-validation)>:not(:last-child):not(.dropdown-toggle):not(.dropdown-menu):not(.form-floating),.input-group:not(.has-validation)>.dropdown-toggle:nth-last-child(n+3),.input-group:not(.has-validation)>.form-floating:not(:last-child)>.form-control,.input-group:not(.has-validation)>.form-floating:not(:last-child)>.form-select{border-top-right-radius:0;border-bottom-right-radius:0}.input-group.has-validation>:nth-last-child(n+3):not(.dropdown-toggle):not(.dropdown-menu):not(.form-floating),.input-group.has-validation>.dropdown-toggle:nth-last-child(n+4),.input-group.has-validation>.form-floating:nth-last-child(n+3)>.form-control,.input-group.has-validation>.form-floating:nth-last-child(n+3)>.form-select{border-top-right-radius:0;border-bottom-right-radius:0}.input-group>:not(:first-child):not(.dropdown-menu):not(.valid-tooltip):not(.valid-feedback):not(.invalid-tooltip):not(.invalid-feedback){margin-left:calc(var(--bs-border-width) * -1);border-top-left-radius:0;border-bottom-left-radius:0}.input-group>.form-floating:not(:first-child)>.form-control,.input-group>.form-floating:not(:first-child)>.form-select{border-top-left-radius:0;border-bottom-left-radius:0}.valid-feedback{display:none;width:100%;margin-top:.25rem;font-size:.875em;color:var(--bs-form-valid-color)}.valid-tooltip{position:absolute;top:100%;z-index:5;display:none;max-width:100%;padding:.25rem .5rem;margin-top:.1rem;font-size:.875rem;color:#fff;background-color:var(--bs-success);border-radius:var(--bs-border-radius)}.was-validated :valid~.valid-feedback,.was-validated :valid~.valid-tooltip,.is-valid~.valid-feedback,.is-valid~.valid-tooltip{display:block}.was-validated .form-control:valid,.form-control.is-valid{border-color:var(--bs-form-valid-border-color);padding-right:calc(1.5em + .75rem);background-image:url("data:image/svg+xml,%3csvg xmlns='http://www.w3.org/2000/svg' viewBox='0 0 8 8'%3e%3cpath fill='%23198754' d='M2.3 6.73.6 4.53c-.4-1.04.46-1.4 1.1-.8l1.1 1.4 3.4-3.8c.6-.63 1.6-.27 1.2.7l-4 4.6c-.43.5-.8.4-1.1.1z'/%3e%3c/svg%3e");background-repeat:no-repeat;background-position:right calc(.375em + .1875rem) center;background-size:calc(.75em + .375rem) calc(.75em + .375rem)}.was-validated .form-control:valid:focus,.form-control.is-valid:focus{border-color:var(--bs-form-valid-border-color);box-shadow:0 0 0 .25rem rgba(var(--bs-success-rgb),.25)}.was-validated textarea.form-control:valid,textarea.form-control.is-valid{padding-right:calc(1.5em + .75rem);background-position:top calc(.375em + .1875rem) right calc(.375em + .1875rem)}.was-validated .form-select:valid,.form-select.is-valid{border-color:var(--bs-form-valid-border-color)}.was-validated .form-select:valid:not([multiple]):not([size]),.was-validated .form-select:valid:not([multiple])[size="1"],.form-select.is-valid:not([multiple]):not([size]),.form-select.is-valid:not([multiple])[size="1"]{--bs-form-select-bg-icon: url("data:image/svg+xml,%3csvg xmlns='http://www.w3.org/2000/svg' viewBox='0 0 8 8'%3e%3cpath fill='%23198754' d='M2.3 6.73.6 4.53c-.4-1.04.46-1.4 1.1-.8l1.1 1.4 3.4-3.8c.6-.63 1.6-.27 1.2.7l-4 4.6c-.43.5-.8.4-1.1.1z'/%3e%3c/svg%3e");padding-right:4.125rem;background-position:right .75rem center,center right 2.25rem;background-size:16px 12px,calc(.75em + .375rem) calc(.75em + .375rem)}.was-validated .form-select:valid:focus,.form-select.is-valid:focus{border-color:var(--bs-form-valid-border-color);box-shadow:0 0 0 .25rem rgba(var(--bs-success-rgb),.25)}.was-validated .form-control-color:valid,.form-control-color.is-valid{width:calc(3.75rem + 1.5em)}.was-validated .form-check-input:valid,.form-check-input.is-valid{border-color:var(--bs-form-valid-border-color)}.was-validated .form-check-input:valid:checked,.form-check-input.is-valid:checked{background-color:var(--bs-form-valid-color)}.was-validated .form-check-input:valid:focus,.form-check-input.is-valid:focus{box-shadow:0 0 0 .25rem rgba(var(--bs-success-rgb),.25)}.was-validated .form-check-input:valid~.form-check-label,.form-check-input.is-valid~.form-check-label{color:var(--bs-form-valid-color)}.form-check-inline .form-check-input~.valid-feedback{margin-left:.5em}.was-validated .input-group>.form-control:not(:focus):valid,.input-group>.form-control:not(:focus).is-valid,.was-validated .input-group>.form-select:not(:focus):valid,.input-group>.form-select:not(:focus).is-valid,.was-validated .input-group>.form-floating:not(:focus-within):valid,.input-group>.form-floating:not(:focus-within).is-valid{z-index:3}.invalid-feedback{display:none;width:100%;margin-top:.25rem;font-size:.875em;color:var(--bs-form-invalid-color)}.invalid-tooltip{position:absolute;top:100%;z-index:5;display:none;max-width:100%;padding:.25rem .5rem;margin-top:.1rem;font-size:.875rem;color:#fff;background-color:var(--bs-danger);border-radius:var(--bs-border-radius)}.was-validated :invalid~.invalid-feedback,.was-validated :invalid~.invalid-tooltip,.is-invalid~.invalid-feedback,.is-invalid~.invalid-tooltip{display:block}.was-validated .form-control:invalid,.form-control.is-invalid{border-color:var(--bs-form-invalid-border-color);padding-right:calc(1.5em + .75rem);background-image:url("data:image/svg+xml,%3csvg xmlns='http://www.w3.org/2000/svg' viewBox='0 0 12 12' width='12' height='12' fill='none' stroke='%23dc3545'%3e%3ccircle cx='6' cy='6' r='4.5'/%3e%3cpath stroke-linejoin='round' d='M5.8 3.6h.4L6 6.5z'/%3e%3ccircle cx='6' cy='8.2' r='.6' fill='%23dc3545' stroke='none'/%3e%3c/svg%3e");background-repeat:no-repeat;background-position:right calc(.375em + .1875rem) center;background-size:calc(.75em + .375rem) calc(.75em + .375rem)}.was-validated .form-control:invalid:focus,.form-control.is-invalid:focus{border-color:var(--bs-form-invalid-border-color);box-shadow:0 0 0 .25rem rgba(var(--bs-danger-rgb),.25)}.was-validated textarea.form-control:invalid,textarea.form-control.is-invalid{padding-right:calc(1.5em + .75rem);background-position:top calc(.375em + .1875rem) right calc(.375em + .1875rem)}.was-validated .form-select:invalid,.form-select.is-invalid{border-color:var(--bs-form-invalid-border-color)}.was-validated .form-select:invalid:not([multiple]):not([size]),.was-validated .form-select:invalid:not([multiple])[size="1"],.form-select.is-invalid:not([multiple]):not([size]),.form-select.is-invalid:not([multiple])[size="1"]{--bs-form-select-bg-icon: url("data:image/svg+xml,%3csvg xmlns='http://www.w3.org/2000/svg' viewBox='0 0 12 12' width='12' height='12' fill='none' stroke='%23dc3545'%3e%3ccircle cx='6' cy='6' r='4.5'/%3e%3cpath stroke-linejoin='round' d='M5.8 3.6h.4L6 6.5z'/%3e%3ccircle cx='6' cy='8.2' r='.6' fill='%23dc3545' stroke='none'/%3e%3c/svg%3e");padding-right:4.125rem;background-position:right .75rem center,center right 2.25rem;background-size:16px 12px,calc(.75em + .375rem) calc(.75em + .375rem)}.was-validated .form-select:invalid:focus,.form-select.is-invalid:focus{border-color:var(--bs-form-invalid-border-color);box-shadow:0 0 0 .25rem rgba(var(--bs-danger-rgb),.25)}.was-validated .form-control-color:invalid,.form-control-color.is-invalid{width:calc(3.75rem + 1.5em)}.was-validated .form-check-input:invalid,.form-check-input.is-invalid{border-color:var(--bs-form-invalid-border-color)}.was-validated .form-check-input:invalid:checked,.form-check-input.is-invalid:checked{background-color:var(--bs-form-invalid-color)}.was-validated .form-check-input:invalid:focus,.form-check-input.is-invalid:focus{box-shadow:0 0 0 .25rem rgba(var(--bs-danger-rgb),.25)}.was-validated .form-check-input:invalid~.form-check-label,.form-check-input.is-invalid~.form-check-label{color:var(--bs-form-invalid-color)}.form-check-inline .form-check-input~.invalid-feedback{margin-left:.5em}.was-validated .input-group>.form-control:not(:focus):invalid,.input-group>.form-control:not(:focus).is-invalid,.was-validated .input-group>.form-select:not(:focus):invalid,.input-group>.form-select:not(:focus).is-invalid,.was-validated .input-group>.form-floating:not(:focus-within):invalid,.input-group>.form-floating:not(:focus-within).is-invalid{z-index:4}.btn{--bs-btn-padding-x: .75rem;--bs-btn-padding-y: .375rem;--bs-btn-font-family: ;--bs-btn-font-size: 1rem;--bs-btn-font-weight: 400;--bs-btn-line-height: 1.5;--bs-btn-color: var(--bs-body-color);--bs-btn-bg: transparent;--bs-btn-border-width: var(--bs-border-width);--bs-btn-border-color: transparent;--bs-btn-border-radius: var(--bs-border-radius);--bs-btn-hover-border-color: transparent;--bs-btn-box-shadow: inset 0 1px 0 rgba(255, 255, 255, .15), 0 1px 1px rgba(0, 0, 0, .075);--bs-btn-disabled-opacity: .65;--bs-btn-focus-box-shadow: 0 0 0 .25rem rgba(var(--bs-btn-focus-shadow-rgb), .5);display:inline-block;padding:var(--bs-btn-padding-y) var(--bs-btn-padding-x);font-family:var(--bs-btn-font-family);font-size:var(--bs-btn-font-size);font-weight:var(--bs-btn-font-weight);line-height:var(--bs-btn-line-height);color:var(--bs-btn-color);text-align:center;text-decoration:none;vertical-align:middle;cursor:pointer;-webkit-user-select:none;-moz-user-select:none;user-select:none;border:var(--bs-btn-border-width) solid var(--bs-btn-border-color);border-radius:var(--bs-btn-border-radius);background-color:var(--bs-btn-bg);transition:color .15s ease-in-out,background-color .15s ease-in-out,border-color .15s ease-in-out,box-shadow .15s ease-in-out}@media (prefers-reduced-motion: reduce){.btn{transition:none}}.btn:hover{color:var(--bs-btn-hover-color);background-color:var(--bs-btn-hover-bg);border-color:var(--bs-btn-hover-border-color)}.btn-check+.btn:hover{color:var(--bs-btn-color);background-color:var(--bs-btn-bg);border-color:var(--bs-btn-border-color)}.btn:focus-visible{color:var(--bs-btn-hover-color);background-color:var(--bs-btn-hover-bg);border-color:var(--bs-btn-hover-border-color);outline:0;box-shadow:var(--bs-btn-focus-box-shadow)}.btn-check:focus-visible+.btn{border-color:var(--bs-btn-hover-border-color);outline:0;box-shadow:var(--bs-btn-focus-box-shadow)}.btn-check:checked+.btn,:not(.btn-check)+.btn:active,.btn:first-child:active,.btn.active,.btn.show{color:var(--bs-btn-active-color);background-color:var(--bs-btn-active-bg);border-color:var(--bs-btn-active-border-color)}.btn-check:checked+.btn:focus-visible,:not(.btn-check)+.btn:active:focus-visible,.btn:first-child:active:focus-visible,.btn.active:focus-visible,.btn.show:focus-visible{box-shadow:var(--bs-btn-focus-box-shadow)}.btn:disabled,.btn.disabled,fieldset:disabled .btn{color:var(--bs-btn-disabled-color);pointer-events:none;background-color:var(--bs-btn-disabled-bg);border-color:var(--bs-btn-disabled-border-color);opacity:var(--bs-btn-disabled-opacity)}.btn-primary{--bs-btn-color: #fff;--bs-btn-bg: #0d6efd;--bs-btn-border-color: #0d6efd;--bs-btn-hover-color: #fff;--bs-btn-hover-bg: #0b5ed7;--bs-btn-hover-border-color: #0a58ca;--bs-btn-focus-shadow-rgb: 49, 132, 253;--bs-btn-active-color: #fff;--bs-btn-active-bg: #0a58ca;--bs-btn-active-border-color: #0a53be;--bs-btn-active-shadow: inset 0 3px 5px rgba(0, 0, 0, .125);--bs-btn-disabled-color: #fff;--bs-btn-disabled-bg: #0d6efd;--bs-btn-disabled-border-color: #0d6efd}.btn-secondary{--bs-btn-color: #fff;--bs-btn-bg: #6c757d;--bs-btn-border-color: #6c757d;--bs-btn-hover-color: #fff;--bs-btn-hover-bg: #5c636a;--bs-btn-hover-border-color: #565e64;--bs-btn-focus-shadow-rgb: 130, 138, 145;--bs-btn-active-color: #fff;--bs-btn-active-bg: #565e64;--bs-btn-active-border-color: #51585e;--bs-btn-active-shadow: inset 0 3px 5px rgba(0, 0, 0, .125);--bs-btn-disabled-color: #fff;--bs-btn-disabled-bg: #6c757d;--bs-btn-disabled-border-color: #6c757d}.btn-success{--bs-btn-color: #fff;--bs-btn-bg: #198754;--bs-btn-border-color: #198754;--bs-btn-hover-color: #fff;--bs-btn-hover-bg: #157347;--bs-btn-hover-border-color: #146c43;--bs-btn-focus-shadow-rgb: 60, 153, 110;--bs-btn-active-color: #fff;--bs-btn-active-bg: #146c43;--bs-btn-active-border-color: #13653f;--bs-btn-active-shadow: inset 0 3px 5px rgba(0, 0, 0, .125);--bs-btn-disabled-color: #fff;--bs-btn-disabled-bg: #198754;--bs-btn-disabled-border-color: #198754}.btn-info{--bs-btn-color: #000;--bs-btn-bg: #0dcaf0;--bs-btn-border-color: #0dcaf0;--bs-btn-hover-color: #000;--bs-btn-hover-bg: #31d2f2;--bs-btn-hover-border-color: #25cff2;--bs-btn-focus-shadow-rgb: 11, 172, 204;--bs-btn-active-color: #000;--bs-btn-active-bg: #3dd5f3;--bs-btn-active-border-color: #25cff2;--bs-btn-active-shadow: inset 0 3px 5px rgba(0, 0, 0, .125);--bs-btn-disabled-color: #000;--bs-btn-disabled-bg: #0dcaf0;--bs-btn-disabled-border-color: #0dcaf0}.btn-warning{--bs-btn-color: #000;--bs-btn-bg: #ffc107;--bs-btn-border-color: #ffc107;--bs-btn-hover-color: #000;--bs-btn-hover-bg: #ffca2c;--bs-btn-hover-border-color: #ffc720;--bs-btn-focus-shadow-rgb: 217, 164, 6;--bs-btn-active-color: #000;--bs-btn-active-bg: #ffcd39;--bs-btn-active-border-color: #ffc720;--bs-btn-active-shadow: inset 0 3px 5px rgba(0, 0, 0, .125);--bs-btn-disabled-color: #000;--bs-btn-disabled-bg: #ffc107;--bs-btn-disabled-border-color: #ffc107}.btn-danger{--bs-btn-color: #fff;--bs-btn-bg: #dc3545;--bs-btn-border-color: #dc3545;--bs-btn-hover-color: #fff;--bs-btn-hover-bg: #bb2d3b;--bs-btn-hover-border-color: #b02a37;--bs-btn-focus-shadow-rgb: 225, 83, 97;--bs-btn-active-color: #fff;--bs-btn-active-bg: #b02a37;--bs-btn-active-border-color: #a52834;--bs-btn-active-shadow: inset 0 3px 5px rgba(0, 0, 0, .125);--bs-btn-disabled-color: #fff;--bs-btn-disabled-bg: #dc3545;--bs-btn-disabled-border-color: #dc3545}.btn-light{--bs-btn-color: #000;--bs-btn-bg: #f8f9fa;--bs-btn-border-color: #f8f9fa;--bs-btn-hover-color: #000;--bs-btn-hover-bg: #d3d4d5;--bs-btn-hover-border-color: #c6c7c8;--bs-btn-focus-shadow-rgb: 211, 212, 213;--bs-btn-active-color: #000;--bs-btn-active-bg: #c6c7c8;--bs-btn-active-border-color: #babbbc;--bs-btn-active-shadow: inset 0 3px 5px rgba(0, 0, 0, .125);--bs-btn-disabled-color: #000;--bs-btn-disabled-bg: #f8f9fa;--bs-btn-disabled-border-color: #f8f9fa}.btn-dark{--bs-btn-color: #fff;--bs-btn-bg: #212529;--bs-btn-border-color: #212529;--bs-btn-hover-color: #fff;--bs-btn-hover-bg: #424649;--bs-btn-hover-border-color: #373b3e;--bs-btn-focus-shadow-rgb: 66, 70, 73;--bs-btn-active-color: #fff;--bs-btn-active-bg: #4d5154;--bs-btn-active-border-color: #373b3e;--bs-btn-active-shadow: inset 0 3px 5px rgba(0, 0, 0, .125);--bs-btn-disabled-color: #fff;--bs-btn-disabled-bg: #212529;--bs-btn-disabled-border-color: #212529}.btn-outline-primary{--bs-btn-color: #0d6efd;--bs-btn-border-color: #0d6efd;--bs-btn-hover-color: #fff;--bs-btn-hover-bg: #0d6efd;--bs-btn-hover-border-color: #0d6efd;--bs-btn-focus-shadow-rgb: 13, 110, 253;--bs-btn-active-color: #fff;--bs-btn-active-bg: #0d6efd;--bs-btn-active-border-color: #0d6efd;--bs-btn-active-shadow: inset 0 3px 5px rgba(0, 0, 0, .125);--bs-btn-disabled-color: #0d6efd;--bs-btn-disabled-bg: transparent;--bs-btn-disabled-border-color: #0d6efd;--bs-gradient: none}.btn-outline-secondary{--bs-btn-color: #6c757d;--bs-btn-border-color: #6c757d;--bs-btn-hover-color: #fff;--bs-btn-hover-bg: #6c757d;--bs-btn-hover-border-color: #6c757d;--bs-btn-focus-shadow-rgb: 108, 117, 125;--bs-btn-active-color: #fff;--bs-btn-active-bg: #6c757d;--bs-btn-active-border-color: #6c757d;--bs-btn-active-shadow: inset 0 3px 5px rgba(0, 0, 0, .125);--bs-btn-disabled-color: #6c757d;--bs-btn-disabled-bg: transparent;--bs-btn-disabled-border-color: #6c757d;--bs-gradient: none}.btn-outline-success{--bs-btn-color: #198754;--bs-btn-border-color: #198754;--bs-btn-hover-color: #fff;--bs-btn-hover-bg: #198754;--bs-btn-hover-border-color: #198754;--bs-btn-focus-shadow-rgb: 25, 135, 84;--bs-btn-active-color: #fff;--bs-btn-active-bg: #198754;--bs-btn-active-border-color: #198754;--bs-btn-active-shadow: inset 0 3px 5px rgba(0, 0, 0, .125);--bs-btn-disabled-color: #198754;--bs-btn-disabled-bg: transparent;--bs-btn-disabled-border-color: #198754;--bs-gradient: none}.btn-outline-info{--bs-btn-color: #0dcaf0;--bs-btn-border-color: #0dcaf0;--bs-btn-hover-color: #000;--bs-btn-hover-bg: #0dcaf0;--bs-btn-hover-border-color: #0dcaf0;--bs-btn-focus-shadow-rgb: 13, 202, 240;--bs-btn-active-color: #000;--bs-btn-active-bg: #0dcaf0;--bs-btn-active-border-color: #0dcaf0;--bs-btn-active-shadow: inset 0 3px 5px rgba(0, 0, 0, .125);--bs-btn-disabled-color: #0dcaf0;--bs-btn-disabled-bg: transparent;--bs-btn-disabled-border-color: #0dcaf0;--bs-gradient: none}.btn-outline-warning{--bs-btn-color: #ffc107;--bs-btn-border-color: #ffc107;--bs-btn-hover-color: #000;--bs-btn-hover-bg: #ffc107;--bs-btn-hover-border-color: #ffc107;--bs-btn-focus-shadow-rgb: 255, 193, 7;--bs-btn-active-color: #000;--bs-btn-active-bg: #ffc107;--bs-btn-active-border-color: #ffc107;--bs-btn-active-shadow: inset 0 3px 5px rgba(0, 0, 0, .125);--bs-btn-disabled-color: #ffc107;--bs-btn-disabled-bg: transparent;--bs-btn-disabled-border-color: #ffc107;--bs-gradient: none}.btn-outline-danger{--bs-btn-color: #dc3545;--bs-btn-border-color: #dc3545;--bs-btn-hover-color: #fff;--bs-btn-hover-bg: #dc3545;--bs-btn-hover-border-color: #dc3545;--bs-btn-focus-shadow-rgb: 220, 53, 69;--bs-btn-active-color: #fff;--bs-btn-active-bg: #dc3545;--bs-btn-active-border-color: #dc3545;--bs-btn-active-shadow: inset 0 3px 5px rgba(0, 0, 0, .125);--bs-btn-disabled-color: #dc3545;--bs-btn-disabled-bg: transparent;--bs-btn-disabled-border-color: #dc3545;--bs-gradient: none}.btn-outline-light{--bs-btn-color: #f8f9fa;--bs-btn-border-color: #f8f9fa;--bs-btn-hover-color: #000;--bs-btn-hover-bg: #f8f9fa;--bs-btn-hover-border-color: #f8f9fa;--bs-btn-focus-shadow-rgb: 248, 249, 250;--bs-btn-active-color: #000;--bs-btn-active-bg: #f8f9fa;--bs-btn-active-border-color: #f8f9fa;--bs-btn-active-shadow: inset 0 3px 5px rgba(0, 0, 0, .125);--bs-btn-disabled-color: #f8f9fa;--bs-btn-disabled-bg: transparent;--bs-btn-disabled-border-color: #f8f9fa;--bs-gradient: none}.btn-outline-dark{--bs-btn-color: #212529;--bs-btn-border-color: #212529;--bs-btn-hover-color: #fff;--bs-btn-hover-bg: #212529;--bs-btn-hover-border-color: #212529;--bs-btn-focus-shadow-rgb: 33, 37, 41;--bs-btn-active-color: #fff;--bs-btn-active-bg: #212529;--bs-btn-active-border-color: #212529;--bs-btn-active-shadow: inset 0 3px 5px rgba(0, 0, 0, .125);--bs-btn-disabled-color: #212529;--bs-btn-disabled-bg: transparent;--bs-btn-disabled-border-color: #212529;--bs-gradient: none}.btn-link{--bs-btn-font-weight: 400;--bs-btn-color: var(--bs-link-color);--bs-btn-bg: transparent;--bs-btn-border-color: transparent;--bs-btn-hover-color: var(--bs-link-hover-color);--bs-btn-hover-border-color: transparent;--bs-btn-active-color: var(--bs-link-hover-color);--bs-btn-active-border-color: transparent;--bs-btn-disabled-color: #6c757d;--bs-btn-disabled-border-color: transparent;--bs-btn-box-shadow: 0 0 0 #000;--bs-btn-focus-shadow-rgb: 49, 132, 253;text-decoration:underline}.btn-link:focus-visible{color:var(--bs-btn-color)}.btn-link:hover{color:var(--bs-btn-hover-color)}.btn-lg,.btn-group-lg>.btn{--bs-btn-padding-y: .5rem;--bs-btn-padding-x: 1rem;--bs-btn-font-size: 1.25rem;--bs-btn-border-radius: var(--bs-border-radius-lg)}.btn-sm,.btn-group-sm>.btn{--bs-btn-padding-y: .25rem;--bs-btn-padding-x: .5rem;--bs-btn-font-size: .875rem;--bs-btn-border-radius: var(--bs-border-radius-sm)}.fade{transition:opacity .15s linear}@media (prefers-reduced-motion: reduce){.fade{transition:none}}.fade:not(.show){opacity:0}.collapse:not(.show){display:none}.collapsing{height:0;overflow:hidden;transition:height .35s ease}@media (prefers-reduced-motion: reduce){.collapsing{transition:none}}.collapsing.collapse-horizontal{width:0;height:auto;transition:width .35s ease}@media (prefers-reduced-motion: reduce){.collapsing.collapse-horizontal{transition:none}}.dropup,.dropend,.dropdown,.dropstart,.dropup-center,.dropdown-center{position:relative}.dropdown-toggle{white-space:nowrap}.dropdown-toggle:after{display:inline-block;margin-left:.255em;vertical-align:.255em;content:"";border-top:.3em solid;border-right:.3em solid transparent;border-bottom:0;border-left:.3em solid transparent}.dropdown-toggle:empty:after{margin-left:0}.dropdown-menu{--bs-dropdown-zindex: 1000;--bs-dropdown-min-width: 10rem;--bs-dropdown-padding-x: 0;--bs-dropdown-padding-y: .5rem;--bs-dropdown-spacer: .125rem;--bs-dropdown-font-size: 1rem;--bs-dropdown-color: var(--bs-body-color);--bs-dropdown-bg: var(--bs-body-bg);--bs-dropdown-border-color: var(--bs-border-color-translucent);--bs-dropdown-border-radius: var(--bs-border-radius);--bs-dropdown-border-width: var(--bs-border-width);--bs-dropdown-inner-border-radius: calc(var(--bs-border-radius) - var(--bs-border-width));--bs-dropdown-divider-bg: var(--bs-border-color-translucent);--bs-dropdown-divider-margin-y: .5rem;--bs-dropdown-box-shadow: var(--bs-box-shadow);--bs-dropdown-link-color: var(--bs-body-color);--bs-dropdown-link-hover-color: var(--bs-body-color);--bs-dropdown-link-hover-bg: var(--bs-tertiary-bg);--bs-dropdown-link-active-color: #fff;--bs-dropdown-link-active-bg: #0d6efd;--bs-dropdown-link-disabled-color: var(--bs-tertiary-color);--bs-dropdown-item-padding-x: 1rem;--bs-dropdown-item-padding-y: .25rem;--bs-dropdown-header-color: #6c757d;--bs-dropdown-header-padding-x: 1rem;--bs-dropdown-header-padding-y: .5rem;position:absolute;z-index:var(--bs-dropdown-zindex);display:none;min-width:var(--bs-dropdown-min-width);padding:var(--bs-dropdown-padding-y) var(--bs-dropdown-padding-x);margin:0;font-size:var(--bs-dropdown-font-size);color:var(--bs-dropdown-color);text-align:left;list-style:none;background-color:var(--bs-dropdown-bg);background-clip:padding-box;border:var(--bs-dropdown-border-width) solid var(--bs-dropdown-border-color);border-radius:var(--bs-dropdown-border-radius)}.dropdown-menu[data-bs-popper]{top:100%;left:0;margin-top:var(--bs-dropdown-spacer)}.dropdown-menu-start{--bs-position: start}.dropdown-menu-start[data-bs-popper]{right:auto;left:0}.dropdown-menu-end{--bs-position: end}.dropdown-menu-end[data-bs-popper]{right:0;left:auto}@media (min-width: 576px){.dropdown-menu-sm-start{--bs-position: start}.dropdown-menu-sm-start[data-bs-popper]{right:auto;left:0}.dropdown-menu-sm-end{--bs-position: end}.dropdown-menu-sm-end[data-bs-popper]{right:0;left:auto}}@media (min-width: 768px){.dropdown-menu-md-start{--bs-position: start}.dropdown-menu-md-start[data-bs-popper]{right:auto;left:0}.dropdown-menu-md-end{--bs-position: end}.dropdown-menu-md-end[data-bs-popper]{right:0;left:auto}}@media (min-width: 992px){.dropdown-menu-lg-start{--bs-position: start}.dropdown-menu-lg-start[data-bs-popper]{right:auto;left:0}.dropdown-menu-lg-end{--bs-position: end}.dropdown-menu-lg-end[data-bs-popper]{right:0;left:auto}}@media (min-width: 1200px){.dropdown-menu-xl-start{--bs-position: start}.dropdown-menu-xl-start[data-bs-popper]{right:auto;left:0}.dropdown-menu-xl-end{--bs-position: end}.dropdown-menu-xl-end[data-bs-popper]{right:0;left:auto}}@media (min-width: 1400px){.dropdown-menu-xxl-start{--bs-position: start}.dropdown-menu-xxl-start[data-bs-popper]{right:auto;left:0}.dropdown-menu-xxl-end{--bs-position: end}.dropdown-menu-xxl-end[data-bs-popper]{right:0;left:auto}}.dropup .dropdown-menu[data-bs-popper]{top:auto;bottom:100%;margin-top:0;margin-bottom:var(--bs-dropdown-spacer)}.dropup .dropdown-toggle:after{display:inline-block;margin-left:.255em;vertical-align:.255em;content:"";border-top:0;border-right:.3em solid transparent;border-bottom:.3em solid;border-left:.3em solid transparent}.dropup .dropdown-toggle:empty:after{margin-left:0}.dropend .dropdown-menu[data-bs-popper]{top:0;right:auto;left:100%;margin-top:0;margin-left:var(--bs-dropdown-spacer)}.dropend .dropdown-toggle:after{display:inline-block;margin-left:.255em;vertical-align:.255em;content:"";border-top:.3em solid transparent;border-right:0;border-bottom:.3em solid transparent;border-left:.3em solid}.dropend .dropdown-toggle:empty:after{margin-left:0}.dropend .dropdown-toggle:after{vertical-align:0}.dropstart .dropdown-menu[data-bs-popper]{top:0;right:100%;left:auto;margin-top:0;margin-right:var(--bs-dropdown-spacer)}.dropstart .dropdown-toggle:after{display:inline-block;margin-left:.255em;vertical-align:.255em;content:""}.dropstart .dropdown-toggle:after{display:none}.dropstart .dropdown-toggle:before{display:inline-block;margin-right:.255em;vertical-align:.255em;content:"";border-top:.3em solid transparent;border-right:.3em solid;border-bottom:.3em solid transparent}.dropstart .dropdown-toggle:empty:after{margin-left:0}.dropstart .dropdown-toggle:before{vertical-align:0}.dropdown-divider{height:0;margin:var(--bs-dropdown-divider-margin-y) 0;overflow:hidden;border-top:1px solid var(--bs-dropdown-divider-bg);opacity:1}.dropdown-item{display:block;width:100%;padding:var(--bs-dropdown-item-padding-y) var(--bs-dropdown-item-padding-x);clear:both;font-weight:400;color:var(--bs-dropdown-link-color);text-align:inherit;text-decoration:none;white-space:nowrap;background-color:transparent;border:0;border-radius:var(--bs-dropdown-item-border-radius, 0)}.dropdown-item:hover,.dropdown-item:focus{color:var(--bs-dropdown-link-hover-color);background-color:var(--bs-dropdown-link-hover-bg)}.dropdown-item.active,.dropdown-item:active{color:var(--bs-dropdown-link-active-color);text-decoration:none;background-color:var(--bs-dropdown-link-active-bg)}.dropdown-item.disabled,.dropdown-item:disabled{color:var(--bs-dropdown-link-disabled-color);pointer-events:none;background-color:transparent}.dropdown-menu.show{display:block}.dropdown-header{display:block;padding:var(--bs-dropdown-header-padding-y) var(--bs-dropdown-header-padding-x);margin-bottom:0;font-size:.875rem;color:var(--bs-dropdown-header-color);white-space:nowrap}.dropdown-item-text{display:block;padding:var(--bs-dropdown-item-padding-y) var(--bs-dropdown-item-padding-x);color:var(--bs-dropdown-link-color)}.dropdown-menu-dark{--bs-dropdown-color: #dee2e6;--bs-dropdown-bg: #343a40;--bs-dropdown-border-color: var(--bs-border-color-translucent);--bs-dropdown-box-shadow: ;--bs-dropdown-link-color: #dee2e6;--bs-dropdown-link-hover-color: #fff;--bs-dropdown-divider-bg: var(--bs-border-color-translucent);--bs-dropdown-link-hover-bg: rgba(255, 255, 255, .15);--bs-dropdown-link-active-color: #fff;--bs-dropdown-link-active-bg: #0d6efd;--bs-dropdown-link-disabled-color: #adb5bd;--bs-dropdown-header-color: #adb5bd}.btn-group,.btn-group-vertical{position:relative;display:inline-flex;vertical-align:middle}.btn-group>.btn,.btn-group-vertical>.btn{position:relative;flex:1 1 auto}.btn-group>.btn-check:checked+.btn,.btn-group>.btn-check:focus+.btn,.btn-group>.btn:hover,.btn-group>.btn:focus,.btn-group>.btn:active,.btn-group>.btn.active,.btn-group-vertical>.btn-check:checked+.btn,.btn-group-vertical>.btn-check:focus+.btn,.btn-group-vertical>.btn:hover,.btn-group-vertical>.btn:focus,.btn-group-vertical>.btn:active,.btn-group-vertical>.btn.active{z-index:1}.btn-toolbar{display:flex;flex-wrap:wrap;justify-content:flex-start}.btn-toolbar .input-group{width:auto}.btn-group{border-radius:var(--bs-border-radius)}.btn-group>:not(.btn-check:first-child)+.btn,.btn-group>.btn-group:not(:first-child){margin-left:calc(var(--bs-border-width) * -1)}.btn-group>.btn:not(:last-child):not(.dropdown-toggle),.btn-group>.btn.dropdown-toggle-split:first-child,.btn-group>.btn-group:not(:last-child)>.btn{border-top-right-radius:0;border-bottom-right-radius:0}.btn-group>.btn:nth-child(n+3),.btn-group>:not(.btn-check)+.btn,.btn-group>.btn-group:not(:first-child)>.btn{border-top-left-radius:0;border-bottom-left-radius:0}.dropdown-toggle-split{padding-right:.5625rem;padding-left:.5625rem}.dropdown-toggle-split:after,.dropup .dropdown-toggle-split:after,.dropend .dropdown-toggle-split:after{margin-left:0}.dropstart .dropdown-toggle-split:before{margin-right:0}.btn-sm+.dropdown-toggle-split,.btn-group-sm>.btn+.dropdown-toggle-split{padding-right:.375rem;padding-left:.375rem}.btn-lg+.dropdown-toggle-split,.btn-group-lg>.btn+.dropdown-toggle-split{padding-right:.75rem;padding-left:.75rem}.btn-group-vertical{flex-direction:column;align-items:flex-start;justify-content:center}.btn-group-vertical>.btn,.btn-group-vertical>.btn-group{width:100%}.btn-group-vertical>.btn:not(:first-child),.btn-group-vertical>.btn-group:not(:first-child){margin-top:calc(var(--bs-border-width) * -1)}.btn-group-vertical>.btn:not(:last-child):not(.dropdown-toggle),.btn-group-vertical>.btn-group:not(:last-child)>.btn{border-bottom-right-radius:0;border-bottom-left-radius:0}.btn-group-vertical>.btn~.btn,.btn-group-vertical>.btn-group:not(:first-child)>.btn{border-top-left-radius:0;border-top-right-radius:0}.nav{--bs-nav-link-padding-x: 1rem;--bs-nav-link-padding-y: .5rem;--bs-nav-link-font-weight: ;--bs-nav-link-color: var(--bs-link-color);--bs-nav-link-hover-color: var(--bs-link-hover-color);--bs-nav-link-disabled-color: var(--bs-secondary-color);display:flex;flex-wrap:wrap;padding-left:0;margin-bottom:0;list-style:none}.nav-link{display:block;padding:var(--bs-nav-link-padding-y) var(--bs-nav-link-padding-x);font-size:var(--bs-nav-link-font-size);font-weight:var(--bs-nav-link-font-weight);color:var(--bs-nav-link-color);text-decoration:none;background:none;border:0;transition:color .15s ease-in-out,background-color .15s ease-in-out,border-color .15s ease-in-out}@media (prefers-reduced-motion: reduce){.nav-link{transition:none}}.nav-link:hover,.nav-link:focus{color:var(--bs-nav-link-hover-color)}.nav-link:focus-visible{outline:0;box-shadow:0 0 0 .25rem #0d6efd40}.nav-link.disabled,.nav-link:disabled{color:var(--bs-nav-link-disabled-color);pointer-events:none;cursor:default}.nav-tabs{--bs-nav-tabs-border-width: var(--bs-border-width);--bs-nav-tabs-border-color: var(--bs-border-color);--bs-nav-tabs-border-radius: var(--bs-border-radius);--bs-nav-tabs-link-hover-border-color: var(--bs-secondary-bg) var(--bs-secondary-bg) var(--bs-border-color);--bs-nav-tabs-link-active-color: var(--bs-emphasis-color);--bs-nav-tabs-link-active-bg: var(--bs-body-bg);--bs-nav-tabs-link-active-border-color: var(--bs-border-color) var(--bs-border-color) var(--bs-body-bg);border-bottom:var(--bs-nav-tabs-border-width) solid var(--bs-nav-tabs-border-color)}.nav-tabs .nav-link{margin-bottom:calc(-1 * var(--bs-nav-tabs-border-width));border:var(--bs-nav-tabs-border-width) solid transparent;border-top-left-radius:var(--bs-nav-tabs-border-radius);border-top-right-radius:var(--bs-nav-tabs-border-radius)}.nav-tabs .nav-link:hover,.nav-tabs .nav-link:focus{isolation:isolate;border-color:var(--bs-nav-tabs-link-hover-border-color)}.nav-tabs .nav-link.active,.nav-tabs .nav-item.show .nav-link{color:var(--bs-nav-tabs-link-active-color);background-color:var(--bs-nav-tabs-link-active-bg);border-color:var(--bs-nav-tabs-link-active-border-color)}.nav-tabs .dropdown-menu{margin-top:calc(-1 * var(--bs-nav-tabs-border-width));border-top-left-radius:0;border-top-right-radius:0}.nav-pills{--bs-nav-pills-border-radius: var(--bs-border-radius);--bs-nav-pills-link-active-color: #fff;--bs-nav-pills-link-active-bg: #0d6efd}.nav-pills .nav-link{border-radius:var(--bs-nav-pills-border-radius)}.nav-pills .nav-link.active,.nav-pills .show>.nav-link{color:var(--bs-nav-pills-link-active-color);background-color:var(--bs-nav-pills-link-active-bg)}.nav-underline{--bs-nav-underline-gap: 1rem;--bs-nav-underline-border-width: .125rem;--bs-nav-underline-link-active-color: var(--bs-emphasis-color);gap:var(--bs-nav-underline-gap)}.nav-underline .nav-link{padding-right:0;padding-left:0;border-bottom:var(--bs-nav-underline-border-width) solid transparent}.nav-underline .nav-link:hover,.nav-underline .nav-link:focus{border-bottom-color:currentcolor}.nav-underline .nav-link.active,.nav-underline .show>.nav-link{font-weight:700;color:var(--bs-nav-underline-link-active-color);border-bottom-color:currentcolor}.nav-fill>.nav-link,.nav-fill .nav-item{flex:1 1 auto;text-align:center}.nav-justified>.nav-link,.nav-justified .nav-item{flex-basis:0;flex-grow:1;text-align:center}.nav-fill .nav-item .nav-link,.nav-justified .nav-item .nav-link{width:100%}.tab-content>.tab-pane{display:none}.tab-content>.active{display:block}.navbar{--bs-navbar-padding-x: 0;--bs-navbar-padding-y: .5rem;--bs-navbar-color: rgba(var(--bs-emphasis-color-rgb), .65);--bs-navbar-hover-color: rgba(var(--bs-emphasis-color-rgb), .8);--bs-navbar-disabled-color: rgba(var(--bs-emphasis-color-rgb), .3);--bs-navbar-active-color: rgba(var(--bs-emphasis-color-rgb), 1);--bs-navbar-brand-padding-y: .3125rem;--bs-navbar-brand-margin-end: 1rem;--bs-navbar-brand-font-size: 1.25rem;--bs-navbar-brand-color: rgba(var(--bs-emphasis-color-rgb), 1);--bs-navbar-brand-hover-color: rgba(var(--bs-emphasis-color-rgb), 1);--bs-navbar-nav-link-padding-x: .5rem;--bs-navbar-toggler-padding-y: .25rem;--bs-navbar-toggler-padding-x: .75rem;--bs-navbar-toggler-font-size: 1.25rem;--bs-navbar-toggler-icon-bg: url("data:image/svg+xml,%3csvg xmlns='http://www.w3.org/2000/svg' viewBox='0 0 30 30'%3e%3cpath stroke='rgba%2833, 37, 41, 0.75%29' stroke-linecap='round' stroke-miterlimit='10' stroke-width='2' d='M4 7h22M4 15h22M4 23h22'/%3e%3c/svg%3e");--bs-navbar-toggler-border-color: rgba(var(--bs-emphasis-color-rgb), .15);--bs-navbar-toggler-border-radius: var(--bs-border-radius);--bs-navbar-toggler-focus-width: .25rem;--bs-navbar-toggler-transition: box-shadow .15s ease-in-out;position:relative;display:flex;flex-wrap:wrap;align-items:center;justify-content:space-between;padding:var(--bs-navbar-padding-y) var(--bs-navbar-padding-x)}.navbar>.container,.navbar>.container-fluid,.navbar>.container-sm,.navbar>.container-md,.navbar>.container-lg,.navbar>.container-xl,.navbar>.container-xxl{display:flex;flex-wrap:inherit;align-items:center;justify-content:space-between}.navbar-brand{padding-top:var(--bs-navbar-brand-padding-y);padding-bottom:var(--bs-navbar-brand-padding-y);margin-right:var(--bs-navbar-brand-margin-end);font-size:var(--bs-navbar-brand-font-size);color:var(--bs-navbar-brand-color);text-decoration:none;white-space:nowrap}.navbar-brand:hover,.navbar-brand:focus{color:var(--bs-navbar-brand-hover-color)}.navbar-nav{--bs-nav-link-padding-x: 0;--bs-nav-link-padding-y: .5rem;--bs-nav-link-font-weight: ;--bs-nav-link-color: var(--bs-navbar-color);--bs-nav-link-hover-color: var(--bs-navbar-hover-color);--bs-nav-link-disabled-color: var(--bs-navbar-disabled-color);display:flex;flex-direction:column;padding-left:0;margin-bottom:0;list-style:none}.navbar-nav .nav-link.active,.navbar-nav .nav-link.show{color:var(--bs-navbar-active-color)}.navbar-nav .dropdown-menu{position:static}.navbar-text{padding-top:.5rem;padding-bottom:.5rem;color:var(--bs-navbar-color)}.navbar-text a,.navbar-text a:hover,.navbar-text a:focus{color:var(--bs-navbar-active-color)}.navbar-collapse{flex-basis:100%;flex-grow:1;align-items:center}.navbar-toggler{padding:var(--bs-navbar-toggler-padding-y) var(--bs-navbar-toggler-padding-x);font-size:var(--bs-navbar-toggler-font-size);line-height:1;color:var(--bs-navbar-color);background-color:transparent;border:var(--bs-border-width) solid var(--bs-navbar-toggler-border-color);border-radius:var(--bs-navbar-toggler-border-radius);transition:var(--bs-navbar-toggler-transition)}@media (prefers-reduced-motion: reduce){.navbar-toggler{transition:none}}.navbar-toggler:hover{text-decoration:none}.navbar-toggler:focus{text-decoration:none;outline:0;box-shadow:0 0 0 var(--bs-navbar-toggler-focus-width)}.navbar-toggler-icon{display:inline-block;width:1.5em;height:1.5em;vertical-align:middle;background-image:var(--bs-navbar-toggler-icon-bg);background-repeat:no-repeat;background-position:center;background-size:100%}.navbar-nav-scroll{max-height:var(--bs-scroll-height, 75vh);overflow-y:auto}@media (min-width: 576px){.navbar-expand-sm{flex-wrap:nowrap;justify-content:flex-start}.navbar-expand-sm .navbar-nav{flex-direction:row}.navbar-expand-sm .navbar-nav .dropdown-menu{position:absolute}.navbar-expand-sm .navbar-nav .nav-link{padding-right:var(--bs-navbar-nav-link-padding-x);padding-left:var(--bs-navbar-nav-link-padding-x)}.navbar-expand-sm .navbar-nav-scroll{overflow:visible}.navbar-expand-sm .navbar-collapse{display:flex!important;flex-basis:auto}.navbar-expand-sm .navbar-toggler{display:none}.navbar-expand-sm .offcanvas{position:static;z-index:auto;flex-grow:1;width:auto!important;height:auto!important;visibility:visible!important;background-color:transparent!important;border:0!important;transform:none!important;transition:none}.navbar-expand-sm .offcanvas .offcanvas-header{display:none}.navbar-expand-sm .offcanvas .offcanvas-body{display:flex;flex-grow:0;padding:0;overflow-y:visible}}@media (min-width: 768px){.navbar-expand-md{flex-wrap:nowrap;justify-content:flex-start}.navbar-expand-md .navbar-nav{flex-direction:row}.navbar-expand-md .navbar-nav .dropdown-menu{position:absolute}.navbar-expand-md .navbar-nav .nav-link{padding-right:var(--bs-navbar-nav-link-padding-x);padding-left:var(--bs-navbar-nav-link-padding-x)}.navbar-expand-md .navbar-nav-scroll{overflow:visible}.navbar-expand-md .navbar-collapse{display:flex!important;flex-basis:auto}.navbar-expand-md .navbar-toggler{display:none}.navbar-expand-md .offcanvas{position:static;z-index:auto;flex-grow:1;width:auto!important;height:auto!important;visibility:visible!important;background-color:transparent!important;border:0!important;transform:none!important;transition:none}.navbar-expand-md .offcanvas .offcanvas-header{display:none}.navbar-expand-md .offcanvas .offcanvas-body{display:flex;flex-grow:0;padding:0;overflow-y:visible}}@media (min-width: 992px){.navbar-expand-lg{flex-wrap:nowrap;justify-content:flex-start}.navbar-expand-lg .navbar-nav{flex-direction:row}.navbar-expand-lg .navbar-nav .dropdown-menu{position:absolute}.navbar-expand-lg .navbar-nav .nav-link{padding-right:var(--bs-navbar-nav-link-padding-x);padding-left:var(--bs-navbar-nav-link-padding-x)}.navbar-expand-lg .navbar-nav-scroll{overflow:visible}.navbar-expand-lg .navbar-collapse{display:flex!important;flex-basis:auto}.navbar-expand-lg .navbar-toggler{display:none}.navbar-expand-lg .offcanvas{position:static;z-index:auto;flex-grow:1;width:auto!important;height:auto!important;visibility:visible!important;background-color:transparent!important;border:0!important;transform:none!important;transition:none}.navbar-expand-lg .offcanvas .offcanvas-header{display:none}.navbar-expand-lg .offcanvas .offcanvas-body{display:flex;flex-grow:0;padding:0;overflow-y:visible}}@media (min-width: 1200px){.navbar-expand-xl{flex-wrap:nowrap;justify-content:flex-start}.navbar-expand-xl .navbar-nav{flex-direction:row}.navbar-expand-xl .navbar-nav .dropdown-menu{position:absolute}.navbar-expand-xl .navbar-nav .nav-link{padding-right:var(--bs-navbar-nav-link-padding-x);padding-left:var(--bs-navbar-nav-link-padding-x)}.navbar-expand-xl .navbar-nav-scroll{overflow:visible}.navbar-expand-xl .navbar-collapse{display:flex!important;flex-basis:auto}.navbar-expand-xl .navbar-toggler{display:none}.navbar-expand-xl .offcanvas{position:static;z-index:auto;flex-grow:1;width:auto!important;height:auto!important;visibility:visible!important;background-color:transparent!important;border:0!important;transform:none!important;transition:none}.navbar-expand-xl .offcanvas .offcanvas-header{display:none}.navbar-expand-xl .offcanvas .offcanvas-body{display:flex;flex-grow:0;padding:0;overflow-y:visible}}@media (min-width: 1400px){.navbar-expand-xxl{flex-wrap:nowrap;justify-content:flex-start}.navbar-expand-xxl .navbar-nav{flex-direction:row}.navbar-expand-xxl .navbar-nav .dropdown-menu{position:absolute}.navbar-expand-xxl .navbar-nav .nav-link{padding-right:var(--bs-navbar-nav-link-padding-x);padding-left:var(--bs-navbar-nav-link-padding-x)}.navbar-expand-xxl .navbar-nav-scroll{overflow:visible}.navbar-expand-xxl .navbar-collapse{display:flex!important;flex-basis:auto}.navbar-expand-xxl .navbar-toggler{display:none}.navbar-expand-xxl .offcanvas{position:static;z-index:auto;flex-grow:1;width:auto!important;height:auto!important;visibility:visible!important;background-color:transparent!important;border:0!important;transform:none!important;transition:none}.navbar-expand-xxl .offcanvas .offcanvas-header{display:none}.navbar-expand-xxl .offcanvas .offcanvas-body{display:flex;flex-grow:0;padding:0;overflow-y:visible}}.navbar-expand{flex-wrap:nowrap;justify-content:flex-start}.navbar-expand .navbar-nav{flex-direction:row}.navbar-expand .navbar-nav .dropdown-menu{position:absolute}.navbar-expand .navbar-nav .nav-link{padding-right:var(--bs-navbar-nav-link-padding-x);padding-left:var(--bs-navbar-nav-link-padding-x)}.navbar-expand .navbar-nav-scroll{overflow:visible}.navbar-expand .navbar-collapse{display:flex!important;flex-basis:auto}.navbar-expand .navbar-toggler{display:none}.navbar-expand .offcanvas{position:static;z-index:auto;flex-grow:1;width:auto!important;height:auto!important;visibility:visible!important;background-color:transparent!important;border:0!important;transform:none!important;transition:none}.navbar-expand .offcanvas .offcanvas-header{display:none}.navbar-expand .offcanvas .offcanvas-body{display:flex;flex-grow:0;padding:0;overflow-y:visible}.navbar-dark,.navbar[data-bs-theme=dark]{--bs-navbar-color: rgba(255, 255, 255, .55);--bs-navbar-hover-color: rgba(255, 255, 255, .75);--bs-navbar-disabled-color: rgba(255, 255, 255, .25);--bs-navbar-active-color: #fff;--bs-navbar-brand-color: #fff;--bs-navbar-brand-hover-color: #fff;--bs-navbar-toggler-border-color: rgba(255, 255, 255, .1);--bs-navbar-toggler-icon-bg: url("data:image/svg+xml,%3csvg xmlns='http://www.w3.org/2000/svg' viewBox='0 0 30 30'%3e%3cpath stroke='rgba%28255, 255, 255, 0.55%29' stroke-linecap='round' stroke-miterlimit='10' stroke-width='2' d='M4 7h22M4 15h22M4 23h22'/%3e%3c/svg%3e")}[data-bs-theme=dark] .navbar-toggler-icon{--bs-navbar-toggler-icon-bg: url("data:image/svg+xml,%3csvg xmlns='http://www.w3.org/2000/svg' viewBox='0 0 30 30'%3e%3cpath stroke='rgba%28255, 255, 255, 0.55%29' stroke-linecap='round' stroke-miterlimit='10' stroke-width='2' d='M4 7h22M4 15h22M4 23h22'/%3e%3c/svg%3e")}.card{--bs-card-spacer-y: 1rem;--bs-card-spacer-x: 1rem;--bs-card-title-spacer-y: .5rem;--bs-card-title-color: ;--bs-card-subtitle-color: ;--bs-card-border-width: var(--bs-border-width);--bs-card-border-color: var(--bs-border-color-translucent);--bs-card-border-radius: var(--bs-border-radius);--bs-card-box-shadow: ;--bs-card-inner-border-radius: calc(var(--bs-border-radius) - (var(--bs-border-width)));--bs-card-cap-padding-y: .5rem;--bs-card-cap-padding-x: 1rem;--bs-card-cap-bg: rgba(var(--bs-body-color-rgb), .03);--bs-card-cap-color: ;--bs-card-height: ;--bs-card-color: ;--bs-card-bg: var(--bs-body-bg);--bs-card-img-overlay-padding: 1rem;--bs-card-group-margin: .75rem;position:relative;display:flex;flex-direction:column;min-width:0;height:var(--bs-card-height);color:var(--bs-body-color);word-wrap:break-word;background-color:var(--bs-card-bg);background-clip:border-box;border:var(--bs-card-border-width) solid var(--bs-card-border-color);border-radius:var(--bs-card-border-radius)}.card>hr{margin-right:0;margin-left:0}.card>.list-group{border-top:inherit;border-bottom:inherit}.card>.list-group:first-child{border-top-width:0;border-top-left-radius:var(--bs-card-inner-border-radius);border-top-right-radius:var(--bs-card-inner-border-radius)}.card>.list-group:last-child{border-bottom-width:0;border-bottom-right-radius:var(--bs-card-inner-border-radius);border-bottom-left-radius:var(--bs-card-inner-border-radius)}.card>.card-header+.list-group,.card>.list-group+.card-footer{border-top:0}.card-body{flex:1 1 auto;padding:var(--bs-card-spacer-y) var(--bs-card-spacer-x);color:var(--bs-card-color)}.card-title{margin-bottom:var(--bs-card-title-spacer-y);color:var(--bs-card-title-color)}.card-subtitle{margin-top:calc(-.5 * var(--bs-card-title-spacer-y));margin-bottom:0;color:var(--bs-card-subtitle-color)}.card-text:last-child{margin-bottom:0}.card-link+.card-link{margin-left:var(--bs-card-spacer-x)}.card-header{padding:var(--bs-card-cap-padding-y) var(--bs-card-cap-padding-x);margin-bottom:0;color:var(--bs-card-cap-color);background-color:var(--bs-card-cap-bg);border-bottom:var(--bs-card-border-width) solid var(--bs-card-border-color)}.card-header:first-child{border-radius:var(--bs-card-inner-border-radius) var(--bs-card-inner-border-radius) 0 0}.card-footer{padding:var(--bs-card-cap-padding-y) var(--bs-card-cap-padding-x);color:var(--bs-card-cap-color);background-color:var(--bs-card-cap-bg);border-top:var(--bs-card-border-width) solid var(--bs-card-border-color)}.card-footer:last-child{border-radius:0 0 var(--bs-card-inner-border-radius) var(--bs-card-inner-border-radius)}.card-header-tabs{margin-right:calc(-.5 * var(--bs-card-cap-padding-x));margin-bottom:calc(-1 * var(--bs-card-cap-padding-y));margin-left:calc(-.5 * var(--bs-card-cap-padding-x));border-bottom:0}.card-header-tabs .nav-link.active{background-color:var(--bs-card-bg);border-bottom-color:var(--bs-card-bg)}.card-header-pills{margin-right:calc(-.5 * var(--bs-card-cap-padding-x));margin-left:calc(-.5 * var(--bs-card-cap-padding-x))}.card-img-overlay{position:absolute;inset:0;padding:var(--bs-card-img-overlay-padding);border-radius:var(--bs-card-inner-border-radius)}.card-img,.card-img-top,.card-img-bottom{width:100%}.card-img,.card-img-top{border-top-left-radius:var(--bs-card-inner-border-radius);border-top-right-radius:var(--bs-card-inner-border-radius)}.card-img,.card-img-bottom{border-bottom-right-radius:var(--bs-card-inner-border-radius);border-bottom-left-radius:var(--bs-card-inner-border-radius)}.card-group>.card{margin-bottom:var(--bs-card-group-margin)}@media (min-width: 576px){.card-group{display:flex;flex-flow:row wrap}.card-group>.card{flex:1 0 0%;margin-bottom:0}.card-group>.card+.card{margin-left:0;border-left:0}.card-group>.card:not(:last-child){border-top-right-radius:0;border-bottom-right-radius:0}.card-group>.card:not(:last-child) .card-img-top,.card-group>.card:not(:last-child) .card-header{border-top-right-radius:0}.card-group>.card:not(:last-child) .card-img-bottom,.card-group>.card:not(:last-child) .card-footer{border-bottom-right-radius:0}.card-group>.card:not(:first-child){border-top-left-radius:0;border-bottom-left-radius:0}.card-group>.card:not(:first-child) .card-img-top,.card-group>.card:not(:first-child) .card-header{border-top-left-radius:0}.card-group>.card:not(:first-child) .card-img-bottom,.card-group>.card:not(:first-child) .card-footer{border-bottom-left-radius:0}}.accordion{--bs-accordion-color: var(--bs-body-color);--bs-accordion-bg: var(--bs-body-bg);--bs-accordion-transition: color .15s ease-in-out, background-color .15s ease-in-out, border-color .15s ease-in-out, box-shadow .15s ease-in-out, border-radius .15s ease;--bs-accordion-border-color: var(--bs-border-color);--bs-accordion-border-width: var(--bs-border-width);--bs-accordion-border-radius: var(--bs-border-radius);--bs-accordion-inner-border-radius: calc(var(--bs-border-radius) - (var(--bs-border-width)));--bs-accordion-btn-padding-x: 1.25rem;--bs-accordion-btn-padding-y: 1rem;--bs-accordion-btn-color: var(--bs-body-color);--bs-accordion-btn-bg: var(--bs-accordion-bg);--bs-accordion-btn-icon: url("data:image/svg+xml,%3csvg xmlns='http://www.w3.org/2000/svg' viewBox='0 0 16 16' fill='%23212529'%3e%3cpath fill-rule='evenodd' d='M1.646 4.646a.5.5 0 0 1 .708 0L8 10.293l5.646-5.647a.5.5 0 0 1 .708.708l-6 6a.5.5 0 0 1-.708 0l-6-6a.5.5 0 0 1 0-.708z'/%3e%3c/svg%3e");--bs-accordion-btn-icon-width: 1.25rem;--bs-accordion-btn-icon-transform: rotate(-180deg);--bs-accordion-btn-icon-transition: transform .2s ease-in-out;--bs-accordion-btn-active-icon: url("data:image/svg+xml,%3csvg xmlns='http://www.w3.org/2000/svg' viewBox='0 0 16 16' fill='%23052c65'%3e%3cpath fill-rule='evenodd' d='M1.646 4.646a.5.5 0 0 1 .708 0L8 10.293l5.646-5.647a.5.5 0 0 1 .708.708l-6 6a.5.5 0 0 1-.708 0l-6-6a.5.5 0 0 1 0-.708z'/%3e%3c/svg%3e");--bs-accordion-btn-focus-border-color: #86b7fe;--bs-accordion-btn-focus-box-shadow: 0 0 0 .25rem rgba(13, 110, 253, .25);--bs-accordion-body-padding-x: 1.25rem;--bs-accordion-body-padding-y: 1rem;--bs-accordion-active-color: var(--bs-primary-text-emphasis);--bs-accordion-active-bg: var(--bs-primary-bg-subtle)}.accordion-button{position:relative;display:flex;align-items:center;width:100%;padding:var(--bs-accordion-btn-padding-y) var(--bs-accordion-btn-padding-x);font-size:1rem;color:var(--bs-accordion-btn-color);text-align:left;background-color:var(--bs-accordion-btn-bg);border:0;border-radius:0;overflow-anchor:none;transition:var(--bs-accordion-transition)}@media (prefers-reduced-motion: reduce){.accordion-button{transition:none}}.accordion-button:not(.collapsed){color:var(--bs-accordion-active-color);background-color:var(--bs-accordion-active-bg);box-shadow:inset 0 calc(-1 * var(--bs-accordion-border-width)) 0 var(--bs-accordion-border-color)}.accordion-button:not(.collapsed):after{background-image:var(--bs-accordion-btn-active-icon);transform:var(--bs-accordion-btn-icon-transform)}.accordion-button:after{flex-shrink:0;width:var(--bs-accordion-btn-icon-width);height:var(--bs-accordion-btn-icon-width);margin-left:auto;content:"";background-image:var(--bs-accordion-btn-icon);background-repeat:no-repeat;background-size:var(--bs-accordion-btn-icon-width);transition:var(--bs-accordion-btn-icon-transition)}@media (prefers-reduced-motion: reduce){.accordion-button:after{transition:none}}.accordion-button:hover{z-index:2}.accordion-button:focus{z-index:3;border-color:var(--bs-accordion-btn-focus-border-color);outline:0;box-shadow:var(--bs-accordion-btn-focus-box-shadow)}.accordion-header{margin-bottom:0}.accordion-item{color:var(--bs-accordion-color);background-color:var(--bs-accordion-bg);border:var(--bs-accordion-border-width) solid var(--bs-accordion-border-color)}.accordion-item:first-of-type{border-top-left-radius:var(--bs-accordion-border-radius);border-top-right-radius:var(--bs-accordion-border-radius)}.accordion-item:first-of-type .accordion-button{border-top-left-radius:var(--bs-accordion-inner-border-radius);border-top-right-radius:var(--bs-accordion-inner-border-radius)}.accordion-item:not(:first-of-type){border-top:0}.accordion-item:last-of-type{border-bottom-right-radius:var(--bs-accordion-border-radius);border-bottom-left-radius:var(--bs-accordion-border-radius)}.accordion-item:last-of-type .accordion-button.collapsed{border-bottom-right-radius:var(--bs-accordion-inner-border-radius);border-bottom-left-radius:var(--bs-accordion-inner-border-radius)}.accordion-item:last-of-type .accordion-collapse{border-bottom-right-radius:var(--bs-accordion-border-radius);border-bottom-left-radius:var(--bs-accordion-border-radius)}.accordion-body{padding:var(--bs-accordion-body-padding-y) var(--bs-accordion-body-padding-x)}.accordion-flush .accordion-collapse{border-width:0}.accordion-flush .accordion-item{border-right:0;border-left:0;border-radius:0}.accordion-flush .accordion-item:first-child{border-top:0}.accordion-flush .accordion-item:last-child{border-bottom:0}.accordion-flush .accordion-item .accordion-button,.accordion-flush .accordion-item .accordion-button.collapsed{border-radius:0}[data-bs-theme=dark] .accordion-button:after{--bs-accordion-btn-icon: url("data:image/svg+xml,%3csvg xmlns='http://www.w3.org/2000/svg' viewBox='0 0 16 16' fill='%236ea8fe'%3e%3cpath fill-rule='evenodd' d='M1.646 4.646a.5.5 0 0 1 .708 0L8 10.293l5.646-5.647a.5.5 0 0 1 .708.708l-6 6a.5.5 0 0 1-.708 0l-6-6a.5.5 0 0 1 0-.708z'/%3e%3c/svg%3e");--bs-accordion-btn-active-icon: url("data:image/svg+xml,%3csvg xmlns='http://www.w3.org/2000/svg' viewBox='0 0 16 16' fill='%236ea8fe'%3e%3cpath fill-rule='evenodd' d='M1.646 4.646a.5.5 0 0 1 .708 0L8 10.293l5.646-5.647a.5.5 0 0 1 .708.708l-6 6a.5.5 0 0 1-.708 0l-6-6a.5.5 0 0 1 0-.708z'/%3e%3c/svg%3e")}.breadcrumb{--bs-breadcrumb-padding-x: 0;--bs-breadcrumb-padding-y: 0;--bs-breadcrumb-margin-bottom: 1rem;--bs-breadcrumb-bg: ;--bs-breadcrumb-border-radius: ;--bs-breadcrumb-divider-color: var(--bs-secondary-color);--bs-breadcrumb-item-padding-x: .5rem;--bs-breadcrumb-item-active-color: var(--bs-secondary-color);display:flex;flex-wrap:wrap;padding:var(--bs-breadcrumb-padding-y) var(--bs-breadcrumb-padding-x);margin-bottom:var(--bs-breadcrumb-margin-bottom);font-size:var(--bs-breadcrumb-font-size);list-style:none;background-color:var(--bs-breadcrumb-bg);border-radius:var(--bs-breadcrumb-border-radius)}.breadcrumb-item+.breadcrumb-item{padding-left:var(--bs-breadcrumb-item-padding-x)}.breadcrumb-item+.breadcrumb-item:before{float:left;padding-right:var(--bs-breadcrumb-item-padding-x);color:var(--bs-breadcrumb-divider-color);content:var(--bs-breadcrumb-divider, "/")}.breadcrumb-item.active{color:var(--bs-breadcrumb-item-active-color)}.pagination{--bs-pagination-padding-x: .75rem;--bs-pagination-padding-y: .375rem;--bs-pagination-font-size: 1rem;--bs-pagination-color: var(--bs-link-color);--bs-pagination-bg: var(--bs-body-bg);--bs-pagination-border-width: var(--bs-border-width);--bs-pagination-border-color: var(--bs-border-color);--bs-pagination-border-radius: var(--bs-border-radius);--bs-pagination-hover-color: var(--bs-link-hover-color);--bs-pagination-hover-bg: var(--bs-tertiary-bg);--bs-pagination-hover-border-color: var(--bs-border-color);--bs-pagination-focus-color: var(--bs-link-hover-color);--bs-pagination-focus-bg: var(--bs-secondary-bg);--bs-pagination-focus-box-shadow: 0 0 0 .25rem rgba(13, 110, 253, .25);--bs-pagination-active-color: #fff;--bs-pagination-active-bg: #0d6efd;--bs-pagination-active-border-color: #0d6efd;--bs-pagination-disabled-color: var(--bs-secondary-color);--bs-pagination-disabled-bg: var(--bs-secondary-bg);--bs-pagination-disabled-border-color: var(--bs-border-color);display:flex;padding-left:0;list-style:none}.page-link{position:relative;display:block;padding:var(--bs-pagination-padding-y) var(--bs-pagination-padding-x);font-size:var(--bs-pagination-font-size);color:var(--bs-pagination-color);text-decoration:none;background-color:var(--bs-pagination-bg);border:var(--bs-pagination-border-width) solid var(--bs-pagination-border-color);transition:color .15s ease-in-out,background-color .15s ease-in-out,border-color .15s ease-in-out,box-shadow .15s ease-in-out}@media (prefers-reduced-motion: reduce){.page-link{transition:none}}.page-link:hover{z-index:2;color:var(--bs-pagination-hover-color);background-color:var(--bs-pagination-hover-bg);border-color:var(--bs-pagination-hover-border-color)}.page-link:focus{z-index:3;color:var(--bs-pagination-focus-color);background-color:var(--bs-pagination-focus-bg);outline:0;box-shadow:var(--bs-pagination-focus-box-shadow)}.page-link.active,.active>.page-link{z-index:3;color:var(--bs-pagination-active-color);background-color:var(--bs-pagination-active-bg);border-color:var(--bs-pagination-active-border-color)}.page-link.disabled,.disabled>.page-link{color:var(--bs-pagination-disabled-color);pointer-events:none;background-color:var(--bs-pagination-disabled-bg);border-color:var(--bs-pagination-disabled-border-color)}.page-item:not(:first-child) .page-link{margin-left:calc(var(--bs-border-width) * -1)}.page-item:first-child .page-link{border-top-left-radius:var(--bs-pagination-border-radius);border-bottom-left-radius:var(--bs-pagination-border-radius)}.page-item:last-child .page-link{border-top-right-radius:var(--bs-pagination-border-radius);border-bottom-right-radius:var(--bs-pagination-border-radius)}.pagination-lg{--bs-pagination-padding-x: 1.5rem;--bs-pagination-padding-y: .75rem;--bs-pagination-font-size: 1.25rem;--bs-pagination-border-radius: var(--bs-border-radius-lg)}.pagination-sm{--bs-pagination-padding-x: .5rem;--bs-pagination-padding-y: .25rem;--bs-pagination-font-size: .875rem;--bs-pagination-border-radius: var(--bs-border-radius-sm)}.badge{--bs-badge-padding-x: .65em;--bs-badge-padding-y: .35em;--bs-badge-font-size: .75em;--bs-badge-font-weight: 700;--bs-badge-color: #fff;--bs-badge-border-radius: var(--bs-border-radius);display:inline-block;padding:var(--bs-badge-padding-y) var(--bs-badge-padding-x);font-size:var(--bs-badge-font-size);font-weight:var(--bs-badge-font-weight);line-height:1;color:var(--bs-badge-color);text-align:center;white-space:nowrap;vertical-align:baseline;border-radius:var(--bs-badge-border-radius)}.badge:empty{display:none}.btn .badge{position:relative;top:-1px}.alert{--bs-alert-bg: transparent;--bs-alert-padding-x: 1rem;--bs-alert-padding-y: 1rem;--bs-alert-margin-bottom: 1rem;--bs-alert-color: inherit;--bs-alert-border-color: transparent;--bs-alert-border: var(--bs-border-width) solid var(--bs-alert-border-color);--bs-alert-border-radius: var(--bs-border-radius);--bs-alert-link-color: inherit;position:relative;padding:var(--bs-alert-padding-y) var(--bs-alert-padding-x);margin-bottom:var(--bs-alert-margin-bottom);color:var(--bs-alert-color);background-color:var(--bs-alert-bg);border:var(--bs-alert-border);border-radius:var(--bs-alert-border-radius)}.alert-heading{color:inherit}.alert-link{font-weight:700;color:var(--bs-alert-link-color)}.alert-dismissible{padding-right:3rem}.alert-dismissible .btn-close{position:absolute;top:0;right:0;z-index:2;padding:1.25rem 1rem}.alert-primary{--bs-alert-color: var(--bs-primary-text-emphasis);--bs-alert-bg: var(--bs-primary-bg-subtle);--bs-alert-border-color: var(--bs-primary-border-subtle);--bs-alert-link-color: var(--bs-primary-text-emphasis)}.alert-secondary{--bs-alert-color: var(--bs-secondary-text-emphasis);--bs-alert-bg: var(--bs-secondary-bg-subtle);--bs-alert-border-color: var(--bs-secondary-border-subtle);--bs-alert-link-color: var(--bs-secondary-text-emphasis)}.alert-success{--bs-alert-color: var(--bs-success-text-emphasis);--bs-alert-bg: var(--bs-success-bg-subtle);--bs-alert-border-color: var(--bs-success-border-subtle);--bs-alert-link-color: var(--bs-success-text-emphasis)}.alert-info{--bs-alert-color: var(--bs-info-text-emphasis);--bs-alert-bg: var(--bs-info-bg-subtle);--bs-alert-border-color: var(--bs-info-border-subtle);--bs-alert-link-color: var(--bs-info-text-emphasis)}.alert-warning{--bs-alert-color: var(--bs-warning-text-emphasis);--bs-alert-bg: var(--bs-warning-bg-subtle);--bs-alert-border-color: var(--bs-warning-border-subtle);--bs-alert-link-color: var(--bs-warning-text-emphasis)}.alert-danger{--bs-alert-color: var(--bs-danger-text-emphasis);--bs-alert-bg: var(--bs-danger-bg-subtle);--bs-alert-border-color: var(--bs-danger-border-subtle);--bs-alert-link-color: var(--bs-danger-text-emphasis)}.alert-light{--bs-alert-color: var(--bs-light-text-emphasis);--bs-alert-bg: var(--bs-light-bg-subtle);--bs-alert-border-color: var(--bs-light-border-subtle);--bs-alert-link-color: var(--bs-light-text-emphasis)}.alert-dark{--bs-alert-color: var(--bs-dark-text-emphasis);--bs-alert-bg: var(--bs-dark-bg-subtle);--bs-alert-border-color: var(--bs-dark-border-subtle);--bs-alert-link-color: var(--bs-dark-text-emphasis)}@keyframes progress-bar-stripes{0%{background-position-x:1rem}}.progress,.progress-stacked{--bs-progress-height: 1rem;--bs-progress-font-size: .75rem;--bs-progress-bg: var(--bs-secondary-bg);--bs-progress-border-radius: var(--bs-border-radius);--bs-progress-box-shadow: var(--bs-box-shadow-inset);--bs-progress-bar-color: #fff;--bs-progress-bar-bg: #0d6efd;--bs-progress-bar-transition: width .6s ease;display:flex;height:var(--bs-progress-height);overflow:hidden;font-size:var(--bs-progress-font-size);background-color:var(--bs-progress-bg);border-radius:var(--bs-progress-border-radius)}.progress-bar{display:flex;flex-direction:column;justify-content:center;overflow:hidden;color:var(--bs-progress-bar-color);text-align:center;white-space:nowrap;background-color:var(--bs-progress-bar-bg);transition:var(--bs-progress-bar-transition)}@media (prefers-reduced-motion: reduce){.progress-bar{transition:none}}.progress-bar-striped{background-image:linear-gradient(45deg,rgba(255,255,255,.15) 25%,transparent 25%,transparent 50%,rgba(255,255,255,.15) 50%,rgba(255,255,255,.15) 75%,transparent 75%,transparent);background-size:var(--bs-progress-height) var(--bs-progress-height)}.progress-stacked>.progress{overflow:visible}.progress-stacked>.progress>.progress-bar{width:100%}.progress-bar-animated{animation:1s linear infinite progress-bar-stripes}@media (prefers-reduced-motion: reduce){.progress-bar-animated{animation:none}}.list-group{--bs-list-group-color: var(--bs-body-color);--bs-list-group-bg: var(--bs-body-bg);--bs-list-group-border-color: var(--bs-border-color);--bs-list-group-border-width: var(--bs-border-width);--bs-list-group-border-radius: var(--bs-border-radius);--bs-list-group-item-padding-x: 1rem;--bs-list-group-item-padding-y: .5rem;--bs-list-group-action-color: var(--bs-secondary-color);--bs-list-group-action-hover-color: var(--bs-emphasis-color);--bs-list-group-action-hover-bg: var(--bs-tertiary-bg);--bs-list-group-action-active-color: var(--bs-body-color);--bs-list-group-action-active-bg: var(--bs-secondary-bg);--bs-list-group-disabled-color: var(--bs-secondary-color);--bs-list-group-disabled-bg: var(--bs-body-bg);--bs-list-group-active-color: #fff;--bs-list-group-active-bg: #0d6efd;--bs-list-group-active-border-color: #0d6efd;display:flex;flex-direction:column;padding-left:0;margin-bottom:0;border-radius:var(--bs-list-group-border-radius)}.list-group-numbered{list-style-type:none;counter-reset:section}.list-group-numbered>.list-group-item:before{content:counters(section,".") ". ";counter-increment:section}.list-group-item-action{width:100%;color:var(--bs-list-group-action-color);text-align:inherit}.list-group-item-action:hover,.list-group-item-action:focus{z-index:1;color:var(--bs-list-group-action-hover-color);text-decoration:none;background-color:var(--bs-list-group-action-hover-bg)}.list-group-item-action:active{color:var(--bs-list-group-action-active-color);background-color:var(--bs-list-group-action-active-bg)}.list-group-item{position:relative;display:block;padding:var(--bs-list-group-item-padding-y) var(--bs-list-group-item-padding-x);color:var(--bs-list-group-color);text-decoration:none;background-color:var(--bs-list-group-bg);border:var(--bs-list-group-border-width) solid var(--bs-list-group-border-color)}.list-group-item:first-child{border-top-left-radius:inherit;border-top-right-radius:inherit}.list-group-item:last-child{border-bottom-right-radius:inherit;border-bottom-left-radius:inherit}.list-group-item.disabled,.list-group-item:disabled{color:var(--bs-list-group-disabled-color);pointer-events:none;background-color:var(--bs-list-group-disabled-bg)}.list-group-item.active{z-index:2;color:var(--bs-list-group-active-color);background-color:var(--bs-list-group-active-bg);border-color:var(--bs-list-group-active-border-color)}.list-group-item+.list-group-item{border-top-width:0}.list-group-item+.list-group-item.active{margin-top:calc(-1 * var(--bs-list-group-border-width));border-top-width:var(--bs-list-group-border-width)}.list-group-horizontal{flex-direction:row}.list-group-horizontal>.list-group-item:first-child:not(:last-child){border-bottom-left-radius:var(--bs-list-group-border-radius);border-top-right-radius:0}.list-group-horizontal>.list-group-item:last-child:not(:first-child){border-top-right-radius:var(--bs-list-group-border-radius);border-bottom-left-radius:0}.list-group-horizontal>.list-group-item.active{margin-top:0}.list-group-horizontal>.list-group-item+.list-group-item{border-top-width:var(--bs-list-group-border-width);border-left-width:0}.list-group-horizontal>.list-group-item+.list-group-item.active{margin-left:calc(-1 * var(--bs-list-group-border-width));border-left-width:var(--bs-list-group-border-width)}@media (min-width: 576px){.list-group-horizontal-sm{flex-direction:row}.list-group-horizontal-sm>.list-group-item:first-child:not(:last-child){border-bottom-left-radius:var(--bs-list-group-border-radius);border-top-right-radius:0}.list-group-horizontal-sm>.list-group-item:last-child:not(:first-child){border-top-right-radius:var(--bs-list-group-border-radius);border-bottom-left-radius:0}.list-group-horizontal-sm>.list-group-item.active{margin-top:0}.list-group-horizontal-sm>.list-group-item+.list-group-item{border-top-width:var(--bs-list-group-border-width);border-left-width:0}.list-group-horizontal-sm>.list-group-item+.list-group-item.active{margin-left:calc(-1 * var(--bs-list-group-border-width));border-left-width:var(--bs-list-group-border-width)}}@media (min-width: 768px){.list-group-horizontal-md{flex-direction:row}.list-group-horizontal-md>.list-group-item:first-child:not(:last-child){border-bottom-left-radius:var(--bs-list-group-border-radius);border-top-right-radius:0}.list-group-horizontal-md>.list-group-item:last-child:not(:first-child){border-top-right-radius:var(--bs-list-group-border-radius);border-bottom-left-radius:0}.list-group-horizontal-md>.list-group-item.active{margin-top:0}.list-group-horizontal-md>.list-group-item+.list-group-item{border-top-width:var(--bs-list-group-border-width);border-left-width:0}.list-group-horizontal-md>.list-group-item+.list-group-item.active{margin-left:calc(-1 * var(--bs-list-group-border-width));border-left-width:var(--bs-list-group-border-width)}}@media (min-width: 992px){.list-group-horizontal-lg{flex-direction:row}.list-group-horizontal-lg>.list-group-item:first-child:not(:last-child){border-bottom-left-radius:var(--bs-list-group-border-radius);border-top-right-radius:0}.list-group-horizontal-lg>.list-group-item:last-child:not(:first-child){border-top-right-radius:var(--bs-list-group-border-radius);border-bottom-left-radius:0}.list-group-horizontal-lg>.list-group-item.active{margin-top:0}.list-group-horizontal-lg>.list-group-item+.list-group-item{border-top-width:var(--bs-list-group-border-width);border-left-width:0}.list-group-horizontal-lg>.list-group-item+.list-group-item.active{margin-left:calc(-1 * var(--bs-list-group-border-width));border-left-width:var(--bs-list-group-border-width)}}@media (min-width: 1200px){.list-group-horizontal-xl{flex-direction:row}.list-group-horizontal-xl>.list-group-item:first-child:not(:last-child){border-bottom-left-radius:var(--bs-list-group-border-radius);border-top-right-radius:0}.list-group-horizontal-xl>.list-group-item:last-child:not(:first-child){border-top-right-radius:var(--bs-list-group-border-radius);border-bottom-left-radius:0}.list-group-horizontal-xl>.list-group-item.active{margin-top:0}.list-group-horizontal-xl>.list-group-item+.list-group-item{border-top-width:var(--bs-list-group-border-width);border-left-width:0}.list-group-horizontal-xl>.list-group-item+.list-group-item.active{margin-left:calc(-1 * var(--bs-list-group-border-width));border-left-width:var(--bs-list-group-border-width)}}@media (min-width: 1400px){.list-group-horizontal-xxl{flex-direction:row}.list-group-horizontal-xxl>.list-group-item:first-child:not(:last-child){border-bottom-left-radius:var(--bs-list-group-border-radius);border-top-right-radius:0}.list-group-horizontal-xxl>.list-group-item:last-child:not(:first-child){border-top-right-radius:var(--bs-list-group-border-radius);border-bottom-left-radius:0}.list-group-horizontal-xxl>.list-group-item.active{margin-top:0}.list-group-horizontal-xxl>.list-group-item+.list-group-item{border-top-width:var(--bs-list-group-border-width);border-left-width:0}.list-group-horizontal-xxl>.list-group-item+.list-group-item.active{margin-left:calc(-1 * var(--bs-list-group-border-width));border-left-width:var(--bs-list-group-border-width)}}.list-group-flush{border-radius:0}.list-group-flush>.list-group-item{border-width:0 0 var(--bs-list-group-border-width)}.list-group-flush>.list-group-item:last-child{border-bottom-width:0}.list-group-item-primary{--bs-list-group-color: var(--bs-primary-text-emphasis);--bs-list-group-bg: var(--bs-primary-bg-subtle);--bs-list-group-border-color: var(--bs-primary-border-subtle);--bs-list-group-action-hover-color: var(--bs-emphasis-color);--bs-list-group-action-hover-bg: var(--bs-primary-border-subtle);--bs-list-group-action-active-color: var(--bs-emphasis-color);--bs-list-group-action-active-bg: var(--bs-primary-border-subtle);--bs-list-group-active-color: var(--bs-primary-bg-subtle);--bs-list-group-active-bg: var(--bs-primary-text-emphasis);--bs-list-group-active-border-color: var(--bs-primary-text-emphasis)}.list-group-item-secondary{--bs-list-group-color: var(--bs-secondary-text-emphasis);--bs-list-group-bg: var(--bs-secondary-bg-subtle);--bs-list-group-border-color: var(--bs-secondary-border-subtle);--bs-list-group-action-hover-color: var(--bs-emphasis-color);--bs-list-group-action-hover-bg: var(--bs-secondary-border-subtle);--bs-list-group-action-active-color: var(--bs-emphasis-color);--bs-list-group-action-active-bg: var(--bs-secondary-border-subtle);--bs-list-group-active-color: var(--bs-secondary-bg-subtle);--bs-list-group-active-bg: var(--bs-secondary-text-emphasis);--bs-list-group-active-border-color: var(--bs-secondary-text-emphasis)}.list-group-item-success{--bs-list-group-color: var(--bs-success-text-emphasis);--bs-list-group-bg: var(--bs-success-bg-subtle);--bs-list-group-border-color: var(--bs-success-border-subtle);--bs-list-group-action-hover-color: var(--bs-emphasis-color);--bs-list-group-action-hover-bg: var(--bs-success-border-subtle);--bs-list-group-action-active-color: var(--bs-emphasis-color);--bs-list-group-action-active-bg: var(--bs-success-border-subtle);--bs-list-group-active-color: var(--bs-success-bg-subtle);--bs-list-group-active-bg: var(--bs-success-text-emphasis);--bs-list-group-active-border-color: var(--bs-success-text-emphasis)}.list-group-item-info{--bs-list-group-color: var(--bs-info-text-emphasis);--bs-list-group-bg: var(--bs-info-bg-subtle);--bs-list-group-border-color: var(--bs-info-border-subtle);--bs-list-group-action-hover-color: var(--bs-emphasis-color);--bs-list-group-action-hover-bg: var(--bs-info-border-subtle);--bs-list-group-action-active-color: var(--bs-emphasis-color);--bs-list-group-action-active-bg: var(--bs-info-border-subtle);--bs-list-group-active-color: var(--bs-info-bg-subtle);--bs-list-group-active-bg: var(--bs-info-text-emphasis);--bs-list-group-active-border-color: var(--bs-info-text-emphasis)}.list-group-item-warning{--bs-list-group-color: var(--bs-warning-text-emphasis);--bs-list-group-bg: var(--bs-warning-bg-subtle);--bs-list-group-border-color: var(--bs-warning-border-subtle);--bs-list-group-action-hover-color: var(--bs-emphasis-color);--bs-list-group-action-hover-bg: var(--bs-warning-border-subtle);--bs-list-group-action-active-color: var(--bs-emphasis-color);--bs-list-group-action-active-bg: var(--bs-warning-border-subtle);--bs-list-group-active-color: var(--bs-warning-bg-subtle);--bs-list-group-active-bg: var(--bs-warning-text-emphasis);--bs-list-group-active-border-color: var(--bs-warning-text-emphasis)}.list-group-item-danger{--bs-list-group-color: var(--bs-danger-text-emphasis);--bs-list-group-bg: var(--bs-danger-bg-subtle);--bs-list-group-border-color: var(--bs-danger-border-subtle);--bs-list-group-action-hover-color: var(--bs-emphasis-color);--bs-list-group-action-hover-bg: var(--bs-danger-border-subtle);--bs-list-group-action-active-color: var(--bs-emphasis-color);--bs-list-group-action-active-bg: var(--bs-danger-border-subtle);--bs-list-group-active-color: var(--bs-danger-bg-subtle);--bs-list-group-active-bg: var(--bs-danger-text-emphasis);--bs-list-group-active-border-color: var(--bs-danger-text-emphasis)}.list-group-item-light{--bs-list-group-color: var(--bs-light-text-emphasis);--bs-list-group-bg: var(--bs-light-bg-subtle);--bs-list-group-border-color: var(--bs-light-border-subtle);--bs-list-group-action-hover-color: var(--bs-emphasis-color);--bs-list-group-action-hover-bg: var(--bs-light-border-subtle);--bs-list-group-action-active-color: var(--bs-emphasis-color);--bs-list-group-action-active-bg: var(--bs-light-border-subtle);--bs-list-group-active-color: var(--bs-light-bg-subtle);--bs-list-group-active-bg: var(--bs-light-text-emphasis);--bs-list-group-active-border-color: var(--bs-light-text-emphasis)}.list-group-item-dark{--bs-list-group-color: var(--bs-dark-text-emphasis);--bs-list-group-bg: var(--bs-dark-bg-subtle);--bs-list-group-border-color: var(--bs-dark-border-subtle);--bs-list-group-action-hover-color: var(--bs-emphasis-color);--bs-list-group-action-hover-bg: var(--bs-dark-border-subtle);--bs-list-group-action-active-color: var(--bs-emphasis-color);--bs-list-group-action-active-bg: var(--bs-dark-border-subtle);--bs-list-group-active-color: var(--bs-dark-bg-subtle);--bs-list-group-active-bg: var(--bs-dark-text-emphasis);--bs-list-group-active-border-color: var(--bs-dark-text-emphasis)}.btn-close{--bs-btn-close-color: #000;--bs-btn-close-bg: url("data:image/svg+xml,%3csvg xmlns='http://www.w3.org/2000/svg' viewBox='0 0 16 16' fill='%23000'%3e%3cpath d='M.293.293a1 1 0 0 1 1.414 0L8 6.586 14.293.293a1 1 0 1 1 1.414 1.414L9.414 8l6.293 6.293a1 1 0 0 1-1.414 1.414L8 9.414l-6.293 6.293a1 1 0 0 1-1.414-1.414L6.586 8 .293 1.707a1 1 0 0 1 0-1.414z'/%3e%3c/svg%3e");--bs-btn-close-opacity: .5;--bs-btn-close-hover-opacity: .75;--bs-btn-close-focus-shadow: 0 0 0 .25rem rgba(13, 110, 253, .25);--bs-btn-close-focus-opacity: 1;--bs-btn-close-disabled-opacity: .25;--bs-btn-close-white-filter: invert(1) grayscale(100%) brightness(200%);box-sizing:content-box;width:1em;height:1em;padding:.25em;color:var(--bs-btn-close-color);background:transparent var(--bs-btn-close-bg) center/1em auto no-repeat;border:0;border-radius:.375rem;opacity:var(--bs-btn-close-opacity)}.btn-close:hover{color:var(--bs-btn-close-color);text-decoration:none;opacity:var(--bs-btn-close-hover-opacity)}.btn-close:focus{outline:0;box-shadow:var(--bs-btn-close-focus-shadow);opacity:var(--bs-btn-close-focus-opacity)}.btn-close:disabled,.btn-close.disabled{pointer-events:none;-webkit-user-select:none;-moz-user-select:none;user-select:none;opacity:var(--bs-btn-close-disabled-opacity)}.btn-close-white,[data-bs-theme=dark] .btn-close{filter:var(--bs-btn-close-white-filter)}.toast{--bs-toast-zindex: 1090;--bs-toast-padding-x: .75rem;--bs-toast-padding-y: .5rem;--bs-toast-spacing: 1.5rem;--bs-toast-max-width: 350px;--bs-toast-font-size: .875rem;--bs-toast-color: ;--bs-toast-bg: rgba(var(--bs-body-bg-rgb), .85);--bs-toast-border-width: var(--bs-border-width);--bs-toast-border-color: var(--bs-border-color-translucent);--bs-toast-border-radius: var(--bs-border-radius);--bs-toast-box-shadow: var(--bs-box-shadow);--bs-toast-header-color: var(--bs-secondary-color);--bs-toast-header-bg: rgba(var(--bs-body-bg-rgb), .85);--bs-toast-header-border-color: var(--bs-border-color-translucent);width:var(--bs-toast-max-width);max-width:100%;font-size:var(--bs-toast-font-size);color:var(--bs-toast-color);pointer-events:auto;background-color:var(--bs-toast-bg);background-clip:padding-box;border:var(--bs-toast-border-width) solid var(--bs-toast-border-color);box-shadow:var(--bs-toast-box-shadow);border-radius:var(--bs-toast-border-radius)}.toast.showing{opacity:0}.toast:not(.show){display:none}.toast-container{--bs-toast-zindex: 1090;position:absolute;z-index:var(--bs-toast-zindex);width:-webkit-max-content;width:-moz-max-content;width:max-content;max-width:100%;pointer-events:none}.toast-container>:not(:last-child){margin-bottom:var(--bs-toast-spacing)}.toast-header{display:flex;align-items:center;padding:var(--bs-toast-padding-y) var(--bs-toast-padding-x);color:var(--bs-toast-header-color);background-color:var(--bs-toast-header-bg);background-clip:padding-box;border-bottom:var(--bs-toast-border-width) solid var(--bs-toast-header-border-color);border-top-left-radius:calc(var(--bs-toast-border-radius) - var(--bs-toast-border-width));border-top-right-radius:calc(var(--bs-toast-border-radius) - var(--bs-toast-border-width))}.toast-header .btn-close{margin-right:calc(-.5 * var(--bs-toast-padding-x));margin-left:var(--bs-toast-padding-x)}.toast-body{padding:var(--bs-toast-padding-x);word-wrap:break-word}.modal{--bs-modal-zindex: 1055;--bs-modal-width: 500px;--bs-modal-padding: 1rem;--bs-modal-margin: .5rem;--bs-modal-color: ;--bs-modal-bg: var(--bs-body-bg);--bs-modal-border-color: var(--bs-border-color-translucent);--bs-modal-border-width: var(--bs-border-width);--bs-modal-border-radius: var(--bs-border-radius-lg);--bs-modal-box-shadow: var(--bs-box-shadow-sm);--bs-modal-inner-border-radius: calc(var(--bs-border-radius-lg) - (var(--bs-border-width)));--bs-modal-header-padding-x: 1rem;--bs-modal-header-padding-y: 1rem;--bs-modal-header-padding: 1rem 1rem;--bs-modal-header-border-color: var(--bs-border-color);--bs-modal-header-border-width: var(--bs-border-width);--bs-modal-title-line-height: 1.5;--bs-modal-footer-gap: .5rem;--bs-modal-footer-bg: ;--bs-modal-footer-border-color: var(--bs-border-color);--bs-modal-footer-border-width: var(--bs-border-width);position:fixed;top:0;left:0;z-index:var(--bs-modal-zindex);display:none;width:100%;height:100%;overflow-x:hidden;overflow-y:auto;outline:0}.modal-dialog{position:relative;width:auto;margin:var(--bs-modal-margin);pointer-events:none}.modal.fade .modal-dialog{transition:transform .3s ease-out;transform:translateY(-50px)}@media (prefers-reduced-motion: reduce){.modal.fade .modal-dialog{transition:none}}.modal.show .modal-dialog{transform:none}.modal.modal-static .modal-dialog{transform:scale(1.02)}.modal-dialog-scrollable{height:calc(100% - var(--bs-modal-margin) * 2)}.modal-dialog-scrollable .modal-content{max-height:100%;overflow:hidden}.modal-dialog-scrollable .modal-body{overflow-y:auto}.modal-dialog-centered{display:flex;align-items:center;min-height:calc(100% - var(--bs-modal-margin) * 2)}.modal-content{position:relative;display:flex;flex-direction:column;width:100%;color:var(--bs-modal-color);pointer-events:auto;background-color:var(--bs-modal-bg);background-clip:padding-box;border:var(--bs-modal-border-width) solid var(--bs-modal-border-color);border-radius:var(--bs-modal-border-radius);outline:0}.modal-backdrop{--bs-backdrop-zindex: 1050;--bs-backdrop-bg: #000;--bs-backdrop-opacity: .5;position:fixed;top:0;left:0;z-index:var(--bs-backdrop-zindex);width:100vw;height:100vh;background-color:var(--bs-backdrop-bg)}.modal-backdrop.fade{opacity:0}.modal-backdrop.show{opacity:var(--bs-backdrop-opacity)}.modal-header{display:flex;flex-shrink:0;align-items:center;justify-content:space-between;padding:var(--bs-modal-header-padding);border-bottom:var(--bs-modal-header-border-width) solid var(--bs-modal-header-border-color);border-top-left-radius:var(--bs-modal-inner-border-radius);border-top-right-radius:var(--bs-modal-inner-border-radius)}.modal-header .btn-close{padding:calc(var(--bs-modal-header-padding-y) * .5) calc(var(--bs-modal-header-padding-x) * .5);margin:calc(-.5 * var(--bs-modal-header-padding-y)) calc(-.5 * var(--bs-modal-header-padding-x)) calc(-.5 * var(--bs-modal-header-padding-y)) auto}.modal-title{margin-bottom:0;line-height:var(--bs-modal-title-line-height)}.modal-body{position:relative;flex:1 1 auto;padding:var(--bs-modal-padding)}.modal-footer{display:flex;flex-shrink:0;flex-wrap:wrap;align-items:center;justify-content:flex-end;padding:calc(var(--bs-modal-padding) - var(--bs-modal-footer-gap) * .5);background-color:var(--bs-modal-footer-bg);border-top:var(--bs-modal-footer-border-width) solid var(--bs-modal-footer-border-color);border-bottom-right-radius:var(--bs-modal-inner-border-radius);border-bottom-left-radius:var(--bs-modal-inner-border-radius)}.modal-footer>*{margin:calc(var(--bs-modal-footer-gap) * .5)}@media (min-width: 576px){.modal{--bs-modal-margin: 1.75rem;--bs-modal-box-shadow: var(--bs-box-shadow)}.modal-dialog{max-width:var(--bs-modal-width);margin-right:auto;margin-left:auto}.modal-sm{--bs-modal-width: 300px}}@media (min-width: 992px){.modal-lg,.modal-xl{--bs-modal-width: 800px}}@media (min-width: 1200px){.modal-xl{--bs-modal-width: 1140px}}.modal-fullscreen{width:100vw;max-width:none;height:100%;margin:0}.modal-fullscreen .modal-content{height:100%;border:0;border-radius:0}.modal-fullscreen .modal-header,.modal-fullscreen .modal-footer{border-radius:0}.modal-fullscreen .modal-body{overflow-y:auto}@media (max-width: 575.98px){.modal-fullscreen-sm-down{width:100vw;max-width:none;height:100%;margin:0}.modal-fullscreen-sm-down .modal-content{height:100%;border:0;border-radius:0}.modal-fullscreen-sm-down .modal-header,.modal-fullscreen-sm-down .modal-footer{border-radius:0}.modal-fullscreen-sm-down .modal-body{overflow-y:auto}}@media (max-width: 767.98px){.modal-fullscreen-md-down{width:100vw;max-width:none;height:100%;margin:0}.modal-fullscreen-md-down .modal-content{height:100%;border:0;border-radius:0}.modal-fullscreen-md-down .modal-header,.modal-fullscreen-md-down .modal-footer{border-radius:0}.modal-fullscreen-md-down .modal-body{overflow-y:auto}}@media (max-width: 991.98px){.modal-fullscreen-lg-down{width:100vw;max-width:none;height:100%;margin:0}.modal-fullscreen-lg-down .modal-content{height:100%;border:0;border-radius:0}.modal-fullscreen-lg-down .modal-header,.modal-fullscreen-lg-down .modal-footer{border-radius:0}.modal-fullscreen-lg-down .modal-body{overflow-y:auto}}@media (max-width: 1199.98px){.modal-fullscreen-xl-down{width:100vw;max-width:none;height:100%;margin:0}.modal-fullscreen-xl-down .modal-content{height:100%;border:0;border-radius:0}.modal-fullscreen-xl-down .modal-header,.modal-fullscreen-xl-down .modal-footer{border-radius:0}.modal-fullscreen-xl-down .modal-body{overflow-y:auto}}@media (max-width: 1399.98px){.modal-fullscreen-xxl-down{width:100vw;max-width:none;height:100%;margin:0}.modal-fullscreen-xxl-down .modal-content{height:100%;border:0;border-radius:0}.modal-fullscreen-xxl-down .modal-header,.modal-fullscreen-xxl-down .modal-footer{border-radius:0}.modal-fullscreen-xxl-down .modal-body{overflow-y:auto}}.tooltip{--bs-tooltip-zindex: 1080;--bs-tooltip-max-width: 200px;--bs-tooltip-padding-x: .5rem;--bs-tooltip-padding-y: .25rem;--bs-tooltip-margin: ;--bs-tooltip-font-size: .875rem;--bs-tooltip-color: var(--bs-body-bg);--bs-tooltip-bg: var(--bs-emphasis-color);--bs-tooltip-border-radius: var(--bs-border-radius);--bs-tooltip-opacity: .9;--bs-tooltip-arrow-width: .8rem;--bs-tooltip-arrow-height: .4rem;z-index:var(--bs-tooltip-zindex);display:block;margin:var(--bs-tooltip-margin);font-family:var(--bs-font-sans-serif);font-style:normal;font-weight:400;line-height:1.5;text-align:left;text-align:start;text-decoration:none;text-shadow:none;text-transform:none;letter-spacing:normal;word-break:normal;white-space:normal;word-spacing:normal;line-break:auto;font-size:var(--bs-tooltip-font-size);word-wrap:break-word;opacity:0}.tooltip.show{opacity:var(--bs-tooltip-opacity)}.tooltip .tooltip-arrow{display:block;width:var(--bs-tooltip-arrow-width);height:var(--bs-tooltip-arrow-height)}.tooltip .tooltip-arrow:before{position:absolute;content:"";border-color:transparent;border-style:solid}.bs-tooltip-top .tooltip-arrow,.bs-tooltip-auto[data-popper-placement^=top] .tooltip-arrow{bottom:calc(-1 * var(--bs-tooltip-arrow-height))}.bs-tooltip-top .tooltip-arrow:before,.bs-tooltip-auto[data-popper-placement^=top] .tooltip-arrow:before{top:-1px;border-width:var(--bs-tooltip-arrow-height) calc(var(--bs-tooltip-arrow-width) * .5) 0;border-top-color:var(--bs-tooltip-bg)}.bs-tooltip-end .tooltip-arrow,.bs-tooltip-auto[data-popper-placement^=right] .tooltip-arrow{left:calc(-1 * var(--bs-tooltip-arrow-height));width:var(--bs-tooltip-arrow-height);height:var(--bs-tooltip-arrow-width)}.bs-tooltip-end .tooltip-arrow:before,.bs-tooltip-auto[data-popper-placement^=right] .tooltip-arrow:before{right:-1px;border-width:calc(var(--bs-tooltip-arrow-width) * .5) var(--bs-tooltip-arrow-height) calc(var(--bs-tooltip-arrow-width) * .5) 0;border-right-color:var(--bs-tooltip-bg)}.bs-tooltip-bottom .tooltip-arrow,.bs-tooltip-auto[data-popper-placement^=bottom] .tooltip-arrow{top:calc(-1 * var(--bs-tooltip-arrow-height))}.bs-tooltip-bottom .tooltip-arrow:before,.bs-tooltip-auto[data-popper-placement^=bottom] .tooltip-arrow:before{bottom:-1px;border-width:0 calc(var(--bs-tooltip-arrow-width) * .5) var(--bs-tooltip-arrow-height);border-bottom-color:var(--bs-tooltip-bg)}.bs-tooltip-start .tooltip-arrow,.bs-tooltip-auto[data-popper-placement^=left] .tooltip-arrow{right:calc(-1 * var(--bs-tooltip-arrow-height));width:var(--bs-tooltip-arrow-height);height:var(--bs-tooltip-arrow-width)}.bs-tooltip-start .tooltip-arrow:before,.bs-tooltip-auto[data-popper-placement^=left] .tooltip-arrow:before{left:-1px;border-width:calc(var(--bs-tooltip-arrow-width) * .5) 0 calc(var(--bs-tooltip-arrow-width) * .5) var(--bs-tooltip-arrow-height);border-left-color:var(--bs-tooltip-bg)}.tooltip-inner{max-width:var(--bs-tooltip-max-width);padding:var(--bs-tooltip-padding-y) var(--bs-tooltip-padding-x);color:var(--bs-tooltip-color);text-align:center;background-color:var(--bs-tooltip-bg);border-radius:var(--bs-tooltip-border-radius)}.popover{--bs-popover-zindex: 1070;--bs-popover-max-width: 276px;--bs-popover-font-size: .875rem;--bs-popover-bg: var(--bs-body-bg);--bs-popover-border-width: var(--bs-border-width);--bs-popover-border-color: var(--bs-border-color-translucent);--bs-popover-border-radius: var(--bs-border-radius-lg);--bs-popover-inner-border-radius: calc(var(--bs-border-radius-lg) - var(--bs-border-width));--bs-popover-box-shadow: var(--bs-box-shadow);--bs-popover-header-padding-x: 1rem;--bs-popover-header-padding-y: .5rem;--bs-popover-header-font-size: 1rem;--bs-popover-header-color: inherit;--bs-popover-header-bg: var(--bs-secondary-bg);--bs-popover-body-padding-x: 1rem;--bs-popover-body-padding-y: 1rem;--bs-popover-body-color: var(--bs-body-color);--bs-popover-arrow-width: 1rem;--bs-popover-arrow-height: .5rem;--bs-popover-arrow-border: var(--bs-popover-border-color);z-index:var(--bs-popover-zindex);display:block;max-width:var(--bs-popover-max-width);font-family:var(--bs-font-sans-serif);font-style:normal;font-weight:400;line-height:1.5;text-align:left;text-align:start;text-decoration:none;text-shadow:none;text-transform:none;letter-spacing:normal;word-break:normal;white-space:normal;word-spacing:normal;line-break:auto;font-size:var(--bs-popover-font-size);word-wrap:break-word;background-color:var(--bs-popover-bg);background-clip:padding-box;border:var(--bs-popover-border-width) solid var(--bs-popover-border-color);border-radius:var(--bs-popover-border-radius)}.popover .popover-arrow{display:block;width:var(--bs-popover-arrow-width);height:var(--bs-popover-arrow-height)}.popover .popover-arrow:before,.popover .popover-arrow:after{position:absolute;display:block;content:"";border-color:transparent;border-style:solid;border-width:0}.bs-popover-top>.popover-arrow,.bs-popover-auto[data-popper-placement^=top]>.popover-arrow{bottom:calc(-1 * (var(--bs-popover-arrow-height)) - var(--bs-popover-border-width))}.bs-popover-top>.popover-arrow:before,.bs-popover-auto[data-popper-placement^=top]>.popover-arrow:before,.bs-popover-top>.popover-arrow:after,.bs-popover-auto[data-popper-placement^=top]>.popover-arrow:after{border-width:var(--bs-popover-arrow-height) calc(var(--bs-popover-arrow-width) * .5) 0}.bs-popover-top>.popover-arrow:before,.bs-popover-auto[data-popper-placement^=top]>.popover-arrow:before{bottom:0;border-top-color:var(--bs-popover-arrow-border)}.bs-popover-top>.popover-arrow:after,.bs-popover-auto[data-popper-placement^=top]>.popover-arrow:after{bottom:var(--bs-popover-border-width);border-top-color:var(--bs-popover-bg)}.bs-popover-end>.popover-arrow,.bs-popover-auto[data-popper-placement^=right]>.popover-arrow{left:calc(-1 * (var(--bs-popover-arrow-height)) - var(--bs-popover-border-width));width:var(--bs-popover-arrow-height);height:var(--bs-popover-arrow-width)}.bs-popover-end>.popover-arrow:before,.bs-popover-auto[data-popper-placement^=right]>.popover-arrow:before,.bs-popover-end>.popover-arrow:after,.bs-popover-auto[data-popper-placement^=right]>.popover-arrow:after{border-width:calc(var(--bs-popover-arrow-width) * .5) var(--bs-popover-arrow-height) calc(var(--bs-popover-arrow-width) * .5) 0}.bs-popover-end>.popover-arrow:before,.bs-popover-auto[data-popper-placement^=right]>.popover-arrow:before{left:0;border-right-color:var(--bs-popover-arrow-border)}.bs-popover-end>.popover-arrow:after,.bs-popover-auto[data-popper-placement^=right]>.popover-arrow:after{left:var(--bs-popover-border-width);border-right-color:var(--bs-popover-bg)}.bs-popover-bottom>.popover-arrow,.bs-popover-auto[data-popper-placement^=bottom]>.popover-arrow{top:calc(-1 * (var(--bs-popover-arrow-height)) - var(--bs-popover-border-width))}.bs-popover-bottom>.popover-arrow:before,.bs-popover-auto[data-popper-placement^=bottom]>.popover-arrow:before,.bs-popover-bottom>.popover-arrow:after,.bs-popover-auto[data-popper-placement^=bottom]>.popover-arrow:after{border-width:0 calc(var(--bs-popover-arrow-width) * .5) var(--bs-popover-arrow-height)}.bs-popover-bottom>.popover-arrow:before,.bs-popover-auto[data-popper-placement^=bottom]>.popover-arrow:before{top:0;border-bottom-color:var(--bs-popover-arrow-border)}.bs-popover-bottom>.popover-arrow:after,.bs-popover-auto[data-popper-placement^=bottom]>.popover-arrow:after{top:var(--bs-popover-border-width);border-bottom-color:var(--bs-popover-bg)}.bs-popover-bottom .popover-header:before,.bs-popover-auto[data-popper-placement^=bottom] .popover-header:before{position:absolute;top:0;left:50%;display:block;width:var(--bs-popover-arrow-width);margin-left:calc(-.5 * var(--bs-popover-arrow-width));content:"";border-bottom:var(--bs-popover-border-width) solid var(--bs-popover-header-bg)}.bs-popover-start>.popover-arrow,.bs-popover-auto[data-popper-placement^=left]>.popover-arrow{right:calc(-1 * (var(--bs-popover-arrow-height)) - var(--bs-popover-border-width));width:var(--bs-popover-arrow-height);height:var(--bs-popover-arrow-width)}.bs-popover-start>.popover-arrow:before,.bs-popover-auto[data-popper-placement^=left]>.popover-arrow:before,.bs-popover-start>.popover-arrow:after,.bs-popover-auto[data-popper-placement^=left]>.popover-arrow:after{border-width:calc(var(--bs-popover-arrow-width) * .5) 0 calc(var(--bs-popover-arrow-width) * .5) var(--bs-popover-arrow-height)}.bs-popover-start>.popover-arrow:before,.bs-popover-auto[data-popper-placement^=left]>.popover-arrow:before{right:0;border-left-color:var(--bs-popover-arrow-border)}.bs-popover-start>.popover-arrow:after,.bs-popover-auto[data-popper-placement^=left]>.popover-arrow:after{right:var(--bs-popover-border-width);border-left-color:var(--bs-popover-bg)}.popover-header{padding:var(--bs-popover-header-padding-y) var(--bs-popover-header-padding-x);margin-bottom:0;font-size:var(--bs-popover-header-font-size);color:var(--bs-popover-header-color);background-color:var(--bs-popover-header-bg);border-bottom:var(--bs-popover-border-width) solid var(--bs-popover-border-color);border-top-left-radius:var(--bs-popover-inner-border-radius);border-top-right-radius:var(--bs-popover-inner-border-radius)}.popover-header:empty{display:none}.popover-body{padding:var(--bs-popover-body-padding-y) var(--bs-popover-body-padding-x);color:var(--bs-popover-body-color)}.carousel{position:relative}.carousel.pointer-event{touch-action:pan-y}.carousel-inner{position:relative;width:100%;overflow:hidden}.carousel-inner:after{display:block;clear:both;content:""}.carousel-item{position:relative;display:none;float:left;width:100%;margin-right:-100%;-webkit-backface-visibility:hidden;backface-visibility:hidden;transition:transform .6s ease-in-out}@media (prefers-reduced-motion: reduce){.carousel-item{transition:none}}.carousel-item.active,.carousel-item-next,.carousel-item-prev{display:block}.carousel-item-next:not(.carousel-item-start),.active.carousel-item-end{transform:translate(100%)}.carousel-item-prev:not(.carousel-item-end),.active.carousel-item-start{transform:translate(-100%)}.carousel-fade .carousel-item{opacity:0;transition-property:opacity;transform:none}.carousel-fade .carousel-item.active,.carousel-fade .carousel-item-next.carousel-item-start,.carousel-fade .carousel-item-prev.carousel-item-end{z-index:1;opacity:1}.carousel-fade .active.carousel-item-start,.carousel-fade .active.carousel-item-end{z-index:0;opacity:0;transition:opacity 0s .6s}@media (prefers-reduced-motion: reduce){.carousel-fade .active.carousel-item-start,.carousel-fade .active.carousel-item-end{transition:none}}.carousel-control-prev,.carousel-control-next{position:absolute;top:0;bottom:0;z-index:1;display:flex;align-items:center;justify-content:center;width:15%;padding:0;color:#fff;text-align:center;background:none;border:0;opacity:.5;transition:opacity .15s ease}@media (prefers-reduced-motion: reduce){.carousel-control-prev,.carousel-control-next{transition:none}}.carousel-control-prev:hover,.carousel-control-prev:focus,.carousel-control-next:hover,.carousel-control-next:focus{color:#fff;text-decoration:none;outline:0;opacity:.9}.carousel-control-prev{left:0}.carousel-control-next{right:0}.carousel-control-prev-icon,.carousel-control-next-icon{display:inline-block;width:2rem;height:2rem;background-repeat:no-repeat;background-position:50%;background-size:100% 100%}.carousel-control-prev-icon{background-image:url("data:image/svg+xml,%3csvg xmlns='http://www.w3.org/2000/svg' viewBox='0 0 16 16' fill='%23fff'%3e%3cpath d='M11.354 1.646a.5.5 0 0 1 0 .708L5.707 8l5.647 5.646a.5.5 0 0 1-.708.708l-6-6a.5.5 0 0 1 0-.708l6-6a.5.5 0 0 1 .708 0z'/%3e%3c/svg%3e")}.carousel-control-next-icon{background-image:url("data:image/svg+xml,%3csvg xmlns='http://www.w3.org/2000/svg' viewBox='0 0 16 16' fill='%23fff'%3e%3cpath d='M4.646 1.646a.5.5 0 0 1 .708 0l6 6a.5.5 0 0 1 0 .708l-6 6a.5.5 0 0 1-.708-.708L10.293 8 4.646 2.354a.5.5 0 0 1 0-.708z'/%3e%3c/svg%3e")}.carousel-indicators{position:absolute;right:0;bottom:0;left:0;z-index:2;display:flex;justify-content:center;padding:0;margin-right:15%;margin-bottom:1rem;margin-left:15%}.carousel-indicators [data-bs-target]{box-sizing:content-box;flex:0 1 auto;width:30px;height:3px;padding:0;margin-right:3px;margin-left:3px;text-indent:-999px;cursor:pointer;background-color:#fff;background-clip:padding-box;border:0;border-top:10px solid transparent;border-bottom:10px solid transparent;opacity:.5;transition:opacity .6s ease}@media (prefers-reduced-motion: reduce){.carousel-indicators [data-bs-target]{transition:none}}.carousel-indicators .active{opacity:1}.carousel-caption{position:absolute;right:15%;bottom:1.25rem;left:15%;padding-top:1.25rem;padding-bottom:1.25rem;color:#fff;text-align:center}.carousel-dark .carousel-control-prev-icon,.carousel-dark .carousel-control-next-icon{filter:invert(1) grayscale(100)}.carousel-dark .carousel-indicators [data-bs-target]{background-color:#000}.carousel-dark .carousel-caption{color:#000}[data-bs-theme=dark] .carousel .carousel-control-prev-icon,[data-bs-theme=dark] .carousel .carousel-control-next-icon,[data-bs-theme=dark].carousel .carousel-control-prev-icon,[data-bs-theme=dark].carousel .carousel-control-next-icon{filter:invert(1) grayscale(100)}[data-bs-theme=dark] .carousel .carousel-indicators [data-bs-target],[data-bs-theme=dark].carousel .carousel-indicators [data-bs-target]{background-color:#000}[data-bs-theme=dark] .carousel .carousel-caption,[data-bs-theme=dark].carousel .carousel-caption{color:#000}.spinner-grow,.spinner-border{display:inline-block;width:var(--bs-spinner-width);height:var(--bs-spinner-height);vertical-align:var(--bs-spinner-vertical-align);border-radius:50%;animation:var(--bs-spinner-animation-speed) linear infinite var(--bs-spinner-animation-name)}@keyframes spinner-border{to{transform:rotate(360deg)}}.spinner-border{--bs-spinner-width: 2rem;--bs-spinner-height: 2rem;--bs-spinner-vertical-align: -.125em;--bs-spinner-border-width: .25em;--bs-spinner-animation-speed: .75s;--bs-spinner-animation-name: spinner-border;border:var(--bs-spinner-border-width) solid currentcolor;border-right-color:transparent}.spinner-border-sm{--bs-spinner-width: 1rem;--bs-spinner-height: 1rem;--bs-spinner-border-width: .2em}@keyframes spinner-grow{0%{transform:scale(0)}50%{opacity:1;transform:none}}.spinner-grow{--bs-spinner-width: 2rem;--bs-spinner-height: 2rem;--bs-spinner-vertical-align: -.125em;--bs-spinner-animation-speed: .75s;--bs-spinner-animation-name: spinner-grow;background-color:currentcolor;opacity:0}.spinner-grow-sm{--bs-spinner-width: 1rem;--bs-spinner-height: 1rem}@media (prefers-reduced-motion: reduce){.spinner-border,.spinner-grow{--bs-spinner-animation-speed: 1.5s}}.offcanvas,.offcanvas-xxl,.offcanvas-xl,.offcanvas-lg,.offcanvas-md,.offcanvas-sm{--bs-offcanvas-zindex: 1045;--bs-offcanvas-width: 400px;--bs-offcanvas-height: 30vh;--bs-offcanvas-padding-x: 1rem;--bs-offcanvas-padding-y: 1rem;--bs-offcanvas-color: var(--bs-body-color);--bs-offcanvas-bg: var(--bs-body-bg);--bs-offcanvas-border-width: var(--bs-border-width);--bs-offcanvas-border-color: var(--bs-border-color-translucent);--bs-offcanvas-box-shadow: var(--bs-box-shadow-sm);--bs-offcanvas-transition: transform .3s ease-in-out;--bs-offcanvas-title-line-height: 1.5}@media (max-width: 575.98px){.offcanvas-sm{position:fixed;bottom:0;z-index:var(--bs-offcanvas-zindex);display:flex;flex-direction:column;max-width:100%;color:var(--bs-offcanvas-color);visibility:hidden;background-color:var(--bs-offcanvas-bg);background-clip:padding-box;outline:0;transition:var(--bs-offcanvas-transition)}}@media (max-width: 575.98px) and (prefers-reduced-motion: reduce){.offcanvas-sm{transition:none}}@media (max-width: 575.98px){.offcanvas-sm.offcanvas-start{top:0;left:0;width:var(--bs-offcanvas-width);border-right:var(--bs-offcanvas-border-width) solid var(--bs-offcanvas-border-color);transform:translate(-100%)}.offcanvas-sm.offcanvas-end{top:0;right:0;width:var(--bs-offcanvas-width);border-left:var(--bs-offcanvas-border-width) solid var(--bs-offcanvas-border-color);transform:translate(100%)}.offcanvas-sm.offcanvas-top{top:0;right:0;left:0;height:var(--bs-offcanvas-height);max-height:100%;border-bottom:var(--bs-offcanvas-border-width) solid var(--bs-offcanvas-border-color);transform:translateY(-100%)}.offcanvas-sm.offcanvas-bottom{right:0;left:0;height:var(--bs-offcanvas-height);max-height:100%;border-top:var(--bs-offcanvas-border-width) solid var(--bs-offcanvas-border-color);transform:translateY(100%)}.offcanvas-sm.showing,.offcanvas-sm.show:not(.hiding){transform:none}.offcanvas-sm.showing,.offcanvas-sm.hiding,.offcanvas-sm.show{visibility:visible}}@media (min-width: 576px){.offcanvas-sm{--bs-offcanvas-height: auto;--bs-offcanvas-border-width: 0;background-color:transparent!important}.offcanvas-sm .offcanvas-header{display:none}.offcanvas-sm .offcanvas-body{display:flex;flex-grow:0;padding:0;overflow-y:visible;background-color:transparent!important}}@media (max-width: 767.98px){.offcanvas-md{position:fixed;bottom:0;z-index:var(--bs-offcanvas-zindex);display:flex;flex-direction:column;max-width:100%;color:var(--bs-offcanvas-color);visibility:hidden;background-color:var(--bs-offcanvas-bg);background-clip:padding-box;outline:0;transition:var(--bs-offcanvas-transition)}}@media (max-width: 767.98px) and (prefers-reduced-motion: reduce){.offcanvas-md{transition:none}}@media (max-width: 767.98px){.offcanvas-md.offcanvas-start{top:0;left:0;width:var(--bs-offcanvas-width);border-right:var(--bs-offcanvas-border-width) solid var(--bs-offcanvas-border-color);transform:translate(-100%)}.offcanvas-md.offcanvas-end{top:0;right:0;width:var(--bs-offcanvas-width);border-left:var(--bs-offcanvas-border-width) solid var(--bs-offcanvas-border-color);transform:translate(100%)}.offcanvas-md.offcanvas-top{top:0;right:0;left:0;height:var(--bs-offcanvas-height);max-height:100%;border-bottom:var(--bs-offcanvas-border-width) solid var(--bs-offcanvas-border-color);transform:translateY(-100%)}.offcanvas-md.offcanvas-bottom{right:0;left:0;height:var(--bs-offcanvas-height);max-height:100%;border-top:var(--bs-offcanvas-border-width) solid var(--bs-offcanvas-border-color);transform:translateY(100%)}.offcanvas-md.showing,.offcanvas-md.show:not(.hiding){transform:none}.offcanvas-md.showing,.offcanvas-md.hiding,.offcanvas-md.show{visibility:visible}}@media (min-width: 768px){.offcanvas-md{--bs-offcanvas-height: auto;--bs-offcanvas-border-width: 0;background-color:transparent!important}.offcanvas-md .offcanvas-header{display:none}.offcanvas-md .offcanvas-body{display:flex;flex-grow:0;padding:0;overflow-y:visible;background-color:transparent!important}}@media (max-width: 991.98px){.offcanvas-lg{position:fixed;bottom:0;z-index:var(--bs-offcanvas-zindex);display:flex;flex-direction:column;max-width:100%;color:var(--bs-offcanvas-color);visibility:hidden;background-color:var(--bs-offcanvas-bg);background-clip:padding-box;outline:0;transition:var(--bs-offcanvas-transition)}}@media (max-width: 991.98px) and (prefers-reduced-motion: reduce){.offcanvas-lg{transition:none}}@media (max-width: 991.98px){.offcanvas-lg.offcanvas-start{top:0;left:0;width:var(--bs-offcanvas-width);border-right:var(--bs-offcanvas-border-width) solid var(--bs-offcanvas-border-color);transform:translate(-100%)}.offcanvas-lg.offcanvas-end{top:0;right:0;width:var(--bs-offcanvas-width);border-left:var(--bs-offcanvas-border-width) solid var(--bs-offcanvas-border-color);transform:translate(100%)}.offcanvas-lg.offcanvas-top{top:0;right:0;left:0;height:var(--bs-offcanvas-height);max-height:100%;border-bottom:var(--bs-offcanvas-border-width) solid var(--bs-offcanvas-border-color);transform:translateY(-100%)}.offcanvas-lg.offcanvas-bottom{right:0;left:0;height:var(--bs-offcanvas-height);max-height:100%;border-top:var(--bs-offcanvas-border-width) solid var(--bs-offcanvas-border-color);transform:translateY(100%)}.offcanvas-lg.showing,.offcanvas-lg.show:not(.hiding){transform:none}.offcanvas-lg.showing,.offcanvas-lg.hiding,.offcanvas-lg.show{visibility:visible}}@media (min-width: 992px){.offcanvas-lg{--bs-offcanvas-height: auto;--bs-offcanvas-border-width: 0;background-color:transparent!important}.offcanvas-lg .offcanvas-header{display:none}.offcanvas-lg .offcanvas-body{display:flex;flex-grow:0;padding:0;overflow-y:visible;background-color:transparent!important}}@media (max-width: 1199.98px){.offcanvas-xl{position:fixed;bottom:0;z-index:var(--bs-offcanvas-zindex);display:flex;flex-direction:column;max-width:100%;color:var(--bs-offcanvas-color);visibility:hidden;background-color:var(--bs-offcanvas-bg);background-clip:padding-box;outline:0;transition:var(--bs-offcanvas-transition)}}@media (max-width: 1199.98px) and (prefers-reduced-motion: reduce){.offcanvas-xl{transition:none}}@media (max-width: 1199.98px){.offcanvas-xl.offcanvas-start{top:0;left:0;width:var(--bs-offcanvas-width);border-right:var(--bs-offcanvas-border-width) solid var(--bs-offcanvas-border-color);transform:translate(-100%)}.offcanvas-xl.offcanvas-end{top:0;right:0;width:var(--bs-offcanvas-width);border-left:var(--bs-offcanvas-border-width) solid var(--bs-offcanvas-border-color);transform:translate(100%)}.offcanvas-xl.offcanvas-top{top:0;right:0;left:0;height:var(--bs-offcanvas-height);max-height:100%;border-bottom:var(--bs-offcanvas-border-width) solid var(--bs-offcanvas-border-color);transform:translateY(-100%)}.offcanvas-xl.offcanvas-bottom{right:0;left:0;height:var(--bs-offcanvas-height);max-height:100%;border-top:var(--bs-offcanvas-border-width) solid var(--bs-offcanvas-border-color);transform:translateY(100%)}.offcanvas-xl.showing,.offcanvas-xl.show:not(.hiding){transform:none}.offcanvas-xl.showing,.offcanvas-xl.hiding,.offcanvas-xl.show{visibility:visible}}@media (min-width: 1200px){.offcanvas-xl{--bs-offcanvas-height: auto;--bs-offcanvas-border-width: 0;background-color:transparent!important}.offcanvas-xl .offcanvas-header{display:none}.offcanvas-xl .offcanvas-body{display:flex;flex-grow:0;padding:0;overflow-y:visible;background-color:transparent!important}}@media (max-width: 1399.98px){.offcanvas-xxl{position:fixed;bottom:0;z-index:var(--bs-offcanvas-zindex);display:flex;flex-direction:column;max-width:100%;color:var(--bs-offcanvas-color);visibility:hidden;background-color:var(--bs-offcanvas-bg);background-clip:padding-box;outline:0;transition:var(--bs-offcanvas-transition)}}@media (max-width: 1399.98px) and (prefers-reduced-motion: reduce){.offcanvas-xxl{transition:none}}@media (max-width: 1399.98px){.offcanvas-xxl.offcanvas-start{top:0;left:0;width:var(--bs-offcanvas-width);border-right:var(--bs-offcanvas-border-width) solid var(--bs-offcanvas-border-color);transform:translate(-100%)}.offcanvas-xxl.offcanvas-end{top:0;right:0;width:var(--bs-offcanvas-width);border-left:var(--bs-offcanvas-border-width) solid var(--bs-offcanvas-border-color);transform:translate(100%)}.offcanvas-xxl.offcanvas-top{top:0;right:0;left:0;height:var(--bs-offcanvas-height);max-height:100%;border-bottom:var(--bs-offcanvas-border-width) solid var(--bs-offcanvas-border-color);transform:translateY(-100%)}.offcanvas-xxl.offcanvas-bottom{right:0;left:0;height:var(--bs-offcanvas-height);max-height:100%;border-top:var(--bs-offcanvas-border-width) solid var(--bs-offcanvas-border-color);transform:translateY(100%)}.offcanvas-xxl.showing,.offcanvas-xxl.show:not(.hiding){transform:none}.offcanvas-xxl.showing,.offcanvas-xxl.hiding,.offcanvas-xxl.show{visibility:visible}}@media (min-width: 1400px){.offcanvas-xxl{--bs-offcanvas-height: auto;--bs-offcanvas-border-width: 0;background-color:transparent!important}.offcanvas-xxl .offcanvas-header{display:none}.offcanvas-xxl .offcanvas-body{display:flex;flex-grow:0;padding:0;overflow-y:visible;background-color:transparent!important}}.offcanvas{position:fixed;bottom:0;z-index:var(--bs-offcanvas-zindex);display:flex;flex-direction:column;max-width:100%;color:var(--bs-offcanvas-color);visibility:hidden;background-color:var(--bs-offcanvas-bg);background-clip:padding-box;outline:0;transition:var(--bs-offcanvas-transition)}@media (prefers-reduced-motion: reduce){.offcanvas{transition:none}}.offcanvas.offcanvas-start{top:0;left:0;width:var(--bs-offcanvas-width);border-right:var(--bs-offcanvas-border-width) solid var(--bs-offcanvas-border-color);transform:translate(-100%)}.offcanvas.offcanvas-end{top:0;right:0;width:var(--bs-offcanvas-width);border-left:var(--bs-offcanvas-border-width) solid var(--bs-offcanvas-border-color);transform:translate(100%)}.offcanvas.offcanvas-top{top:0;right:0;left:0;height:var(--bs-offcanvas-height);max-height:100%;border-bottom:var(--bs-offcanvas-border-width) solid var(--bs-offcanvas-border-color);transform:translateY(-100%)}.offcanvas.offcanvas-bottom{right:0;left:0;height:var(--bs-offcanvas-height);max-height:100%;border-top:var(--bs-offcanvas-border-width) solid var(--bs-offcanvas-border-color);transform:translateY(100%)}.offcanvas.showing,.offcanvas.show:not(.hiding){transform:none}.offcanvas.showing,.offcanvas.hiding,.offcanvas.show{visibility:visible}.offcanvas-backdrop{position:fixed;top:0;left:0;z-index:1040;width:100vw;height:100vh;background-color:#000}.offcanvas-backdrop.fade{opacity:0}.offcanvas-backdrop.show{opacity:.5}.offcanvas-header{display:flex;align-items:center;justify-content:space-between;padding:var(--bs-offcanvas-padding-y) var(--bs-offcanvas-padding-x)}.offcanvas-header .btn-close{padding:calc(var(--bs-offcanvas-padding-y) * .5) calc(var(--bs-offcanvas-padding-x) * .5);margin-top:calc(-.5 * var(--bs-offcanvas-padding-y));margin-right:calc(-.5 * var(--bs-offcanvas-padding-x));margin-bottom:calc(-.5 * var(--bs-offcanvas-padding-y))}.offcanvas-title{margin-bottom:0;line-height:var(--bs-offcanvas-title-line-height)}.offcanvas-body{flex-grow:1;padding:var(--bs-offcanvas-padding-y) var(--bs-offcanvas-padding-x);overflow-y:auto}.placeholder{display:inline-block;min-height:1em;vertical-align:middle;cursor:wait;background-color:currentcolor;opacity:.5}.placeholder.btn:before{display:inline-block;content:""}.placeholder-xs{min-height:.6em}.placeholder-sm{min-height:.8em}.placeholder-lg{min-height:1.2em}.placeholder-glow .placeholder{animation:placeholder-glow 2s ease-in-out infinite}@keyframes placeholder-glow{50%{opacity:.2}}.placeholder-wave{-webkit-mask-image:linear-gradient(130deg,#000 55%,rgba(0,0,0,.8) 75%,#000 95%);mask-image:linear-gradient(130deg,#000 55%,rgba(0,0,0,.8) 75%,#000 95%);-webkit-mask-size:200% 100%;mask-size:200% 100%;animation:placeholder-wave 2s linear infinite}@keyframes placeholder-wave{to{-webkit-mask-position:-200% 0%;mask-position:-200% 0%}}.clearfix:after{display:block;clear:both;content:""}.text-bg-primary{color:#fff!important;background-color:RGBA(var(--bs-primary-rgb),var(--bs-bg-opacity, 1))!important}.text-bg-secondary{color:#fff!important;background-color:RGBA(var(--bs-secondary-rgb),var(--bs-bg-opacity, 1))!important}.text-bg-success{color:#fff!important;background-color:RGBA(var(--bs-success-rgb),var(--bs-bg-opacity, 1))!important}.text-bg-info{color:#000!important;background-color:RGBA(var(--bs-info-rgb),var(--bs-bg-opacity, 1))!important}.text-bg-warning{color:#000!important;background-color:RGBA(var(--bs-warning-rgb),var(--bs-bg-opacity, 1))!important}.text-bg-danger{color:#fff!important;background-color:RGBA(var(--bs-danger-rgb),var(--bs-bg-opacity, 1))!important}.text-bg-light{color:#000!important;background-color:RGBA(var(--bs-light-rgb),var(--bs-bg-opacity, 1))!important}.text-bg-dark{color:#fff!important;background-color:RGBA(var(--bs-dark-rgb),var(--bs-bg-opacity, 1))!important}.link-primary{color:RGBA(var(--bs-primary-rgb),var(--bs-link-opacity, 1))!important;-webkit-text-decoration-color:RGBA(var(--bs-primary-rgb),var(--bs-link-underline-opacity, 1))!important;text-decoration-color:RGBA(var(--bs-primary-rgb),var(--bs-link-underline-opacity, 1))!important}.link-primary:hover,.link-primary:focus{color:RGBA(10,88,202,var(--bs-link-opacity, 1))!important;-webkit-text-decoration-color:RGBA(10,88,202,var(--bs-link-underline-opacity, 1))!important;text-decoration-color:RGBA(10,88,202,var(--bs-link-underline-opacity, 1))!important}.link-secondary{color:RGBA(var(--bs-secondary-rgb),var(--bs-link-opacity, 1))!important;-webkit-text-decoration-color:RGBA(var(--bs-secondary-rgb),var(--bs-link-underline-opacity, 1))!important;text-decoration-color:RGBA(var(--bs-secondary-rgb),var(--bs-link-underline-opacity, 1))!important}.link-secondary:hover,.link-secondary:focus{color:RGBA(86,94,100,var(--bs-link-opacity, 1))!important;-webkit-text-decoration-color:RGBA(86,94,100,var(--bs-link-underline-opacity, 1))!important;text-decoration-color:RGBA(86,94,100,var(--bs-link-underline-opacity, 1))!important}.link-success{color:RGBA(var(--bs-success-rgb),var(--bs-link-opacity, 1))!important;-webkit-text-decoration-color:RGBA(var(--bs-success-rgb),var(--bs-link-underline-opacity, 1))!important;text-decoration-color:RGBA(var(--bs-success-rgb),var(--bs-link-underline-opacity, 1))!important}.link-success:hover,.link-success:focus{color:RGBA(20,108,67,var(--bs-link-opacity, 1))!important;-webkit-text-decoration-color:RGBA(20,108,67,var(--bs-link-underline-opacity, 1))!important;text-decoration-color:RGBA(20,108,67,var(--bs-link-underline-opacity, 1))!important}.link-info{color:RGBA(var(--bs-info-rgb),var(--bs-link-opacity, 1))!important;-webkit-text-decoration-color:RGBA(var(--bs-info-rgb),var(--bs-link-underline-opacity, 1))!important;text-decoration-color:RGBA(var(--bs-info-rgb),var(--bs-link-underline-opacity, 1))!important}.link-info:hover,.link-info:focus{color:RGBA(61,213,243,var(--bs-link-opacity, 1))!important;-webkit-text-decoration-color:RGBA(61,213,243,var(--bs-link-underline-opacity, 1))!important;text-decoration-color:RGBA(61,213,243,var(--bs-link-underline-opacity, 1))!important}.link-warning{color:RGBA(var(--bs-warning-rgb),var(--bs-link-opacity, 1))!important;-webkit-text-decoration-color:RGBA(var(--bs-warning-rgb),var(--bs-link-underline-opacity, 1))!important;text-decoration-color:RGBA(var(--bs-warning-rgb),var(--bs-link-underline-opacity, 1))!important}.link-warning:hover,.link-warning:focus{color:RGBA(255,205,57,var(--bs-link-opacity, 1))!important;-webkit-text-decoration-color:RGBA(255,205,57,var(--bs-link-underline-opacity, 1))!important;text-decoration-color:RGBA(255,205,57,var(--bs-link-underline-opacity, 1))!important}.link-danger{color:RGBA(var(--bs-danger-rgb),var(--bs-link-opacity, 1))!important;-webkit-text-decoration-color:RGBA(var(--bs-danger-rgb),var(--bs-link-underline-opacity, 1))!important;text-decoration-color:RGBA(var(--bs-danger-rgb),var(--bs-link-underline-opacity, 1))!important}.link-danger:hover,.link-danger:focus{color:RGBA(176,42,55,var(--bs-link-opacity, 1))!important;-webkit-text-decoration-color:RGBA(176,42,55,var(--bs-link-underline-opacity, 1))!important;text-decoration-color:RGBA(176,42,55,var(--bs-link-underline-opacity, 1))!important}.link-light{color:RGBA(var(--bs-light-rgb),var(--bs-link-opacity, 1))!important;-webkit-text-decoration-color:RGBA(var(--bs-light-rgb),var(--bs-link-underline-opacity, 1))!important;text-decoration-color:RGBA(var(--bs-light-rgb),var(--bs-link-underline-opacity, 1))!important}.link-light:hover,.link-light:focus{color:RGBA(249,250,251,var(--bs-link-opacity, 1))!important;-webkit-text-decoration-color:RGBA(249,250,251,var(--bs-link-underline-opacity, 1))!important;text-decoration-color:RGBA(249,250,251,var(--bs-link-underline-opacity, 1))!important}.link-dark{color:RGBA(var(--bs-dark-rgb),var(--bs-link-opacity, 1))!important;-webkit-text-decoration-color:RGBA(var(--bs-dark-rgb),var(--bs-link-underline-opacity, 1))!important;text-decoration-color:RGBA(var(--bs-dark-rgb),var(--bs-link-underline-opacity, 1))!important}.link-dark:hover,.link-dark:focus{color:RGBA(26,30,33,var(--bs-link-opacity, 1))!important;-webkit-text-decoration-color:RGBA(26,30,33,var(--bs-link-underline-opacity, 1))!important;text-decoration-color:RGBA(26,30,33,var(--bs-link-underline-opacity, 1))!important}.link-body-emphasis{color:RGBA(var(--bs-emphasis-color-rgb),var(--bs-link-opacity, 1))!important;-webkit-text-decoration-color:RGBA(var(--bs-emphasis-color-rgb),var(--bs-link-underline-opacity, 1))!important;text-decoration-color:RGBA(var(--bs-emphasis-color-rgb),var(--bs-link-underline-opacity, 1))!important}.link-body-emphasis:hover,.link-body-emphasis:focus{color:RGBA(var(--bs-emphasis-color-rgb),var(--bs-link-opacity, .75))!important;-webkit-text-decoration-color:RGBA(var(--bs-emphasis-color-rgb),var(--bs-link-underline-opacity, .75))!important;text-decoration-color:RGBA(var(--bs-emphasis-color-rgb),var(--bs-link-underline-opacity, .75))!important}.focus-ring:focus{outline:0;box-shadow:var(--bs-focus-ring-x, 0) var(--bs-focus-ring-y, 0) var(--bs-focus-ring-blur, 0) var(--bs-focus-ring-width) var(--bs-focus-ring-color)}.icon-link{display:inline-flex;gap:.375rem;align-items:center;-webkit-text-decoration-color:rgba(var(--bs-link-color-rgb),var(--bs-link-opacity, .5));text-decoration-color:rgba(var(--bs-link-color-rgb),var(--bs-link-opacity, .5));text-underline-offset:.25em;-webkit-backface-visibility:hidden;backface-visibility:hidden}.icon-link>.bi{flex-shrink:0;width:1em;height:1em;fill:currentcolor;transition:.2s ease-in-out transform}@media (prefers-reduced-motion: reduce){.icon-link>.bi{transition:none}}.icon-link-hover:hover>.bi,.icon-link-hover:focus-visible>.bi{transform:var(--bs-icon-link-transform, translate3d(.25em, 0, 0))}.ratio{position:relative;width:100%}.ratio:before{display:block;padding-top:var(--bs-aspect-ratio);content:""}.ratio>*{position:absolute;top:0;left:0;width:100%;height:100%}.ratio-1x1{--bs-aspect-ratio: 100%}.ratio-4x3{--bs-aspect-ratio: 75%}.ratio-16x9{--bs-aspect-ratio: 56.25%}.ratio-21x9{--bs-aspect-ratio: 42.8571428571%}.fixed-top{position:fixed;top:0;right:0;left:0;z-index:1030}.fixed-bottom{position:fixed;right:0;bottom:0;left:0;z-index:1030}.sticky-top{position:-webkit-sticky;position:sticky;top:0;z-index:1020}.sticky-bottom{position:-webkit-sticky;position:sticky;bottom:0;z-index:1020}@media (min-width: 576px){.sticky-sm-top{position:-webkit-sticky;position:sticky;top:0;z-index:1020}.sticky-sm-bottom{position:-webkit-sticky;position:sticky;bottom:0;z-index:1020}}@media (min-width: 768px){.sticky-md-top{position:-webkit-sticky;position:sticky;top:0;z-index:1020}.sticky-md-bottom{position:-webkit-sticky;position:sticky;bottom:0;z-index:1020}}@media (min-width: 992px){.sticky-lg-top{position:-webkit-sticky;position:sticky;top:0;z-index:1020}.sticky-lg-bottom{position:-webkit-sticky;position:sticky;bottom:0;z-index:1020}}@media (min-width: 1200px){.sticky-xl-top{position:-webkit-sticky;position:sticky;top:0;z-index:1020}.sticky-xl-bottom{position:-webkit-sticky;position:sticky;bottom:0;z-index:1020}}@media (min-width: 1400px){.sticky-xxl-top{position:-webkit-sticky;position:sticky;top:0;z-index:1020}.sticky-xxl-bottom{position:-webkit-sticky;position:sticky;bottom:0;z-index:1020}}.hstack{display:flex;flex-direction:row;align-items:center;align-self:stretch}.vstack{display:flex;flex:1 1 auto;flex-direction:column;align-self:stretch}.visually-hidden,.visually-hidden-focusable:not(:focus):not(:focus-within){width:1px!important;height:1px!important;padding:0!important;margin:-1px!important;overflow:hidden!important;clip:rect(0,0,0,0)!important;white-space:nowrap!important;border:0!important}.visually-hidden:not(caption),.visually-hidden-focusable:not(:focus):not(:focus-within):not(caption){position:absolute!important}.stretched-link:after{position:absolute;inset:0;z-index:1;content:""}.text-truncate{overflow:hidden;text-overflow:ellipsis;white-space:nowrap}.vr{display:inline-block;align-self:stretch;width:var(--bs-border-width);min-height:1em;background-color:currentcolor;opacity:.25}.align-baseline{vertical-align:baseline!important}.align-top{vertical-align:top!important}.align-middle{vertical-align:middle!important}.align-bottom{vertical-align:bottom!important}.align-text-bottom{vertical-align:text-bottom!important}.align-text-top{vertical-align:text-top!important}.float-start{float:left!important}.float-end{float:right!important}.float-none{float:none!important}.object-fit-contain{-o-object-fit:contain!important;object-fit:contain!important}.object-fit-cover{-o-object-fit:cover!important;object-fit:cover!important}.object-fit-fill{-o-object-fit:fill!important;object-fit:fill!important}.object-fit-scale{-o-object-fit:scale-down!important;object-fit:scale-down!important}.object-fit-none{-o-object-fit:none!important;object-fit:none!important}.opacity-0{opacity:0!important}.opacity-25{opacity:.25!important}.opacity-50{opacity:.5!important}.opacity-75{opacity:.75!important}.opacity-100{opacity:1!important}.overflow-auto{overflow:auto!important}.overflow-hidden{overflow:hidden!important}.overflow-visible{overflow:visible!important}.overflow-scroll{overflow:scroll!important}.overflow-x-auto{overflow-x:auto!important}.overflow-x-hidden{overflow-x:hidden!important}.overflow-x-visible{overflow-x:visible!important}.overflow-x-scroll{overflow-x:scroll!important}.overflow-y-auto{overflow-y:auto!important}.overflow-y-hidden{overflow-y:hidden!important}.overflow-y-visible{overflow-y:visible!important}.overflow-y-scroll{overflow-y:scroll!important}.d-inline{display:inline!important}.d-inline-block{display:inline-block!important}.d-block{display:block!important}.d-grid{display:grid!important}.d-inline-grid{display:inline-grid!important}.d-table{display:table!important}.d-table-row{display:table-row!important}.d-table-cell{display:table-cell!important}.d-flex{display:flex!important}.d-inline-flex{display:inline-flex!important}.d-none{display:none!important}.shadow{box-shadow:var(--bs-box-shadow)!important}.shadow-sm{box-shadow:var(--bs-box-shadow-sm)!important}.shadow-lg{box-shadow:var(--bs-box-shadow-lg)!important}.shadow-none{box-shadow:none!important}.focus-ring-primary{--bs-focus-ring-color: rgba(var(--bs-primary-rgb), var(--bs-focus-ring-opacity))}.focus-ring-secondary{--bs-focus-ring-color: rgba(var(--bs-secondary-rgb), var(--bs-focus-ring-opacity))}.focus-ring-success{--bs-focus-ring-color: rgba(var(--bs-success-rgb), var(--bs-focus-ring-opacity))}.focus-ring-info{--bs-focus-ring-color: rgba(var(--bs-info-rgb), var(--bs-focus-ring-opacity))}.focus-ring-warning{--bs-focus-ring-color: rgba(var(--bs-warning-rgb), var(--bs-focus-ring-opacity))}.focus-ring-danger{--bs-focus-ring-color: rgba(var(--bs-danger-rgb), var(--bs-focus-ring-opacity))}.focus-ring-light{--bs-focus-ring-color: rgba(var(--bs-light-rgb), var(--bs-focus-ring-opacity))}.focus-ring-dark{--bs-focus-ring-color: rgba(var(--bs-dark-rgb), var(--bs-focus-ring-opacity))}.position-static{position:static!important}.position-relative{position:relative!important}.position-absolute{position:absolute!important}.position-fixed{position:fixed!important}.position-sticky{position:-webkit-sticky!important;position:sticky!important}.top-0{top:0!important}.top-50{top:50%!important}.top-100{top:100%!important}.bottom-0{bottom:0!important}.bottom-50{bottom:50%!important}.bottom-100{bottom:100%!important}.start-0{left:0!important}.start-50{left:50%!important}.start-100{left:100%!important}.end-0{right:0!important}.end-50{right:50%!important}.end-100{right:100%!important}.translate-middle{transform:translate(-50%,-50%)!important}.translate-middle-x{transform:translate(-50%)!important}.translate-middle-y{transform:translateY(-50%)!important}.border{border:var(--bs-border-width) var(--bs-border-style) var(--bs-border-color)!important}.border-0{border:0!important}.border-top{border-top:var(--bs-border-width) var(--bs-border-style) var(--bs-border-color)!important}.border-top-0{border-top:0!important}.border-end{border-right:var(--bs-border-width) var(--bs-border-style) var(--bs-border-color)!important}.border-end-0{border-right:0!important}.border-bottom{border-bottom:var(--bs-border-width) var(--bs-border-style) var(--bs-border-color)!important}.border-bottom-0{border-bottom:0!important}.border-start{border-left:var(--bs-border-width) var(--bs-border-style) var(--bs-border-color)!important}.border-start-0{border-left:0!important}.border-primary{--bs-border-opacity: 1;border-color:rgba(var(--bs-primary-rgb),var(--bs-border-opacity))!important}.border-secondary{--bs-border-opacity: 1;border-color:rgba(var(--bs-secondary-rgb),var(--bs-border-opacity))!important}.border-success{--bs-border-opacity: 1;border-color:rgba(var(--bs-success-rgb),var(--bs-border-opacity))!important}.border-info{--bs-border-opacity: 1;border-color:rgba(var(--bs-info-rgb),var(--bs-border-opacity))!important}.border-warning{--bs-border-opacity: 1;border-color:rgba(var(--bs-warning-rgb),var(--bs-border-opacity))!important}.border-danger{--bs-border-opacity: 1;border-color:rgba(var(--bs-danger-rgb),var(--bs-border-opacity))!important}.border-light{--bs-border-opacity: 1;border-color:rgba(var(--bs-light-rgb),var(--bs-border-opacity))!important}.border-dark{--bs-border-opacity: 1;border-color:rgba(var(--bs-dark-rgb),var(--bs-border-opacity))!important}.border-black{--bs-border-opacity: 1;border-color:rgba(var(--bs-black-rgb),var(--bs-border-opacity))!important}.border-white{--bs-border-opacity: 1;border-color:rgba(var(--bs-white-rgb),var(--bs-border-opacity))!important}.border-primary-subtle{border-color:var(--bs-primary-border-subtle)!important}.border-secondary-subtle{border-color:var(--bs-secondary-border-subtle)!important}.border-success-subtle{border-color:var(--bs-success-border-subtle)!important}.border-info-subtle{border-color:var(--bs-info-border-subtle)!important}.border-warning-subtle{border-color:var(--bs-warning-border-subtle)!important}.border-danger-subtle{border-color:var(--bs-danger-border-subtle)!important}.border-light-subtle{border-color:var(--bs-light-border-subtle)!important}.border-dark-subtle{border-color:var(--bs-dark-border-subtle)!important}.border-1{border-width:1px!important}.border-2{border-width:2px!important}.border-3{border-width:3px!important}.border-4{border-width:4px!important}.border-5{border-width:5px!important}.border-opacity-10{--bs-border-opacity: .1}.border-opacity-25{--bs-border-opacity: .25}.border-opacity-50{--bs-border-opacity: .5}.border-opacity-75{--bs-border-opacity: .75}.border-opacity-100{--bs-border-opacity: 1}.w-25{width:25%!important}.w-50{width:50%!important}.w-75{width:75%!important}.w-100{width:100%!important}.w-auto{width:auto!important}.mw-100{max-width:100%!important}.vw-100{width:100vw!important}.min-vw-100{min-width:100vw!important}.h-25{height:25%!important}.h-50{height:50%!important}.h-75{height:75%!important}.h-100{height:100%!important}.h-auto{height:auto!important}.mh-100{max-height:100%!important}.vh-100{height:100vh!important}.min-vh-100{min-height:100vh!important}.flex-fill{flex:1 1 auto!important}.flex-row{flex-direction:row!important}.flex-column{flex-direction:column!important}.flex-row-reverse{flex-direction:row-reverse!important}.flex-column-reverse{flex-direction:column-reverse!important}.flex-grow-0{flex-grow:0!important}.flex-grow-1{flex-grow:1!important}.flex-shrink-0{flex-shrink:0!important}.flex-shrink-1{flex-shrink:1!important}.flex-wrap{flex-wrap:wrap!important}.flex-nowrap{flex-wrap:nowrap!important}.flex-wrap-reverse{flex-wrap:wrap-reverse!important}.justify-content-start{justify-content:flex-start!important}.justify-content-end{justify-content:flex-end!important}.justify-content-center{justify-content:center!important}.justify-content-between{justify-content:space-between!important}.justify-content-around{justify-content:space-around!important}.justify-content-evenly{justify-content:space-evenly!important}.align-items-start{align-items:flex-start!important}.align-items-end{align-items:flex-end!important}.align-items-center{align-items:center!important}.align-items-baseline{align-items:baseline!important}.align-items-stretch{align-items:stretch!important}.align-content-start{align-content:flex-start!important}.align-content-end{align-content:flex-end!important}.align-content-center{align-content:center!important}.align-content-between{align-content:space-between!important}.align-content-around{align-content:space-around!important}.align-content-stretch{align-content:stretch!important}.align-self-auto{align-self:auto!important}.align-self-start{align-self:flex-start!important}.align-self-end{align-self:flex-end!important}.align-self-center{align-self:center!important}.align-self-baseline{align-self:baseline!important}.align-self-stretch{align-self:stretch!important}.order-first{order:-1!important}.order-0{order:0!important}.order-1{order:1!important}.order-2{order:2!important}.order-3{order:3!important}.order-4{order:4!important}.order-5{order:5!important}.order-last{order:6!important}.m-0{margin:0!important}.m-1{margin:.25rem!important}.m-2{margin:.5rem!important}.m-3{margin:1rem!important}.m-4{margin:1.5rem!important}.m-5{margin:3rem!important}.m-auto{margin:auto!important}.mx-0{margin-right:0!important;margin-left:0!important}.mx-1{margin-right:.25rem!important;margin-left:.25rem!important}.mx-2{margin-right:.5rem!important;margin-left:.5rem!important}.mx-3{margin-right:1rem!important;margin-left:1rem!important}.mx-4{margin-right:1.5rem!important;margin-left:1.5rem!important}.mx-5{margin-right:3rem!important;margin-left:3rem!important}.mx-auto{margin-right:auto!important;margin-left:auto!important}.my-0{margin-top:0!important;margin-bottom:0!important}.my-1{margin-top:.25rem!important;margin-bottom:.25rem!important}.my-2{margin-top:.5rem!important;margin-bottom:.5rem!important}.my-3{margin-top:1rem!important;margin-bottom:1rem!important}.my-4{margin-top:1.5rem!important;margin-bottom:1.5rem!important}.my-5{margin-top:3rem!important;margin-bottom:3rem!important}.my-auto{margin-top:auto!important;margin-bottom:auto!important}.mt-0{margin-top:0!important}.mt-1{margin-top:.25rem!important}.mt-2{margin-top:.5rem!important}.mt-3{margin-top:1rem!important}.mt-4{margin-top:1.5rem!important}.mt-5{margin-top:3rem!important}.mt-auto{margin-top:auto!important}.me-0{margin-right:0!important}.me-1{margin-right:.25rem!important}.me-2{margin-right:.5rem!important}.me-3{margin-right:1rem!important}.me-4{margin-right:1.5rem!important}.me-5{margin-right:3rem!important}.me-auto{margin-right:auto!important}.mb-0{margin-bottom:0!important}.mb-1{margin-bottom:.25rem!important}.mb-2{margin-bottom:.5rem!important}.mb-3{margin-bottom:1rem!important}.mb-4{margin-bottom:1.5rem!important}.mb-5{margin-bottom:3rem!important}.mb-auto{margin-bottom:auto!important}.ms-0{margin-left:0!important}.ms-1{margin-left:.25rem!important}.ms-2{margin-left:.5rem!important}.ms-3{margin-left:1rem!important}.ms-4{margin-left:1.5rem!important}.ms-5{margin-left:3rem!important}.ms-auto{margin-left:auto!important}.p-0{padding:0!important}.p-1{padding:.25rem!important}.p-2{padding:.5rem!important}.p-3{padding:1rem!important}.p-4{padding:1.5rem!important}.p-5{padding:3rem!important}.px-0{padding-right:0!important;padding-left:0!important}.px-1{padding-right:.25rem!important;padding-left:.25rem!important}.px-2{padding-right:.5rem!important;padding-left:.5rem!important}.px-3{padding-right:1rem!important;padding-left:1rem!important}.px-4{padding-right:1.5rem!important;padding-left:1.5rem!important}.px-5{padding-right:3rem!important;padding-left:3rem!important}.py-0{padding-top:0!important;padding-bottom:0!important}.py-1{padding-top:.25rem!important;padding-bottom:.25rem!important}.py-2{padding-top:.5rem!important;padding-bottom:.5rem!important}.py-3{padding-top:1rem!important;padding-bottom:1rem!important}.py-4{padding-top:1.5rem!important;padding-bottom:1.5rem!important}.py-5{padding-top:3rem!important;padding-bottom:3rem!important}.pt-0{padding-top:0!important}.pt-1{padding-top:.25rem!important}.pt-2{padding-top:.5rem!important}.pt-3{padding-top:1rem!important}.pt-4{padding-top:1.5rem!important}.pt-5{padding-top:3rem!important}.pe-0{padding-right:0!important}.pe-1{padding-right:.25rem!important}.pe-2{padding-right:.5rem!important}.pe-3{padding-right:1rem!important}.pe-4{padding-right:1.5rem!important}.pe-5{padding-right:3rem!important}.pb-0{padding-bottom:0!important}.pb-1{padding-bottom:.25rem!important}.pb-2{padding-bottom:.5rem!important}.pb-3{padding-bottom:1rem!important}.pb-4{padding-bottom:1.5rem!important}.pb-5{padding-bottom:3rem!important}.ps-0{padding-left:0!important}.ps-1{padding-left:.25rem!important}.ps-2{padding-left:.5rem!important}.ps-3{padding-left:1rem!important}.ps-4{padding-left:1.5rem!important}.ps-5{padding-left:3rem!important}.gap-0{gap:0!important}.gap-1{gap:.25rem!important}.gap-2{gap:.5rem!important}.gap-3{gap:1rem!important}.gap-4{gap:1.5rem!important}.gap-5{gap:3rem!important}.row-gap-0{row-gap:0!important}.row-gap-1{row-gap:.25rem!important}.row-gap-2{row-gap:.5rem!important}.row-gap-3{row-gap:1rem!important}.row-gap-4{row-gap:1.5rem!important}.row-gap-5{row-gap:3rem!important}.column-gap-0{-moz-column-gap:0!important;column-gap:0!important}.column-gap-1{-moz-column-gap:.25rem!important;column-gap:.25rem!important}.column-gap-2{-moz-column-gap:.5rem!important;column-gap:.5rem!important}.column-gap-3{-moz-column-gap:1rem!important;column-gap:1rem!important}.column-gap-4{-moz-column-gap:1.5rem!important;column-gap:1.5rem!important}.column-gap-5{-moz-column-gap:3rem!important;column-gap:3rem!important}.font-monospace{font-family:var(--bs-font-monospace)!important}.fs-1{font-size:calc(1.375rem + 1.5vw)!important}.fs-2{font-size:calc(1.325rem + .9vw)!important}.fs-3{font-size:calc(1.3rem + .6vw)!important}.fs-4{font-size:calc(1.275rem + .3vw)!important}.fs-5{font-size:1.25rem!important}.fs-6{font-size:1rem!important}.fst-italic{font-style:italic!important}.fst-normal{font-style:normal!important}.fw-lighter{font-weight:lighter!important}.fw-light{font-weight:300!important}.fw-normal{font-weight:400!important}.fw-medium{font-weight:500!important}.fw-semibold{font-weight:600!important}.fw-bold{font-weight:700!important}.fw-bolder{font-weight:bolder!important}.lh-1{line-height:1!important}.lh-sm{line-height:1.25!important}.lh-base{line-height:1.5!important}.lh-lg{line-height:2!important}.text-start{text-align:left!important}.text-end{text-align:right!important}.text-center{text-align:center!important}.text-decoration-none{text-decoration:none!important}.text-decoration-underline{text-decoration:underline!important}.text-decoration-line-through{text-decoration:line-through!important}.text-lowercase{text-transform:lowercase!important}.text-uppercase{text-transform:uppercase!important}.text-capitalize{text-transform:capitalize!important}.text-wrap{white-space:normal!important}.text-nowrap{white-space:nowrap!important}.text-break{word-wrap:break-word!important;word-break:break-word!important}.text-primary{--bs-text-opacity: 1;color:rgba(var(--bs-primary-rgb),var(--bs-text-opacity))!important}.text-secondary{--bs-text-opacity: 1;color:rgba(var(--bs-secondary-rgb),var(--bs-text-opacity))!important}.text-success{--bs-text-opacity: 1;color:rgba(var(--bs-success-rgb),var(--bs-text-opacity))!important}.text-info{--bs-text-opacity: 1;color:rgba(var(--bs-info-rgb),var(--bs-text-opacity))!important}.text-warning{--bs-text-opacity: 1;color:rgba(var(--bs-warning-rgb),var(--bs-text-opacity))!important}.text-danger{--bs-text-opacity: 1;color:rgba(var(--bs-danger-rgb),var(--bs-text-opacity))!important}.text-light{--bs-text-opacity: 1;color:rgba(var(--bs-light-rgb),var(--bs-text-opacity))!important}.text-dark{--bs-text-opacity: 1;color:rgba(var(--bs-dark-rgb),var(--bs-text-opacity))!important}.text-black{--bs-text-opacity: 1;color:rgba(var(--bs-black-rgb),var(--bs-text-opacity))!important}.text-white{--bs-text-opacity: 1;color:rgba(var(--bs-white-rgb),var(--bs-text-opacity))!important}.text-body{--bs-text-opacity: 1;color:rgba(var(--bs-body-color-rgb),var(--bs-text-opacity))!important}.text-muted{--bs-text-opacity: 1;color:var(--bs-secondary-color)!important}.text-black-50{--bs-text-opacity: 1;color:#00000080!important}.text-white-50{--bs-text-opacity: 1;color:#ffffff80!important}.text-body-secondary{--bs-text-opacity: 1;color:var(--bs-secondary-color)!important}.text-body-tertiary{--bs-text-opacity: 1;color:var(--bs-tertiary-color)!important}.text-body-emphasis{--bs-text-opacity: 1;color:var(--bs-emphasis-color)!important}.text-reset{--bs-text-opacity: 1;color:inherit!important}.text-opacity-25{--bs-text-opacity: .25}.text-opacity-50{--bs-text-opacity: .5}.text-opacity-75{--bs-text-opacity: .75}.text-opacity-100{--bs-text-opacity: 1}.text-primary-emphasis{color:var(--bs-primary-text-emphasis)!important}.text-secondary-emphasis{color:var(--bs-secondary-text-emphasis)!important}.text-success-emphasis{color:var(--bs-success-text-emphasis)!important}.text-info-emphasis{color:var(--bs-info-text-emphasis)!important}.text-warning-emphasis{color:var(--bs-warning-text-emphasis)!important}.text-danger-emphasis{color:var(--bs-danger-text-emphasis)!important}.text-light-emphasis{color:var(--bs-light-text-emphasis)!important}.text-dark-emphasis{color:var(--bs-dark-text-emphasis)!important}.link-opacity-10,.link-opacity-10-hover:hover{--bs-link-opacity: .1}.link-opacity-25,.link-opacity-25-hover:hover{--bs-link-opacity: .25}.link-opacity-50,.link-opacity-50-hover:hover{--bs-link-opacity: .5}.link-opacity-75,.link-opacity-75-hover:hover{--bs-link-opacity: .75}.link-opacity-100,.link-opacity-100-hover:hover{--bs-link-opacity: 1}.link-offset-1,.link-offset-1-hover:hover{text-underline-offset:.125em!important}.link-offset-2,.link-offset-2-hover:hover{text-underline-offset:.25em!important}.link-offset-3,.link-offset-3-hover:hover{text-underline-offset:.375em!important}.link-underline-primary{--bs-link-underline-opacity: 1;-webkit-text-decoration-color:rgba(var(--bs-primary-rgb),var(--bs-link-underline-opacity))!important;text-decoration-color:rgba(var(--bs-primary-rgb),var(--bs-link-underline-opacity))!important}.link-underline-secondary{--bs-link-underline-opacity: 1;-webkit-text-decoration-color:rgba(var(--bs-secondary-rgb),var(--bs-link-underline-opacity))!important;text-decoration-color:rgba(var(--bs-secondary-rgb),var(--bs-link-underline-opacity))!important}.link-underline-success{--bs-link-underline-opacity: 1;-webkit-text-decoration-color:rgba(var(--bs-success-rgb),var(--bs-link-underline-opacity))!important;text-decoration-color:rgba(var(--bs-success-rgb),var(--bs-link-underline-opacity))!important}.link-underline-info{--bs-link-underline-opacity: 1;-webkit-text-decoration-color:rgba(var(--bs-info-rgb),var(--bs-link-underline-opacity))!important;text-decoration-color:rgba(var(--bs-info-rgb),var(--bs-link-underline-opacity))!important}.link-underline-warning{--bs-link-underline-opacity: 1;-webkit-text-decoration-color:rgba(var(--bs-warning-rgb),var(--bs-link-underline-opacity))!important;text-decoration-color:rgba(var(--bs-warning-rgb),var(--bs-link-underline-opacity))!important}.link-underline-danger{--bs-link-underline-opacity: 1;-webkit-text-decoration-color:rgba(var(--bs-danger-rgb),var(--bs-link-underline-opacity))!important;text-decoration-color:rgba(var(--bs-danger-rgb),var(--bs-link-underline-opacity))!important}.link-underline-light{--bs-link-underline-opacity: 1;-webkit-text-decoration-color:rgba(var(--bs-light-rgb),var(--bs-link-underline-opacity))!important;text-decoration-color:rgba(var(--bs-light-rgb),var(--bs-link-underline-opacity))!important}.link-underline-dark{--bs-link-underline-opacity: 1;-webkit-text-decoration-color:rgba(var(--bs-dark-rgb),var(--bs-link-underline-opacity))!important;text-decoration-color:rgba(var(--bs-dark-rgb),var(--bs-link-underline-opacity))!important}.link-underline{--bs-link-underline-opacity: 1;-webkit-text-decoration-color:rgba(var(--bs-link-color-rgb),var(--bs-link-underline-opacity, 1))!important;text-decoration-color:rgba(var(--bs-link-color-rgb),var(--bs-link-underline-opacity, 1))!important}.link-underline-opacity-0,.link-underline-opacity-0-hover:hover{--bs-link-underline-opacity: 0}.link-underline-opacity-10,.link-underline-opacity-10-hover:hover{--bs-link-underline-opacity: .1}.link-underline-opacity-25,.link-underline-opacity-25-hover:hover{--bs-link-underline-opacity: .25}.link-underline-opacity-50,.link-underline-opacity-50-hover:hover{--bs-link-underline-opacity: .5}.link-underline-opacity-75,.link-underline-opacity-75-hover:hover{--bs-link-underline-opacity: .75}.link-underline-opacity-100,.link-underline-opacity-100-hover:hover{--bs-link-underline-opacity: 1}.bg-primary{--bs-bg-opacity: 1;background-color:rgba(var(--bs-primary-rgb),var(--bs-bg-opacity))!important}.bg-secondary{--bs-bg-opacity: 1;background-color:rgba(var(--bs-secondary-rgb),var(--bs-bg-opacity))!important}.bg-success{--bs-bg-opacity: 1;background-color:rgba(var(--bs-success-rgb),var(--bs-bg-opacity))!important}.bg-info{--bs-bg-opacity: 1;background-color:rgba(var(--bs-info-rgb),var(--bs-bg-opacity))!important}.bg-warning{--bs-bg-opacity: 1;background-color:rgba(var(--bs-warning-rgb),var(--bs-bg-opacity))!important}.bg-danger{--bs-bg-opacity: 1;background-color:rgba(var(--bs-danger-rgb),var(--bs-bg-opacity))!important}.bg-light{--bs-bg-opacity: 1;background-color:rgba(var(--bs-light-rgb),var(--bs-bg-opacity))!important}.bg-dark{--bs-bg-opacity: 1;background-color:rgba(var(--bs-dark-rgb),var(--bs-bg-opacity))!important}.bg-black{--bs-bg-opacity: 1;background-color:rgba(var(--bs-black-rgb),var(--bs-bg-opacity))!important}.bg-white{--bs-bg-opacity: 1;background-color:rgba(var(--bs-white-rgb),var(--bs-bg-opacity))!important}.bg-body{--bs-bg-opacity: 1;background-color:rgba(var(--bs-body-bg-rgb),var(--bs-bg-opacity))!important}.bg-transparent{--bs-bg-opacity: 1;background-color:transparent!important}.bg-body-secondary{--bs-bg-opacity: 1;background-color:rgba(var(--bs-secondary-bg-rgb),var(--bs-bg-opacity))!important}.bg-body-tertiary{--bs-bg-opacity: 1;background-color:rgba(var(--bs-tertiary-bg-rgb),var(--bs-bg-opacity))!important}.bg-opacity-10{--bs-bg-opacity: .1}.bg-opacity-25{--bs-bg-opacity: .25}.bg-opacity-50{--bs-bg-opacity: .5}.bg-opacity-75{--bs-bg-opacity: .75}.bg-opacity-100{--bs-bg-opacity: 1}.bg-primary-subtle{background-color:var(--bs-primary-bg-subtle)!important}.bg-secondary-subtle{background-color:var(--bs-secondary-bg-subtle)!important}.bg-success-subtle{background-color:var(--bs-success-bg-subtle)!important}.bg-info-subtle{background-color:var(--bs-info-bg-subtle)!important}.bg-warning-subtle{background-color:var(--bs-warning-bg-subtle)!important}.bg-danger-subtle{background-color:var(--bs-danger-bg-subtle)!important}.bg-light-subtle{background-color:var(--bs-light-bg-subtle)!important}.bg-dark-subtle{background-color:var(--bs-dark-bg-subtle)!important}.bg-gradient{background-image:var(--bs-gradient)!important}.user-select-all{-webkit-user-select:all!important;-moz-user-select:all!important;user-select:all!important}.user-select-auto{-webkit-user-select:auto!important;-moz-user-select:auto!important;user-select:auto!important}.user-select-none{-webkit-user-select:none!important;-moz-user-select:none!important;user-select:none!important}.pe-none{pointer-events:none!important}.pe-auto{pointer-events:auto!important}.rounded{border-radius:var(--bs-border-radius)!important}.rounded-0{border-radius:0!important}.rounded-1{border-radius:var(--bs-border-radius-sm)!important}.rounded-2{border-radius:var(--bs-border-radius)!important}.rounded-3{border-radius:var(--bs-border-radius-lg)!important}.rounded-4{border-radius:var(--bs-border-radius-xl)!important}.rounded-5{border-radius:var(--bs-border-radius-xxl)!important}.rounded-circle{border-radius:50%!important}.rounded-pill{border-radius:var(--bs-border-radius-pill)!important}.rounded-top{border-top-left-radius:var(--bs-border-radius)!important;border-top-right-radius:var(--bs-border-radius)!important}.rounded-top-0{border-top-left-radius:0!important;border-top-right-radius:0!important}.rounded-top-1{border-top-left-radius:var(--bs-border-radius-sm)!important;border-top-right-radius:var(--bs-border-radius-sm)!important}.rounded-top-2{border-top-left-radius:var(--bs-border-radius)!important;border-top-right-radius:var(--bs-border-radius)!important}.rounded-top-3{border-top-left-radius:var(--bs-border-radius-lg)!important;border-top-right-radius:var(--bs-border-radius-lg)!important}.rounded-top-4{border-top-left-radius:var(--bs-border-radius-xl)!important;border-top-right-radius:var(--bs-border-radius-xl)!important}.rounded-top-5{border-top-left-radius:var(--bs-border-radius-xxl)!important;border-top-right-radius:var(--bs-border-radius-xxl)!important}.rounded-top-circle{border-top-left-radius:50%!important;border-top-right-radius:50%!important}.rounded-top-pill{border-top-left-radius:var(--bs-border-radius-pill)!important;border-top-right-radius:var(--bs-border-radius-pill)!important}.rounded-end{border-top-right-radius:var(--bs-border-radius)!important;border-bottom-right-radius:var(--bs-border-radius)!important}.rounded-end-0{border-top-right-radius:0!important;border-bottom-right-radius:0!important}.rounded-end-1{border-top-right-radius:var(--bs-border-radius-sm)!important;border-bottom-right-radius:var(--bs-border-radius-sm)!important}.rounded-end-2{border-top-right-radius:var(--bs-border-radius)!important;border-bottom-right-radius:var(--bs-border-radius)!important}.rounded-end-3{border-top-right-radius:var(--bs-border-radius-lg)!important;border-bottom-right-radius:var(--bs-border-radius-lg)!important}.rounded-end-4{border-top-right-radius:var(--bs-border-radius-xl)!important;border-bottom-right-radius:var(--bs-border-radius-xl)!important}.rounded-end-5{border-top-right-radius:var(--bs-border-radius-xxl)!important;border-bottom-right-radius:var(--bs-border-radius-xxl)!important}.rounded-end-circle{border-top-right-radius:50%!important;border-bottom-right-radius:50%!important}.rounded-end-pill{border-top-right-radius:var(--bs-border-radius-pill)!important;border-bottom-right-radius:var(--bs-border-radius-pill)!important}.rounded-bottom{border-bottom-right-radius:var(--bs-border-radius)!important;border-bottom-left-radius:var(--bs-border-radius)!important}.rounded-bottom-0{border-bottom-right-radius:0!important;border-bottom-left-radius:0!important}.rounded-bottom-1{border-bottom-right-radius:var(--bs-border-radius-sm)!important;border-bottom-left-radius:var(--bs-border-radius-sm)!important}.rounded-bottom-2{border-bottom-right-radius:var(--bs-border-radius)!important;border-bottom-left-radius:var(--bs-border-radius)!important}.rounded-bottom-3{border-bottom-right-radius:var(--bs-border-radius-lg)!important;border-bottom-left-radius:var(--bs-border-radius-lg)!important}.rounded-bottom-4{border-bottom-right-radius:var(--bs-border-radius-xl)!important;border-bottom-left-radius:var(--bs-border-radius-xl)!important}.rounded-bottom-5{border-bottom-right-radius:var(--bs-border-radius-xxl)!important;border-bottom-left-radius:var(--bs-border-radius-xxl)!important}.rounded-bottom-circle{border-bottom-right-radius:50%!important;border-bottom-left-radius:50%!important}.rounded-bottom-pill{border-bottom-right-radius:var(--bs-border-radius-pill)!important;border-bottom-left-radius:var(--bs-border-radius-pill)!important}.rounded-start{border-bottom-left-radius:var(--bs-border-radius)!important;border-top-left-radius:var(--bs-border-radius)!important}.rounded-start-0{border-bottom-left-radius:0!important;border-top-left-radius:0!important}.rounded-start-1{border-bottom-left-radius:var(--bs-border-radius-sm)!important;border-top-left-radius:var(--bs-border-radius-sm)!important}.rounded-start-2{border-bottom-left-radius:var(--bs-border-radius)!important;border-top-left-radius:var(--bs-border-radius)!important}.rounded-start-3{border-bottom-left-radius:var(--bs-border-radius-lg)!important;border-top-left-radius:var(--bs-border-radius-lg)!important}.rounded-start-4{border-bottom-left-radius:var(--bs-border-radius-xl)!important;border-top-left-radius:var(--bs-border-radius-xl)!important}.rounded-start-5{border-bottom-left-radius:var(--bs-border-radius-xxl)!important;border-top-left-radius:var(--bs-border-radius-xxl)!important}.rounded-start-circle{border-bottom-left-radius:50%!important;border-top-left-radius:50%!important}.rounded-start-pill{border-bottom-left-radius:var(--bs-border-radius-pill)!important;border-top-left-radius:var(--bs-border-radius-pill)!important}.visible{visibility:visible!important}.invisible{visibility:hidden!important}.z-n1{z-index:-1!important}.z-0{z-index:0!important}.z-1{z-index:1!important}.z-2{z-index:2!important}.z-3{z-index:3!important}@media (min-width: 576px){.float-sm-start{float:left!important}.float-sm-end{float:right!important}.float-sm-none{float:none!important}.object-fit-sm-contain{-o-object-fit:contain!important;object-fit:contain!important}.object-fit-sm-cover{-o-object-fit:cover!important;object-fit:cover!important}.object-fit-sm-fill{-o-object-fit:fill!important;object-fit:fill!important}.object-fit-sm-scale{-o-object-fit:scale-down!important;object-fit:scale-down!important}.object-fit-sm-none{-o-object-fit:none!important;object-fit:none!important}.d-sm-inline{display:inline!important}.d-sm-inline-block{display:inline-block!important}.d-sm-block{display:block!important}.d-sm-grid{display:grid!important}.d-sm-inline-grid{display:inline-grid!important}.d-sm-table{display:table!important}.d-sm-table-row{display:table-row!important}.d-sm-table-cell{display:table-cell!important}.d-sm-flex{display:flex!important}.d-sm-inline-flex{display:inline-flex!important}.d-sm-none{display:none!important}.flex-sm-fill{flex:1 1 auto!important}.flex-sm-row{flex-direction:row!important}.flex-sm-column{flex-direction:column!important}.flex-sm-row-reverse{flex-direction:row-reverse!important}.flex-sm-column-reverse{flex-direction:column-reverse!important}.flex-sm-grow-0{flex-grow:0!important}.flex-sm-grow-1{flex-grow:1!important}.flex-sm-shrink-0{flex-shrink:0!important}.flex-sm-shrink-1{flex-shrink:1!important}.flex-sm-wrap{flex-wrap:wrap!important}.flex-sm-nowrap{flex-wrap:nowrap!important}.flex-sm-wrap-reverse{flex-wrap:wrap-reverse!important}.justify-content-sm-start{justify-content:flex-start!important}.justify-content-sm-end{justify-content:flex-end!important}.justify-content-sm-center{justify-content:center!important}.justify-content-sm-between{justify-content:space-between!important}.justify-content-sm-around{justify-content:space-around!important}.justify-content-sm-evenly{justify-content:space-evenly!important}.align-items-sm-start{align-items:flex-start!important}.align-items-sm-end{align-items:flex-end!important}.align-items-sm-center{align-items:center!important}.align-items-sm-baseline{align-items:baseline!important}.align-items-sm-stretch{align-items:stretch!important}.align-content-sm-start{align-content:flex-start!important}.align-content-sm-end{align-content:flex-end!important}.align-content-sm-center{align-content:center!important}.align-content-sm-between{align-content:space-between!important}.align-content-sm-around{align-content:space-around!important}.align-content-sm-stretch{align-content:stretch!important}.align-self-sm-auto{align-self:auto!important}.align-self-sm-start{align-self:flex-start!important}.align-self-sm-end{align-self:flex-end!important}.align-self-sm-center{align-self:center!important}.align-self-sm-baseline{align-self:baseline!important}.align-self-sm-stretch{align-self:stretch!important}.order-sm-first{order:-1!important}.order-sm-0{order:0!important}.order-sm-1{order:1!important}.order-sm-2{order:2!important}.order-sm-3{order:3!important}.order-sm-4{order:4!important}.order-sm-5{order:5!important}.order-sm-last{order:6!important}.m-sm-0{margin:0!important}.m-sm-1{margin:.25rem!important}.m-sm-2{margin:.5rem!important}.m-sm-3{margin:1rem!important}.m-sm-4{margin:1.5rem!important}.m-sm-5{margin:3rem!important}.m-sm-auto{margin:auto!important}.mx-sm-0{margin-right:0!important;margin-left:0!important}.mx-sm-1{margin-right:.25rem!important;margin-left:.25rem!important}.mx-sm-2{margin-right:.5rem!important;margin-left:.5rem!important}.mx-sm-3{margin-right:1rem!important;margin-left:1rem!important}.mx-sm-4{margin-right:1.5rem!important;margin-left:1.5rem!important}.mx-sm-5{margin-right:3rem!important;margin-left:3rem!important}.mx-sm-auto{margin-right:auto!important;margin-left:auto!important}.my-sm-0{margin-top:0!important;margin-bottom:0!important}.my-sm-1{margin-top:.25rem!important;margin-bottom:.25rem!important}.my-sm-2{margin-top:.5rem!important;margin-bottom:.5rem!important}.my-sm-3{margin-top:1rem!important;margin-bottom:1rem!important}.my-sm-4{margin-top:1.5rem!important;margin-bottom:1.5rem!important}.my-sm-5{margin-top:3rem!important;margin-bottom:3rem!important}.my-sm-auto{margin-top:auto!important;margin-bottom:auto!important}.mt-sm-0{margin-top:0!important}.mt-sm-1{margin-top:.25rem!important}.mt-sm-2{margin-top:.5rem!important}.mt-sm-3{margin-top:1rem!important}.mt-sm-4{margin-top:1.5rem!important}.mt-sm-5{margin-top:3rem!important}.mt-sm-auto{margin-top:auto!important}.me-sm-0{margin-right:0!important}.me-sm-1{margin-right:.25rem!important}.me-sm-2{margin-right:.5rem!important}.me-sm-3{margin-right:1rem!important}.me-sm-4{margin-right:1.5rem!important}.me-sm-5{margin-right:3rem!important}.me-sm-auto{margin-right:auto!important}.mb-sm-0{margin-bottom:0!important}.mb-sm-1{margin-bottom:.25rem!important}.mb-sm-2{margin-bottom:.5rem!important}.mb-sm-3{margin-bottom:1rem!important}.mb-sm-4{margin-bottom:1.5rem!important}.mb-sm-5{margin-bottom:3rem!important}.mb-sm-auto{margin-bottom:auto!important}.ms-sm-0{margin-left:0!important}.ms-sm-1{margin-left:.25rem!important}.ms-sm-2{margin-left:.5rem!important}.ms-sm-3{margin-left:1rem!important}.ms-sm-4{margin-left:1.5rem!important}.ms-sm-5{margin-left:3rem!important}.ms-sm-auto{margin-left:auto!important}.p-sm-0{padding:0!important}.p-sm-1{padding:.25rem!important}.p-sm-2{padding:.5rem!important}.p-sm-3{padding:1rem!important}.p-sm-4{padding:1.5rem!important}.p-sm-5{padding:3rem!important}.px-sm-0{padding-right:0!important;padding-left:0!important}.px-sm-1{padding-right:.25rem!important;padding-left:.25rem!important}.px-sm-2{padding-right:.5rem!important;padding-left:.5rem!important}.px-sm-3{padding-right:1rem!important;padding-left:1rem!important}.px-sm-4{padding-right:1.5rem!important;padding-left:1.5rem!important}.px-sm-5{padding-right:3rem!important;padding-left:3rem!important}.py-sm-0{padding-top:0!important;padding-bottom:0!important}.py-sm-1{padding-top:.25rem!important;padding-bottom:.25rem!important}.py-sm-2{padding-top:.5rem!important;padding-bottom:.5rem!important}.py-sm-3{padding-top:1rem!important;padding-bottom:1rem!important}.py-sm-4{padding-top:1.5rem!important;padding-bottom:1.5rem!important}.py-sm-5{padding-top:3rem!important;padding-bottom:3rem!important}.pt-sm-0{padding-top:0!important}.pt-sm-1{padding-top:.25rem!important}.pt-sm-2{padding-top:.5rem!important}.pt-sm-3{padding-top:1rem!important}.pt-sm-4{padding-top:1.5rem!important}.pt-sm-5{padding-top:3rem!important}.pe-sm-0{padding-right:0!important}.pe-sm-1{padding-right:.25rem!important}.pe-sm-2{padding-right:.5rem!important}.pe-sm-3{padding-right:1rem!important}.pe-sm-4{padding-right:1.5rem!important}.pe-sm-5{padding-right:3rem!important}.pb-sm-0{padding-bottom:0!important}.pb-sm-1{padding-bottom:.25rem!important}.pb-sm-2{padding-bottom:.5rem!important}.pb-sm-3{padding-bottom:1rem!important}.pb-sm-4{padding-bottom:1.5rem!important}.pb-sm-5{padding-bottom:3rem!important}.ps-sm-0{padding-left:0!important}.ps-sm-1{padding-left:.25rem!important}.ps-sm-2{padding-left:.5rem!important}.ps-sm-3{padding-left:1rem!important}.ps-sm-4{padding-left:1.5rem!important}.ps-sm-5{padding-left:3rem!important}.gap-sm-0{gap:0!important}.gap-sm-1{gap:.25rem!important}.gap-sm-2{gap:.5rem!important}.gap-sm-3{gap:1rem!important}.gap-sm-4{gap:1.5rem!important}.gap-sm-5{gap:3rem!important}.row-gap-sm-0{row-gap:0!important}.row-gap-sm-1{row-gap:.25rem!important}.row-gap-sm-2{row-gap:.5rem!important}.row-gap-sm-3{row-gap:1rem!important}.row-gap-sm-4{row-gap:1.5rem!important}.row-gap-sm-5{row-gap:3rem!important}.column-gap-sm-0{-moz-column-gap:0!important;column-gap:0!important}.column-gap-sm-1{-moz-column-gap:.25rem!important;column-gap:.25rem!important}.column-gap-sm-2{-moz-column-gap:.5rem!important;column-gap:.5rem!important}.column-gap-sm-3{-moz-column-gap:1rem!important;column-gap:1rem!important}.column-gap-sm-4{-moz-column-gap:1.5rem!important;column-gap:1.5rem!important}.column-gap-sm-5{-moz-column-gap:3rem!important;column-gap:3rem!important}.text-sm-start{text-align:left!important}.text-sm-end{text-align:right!important}.text-sm-center{text-align:center!important}}@media (min-width: 768px){.float-md-start{float:left!important}.float-md-end{float:right!important}.float-md-none{float:none!important}.object-fit-md-contain{-o-object-fit:contain!important;object-fit:contain!important}.object-fit-md-cover{-o-object-fit:cover!important;object-fit:cover!important}.object-fit-md-fill{-o-object-fit:fill!important;object-fit:fill!important}.object-fit-md-scale{-o-object-fit:scale-down!important;object-fit:scale-down!important}.object-fit-md-none{-o-object-fit:none!important;object-fit:none!important}.d-md-inline{display:inline!important}.d-md-inline-block{display:inline-block!important}.d-md-block{display:block!important}.d-md-grid{display:grid!important}.d-md-inline-grid{display:inline-grid!important}.d-md-table{display:table!important}.d-md-table-row{display:table-row!important}.d-md-table-cell{display:table-cell!important}.d-md-flex{display:flex!important}.d-md-inline-flex{display:inline-flex!important}.d-md-none{display:none!important}.flex-md-fill{flex:1 1 auto!important}.flex-md-row{flex-direction:row!important}.flex-md-column{flex-direction:column!important}.flex-md-row-reverse{flex-direction:row-reverse!important}.flex-md-column-reverse{flex-direction:column-reverse!important}.flex-md-grow-0{flex-grow:0!important}.flex-md-grow-1{flex-grow:1!important}.flex-md-shrink-0{flex-shrink:0!important}.flex-md-shrink-1{flex-shrink:1!important}.flex-md-wrap{flex-wrap:wrap!important}.flex-md-nowrap{flex-wrap:nowrap!important}.flex-md-wrap-reverse{flex-wrap:wrap-reverse!important}.justify-content-md-start{justify-content:flex-start!important}.justify-content-md-end{justify-content:flex-end!important}.justify-content-md-center{justify-content:center!important}.justify-content-md-between{justify-content:space-between!important}.justify-content-md-around{justify-content:space-around!important}.justify-content-md-evenly{justify-content:space-evenly!important}.align-items-md-start{align-items:flex-start!important}.align-items-md-end{align-items:flex-end!important}.align-items-md-center{align-items:center!important}.align-items-md-baseline{align-items:baseline!important}.align-items-md-stretch{align-items:stretch!important}.align-content-md-start{align-content:flex-start!important}.align-content-md-end{align-content:flex-end!important}.align-content-md-center{align-content:center!important}.align-content-md-between{align-content:space-between!important}.align-content-md-around{align-content:space-around!important}.align-content-md-stretch{align-content:stretch!important}.align-self-md-auto{align-self:auto!important}.align-self-md-start{align-self:flex-start!important}.align-self-md-end{align-self:flex-end!important}.align-self-md-center{align-self:center!important}.align-self-md-baseline{align-self:baseline!important}.align-self-md-stretch{align-self:stretch!important}.order-md-first{order:-1!important}.order-md-0{order:0!important}.order-md-1{order:1!important}.order-md-2{order:2!important}.order-md-3{order:3!important}.order-md-4{order:4!important}.order-md-5{order:5!important}.order-md-last{order:6!important}.m-md-0{margin:0!important}.m-md-1{margin:.25rem!important}.m-md-2{margin:.5rem!important}.m-md-3{margin:1rem!important}.m-md-4{margin:1.5rem!important}.m-md-5{margin:3rem!important}.m-md-auto{margin:auto!important}.mx-md-0{margin-right:0!important;margin-left:0!important}.mx-md-1{margin-right:.25rem!important;margin-left:.25rem!important}.mx-md-2{margin-right:.5rem!important;margin-left:.5rem!important}.mx-md-3{margin-right:1rem!important;margin-left:1rem!important}.mx-md-4{margin-right:1.5rem!important;margin-left:1.5rem!important}.mx-md-5{margin-right:3rem!important;margin-left:3rem!important}.mx-md-auto{margin-right:auto!important;margin-left:auto!important}.my-md-0{margin-top:0!important;margin-bottom:0!important}.my-md-1{margin-top:.25rem!important;margin-bottom:.25rem!important}.my-md-2{margin-top:.5rem!important;margin-bottom:.5rem!important}.my-md-3{margin-top:1rem!important;margin-bottom:1rem!important}.my-md-4{margin-top:1.5rem!important;margin-bottom:1.5rem!important}.my-md-5{margin-top:3rem!important;margin-bottom:3rem!important}.my-md-auto{margin-top:auto!important;margin-bottom:auto!important}.mt-md-0{margin-top:0!important}.mt-md-1{margin-top:.25rem!important}.mt-md-2{margin-top:.5rem!important}.mt-md-3{margin-top:1rem!important}.mt-md-4{margin-top:1.5rem!important}.mt-md-5{margin-top:3rem!important}.mt-md-auto{margin-top:auto!important}.me-md-0{margin-right:0!important}.me-md-1{margin-right:.25rem!important}.me-md-2{margin-right:.5rem!important}.me-md-3{margin-right:1rem!important}.me-md-4{margin-right:1.5rem!important}.me-md-5{margin-right:3rem!important}.me-md-auto{margin-right:auto!important}.mb-md-0{margin-bottom:0!important}.mb-md-1{margin-bottom:.25rem!important}.mb-md-2{margin-bottom:.5rem!important}.mb-md-3{margin-bottom:1rem!important}.mb-md-4{margin-bottom:1.5rem!important}.mb-md-5{margin-bottom:3rem!important}.mb-md-auto{margin-bottom:auto!important}.ms-md-0{margin-left:0!important}.ms-md-1{margin-left:.25rem!important}.ms-md-2{margin-left:.5rem!important}.ms-md-3{margin-left:1rem!important}.ms-md-4{margin-left:1.5rem!important}.ms-md-5{margin-left:3rem!important}.ms-md-auto{margin-left:auto!important}.p-md-0{padding:0!important}.p-md-1{padding:.25rem!important}.p-md-2{padding:.5rem!important}.p-md-3{padding:1rem!important}.p-md-4{padding:1.5rem!important}.p-md-5{padding:3rem!important}.px-md-0{padding-right:0!important;padding-left:0!important}.px-md-1{padding-right:.25rem!important;padding-left:.25rem!important}.px-md-2{padding-right:.5rem!important;padding-left:.5rem!important}.px-md-3{padding-right:1rem!important;padding-left:1rem!important}.px-md-4{padding-right:1.5rem!important;padding-left:1.5rem!important}.px-md-5{padding-right:3rem!important;padding-left:3rem!important}.py-md-0{padding-top:0!important;padding-bottom:0!important}.py-md-1{padding-top:.25rem!important;padding-bottom:.25rem!important}.py-md-2{padding-top:.5rem!important;padding-bottom:.5rem!important}.py-md-3{padding-top:1rem!important;padding-bottom:1rem!important}.py-md-4{padding-top:1.5rem!important;padding-bottom:1.5rem!important}.py-md-5{padding-top:3rem!important;padding-bottom:3rem!important}.pt-md-0{padding-top:0!important}.pt-md-1{padding-top:.25rem!important}.pt-md-2{padding-top:.5rem!important}.pt-md-3{padding-top:1rem!important}.pt-md-4{padding-top:1.5rem!important}.pt-md-5{padding-top:3rem!important}.pe-md-0{padding-right:0!important}.pe-md-1{padding-right:.25rem!important}.pe-md-2{padding-right:.5rem!important}.pe-md-3{padding-right:1rem!important}.pe-md-4{padding-right:1.5rem!important}.pe-md-5{padding-right:3rem!important}.pb-md-0{padding-bottom:0!important}.pb-md-1{padding-bottom:.25rem!important}.pb-md-2{padding-bottom:.5rem!important}.pb-md-3{padding-bottom:1rem!important}.pb-md-4{padding-bottom:1.5rem!important}.pb-md-5{padding-bottom:3rem!important}.ps-md-0{padding-left:0!important}.ps-md-1{padding-left:.25rem!important}.ps-md-2{padding-left:.5rem!important}.ps-md-3{padding-left:1rem!important}.ps-md-4{padding-left:1.5rem!important}.ps-md-5{padding-left:3rem!important}.gap-md-0{gap:0!important}.gap-md-1{gap:.25rem!important}.gap-md-2{gap:.5rem!important}.gap-md-3{gap:1rem!important}.gap-md-4{gap:1.5rem!important}.gap-md-5{gap:3rem!important}.row-gap-md-0{row-gap:0!important}.row-gap-md-1{row-gap:.25rem!important}.row-gap-md-2{row-gap:.5rem!important}.row-gap-md-3{row-gap:1rem!important}.row-gap-md-4{row-gap:1.5rem!important}.row-gap-md-5{row-gap:3rem!important}.column-gap-md-0{-moz-column-gap:0!important;column-gap:0!important}.column-gap-md-1{-moz-column-gap:.25rem!important;column-gap:.25rem!important}.column-gap-md-2{-moz-column-gap:.5rem!important;column-gap:.5rem!important}.column-gap-md-3{-moz-column-gap:1rem!important;column-gap:1rem!important}.column-gap-md-4{-moz-column-gap:1.5rem!important;column-gap:1.5rem!important}.column-gap-md-5{-moz-column-gap:3rem!important;column-gap:3rem!important}.text-md-start{text-align:left!important}.text-md-end{text-align:right!important}.text-md-center{text-align:center!important}}@media (min-width: 992px){.float-lg-start{float:left!important}.float-lg-end{float:right!important}.float-lg-none{float:none!important}.object-fit-lg-contain{-o-object-fit:contain!important;object-fit:contain!important}.object-fit-lg-cover{-o-object-fit:cover!important;object-fit:cover!important}.object-fit-lg-fill{-o-object-fit:fill!important;object-fit:fill!important}.object-fit-lg-scale{-o-object-fit:scale-down!important;object-fit:scale-down!important}.object-fit-lg-none{-o-object-fit:none!important;object-fit:none!important}.d-lg-inline{display:inline!important}.d-lg-inline-block{display:inline-block!important}.d-lg-block{display:block!important}.d-lg-grid{display:grid!important}.d-lg-inline-grid{display:inline-grid!important}.d-lg-table{display:table!important}.d-lg-table-row{display:table-row!important}.d-lg-table-cell{display:table-cell!important}.d-lg-flex{display:flex!important}.d-lg-inline-flex{display:inline-flex!important}.d-lg-none{display:none!important}.flex-lg-fill{flex:1 1 auto!important}.flex-lg-row{flex-direction:row!important}.flex-lg-column{flex-direction:column!important}.flex-lg-row-reverse{flex-direction:row-reverse!important}.flex-lg-column-reverse{flex-direction:column-reverse!important}.flex-lg-grow-0{flex-grow:0!important}.flex-lg-grow-1{flex-grow:1!important}.flex-lg-shrink-0{flex-shrink:0!important}.flex-lg-shrink-1{flex-shrink:1!important}.flex-lg-wrap{flex-wrap:wrap!important}.flex-lg-nowrap{flex-wrap:nowrap!important}.flex-lg-wrap-reverse{flex-wrap:wrap-reverse!important}.justify-content-lg-start{justify-content:flex-start!important}.justify-content-lg-end{justify-content:flex-end!important}.justify-content-lg-center{justify-content:center!important}.justify-content-lg-between{justify-content:space-between!important}.justify-content-lg-around{justify-content:space-around!important}.justify-content-lg-evenly{justify-content:space-evenly!important}.align-items-lg-start{align-items:flex-start!important}.align-items-lg-end{align-items:flex-end!important}.align-items-lg-center{align-items:center!important}.align-items-lg-baseline{align-items:baseline!important}.align-items-lg-stretch{align-items:stretch!important}.align-content-lg-start{align-content:flex-start!important}.align-content-lg-end{align-content:flex-end!important}.align-content-lg-center{align-content:center!important}.align-content-lg-between{align-content:space-between!important}.align-content-lg-around{align-content:space-around!important}.align-content-lg-stretch{align-content:stretch!important}.align-self-lg-auto{align-self:auto!important}.align-self-lg-start{align-self:flex-start!important}.align-self-lg-end{align-self:flex-end!important}.align-self-lg-center{align-self:center!important}.align-self-lg-baseline{align-self:baseline!important}.align-self-lg-stretch{align-self:stretch!important}.order-lg-first{order:-1!important}.order-lg-0{order:0!important}.order-lg-1{order:1!important}.order-lg-2{order:2!important}.order-lg-3{order:3!important}.order-lg-4{order:4!important}.order-lg-5{order:5!important}.order-lg-last{order:6!important}.m-lg-0{margin:0!important}.m-lg-1{margin:.25rem!important}.m-lg-2{margin:.5rem!important}.m-lg-3{margin:1rem!important}.m-lg-4{margin:1.5rem!important}.m-lg-5{margin:3rem!important}.m-lg-auto{margin:auto!important}.mx-lg-0{margin-right:0!important;margin-left:0!important}.mx-lg-1{margin-right:.25rem!important;margin-left:.25rem!important}.mx-lg-2{margin-right:.5rem!important;margin-left:.5rem!important}.mx-lg-3{margin-right:1rem!important;margin-left:1rem!important}.mx-lg-4{margin-right:1.5rem!important;margin-left:1.5rem!important}.mx-lg-5{margin-right:3rem!important;margin-left:3rem!important}.mx-lg-auto{margin-right:auto!important;margin-left:auto!important}.my-lg-0{margin-top:0!important;margin-bottom:0!important}.my-lg-1{margin-top:.25rem!important;margin-bottom:.25rem!important}.my-lg-2{margin-top:.5rem!important;margin-bottom:.5rem!important}.my-lg-3{margin-top:1rem!important;margin-bottom:1rem!important}.my-lg-4{margin-top:1.5rem!important;margin-bottom:1.5rem!important}.my-lg-5{margin-top:3rem!important;margin-bottom:3rem!important}.my-lg-auto{margin-top:auto!important;margin-bottom:auto!important}.mt-lg-0{margin-top:0!important}.mt-lg-1{margin-top:.25rem!important}.mt-lg-2{margin-top:.5rem!important}.mt-lg-3{margin-top:1rem!important}.mt-lg-4{margin-top:1.5rem!important}.mt-lg-5{margin-top:3rem!important}.mt-lg-auto{margin-top:auto!important}.me-lg-0{margin-right:0!important}.me-lg-1{margin-right:.25rem!important}.me-lg-2{margin-right:.5rem!important}.me-lg-3{margin-right:1rem!important}.me-lg-4{margin-right:1.5rem!important}.me-lg-5{margin-right:3rem!important}.me-lg-auto{margin-right:auto!important}.mb-lg-0{margin-bottom:0!important}.mb-lg-1{margin-bottom:.25rem!important}.mb-lg-2{margin-bottom:.5rem!important}.mb-lg-3{margin-bottom:1rem!important}.mb-lg-4{margin-bottom:1.5rem!important}.mb-lg-5{margin-bottom:3rem!important}.mb-lg-auto{margin-bottom:auto!important}.ms-lg-0{margin-left:0!important}.ms-lg-1{margin-left:.25rem!important}.ms-lg-2{margin-left:.5rem!important}.ms-lg-3{margin-left:1rem!important}.ms-lg-4{margin-left:1.5rem!important}.ms-lg-5{margin-left:3rem!important}.ms-lg-auto{margin-left:auto!important}.p-lg-0{padding:0!important}.p-lg-1{padding:.25rem!important}.p-lg-2{padding:.5rem!important}.p-lg-3{padding:1rem!important}.p-lg-4{padding:1.5rem!important}.p-lg-5{padding:3rem!important}.px-lg-0{padding-right:0!important;padding-left:0!important}.px-lg-1{padding-right:.25rem!important;padding-left:.25rem!important}.px-lg-2{padding-right:.5rem!important;padding-left:.5rem!important}.px-lg-3{padding-right:1rem!important;padding-left:1rem!important}.px-lg-4{padding-right:1.5rem!important;padding-left:1.5rem!important}.px-lg-5{padding-right:3rem!important;padding-left:3rem!important}.py-lg-0{padding-top:0!important;padding-bottom:0!important}.py-lg-1{padding-top:.25rem!important;padding-bottom:.25rem!important}.py-lg-2{padding-top:.5rem!important;padding-bottom:.5rem!important}.py-lg-3{padding-top:1rem!important;padding-bottom:1rem!important}.py-lg-4{padding-top:1.5rem!important;padding-bottom:1.5rem!important}.py-lg-5{padding-top:3rem!important;padding-bottom:3rem!important}.pt-lg-0{padding-top:0!important}.pt-lg-1{padding-top:.25rem!important}.pt-lg-2{padding-top:.5rem!important}.pt-lg-3{padding-top:1rem!important}.pt-lg-4{padding-top:1.5rem!important}.pt-lg-5{padding-top:3rem!important}.pe-lg-0{padding-right:0!important}.pe-lg-1{padding-right:.25rem!important}.pe-lg-2{padding-right:.5rem!important}.pe-lg-3{padding-right:1rem!important}.pe-lg-4{padding-right:1.5rem!important}.pe-lg-5{padding-right:3rem!important}.pb-lg-0{padding-bottom:0!important}.pb-lg-1{padding-bottom:.25rem!important}.pb-lg-2{padding-bottom:.5rem!important}.pb-lg-3{padding-bottom:1rem!important}.pb-lg-4{padding-bottom:1.5rem!important}.pb-lg-5{padding-bottom:3rem!important}.ps-lg-0{padding-left:0!important}.ps-lg-1{padding-left:.25rem!important}.ps-lg-2{padding-left:.5rem!important}.ps-lg-3{padding-left:1rem!important}.ps-lg-4{padding-left:1.5rem!important}.ps-lg-5{padding-left:3rem!important}.gap-lg-0{gap:0!important}.gap-lg-1{gap:.25rem!important}.gap-lg-2{gap:.5rem!important}.gap-lg-3{gap:1rem!important}.gap-lg-4{gap:1.5rem!important}.gap-lg-5{gap:3rem!important}.row-gap-lg-0{row-gap:0!important}.row-gap-lg-1{row-gap:.25rem!important}.row-gap-lg-2{row-gap:.5rem!important}.row-gap-lg-3{row-gap:1rem!important}.row-gap-lg-4{row-gap:1.5rem!important}.row-gap-lg-5{row-gap:3rem!important}.column-gap-lg-0{-moz-column-gap:0!important;column-gap:0!important}.column-gap-lg-1{-moz-column-gap:.25rem!important;column-gap:.25rem!important}.column-gap-lg-2{-moz-column-gap:.5rem!important;column-gap:.5rem!important}.column-gap-lg-3{-moz-column-gap:1rem!important;column-gap:1rem!important}.column-gap-lg-4{-moz-column-gap:1.5rem!important;column-gap:1.5rem!important}.column-gap-lg-5{-moz-column-gap:3rem!important;column-gap:3rem!important}.text-lg-start{text-align:left!important}.text-lg-end{text-align:right!important}.text-lg-center{text-align:center!important}}@media (min-width: 1200px){.float-xl-start{float:left!important}.float-xl-end{float:right!important}.float-xl-none{float:none!important}.object-fit-xl-contain{-o-object-fit:contain!important;object-fit:contain!important}.object-fit-xl-cover{-o-object-fit:cover!important;object-fit:cover!important}.object-fit-xl-fill{-o-object-fit:fill!important;object-fit:fill!important}.object-fit-xl-scale{-o-object-fit:scale-down!important;object-fit:scale-down!important}.object-fit-xl-none{-o-object-fit:none!important;object-fit:none!important}.d-xl-inline{display:inline!important}.d-xl-inline-block{display:inline-block!important}.d-xl-block{display:block!important}.d-xl-grid{display:grid!important}.d-xl-inline-grid{display:inline-grid!important}.d-xl-table{display:table!important}.d-xl-table-row{display:table-row!important}.d-xl-table-cell{display:table-cell!important}.d-xl-flex{display:flex!important}.d-xl-inline-flex{display:inline-flex!important}.d-xl-none{display:none!important}.flex-xl-fill{flex:1 1 auto!important}.flex-xl-row{flex-direction:row!important}.flex-xl-column{flex-direction:column!important}.flex-xl-row-reverse{flex-direction:row-reverse!important}.flex-xl-column-reverse{flex-direction:column-reverse!important}.flex-xl-grow-0{flex-grow:0!important}.flex-xl-grow-1{flex-grow:1!important}.flex-xl-shrink-0{flex-shrink:0!important}.flex-xl-shrink-1{flex-shrink:1!important}.flex-xl-wrap{flex-wrap:wrap!important}.flex-xl-nowrap{flex-wrap:nowrap!important}.flex-xl-wrap-reverse{flex-wrap:wrap-reverse!important}.justify-content-xl-start{justify-content:flex-start!important}.justify-content-xl-end{justify-content:flex-end!important}.justify-content-xl-center{justify-content:center!important}.justify-content-xl-between{justify-content:space-between!important}.justify-content-xl-around{justify-content:space-around!important}.justify-content-xl-evenly{justify-content:space-evenly!important}.align-items-xl-start{align-items:flex-start!important}.align-items-xl-end{align-items:flex-end!important}.align-items-xl-center{align-items:center!important}.align-items-xl-baseline{align-items:baseline!important}.align-items-xl-stretch{align-items:stretch!important}.align-content-xl-start{align-content:flex-start!important}.align-content-xl-end{align-content:flex-end!important}.align-content-xl-center{align-content:center!important}.align-content-xl-between{align-content:space-between!important}.align-content-xl-around{align-content:space-around!important}.align-content-xl-stretch{align-content:stretch!important}.align-self-xl-auto{align-self:auto!important}.align-self-xl-start{align-self:flex-start!important}.align-self-xl-end{align-self:flex-end!important}.align-self-xl-center{align-self:center!important}.align-self-xl-baseline{align-self:baseline!important}.align-self-xl-stretch{align-self:stretch!important}.order-xl-first{order:-1!important}.order-xl-0{order:0!important}.order-xl-1{order:1!important}.order-xl-2{order:2!important}.order-xl-3{order:3!important}.order-xl-4{order:4!important}.order-xl-5{order:5!important}.order-xl-last{order:6!important}.m-xl-0{margin:0!important}.m-xl-1{margin:.25rem!important}.m-xl-2{margin:.5rem!important}.m-xl-3{margin:1rem!important}.m-xl-4{margin:1.5rem!important}.m-xl-5{margin:3rem!important}.m-xl-auto{margin:auto!important}.mx-xl-0{margin-right:0!important;margin-left:0!important}.mx-xl-1{margin-right:.25rem!important;margin-left:.25rem!important}.mx-xl-2{margin-right:.5rem!important;margin-left:.5rem!important}.mx-xl-3{margin-right:1rem!important;margin-left:1rem!important}.mx-xl-4{margin-right:1.5rem!important;margin-left:1.5rem!important}.mx-xl-5{margin-right:3rem!important;margin-left:3rem!important}.mx-xl-auto{margin-right:auto!important;margin-left:auto!important}.my-xl-0{margin-top:0!important;margin-bottom:0!important}.my-xl-1{margin-top:.25rem!important;margin-bottom:.25rem!important}.my-xl-2{margin-top:.5rem!important;margin-bottom:.5rem!important}.my-xl-3{margin-top:1rem!important;margin-bottom:1rem!important}.my-xl-4{margin-top:1.5rem!important;margin-bottom:1.5rem!important}.my-xl-5{margin-top:3rem!important;margin-bottom:3rem!important}.my-xl-auto{margin-top:auto!important;margin-bottom:auto!important}.mt-xl-0{margin-top:0!important}.mt-xl-1{margin-top:.25rem!important}.mt-xl-2{margin-top:.5rem!important}.mt-xl-3{margin-top:1rem!important}.mt-xl-4{margin-top:1.5rem!important}.mt-xl-5{margin-top:3rem!important}.mt-xl-auto{margin-top:auto!important}.me-xl-0{margin-right:0!important}.me-xl-1{margin-right:.25rem!important}.me-xl-2{margin-right:.5rem!important}.me-xl-3{margin-right:1rem!important}.me-xl-4{margin-right:1.5rem!important}.me-xl-5{margin-right:3rem!important}.me-xl-auto{margin-right:auto!important}.mb-xl-0{margin-bottom:0!important}.mb-xl-1{margin-bottom:.25rem!important}.mb-xl-2{margin-bottom:.5rem!important}.mb-xl-3{margin-bottom:1rem!important}.mb-xl-4{margin-bottom:1.5rem!important}.mb-xl-5{margin-bottom:3rem!important}.mb-xl-auto{margin-bottom:auto!important}.ms-xl-0{margin-left:0!important}.ms-xl-1{margin-left:.25rem!important}.ms-xl-2{margin-left:.5rem!important}.ms-xl-3{margin-left:1rem!important}.ms-xl-4{margin-left:1.5rem!important}.ms-xl-5{margin-left:3rem!important}.ms-xl-auto{margin-left:auto!important}.p-xl-0{padding:0!important}.p-xl-1{padding:.25rem!important}.p-xl-2{padding:.5rem!important}.p-xl-3{padding:1rem!important}.p-xl-4{padding:1.5rem!important}.p-xl-5{padding:3rem!important}.px-xl-0{padding-right:0!important;padding-left:0!important}.px-xl-1{padding-right:.25rem!important;padding-left:.25rem!important}.px-xl-2{padding-right:.5rem!important;padding-left:.5rem!important}.px-xl-3{padding-right:1rem!important;padding-left:1rem!important}.px-xl-4{padding-right:1.5rem!important;padding-left:1.5rem!important}.px-xl-5{padding-right:3rem!important;padding-left:3rem!important}.py-xl-0{padding-top:0!important;padding-bottom:0!important}.py-xl-1{padding-top:.25rem!important;padding-bottom:.25rem!important}.py-xl-2{padding-top:.5rem!important;padding-bottom:.5rem!important}.py-xl-3{padding-top:1rem!important;padding-bottom:1rem!important}.py-xl-4{padding-top:1.5rem!important;padding-bottom:1.5rem!important}.py-xl-5{padding-top:3rem!important;padding-bottom:3rem!important}.pt-xl-0{padding-top:0!important}.pt-xl-1{padding-top:.25rem!important}.pt-xl-2{padding-top:.5rem!important}.pt-xl-3{padding-top:1rem!important}.pt-xl-4{padding-top:1.5rem!important}.pt-xl-5{padding-top:3rem!important}.pe-xl-0{padding-right:0!important}.pe-xl-1{padding-right:.25rem!important}.pe-xl-2{padding-right:.5rem!important}.pe-xl-3{padding-right:1rem!important}.pe-xl-4{padding-right:1.5rem!important}.pe-xl-5{padding-right:3rem!important}.pb-xl-0{padding-bottom:0!important}.pb-xl-1{padding-bottom:.25rem!important}.pb-xl-2{padding-bottom:.5rem!important}.pb-xl-3{padding-bottom:1rem!important}.pb-xl-4{padding-bottom:1.5rem!important}.pb-xl-5{padding-bottom:3rem!important}.ps-xl-0{padding-left:0!important}.ps-xl-1{padding-left:.25rem!important}.ps-xl-2{padding-left:.5rem!important}.ps-xl-3{padding-left:1rem!important}.ps-xl-4{padding-left:1.5rem!important}.ps-xl-5{padding-left:3rem!important}.gap-xl-0{gap:0!important}.gap-xl-1{gap:.25rem!important}.gap-xl-2{gap:.5rem!important}.gap-xl-3{gap:1rem!important}.gap-xl-4{gap:1.5rem!important}.gap-xl-5{gap:3rem!important}.row-gap-xl-0{row-gap:0!important}.row-gap-xl-1{row-gap:.25rem!important}.row-gap-xl-2{row-gap:.5rem!important}.row-gap-xl-3{row-gap:1rem!important}.row-gap-xl-4{row-gap:1.5rem!important}.row-gap-xl-5{row-gap:3rem!important}.column-gap-xl-0{-moz-column-gap:0!important;column-gap:0!important}.column-gap-xl-1{-moz-column-gap:.25rem!important;column-gap:.25rem!important}.column-gap-xl-2{-moz-column-gap:.5rem!important;column-gap:.5rem!important}.column-gap-xl-3{-moz-column-gap:1rem!important;column-gap:1rem!important}.column-gap-xl-4{-moz-column-gap:1.5rem!important;column-gap:1.5rem!important}.column-gap-xl-5{-moz-column-gap:3rem!important;column-gap:3rem!important}.text-xl-start{text-align:left!important}.text-xl-end{text-align:right!important}.text-xl-center{text-align:center!important}}@media (min-width: 1400px){.float-xxl-start{float:left!important}.float-xxl-end{float:right!important}.float-xxl-none{float:none!important}.object-fit-xxl-contain{-o-object-fit:contain!important;object-fit:contain!important}.object-fit-xxl-cover{-o-object-fit:cover!important;object-fit:cover!important}.object-fit-xxl-fill{-o-object-fit:fill!important;object-fit:fill!important}.object-fit-xxl-scale{-o-object-fit:scale-down!important;object-fit:scale-down!important}.object-fit-xxl-none{-o-object-fit:none!important;object-fit:none!important}.d-xxl-inline{display:inline!important}.d-xxl-inline-block{display:inline-block!important}.d-xxl-block{display:block!important}.d-xxl-grid{display:grid!important}.d-xxl-inline-grid{display:inline-grid!important}.d-xxl-table{display:table!important}.d-xxl-table-row{display:table-row!important}.d-xxl-table-cell{display:table-cell!important}.d-xxl-flex{display:flex!important}.d-xxl-inline-flex{display:inline-flex!important}.d-xxl-none{display:none!important}.flex-xxl-fill{flex:1 1 auto!important}.flex-xxl-row{flex-direction:row!important}.flex-xxl-column{flex-direction:column!important}.flex-xxl-row-reverse{flex-direction:row-reverse!important}.flex-xxl-column-reverse{flex-direction:column-reverse!important}.flex-xxl-grow-0{flex-grow:0!important}.flex-xxl-grow-1{flex-grow:1!important}.flex-xxl-shrink-0{flex-shrink:0!important}.flex-xxl-shrink-1{flex-shrink:1!important}.flex-xxl-wrap{flex-wrap:wrap!important}.flex-xxl-nowrap{flex-wrap:nowrap!important}.flex-xxl-wrap-reverse{flex-wrap:wrap-reverse!important}.justify-content-xxl-start{justify-content:flex-start!important}.justify-content-xxl-end{justify-content:flex-end!important}.justify-content-xxl-center{justify-content:center!important}.justify-content-xxl-between{justify-content:space-between!important}.justify-content-xxl-around{justify-content:space-around!important}.justify-content-xxl-evenly{justify-content:space-evenly!important}.align-items-xxl-start{align-items:flex-start!important}.align-items-xxl-end{align-items:flex-end!important}.align-items-xxl-center{align-items:center!important}.align-items-xxl-baseline{align-items:baseline!important}.align-items-xxl-stretch{align-items:stretch!important}.align-content-xxl-start{align-content:flex-start!important}.align-content-xxl-end{align-content:flex-end!important}.align-content-xxl-center{align-content:center!important}.align-content-xxl-between{align-content:space-between!important}.align-content-xxl-around{align-content:space-around!important}.align-content-xxl-stretch{align-content:stretch!important}.align-self-xxl-auto{align-self:auto!important}.align-self-xxl-start{align-self:flex-start!important}.align-self-xxl-end{align-self:flex-end!important}.align-self-xxl-center{align-self:center!important}.align-self-xxl-baseline{align-self:baseline!important}.align-self-xxl-stretch{align-self:stretch!important}.order-xxl-first{order:-1!important}.order-xxl-0{order:0!important}.order-xxl-1{order:1!important}.order-xxl-2{order:2!important}.order-xxl-3{order:3!important}.order-xxl-4{order:4!important}.order-xxl-5{order:5!important}.order-xxl-last{order:6!important}.m-xxl-0{margin:0!important}.m-xxl-1{margin:.25rem!important}.m-xxl-2{margin:.5rem!important}.m-xxl-3{margin:1rem!important}.m-xxl-4{margin:1.5rem!important}.m-xxl-5{margin:3rem!important}.m-xxl-auto{margin:auto!important}.mx-xxl-0{margin-right:0!important;margin-left:0!important}.mx-xxl-1{margin-right:.25rem!important;margin-left:.25rem!important}.mx-xxl-2{margin-right:.5rem!important;margin-left:.5rem!important}.mx-xxl-3{margin-right:1rem!important;margin-left:1rem!important}.mx-xxl-4{margin-right:1.5rem!important;margin-left:1.5rem!important}.mx-xxl-5{margin-right:3rem!important;margin-left:3rem!important}.mx-xxl-auto{margin-right:auto!important;margin-left:auto!important}.my-xxl-0{margin-top:0!important;margin-bottom:0!important}.my-xxl-1{margin-top:.25rem!important;margin-bottom:.25rem!important}.my-xxl-2{margin-top:.5rem!important;margin-bottom:.5rem!important}.my-xxl-3{margin-top:1rem!important;margin-bottom:1rem!important}.my-xxl-4{margin-top:1.5rem!important;margin-bottom:1.5rem!important}.my-xxl-5{margin-top:3rem!important;margin-bottom:3rem!important}.my-xxl-auto{margin-top:auto!important;margin-bottom:auto!important}.mt-xxl-0{margin-top:0!important}.mt-xxl-1{margin-top:.25rem!important}.mt-xxl-2{margin-top:.5rem!important}.mt-xxl-3{margin-top:1rem!important}.mt-xxl-4{margin-top:1.5rem!important}.mt-xxl-5{margin-top:3rem!important}.mt-xxl-auto{margin-top:auto!important}.me-xxl-0{margin-right:0!important}.me-xxl-1{margin-right:.25rem!important}.me-xxl-2{margin-right:.5rem!important}.me-xxl-3{margin-right:1rem!important}.me-xxl-4{margin-right:1.5rem!important}.me-xxl-5{margin-right:3rem!important}.me-xxl-auto{margin-right:auto!important}.mb-xxl-0{margin-bottom:0!important}.mb-xxl-1{margin-bottom:.25rem!important}.mb-xxl-2{margin-bottom:.5rem!important}.mb-xxl-3{margin-bottom:1rem!important}.mb-xxl-4{margin-bottom:1.5rem!important}.mb-xxl-5{margin-bottom:3rem!important}.mb-xxl-auto{margin-bottom:auto!important}.ms-xxl-0{margin-left:0!important}.ms-xxl-1{margin-left:.25rem!important}.ms-xxl-2{margin-left:.5rem!important}.ms-xxl-3{margin-left:1rem!important}.ms-xxl-4{margin-left:1.5rem!important}.ms-xxl-5{margin-left:3rem!important}.ms-xxl-auto{margin-left:auto!important}.p-xxl-0{padding:0!important}.p-xxl-1{padding:.25rem!important}.p-xxl-2{padding:.5rem!important}.p-xxl-3{padding:1rem!important}.p-xxl-4{padding:1.5rem!important}.p-xxl-5{padding:3rem!important}.px-xxl-0{padding-right:0!important;padding-left:0!important}.px-xxl-1{padding-right:.25rem!important;padding-left:.25rem!important}.px-xxl-2{padding-right:.5rem!important;padding-left:.5rem!important}.px-xxl-3{padding-right:1rem!important;padding-left:1rem!important}.px-xxl-4{padding-right:1.5rem!important;padding-left:1.5rem!important}.px-xxl-5{padding-right:3rem!important;padding-left:3rem!important}.py-xxl-0{padding-top:0!important;padding-bottom:0!important}.py-xxl-1{padding-top:.25rem!important;padding-bottom:.25rem!important}.py-xxl-2{padding-top:.5rem!important;padding-bottom:.5rem!important}.py-xxl-3{padding-top:1rem!important;padding-bottom:1rem!important}.py-xxl-4{padding-top:1.5rem!important;padding-bottom:1.5rem!important}.py-xxl-5{padding-top:3rem!important;padding-bottom:3rem!important}.pt-xxl-0{padding-top:0!important}.pt-xxl-1{padding-top:.25rem!important}.pt-xxl-2{padding-top:.5rem!important}.pt-xxl-3{padding-top:1rem!important}.pt-xxl-4{padding-top:1.5rem!important}.pt-xxl-5{padding-top:3rem!important}.pe-xxl-0{padding-right:0!important}.pe-xxl-1{padding-right:.25rem!important}.pe-xxl-2{padding-right:.5rem!important}.pe-xxl-3{padding-right:1rem!important}.pe-xxl-4{padding-right:1.5rem!important}.pe-xxl-5{padding-right:3rem!important}.pb-xxl-0{padding-bottom:0!important}.pb-xxl-1{padding-bottom:.25rem!important}.pb-xxl-2{padding-bottom:.5rem!important}.pb-xxl-3{padding-bottom:1rem!important}.pb-xxl-4{padding-bottom:1.5rem!important}.pb-xxl-5{padding-bottom:3rem!important}.ps-xxl-0{padding-left:0!important}.ps-xxl-1{padding-left:.25rem!important}.ps-xxl-2{padding-left:.5rem!important}.ps-xxl-3{padding-left:1rem!important}.ps-xxl-4{padding-left:1.5rem!important}.ps-xxl-5{padding-left:3rem!important}.gap-xxl-0{gap:0!important}.gap-xxl-1{gap:.25rem!important}.gap-xxl-2{gap:.5rem!important}.gap-xxl-3{gap:1rem!important}.gap-xxl-4{gap:1.5rem!important}.gap-xxl-5{gap:3rem!important}.row-gap-xxl-0{row-gap:0!important}.row-gap-xxl-1{row-gap:.25rem!important}.row-gap-xxl-2{row-gap:.5rem!important}.row-gap-xxl-3{row-gap:1rem!important}.row-gap-xxl-4{row-gap:1.5rem!important}.row-gap-xxl-5{row-gap:3rem!important}.column-gap-xxl-0{-moz-column-gap:0!important;column-gap:0!important}.column-gap-xxl-1{-moz-column-gap:.25rem!important;column-gap:.25rem!important}.column-gap-xxl-2{-moz-column-gap:.5rem!important;column-gap:.5rem!important}.column-gap-xxl-3{-moz-column-gap:1rem!important;column-gap:1rem!important}.column-gap-xxl-4{-moz-column-gap:1.5rem!important;column-gap:1.5rem!important}.column-gap-xxl-5{-moz-column-gap:3rem!important;column-gap:3rem!important}.text-xxl-start{text-align:left!important}.text-xxl-end{text-align:right!important}.text-xxl-center{text-align:center!important}}@media (min-width: 1200px){.fs-1{font-size:2.5rem!important}.fs-2{font-size:2rem!important}.fs-3{font-size:1.75rem!important}.fs-4{font-size:1.5rem!important}}@media print{.d-print-inline{display:inline!important}.d-print-inline-block{display:inline-block!important}.d-print-block{display:block!important}.d-print-grid{display:grid!important}.d-print-inline-grid{display:inline-grid!important}.d-print-table{display:table!important}.d-print-table-row{display:table-row!important}.d-print-table-cell{display:table-cell!important}.d-print-flex{display:flex!important}.d-print-inline-flex{display:inline-flex!important}.d-print-none{display:none!important}}.tippy-box[data-animation=fade][data-state=hidden]{opacity:0}[data-tippy-root]{max-width:calc(100vw - 10px)}.tippy-box{position:relative;background-color:#333;color:#fff;border-radius:4px;font-size:14px;line-height:1.4;white-space:normal;outline:0;transition-property:transform,visibility,opacity}.tippy-box[data-placement^=top]>.tippy-arrow{bottom:0}.tippy-box[data-placement^=top]>.tippy-arrow:before{bottom:-7px;left:0;border-width:8px 8px 0;border-top-color:initial;transform-origin:center top}.tippy-box[data-placement^=bottom]>.tippy-arrow{top:0}.tippy-box[data-placement^=bottom]>.tippy-arrow:before{top:-7px;left:0;border-width:0 8px 8px;border-bottom-color:initial;transform-origin:center bottom}.tippy-box[data-placement^=left]>.tippy-arrow{right:0}.tippy-box[data-placement^=left]>.tippy-arrow:before{border-width:8px 0 8px 8px;border-left-color:initial;right:-7px;transform-origin:center left}.tippy-box[data-placement^=right]>.tippy-arrow{left:0}.tippy-box[data-placement^=right]>.tippy-arrow:before{left:-7px;border-width:8px 8px 8px 0;border-right-color:initial;transform-origin:center right}.tippy-box[data-inertia][data-state=visible]{transition-timing-function:cubic-bezier(.54,1.5,.38,1.11)}.tippy-arrow{width:16px;height:16px;color:#333}.tippy-arrow:before{content:"";position:absolute;border-color:transparent;border-style:solid}.tippy-content{position:relative;padding:5px 9px;z-index:1}.splitpanes{display:flex;width:100%;height:100%}.splitpanes--vertical{flex-direction:row}.splitpanes--horizontal{flex-direction:column}.splitpanes--dragging *{user-select:none}.splitpanes__pane{width:100%;height:100%;overflow:hidden}.splitpanes--vertical .splitpanes__pane{transition:width .2s ease-out}.splitpanes--horizontal .splitpanes__pane{transition:height .2s ease-out}.splitpanes--dragging .splitpanes__pane{transition:none}.splitpanes__splitter{touch-action:none}.splitpanes--vertical>.splitpanes__splitter{min-width:1px;cursor:col-resize}.splitpanes--horizontal>.splitpanes__splitter{min-height:1px;cursor:row-resize}.splitpanes.default-theme .splitpanes__pane{background-color:#f2f2f2}.splitpanes.default-theme .splitpanes__splitter{background-color:#fff;box-sizing:border-box;position:relative;flex-shrink:0}.splitpanes.default-theme .splitpanes__splitter:before,.splitpanes.default-theme .splitpanes__splitter:after{content:"";position:absolute;top:50%;left:50%;background-color:#00000026;transition:background-color .3s}.splitpanes.default-theme .splitpanes__splitter:hover:before,.splitpanes.default-theme .splitpanes__splitter:hover:after{background-color:#00000040}.splitpanes.default-theme .splitpanes__splitter:first-child{cursor:auto}.default-theme.splitpanes .splitpanes .splitpanes__splitter{z-index:1}.default-theme.splitpanes--vertical>.splitpanes__splitter,.default-theme .splitpanes--vertical>.splitpanes__splitter{width:7px;border-left:1px solid #eee;margin-left:-1px}.default-theme.splitpanes--vertical>.splitpanes__splitter:before,.default-theme.splitpanes--vertical>.splitpanes__splitter:after,.default-theme .splitpanes--vertical>.splitpanes__splitter:before,.default-theme .splitpanes--vertical>.splitpanes__splitter:after{transform:translateY(-50%);width:1px;height:30px}.default-theme.splitpanes--vertical>.splitpanes__splitter:before,.default-theme .splitpanes--vertical>.splitpanes__splitter:before{margin-left:-2px}.default-theme.splitpanes--vertical>.splitpanes__splitter:after,.default-theme .splitpanes--vertical>.splitpanes__splitter:after{margin-left:1px}.default-theme.splitpanes--horizontal>.splitpanes__splitter,.default-theme .splitpanes--horizontal>.splitpanes__splitter{height:7px;border-top:1px solid #eee;margin-top:-1px}.default-theme.splitpanes--horizontal>.splitpanes__splitter:before,.default-theme.splitpanes--horizontal>.splitpanes__splitter:after,.default-theme .splitpanes--horizontal>.splitpanes__splitter:before,.default-theme .splitpanes--horizontal>.splitpanes__splitter:after{transform:translate(-50%);width:30px;height:1px}.default-theme.splitpanes--horizontal>.splitpanes__splitter:before,.default-theme .splitpanes--horizontal>.splitpanes__splitter:before{margin-top:-2px}.default-theme.splitpanes--horizontal>.splitpanes__splitter:after,.default-theme .splitpanes--horizontal>.splitpanes__splitter:after{margin-top:1px}.alert.c-1{background-color:#ccc;color:#454545;font-weight:700}.alert.c-1 .text-muted{color:#454545!important;font-weight:400}.progress-bar.c-1{background-color:#ccc;border-color:#ccc!important}.text-c-1{color:#ccc}svg circle.c-1{fill:#ccc}.alert.c-2{background-color:#fddb61;color:#454545;font-weight:700}.alert.c-2 .text-muted{color:#454545!important;font-weight:400}.progress-bar.c-2{background-color:#fddb61;border-color:#fddb61!important}.text-c-2{color:#fddb61}svg circle.c-2{fill:#fddb61}.alert.c-3{background-color:#e80;color:#454545;font-weight:700}.alert.c-3 .text-muted{color:#454545!important;font-weight:400}.progress-bar.c-3{background-color:#e80;border-color:#e80!important}.text-c-3{color:#e80}svg circle.c-3{fill:#e80}.alert.c-4{background-color:#800;color:#fff;font-weight:700}.alert.c-4 .text-muted{color:#fff!important;font-weight:400}.progress-bar.c-4{background-color:#800;border-color:#800!important}.text-c-4{color:#800}svg circle.c-4{fill:#800}.bg-hit{background-color:#ccc}.border-hit{border-color:#ccc!important}.bg-read{background-color:#fddb61}.border-read{border-color:#fddb61!important}.bg-dirtied{background-color:#e80}.border-dirtied{border-color:#e80!important}.bg-written{background-color:#800}.border-written{border-color:#800!important}.btn-group-xs>.btn,.btn-xs{padding:.25rem .4rem;font-size:12px;border-radius:.2rem}.btn-group-xs>.btn,.btn-group-xs>.btn .fa,.btn-xs,.btn-xs .fa{line-height:.5}.plan-node.never-executed .plan-node-body,.bg-hatched{background-image:linear-gradient(45deg,#f7f7f7 25%,transparent 25%,transparent 50%,#f7f7f7 50%,#f7f7f7 75%,transparent 75%,transparent);background-size:1rem 1rem}.border-dashed{border-style:dashed!important;background-color:transparent!important}.line-clamp-2{display:-webkit-box;-webkit-line-clamp:2;-webkit-box-orient:vertical;text-overflow:ellipsis;overflow:hidden}.opacity-20{opacity:.2!important}.bg-secondary-light{background-color:#dedede!important}.plan-container{font-family:Noto Sans,sans-serif;-webkit-font-smoothing:antialiased;-moz-osx-font-smoothing:grayscale}.plan-container .menu{position:absolute;z-index:1;right:0}.plan-container .menu-hidden ul,.plan-container .menu-hidden h3{display:none}.plan-container .grab-bing{cursor:-webkit-grab;cursor:-moz-grab;cursor:-o-grab;cursor:grab}.plan-container .grab-bing:active{cursor:-webkit-grabbing;cursor:-moz-grabbing;cursor:-o-grabbing;cursor:grabbing}.plan-container .text-muted{color:#ababab!important}.plan-container .cursor-help{cursor:help}.plan-container pre{overflow:initial}.plan-stats{font-size:13px}.plan-stats .stat-dropdown-container{border:1px solid #dedede;padding:10px;background-color:#fff;position:absolute;box-shadow:0 0 10px 2px #0000004d;border-radius:3px;margin-bottom:18px;z-index:6;right:0;width:300px;max-height:70vh;overflow:auto}.plan-stats .stat-dropdown-container h3{font-size:17px;width:93%;text-align:left;border-bottom:1px solid #dedede;padding-bottom:6px;margin-bottom:10px}.tippy-popper .tippy-tooltip{text-align:left}.tippy-popper .text-muted{color:inherit!important}.splitpanes__pane{transition:none!important}.no-focus-outline:focus{outline:none}.table-nonfluid{width:auto!important}.more-info[title]{text-decoration-line:underline;text-decoration-style:dotted;text-decoration-color:#ababab;cursor:help}foreignObject{overflow:visible}.plan-diagram{line-height:.85em;font-family:Noto Sans,sans-serif}.plan-diagram.plan-diagram-top{max-height:30%}.plan-diagram table tr td:nth-child(3){width:50%}.plan-diagram table tr td:nth-child(2){max-width:0;width:60%;overflow:hidden;text-overflow:ellipsis;white-space:nowrap}.plan-diagram .legend ul li{font-size:13px}.plan-diagram .legend ul li span{display:inline-block;width:8px;height:8px;border-radius:50%}.plan-diagram tbody:after{content:"";display:block;height:10px}.plan-diagram th,.plan-diagram td{margin:0;color:#4d525a;white-space:nowrap}.plan-diagram th.node-index,.plan-diagram th.node-type,.plan-diagram th.subplan,.plan-diagram td.node-index,.plan-diagram td.node-type,.plan-diagram td.subplan{font-size:13px}.plan-diagram th.node-type,.plan-diagram td.node-type{font-weight:700}.plan-diagram th{font-size:13px}.plan-diagram tr.node{cursor:pointer}.plan-diagram tr.selected{outline:1px solid #00B5E2;box-shadow:0 0 5px 2px #00b5e266}.plan-diagram tr.highlight,.plan-diagram tr.selected{background-color:#fff}.plan-diagram table.highlight tr{opacity:50%}.plan-diagram table.highlight tr.highlight{opacity:100%}.plan-diagram .tree-lines{font-family:"monospace"}.plan-grid{background-color:#fff;line-height:.85em}.plan-grid>table{border-collapse:separate;border-spacing:0}.plan-grid>table>tbody>tr>th,.plan-grid>table>tbody>tr>td,.plan-grid>table>thead>tr>th,.plan-grid>table>thead>tr>td,.plan-grid>table>tr>th,.plan-grid>table>tr>td{font-size:13px;min-width:20px;padding-left:.5rem;padding-right:.5rem}.plan-grid .detailed{line-height:initial;margin:5px;width:calc(100% - 10px)!important;max-width:700px}.plan-grid .tree-lines{font-family:"monospace"}.plan-grid tr.node{cursor:pointer}.plan-grid .grid-progress-cell{position:relative;background-color:transparent}.plan-grid .grid-progress-cell .grid-progress{margin-top:1px}.plan-grid .grid-progress{position:absolute;width:100%;height:initial;left:calc(.5rem - 2px);top:calc(-3px + .25rem);height:calc(1em + 4px);width:calc(100% - 1rem + 4px);z-index:0;font-size:inherit}.plan-node{cursor:default;text-decoration:none;color:#4d525a;display:inline-block;position:relative;font-size:12px;margin-bottom:4px;overflow-wrap:break-word;word-wrap:break-word;width:240px}.plan-node .plan-node-body{position:relative;border:1px solid #dedede;border-radius:3px;background-color:#fff;box-shadow:1px 1px 3px #0000001a}.plan-node .plan-node-body.card .card-body,.plan-node .plan-node-body.card .card-header{padding:6px 10px}.plan-node .plan-node-body.card .card-header .card-header-tabs{margin:6px 0 -6px}.plan-node .plan-node-body.card .card-header .card-header-tabs .nav-link{padding:3px 10px}.plan-node.parallel .plan-node-body{box-shadow:none}.plan-node header{margin-bottom:6px;overflow:hidden}.plan-node header h4{font-size:13px;font-weight:600;margin:0;line-height:inherit;color:#000!important}.plan-node header .node-duration{float:right;margin-left:10px;font-size:13px}.plan-node .prop-list{color:inherit;table-layout:fixed}.plan-node:hover .plan-node-body,.plan-node.highlight .plan-node-body{box-shadow:1px 1px 5px #0006}.plan-node:hover .workers>div,.plan-node.highlight .workers>div{border-color:#0003}.plan-node.selected .plan-node-body{border-color:#00b5e2;box-shadow:0 0 5px 2px #00b5e266}.plan-node.selected .workers>div{border-color:#00b5e233}.plan-node .node-description{text-align:left;font-style:italic;word-break:normal}.plan-node .node-description .node-type{font-weight:600;background-color:#00b5e2;color:#fff;padding:0 6px}.plan-node .btn-default{border:0}.plan-node .text-muted{color:#999ea7}.plan-node .plan-query-container{border:1px solid #dedede;padding:18px;background-color:#fff;position:absolute;box-shadow:0 0 10px 2px #0000004d;border-radius:3px;margin-bottom:18px;z-index:1;left:0}.plan-node .plan-query-container h3{font-size:17px;width:93%;text-align:left;border-bottom:1px solid #dedede;padding-bottom:6px;margin-bottom:10px}.plan-node .workers{position:absolute;left:-1px;top:1px;width:100%;height:100%;cursor:pointer}.plan-node .workers>div{border:1px solid #dedede;border-radius:3px;background-color:#fff;width:100%;height:100%;position:absolute}.plan-node .workers-handle{cursor:pointer;position:absolute;top:0;right:-5px}.plan-node .workers-handle>div{position:absolute;top:0;background-color:#fff;border:1px solid #efefef;border-radius:3px}.plan-node .workers-handle>div:hover{background-color:#f7f7f7;border-color:#dedede}.plan-node .subplan-name{background-color:#b3d7d7;border-radius:3px}.plan-node button .fa-chevron-right{display:inline-block}.plan-node button .fa-chevron-down{display:none}.plan-node button[aria-expanded=true] .fa-chevron-right{display:none!important}.plan-node button[aria-expanded=true] .fa-chevron-down{display:inline-block!important}.plan-node.plan-node-detail .text-truncate{overflow:initial;white-space:initial;text-overflow:initial}.node-bar-container{height:5px;margin-top:10px;margin-bottom:3px;border-radius:6px;background-color:#dedede;position:relative}.node-bar-container .node-bar{border-radius:6px;height:100%;text-align:left;position:absolute;left:0;top:0}.node-bar-label{text-align:left;display:block}.detailed{width:400px!important}*>.copy{display:none}*:hover>.copy{display:block}pre code.hljs{display:block;overflow-x:auto;padding:1em}code.hljs{padding:3px 5px}/*!
  Theme: StackOverflow Light
  Description: Light theme as used on stackoverflow.com
  Author: stackoverflow.com
  Maintainer: @Hirse
  Website: https://github.com/StackExchange/Stacks
  License: MIT
  Updated: 2021-05-15

  Updated for @stackoverflow/stacks v0.64.0
  Code Blocks: /blob/v0.64.0/lib/css/components/_stacks-code-blocks.less
  Colors: /blob/v0.64.0/lib/css/exports/_stacks-constants-colors.less
*/.hljs{color:#2f3337;background:#f6f6f6}.hljs-subst{color:#2f3337}.hljs-comment{color:#656e77}.hljs-attr,.hljs-doctag,.hljs-keyword,.hljs-meta .hljs-keyword,.hljs-section,.hljs-selector-tag{color:#015692}.hljs-attribute{color:#803378}.hljs-name,.hljs-number,.hljs-quote,.hljs-selector-id,.hljs-template-tag,.hljs-type{color:#b75501}.hljs-selector-class{color:#015692}.hljs-link,.hljs-regexp,.hljs-selector-attr,.hljs-string,.hljs-symbol,.hljs-template-variable,.hljs-variable{color:#54790d}.hljs-meta,.hljs-selector-pseudo{color:#015692}.hljs-built_in,.hljs-literal,.hljs-title{color:#b75501}.hljs-bullet,.hljs-code{color:#535a60}.hljs-meta .hljs-string{color:#54790d}.hljs-deletion{color:#c02d2e}.hljs-addition{color:#2f6f44}.hljs-emphasis{font-style:italic}.hljs-strong{font-weight:700}path{stroke-linecap:butt}path.never-executed{stroke-dasharray:.5em;stroke-opacity:.5}

</style>
  </head>
  <body>
    <div id="app"></div>

  </body>
</html>

